2025-04-13 19:09:35,796 - INFO - Logging initialized. Log file: C:\Users\g.yilmaz\Desktop\Magento_otomation\Done\logs\printnet_automation_20250413_190935.log
2025-04-13 19:09:35,797 - INFO - Logging initialized. Log file: C:\Users\g.yilmaz\Desktop\Magento_otomation\Done\logs\skynet_fixed_price_20250413_190935.log
2025-04-13 19:09:35,800 - INFO - Logging initialized. Log file: C:\Users\g.yilmaz\Desktop\Magento_otomation\Done\logs\printnet_fixed_price_20250413_190935.log
2025-04-13 19:09:35,819 - INFO - Logging initialized. Log file: C:\Users\g.yilmaz\Desktop\Magento_otomation\Done\logs\skynet_page_options_20250413_190935.log
2025-04-13 19:10:05,187 - INFO - Toplam 1 ürün eklenecek.
2025-04-13 19:10:05,187 - INFO - ====== WebDriver manager ======
2025-04-13 19:10:06,570 - INFO - Get LATEST chromedriver version for google-chrome
2025-04-13 19:10:06,681 - INFO - Get LATEST chromedriver version for google-chrome
2025-04-13 19:10:06,804 - INFO - Driver [C:\Users\g.yilmaz\.wdm\drivers\chromedriver\win64\135.0.7049.84\chromedriver-win32/chromedriver.exe] found in cache
2025-04-13 19:10:07,912 - INFO - Chrome WebDriver initialized successfully
2025-04-13 19:10:07,917 - INFO - Navigating to https://skynet.networkhero.eu/y5id_dashboard/admin/
2025-04-13 19:10:09,205 - INFO - Username entered
2025-04-13 19:10:09,324 - INFO - Password entered
2025-04-13 19:10:09,796 - INFO - Login button clicked
2025-04-13 19:10:09,796 - INFO - Waiting for you to enter Google Authenticator code...
2025-04-13 19:10:09,800 - ERROR - Login failed: Message: no such window: target window already closed
from unknown error: web view not found
  (Session info: chrome=135.0.7049.85)
Stacktrace:
	GetHandleVerifier [0x00AD80E3+60707]
	GetHandleVerifier [0x00AD8124+60772]
	(No symbol) [0x00900683]
	(No symbol) [0x008DFBEE]
	(No symbol) [0x00973C2E]
	(No symbol) [0x0098E129]
	(No symbol) [0x0096CE46]
	(No symbol) [0x0093C5D3]
	(No symbol) [0x0093D424]
	GetHandleVerifier [0x00D1BBC3+2435075]
	GetHandleVerifier [0x00D17163+2416035]
	GetHandleVerifier [0x00D3350C+2531660]
	GetHandleVerifier [0x00AEF1B5+155125]
	GetHandleVerifier [0x00AF5B5D+182173]
	GetHandleVerifier [0x00ADF9B8+91640]
	GetHandleVerifier [0x00ADFB60+92064]
	GetHandleVerifier [0x00ACA620+4704]
	BaseThreadInitThunk [0x76AA7BA9+25]
	RtlInitializeExceptionChain [0x77AEC2EB+107]
	RtlClearBits [0x77AEC26F+191]

2025-04-13 19:10:13,841 - INFO - Browser closed
