2025-04-13 18:24:48,178 - INFO - Logging initialized. Log file: C:\Users\g.yilmaz\Desktop\Magento_otomation\Done\logs\printnet_automation_20250413_182448.log
2025-04-13 18:24:48,180 - INFO - Logging initialized. Log file: C:\Users\g.yilmaz\Desktop\Magento_otomation\Done\logs\skynet_fixed_price_20250413_182448.log
2025-04-13 18:24:48,181 - INFO - Logging initialized. Log file: C:\Users\g.yilmaz\Desktop\Magento_otomation\Done\logs\printnet_fixed_price_20250413_182448.log
2025-04-13 18:24:48,195 - INFO - Logging initialized. Log file: C:\Users\g.yilmaz\Desktop\Magento_otomation\Done\logs\skynet_page_options_20250413_182448.log
2025-04-13 18:24:56,546 - INFO - Toplam 1 ürün eklenecek.
2025-04-13 18:24:56,546 - INFO - ====== WebDriver manager ======
2025-04-13 18:24:57,480 - INFO - Get LATEST chromedriver version for google-chrome
2025-04-13 18:24:57,561 - INFO - Get LATEST chromedriver version for google-chrome
2025-04-13 18:24:57,635 - INFO - Driver [C:\Users\g.yilmaz\.wdm\drivers\chromedriver\win64\135.0.7049.84\chromedriver-win32/chromedriver.exe] found in cache
2025-04-13 18:24:58,706 - INFO - Chrome WebDriver initialized successfully
2025-04-13 18:24:58,706 - INFO - Navigating to https://skynet.networkhero.eu/y5id_dashboard/admin/
2025-04-13 18:25:00,643 - INFO - Username entered
2025-04-13 18:25:00,712 - INFO - Password entered
2025-04-13 18:25:01,776 - INFO - Login button clicked
2025-04-13 18:25:01,776 - INFO - Waiting for you to enter Google Authenticator code...
2025-04-13 18:25:07,430 - INFO - Login successful
2025-04-13 18:25:07,430 - INFO - Clicking on CLOUDLAB icon using the Catalog approach...
2025-04-13 18:25:07,472 - INFO - Clicked on CLOUDLAB icon using Catalog approach
2025-04-13 18:25:07,472 - INFO - Successfully clicked on CloudLab
2025-04-13 18:25:07,472 - INFO - Clicking on Page Options submenu...
2025-04-13 18:25:07,895 - INFO - Clicked on Page Options using XPath approach
2025-04-13 18:25:07,921 - INFO - Successfully navigated to Page Options page
2025-04-13 18:25:07,921 - INFO - Successfully clicked on Page Options
2025-04-13 18:25:07,921 - INFO - Looking for Code search field
2025-04-13 18:25:08,007 - INFO - Entered 'paper_wmd' in Code search field
2025-04-13 18:25:09,066 - WARNING - Could not find search button, trying to press Enter instead: Message: 

2025-04-13 18:25:09,106 - INFO - Pressed Enter to search
2025-04-13 18:25:09,106 - INFO - Looking for the second Material option in search results
2025-04-13 18:25:09,131 - INFO - Found 20 rows in the search results
2025-04-13 18:25:09,269 - WARNING - Error processing row: Message: stale element reference: stale element not found in the current frame
  (Session info: chrome=135.0.7049.85); For documentation on this error, please visit: https://www.selenium.dev/documentation/webdriver/troubleshooting/errors#stale-element-reference-exception
Stacktrace:
	GetHandleVerifier [0x00AD80E3+60707]
	GetHandleVerifier [0x00AD8124+60772]
	(No symbol) [0x00900683]
	(No symbol) [0x00906DE7]
	(No symbol) [0x00909345]
	(No symbol) [0x0098F741]
	(No symbol) [0x0096D04C]
	(No symbol) [0x0098E824]
	(No symbol) [0x0096CE46]
	(No symbol) [0x0093C5D3]
	(No symbol) [0x0093D424]
	GetHandleVerifier [0x00D1BBC3+2435075]
	GetHandleVerifier [0x00D17163+2416035]
	GetHandleVerifier [0x00D3350C+2531660]
	GetHandleVerifier [0x00AEF1B5+155125]
	GetHandleVerifier [0x00AF5B5D+182173]
	GetHandleVerifier [0x00ADF9B8+91640]
	GetHandleVerifier [0x00ADFB60+92064]
	GetHandleVerifier [0x00ACA620+4704]
	BaseThreadInitThunk [0x76AA7BA9+25]
	RtlInitializeExceptionChain [0x77AEC2EB+107]
	RtlClearBits [0x77AEC26F+191]

2025-04-13 18:25:09,278 - WARNING - Error processing row: Message: stale element reference: stale element not found in the current frame
  (Session info: chrome=135.0.7049.85); For documentation on this error, please visit: https://www.selenium.dev/documentation/webdriver/troubleshooting/errors#stale-element-reference-exception
Stacktrace:
	GetHandleVerifier [0x00AD80E3+60707]
	GetHandleVerifier [0x00AD8124+60772]
	(No symbol) [0x00900683]
	(No symbol) [0x00906DE7]
	(No symbol) [0x009090DA]
	(No symbol) [0x00909157]
	(No symbol) [0x00947EF4]
	(No symbol) [0x009489FB]
	(No symbol) [0x0093E131]
	(No symbol) [0x0096D094]
	(No symbol) [0x0093DCA4]
	(No symbol) [0x0096D2C4]
	(No symbol) [0x0098E824]
	(No symbol) [0x0096CE46]
	(No symbol) [0x0093C5D3]
	(No symbol) [0x0093D424]
	GetHandleVerifier [0x00D1BBC3+2435075]
	GetHandleVerifier [0x00D17163+2416035]
	GetHandleVerifier [0x00D3350C+2531660]
	GetHandleVerifier [0x00AEF1B5+155125]
	GetHandleVerifier [0x00AF5B5D+182173]
	GetHandleVerifier [0x00ADF9B8+91640]
	GetHandleVerifier [0x00ADFB60+92064]
	GetHandleVerifier [0x00ACA620+4704]
	BaseThreadInitThunk [0x76AA7BA9+25]
	RtlInitializeExceptionChain [0x77AEC2EB+107]
	RtlClearBits [0x77AEC26F+191]

2025-04-13 18:25:09,285 - WARNING - Error processing row: Message: stale element reference: stale element not found in the current frame
  (Session info: chrome=135.0.7049.85); For documentation on this error, please visit: https://www.selenium.dev/documentation/webdriver/troubleshooting/errors#stale-element-reference-exception
Stacktrace:
	GetHandleVerifier [0x00AD80E3+60707]
	GetHandleVerifier [0x00AD8124+60772]
	(No symbol) [0x00900683]
	(No symbol) [0x00906DE7]
	(No symbol) [0x009090DA]
	(No symbol) [0x00909157]
	(No symbol) [0x00947EF4]
	(No symbol) [0x009489FB]
	(No symbol) [0x0093E131]
	(No symbol) [0x0096D094]
	(No symbol) [0x0093DCA4]
	(No symbol) [0x0096D2C4]
	(No symbol) [0x0098E824]
	(No symbol) [0x0096CE46]
	(No symbol) [0x0093C5D3]
	(No symbol) [0x0093D424]
	GetHandleVerifier [0x00D1BBC3+2435075]
	GetHandleVerifier [0x00D17163+2416035]
	GetHandleVerifier [0x00D3350C+2531660]
	GetHandleVerifier [0x00AEF1B5+155125]
	GetHandleVerifier [0x00AF5B5D+182173]
	GetHandleVerifier [0x00ADF9B8+91640]
	GetHandleVerifier [0x00ADFB60+92064]
	GetHandleVerifier [0x00ACA620+4704]
	BaseThreadInitThunk [0x76AA7BA9+25]
	RtlInitializeExceptionChain [0x77AEC2EB+107]
	RtlClearBits [0x77AEC26F+191]

2025-04-13 18:25:09,291 - WARNING - Error processing row: Message: stale element reference: stale element not found in the current frame
  (Session info: chrome=135.0.7049.85); For documentation on this error, please visit: https://www.selenium.dev/documentation/webdriver/troubleshooting/errors#stale-element-reference-exception
Stacktrace:
	GetHandleVerifier [0x00AD80E3+60707]
	GetHandleVerifier [0x00AD8124+60772]
	(No symbol) [0x00900683]
	(No symbol) [0x00906DE7]
	(No symbol) [0x009090DA]
	(No symbol) [0x00909157]
	(No symbol) [0x00947EF4]
	(No symbol) [0x009489FB]
	(No symbol) [0x0093E131]
	(No symbol) [0x0096D094]
	(No symbol) [0x0093DCA4]
	(No symbol) [0x0096D2C4]
	(No symbol) [0x0098E824]
	(No symbol) [0x0096CE46]
	(No symbol) [0x0093C5D3]
	(No symbol) [0x0093D424]
	GetHandleVerifier [0x00D1BBC3+2435075]
	GetHandleVerifier [0x00D17163+2416035]
	GetHandleVerifier [0x00D3350C+2531660]
	GetHandleVerifier [0x00AEF1B5+155125]
	GetHandleVerifier [0x00AF5B5D+182173]
	GetHandleVerifier [0x00ADF9B8+91640]
	GetHandleVerifier [0x00ADFB60+92064]
	GetHandleVerifier [0x00ACA620+4704]
	BaseThreadInitThunk [0x76AA7BA9+25]
	RtlInitializeExceptionChain [0x77AEC2EB+107]
	RtlClearBits [0x77AEC26F+191]

2025-04-13 18:25:09,298 - WARNING - Error processing row: Message: stale element reference: stale element not found in the current frame
  (Session info: chrome=135.0.7049.85); For documentation on this error, please visit: https://www.selenium.dev/documentation/webdriver/troubleshooting/errors#stale-element-reference-exception
Stacktrace:
	GetHandleVerifier [0x00AD80E3+60707]
	GetHandleVerifier [0x00AD8124+60772]
	(No symbol) [0x00900683]
	(No symbol) [0x00906DE7]
	(No symbol) [0x009090DA]
	(No symbol) [0x00909157]
	(No symbol) [0x00947EF4]
	(No symbol) [0x009489FB]
	(No symbol) [0x0093E131]
	(No symbol) [0x0096D094]
	(No symbol) [0x0093DCA4]
	(No symbol) [0x0096D2C4]
	(No symbol) [0x0098E824]
	(No symbol) [0x0096CE46]
	(No symbol) [0x0093C5D3]
	(No symbol) [0x0093D424]
	GetHandleVerifier [0x00D1BBC3+2435075]
	GetHandleVerifier [0x00D17163+2416035]
	GetHandleVerifier [0x00D3350C+2531660]
	GetHandleVerifier [0x00AEF1B5+155125]
	GetHandleVerifier [0x00AF5B5D+182173]
	GetHandleVerifier [0x00ADF9B8+91640]
	GetHandleVerifier [0x00ADFB60+92064]
	GetHandleVerifier [0x00ACA620+4704]
	BaseThreadInitThunk [0x76AA7BA9+25]
	RtlInitializeExceptionChain [0x77AEC2EB+107]
	RtlClearBits [0x77AEC26F+191]

2025-04-13 18:25:09,303 - WARNING - Error processing row: Message: stale element reference: stale element not found in the current frame
  (Session info: chrome=135.0.7049.85); For documentation on this error, please visit: https://www.selenium.dev/documentation/webdriver/troubleshooting/errors#stale-element-reference-exception
Stacktrace:
	GetHandleVerifier [0x00AD80E3+60707]
	GetHandleVerifier [0x00AD8124+60772]
	(No symbol) [0x00900683]
	(No symbol) [0x00906DE7]
	(No symbol) [0x009090DA]
	(No symbol) [0x00909157]
	(No symbol) [0x00947EF4]
	(No symbol) [0x009489FB]
	(No symbol) [0x0093E131]
	(No symbol) [0x0096D094]
	(No symbol) [0x0093DCA4]
	(No symbol) [0x0096D2C4]
	(No symbol) [0x0098E824]
	(No symbol) [0x0096CE46]
	(No symbol) [0x0093C5D3]
	(No symbol) [0x0093D424]
	GetHandleVerifier [0x00D1BBC3+2435075]
	GetHandleVerifier [0x00D17163+2416035]
	GetHandleVerifier [0x00D3350C+2531660]
	GetHandleVerifier [0x00AEF1B5+155125]
	GetHandleVerifier [0x00AF5B5D+182173]
	GetHandleVerifier [0x00ADF9B8+91640]
	GetHandleVerifier [0x00ADFB60+92064]
	GetHandleVerifier [0x00ACA620+4704]
	BaseThreadInitThunk [0x76AA7BA9+25]
	RtlInitializeExceptionChain [0x77AEC2EB+107]
	RtlClearBits [0x77AEC26F+191]

2025-04-13 18:25:09,310 - WARNING - Error processing row: Message: stale element reference: stale element not found in the current frame
  (Session info: chrome=135.0.7049.85); For documentation on this error, please visit: https://www.selenium.dev/documentation/webdriver/troubleshooting/errors#stale-element-reference-exception
Stacktrace:
	GetHandleVerifier [0x00AD80E3+60707]
	GetHandleVerifier [0x00AD8124+60772]
	(No symbol) [0x00900683]
	(No symbol) [0x00906DE7]
	(No symbol) [0x009090DA]
	(No symbol) [0x00909157]
	(No symbol) [0x00947EF4]
	(No symbol) [0x009489FB]
	(No symbol) [0x0093E131]
	(No symbol) [0x0096D094]
	(No symbol) [0x0093DCA4]
	(No symbol) [0x0096D2C4]
	(No symbol) [0x0098E824]
	(No symbol) [0x0096CE46]
	(No symbol) [0x0093C5D3]
	(No symbol) [0x0093D424]
	GetHandleVerifier [0x00D1BBC3+2435075]
	GetHandleVerifier [0x00D17163+2416035]
	GetHandleVerifier [0x00D3350C+2531660]
	GetHandleVerifier [0x00AEF1B5+155125]
	GetHandleVerifier [0x00AF5B5D+182173]
	GetHandleVerifier [0x00ADF9B8+91640]
	GetHandleVerifier [0x00ADFB60+92064]
	GetHandleVerifier [0x00ACA620+4704]
	BaseThreadInitThunk [0x76AA7BA9+25]
	RtlInitializeExceptionChain [0x77AEC2EB+107]
	RtlClearBits [0x77AEC26F+191]

2025-04-13 18:25:09,318 - WARNING - Error processing row: Message: stale element reference: stale element not found in the current frame
  (Session info: chrome=135.0.7049.85); For documentation on this error, please visit: https://www.selenium.dev/documentation/webdriver/troubleshooting/errors#stale-element-reference-exception
Stacktrace:
	GetHandleVerifier [0x00AD80E3+60707]
	GetHandleVerifier [0x00AD8124+60772]
	(No symbol) [0x00900683]
	(No symbol) [0x00906DE7]
	(No symbol) [0x009090DA]
	(No symbol) [0x00909157]
	(No symbol) [0x00947EF4]
	(No symbol) [0x009489FB]
	(No symbol) [0x0093E131]
	(No symbol) [0x0096D094]
	(No symbol) [0x0093DCA4]
	(No symbol) [0x0096D2C4]
	(No symbol) [0x0098E824]
	(No symbol) [0x0096CE46]
	(No symbol) [0x0093C5D3]
	(No symbol) [0x0093D424]
	GetHandleVerifier [0x00D1BBC3+2435075]
	GetHandleVerifier [0x00D17163+2416035]
	GetHandleVerifier [0x00D3350C+2531660]
	GetHandleVerifier [0x00AEF1B5+155125]
	GetHandleVerifier [0x00AF5B5D+182173]
	GetHandleVerifier [0x00ADF9B8+91640]
	GetHandleVerifier [0x00ADFB60+92064]
	GetHandleVerifier [0x00ACA620+4704]
	BaseThreadInitThunk [0x76AA7BA9+25]
	RtlInitializeExceptionChain [0x77AEC2EB+107]
	RtlClearBits [0x77AEC26F+191]

2025-04-13 18:25:09,324 - WARNING - Error processing row: Message: stale element reference: stale element not found in the current frame
  (Session info: chrome=135.0.7049.85); For documentation on this error, please visit: https://www.selenium.dev/documentation/webdriver/troubleshooting/errors#stale-element-reference-exception
Stacktrace:
	GetHandleVerifier [0x00AD80E3+60707]
	GetHandleVerifier [0x00AD8124+60772]
	(No symbol) [0x00900683]
	(No symbol) [0x00906DE7]
	(No symbol) [0x009090DA]
	(No symbol) [0x00909157]
	(No symbol) [0x00947EF4]
	(No symbol) [0x009489FB]
	(No symbol) [0x0093E131]
	(No symbol) [0x0096D094]
	(No symbol) [0x0093DCA4]
	(No symbol) [0x0096D2C4]
	(No symbol) [0x0098E824]
	(No symbol) [0x0096CE46]
	(No symbol) [0x0093C5D3]
	(No symbol) [0x0093D424]
	GetHandleVerifier [0x00D1BBC3+2435075]
	GetHandleVerifier [0x00D17163+2416035]
	GetHandleVerifier [0x00D3350C+2531660]
	GetHandleVerifier [0x00AEF1B5+155125]
	GetHandleVerifier [0x00AF5B5D+182173]
	GetHandleVerifier [0x00ADF9B8+91640]
	GetHandleVerifier [0x00ADFB60+92064]
	GetHandleVerifier [0x00ACA620+4704]
	BaseThreadInitThunk [0x76AA7BA9+25]
	RtlInitializeExceptionChain [0x77AEC2EB+107]
	RtlClearBits [0x77AEC26F+191]

2025-04-13 18:25:09,330 - WARNING - Error processing row: Message: stale element reference: stale element not found in the current frame
  (Session info: chrome=135.0.7049.85); For documentation on this error, please visit: https://www.selenium.dev/documentation/webdriver/troubleshooting/errors#stale-element-reference-exception
Stacktrace:
	GetHandleVerifier [0x00AD80E3+60707]
	GetHandleVerifier [0x00AD8124+60772]
	(No symbol) [0x00900683]
	(No symbol) [0x00906DE7]
	(No symbol) [0x009090DA]
	(No symbol) [0x00909157]
	(No symbol) [0x00947EF4]
	(No symbol) [0x009489FB]
	(No symbol) [0x0093E131]
	(No symbol) [0x0096D094]
	(No symbol) [0x0093DCA4]
	(No symbol) [0x0096D2C4]
	(No symbol) [0x0098E824]
	(No symbol) [0x0096CE46]
	(No symbol) [0x0093C5D3]
	(No symbol) [0x0093D424]
	GetHandleVerifier [0x00D1BBC3+2435075]
	GetHandleVerifier [0x00D17163+2416035]
	GetHandleVerifier [0x00D3350C+2531660]
	GetHandleVerifier [0x00AEF1B5+155125]
	GetHandleVerifier [0x00AF5B5D+182173]
	GetHandleVerifier [0x00ADF9B8+91640]
	GetHandleVerifier [0x00ADFB60+92064]
	GetHandleVerifier [0x00ACA620+4704]
	BaseThreadInitThunk [0x76AA7BA9+25]
	RtlInitializeExceptionChain [0x77AEC2EB+107]
	RtlClearBits [0x77AEC26F+191]

2025-04-13 18:25:09,337 - WARNING - Error processing row: Message: stale element reference: stale element not found in the current frame
  (Session info: chrome=135.0.7049.85); For documentation on this error, please visit: https://www.selenium.dev/documentation/webdriver/troubleshooting/errors#stale-element-reference-exception
Stacktrace:
	GetHandleVerifier [0x00AD80E3+60707]
	GetHandleVerifier [0x00AD8124+60772]
	(No symbol) [0x00900683]
	(No symbol) [0x00906DE7]
	(No symbol) [0x009090DA]
	(No symbol) [0x00909157]
	(No symbol) [0x00947EF4]
	(No symbol) [0x009489FB]
	(No symbol) [0x0093E131]
	(No symbol) [0x0096D094]
	(No symbol) [0x0093DCA4]
	(No symbol) [0x0096D2C4]
	(No symbol) [0x0098E824]
	(No symbol) [0x0096CE46]
	(No symbol) [0x0093C5D3]
	(No symbol) [0x0093D424]
	GetHandleVerifier [0x00D1BBC3+2435075]
	GetHandleVerifier [0x00D17163+2416035]
	GetHandleVerifier [0x00D3350C+2531660]
	GetHandleVerifier [0x00AEF1B5+155125]
	GetHandleVerifier [0x00AF5B5D+182173]
	GetHandleVerifier [0x00ADF9B8+91640]
	GetHandleVerifier [0x00ADFB60+92064]
	GetHandleVerifier [0x00ACA620+4704]
	BaseThreadInitThunk [0x76AA7BA9+25]
	RtlInitializeExceptionChain [0x77AEC2EB+107]
	RtlClearBits [0x77AEC26F+191]

2025-04-13 18:25:09,341 - WARNING - Error processing row: Message: stale element reference: stale element not found in the current frame
  (Session info: chrome=135.0.7049.85); For documentation on this error, please visit: https://www.selenium.dev/documentation/webdriver/troubleshooting/errors#stale-element-reference-exception
Stacktrace:
	GetHandleVerifier [0x00AD80E3+60707]
	GetHandleVerifier [0x00AD8124+60772]
	(No symbol) [0x00900683]
	(No symbol) [0x00906DE7]
	(No symbol) [0x009090DA]
	(No symbol) [0x00909157]
	(No symbol) [0x00947EF4]
	(No symbol) [0x009489FB]
	(No symbol) [0x0093E131]
	(No symbol) [0x0096D094]
	(No symbol) [0x0093DCA4]
	(No symbol) [0x0096D2C4]
	(No symbol) [0x0098E824]
	(No symbol) [0x0096CE46]
	(No symbol) [0x0093C5D3]
	(No symbol) [0x0093D424]
	GetHandleVerifier [0x00D1BBC3+2435075]
	GetHandleVerifier [0x00D17163+2416035]
	GetHandleVerifier [0x00D3350C+2531660]
	GetHandleVerifier [0x00AEF1B5+155125]
	GetHandleVerifier [0x00AF5B5D+182173]
	GetHandleVerifier [0x00ADF9B8+91640]
	GetHandleVerifier [0x00ADFB60+92064]
	GetHandleVerifier [0x00ACA620+4704]
	BaseThreadInitThunk [0x76AA7BA9+25]
	RtlInitializeExceptionChain [0x77AEC2EB+107]
	RtlClearBits [0x77AEC26F+191]

2025-04-13 18:25:09,348 - WARNING - Error processing row: Message: stale element reference: stale element not found in the current frame
  (Session info: chrome=135.0.7049.85); For documentation on this error, please visit: https://www.selenium.dev/documentation/webdriver/troubleshooting/errors#stale-element-reference-exception
Stacktrace:
	GetHandleVerifier [0x00AD80E3+60707]
	GetHandleVerifier [0x00AD8124+60772]
	(No symbol) [0x00900683]
	(No symbol) [0x00906DE7]
	(No symbol) [0x009090DA]
	(No symbol) [0x00909157]
	(No symbol) [0x00947EF4]
	(No symbol) [0x009489FB]
	(No symbol) [0x0093E131]
	(No symbol) [0x0096D094]
	(No symbol) [0x0093DCA4]
	(No symbol) [0x0096D2C4]
	(No symbol) [0x0098E824]
	(No symbol) [0x0096CE46]
	(No symbol) [0x0093C5D3]
	(No symbol) [0x0093D424]
	GetHandleVerifier [0x00D1BBC3+2435075]
	GetHandleVerifier [0x00D17163+2416035]
	GetHandleVerifier [0x00D3350C+2531660]
	GetHandleVerifier [0x00AEF1B5+155125]
	GetHandleVerifier [0x00AF5B5D+182173]
	GetHandleVerifier [0x00ADF9B8+91640]
	GetHandleVerifier [0x00ADFB60+92064]
	GetHandleVerifier [0x00ACA620+4704]
	BaseThreadInitThunk [0x76AA7BA9+25]
	RtlInitializeExceptionChain [0x77AEC2EB+107]
	RtlClearBits [0x77AEC26F+191]

2025-04-13 18:25:09,354 - WARNING - Error processing row: Message: stale element reference: stale element not found in the current frame
  (Session info: chrome=135.0.7049.85); For documentation on this error, please visit: https://www.selenium.dev/documentation/webdriver/troubleshooting/errors#stale-element-reference-exception
Stacktrace:
	GetHandleVerifier [0x00AD80E3+60707]
	GetHandleVerifier [0x00AD8124+60772]
	(No symbol) [0x00900683]
	(No symbol) [0x00906DE7]
	(No symbol) [0x009090DA]
	(No symbol) [0x00909157]
	(No symbol) [0x00947EF4]
	(No symbol) [0x009489FB]
	(No symbol) [0x0093E131]
	(No symbol) [0x0096D094]
	(No symbol) [0x0093DCA4]
	(No symbol) [0x0096D2C4]
	(No symbol) [0x0098E824]
	(No symbol) [0x0096CE46]
	(No symbol) [0x0093C5D3]
	(No symbol) [0x0093D424]
	GetHandleVerifier [0x00D1BBC3+2435075]
	GetHandleVerifier [0x00D17163+2416035]
	GetHandleVerifier [0x00D3350C+2531660]
	GetHandleVerifier [0x00AEF1B5+155125]
	GetHandleVerifier [0x00AF5B5D+182173]
	GetHandleVerifier [0x00ADF9B8+91640]
	GetHandleVerifier [0x00ADFB60+92064]
	GetHandleVerifier [0x00ACA620+4704]
	BaseThreadInitThunk [0x76AA7BA9+25]
	RtlInitializeExceptionChain [0x77AEC2EB+107]
	RtlClearBits [0x77AEC26F+191]

2025-04-13 18:25:09,360 - WARNING - Error processing row: Message: stale element reference: stale element not found in the current frame
  (Session info: chrome=135.0.7049.85); For documentation on this error, please visit: https://www.selenium.dev/documentation/webdriver/troubleshooting/errors#stale-element-reference-exception
Stacktrace:
	GetHandleVerifier [0x00AD80E3+60707]
	GetHandleVerifier [0x00AD8124+60772]
	(No symbol) [0x00900683]
	(No symbol) [0x00906DE7]
	(No symbol) [0x009090DA]
	(No symbol) [0x00909157]
	(No symbol) [0x00947EF4]
	(No symbol) [0x009489FB]
	(No symbol) [0x0093E131]
	(No symbol) [0x0096D094]
	(No symbol) [0x0093DCA4]
	(No symbol) [0x0096D2C4]
	(No symbol) [0x0098E824]
	(No symbol) [0x0096CE46]
	(No symbol) [0x0093C5D3]
	(No symbol) [0x0093D424]
	GetHandleVerifier [0x00D1BBC3+2435075]
	GetHandleVerifier [0x00D17163+2416035]
	GetHandleVerifier [0x00D3350C+2531660]
	GetHandleVerifier [0x00AEF1B5+155125]
	GetHandleVerifier [0x00AF5B5D+182173]
	GetHandleVerifier [0x00ADF9B8+91640]
	GetHandleVerifier [0x00ADFB60+92064]
	GetHandleVerifier [0x00ACA620+4704]
	BaseThreadInitThunk [0x76AA7BA9+25]
	RtlInitializeExceptionChain [0x77AEC2EB+107]
	RtlClearBits [0x77AEC26F+191]

2025-04-13 18:25:09,361 - WARNING - Not enough rows found in search results
2025-04-13 18:25:09,605 - INFO - Clicked on the first available Material element
2025-04-13 18:25:09,605 - INFO - Successfully completed search and click workflow
2025-04-13 18:25:09,605 - INFO - Looking for Page Option Values section
2025-04-13 18:25:09,624 - INFO - Scrolling down to find Page Option Values
2025-04-13 18:25:10,674 - INFO - Clicked on Page Option Values section
2025-04-13 18:25:16,406 - INFO - Successfully found and clicked button via JavaScript: Clicked button: 
    add new value

2025-04-13 18:25:16,406 - INFO - Successfully clicked on Page Option Values and Add new Value
2025-04-13 18:25:16,406 - INFO - Parsed 4 materials from name value: ['0,36 mm starker Bilderdruckkarton 350g matt für 1mm Mappen-Füllhöhe (zertifiziert mit FSC-Siegel), mittlere Steifigkeit', '0,36 mm starker Bilderdruckkarton 350g matt für 3mm Mappen-Füllhöhe (zertifiziert mit FSC-Siegel), mittlere Steifigkeit', '0,36 mm starker Bilderdruckkarton 350g matt für 5mm Mappen-Füllhöhe (zertifiziert mit FSC-Siegel), mittlere Steifigkeit', '0,36 mm starker Bilderdruckkarton 350g matt für 10mm Mappen-Füllhöhe (zertifiziert mit FSC-Siegel), mittlere Steifigkeit']
2025-04-13 18:25:16,407 - INFO - Parsed 4 materials from code value: ['mappe_a4_2t_3l_44_folie_softfeel_uvlack_partiell_0_36mm_bilderdruckkarton_350g_1mm_matt_fsc', 'mappe_a4_2t_3l_44_folie_softfeel_uvlack_partiell_0_36mm_bilderdruckkarton_350g_3mm_matt_fsc', 'mappe_a4_2t_3l_44_folie_softfeel_uvlack_partiell_0_36mm_bilderdruckkarton_350g_5mm_matt_fsc', 'mappe_a4_2t_3l_44_folie_softfeel_uvlack_partiell_0_36mm_bilderdruckkarton_350g_10mm_matt_fsc']
2025-04-13 18:25:16,407 - INFO - Processing material 1/4: Name=0,36 mm starker Bilderdruckkarton 350g matt für 1mm Mappen-Füllhöhe (zertifiziert mit FSC-Siegel), mittlere Steifigkeit, Code=mappe_a4_2t_3l_44_folie_softfeel_uvlack_partiell_0_36mm_bilderdruckkarton_350g_1mm_matt_fsc, Position=0
2025-04-13 18:25:18,635 - INFO - JavaScript fill result for material 1: {'codeFieldFound': True, 'codeFieldValue': 'mappe_a4_2t_3l_44_folie_softfeel_uvlack_partiell_0_36mm_bilderdruckkarton_350g_1mm_matt_fsc', 'nameFieldFound': True, 'nameFieldValue': '0,36 mm starker Bilderdruckkarton 350g matt für 1mm Mappen-Füllhöhe (zertifiziert mit FSC-Siegel), mittlere Steifigkeit', 'positionFieldFound': True, 'positionFieldValue': '0'}
2025-04-13 18:25:19,710 - INFO - Starting popup modal Save button click function
2025-04-13 18:25:19,723 - INFO - Found modal popup
2025-04-13 18:25:19,730 - WARNING - Could not find Save button in modal: Message: no such element: Unable to locate element: {"method":"css selector","selector":"button#save, button.action-primary, button[title='Save'], button.primary"}
  (Session info: chrome=135.0.7049.85); For documentation on this error, please visit: https://www.selenium.dev/documentation/webdriver/troubleshooting/errors#no-such-element-exception
Stacktrace:
	GetHandleVerifier [0x00AD80E3+60707]
	GetHandleVerifier [0x00AD8124+60772]
	(No symbol) [0x00900683]
	(No symbol) [0x00948660]
	(No symbol) [0x009489FB]
	(No symbol) [0x0093DD81]
	(No symbol) [0x0096D094]
	(No symbol) [0x0093DCA4]
	(No symbol) [0x0096D2C4]
	(No symbol) [0x0098E824]
	(No symbol) [0x0096CE46]
	(No symbol) [0x0093C5D3]
	(No symbol) [0x0093D424]
	GetHandleVerifier [0x00D1BBC3+2435075]
	GetHandleVerifier [0x00D17163+2416035]
	GetHandleVerifier [0x00D3350C+2531660]
	GetHandleVerifier [0x00AEF1B5+155125]
	GetHandleVerifier [0x00AF5B5D+182173]
	GetHandleVerifier [0x00ADF9B8+91640]
	GetHandleVerifier [0x00ADFB60+92064]
	GetHandleVerifier [0x00ACA620+4704]
	BaseThreadInitThunk [0x76AA7BA9+25]
	RtlInitializeExceptionChain [0x77AEC2EB+107]
	RtlClearBits [0x77AEC26F+191]

2025-04-13 18:25:19,752 - WARNING - Title-based approach failed: Message: no such element: Unable to locate element: {"method":"xpath","selector":"//div[contains(text(), 'Page Option Value')]"}
  (Session info: chrome=135.0.7049.85); For documentation on this error, please visit: https://www.selenium.dev/documentation/webdriver/troubleshooting/errors#no-such-element-exception
Stacktrace:
	GetHandleVerifier [0x00AD80E3+60707]
	GetHandleVerifier [0x00AD8124+60772]
	(No symbol) [0x00900683]
	(No symbol) [0x00948660]
	(No symbol) [0x009489FB]
	(No symbol) [0x00991022]
	(No symbol) [0x0096D094]
	(No symbol) [0x0098E824]
	(No symbol) [0x0096CE46]
	(No symbol) [0x0093C5D3]
	(No symbol) [0x0093D424]
	GetHandleVerifier [0x00D1BBC3+2435075]
	GetHandleVerifier [0x00D17163+2416035]
	GetHandleVerifier [0x00D3350C+2531660]
	GetHandleVerifier [0x00AEF1B5+155125]
	GetHandleVerifier [0x00AF5B5D+182173]
	GetHandleVerifier [0x00ADF9B8+91640]
	GetHandleVerifier [0x00ADFB60+92064]
	GetHandleVerifier [0x00ACA620+4704]
	BaseThreadInitThunk [0x76AA7BA9+25]
	RtlInitializeExceptionChain [0x77AEC2EB+107]
	RtlClearBits [0x77AEC26F+191]

2025-04-13 18:25:19,761 - WARNING - JavaScript approach could not find modal Save button
2025-04-13 18:25:19,762 - INFO - Looking for most recently added Save button
2025-04-13 18:25:20,296 - INFO - Clicked most recently added Save button
2025-04-13 18:25:20,296 - INFO - Successfully saved material 1
2025-04-13 18:25:22,298 - INFO - Processing material 2/4: Name=0,36 mm starker Bilderdruckkarton 350g matt für 3mm Mappen-Füllhöhe (zertifiziert mit FSC-Siegel), mittlere Steifigkeit, Code=mappe_a4_2t_3l_44_folie_softfeel_uvlack_partiell_0_36mm_bilderdruckkarton_350g_3mm_matt_fsc, Position=0
2025-04-13 18:25:22,298 - INFO - Refreshing page for material 2
2025-04-13 18:25:22,661 - INFO - Page refreshed successfully
2025-04-13 18:25:22,661 - INFO - Looking for Page Option Values section
2025-04-13 18:25:22,681 - INFO - Scrolling down to find Page Option Values
2025-04-13 18:25:23,716 - INFO - Clicked on Page Option Values section
2025-04-13 18:25:28,780 - INFO - Successfully found and clicked button via JavaScript: Clicked button: 
    add new value

2025-04-13 18:25:32,863 - INFO - JavaScript fill result for material 2: {'codeFieldFound': True, 'codeFieldValue': 'mappe_a4_2t_3l_44_folie_softfeel_uvlack_partiell_0_36mm_bilderdruckkarton_350g_3mm_matt_fsc', 'nameFieldFound': True, 'nameFieldValue': '0,36 mm starker Bilderdruckkarton 350g matt für 3mm Mappen-Füllhöhe (zertifiziert mit FSC-Siegel), mittlere Steifigkeit', 'positionFieldFound': True, 'positionFieldValue': '0'}
2025-04-13 18:25:33,941 - INFO - Starting popup modal Save button click function
2025-04-13 18:25:33,944 - INFO - Found modal popup
2025-04-13 18:25:33,957 - WARNING - Could not find Save button in modal: Message: no such element: Unable to locate element: {"method":"css selector","selector":"button#save, button.action-primary, button[title='Save'], button.primary"}
  (Session info: chrome=135.0.7049.85); For documentation on this error, please visit: https://www.selenium.dev/documentation/webdriver/troubleshooting/errors#no-such-element-exception
Stacktrace:
	GetHandleVerifier [0x00AD80E3+60707]
	GetHandleVerifier [0x00AD8124+60772]
	(No symbol) [0x00900683]
	(No symbol) [0x00948660]
	(No symbol) [0x009489FB]
	(No symbol) [0x0093DD81]
	(No symbol) [0x0096D094]
	(No symbol) [0x0093DCA4]
	(No symbol) [0x0096D2C4]
	(No symbol) [0x0098E824]
	(No symbol) [0x0096CE46]
	(No symbol) [0x0093C5D3]
	(No symbol) [0x0093D424]
	GetHandleVerifier [0x00D1BBC3+2435075]
	GetHandleVerifier [0x00D17163+2416035]
	GetHandleVerifier [0x00D3350C+2531660]
	GetHandleVerifier [0x00AEF1B5+155125]
	GetHandleVerifier [0x00AF5B5D+182173]
	GetHandleVerifier [0x00ADF9B8+91640]
	GetHandleVerifier [0x00ADFB60+92064]
	GetHandleVerifier [0x00ACA620+4704]
	BaseThreadInitThunk [0x76AA7BA9+25]
	RtlInitializeExceptionChain [0x77AEC2EB+107]
	RtlClearBits [0x77AEC26F+191]

2025-04-13 18:25:33,970 - WARNING - Title-based approach failed: Message: no such element: Unable to locate element: {"method":"xpath","selector":"//div[contains(text(), 'Page Option Value')]"}
  (Session info: chrome=135.0.7049.85); For documentation on this error, please visit: https://www.selenium.dev/documentation/webdriver/troubleshooting/errors#no-such-element-exception
Stacktrace:
	GetHandleVerifier [0x00AD80E3+60707]
	GetHandleVerifier [0x00AD8124+60772]
	(No symbol) [0x00900683]
	(No symbol) [0x00948660]
	(No symbol) [0x009489FB]
	(No symbol) [0x00991022]
	(No symbol) [0x0096D094]
	(No symbol) [0x0098E824]
	(No symbol) [0x0096CE46]
	(No symbol) [0x0093C5D3]
	(No symbol) [0x0093D424]
	GetHandleVerifier [0x00D1BBC3+2435075]
	GetHandleVerifier [0x00D17163+2416035]
	GetHandleVerifier [0x00D3350C+2531660]
	GetHandleVerifier [0x00AEF1B5+155125]
	GetHandleVerifier [0x00AF5B5D+182173]
	GetHandleVerifier [0x00ADF9B8+91640]
	GetHandleVerifier [0x00ADFB60+92064]
	GetHandleVerifier [0x00ACA620+4704]
	BaseThreadInitThunk [0x76AA7BA9+25]
	RtlInitializeExceptionChain [0x77AEC2EB+107]
	RtlClearBits [0x77AEC26F+191]

2025-04-13 18:25:33,983 - WARNING - JavaScript approach could not find modal Save button
2025-04-13 18:25:33,983 - INFO - Looking for most recently added Save button
2025-04-13 18:25:35,205 - INFO - Clicked most recently added Save button
2025-04-13 18:25:35,205 - INFO - Successfully saved material 2
2025-04-13 18:25:37,206 - INFO - Processing material 3/4: Name=0,36 mm starker Bilderdruckkarton 350g matt für 5mm Mappen-Füllhöhe (zertifiziert mit FSC-Siegel), mittlere Steifigkeit, Code=mappe_a4_2t_3l_44_folie_softfeel_uvlack_partiell_0_36mm_bilderdruckkarton_350g_5mm_matt_fsc, Position=0
2025-04-13 18:25:37,206 - INFO - Refreshing page for material 3
2025-04-13 18:25:38,097 - INFO - Page refreshed successfully
2025-04-13 18:25:38,097 - INFO - Looking for Page Option Values section
2025-04-13 18:25:38,109 - INFO - Scrolling down to find Page Option Values
2025-04-13 18:25:39,154 - INFO - Clicked on Page Option Values section
2025-04-13 18:25:44,138 - INFO - Successfully found and clicked button via JavaScript: Clicked button: 
    add new value

2025-04-13 18:25:48,226 - INFO - JavaScript fill result for material 3: {'codeFieldFound': True, 'codeFieldValue': 'mappe_a4_2t_3l_44_folie_softfeel_uvlack_partiell_0_36mm_bilderdruckkarton_350g_5mm_matt_fsc', 'nameFieldFound': True, 'nameFieldValue': '0,36 mm starker Bilderdruckkarton 350g matt für 5mm Mappen-Füllhöhe (zertifiziert mit FSC-Siegel), mittlere Steifigkeit', 'positionFieldFound': True, 'positionFieldValue': '0'}
2025-04-13 18:25:49,301 - INFO - Starting popup modal Save button click function
2025-04-13 18:25:49,309 - INFO - Found modal popup
2025-04-13 18:25:49,316 - WARNING - Could not find Save button in modal: Message: no such element: Unable to locate element: {"method":"css selector","selector":"button#save, button.action-primary, button[title='Save'], button.primary"}
  (Session info: chrome=135.0.7049.85); For documentation on this error, please visit: https://www.selenium.dev/documentation/webdriver/troubleshooting/errors#no-such-element-exception
Stacktrace:
	GetHandleVerifier [0x00AD80E3+60707]
	GetHandleVerifier [0x00AD8124+60772]
	(No symbol) [0x00900683]
	(No symbol) [0x00948660]
	(No symbol) [0x009489FB]
	(No symbol) [0x0093DD81]
	(No symbol) [0x0096D094]
	(No symbol) [0x0093DCA4]
	(No symbol) [0x0096D2C4]
	(No symbol) [0x0098E824]
	(No symbol) [0x0096CE46]
	(No symbol) [0x0093C5D3]
	(No symbol) [0x0093D424]
	GetHandleVerifier [0x00D1BBC3+2435075]
	GetHandleVerifier [0x00D17163+2416035]
	GetHandleVerifier [0x00D3350C+2531660]
	GetHandleVerifier [0x00AEF1B5+155125]
	GetHandleVerifier [0x00AF5B5D+182173]
	GetHandleVerifier [0x00ADF9B8+91640]
	GetHandleVerifier [0x00ADFB60+92064]
	GetHandleVerifier [0x00ACA620+4704]
	BaseThreadInitThunk [0x76AA7BA9+25]
	RtlInitializeExceptionChain [0x77AEC2EB+107]
	RtlClearBits [0x77AEC26F+191]

2025-04-13 18:25:49,334 - WARNING - Title-based approach failed: Message: no such element: Unable to locate element: {"method":"xpath","selector":"//div[contains(text(), 'Page Option Value')]"}
  (Session info: chrome=135.0.7049.85); For documentation on this error, please visit: https://www.selenium.dev/documentation/webdriver/troubleshooting/errors#no-such-element-exception
Stacktrace:
	GetHandleVerifier [0x00AD80E3+60707]
	GetHandleVerifier [0x00AD8124+60772]
	(No symbol) [0x00900683]
	(No symbol) [0x00948660]
	(No symbol) [0x009489FB]
	(No symbol) [0x00991022]
	(No symbol) [0x0096D094]
	(No symbol) [0x0098E824]
	(No symbol) [0x0096CE46]
	(No symbol) [0x0093C5D3]
	(No symbol) [0x0093D424]
	GetHandleVerifier [0x00D1BBC3+2435075]
	GetHandleVerifier [0x00D17163+2416035]
	GetHandleVerifier [0x00D3350C+2531660]
	GetHandleVerifier [0x00AEF1B5+155125]
	GetHandleVerifier [0x00AF5B5D+182173]
	GetHandleVerifier [0x00ADF9B8+91640]
	GetHandleVerifier [0x00ADFB60+92064]
	GetHandleVerifier [0x00ACA620+4704]
	BaseThreadInitThunk [0x76AA7BA9+25]
	RtlInitializeExceptionChain [0x77AEC2EB+107]
	RtlClearBits [0x77AEC26F+191]

2025-04-13 18:25:49,339 - WARNING - JavaScript approach could not find modal Save button
2025-04-13 18:25:49,339 - INFO - Looking for most recently added Save button
2025-04-13 18:25:50,579 - INFO - Clicked most recently added Save button
2025-04-13 18:25:50,580 - INFO - Successfully saved material 3
2025-04-13 18:25:52,581 - INFO - Processing material 4/4: Name=0,36 mm starker Bilderdruckkarton 350g matt für 10mm Mappen-Füllhöhe (zertifiziert mit FSC-Siegel), mittlere Steifigkeit, Code=mappe_a4_2t_3l_44_folie_softfeel_uvlack_partiell_0_36mm_bilderdruckkarton_350g_10mm_matt_fsc, Position=0
2025-04-13 18:25:52,581 - INFO - Refreshing page for material 4
2025-04-13 18:25:53,459 - INFO - Page refreshed successfully
2025-04-13 18:25:53,459 - INFO - Looking for Page Option Values section
2025-04-13 18:25:53,473 - INFO - Scrolling down to find Page Option Values
2025-04-13 18:25:54,508 - INFO - Clicked on Page Option Values section
2025-04-13 18:25:59,646 - INFO - Successfully found and clicked button via JavaScript: Clicked button: 
    add new value

2025-04-13 18:26:03,735 - INFO - JavaScript fill result for material 4: {'codeFieldFound': True, 'codeFieldValue': 'mappe_a4_2t_3l_44_folie_softfeel_uvlack_partiell_0_36mm_bilderdruckkarton_350g_10mm_matt_fsc', 'nameFieldFound': True, 'nameFieldValue': '0,36 mm starker Bilderdruckkarton 350g matt für 10mm Mappen-Füllhöhe (zertifiziert mit FSC-Siegel), mittlere Steifigkeit', 'positionFieldFound': True, 'positionFieldValue': '0'}
2025-04-13 18:26:04,818 - INFO - Starting popup modal Save button click function
2025-04-13 18:26:04,828 - INFO - Found modal popup
2025-04-13 18:26:04,833 - WARNING - Could not find Save button in modal: Message: no such element: Unable to locate element: {"method":"css selector","selector":"button#save, button.action-primary, button[title='Save'], button.primary"}
  (Session info: chrome=135.0.7049.85); For documentation on this error, please visit: https://www.selenium.dev/documentation/webdriver/troubleshooting/errors#no-such-element-exception
Stacktrace:
	GetHandleVerifier [0x00AD80E3+60707]
	GetHandleVerifier [0x00AD8124+60772]
	(No symbol) [0x00900683]
	(No symbol) [0x00948660]
	(No symbol) [0x009489FB]
	(No symbol) [0x0093DD81]
	(No symbol) [0x0096D094]
	(No symbol) [0x0093DCA4]
	(No symbol) [0x0096D2C4]
	(No symbol) [0x0098E824]
	(No symbol) [0x0096CE46]
	(No symbol) [0x0093C5D3]
	(No symbol) [0x0093D424]
	GetHandleVerifier [0x00D1BBC3+2435075]
	GetHandleVerifier [0x00D17163+2416035]
	GetHandleVerifier [0x00D3350C+2531660]
	GetHandleVerifier [0x00AEF1B5+155125]
	GetHandleVerifier [0x00AF5B5D+182173]
	GetHandleVerifier [0x00ADF9B8+91640]
	GetHandleVerifier [0x00ADFB60+92064]
	GetHandleVerifier [0x00ACA620+4704]
	BaseThreadInitThunk [0x76AA7BA9+25]
	RtlInitializeExceptionChain [0x77AEC2EB+107]
	RtlClearBits [0x77AEC26F+191]

2025-04-13 18:26:04,852 - WARNING - Title-based approach failed: Message: no such element: Unable to locate element: {"method":"xpath","selector":"//div[contains(text(), 'Page Option Value')]"}
  (Session info: chrome=135.0.7049.85); For documentation on this error, please visit: https://www.selenium.dev/documentation/webdriver/troubleshooting/errors#no-such-element-exception
Stacktrace:
	GetHandleVerifier [0x00AD80E3+60707]
	GetHandleVerifier [0x00AD8124+60772]
	(No symbol) [0x00900683]
	(No symbol) [0x00948660]
	(No symbol) [0x009489FB]
	(No symbol) [0x00991022]
	(No symbol) [0x0096D094]
	(No symbol) [0x0098E824]
	(No symbol) [0x0096CE46]
	(No symbol) [0x0093C5D3]
	(No symbol) [0x0093D424]
	GetHandleVerifier [0x00D1BBC3+2435075]
	GetHandleVerifier [0x00D17163+2416035]
	GetHandleVerifier [0x00D3350C+2531660]
	GetHandleVerifier [0x00AEF1B5+155125]
	GetHandleVerifier [0x00AF5B5D+182173]
	GetHandleVerifier [0x00ADF9B8+91640]
	GetHandleVerifier [0x00ADFB60+92064]
	GetHandleVerifier [0x00ACA620+4704]
	BaseThreadInitThunk [0x76AA7BA9+25]
	RtlInitializeExceptionChain [0x77AEC2EB+107]
	RtlClearBits [0x77AEC26F+191]

2025-04-13 18:26:04,861 - WARNING - JavaScript approach could not find modal Save button
2025-04-13 18:26:04,861 - INFO - Looking for most recently added Save button
2025-04-13 18:26:05,363 - INFO - Clicked most recently added Save button
2025-04-13 18:26:05,363 - INFO - Successfully saved material 4
2025-04-13 18:26:07,364 - INFO - All materials processed, now clicking main save
2025-04-13 18:26:07,364 - INFO - Refreshing page...
2025-04-13 18:26:07,693 - INFO - Page refreshed successfully
2025-04-13 18:26:08,743 - INFO - Clicked main Save button in top-right corner
2025-04-13 18:26:09,743 - INFO - Successfully saved all page option values
2025-04-13 18:26:09,743 - INFO - Successfully filled and saved the form
2025-04-13 18:26:09,743 - INFO - Starting popup modal Save button click function
2025-04-13 18:26:09,748 - INFO - Found modal popup
2025-04-13 18:26:09,758 - WARNING - Could not find Save button in modal: Message: no such element: Unable to locate element: {"method":"css selector","selector":"button#save, button.action-primary, button[title='Save'], button.primary"}
  (Session info: chrome=135.0.7049.85); For documentation on this error, please visit: https://www.selenium.dev/documentation/webdriver/troubleshooting/errors#no-such-element-exception
Stacktrace:
	GetHandleVerifier [0x00AD80E3+60707]
	GetHandleVerifier [0x00AD8124+60772]
	(No symbol) [0x00900683]
	(No symbol) [0x00948660]
	(No symbol) [0x009489FB]
	(No symbol) [0x0093DD81]
	(No symbol) [0x0096D094]
	(No symbol) [0x0093DCA4]
	(No symbol) [0x0096D2C4]
	(No symbol) [0x0098E824]
	(No symbol) [0x0096CE46]
	(No symbol) [0x0093C5D3]
	(No symbol) [0x0093D424]
	GetHandleVerifier [0x00D1BBC3+2435075]
	GetHandleVerifier [0x00D17163+2416035]
	GetHandleVerifier [0x00D3350C+2531660]
	GetHandleVerifier [0x00AEF1B5+155125]
	GetHandleVerifier [0x00AF5B5D+182173]
	GetHandleVerifier [0x00ADF9B8+91640]
	GetHandleVerifier [0x00ADFB60+92064]
	GetHandleVerifier [0x00ACA620+4704]
	BaseThreadInitThunk [0x76AA7BA9+25]
	RtlInitializeExceptionChain [0x77AEC2EB+107]
	RtlClearBits [0x77AEC26F+191]

2025-04-13 18:26:09,764 - WARNING - Title-based approach failed: Message: no such element: Unable to locate element: {"method":"xpath","selector":"//div[contains(text(), 'Page Option Value')]"}
  (Session info: chrome=135.0.7049.85); For documentation on this error, please visit: https://www.selenium.dev/documentation/webdriver/troubleshooting/errors#no-such-element-exception
Stacktrace:
	GetHandleVerifier [0x00AD80E3+60707]
	GetHandleVerifier [0x00AD8124+60772]
	(No symbol) [0x00900683]
	(No symbol) [0x00948660]
	(No symbol) [0x009489FB]
	(No symbol) [0x00991022]
	(No symbol) [0x0096D094]
	(No symbol) [0x0098E824]
	(No symbol) [0x0096CE46]
	(No symbol) [0x0093C5D3]
	(No symbol) [0x0093D424]
	GetHandleVerifier [0x00D1BBC3+2435075]
	GetHandleVerifier [0x00D17163+2416035]
	GetHandleVerifier [0x00D3350C+2531660]
	GetHandleVerifier [0x00AEF1B5+155125]
	GetHandleVerifier [0x00AF5B5D+182173]
	GetHandleVerifier [0x00ADF9B8+91640]
	GetHandleVerifier [0x00ADFB60+92064]
	GetHandleVerifier [0x00ACA620+4704]
	BaseThreadInitThunk [0x76AA7BA9+25]
	RtlInitializeExceptionChain [0x77AEC2EB+107]
	RtlClearBits [0x77AEC26F+191]

2025-04-13 18:26:09,769 - WARNING - JavaScript approach could not find modal Save button
2025-04-13 18:26:09,769 - INFO - Looking for most recently added Save button
2025-04-13 18:26:09,774 - WARNING - No Save buttons found
2025-04-13 18:26:09,774 - INFO - Successfully clicked modal save button.
2025-04-13 18:26:09,775 - INFO - Refreshing page...
2025-04-13 18:26:10,000 - INFO - Page refreshed successfully
2025-04-13 18:26:11,241 - INFO - Clicked main Save button in top-right corner
2025-04-13 18:26:12,242 - INFO - Successfully clicked modal save button.
2025-04-13 18:26:12,242 - INFO - Starting process to add a new product part from CSV
2025-04-13 18:26:12,242 - INFO - Clicking on CLOUDLAB icon using the Catalog approach...
2025-04-13 18:26:12,277 - INFO - Clicked on CLOUDLAB icon using Catalog approach
2025-04-13 18:26:14,278 - INFO - Clicking on Product Parts submenu using Catalog Products approach...
2025-04-13 18:26:29,502 - WARNING - Catalog approach failed for Product Parts: Message: 
Stacktrace:
	GetHandleVerifier [0x00AD80E3+60707]
	GetHandleVerifier [0x00AD8124+60772]
	(No symbol) [0x00900683]
	(No symbol) [0x00948660]
	(No symbol) [0x009489FB]
	(No symbol) [0x00991022]
	(No symbol) [0x0096D094]
	(No symbol) [0x0098E824]
	(No symbol) [0x0096CE46]
	(No symbol) [0x0093C5D3]
	(No symbol) [0x0093D424]
	GetHandleVerifier [0x00D1BBC3+2435075]
	GetHandleVerifier [0x00D17163+2416035]
	GetHandleVerifier [0x00D3350C+2531660]
	GetHandleVerifier [0x00AEF1B5+155125]
	GetHandleVerifier [0x00AF5B5D+182173]
	GetHandleVerifier [0x00ADF9B8+91640]
	GetHandleVerifier [0x00ADFB60+92064]
	GetHandleVerifier [0x00ACA620+4704]
	BaseThreadInitThunk [0x76AA7BA9+25]
	RtlInitializeExceptionChain [0x77AEC2EB+107]
	RtlClearBits [0x77AEC26F+191]

2025-04-13 18:26:31,208 - INFO - Clicked on Product Parts by text
2025-04-13 18:26:32,225 - INFO - Successfully navigated to Product Parts page
2025-04-13 18:26:32,225 - INFO - Clicking on Add New Part button
2025-04-13 18:26:36,584 - INFO - Clicked on Add New Part button using CSS class
2025-04-13 18:26:36,584 - INFO - Waiting  seconds for the form to load completely...
2025-04-13 18:26:41,587 - INFO - Filling Name field
2025-04-13 18:26:41,798 - INFO - Filled Name field with: Mappe für DIN A4 2-teilig mit 3 Laschen, 4/4 farbig (Außenseite bedruckt), mit Softfeel-Folie und partieller UV-Lack-Veredelung
2025-04-13 18:26:42,799 - INFO - Filling Code field with enhanced approach
2025-04-13 18:26:43,072 - INFO - Filled Code field with: mappe_fuer_din_a4_2_teilig_mit_3_laschen_4_4_farbig_aussenseite_bedruckt_mit_softfeel_folie_und_partieller_uv_lack_veredelung and triggered validation
2025-04-13 18:26:43,072 - INFO - Attempting to select Material dropdown
2025-04-13 18:26:43,072 - INFO - Attempting to select materials from CSV
2025-04-13 18:26:43,072 - INFO - Found materials from CSV: ['mappe_a4_2t_3l_44_folie_softfeel_uvlack_partiell_0_36mm_bilderdruckkarton_350g_1mm_matt_fsc', 'mappe_a4_2t_3l_44_folie_softfeel_uvlack_partiell_0_36mm_bilderdruckkarton_350g_3mm_matt_fsc', 'mappe_a4_2t_3l_44_folie_softfeel_uvlack_partiell_0_36mm_bilderdruckkarton_350g_5mm_matt_fsc', 'mappe_a4_2t_3l_44_folie_softfeel_uvlack_partiell_0_36mm_bilderdruckkarton_350g_10mm_matt_fsc']
2025-04-13 18:26:44,098 - INFO - Found Öffnung element, now looking for Material field below it
2025-04-13 18:26:45,153 - INFO - Found Material element, now looking for select element
2025-04-13 18:26:45,188 - INFO - Found Material select element
2025-04-13 18:26:45,214 - INFO - JavaScript selection result: Selected 4 options: ['0,36 mm starker Bilderdruckkarton 350g matt für 1mm Mappen-Füllhöhe (zertifiziert mit FSC-Siegel), mittlere Steifigkeit (mappe_a4_2t_3l_44_folie_softfeel_uvlack_partiell_0_36mm_bilderdruckkarton_350g_1mm_matt_fsc)', '0,36 mm starker Bilderdruckkarton 350g matt für 3mm Mappen-Füllhöhe (zertifiziert mit FSC-Siegel), mittlere Steifigkeit (mappe_a4_2t_3l_44_folie_softfeel_uvlack_partiell_0_36mm_bilderdruckkarton_350g_3mm_matt_fsc)', '0,36 mm starker Bilderdruckkarton 350g matt für 5mm Mappen-Füllhöhe (zertifiziert mit FSC-Siegel), mittlere Steifigkeit (mappe_a4_2t_3l_44_folie_softfeel_uvlack_partiell_0_36mm_bilderdruckkarton_350g_5mm_matt_fsc)', '0,36 mm starker Bilderdruckkarton 350g matt für 10mm Mappen-Füllhöhe (zertifiziert mit FSC-Siegel), mittlere Steifigkeit (mappe_a4_2t_3l_44_folie_softfeel_uvlack_partiell_0_36mm_bilderdruckkarton_350g_10mm_matt_fsc)']
2025-04-13 18:26:45,214 - INFO - Successfully selected last option in Material dropdown
2025-04-13 18:26:50,215 - INFO - Clicking Save button
2025-04-13 18:26:51,457 - INFO - Clicked Save button via CSS selector
2025-04-13 18:26:51,457 - INFO - Waiting 10 seconds after save...
2025-04-13 18:27:01,458 - INFO - Product part save process completed
2025-04-13 18:27:01,458 - INFO - Successfully added a new product part for product 1
2025-04-13 18:27:01,458 - INFO - Clicking on Catalog icon...
2025-04-13 18:27:03,695 - INFO - Clicking on Products submenu...
2025-04-13 18:27:06,993 - INFO - Clicking on Add Product button...
2025-04-13 18:27:11,794 - INFO - Navigated to Add Product page
2025-04-13 18:27:12,221 - INFO - Product name entered: Mappe für DIN A4 2-teilig mit 3 Laschen, 4/4 farbig (Außenseite bedruckt), mit Softfeel-Folie und partieller UV-Lack-Veredelung
2025-04-13 18:27:12,323 - INFO - SKU entered: 1004379
2025-04-13 18:27:12,426 - INFO - Price entered: 1.00
2025-04-13 18:27:12,581 - INFO - Quantity entered: 99999999
2025-04-13 18:27:12,581 - INFO - Successfully filled basic info for product: Mappe für DIN A4 2-teilig mit 3 Laschen, 4/4 farbig (Außenseite bedruckt), mit Softfeel-Folie und partieller UV-Lack-Veredelung
2025-04-13 18:27:12,581 - INFO - Setting 'Is Meter Price' to: Yes
2025-04-13 18:27:12,599 - INFO - Toggle result: Changed 'Is Meter Price' to: Yes
2025-04-13 18:27:12,605 - INFO - Final scroll position: 879.2000122070312px
2025-04-13 18:27:12,605 - ERROR - Failed to set 'Is Meter Price': name 'current_scroll_y' is not defined
2025-04-13 18:27:12,605 - INFO - Attempting final fallback method
2025-04-13 18:27:14,674 - INFO - Clicked toggle using fallback method
2025-04-13 18:27:14,674 - INFO - Selecting Producer: wmd.networkhero.eu with simplified approach
2025-04-13 18:27:15,698 - INFO - JavaScript producer selection result: Selected wmd.networkhero.eu using standard dropdown via JS
2025-04-13 18:27:15,698 - INFO - Setting 'Disable pickup' to: Yes
2025-04-13 18:27:15,705 - INFO - Initial scroll position: 1135.199951171875px
2025-04-13 18:27:17,221 - INFO - Current scroll position after positioning: 2268.800048828125px
2025-04-13 18:27:17,240 - INFO - Toggle result: Changed 'Disable pickup' to: Yes
2025-04-13 18:27:17,242 - INFO - Final scroll position: 2268.800048828125px
2025-04-13 18:27:17,257 - INFO - Validation confirmed 'Disable pickup' setting was applied correctly
2025-04-13 18:27:17,257 - INFO - Scrolling down to find Websites section
2025-04-13 18:27:18,301 - INFO - Expanded Websites section
2025-04-13 18:27:20,324 - INFO - Selected website: Selling Website
2025-04-13 18:27:20,352 - INFO - Selected website: Networkhero
2025-04-13 18:27:20,352 - INFO - Completed website selection
2025-04-13 18:27:20,352 - INFO - Updating Product Type to: Upload + Personalization + Configuration using producer-style approach
2025-04-13 18:27:21,395 - INFO - Clicked Web2Print Settings
2025-04-13 18:27:24,442 - INFO - Clicked General tab
2025-04-13 18:27:26,444 - INFO - Selecting Product Type: Upload + Personalization + Configuration with producer-style approach
2025-04-13 18:27:27,475 - INFO - JavaScript Product Type selection result: Selected Upload + Personalization + Configuration using standard select
2025-04-13 18:27:27,475 - INFO - Setting Price Calculation to Fixed in Matrix tab
2025-04-13 18:27:28,541 - INFO - Clicked Matrix tab
2025-04-13 18:27:30,541 - INFO - Looking for Price Calculation field
2025-04-13 18:27:30,552 - INFO - JavaScript Price Calculation selection result: Selected Fixed using standard select
2025-04-13 18:27:30,552 - INFO - Selecting weekdays in Production Days multiselect
2025-04-13 18:27:31,595 - INFO - Clicked Others tab
2025-04-13 18:27:34,603 - INFO - Approaching Production Days with direct ID
2025-04-13 18:27:44,739 - WARNING - Direct ID approach failed: Message: 
Stacktrace:
	GetHandleVerifier [0x00AD80E3+60707]
	GetHandleVerifier [0x00AD8124+60772]
	(No symbol) [0x00900683]
	(No symbol) [0x00948660]
	(No symbol) [0x009489FB]
	(No symbol) [0x00991022]
	(No symbol) [0x0096D094]
	(No symbol) [0x0098E824]
	(No symbol) [0x0096CE46]
	(No symbol) [0x0093C5D3]
	(No symbol) [0x0093D424]
	GetHandleVerifier [0x00D1BBC3+2435075]
	GetHandleVerifier [0x00D17163+2416035]
	GetHandleVerifier [0x00D3350C+2531660]
	GetHandleVerifier [0x00AEF1B5+155125]
	GetHandleVerifier [0x00AF5B5D+182173]
	GetHandleVerifier [0x00ADF9B8+91640]
	GetHandleVerifier [0x00ADFB60+92064]
	GetHandleVerifier [0x00ACA620+4704]
	BaseThreadInitThunk [0x76AA7BA9+25]
	RtlInitializeExceptionChain [0x77AEC2EB+107]
	RtlClearBits [0x77AEC26F+191]

2025-04-13 18:27:44,740 - INFO - Approaching Production Days via label
2025-04-13 18:27:45,782 - WARNING - Label approach failed: Message: no such element: Unable to locate element: {"method":"css selector","selector":"select.admin__control-multiselect, select[multiple]"}
  (Session info: chrome=135.0.7049.85); For documentation on this error, please visit: https://www.selenium.dev/documentation/webdriver/troubleshooting/errors#no-such-element-exception
Stacktrace:
	GetHandleVerifier [0x00AD80E3+60707]
	GetHandleVerifier [0x00AD8124+60772]
	(No symbol) [0x00900683]
	(No symbol) [0x00948660]
	(No symbol) [0x009489FB]
	(No symbol) [0x0093DD81]
	(No symbol) [0x0096D094]
	(No symbol) [0x0093DCA4]
	(No symbol) [0x0096D2C4]
	(No symbol) [0x0098E824]
	(No symbol) [0x0096CE46]
	(No symbol) [0x0093C5D3]
	(No symbol) [0x0093D424]
	GetHandleVerifier [0x00D1BBC3+2435075]
	GetHandleVerifier [0x00D17163+2416035]
	GetHandleVerifier [0x00D3350C+2531660]
	GetHandleVerifier [0x00AEF1B5+155125]
	GetHandleVerifier [0x00AF5B5D+182173]
	GetHandleVerifier [0x00ADF9B8+91640]
	GetHandleVerifier [0x00ADFB60+92064]
	GetHandleVerifier [0x00ACA620+4704]
	BaseThreadInitThunk [0x76AA7BA9+25]
	RtlInitializeExceptionChain [0x77AEC2EB+107]
	RtlClearBits [0x77AEC26F+191]

2025-04-13 18:27:45,787 - INFO - Trying all multiselects approach
2025-04-13 18:27:45,797 - INFO - Found 1 multiselects
2025-04-13 18:27:46,811 - INFO - JavaScript multiselect 1 result: {'selected': ['Monday', 'Tuesday', 'Wednesday', 'Thursday', 'Friday'], 'success': True}
2025-04-13 18:27:46,811 - INFO - Successfully selected weekdays in multiselect 1
2025-04-13 18:27:46,811 - INFO - Configuring Delivery section with final optimized approach
2025-04-13 18:27:48,346 - INFO - Expansion result: Clicked to expand delivery section
2025-04-13 18:27:50,347 - INFO - Setting VPE value to 9999
2025-04-13 18:27:50,347 - INFO - Setting VPE value to 9999 using optimized method
2025-04-13 18:27:50,355 - INFO - DOM manipulation result: Set VPE value to 9999 via DOM manipulation
2025-04-13 18:27:50,355 - INFO - Selecting VPE Type: Stock
2025-04-13 18:27:50,355 - INFO - Selecting VPE Type: Stock using producer-style approach
2025-04-13 18:27:54,388 - INFO - VPE Type field structure: {'found': True, 'labelRect': {'bottom': 332.63751220703125, 'height': 0, 'left': 392.9875183105469, 'right': 453.7000198364258, 'toJSON': {}, 'top': 332.63751220703125, 'width': 60.712501525878906, 'x': 392.9875183105469, 'y': 332.63751220703125}, 'structure': {'dropdownLikeCount': 0, 'fieldClasses': 'admin__field', 'firstSelectClasses': 'admin__control-select', 'firstSelectId': 'U46Y1SS', 'firstSelectOptions': ['LFM - Running Meter', 'm²', 'Stock'], 'hasField': True, 'hasMultiselect': False, 'selectCount': 1}}
2025-04-13 18:27:54,388 - INFO - Found traditional select for VPE Type
2025-04-13 18:27:54,397 - INFO - Select result: Selected Stock from VPE Type select
2025-04-13 18:27:54,397 - INFO - Selecting 'Fix Products' option
2025-04-13 18:27:54,403 - INFO - Fix Products selection result: Selected Fix Products option
2025-04-13 18:27:54,403 - INFO - Successfully configured Delivery section
2025-04-13 18:27:54,403 - INFO - Configuring Print Product Setup with CTRL+click for multiple selection
2025-04-13 18:27:55,451 - INFO - Clicked Print Product Setup
2025-04-13 18:27:57,452 - INFO - Attempting to select the last option in Product Parts list
2025-04-13 18:27:57,468 - INFO - Found Product Parts select element using XPath: //span[text()='Product Parts']/ancestor::div[contains(@class, 'field')]//select
2025-04-13 18:28:02,938 - INFO - Selecting last option (index 1144) of 1145 total options
2025-04-13 18:28:06,367 - INFO - Selected last option by index: 1144
2025-04-13 18:28:10,731 - INFO - Successfully selected: Mappe für DIN A4 2-teilig mit 3 Laschen, 4/4 farbig (Außenseite bedruckt), mit Softfeel-Folie und partieller UV-Lack-Veredelung ( mappe_fuer_din_a4_2_teilig_mit_3_laschen_4_4_farbig_aussenseite_bedruckt_mit_softfeel_folie_und_partieller_uv_lack_veredelung )
2025-04-13 18:28:10,737 - INFO - Textarea values set result: {'dateityp': False, 'datencheck': True}
2025-04-13 18:28:10,737 - INFO - Trying multiselect approach with CTRL+click
2025-04-13 18:28:11,809 - INFO - Clicked Standard option
2025-04-13 18:28:13,083 - INFO - CTRL+Clicked Profidatencheck option
2025-04-13 18:28:15,145 - INFO - Clicked PDF-file option
2025-04-13 18:28:16,434 - INFO - CTRL+Clicked Image option
2025-04-13 18:28:17,436 - INFO - Configuring additional settings with improved approach
2025-04-13 18:28:17,436 - INFO - Configuring Lieferung field
2025-04-13 18:28:18,474 - INFO - Lieferung selection result: {'selected': ['Standard ( production_standard )', 'Express ( production_express )', 'Standard Plus ( production_standard_plus )'], 'success': True}
2025-04-13 18:28:18,474 - INFO - Configuring Anzahl field
2025-04-13 18:28:20,040 - INFO - Selected quantity_1
2025-04-13 18:28:20,632 - INFO - Selected quantity_1 using Select class
2025-04-13 18:28:20,632 - INFO - Configuring Proof Group field
2025-04-13 18:28:22,180 - INFO - Selected proof_group_digital
2025-04-13 18:28:22,757 - INFO - Selected proof_group_digital using Select class
2025-04-13 18:28:22,758 - INFO - Configuring Product Personalization Template field
2025-04-13 18:28:23,789 - INFO - Template setting result: {'action': 'selected option', 'element': 'select', 'success': True}
2025-04-13 18:28:23,789 - INFO - Clicking the Save button in the top right corner
2025-04-13 18:28:33,948 - WARNING - Standard approach failed: Message: 
Stacktrace:
	GetHandleVerifier [0x00AD80E3+60707]
	GetHandleVerifier [0x00AD8124+60772]
	(No symbol) [0x00900683]
	(No symbol) [0x00948660]
	(No symbol) [0x009489FB]
	(No symbol) [0x00991022]
	(No symbol) [0x0096D094]
	(No symbol) [0x0098E824]
	(No symbol) [0x0096CE46]
	(No symbol) [0x0093C5D3]
	(No symbol) [0x0093D424]
	GetHandleVerifier [0x00D1BBC3+2435075]
	GetHandleVerifier [0x00D17163+2416035]
	GetHandleVerifier [0x00D3350C+2531660]
	GetHandleVerifier [0x00AEF1B5+155125]
	GetHandleVerifier [0x00AF5B5D+182173]
	GetHandleVerifier [0x00ADF9B8+91640]
	GetHandleVerifier [0x00ADFB60+92064]
	GetHandleVerifier [0x00ACA620+4704]
	BaseThreadInitThunk [0x76AA7BA9+25]
	RtlInitializeExceptionChain [0x77AEC2EB+107]
	RtlClearBits [0x77AEC26F+191]

2025-04-13 18:28:34,164 - INFO - JavaScript result: Clicked Save button by text
2025-04-13 18:28:34,164 - INFO - Successfully clicked Save button using JavaScript
2025-04-13 18:28:44,165 - INFO - Successfully saved product 1: Mappe für DIN A4 2-teilig mit 3 Laschen, 4/4 farbig (Außenseite bedruckt), mit Softfeel-Folie und partieller UV-Lack-Veredelung
2025-04-13 18:28:44,165 - INFO - ====== WebDriver manager ======
2025-04-13 18:28:45,116 - INFO - Get LATEST chromedriver version for google-chrome
2025-04-13 18:28:45,221 - INFO - Get LATEST chromedriver version for google-chrome
2025-04-13 18:28:45,312 - INFO - Driver [C:\Users\g.yilmaz\.wdm\drivers\chromedriver\win64\135.0.7049.84\chromedriver-win32/chromedriver.exe] found in cache
2025-04-13 18:28:46,359 - INFO - Chrome WebDriver initialized successfully
2025-04-13 18:28:46,359 - INFO - Navigating to PrintNet login page: https://printnet.networkhero.eu/dashboard/admin/
2025-04-13 18:28:47,627 - INFO - Username entered
2025-04-13 18:28:47,637 - ERROR - Failed to find password field by ID: Message: no such element: Unable to locate element: {"method":"css selector","selector":"[id="password"]"}
  (Session info: chrome=135.0.7049.85); For documentation on this error, please visit: https://www.selenium.dev/documentation/webdriver/troubleshooting/errors#no-such-element-exception
Stacktrace:
	GetHandleVerifier [0x00AD80E3+60707]
	GetHandleVerifier [0x00AD8124+60772]
	(No symbol) [0x00900683]
	(No symbol) [0x00948660]
	(No symbol) [0x009489FB]
	(No symbol) [0x00991022]
	(No symbol) [0x0096D094]
	(No symbol) [0x0098E824]
	(No symbol) [0x0096CE46]
	(No symbol) [0x0093C5D3]
	(No symbol) [0x0093D424]
	GetHandleVerifier [0x00D1BBC3+2435075]
	GetHandleVerifier [0x00D17163+2416035]
	GetHandleVerifier [0x00D3350C+2531660]
	GetHandleVerifier [0x00AEF1B5+155125]
	GetHandleVerifier [0x00AF5B5D+182173]
	GetHandleVerifier [0x00ADF9B8+91640]
	GetHandleVerifier [0x00ADFB60+92064]
	GetHandleVerifier [0x00ACA620+4704]
	BaseThreadInitThunk [0x76AA7BA9+25]
	RtlInitializeExceptionChain [0x77AEC2EB+107]
	RtlClearBits [0x77AEC26F+191]

2025-04-13 18:28:47,721 - INFO - Password entered using alternative selector
2025-04-13 18:28:50,714 - INFO - Login button clicked
2025-04-13 18:29:04,134 - INFO - Successfully logged in to PrintNet
2025-04-13 18:29:04,135 - INFO - Successfully logged in to PrintNet
2025-04-13 18:29:04,135 - INFO - Processing first product: Mappe für DIN A4 2-teilig mit 3 Laschen, 4/4 farbig (Außenseite bedruckt), mit Softfeel-Folie und partieller UV-Lack-Veredelung (SKU: 1004379)
2025-04-13 18:29:04,135 - INFO - Clicking on Catalog icon in PrintNet...
2025-04-13 18:29:04,173 - INFO - Clicking on Products submenu in PrintNet...
2025-04-13 18:29:05,577 - INFO - Clicking on Add Product button in PrintNet...
2025-04-13 18:29:07,538 - INFO - Navigated to Add Product page in PrintNet
2025-04-13 18:29:09,081 - INFO - SKU giriliyor: 1004379
2025-04-13 18:29:09,203 - INFO - SKU girildi: 1004379
2025-04-13 18:29:09,203 - INFO - Fiyat giriliyor: 1.00
2025-04-13 18:29:09,305 - INFO - Fiyat girildi: 1.00
2025-04-13 18:29:09,305 - INFO - Miktar giriliyor: 99999999
2025-04-13 18:29:09,467 - INFO - Miktar girildi: 99999999
2025-04-13 18:29:09,469 - INFO - Starting Visibility selection process
2025-04-13 18:29:09,580 - INFO - Successfully selected 'Catalog'
2025-04-13 18:29:10,581 - INFO - Setting 'Is Meter Price' to: Yes
2025-04-13 18:29:10,589 - INFO - Initial scroll position: 499.20001220703125px
2025-04-13 18:29:10,640 - INFO - Current scroll position after positioning: 493.6000061035156px
2025-04-13 18:29:10,658 - INFO - Toggle result: Changed 'Is Meter Price' to: Yes
2025-04-13 18:29:10,665 - INFO - Final scroll position: 493.6000061035156px
2025-04-13 18:29:10,675 - INFO - Validation confirmed 'Is Meter Price' setting was applied correctly
2025-04-13 18:29:10,919 - INFO - bannerheld.at seçildi
2025-04-13 18:29:19,021 - INFO - Updating Product Type to: Upload + Personalization + Configuration using producer-style approach
2025-04-13 18:29:20,051 - INFO - Clicked General tab
2025-04-13 18:29:22,052 - INFO - Selecting Product Type: Upload + Personalization + Configuration with producer-style approach
2025-04-13 18:29:23,091 - INFO - JavaScript Product Type selection result: Selected Upload + Personalization + Configuration using standard select
2025-04-13 18:29:26,158 - INFO - Looking for Price Calculation field
2025-04-13 18:29:26,172 - INFO - JavaScript Price Calculation selection result: Selected Fixed using standard select
2025-04-13 18:29:30,233 - WARNING - Failed to configure Web2Print settings
2025-04-13 18:29:36,386 - INFO - Selecting weekdays in Production Days multiselect
2025-04-13 18:29:37,465 - INFO - Clicked Others tab
2025-04-13 18:29:39,466 - INFO - Trying to select Print Files Options
2025-04-13 18:29:40,488 - INFO - Found Print Files Options area
2025-04-13 18:29:40,503 - INFO - JavaScript selection result: {'selected': ['Upload from Account', 'Send to Graphic Department', 'Send by Email', 'Online Designer'], 'success': True}
2025-04-13 18:29:41,508 - INFO - Trying all multiselects approach
2025-04-13 18:29:41,524 - INFO - Found 3 multiselects
2025-04-13 18:29:42,567 - INFO - JavaScript multiselect 1 result: {'selected': [], 'success': False}
2025-04-13 18:29:43,593 - INFO - JavaScript multiselect 2 result: {'selected': [], 'success': False}
2025-04-13 18:29:44,609 - INFO - JavaScript multiselect 3 result: {'selected': ['Monday', 'Tuesday', 'Wednesday', 'Thursday', 'Friday'], 'success': True}
2025-04-13 18:29:44,609 - INFO - Successfully selected weekdays in multiselect 3
2025-04-13 18:29:44,609 - INFO - Configuring Minimum DPI and Quantity Selectors
2025-04-13 18:29:45,642 - INFO - Set Minimum DPI to 300
2025-04-13 18:29:46,678 - INFO - Use Custom Quantity Selector result: {'action': 'enabled', 'success': True}
2025-04-13 18:29:47,716 - INFO - Use Fixed Price Quantity Selector result: {'action': 'enabled', 'success': True}
2025-04-13 18:29:47,718 - INFO - Configuring Print Product Setup with CTRL+click for multiple selection
2025-04-13 18:29:48,803 - INFO - Clicked Print Product Setup
2025-04-13 18:29:50,804 - INFO - Attempting to select the last option in Product Parts list
2025-04-13 18:29:51,824 - INFO - Found Product Parts select element
2025-04-13 18:29:59,579 - INFO - Selected last option (index 1144) from Product Parts list
2025-04-13 18:29:59,588 - INFO - Textarea values set result: {'dateityp': False, 'datencheck': False}
2025-04-13 18:29:59,588 - INFO - Trying multiselect approach with CTRL+click
2025-04-13 18:30:00,663 - INFO - Clicked Standard option
2025-04-13 18:30:01,952 - INFO - CTRL+Clicked Profidatencheck option
2025-04-13 18:30:04,017 - INFO - Clicked PDF-file option
2025-04-13 18:30:05,300 - INFO - CTRL+Clicked Image option
2025-04-13 18:30:06,301 - INFO - Configuring additional settings with improved approach
2025-04-13 18:30:06,302 - INFO - Configuring Lieferung field
2025-04-13 18:30:07,345 - INFO - Lieferung selection result: {'selected': ['Standard ( production_standard )', 'Express ( production_express )', 'Standard Plus ( production_standard_plus )'], 'success': True}
2025-04-13 18:30:07,345 - INFO - Configuring Anzahl field
2025-04-13 18:30:08,906 - INFO - Selected quantity_1
2025-04-13 18:30:09,497 - INFO - Selected quantity_1 using Select class
2025-04-13 18:30:09,497 - INFO - Configuring Proof Group field
2025-04-13 18:30:11,066 - INFO - Selected proof_group_digital
2025-04-13 18:30:11,649 - INFO - Selected proof_group_digital using Select class
2025-04-13 18:30:11,650 - INFO - Configuring Product Personalization Template field
2025-04-13 18:30:12,682 - INFO - Template setting result: {'action': 'selected option', 'element': 'select', 'success': True}
2025-04-13 18:30:12,682 - INFO - Successfully configured all settings in PrintNet for product: Mappe für DIN A4 2-teilig mit 3 Laschen, 4/4 farbig (Außenseite bedruckt), mit Softfeel-Folie und partieller UV-Lack-Veredelung
2025-04-13 18:30:12,684 - INFO - Successfully configured product: Mappe für DIN A4 2-teilig mit 3 Laschen, 4/4 farbig (Außenseite bedruckt), mit Softfeel-Folie und partieller UV-Lack-Veredelung
2025-04-13 18:30:12,684 - INFO - Clicking the Save button in the top right corner
2025-04-13 18:30:22,853 - WARNING - Standard approach failed: Message: 
Stacktrace:
	GetHandleVerifier [0x00AD80E3+60707]
	GetHandleVerifier [0x00AD8124+60772]
	(No symbol) [0x00900683]
	(No symbol) [0x00948660]
	(No symbol) [0x009489FB]
	(No symbol) [0x00991022]
	(No symbol) [0x0096D094]
	(No symbol) [0x0098E824]
	(No symbol) [0x0096CE46]
	(No symbol) [0x0093C5D3]
	(No symbol) [0x0093D424]
	GetHandleVerifier [0x00D1BBC3+2435075]
	GetHandleVerifier [0x00D17163+2416035]
	GetHandleVerifier [0x00D3350C+2531660]
	GetHandleVerifier [0x00AEF1B5+155125]
	GetHandleVerifier [0x00AF5B5D+182173]
	GetHandleVerifier [0x00ADF9B8+91640]
	GetHandleVerifier [0x00ADFB60+92064]
	GetHandleVerifier [0x00ACA620+4704]
	BaseThreadInitThunk [0x76AA7BA9+25]
	RtlInitializeExceptionChain [0x77AEC2EB+107]
	RtlClearBits [0x77AEC26F+191]

2025-04-13 18:30:23,051 - INFO - JavaScript result: Clicked Save button by text
2025-04-13 18:30:23,052 - INFO - Successfully clicked Save button using JavaScript
2025-04-13 18:30:33,052 - INFO - Successfully saved product: Mappe für DIN A4 2-teilig mit 3 Laschen, 4/4 farbig (Außenseite bedruckt), mit Softfeel-Folie und partieller UV-Lack-Veredelung
2025-04-13 18:30:35,247 - INFO - Browser closed
2025-04-13 18:30:35,247 - INFO - ====== WebDriver manager ======
2025-04-13 18:30:36,204 - INFO - Get LATEST chromedriver version for google-chrome
2025-04-13 18:30:36,303 - INFO - Get LATEST chromedriver version for google-chrome
2025-04-13 18:30:36,527 - INFO - Driver [C:\Users\g.yilmaz\.wdm\drivers\chromedriver\win64\135.0.7049.84\chromedriver-win32/chromedriver.exe] found in cache
2025-04-13 18:30:37,553 - INFO - Navigating to https://skynet.networkhero.eu/y5id_dashboard/admin/
2025-04-13 18:30:38,871 - INFO - Username entered
2025-04-13 18:30:38,971 - INFO - Password entered
2025-04-13 18:30:39,485 - INFO - Login button clicked
2025-04-13 18:30:39,485 - INFO - Waiting for you to enter Google Authenticator code...
2025-04-13 18:30:47,277 - INFO - Login successful
2025-04-13 18:30:47,277 - INFO - Clicking on CLOUDLAB icon using the Catalog approach...
2025-04-13 18:30:47,296 - INFO - Clicked on CLOUDLAB icon using Catalog approach
2025-04-13 18:30:55,344 - INFO - Attempting to click the Save button in the top right corner
2025-04-13 18:31:05,500 - WARNING - First approach failed: Message: 
Stacktrace:
	GetHandleVerifier [0x00AD80E3+60707]
	GetHandleVerifier [0x00AD8124+60772]
	(No symbol) [0x00900683]
	(No symbol) [0x00948660]
	(No symbol) [0x009489FB]
	(No symbol) [0x00991022]
	(No symbol) [0x0096D094]
	(No symbol) [0x0098E824]
	(No symbol) [0x0096CE46]
	(No symbol) [0x0093C5D3]
	(No symbol) [0x0093D424]
	GetHandleVerifier [0x00D1BBC3+2435075]
	GetHandleVerifier [0x00D17163+2416035]
	GetHandleVerifier [0x00D3350C+2531660]
	GetHandleVerifier [0x00AEF1B5+155125]
	GetHandleVerifier [0x00AF5B5D+182173]
	GetHandleVerifier [0x00ADF9B8+91640]
	GetHandleVerifier [0x00ADFB60+92064]
	GetHandleVerifier [0x00ACA620+4704]
	BaseThreadInitThunk [0x76AA7BA9+25]
	RtlInitializeExceptionChain [0x77AEC2EB+107]
	RtlClearBits [0x77AEC26F+191]

2025-04-13 18:31:05,514 - INFO - JavaScript Save button result: Clicked the best Save button: 
                                Save
                            
2025-04-13 18:31:24,424 - INFO - Attempting to click the Save button in the top right corner
2025-04-13 18:31:34,564 - WARNING - First approach failed: Message: 
Stacktrace:
	GetHandleVerifier [0x00AD80E3+60707]
	GetHandleVerifier [0x00AD8124+60772]
	(No symbol) [0x00900683]
	(No symbol) [0x00948660]
	(No symbol) [0x009489FB]
	(No symbol) [0x00991022]
	(No symbol) [0x0096D094]
	(No symbol) [0x0098E824]
	(No symbol) [0x0096CE46]
	(No symbol) [0x0093C5D3]
	(No symbol) [0x0093D424]
	GetHandleVerifier [0x00D1BBC3+2435075]
	GetHandleVerifier [0x00D17163+2416035]
	GetHandleVerifier [0x00D3350C+2531660]
	GetHandleVerifier [0x00AEF1B5+155125]
	GetHandleVerifier [0x00AF5B5D+182173]
	GetHandleVerifier [0x00ADF9B8+91640]
	GetHandleVerifier [0x00ADFB60+92064]
	GetHandleVerifier [0x00ACA620+4704]
	BaseThreadInitThunk [0x76AA7BA9+25]
	RtlInitializeExceptionChain [0x77AEC2EB+107]
	RtlClearBits [0x77AEC26F+191]

2025-04-13 18:31:34,578 - INFO - JavaScript Save button result: Clicked the best Save button: 
                                Save
                            
2025-04-13 18:31:53,455 - INFO - Attempting to click the Save button in the top right corner
2025-04-13 18:32:03,600 - WARNING - First approach failed: Message: 
Stacktrace:
	GetHandleVerifier [0x00AD80E3+60707]
	GetHandleVerifier [0x00AD8124+60772]
	(No symbol) [0x00900683]
	(No symbol) [0x00948660]
	(No symbol) [0x009489FB]
	(No symbol) [0x00991022]
	(No symbol) [0x0096D094]
	(No symbol) [0x0098E824]
	(No symbol) [0x0096CE46]
	(No symbol) [0x0093C5D3]
	(No symbol) [0x0093D424]
	GetHandleVerifier [0x00D1BBC3+2435075]
	GetHandleVerifier [0x00D17163+2416035]
	GetHandleVerifier [0x00D3350C+2531660]
	GetHandleVerifier [0x00AEF1B5+155125]
	GetHandleVerifier [0x00AF5B5D+182173]
	GetHandleVerifier [0x00ADF9B8+91640]
	GetHandleVerifier [0x00ADFB60+92064]
	GetHandleVerifier [0x00ACA620+4704]
	BaseThreadInitThunk [0x76AA7BA9+25]
	RtlInitializeExceptionChain [0x77AEC2EB+107]
	RtlClearBits [0x77AEC26F+191]

2025-04-13 18:32:03,612 - INFO - JavaScript Save button result: Clicked the best Save button: 
                                Save
                            
2025-04-13 18:32:22,621 - INFO - Attempting to click the Save button in the top right corner
2025-04-13 18:32:32,767 - WARNING - First approach failed: Message: 
Stacktrace:
	GetHandleVerifier [0x00AD80E3+60707]
	GetHandleVerifier [0x00AD8124+60772]
	(No symbol) [0x00900683]
	(No symbol) [0x00948660]
	(No symbol) [0x009489FB]
	(No symbol) [0x00991022]
	(No symbol) [0x0096D094]
	(No symbol) [0x0098E824]
	(No symbol) [0x0096CE46]
	(No symbol) [0x0093C5D3]
	(No symbol) [0x0093D424]
	GetHandleVerifier [0x00D1BBC3+2435075]
	GetHandleVerifier [0x00D17163+2416035]
	GetHandleVerifier [0x00D3350C+2531660]
	GetHandleVerifier [0x00AEF1B5+155125]
	GetHandleVerifier [0x00AF5B5D+182173]
	GetHandleVerifier [0x00ADF9B8+91640]
	GetHandleVerifier [0x00ADFB60+92064]
	GetHandleVerifier [0x00ACA620+4704]
	BaseThreadInitThunk [0x76AA7BA9+25]
	RtlInitializeExceptionChain [0x77AEC2EB+107]
	RtlClearBits [0x77AEC26F+191]

2025-04-13 18:32:32,779 - INFO - JavaScript Save button result: Clicked the best Save button: 
                                Save
                            
2025-04-13 18:32:42,934 - INFO - ====== WebDriver manager ======
2025-04-13 18:32:43,894 - INFO - Get LATEST chromedriver version for google-chrome
2025-04-13 18:32:43,991 - INFO - Get LATEST chromedriver version for google-chrome
2025-04-13 18:32:44,095 - INFO - Driver [C:\Users\g.yilmaz\.wdm\drivers\chromedriver\win64\135.0.7049.84\chromedriver-win32/chromedriver.exe] found in cache
2025-04-13 18:32:45,135 - INFO - Navigating to https://printnet.networkhero.eu/dashboard/admin
2025-04-13 18:32:46,550 - INFO - Username entered
2025-04-13 18:32:46,631 - INFO - Password entered
2025-04-13 18:32:49,618 - INFO - Login button clicked
2025-04-13 18:32:49,618 - INFO - Waiting for you to enter Google Authenticator code...
2025-04-13 18:32:55,617 - INFO - Login successful
2025-04-13 18:32:55,617 - INFO - Clicking on CLOUDLAB icon using the Catalog approach...
2025-04-13 18:32:55,646 - INFO - Clicked on CLOUDLAB icon using Catalog approach
2025-04-13 18:33:02,933 - INFO - Attempting to click the Save button in the top right corner
2025-04-13 18:33:13,085 - WARNING - First approach failed: Message: 
Stacktrace:
	GetHandleVerifier [0x00AD80E3+60707]
	GetHandleVerifier [0x00AD8124+60772]
	(No symbol) [0x00900683]
	(No symbol) [0x00948660]
	(No symbol) [0x009489FB]
	(No symbol) [0x00991022]
	(No symbol) [0x0096D094]
	(No symbol) [0x0098E824]
	(No symbol) [0x0096CE46]
	(No symbol) [0x0093C5D3]
	(No symbol) [0x0093D424]
	GetHandleVerifier [0x00D1BBC3+2435075]
	GetHandleVerifier [0x00D17163+2416035]
	GetHandleVerifier [0x00D3350C+2531660]
	GetHandleVerifier [0x00AEF1B5+155125]
	GetHandleVerifier [0x00AF5B5D+182173]
	GetHandleVerifier [0x00ADF9B8+91640]
	GetHandleVerifier [0x00ADFB60+92064]
	GetHandleVerifier [0x00ACA620+4704]
	BaseThreadInitThunk [0x76AA7BA9+25]
	RtlInitializeExceptionChain [0x77AEC2EB+107]
	RtlClearBits [0x77AEC26F+191]

2025-04-13 18:33:13,104 - INFO - JavaScript Save button result: Clicked the best Save button: 
                                Save
                            
2025-04-13 18:33:25,217 - INFO - Attempting to click the Save button in the top right corner
2025-04-13 18:33:35,364 - WARNING - First approach failed: Message: 
Stacktrace:
	GetHandleVerifier [0x00AD80E3+60707]
	GetHandleVerifier [0x00AD8124+60772]
	(No symbol) [0x00900683]
	(No symbol) [0x00948660]
	(No symbol) [0x009489FB]
	(No symbol) [0x00991022]
	(No symbol) [0x0096D094]
	(No symbol) [0x0098E824]
	(No symbol) [0x0096CE46]
	(No symbol) [0x0093C5D3]
	(No symbol) [0x0093D424]
	GetHandleVerifier [0x00D1BBC3+2435075]
	GetHandleVerifier [0x00D17163+2416035]
	GetHandleVerifier [0x00D3350C+2531660]
	GetHandleVerifier [0x00AEF1B5+155125]
	GetHandleVerifier [0x00AF5B5D+182173]
	GetHandleVerifier [0x00ADF9B8+91640]
	GetHandleVerifier [0x00ADFB60+92064]
	GetHandleVerifier [0x00ACA620+4704]
	BaseThreadInitThunk [0x76AA7BA9+25]
	RtlInitializeExceptionChain [0x77AEC2EB+107]
	RtlClearBits [0x77AEC26F+191]

2025-04-13 18:33:35,386 - INFO - JavaScript Save button result: Clicked the best Save button: 
                                Save
                            
2025-04-13 18:33:43,405 - INFO - Attempting to click the Save button in the top right corner
2025-04-13 18:33:53,554 - WARNING - First approach failed: Message: 
Stacktrace:
	GetHandleVerifier [0x00AD80E3+60707]
	GetHandleVerifier [0x00AD8124+60772]
	(No symbol) [0x00900683]
	(No symbol) [0x00948660]
	(No symbol) [0x009489FB]
	(No symbol) [0x00991022]
	(No symbol) [0x0096D094]
	(No symbol) [0x0098E824]
	(No symbol) [0x0096CE46]
	(No symbol) [0x0093C5D3]
	(No symbol) [0x0093D424]
	GetHandleVerifier [0x00D1BBC3+2435075]
	GetHandleVerifier [0x00D17163+2416035]
	GetHandleVerifier [0x00D3350C+2531660]
	GetHandleVerifier [0x00AEF1B5+155125]
	GetHandleVerifier [0x00AF5B5D+182173]
	GetHandleVerifier [0x00ADF9B8+91640]
	GetHandleVerifier [0x00ADFB60+92064]
	GetHandleVerifier [0x00ACA620+4704]
	BaseThreadInitThunk [0x76AA7BA9+25]
	RtlInitializeExceptionChain [0x77AEC2EB+107]
	RtlClearBits [0x77AEC26F+191]

2025-04-13 18:33:53,576 - INFO - JavaScript Save button result: Clicked the best Save button: 
                                Save
                            
2025-04-13 18:34:01,568 - INFO - Attempting to click the Save button in the top right corner
2025-04-13 18:34:11,723 - WARNING - First approach failed: Message: 
Stacktrace:
	GetHandleVerifier [0x00AD80E3+60707]
	GetHandleVerifier [0x00AD8124+60772]
	(No symbol) [0x00900683]
	(No symbol) [0x00948660]
	(No symbol) [0x009489FB]
	(No symbol) [0x00991022]
	(No symbol) [0x0096D094]
	(No symbol) [0x0098E824]
	(No symbol) [0x0096CE46]
	(No symbol) [0x0093C5D3]
	(No symbol) [0x0093D424]
	GetHandleVerifier [0x00D1BBC3+2435075]
	GetHandleVerifier [0x00D17163+2416035]
	GetHandleVerifier [0x00D3350C+2531660]
	GetHandleVerifier [0x00AEF1B5+155125]
	GetHandleVerifier [0x00AF5B5D+182173]
	GetHandleVerifier [0x00ADF9B8+91640]
	GetHandleVerifier [0x00ADFB60+92064]
	GetHandleVerifier [0x00ACA620+4704]
	BaseThreadInitThunk [0x76AA7BA9+25]
	RtlInitializeExceptionChain [0x77AEC2EB+107]
	RtlClearBits [0x77AEC26F+191]

2025-04-13 18:34:11,745 - INFO - JavaScript Save button result: Clicked the best Save button: 
                                Save
                            
2025-04-13 18:34:26,320 - INFO - Browser closed
