2025-04-11 10:30:49,866 - INFO - Logging initialized. Log file: C:\Users\g.yilmaz\Desktop\Magento_otomation\Done\logs\printnet_automation_20250411_103049.log
2025-04-11 10:30:49,866 - INFO - ====== WebDriver manager ======
2025-04-11 10:30:50,888 - INFO - Get LATEST chromedriver version for google-chrome
2025-04-11 10:30:50,974 - INFO - Get LATEST chromedriver version for google-chrome
2025-04-11 10:30:51,031 - INFO - Driver [C:\Users\g.yilmaz\.wdm\drivers\chromedriver\win64\135.0.7049.84\chromedriver-win32/chromedriver.exe] found in cache
2025-04-11 10:30:52,055 - INFO - Chrome WebDriver initialized successfully
2025-04-11 10:30:52,055 - INFO - Navigating to PrintNet login page: https://printnet.networkhero.eu/dashboard/admin/
2025-04-11 10:30:52,774 - INFO - Username entered
2025-04-11 10:30:52,782 - ERROR - Failed to find password field by ID: Message: no such element: Unable to locate element: {"method":"css selector","selector":"[id="password"]"}
  (Session info: chrome=135.0.7049.85); For documentation on this error, please visit: https://www.selenium.dev/documentation/webdriver/troubleshooting/errors#no-such-element-exception
Stacktrace:
	GetHandleVerifier [0x012480E3+60707]
	GetHandleVerifier [0x01248124+60772]
	(No symbol) [0x01070683]
	(No symbol) [0x010B8660]
	(No symbol) [0x010B89FB]
	(No symbol) [0x01101022]
	(No symbol) [0x010DD094]
	(No symbol) [0x010FE824]
	(No symbol) [0x010DCE46]
	(No symbol) [0x010AC5D3]
	(No symbol) [0x010AD424]
	GetHandleVerifier [0x0148BBC3+2435075]
	GetHandleVerifier [0x01487163+2416035]
	GetHandleVerifier [0x014A350C+2531660]
	GetHandleVerifier [0x0125F1B5+155125]
	GetHandleVerifier [0x01265B5D+182173]
	GetHandleVerifier [0x0124F9B8+91640]
	GetHandleVerifier [0x0124FB60+92064]
	GetHandleVerifier [0x0123A620+4704]
	BaseThreadInitThunk [0x75897BA9+25]
	RtlInitializeExceptionChain [0x7765C2EB+107]
	RtlClearBits [0x7765C26F+191]

2025-04-11 10:30:52,852 - INFO - Password entered using alternative selector
2025-04-11 10:30:54,930 - INFO - Login button clicked
2025-04-11 10:31:07,383 - INFO - Successfully logged in to PrintNet
2025-04-11 10:31:07,384 - INFO - Successfully logged in to PrintNet
2025-04-11 10:31:07,385 - INFO - Processing last product: Mappe für Quadrat 21x21cm 2-teilig mit 3 Laschen, 4/4 farbig (Außenseite bedruckt), mit Heißfolienprägung Silber (SKU: 1004551)
2025-04-11 10:31:07,386 - INFO - Clicking on Catalog icon in PrintNet...
2025-04-11 10:31:07,424 - INFO - Clicking on Products submenu in PrintNet...
2025-04-11 10:31:08,295 - INFO - Clicking on Add Product button in PrintNet...
2025-04-11 10:31:09,416 - INFO - Navigated to Add Product page in PrintNet
2025-04-11 10:31:10,970 - INFO - SKU giriliyor: 1004551
2025-04-11 10:31:11,075 - INFO - SKU girildi: 1004551
2025-04-11 10:31:11,075 - INFO - Fiyat giriliyor: 1.00
2025-04-11 10:31:11,190 - INFO - Fiyat girildi: 1.00
2025-04-11 10:31:11,190 - INFO - Miktar giriliyor: 99999999
2025-04-11 10:31:11,351 - INFO - Miktar girildi: 99999999
2025-04-11 10:31:11,354 - INFO - Starting Visibility selection process
2025-04-11 10:31:11,511 - INFO - Successfully selected 'Catalog'
2025-04-11 10:31:12,511 - INFO - Setting 'Is Meter Price' to: Yes
2025-04-11 10:31:12,519 - INFO - Initial scroll position: 727px
2025-04-11 10:31:12,559 - INFO - Current scroll position after positioning: 547px
2025-04-11 10:31:12,575 - INFO - Toggle result: Changed 'Is Meter Price' to: Yes
2025-04-11 10:31:12,579 - INFO - Final scroll position: 547px
2025-04-11 10:31:12,590 - INFO - Validation confirmed 'Is Meter Price' setting was applied correctly
2025-04-11 10:31:12,756 - INFO - bannerheld.at seçildi
2025-04-11 10:31:18,648 - WARNING - Retrying (Retry(total=2, connect=None, read=None, redirect=None, status=None)) after connection broken by 'ConnectionResetError(10054, 'Eine vorhandene Verbindung wurde vom Remotehost geschlossen', None, 10054, None)': /session/0063b94e0f918ef081f5922e03e2538a
2025-04-11 10:31:22,727 - WARNING - Retrying (Retry(total=1, connect=None, read=None, redirect=None, status=None)) after connection broken by 'NewConnectionError('<urllib3.connection.HTTPConnection object at 0x0000027A9EC914F0>: Failed to establish a new connection: [WinError 10061] Es konnte keine Verbindung hergestellt werden, da der Zielcomputer die Verbindung verweigerte')': /session/0063b94e0f918ef081f5922e03e2538a
2025-04-11 10:31:26,794 - WARNING - Retrying (Retry(total=0, connect=None, read=None, redirect=None, status=None)) after connection broken by 'NewConnectionError('<urllib3.connection.HTTPConnection object at 0x0000027A9EC92C00>: Failed to establish a new connection: [WinError 10061] Es konnte keine Verbindung hergestellt werden, da der Zielcomputer die Verbindung verweigerte')': /session/0063b94e0f918ef081f5922e03e2538a
2025-04-11 10:31:34,931 - INFO - Browser closed
