2025-04-11 16:59:46,757 - INFO - Logging initialized. Log file: C:\Users\g.yilmaz\Desktop\Magento_otomation\Done\logs\printnet_automation_20250411_165946.log
2025-04-11 16:59:46,757 - INFO - ====== WebDriver manager ======
2025-04-11 16:59:47,710 - INFO - Get LATEST chromedriver version for google-chrome
2025-04-11 16:59:47,771 - INFO - Get LATEST chromedriver version for google-chrome
2025-04-11 16:59:47,833 - INFO - Driver [C:\Users\g.yilmaz\.wdm\drivers\chromedriver\win64\135.0.7049.84\chromedriver-win32/chromedriver.exe] found in cache
2025-04-11 16:59:48,870 - INFO - Chrome WebDriver initialized successfully
2025-04-11 16:59:48,870 - INFO - Navigating to PrintNet login page: https://printnet.networkhero.eu/dashboard/admin/
2025-04-11 16:59:49,643 - INFO - Username entered
2025-04-11 16:59:49,658 - ERROR - Failed to find password field by ID: Message: no such element: Unable to locate element: {"method":"css selector","selector":"[id="password"]"}
  (Session info: chrome=135.0.7049.85); For documentation on this error, please visit: https://www.selenium.dev/documentation/webdriver/troubleshooting/errors#no-such-element-exception
Stacktrace:
	GetHandleVerifier [0x012480E3+60707]
	GetHandleVerifier [0x01248124+60772]
	(No symbol) [0x01070683]
	(No symbol) [0x010B8660]
	(No symbol) [0x010B89FB]
	(No symbol) [0x01101022]
	(No symbol) [0x010DD094]
	(No symbol) [0x010FE824]
	(No symbol) [0x010DCE46]
	(No symbol) [0x010AC5D3]
	(No symbol) [0x010AD424]
	GetHandleVerifier [0x0148BBC3+2435075]
	GetHandleVerifier [0x01487163+2416035]
	GetHandleVerifier [0x014A350C+2531660]
	GetHandleVerifier [0x0125F1B5+155125]
	GetHandleVerifier [0x01265B5D+182173]
	GetHandleVerifier [0x0124F9B8+91640]
	GetHandleVerifier [0x0124FB60+92064]
	GetHandleVerifier [0x0123A620+4704]
	BaseThreadInitThunk [0x75897BA9+25]
	RtlInitializeExceptionChain [0x7765C2EB+107]
	RtlClearBits [0x7765C26F+191]

2025-04-11 16:59:49,736 - INFO - Password entered using alternative selector
2025-04-11 16:59:52,163 - INFO - Login button clicked
2025-04-11 17:00:01,017 - INFO - Successfully logged in to PrintNet
2025-04-11 17:00:01,017 - INFO - Successfully logged in to PrintNet
2025-04-11 17:00:01,017 - INFO - Processing first product: Mappe für DIN A4 2-teilig mit 2 Laschen, 4/4 farbig (Außenseite bedruckt), mit Glanzfolie kaschiert (SKU: 1004367)
2025-04-11 17:00:01,018 - INFO - Clicking on Catalog icon in PrintNet...
2025-04-11 17:00:01,046 - INFO - Clicking on Products submenu in PrintNet...
2025-04-11 17:00:01,947 - INFO - Clicking on Add Product button in PrintNet...
2025-04-11 17:00:03,057 - INFO - Navigated to Add Product page in PrintNet
2025-04-11 17:00:04,592 - INFO - SKU giriliyor: 1004367
2025-04-11 17:00:04,696 - INFO - SKU girildi: 1004367
2025-04-11 17:00:04,696 - INFO - Fiyat giriliyor: 1.00
2025-04-11 17:00:04,860 - INFO - Fiyat girildi: 1.00
2025-04-11 17:00:04,861 - INFO - Miktar giriliyor: 99999999
2025-04-11 17:00:04,943 - INFO - Miktar girildi: 99999999
2025-04-11 17:00:04,945 - INFO - Starting Visibility selection process
2025-04-11 17:00:05,116 - INFO - Successfully selected 'Catalog'
2025-04-11 17:00:06,117 - INFO - Setting 'Is Meter Price' to: Yes
2025-04-11 17:00:06,125 - INFO - Initial scroll position: 676px
2025-04-11 17:00:06,142 - INFO - Current scroll position after positioning: 496px
2025-04-11 17:00:06,168 - INFO - Toggle result: Changed 'Is Meter Price' to: Yes
2025-04-11 17:00:06,186 - INFO - Final scroll position: 496px
2025-04-11 17:00:06,194 - INFO - Validation confirmed 'Is Meter Price' setting was applied correctly
2025-04-11 17:00:06,376 - INFO - bannerheld.at seçildi
2025-04-11 17:00:14,486 - INFO - Updating Product Type to: Upload + Personalization + Configuration using producer-style approach
2025-04-11 17:00:15,518 - INFO - Clicked General tab
2025-04-11 17:00:17,519 - INFO - Selecting Product Type: Upload + Personalization + Configuration with producer-style approach
2025-04-11 17:00:18,567 - INFO - JavaScript Product Type selection result: Selected Upload + Personalization + Configuration using standard select
2025-04-11 17:00:21,632 - INFO - Looking for Price Calculation field
2025-04-11 17:00:21,648 - INFO - JavaScript Price Calculation selection result: Selected Fixed using standard select
2025-04-11 17:00:25,708 - WARNING - Failed to configure Web2Print settings
2025-04-11 17:00:31,855 - INFO - Selecting weekdays in Production Days multiselect
2025-04-11 17:00:32,947 - INFO - Clicked Others tab
2025-04-11 17:00:34,949 - INFO - Trying to select Print Files Options
2025-04-11 17:00:35,970 - INFO - Found Print Files Options area
2025-04-11 17:00:35,985 - INFO - JavaScript selection result: {'selected': ['Upload from Account', 'Send to Graphic Department', 'Send by Email', 'Online Designer'], 'success': True}
2025-04-11 17:00:36,989 - INFO - Trying all multiselects approach
2025-04-11 17:00:36,999 - INFO - Found 3 multiselects
2025-04-11 17:00:38,026 - INFO - JavaScript multiselect 1 result: {'selected': [], 'success': False}
2025-04-11 17:00:39,038 - INFO - JavaScript multiselect 2 result: {'selected': [], 'success': False}
2025-04-11 17:00:40,053 - INFO - JavaScript multiselect 3 result: {'selected': ['Monday', 'Tuesday', 'Wednesday', 'Thursday', 'Friday'], 'success': True}
2025-04-11 17:00:40,053 - INFO - Successfully selected weekdays in multiselect 3
2025-04-11 17:00:40,055 - INFO - Configuring Minimum DPI and Quantity Selectors
2025-04-11 17:00:41,087 - INFO - Set Minimum DPI to 300
2025-04-11 17:00:42,121 - INFO - Use Custom Quantity Selector result: {'action': 'enabled', 'success': True}
2025-04-11 17:00:43,153 - INFO - Use Fixed Price Quantity Selector result: {'action': 'enabled', 'success': True}
2025-04-11 17:00:43,153 - INFO - Configuring Print Product Setup with CTRL+click for multiple selection
2025-04-11 17:00:44,223 - INFO - Clicked Print Product Setup
2025-04-11 17:00:46,224 - INFO - Attempting to select the last option in Product Parts list
2025-04-11 17:00:47,244 - INFO - Found Product Parts select element
2025-04-11 17:00:55,328 - INFO - Selected last option (index 1133) from Product Parts list
2025-04-11 17:00:55,335 - INFO - Textarea values set result: {'dateityp': False, 'datencheck': False}
2025-04-11 17:00:55,336 - INFO - Trying multiselect approach with CTRL+click
2025-04-11 17:00:56,411 - INFO - Clicked Standard option
2025-04-11 17:00:57,712 - INFO - CTRL+Clicked Profidatencheck option
2025-04-11 17:00:59,800 - INFO - Clicked PDF-file option
2025-04-11 17:01:01,087 - INFO - CTRL+Clicked Image option
2025-04-11 17:01:02,088 - INFO - Configuring additional settings with improved approach
2025-04-11 17:01:02,089 - INFO - Configuring Lieferung field
2025-04-11 17:01:03,133 - INFO - Lieferung selection result: {'selected': ['Standard ( production_standard )', 'Express ( production_express )', 'Standard Plus ( production_standard_plus )'], 'success': True}
2025-04-11 17:01:03,133 - INFO - Configuring Anzahl field
2025-04-11 17:01:04,695 - INFO - Selected quantity_1
2025-04-11 17:01:05,299 - INFO - Selected quantity_1 using Select class
2025-04-11 17:01:05,299 - INFO - Configuring Proof Group field
2025-04-11 17:01:06,848 - INFO - Selected proof_group_digital
2025-04-11 17:01:07,444 - INFO - Selected proof_group_digital using Select class
2025-04-11 17:01:07,444 - INFO - Configuring Product Personalization Template field
2025-04-11 17:01:08,476 - INFO - Template setting result: {'action': 'selected option', 'element': 'select', 'success': True}
2025-04-11 17:01:08,476 - INFO - Successfully configured all settings in PrintNet for product: Mappe für DIN A4 2-teilig mit 2 Laschen, 4/4 farbig (Außenseite bedruckt), mit Glanzfolie kaschiert
2025-04-11 17:01:08,476 - INFO - Successfully configured product: Mappe für DIN A4 2-teilig mit 2 Laschen, 4/4 farbig (Außenseite bedruckt), mit Glanzfolie kaschiert
2025-04-11 17:01:08,476 - INFO - Clicking the Save button in the top right corner
2025-04-11 17:01:18,656 - WARNING - Standard approach failed: Message: 
Stacktrace:
	GetHandleVerifier [0x012480E3+60707]
	GetHandleVerifier [0x01248124+60772]
	(No symbol) [0x01070683]
	(No symbol) [0x010B8660]
	(No symbol) [0x010B89FB]
	(No symbol) [0x01101022]
	(No symbol) [0x010DD094]
	(No symbol) [0x010FE824]
	(No symbol) [0x010DCE46]
	(No symbol) [0x010AC5D3]
	(No symbol) [0x010AD424]
	GetHandleVerifier [0x0148BBC3+2435075]
	GetHandleVerifier [0x01487163+2416035]
	GetHandleVerifier [0x014A350C+2531660]
	GetHandleVerifier [0x0125F1B5+155125]
	GetHandleVerifier [0x01265B5D+182173]
	GetHandleVerifier [0x0124F9B8+91640]
	GetHandleVerifier [0x0124FB60+92064]
	GetHandleVerifier [0x0123A620+4704]
	BaseThreadInitThunk [0x75897BA9+25]
	RtlInitializeExceptionChain [0x7765C2EB+107]
	RtlClearBits [0x7765C26F+191]

2025-04-11 17:01:18,876 - INFO - JavaScript result: Clicked Save button by text
2025-04-11 17:01:18,876 - INFO - Successfully clicked Save button using JavaScript
2025-04-11 17:01:28,877 - INFO - Successfully saved product: Mappe für DIN A4 2-teilig mit 2 Laschen, 4/4 farbig (Außenseite bedruckt), mit Glanzfolie kaschiert
2025-04-11 17:01:31,083 - INFO - Browser closed
