2025-04-11 12:39:35,933 - INFO - Logging initialized. Log file: C:\Users\g.yilmaz\Desktop\Magento_otomation\Done\logs\printnet_automation_20250411_123935.log
2025-04-11 12:39:35,938 - INFO - Logging initialized. Log file: C:\Users\g.yilmaz\Desktop\Magento_otomation\Done\logs\skynet_fixed_price_20250411_123935.log
2025-04-11 12:39:35,943 - INFO - Logging initialized. Log file: C:\Users\g.yilmaz\Desktop\Magento_otomation\Done\logs\printnet_fixed_price_20250411_123935.log
2025-04-11 12:39:35,961 - INFO - Logging initialized. Log file: C:\Users\g.yilmaz\Desktop\Magento_otomation\Done\logs\skynet_page_options_20250411_123935.log
2025-04-11 12:39:37,832 - INFO - Toplam 2 ürün eklenecek.
2025-04-11 12:39:37,833 - INFO - ====== WebDriver manager ======
2025-04-11 12:39:38,913 - INFO - Get LATEST chromedriver version for google-chrome
2025-04-11 12:39:38,994 - INFO - Get LATEST chromedriver version for google-chrome
2025-04-11 12:39:39,049 - INFO - Driver [C:\Users\g.yilmaz\.wdm\drivers\chromedriver\win64\135.0.7049.84\chromedriver-win32/chromedriver.exe] found in cache
2025-04-11 12:39:40,099 - INFO - Chrome WebDriver initialized successfully
2025-04-11 12:39:40,099 - INFO - Navigating to https://skynet.networkhero.eu/y5id_dashboard/admin/
2025-04-11 12:39:41,006 - INFO - Username entered
2025-04-11 12:39:41,096 - INFO - Password entered
2025-04-11 12:39:41,539 - INFO - Login button clicked
2025-04-11 12:39:41,539 - INFO - Waiting for you to enter Google Authenticator code...
2025-04-11 12:39:52,849 - INFO - Login successful
2025-04-11 12:39:52,849 - INFO - Clicking on CLOUDLAB icon using the Catalog approach...
2025-04-11 12:39:52,866 - INFO - Clicked on CLOUDLAB icon using Catalog approach
2025-04-11 12:39:52,866 - INFO - Successfully clicked on CloudLab
2025-04-11 12:39:52,866 - INFO - Clicking on Page Options submenu...
2025-04-11 12:39:53,097 - INFO - Clicked on Page Options using XPath approach
2025-04-11 12:39:53,116 - INFO - Successfully navigated to Page Options page
2025-04-11 12:39:53,117 - INFO - Successfully clicked on Page Options
2025-04-11 12:39:53,117 - INFO - Looking for Code search field
2025-04-11 12:39:53,236 - INFO - Entered 'paper_wmd' in Code search field
2025-04-11 12:39:54,276 - WARNING - Could not find search button, trying to press Enter instead: Message: 

2025-04-11 12:39:54,310 - INFO - Pressed Enter to search
2025-04-11 12:39:54,314 - INFO - Looking for the second Material option in search results
2025-04-11 12:39:54,338 - INFO - Found 20 rows in the search results
2025-04-11 12:39:54,420 - WARNING - Error processing row: Message: stale element reference: stale element not found in the current frame
  (Session info: chrome=135.0.7049.85); For documentation on this error, please visit: https://www.selenium.dev/documentation/webdriver/troubleshooting/errors#stale-element-reference-exception
Stacktrace:
	GetHandleVerifier [0x012480E3+60707]
	GetHandleVerifier [0x01248124+60772]
	(No symbol) [0x01070683]
	(No symbol) [0x01076DE7]
	(No symbol) [0x010790DA]
	(No symbol) [0x01079157]
	(No symbol) [0x010B7EF4]
	(No symbol) [0x010B89FB]
	(No symbol) [0x010AE131]
	(No symbol) [0x010DD094]
	(No symbol) [0x010ADCA4]
	(No symbol) [0x010DD2C4]
	(No symbol) [0x010FE824]
	(No symbol) [0x010DCE46]
	(No symbol) [0x010AC5D3]
	(No symbol) [0x010AD424]
	GetHandleVerifier [0x0148BBC3+2435075]
	GetHandleVerifier [0x01487163+2416035]
	GetHandleVerifier [0x014A350C+2531660]
	GetHandleVerifier [0x0125F1B5+155125]
	GetHandleVerifier [0x01265B5D+182173]
	GetHandleVerifier [0x0124F9B8+91640]
	GetHandleVerifier [0x0124FB60+92064]
	GetHandleVerifier [0x0123A620+4704]
	BaseThreadInitThunk [0x75897BA9+25]
	RtlInitializeExceptionChain [0x7765C2EB+107]
	RtlClearBits [0x7765C26F+191]

2025-04-11 12:39:54,425 - WARNING - Error processing row: Message: stale element reference: stale element not found in the current frame
  (Session info: chrome=135.0.7049.85); For documentation on this error, please visit: https://www.selenium.dev/documentation/webdriver/troubleshooting/errors#stale-element-reference-exception
Stacktrace:
	GetHandleVerifier [0x012480E3+60707]
	GetHandleVerifier [0x01248124+60772]
	(No symbol) [0x01070683]
	(No symbol) [0x01076DE7]
	(No symbol) [0x010790DA]
	(No symbol) [0x01079157]
	(No symbol) [0x010B7EF4]
	(No symbol) [0x010B89FB]
	(No symbol) [0x010AE131]
	(No symbol) [0x010DD094]
	(No symbol) [0x010ADCA4]
	(No symbol) [0x010DD2C4]
	(No symbol) [0x010FE824]
	(No symbol) [0x010DCE46]
	(No symbol) [0x010AC5D3]
	(No symbol) [0x010AD424]
	GetHandleVerifier [0x0148BBC3+2435075]
	GetHandleVerifier [0x01487163+2416035]
	GetHandleVerifier [0x014A350C+2531660]
	GetHandleVerifier [0x0125F1B5+155125]
	GetHandleVerifier [0x01265B5D+182173]
	GetHandleVerifier [0x0124F9B8+91640]
	GetHandleVerifier [0x0124FB60+92064]
	GetHandleVerifier [0x0123A620+4704]
	BaseThreadInitThunk [0x75897BA9+25]
	RtlInitializeExceptionChain [0x7765C2EB+107]
	RtlClearBits [0x7765C26F+191]

2025-04-11 12:39:54,431 - WARNING - Error processing row: Message: stale element reference: stale element not found in the current frame
  (Session info: chrome=135.0.7049.85); For documentation on this error, please visit: https://www.selenium.dev/documentation/webdriver/troubleshooting/errors#stale-element-reference-exception
Stacktrace:
	GetHandleVerifier [0x012480E3+60707]
	GetHandleVerifier [0x01248124+60772]
	(No symbol) [0x01070683]
	(No symbol) [0x01076DE7]
	(No symbol) [0x010790DA]
	(No symbol) [0x01079157]
	(No symbol) [0x010B7EF4]
	(No symbol) [0x010B89FB]
	(No symbol) [0x010AE131]
	(No symbol) [0x010DD094]
	(No symbol) [0x010ADCA4]
	(No symbol) [0x010DD2C4]
	(No symbol) [0x010FE824]
	(No symbol) [0x010DCE46]
	(No symbol) [0x010AC5D3]
	(No symbol) [0x010AD424]
	GetHandleVerifier [0x0148BBC3+2435075]
	GetHandleVerifier [0x01487163+2416035]
	GetHandleVerifier [0x014A350C+2531660]
	GetHandleVerifier [0x0125F1B5+155125]
	GetHandleVerifier [0x01265B5D+182173]
	GetHandleVerifier [0x0124F9B8+91640]
	GetHandleVerifier [0x0124FB60+92064]
	GetHandleVerifier [0x0123A620+4704]
	BaseThreadInitThunk [0x75897BA9+25]
	RtlInitializeExceptionChain [0x7765C2EB+107]
	RtlClearBits [0x7765C26F+191]

2025-04-11 12:39:54,437 - WARNING - Error processing row: Message: stale element reference: stale element not found in the current frame
  (Session info: chrome=135.0.7049.85); For documentation on this error, please visit: https://www.selenium.dev/documentation/webdriver/troubleshooting/errors#stale-element-reference-exception
Stacktrace:
	GetHandleVerifier [0x012480E3+60707]
	GetHandleVerifier [0x01248124+60772]
	(No symbol) [0x01070683]
	(No symbol) [0x01076DE7]
	(No symbol) [0x010790DA]
	(No symbol) [0x01079157]
	(No symbol) [0x010B7EF4]
	(No symbol) [0x010B89FB]
	(No symbol) [0x010AE131]
	(No symbol) [0x010DD094]
	(No symbol) [0x010ADCA4]
	(No symbol) [0x010DD2C4]
	(No symbol) [0x010FE824]
	(No symbol) [0x010DCE46]
	(No symbol) [0x010AC5D3]
	(No symbol) [0x010AD424]
	GetHandleVerifier [0x0148BBC3+2435075]
	GetHandleVerifier [0x01487163+2416035]
	GetHandleVerifier [0x014A350C+2531660]
	GetHandleVerifier [0x0125F1B5+155125]
	GetHandleVerifier [0x01265B5D+182173]
	GetHandleVerifier [0x0124F9B8+91640]
	GetHandleVerifier [0x0124FB60+92064]
	GetHandleVerifier [0x0123A620+4704]
	BaseThreadInitThunk [0x75897BA9+25]
	RtlInitializeExceptionChain [0x7765C2EB+107]
	RtlClearBits [0x7765C26F+191]

2025-04-11 12:39:54,442 - WARNING - Error processing row: Message: stale element reference: stale element not found in the current frame
  (Session info: chrome=135.0.7049.85); For documentation on this error, please visit: https://www.selenium.dev/documentation/webdriver/troubleshooting/errors#stale-element-reference-exception
Stacktrace:
	GetHandleVerifier [0x012480E3+60707]
	GetHandleVerifier [0x01248124+60772]
	(No symbol) [0x01070683]
	(No symbol) [0x01076DE7]
	(No symbol) [0x010790DA]
	(No symbol) [0x01079157]
	(No symbol) [0x010B7EF4]
	(No symbol) [0x010B89FB]
	(No symbol) [0x010AE131]
	(No symbol) [0x010DD094]
	(No symbol) [0x010ADCA4]
	(No symbol) [0x010DD2C4]
	(No symbol) [0x010FE824]
	(No symbol) [0x010DCE46]
	(No symbol) [0x010AC5D3]
	(No symbol) [0x010AD424]
	GetHandleVerifier [0x0148BBC3+2435075]
	GetHandleVerifier [0x01487163+2416035]
	GetHandleVerifier [0x014A350C+2531660]
	GetHandleVerifier [0x0125F1B5+155125]
	GetHandleVerifier [0x01265B5D+182173]
	GetHandleVerifier [0x0124F9B8+91640]
	GetHandleVerifier [0x0124FB60+92064]
	GetHandleVerifier [0x0123A620+4704]
	BaseThreadInitThunk [0x75897BA9+25]
	RtlInitializeExceptionChain [0x7765C2EB+107]
	RtlClearBits [0x7765C26F+191]

2025-04-11 12:39:54,449 - WARNING - Error processing row: Message: stale element reference: stale element not found in the current frame
  (Session info: chrome=135.0.7049.85); For documentation on this error, please visit: https://www.selenium.dev/documentation/webdriver/troubleshooting/errors#stale-element-reference-exception
Stacktrace:
	GetHandleVerifier [0x012480E3+60707]
	GetHandleVerifier [0x01248124+60772]
	(No symbol) [0x01070683]
	(No symbol) [0x01076DE7]
	(No symbol) [0x010790DA]
	(No symbol) [0x01079157]
	(No symbol) [0x010B7EF4]
	(No symbol) [0x010B89FB]
	(No symbol) [0x010AE131]
	(No symbol) [0x010DD094]
	(No symbol) [0x010ADCA4]
	(No symbol) [0x010DD2C4]
	(No symbol) [0x010FE824]
	(No symbol) [0x010DCE46]
	(No symbol) [0x010AC5D3]
	(No symbol) [0x010AD424]
	GetHandleVerifier [0x0148BBC3+2435075]
	GetHandleVerifier [0x01487163+2416035]
	GetHandleVerifier [0x014A350C+2531660]
	GetHandleVerifier [0x0125F1B5+155125]
	GetHandleVerifier [0x01265B5D+182173]
	GetHandleVerifier [0x0124F9B8+91640]
	GetHandleVerifier [0x0124FB60+92064]
	GetHandleVerifier [0x0123A620+4704]
	BaseThreadInitThunk [0x75897BA9+25]
	RtlInitializeExceptionChain [0x7765C2EB+107]
	RtlClearBits [0x7765C26F+191]

2025-04-11 12:39:54,455 - WARNING - Error processing row: Message: stale element reference: stale element not found in the current frame
  (Session info: chrome=135.0.7049.85); For documentation on this error, please visit: https://www.selenium.dev/documentation/webdriver/troubleshooting/errors#stale-element-reference-exception
Stacktrace:
	GetHandleVerifier [0x012480E3+60707]
	GetHandleVerifier [0x01248124+60772]
	(No symbol) [0x01070683]
	(No symbol) [0x01076DE7]
	(No symbol) [0x010790DA]
	(No symbol) [0x01079157]
	(No symbol) [0x010B7EF4]
	(No symbol) [0x010B89FB]
	(No symbol) [0x010AE131]
	(No symbol) [0x010DD094]
	(No symbol) [0x010ADCA4]
	(No symbol) [0x010DD2C4]
	(No symbol) [0x010FE824]
	(No symbol) [0x010DCE46]
	(No symbol) [0x010AC5D3]
	(No symbol) [0x010AD424]
	GetHandleVerifier [0x0148BBC3+2435075]
	GetHandleVerifier [0x01487163+2416035]
	GetHandleVerifier [0x014A350C+2531660]
	GetHandleVerifier [0x0125F1B5+155125]
	GetHandleVerifier [0x01265B5D+182173]
	GetHandleVerifier [0x0124F9B8+91640]
	GetHandleVerifier [0x0124FB60+92064]
	GetHandleVerifier [0x0123A620+4704]
	BaseThreadInitThunk [0x75897BA9+25]
	RtlInitializeExceptionChain [0x7765C2EB+107]
	RtlClearBits [0x7765C26F+191]

2025-04-11 12:39:54,462 - WARNING - Error processing row: Message: stale element reference: stale element not found in the current frame
  (Session info: chrome=135.0.7049.85); For documentation on this error, please visit: https://www.selenium.dev/documentation/webdriver/troubleshooting/errors#stale-element-reference-exception
Stacktrace:
	GetHandleVerifier [0x012480E3+60707]
	GetHandleVerifier [0x01248124+60772]
	(No symbol) [0x01070683]
	(No symbol) [0x01076DE7]
	(No symbol) [0x010790DA]
	(No symbol) [0x01079157]
	(No symbol) [0x010B7EF4]
	(No symbol) [0x010B89FB]
	(No symbol) [0x010AE131]
	(No symbol) [0x010DD094]
	(No symbol) [0x010ADCA4]
	(No symbol) [0x010DD2C4]
	(No symbol) [0x010FE824]
	(No symbol) [0x010DCE46]
	(No symbol) [0x010AC5D3]
	(No symbol) [0x010AD424]
	GetHandleVerifier [0x0148BBC3+2435075]
	GetHandleVerifier [0x01487163+2416035]
	GetHandleVerifier [0x014A350C+2531660]
	GetHandleVerifier [0x0125F1B5+155125]
	GetHandleVerifier [0x01265B5D+182173]
	GetHandleVerifier [0x0124F9B8+91640]
	GetHandleVerifier [0x0124FB60+92064]
	GetHandleVerifier [0x0123A620+4704]
	BaseThreadInitThunk [0x75897BA9+25]
	RtlInitializeExceptionChain [0x7765C2EB+107]
	RtlClearBits [0x7765C26F+191]

2025-04-11 12:39:54,467 - WARNING - Error processing row: Message: stale element reference: stale element not found in the current frame
  (Session info: chrome=135.0.7049.85); For documentation on this error, please visit: https://www.selenium.dev/documentation/webdriver/troubleshooting/errors#stale-element-reference-exception
Stacktrace:
	GetHandleVerifier [0x012480E3+60707]
	GetHandleVerifier [0x01248124+60772]
	(No symbol) [0x01070683]
	(No symbol) [0x01076DE7]
	(No symbol) [0x010790DA]
	(No symbol) [0x01079157]
	(No symbol) [0x010B7EF4]
	(No symbol) [0x010B89FB]
	(No symbol) [0x010AE131]
	(No symbol) [0x010DD094]
	(No symbol) [0x010ADCA4]
	(No symbol) [0x010DD2C4]
	(No symbol) [0x010FE824]
	(No symbol) [0x010DCE46]
	(No symbol) [0x010AC5D3]
	(No symbol) [0x010AD424]
	GetHandleVerifier [0x0148BBC3+2435075]
	GetHandleVerifier [0x01487163+2416035]
	GetHandleVerifier [0x014A350C+2531660]
	GetHandleVerifier [0x0125F1B5+155125]
	GetHandleVerifier [0x01265B5D+182173]
	GetHandleVerifier [0x0124F9B8+91640]
	GetHandleVerifier [0x0124FB60+92064]
	GetHandleVerifier [0x0123A620+4704]
	BaseThreadInitThunk [0x75897BA9+25]
	RtlInitializeExceptionChain [0x7765C2EB+107]
	RtlClearBits [0x7765C26F+191]

2025-04-11 12:39:54,473 - WARNING - Error processing row: Message: stale element reference: stale element not found in the current frame
  (Session info: chrome=135.0.7049.85); For documentation on this error, please visit: https://www.selenium.dev/documentation/webdriver/troubleshooting/errors#stale-element-reference-exception
Stacktrace:
	GetHandleVerifier [0x012480E3+60707]
	GetHandleVerifier [0x01248124+60772]
	(No symbol) [0x01070683]
	(No symbol) [0x01076DE7]
	(No symbol) [0x010790DA]
	(No symbol) [0x01079157]
	(No symbol) [0x010B7EF4]
	(No symbol) [0x010B89FB]
	(No symbol) [0x010AE131]
	(No symbol) [0x010DD094]
	(No symbol) [0x010ADCA4]
	(No symbol) [0x010DD2C4]
	(No symbol) [0x010FE824]
	(No symbol) [0x010DCE46]
	(No symbol) [0x010AC5D3]
	(No symbol) [0x010AD424]
	GetHandleVerifier [0x0148BBC3+2435075]
	GetHandleVerifier [0x01487163+2416035]
	GetHandleVerifier [0x014A350C+2531660]
	GetHandleVerifier [0x0125F1B5+155125]
	GetHandleVerifier [0x01265B5D+182173]
	GetHandleVerifier [0x0124F9B8+91640]
	GetHandleVerifier [0x0124FB60+92064]
	GetHandleVerifier [0x0123A620+4704]
	BaseThreadInitThunk [0x75897BA9+25]
	RtlInitializeExceptionChain [0x7765C2EB+107]
	RtlClearBits [0x7765C26F+191]

2025-04-11 12:39:54,480 - WARNING - Error processing row: Message: stale element reference: stale element not found in the current frame
  (Session info: chrome=135.0.7049.85); For documentation on this error, please visit: https://www.selenium.dev/documentation/webdriver/troubleshooting/errors#stale-element-reference-exception
Stacktrace:
	GetHandleVerifier [0x012480E3+60707]
	GetHandleVerifier [0x01248124+60772]
	(No symbol) [0x01070683]
	(No symbol) [0x01076DE7]
	(No symbol) [0x010790DA]
	(No symbol) [0x01079157]
	(No symbol) [0x010B7EF4]
	(No symbol) [0x010B89FB]
	(No symbol) [0x010AE131]
	(No symbol) [0x010DD094]
	(No symbol) [0x010ADCA4]
	(No symbol) [0x010DD2C4]
	(No symbol) [0x010FE824]
	(No symbol) [0x010DCE46]
	(No symbol) [0x010AC5D3]
	(No symbol) [0x010AD424]
	GetHandleVerifier [0x0148BBC3+2435075]
	GetHandleVerifier [0x01487163+2416035]
	GetHandleVerifier [0x014A350C+2531660]
	GetHandleVerifier [0x0125F1B5+155125]
	GetHandleVerifier [0x01265B5D+182173]
	GetHandleVerifier [0x0124F9B8+91640]
	GetHandleVerifier [0x0124FB60+92064]
	GetHandleVerifier [0x0123A620+4704]
	BaseThreadInitThunk [0x75897BA9+25]
	RtlInitializeExceptionChain [0x7765C2EB+107]
	RtlClearBits [0x7765C26F+191]

2025-04-11 12:39:54,483 - WARNING - Error processing row: Message: stale element reference: stale element not found in the current frame
  (Session info: chrome=135.0.7049.85); For documentation on this error, please visit: https://www.selenium.dev/documentation/webdriver/troubleshooting/errors#stale-element-reference-exception
Stacktrace:
	GetHandleVerifier [0x012480E3+60707]
	GetHandleVerifier [0x01248124+60772]
	(No symbol) [0x01070683]
	(No symbol) [0x01076DE7]
	(No symbol) [0x010790DA]
	(No symbol) [0x01079157]
	(No symbol) [0x010B7EF4]
	(No symbol) [0x010B89FB]
	(No symbol) [0x010AE131]
	(No symbol) [0x010DD094]
	(No symbol) [0x010ADCA4]
	(No symbol) [0x010DD2C4]
	(No symbol) [0x010FE824]
	(No symbol) [0x010DCE46]
	(No symbol) [0x010AC5D3]
	(No symbol) [0x010AD424]
	GetHandleVerifier [0x0148BBC3+2435075]
	GetHandleVerifier [0x01487163+2416035]
	GetHandleVerifier [0x014A350C+2531660]
	GetHandleVerifier [0x0125F1B5+155125]
	GetHandleVerifier [0x01265B5D+182173]
	GetHandleVerifier [0x0124F9B8+91640]
	GetHandleVerifier [0x0124FB60+92064]
	GetHandleVerifier [0x0123A620+4704]
	BaseThreadInitThunk [0x75897BA9+25]
	RtlInitializeExceptionChain [0x7765C2EB+107]
	RtlClearBits [0x7765C26F+191]

2025-04-11 12:39:54,490 - WARNING - Error processing row: Message: stale element reference: stale element not found in the current frame
  (Session info: chrome=135.0.7049.85); For documentation on this error, please visit: https://www.selenium.dev/documentation/webdriver/troubleshooting/errors#stale-element-reference-exception
Stacktrace:
	GetHandleVerifier [0x012480E3+60707]
	GetHandleVerifier [0x01248124+60772]
	(No symbol) [0x01070683]
	(No symbol) [0x01076DE7]
	(No symbol) [0x010790DA]
	(No symbol) [0x01079157]
	(No symbol) [0x010B7EF4]
	(No symbol) [0x010B89FB]
	(No symbol) [0x010AE131]
	(No symbol) [0x010DD094]
	(No symbol) [0x010ADCA4]
	(No symbol) [0x010DD2C4]
	(No symbol) [0x010FE824]
	(No symbol) [0x010DCE46]
	(No symbol) [0x010AC5D3]
	(No symbol) [0x010AD424]
	GetHandleVerifier [0x0148BBC3+2435075]
	GetHandleVerifier [0x01487163+2416035]
	GetHandleVerifier [0x014A350C+2531660]
	GetHandleVerifier [0x0125F1B5+155125]
	GetHandleVerifier [0x01265B5D+182173]
	GetHandleVerifier [0x0124F9B8+91640]
	GetHandleVerifier [0x0124FB60+92064]
	GetHandleVerifier [0x0123A620+4704]
	BaseThreadInitThunk [0x75897BA9+25]
	RtlInitializeExceptionChain [0x7765C2EB+107]
	RtlClearBits [0x7765C26F+191]

2025-04-11 12:39:54,497 - WARNING - Error processing row: Message: stale element reference: stale element not found in the current frame
  (Session info: chrome=135.0.7049.85); For documentation on this error, please visit: https://www.selenium.dev/documentation/webdriver/troubleshooting/errors#stale-element-reference-exception
Stacktrace:
	GetHandleVerifier [0x012480E3+60707]
	GetHandleVerifier [0x01248124+60772]
	(No symbol) [0x01070683]
	(No symbol) [0x01076DE7]
	(No symbol) [0x010790DA]
	(No symbol) [0x01079157]
	(No symbol) [0x010B7EF4]
	(No symbol) [0x010B89FB]
	(No symbol) [0x010AE131]
	(No symbol) [0x010DD094]
	(No symbol) [0x010ADCA4]
	(No symbol) [0x010DD2C4]
	(No symbol) [0x010FE824]
	(No symbol) [0x010DCE46]
	(No symbol) [0x010AC5D3]
	(No symbol) [0x010AD424]
	GetHandleVerifier [0x0148BBC3+2435075]
	GetHandleVerifier [0x01487163+2416035]
	GetHandleVerifier [0x014A350C+2531660]
	GetHandleVerifier [0x0125F1B5+155125]
	GetHandleVerifier [0x01265B5D+182173]
	GetHandleVerifier [0x0124F9B8+91640]
	GetHandleVerifier [0x0124FB60+92064]
	GetHandleVerifier [0x0123A620+4704]
	BaseThreadInitThunk [0x75897BA9+25]
	RtlInitializeExceptionChain [0x7765C2EB+107]
	RtlClearBits [0x7765C26F+191]

2025-04-11 12:39:54,503 - WARNING - Error processing row: Message: stale element reference: stale element not found in the current frame
  (Session info: chrome=135.0.7049.85); For documentation on this error, please visit: https://www.selenium.dev/documentation/webdriver/troubleshooting/errors#stale-element-reference-exception
Stacktrace:
	GetHandleVerifier [0x012480E3+60707]
	GetHandleVerifier [0x01248124+60772]
	(No symbol) [0x01070683]
	(No symbol) [0x01076DE7]
	(No symbol) [0x010790DA]
	(No symbol) [0x01079157]
	(No symbol) [0x010B7EF4]
	(No symbol) [0x010B89FB]
	(No symbol) [0x010AE131]
	(No symbol) [0x010DD094]
	(No symbol) [0x010ADCA4]
	(No symbol) [0x010DD2C4]
	(No symbol) [0x010FE824]
	(No symbol) [0x010DCE46]
	(No symbol) [0x010AC5D3]
	(No symbol) [0x010AD424]
	GetHandleVerifier [0x0148BBC3+2435075]
	GetHandleVerifier [0x01487163+2416035]
	GetHandleVerifier [0x014A350C+2531660]
	GetHandleVerifier [0x0125F1B5+155125]
	GetHandleVerifier [0x01265B5D+182173]
	GetHandleVerifier [0x0124F9B8+91640]
	GetHandleVerifier [0x0124FB60+92064]
	GetHandleVerifier [0x0123A620+4704]
	BaseThreadInitThunk [0x75897BA9+25]
	RtlInitializeExceptionChain [0x7765C2EB+107]
	RtlClearBits [0x7765C26F+191]

2025-04-11 12:39:54,508 - WARNING - Error processing row: Message: stale element reference: stale element not found in the current frame
  (Session info: chrome=135.0.7049.85); For documentation on this error, please visit: https://www.selenium.dev/documentation/webdriver/troubleshooting/errors#stale-element-reference-exception
Stacktrace:
	GetHandleVerifier [0x012480E3+60707]
	GetHandleVerifier [0x01248124+60772]
	(No symbol) [0x01070683]
	(No symbol) [0x01076DE7]
	(No symbol) [0x010790DA]
	(No symbol) [0x01079157]
	(No symbol) [0x010B7EF4]
	(No symbol) [0x010B89FB]
	(No symbol) [0x010AE131]
	(No symbol) [0x010DD094]
	(No symbol) [0x010ADCA4]
	(No symbol) [0x010DD2C4]
	(No symbol) [0x010FE824]
	(No symbol) [0x010DCE46]
	(No symbol) [0x010AC5D3]
	(No symbol) [0x010AD424]
	GetHandleVerifier [0x0148BBC3+2435075]
	GetHandleVerifier [0x01487163+2416035]
	GetHandleVerifier [0x014A350C+2531660]
	GetHandleVerifier [0x0125F1B5+155125]
	GetHandleVerifier [0x01265B5D+182173]
	GetHandleVerifier [0x0124F9B8+91640]
	GetHandleVerifier [0x0124FB60+92064]
	GetHandleVerifier [0x0123A620+4704]
	BaseThreadInitThunk [0x75897BA9+25]
	RtlInitializeExceptionChain [0x7765C2EB+107]
	RtlClearBits [0x7765C26F+191]

2025-04-11 12:39:54,514 - WARNING - Error processing row: Message: stale element reference: stale element not found in the current frame
  (Session info: chrome=135.0.7049.85); For documentation on this error, please visit: https://www.selenium.dev/documentation/webdriver/troubleshooting/errors#stale-element-reference-exception
Stacktrace:
	GetHandleVerifier [0x012480E3+60707]
	GetHandleVerifier [0x01248124+60772]
	(No symbol) [0x01070683]
	(No symbol) [0x01076DE7]
	(No symbol) [0x010790DA]
	(No symbol) [0x01079157]
	(No symbol) [0x010B7EF4]
	(No symbol) [0x010B89FB]
	(No symbol) [0x010AE131]
	(No symbol) [0x010DD094]
	(No symbol) [0x010ADCA4]
	(No symbol) [0x010DD2C4]
	(No symbol) [0x010FE824]
	(No symbol) [0x010DCE46]
	(No symbol) [0x010AC5D3]
	(No symbol) [0x010AD424]
	GetHandleVerifier [0x0148BBC3+2435075]
	GetHandleVerifier [0x01487163+2416035]
	GetHandleVerifier [0x014A350C+2531660]
	GetHandleVerifier [0x0125F1B5+155125]
	GetHandleVerifier [0x01265B5D+182173]
	GetHandleVerifier [0x0124F9B8+91640]
	GetHandleVerifier [0x0124FB60+92064]
	GetHandleVerifier [0x0123A620+4704]
	BaseThreadInitThunk [0x75897BA9+25]
	RtlInitializeExceptionChain [0x7765C2EB+107]
	RtlClearBits [0x7765C26F+191]

2025-04-11 12:39:54,519 - WARNING - Error processing row: Message: stale element reference: stale element not found in the current frame
  (Session info: chrome=135.0.7049.85); For documentation on this error, please visit: https://www.selenium.dev/documentation/webdriver/troubleshooting/errors#stale-element-reference-exception
Stacktrace:
	GetHandleVerifier [0x012480E3+60707]
	GetHandleVerifier [0x01248124+60772]
	(No symbol) [0x01070683]
	(No symbol) [0x01076DE7]
	(No symbol) [0x010790DA]
	(No symbol) [0x01079157]
	(No symbol) [0x010B7EF4]
	(No symbol) [0x010B89FB]
	(No symbol) [0x010AE131]
	(No symbol) [0x010DD094]
	(No symbol) [0x010ADCA4]
	(No symbol) [0x010DD2C4]
	(No symbol) [0x010FE824]
	(No symbol) [0x010DCE46]
	(No symbol) [0x010AC5D3]
	(No symbol) [0x010AD424]
	GetHandleVerifier [0x0148BBC3+2435075]
	GetHandleVerifier [0x01487163+2416035]
	GetHandleVerifier [0x014A350C+2531660]
	GetHandleVerifier [0x0125F1B5+155125]
	GetHandleVerifier [0x01265B5D+182173]
	GetHandleVerifier [0x0124F9B8+91640]
	GetHandleVerifier [0x0124FB60+92064]
	GetHandleVerifier [0x0123A620+4704]
	BaseThreadInitThunk [0x75897BA9+25]
	RtlInitializeExceptionChain [0x7765C2EB+107]
	RtlClearBits [0x7765C26F+191]

2025-04-11 12:39:54,521 - WARNING - Not enough rows found in search results
2025-04-11 12:39:54,701 - INFO - Clicked on the first available Material element
2025-04-11 12:39:54,701 - INFO - Successfully completed search and click workflow
2025-04-11 12:39:54,703 - INFO - Looking for Page Option Values section
2025-04-11 12:39:54,721 - INFO - Scrolling down to find Page Option Values
2025-04-11 12:39:55,789 - INFO - Clicked on Page Option Values section
2025-04-11 12:40:00,377 - INFO - Successfully found and clicked button via JavaScript: Clicked button: 
    add new value

2025-04-11 12:40:00,377 - INFO - Successfully clicked on Page Option Values and Add new Value
2025-04-11 12:40:00,377 - INFO - Parsed 1 materials from name value: ['0,36 mm starker Bilderdruckkarton 350g matt (zertifiziert mit FSC-Siegel), mittlere Steifigkeit']
2025-04-11 12:40:00,377 - INFO - Parsed 1 materials from code value: ['mappe_a4_2t_44_folie_softfeel_0_36mm_bilderdruckkarton_350g_matt_fsc']
2025-04-11 12:40:00,377 - INFO - Processing material 1/1: Name=0,36 mm starker Bilderdruckkarton 350g matt (zertifiziert mit FSC-Siegel), mittlere Steifigkeit, Code=mappe_a4_2t_44_folie_softfeel_0_36mm_bilderdruckkarton_350g_matt_fsc, Position=0
2025-04-11 12:40:02,500 - INFO - JavaScript fill result for material 1: {'codeFieldFound': True, 'codeFieldValue': 'mappe_a4_2t_44_folie_softfeel_0_36mm_bilderdruckkarton_350g_matt_fsc', 'nameFieldFound': True, 'nameFieldValue': '0,36 mm starker Bilderdruckkarton 350g matt (zertifiziert mit FSC-Siegel), mittlere Steifigkeit', 'positionFieldFound': True, 'positionFieldValue': '0'}
2025-04-11 12:40:03,608 - INFO - Starting popup modal Save button click function
2025-04-11 12:40:03,618 - INFO - Found modal popup
2025-04-11 12:40:03,627 - WARNING - Could not find Save button in modal: Message: no such element: Unable to locate element: {"method":"css selector","selector":"button#save, button.action-primary, button[title='Save'], button.primary"}
  (Session info: chrome=135.0.7049.85); For documentation on this error, please visit: https://www.selenium.dev/documentation/webdriver/troubleshooting/errors#no-such-element-exception
Stacktrace:
	GetHandleVerifier [0x012480E3+60707]
	GetHandleVerifier [0x01248124+60772]
	(No symbol) [0x01070683]
	(No symbol) [0x010B8660]
	(No symbol) [0x010B89FB]
	(No symbol) [0x010ADD81]
	(No symbol) [0x010DD094]
	(No symbol) [0x010ADCA4]
	(No symbol) [0x010DD2C4]
	(No symbol) [0x010FE824]
	(No symbol) [0x010DCE46]
	(No symbol) [0x010AC5D3]
	(No symbol) [0x010AD424]
	GetHandleVerifier [0x0148BBC3+2435075]
	GetHandleVerifier [0x01487163+2416035]
	GetHandleVerifier [0x014A350C+2531660]
	GetHandleVerifier [0x0125F1B5+155125]
	GetHandleVerifier [0x01265B5D+182173]
	GetHandleVerifier [0x0124F9B8+91640]
	GetHandleVerifier [0x0124FB60+92064]
	GetHandleVerifier [0x0123A620+4704]
	BaseThreadInitThunk [0x75897BA9+25]
	RtlInitializeExceptionChain [0x7765C2EB+107]
	RtlClearBits [0x7765C26F+191]

2025-04-11 12:40:03,646 - WARNING - Title-based approach failed: Message: no such element: Unable to locate element: {"method":"xpath","selector":"//div[contains(text(), 'Page Option Value')]"}
  (Session info: chrome=135.0.7049.85); For documentation on this error, please visit: https://www.selenium.dev/documentation/webdriver/troubleshooting/errors#no-such-element-exception
Stacktrace:
	GetHandleVerifier [0x012480E3+60707]
	GetHandleVerifier [0x01248124+60772]
	(No symbol) [0x01070683]
	(No symbol) [0x010B8660]
	(No symbol) [0x010B89FB]
	(No symbol) [0x01101022]
	(No symbol) [0x010DD094]
	(No symbol) [0x010FE824]
	(No symbol) [0x010DCE46]
	(No symbol) [0x010AC5D3]
	(No symbol) [0x010AD424]
	GetHandleVerifier [0x0148BBC3+2435075]
	GetHandleVerifier [0x01487163+2416035]
	GetHandleVerifier [0x014A350C+2531660]
	GetHandleVerifier [0x0125F1B5+155125]
	GetHandleVerifier [0x01265B5D+182173]
	GetHandleVerifier [0x0124F9B8+91640]
	GetHandleVerifier [0x0124FB60+92064]
	GetHandleVerifier [0x0123A620+4704]
	BaseThreadInitThunk [0x75897BA9+25]
	RtlInitializeExceptionChain [0x7765C2EB+107]
	RtlClearBits [0x7765C26F+191]

2025-04-11 12:40:03,655 - WARNING - JavaScript approach could not find modal Save button
2025-04-11 12:40:03,655 - INFO - Looking for most recently added Save button
2025-04-11 12:40:04,138 - INFO - Clicked most recently added Save button
2025-04-11 12:40:04,138 - INFO - Successfully saved material 1
2025-04-11 12:40:06,139 - INFO - All materials processed, now clicking main save
2025-04-11 12:40:06,139 - INFO - Refreshing page...
2025-04-11 12:40:06,518 - INFO - Page refreshed successfully
2025-04-11 12:40:07,550 - INFO - Clicked main Save button in top-right corner
2025-04-11 12:40:08,551 - INFO - Successfully saved all page option values
2025-04-11 12:40:08,551 - INFO - Successfully filled and saved the form
2025-04-11 12:40:08,551 - INFO - Starting popup modal Save button click function
2025-04-11 12:40:08,558 - INFO - Found modal popup
2025-04-11 12:40:08,566 - WARNING - Could not find Save button in modal: Message: no such element: Unable to locate element: {"method":"css selector","selector":"button#save, button.action-primary, button[title='Save'], button.primary"}
  (Session info: chrome=135.0.7049.85); For documentation on this error, please visit: https://www.selenium.dev/documentation/webdriver/troubleshooting/errors#no-such-element-exception
Stacktrace:
	GetHandleVerifier [0x012480E3+60707]
	GetHandleVerifier [0x01248124+60772]
	(No symbol) [0x01070683]
	(No symbol) [0x010B8660]
	(No symbol) [0x010B89FB]
	(No symbol) [0x010ADD81]
	(No symbol) [0x010DD094]
	(No symbol) [0x010ADCA4]
	(No symbol) [0x010DD2C4]
	(No symbol) [0x010FE824]
	(No symbol) [0x010DCE46]
	(No symbol) [0x010AC5D3]
	(No symbol) [0x010AD424]
	GetHandleVerifier [0x0148BBC3+2435075]
	GetHandleVerifier [0x01487163+2416035]
	GetHandleVerifier [0x014A350C+2531660]
	GetHandleVerifier [0x0125F1B5+155125]
	GetHandleVerifier [0x01265B5D+182173]
	GetHandleVerifier [0x0124F9B8+91640]
	GetHandleVerifier [0x0124FB60+92064]
	GetHandleVerifier [0x0123A620+4704]
	BaseThreadInitThunk [0x75897BA9+25]
	RtlInitializeExceptionChain [0x7765C2EB+107]
	RtlClearBits [0x7765C26F+191]

2025-04-11 12:40:08,571 - WARNING - Title-based approach failed: Message: no such element: Unable to locate element: {"method":"xpath","selector":"//div[contains(text(), 'Page Option Value')]"}
  (Session info: chrome=135.0.7049.85); For documentation on this error, please visit: https://www.selenium.dev/documentation/webdriver/troubleshooting/errors#no-such-element-exception
Stacktrace:
	GetHandleVerifier [0x012480E3+60707]
	GetHandleVerifier [0x01248124+60772]
	(No symbol) [0x01070683]
	(No symbol) [0x010B8660]
	(No symbol) [0x010B89FB]
	(No symbol) [0x01101022]
	(No symbol) [0x010DD094]
	(No symbol) [0x010FE824]
	(No symbol) [0x010DCE46]
	(No symbol) [0x010AC5D3]
	(No symbol) [0x010AD424]
	GetHandleVerifier [0x0148BBC3+2435075]
	GetHandleVerifier [0x01487163+2416035]
	GetHandleVerifier [0x014A350C+2531660]
	GetHandleVerifier [0x0125F1B5+155125]
	GetHandleVerifier [0x01265B5D+182173]
	GetHandleVerifier [0x0124F9B8+91640]
	GetHandleVerifier [0x0124FB60+92064]
	GetHandleVerifier [0x0123A620+4704]
	BaseThreadInitThunk [0x75897BA9+25]
	RtlInitializeExceptionChain [0x7765C2EB+107]
	RtlClearBits [0x7765C26F+191]

2025-04-11 12:40:08,575 - WARNING - JavaScript approach could not find modal Save button
2025-04-11 12:40:08,576 - INFO - Looking for most recently added Save button
2025-04-11 12:40:08,580 - WARNING - No Save buttons found
2025-04-11 12:40:08,580 - INFO - Successfully clicked modal save button.
2025-04-11 12:40:08,580 - INFO - Refreshing page...
2025-04-11 12:40:08,857 - INFO - Page refreshed successfully
2025-04-11 12:40:10,103 - INFO - Clicked main Save button in top-right corner
2025-04-11 12:40:11,104 - INFO - Successfully clicked modal save button.
2025-04-11 12:40:11,108 - INFO - Starting process to add a new product part from CSV
2025-04-11 12:40:11,108 - INFO - Clicking on CLOUDLAB icon using the Catalog approach...
2025-04-11 12:40:11,125 - INFO - Clicked on CLOUDLAB icon using Catalog approach
2025-04-11 12:40:13,126 - INFO - Clicking on Product Parts submenu using Catalog Products approach...
2025-04-11 12:40:28,346 - WARNING - Catalog approach failed for Product Parts: Message: 
Stacktrace:
	GetHandleVerifier [0x012480E3+60707]
	GetHandleVerifier [0x01248124+60772]
	(No symbol) [0x01070683]
	(No symbol) [0x010B8660]
	(No symbol) [0x010B89FB]
	(No symbol) [0x01101022]
	(No symbol) [0x010DD094]
	(No symbol) [0x010FE824]
	(No symbol) [0x010DCE46]
	(No symbol) [0x010AC5D3]
	(No symbol) [0x010AD424]
	GetHandleVerifier [0x0148BBC3+2435075]
	GetHandleVerifier [0x01487163+2416035]
	GetHandleVerifier [0x014A350C+2531660]
	GetHandleVerifier [0x0125F1B5+155125]
	GetHandleVerifier [0x01265B5D+182173]
	GetHandleVerifier [0x0124F9B8+91640]
	GetHandleVerifier [0x0124FB60+92064]
	GetHandleVerifier [0x0123A620+4704]
	BaseThreadInitThunk [0x75897BA9+25]
	RtlInitializeExceptionChain [0x7765C2EB+107]
	RtlClearBits [0x7765C26F+191]

2025-04-11 12:40:29,973 - INFO - Clicked on Product Parts by text
2025-04-11 12:40:33,037 - INFO - Successfully navigated to Product Parts page
2025-04-11 12:40:33,037 - INFO - Clicking on Add New Part button
2025-04-11 12:40:35,784 - INFO - Clicked on Add New Part button using CSS class
2025-04-11 12:40:35,784 - INFO - Waiting 10 seconds for the form to load completely...
2025-04-11 12:40:45,786 - INFO - Filling Name field
2025-04-11 12:40:45,942 - INFO - Filled Name field with: Mappe für DIN A4 2-teilig, 4/4 farbig (Außenseite bedruckt), mit Softfeel-Folie kaschiert
2025-04-11 12:40:46,943 - INFO - Filling Code field with enhanced approach
2025-04-11 12:40:47,186 - INFO - Filled Code field with: mappe_fuer_din_a4_2_teilig_4_4_farbig_aussenseite_bedruckt_mit_softfeel_folie_kaschiert and triggered validation
2025-04-11 12:40:47,187 - INFO - Attempting to select Material dropdown
2025-04-11 12:40:47,187 - INFO - Attempting to select materials from CSV
2025-04-11 12:40:47,187 - INFO - Found materials from CSV: ['mappe_a4_2t_44_folie_softfeel_0_36mm_bilderdruckkarton_350g_matt_fsc']
2025-04-11 12:40:48,207 - INFO - Found Öffnung element, now looking for Material field below it
2025-04-11 12:40:49,257 - INFO - Found Material element, now looking for select element
2025-04-11 12:40:49,294 - INFO - Found Material select element
2025-04-11 12:40:49,360 - INFO - JavaScript selection result: Selected 1 options: ['0,36 mm starker Bilderdruckkarton 350g matt (zertifiziert mit FSC-Siegel), mittlere Steifigkeit (mappe_a4_2t_44_folie_softfeel_0_36mm_bilderdruckkarton_350g_matt_fsc)']
2025-04-11 12:40:49,361 - INFO - Successfully selected last option in Material dropdown
2025-04-11 12:40:54,361 - INFO - Clicking Save button
2025-04-11 12:40:55,590 - INFO - Clicked Save button via CSS selector
2025-04-11 12:40:55,590 - INFO - Waiting 10 seconds after save...
2025-04-11 12:41:05,591 - INFO - Product part save process completed
2025-04-11 12:41:05,591 - INFO - Successfully added a new product part for product 1
2025-04-11 12:41:05,591 - INFO - Clicking on Catalog icon...
2025-04-11 12:41:07,620 - INFO - Clicking on Products submenu...
2025-04-11 12:41:10,945 - INFO - Clicking on Add Product button...
2025-04-11 12:41:15,467 - INFO - Navigated to Add Product page
2025-04-11 12:41:15,774 - INFO - Product name entered: Mappe für DIN A4 2-teilig, 4/4 farbig (Außenseite bedruckt), mit Softfeel-Folie kaschiert
2025-04-11 12:41:15,876 - INFO - SKU entered: 1004358
2025-04-11 12:41:15,978 - INFO - Price entered: 1.00
2025-04-11 12:41:16,037 - INFO - Quantity entered: 99999999
2025-04-11 12:41:16,037 - INFO - Successfully filled basic info for product: Mappe für DIN A4 2-teilig, 4/4 farbig (Außenseite bedruckt), mit Softfeel-Folie kaschiert
2025-04-11 12:41:16,037 - INFO - Setting 'Is Meter Price' to: Yes
2025-04-11 12:41:16,105 - INFO - Toggle result: Changed 'Is Meter Price' to: Yes
2025-04-11 12:41:16,146 - INFO - Final scroll position: 777px
2025-04-11 12:41:16,146 - ERROR - Failed to set 'Is Meter Price': name 'current_scroll_y' is not defined
2025-04-11 12:41:16,146 - INFO - Attempting final fallback method
2025-04-11 12:41:18,208 - INFO - Clicked toggle using fallback method
2025-04-11 12:41:18,208 - INFO - Selecting Producer: wmd.networkhero.eu with simplified approach
2025-04-11 12:41:19,233 - INFO - JavaScript producer selection result: Selected wmd.networkhero.eu using standard dropdown via JS
2025-04-11 12:41:19,233 - INFO - Setting 'Disable pickup' to: Yes
2025-04-11 12:41:19,240 - INFO - Initial scroll position: 1035px
2025-04-11 12:41:20,756 - INFO - Current scroll position after positioning: 2278px
2025-04-11 12:41:20,773 - INFO - Toggle result: Changed 'Disable pickup' to: Yes
2025-04-11 12:41:20,778 - INFO - Final scroll position: 2278px
2025-04-11 12:41:20,788 - INFO - Validation confirmed 'Disable pickup' setting was applied correctly
2025-04-11 12:41:20,788 - INFO - Scrolling down to find Websites section
2025-04-11 12:41:21,830 - INFO - Expanded Websites section
2025-04-11 12:41:23,858 - INFO - Selected website: Selling Website
2025-04-11 12:41:23,876 - INFO - Selected website: Networkhero
2025-04-11 12:41:23,878 - INFO - Completed website selection
2025-04-11 12:41:23,878 - INFO - Updating Product Type to: Upload + Personalization + Configuration using producer-style approach
2025-04-11 12:41:24,919 - INFO - Clicked Web2Print Settings
2025-04-11 12:41:27,967 - INFO - Clicked General tab
2025-04-11 12:41:29,967 - INFO - Selecting Product Type: Upload + Personalization + Configuration with producer-style approach
2025-04-11 12:41:31,006 - INFO - JavaScript Product Type selection result: Selected Upload + Personalization + Configuration using standard select
2025-04-11 12:41:31,006 - INFO - Setting Price Calculation to Fixed in Matrix tab
2025-04-11 12:41:32,053 - INFO - Clicked Matrix tab
2025-04-11 12:41:34,055 - INFO - Looking for Price Calculation field
2025-04-11 12:41:34,066 - INFO - JavaScript Price Calculation selection result: Selected Fixed using standard select
2025-04-11 12:41:34,068 - INFO - Selecting weekdays in Production Days multiselect
2025-04-11 12:41:35,111 - INFO - Clicked Others tab
2025-04-11 12:41:38,118 - INFO - Approaching Production Days with direct ID
2025-04-11 12:41:48,261 - WARNING - Direct ID approach failed: Message: 
Stacktrace:
	GetHandleVerifier [0x012480E3+60707]
	GetHandleVerifier [0x01248124+60772]
	(No symbol) [0x01070683]
	(No symbol) [0x010B8660]
	(No symbol) [0x010B89FB]
	(No symbol) [0x01101022]
	(No symbol) [0x010DD094]
	(No symbol) [0x010FE824]
	(No symbol) [0x010DCE46]
	(No symbol) [0x010AC5D3]
	(No symbol) [0x010AD424]
	GetHandleVerifier [0x0148BBC3+2435075]
	GetHandleVerifier [0x01487163+2416035]
	GetHandleVerifier [0x014A350C+2531660]
	GetHandleVerifier [0x0125F1B5+155125]
	GetHandleVerifier [0x01265B5D+182173]
	GetHandleVerifier [0x0124F9B8+91640]
	GetHandleVerifier [0x0124FB60+92064]
	GetHandleVerifier [0x0123A620+4704]
	BaseThreadInitThunk [0x75897BA9+25]
	RtlInitializeExceptionChain [0x7765C2EB+107]
	RtlClearBits [0x7765C26F+191]

2025-04-11 12:41:48,261 - INFO - Approaching Production Days via label
2025-04-11 12:41:49,308 - WARNING - Label approach failed: Message: no such element: Unable to locate element: {"method":"css selector","selector":"select.admin__control-multiselect, select[multiple]"}
  (Session info: chrome=135.0.7049.85); For documentation on this error, please visit: https://www.selenium.dev/documentation/webdriver/troubleshooting/errors#no-such-element-exception
Stacktrace:
	GetHandleVerifier [0x012480E3+60707]
	GetHandleVerifier [0x01248124+60772]
	(No symbol) [0x01070683]
	(No symbol) [0x010B8660]
	(No symbol) [0x010B89FB]
	(No symbol) [0x010ADD81]
	(No symbol) [0x010DD094]
	(No symbol) [0x010ADCA4]
	(No symbol) [0x010DD2C4]
	(No symbol) [0x010FE824]
	(No symbol) [0x010DCE46]
	(No symbol) [0x010AC5D3]
	(No symbol) [0x010AD424]
	GetHandleVerifier [0x0148BBC3+2435075]
	GetHandleVerifier [0x01487163+2416035]
	GetHandleVerifier [0x014A350C+2531660]
	GetHandleVerifier [0x0125F1B5+155125]
	GetHandleVerifier [0x01265B5D+182173]
	GetHandleVerifier [0x0124F9B8+91640]
	GetHandleVerifier [0x0124FB60+92064]
	GetHandleVerifier [0x0123A620+4704]
	BaseThreadInitThunk [0x75897BA9+25]
	RtlInitializeExceptionChain [0x7765C2EB+107]
	RtlClearBits [0x7765C26F+191]

2025-04-11 12:41:49,309 - INFO - Trying all multiselects approach
2025-04-11 12:41:49,311 - INFO - Found 1 multiselects
2025-04-11 12:41:50,333 - INFO - JavaScript multiselect 1 result: {'selected': ['Monday', 'Tuesday', 'Wednesday', 'Thursday', 'Friday'], 'success': True}
2025-04-11 12:41:50,333 - INFO - Successfully selected weekdays in multiselect 1
2025-04-11 12:41:50,334 - INFO - Configuring Delivery section with final optimized approach
2025-04-11 12:41:51,866 - INFO - Expansion result: Clicked to expand delivery section
2025-04-11 12:41:53,868 - INFO - Setting VPE value to 9999
2025-04-11 12:41:53,868 - INFO - Setting VPE value to 9999 using optimized method
2025-04-11 12:41:53,876 - INFO - DOM manipulation result: Set VPE value to 9999 via DOM manipulation
2025-04-11 12:41:53,877 - INFO - Selecting VPE Type: Stock
2025-04-11 12:41:53,877 - INFO - Selecting VPE Type: Stock using producer-style approach
2025-04-11 12:41:57,909 - INFO - VPE Type field structure: {'found': True, 'labelRect': {'bottom': 547.515625, 'height': 0, 'left': 489.03125, 'right': 549.75, 'toJSON': {}, 'top': 547.515625, 'width': 60.71875, 'x': 489.03125, 'y': 547.515625}, 'structure': {'dropdownLikeCount': 0, 'fieldClasses': 'admin__field', 'firstSelectClasses': 'admin__control-select', 'firstSelectId': 'Y2BQNRD', 'firstSelectOptions': ['LFM - Running Meter', 'm²', 'Stock'], 'hasField': True, 'hasMultiselect': False, 'selectCount': 1}}
2025-04-11 12:41:57,911 - INFO - Found traditional select for VPE Type
2025-04-11 12:41:57,917 - INFO - Select result: Selected Stock from VPE Type select
2025-04-11 12:41:57,917 - INFO - Selecting 'Fix Products' option
2025-04-11 12:41:57,924 - INFO - Fix Products selection result: Selected Fix Products option
2025-04-11 12:41:57,925 - INFO - Successfully configured Delivery section
2025-04-11 12:41:57,925 - INFO - Configuring Print Product Setup with CTRL+click for multiple selection
2025-04-11 12:41:58,979 - INFO - Clicked Print Product Setup
2025-04-11 12:42:00,980 - INFO - Attempting to select the last option in Product Parts list
2025-04-11 12:42:00,996 - INFO - Found Product Parts select element using XPath: //span[text()='Product Parts']/ancestor::div[contains(@class, 'field')]//select
2025-04-11 12:42:06,309 - INFO - Selecting last option (index 1124) of 1125 total options
2025-04-11 12:42:09,768 - INFO - Selected last option by index: 1124
2025-04-11 12:42:13,991 - INFO - Successfully selected: Mappe für DIN A4 2-teilig, 4/4 farbig (Außenseite bedruckt), mit Softfeel-Folie kaschiert ( mappe_fuer_din_a4_2_teilig_4_4_farbig_aussenseite_bedruckt_mit_softfeel_folie_kaschiert )
2025-04-11 12:42:13,998 - INFO - Textarea values set result: {'dateityp': False, 'datencheck': True}
2025-04-11 12:42:13,998 - INFO - Trying multiselect approach with CTRL+click
2025-04-11 12:42:15,065 - INFO - Clicked Standard option
2025-04-11 12:42:16,349 - INFO - CTRL+Clicked Profidatencheck option
2025-04-11 12:42:18,410 - INFO - Clicked PDF-file option
2025-04-11 12:42:19,685 - INFO - CTRL+Clicked Image option
2025-04-11 12:42:20,689 - INFO - Configuring additional settings with improved approach
2025-04-11 12:42:20,689 - INFO - Configuring Lieferung field
2025-04-11 12:42:21,729 - INFO - Lieferung selection result: {'selected': ['Standard ( production_standard )', 'Express ( production_express )', 'Standard Plus ( production_standard_plus )'], 'success': True}
2025-04-11 12:42:21,730 - INFO - Configuring Anzahl field
2025-04-11 12:42:23,280 - INFO - Selected quantity_1
2025-04-11 12:42:23,864 - INFO - Selected quantity_1 using Select class
2025-04-11 12:42:23,864 - INFO - Configuring Proof Group field
2025-04-11 12:42:25,428 - INFO - Selected proof_group_digital
2025-04-11 12:42:26,006 - INFO - Selected proof_group_digital using Select class
2025-04-11 12:42:26,006 - INFO - Configuring Product Personalization Template field
2025-04-11 12:42:27,034 - INFO - Template setting result: {'action': 'selected option', 'element': 'select', 'success': True}
2025-04-11 12:42:27,036 - INFO - Clicking the Save button in the top right corner
2025-04-11 12:42:37,208 - WARNING - Standard approach failed: Message: 
Stacktrace:
	GetHandleVerifier [0x012480E3+60707]
	GetHandleVerifier [0x01248124+60772]
	(No symbol) [0x01070683]
	(No symbol) [0x010B8660]
	(No symbol) [0x010B89FB]
	(No symbol) [0x01101022]
	(No symbol) [0x010DD094]
	(No symbol) [0x010FE824]
	(No symbol) [0x010DCE46]
	(No symbol) [0x010AC5D3]
	(No symbol) [0x010AD424]
	GetHandleVerifier [0x0148BBC3+2435075]
	GetHandleVerifier [0x01487163+2416035]
	GetHandleVerifier [0x014A350C+2531660]
	GetHandleVerifier [0x0125F1B5+155125]
	GetHandleVerifier [0x01265B5D+182173]
	GetHandleVerifier [0x0124F9B8+91640]
	GetHandleVerifier [0x0124FB60+92064]
	GetHandleVerifier [0x0123A620+4704]
	BaseThreadInitThunk [0x75897BA9+25]
	RtlInitializeExceptionChain [0x7765C2EB+107]
	RtlClearBits [0x7765C26F+191]

2025-04-11 12:42:37,414 - INFO - JavaScript result: Clicked Save button by text
2025-04-11 12:42:37,415 - INFO - Successfully clicked Save button using JavaScript
2025-04-11 12:42:47,416 - INFO - Successfully saved product 1: Mappe für DIN A4 2-teilig, 4/4 farbig (Außenseite bedruckt), mit Softfeel-Folie kaschiert
2025-04-11 12:42:47,417 - INFO - ====== WebDriver manager ======
2025-04-11 12:42:48,376 - INFO - Get LATEST chromedriver version for google-chrome
2025-04-11 12:42:48,438 - INFO - Get LATEST chromedriver version for google-chrome
2025-04-11 12:42:48,503 - INFO - Driver [C:\Users\g.yilmaz\.wdm\drivers\chromedriver\win64\135.0.7049.84\chromedriver-win32/chromedriver.exe] found in cache
2025-04-11 12:42:49,526 - INFO - Chrome WebDriver initialized successfully
2025-04-11 12:42:49,526 - INFO - Navigating to PrintNet login page: https://printnet.networkhero.eu/dashboard/admin/
2025-04-11 12:42:50,260 - INFO - Username entered
2025-04-11 12:42:50,270 - ERROR - Failed to find password field by ID: Message: no such element: Unable to locate element: {"method":"css selector","selector":"[id="password"]"}
  (Session info: chrome=135.0.7049.85); For documentation on this error, please visit: https://www.selenium.dev/documentation/webdriver/troubleshooting/errors#no-such-element-exception
Stacktrace:
	GetHandleVerifier [0x012480E3+60707]
	GetHandleVerifier [0x01248124+60772]
	(No symbol) [0x01070683]
	(No symbol) [0x010B8660]
	(No symbol) [0x010B89FB]
	(No symbol) [0x01101022]
	(No symbol) [0x010DD094]
	(No symbol) [0x010FE824]
	(No symbol) [0x010DCE46]
	(No symbol) [0x010AC5D3]
	(No symbol) [0x010AD424]
	GetHandleVerifier [0x0148BBC3+2435075]
	GetHandleVerifier [0x01487163+2416035]
	GetHandleVerifier [0x014A350C+2531660]
	GetHandleVerifier [0x0125F1B5+155125]
	GetHandleVerifier [0x01265B5D+182173]
	GetHandleVerifier [0x0124F9B8+91640]
	GetHandleVerifier [0x0124FB60+92064]
	GetHandleVerifier [0x0123A620+4704]
	BaseThreadInitThunk [0x75897BA9+25]
	RtlInitializeExceptionChain [0x7765C2EB+107]
	RtlClearBits [0x7765C26F+191]

2025-04-11 12:42:50,343 - INFO - Password entered using alternative selector
2025-04-11 12:42:52,454 - INFO - Login button clicked
2025-04-11 12:43:09,610 - INFO - Successfully logged in to PrintNet
2025-04-11 12:43:09,610 - INFO - Successfully logged in to PrintNet
2025-04-11 12:43:09,610 - INFO - Processing first product: Mappe für DIN A4 2-teilig, 4/4 farbig (Außenseite bedruckt), mit Softfeel-Folie kaschiert (SKU: 1004358)
2025-04-11 12:43:09,611 - INFO - Clicking on Catalog icon in PrintNet...
2025-04-11 12:43:09,640 - INFO - Clicking on Products submenu in PrintNet...
2025-04-11 12:43:10,753 - INFO - Clicking on Add Product button in PrintNet...
2025-04-11 12:43:11,837 - INFO - Navigated to Add Product page in PrintNet
2025-04-11 12:43:13,223 - INFO - SKU giriliyor: 1004358
2025-04-11 12:43:13,346 - INFO - SKU girildi: 1004358
2025-04-11 12:43:13,347 - INFO - Fiyat giriliyor: 1.00
2025-04-11 12:43:13,447 - INFO - Fiyat girildi: 1.00
2025-04-11 12:43:13,447 - INFO - Miktar giriliyor: 99999999
2025-04-11 12:43:13,576 - INFO - Miktar girildi: 99999999
2025-04-11 12:43:13,578 - INFO - Starting Visibility selection process
2025-04-11 12:43:13,724 - INFO - Successfully selected 'Catalog'
2025-04-11 12:43:14,725 - INFO - Setting 'Is Meter Price' to: Yes
2025-04-11 12:43:14,733 - INFO - Initial scroll position: 727px
2025-04-11 12:43:14,775 - INFO - Current scroll position after positioning: 547px
2025-04-11 12:43:14,792 - INFO - Toggle result: Changed 'Is Meter Price' to: Yes
2025-04-11 12:43:14,798 - INFO - Final scroll position: 547px
2025-04-11 12:43:14,805 - INFO - Validation confirmed 'Is Meter Price' setting was applied correctly
2025-04-11 12:43:14,990 - INFO - bannerheld.at seçildi
2025-04-11 12:43:22,971 - INFO - Updating Product Type to: Upload + Personalization + Configuration using producer-style approach
2025-04-11 12:43:24,006 - INFO - Clicked General tab
2025-04-11 12:43:26,007 - INFO - Selecting Product Type: Upload + Personalization + Configuration with producer-style approach
2025-04-11 12:43:27,044 - INFO - JavaScript Product Type selection result: Selected Upload + Personalization + Configuration using standard select
2025-04-11 12:43:30,110 - INFO - Looking for Price Calculation field
2025-04-11 12:43:30,124 - INFO - JavaScript Price Calculation selection result: Selected Fixed using standard select
2025-04-11 12:43:34,183 - WARNING - Failed to configure Web2Print settings
2025-04-11 12:43:40,333 - INFO - Selecting weekdays in Production Days multiselect
2025-04-11 12:43:41,406 - INFO - Clicked Others tab
2025-04-11 12:43:43,407 - INFO - Trying to select Print Files Options
2025-04-11 12:43:44,427 - INFO - Found Print Files Options area
2025-04-11 12:43:44,441 - INFO - JavaScript selection result: {'selected': ['Upload from Account', 'Send to Graphic Department', 'Send by Email', 'Online Designer'], 'success': True}
2025-04-11 12:43:45,445 - INFO - Trying all multiselects approach
2025-04-11 12:43:45,454 - INFO - Found 3 multiselects
2025-04-11 12:43:46,478 - INFO - JavaScript multiselect 1 result: {'selected': [], 'success': False}
2025-04-11 12:43:47,497 - INFO - JavaScript multiselect 2 result: {'selected': [], 'success': False}
2025-04-11 12:43:48,518 - INFO - JavaScript multiselect 3 result: {'selected': ['Monday', 'Tuesday', 'Wednesday', 'Thursday', 'Friday'], 'success': True}
2025-04-11 12:43:48,518 - INFO - Successfully selected weekdays in multiselect 3
2025-04-11 12:43:48,518 - INFO - Configuring Minimum DPI and Quantity Selectors
2025-04-11 12:43:49,548 - INFO - Set Minimum DPI to 300
2025-04-11 12:43:50,592 - INFO - Use Custom Quantity Selector result: {'action': 'enabled', 'success': True}
2025-04-11 12:43:51,625 - INFO - Use Fixed Price Quantity Selector result: {'action': 'enabled', 'success': True}
2025-04-11 12:43:51,625 - INFO - Configuring Print Product Setup with CTRL+click for multiple selection
2025-04-11 12:43:52,690 - INFO - Clicked Print Product Setup
2025-04-11 12:43:54,691 - INFO - Attempting to select the last option in Product Parts list
2025-04-11 12:43:55,716 - INFO - Found Product Parts select element
2025-04-11 12:44:03,462 - INFO - Selected last option (index 1124) from Product Parts list
2025-04-11 12:44:03,468 - INFO - Textarea values set result: {'dateityp': False, 'datencheck': False}
2025-04-11 12:44:03,469 - INFO - Trying multiselect approach with CTRL+click
2025-04-11 12:44:04,543 - INFO - Clicked Standard option
2025-04-11 12:44:05,826 - INFO - CTRL+Clicked Profidatencheck option
2025-04-11 12:44:07,893 - INFO - Clicked PDF-file option
2025-04-11 12:44:09,177 - INFO - CTRL+Clicked Image option
2025-04-11 12:44:10,178 - INFO - Configuring additional settings with improved approach
2025-04-11 12:44:10,179 - INFO - Configuring Lieferung field
2025-04-11 12:44:11,222 - INFO - Lieferung selection result: {'selected': ['Standard ( production_standard )', 'Express ( production_express )', 'Standard Plus ( production_standard_plus )'], 'success': True}
2025-04-11 12:44:11,223 - INFO - Configuring Anzahl field
2025-04-11 12:44:12,783 - INFO - Selected quantity_1
2025-04-11 12:44:13,370 - INFO - Selected quantity_1 using Select class
2025-04-11 12:44:13,370 - INFO - Configuring Proof Group field
2025-04-11 12:44:14,938 - INFO - Selected proof_group_digital
2025-04-11 12:44:15,518 - INFO - Selected proof_group_digital using Select class
2025-04-11 12:44:15,518 - INFO - Configuring Product Personalization Template field
2025-04-11 12:44:16,550 - INFO - Template setting result: {'action': 'selected option', 'element': 'select', 'success': True}
2025-04-11 12:44:16,551 - INFO - Successfully configured all settings in PrintNet for product: Mappe für DIN A4 2-teilig, 4/4 farbig (Außenseite bedruckt), mit Softfeel-Folie kaschiert
2025-04-11 12:44:16,551 - INFO - Successfully configured product: Mappe für DIN A4 2-teilig, 4/4 farbig (Außenseite bedruckt), mit Softfeel-Folie kaschiert
2025-04-11 12:44:16,551 - INFO - Clicking the Save button in the top right corner
2025-04-11 12:44:26,732 - WARNING - Standard approach failed: Message: 
Stacktrace:
	GetHandleVerifier [0x012480E3+60707]
	GetHandleVerifier [0x01248124+60772]
	(No symbol) [0x01070683]
	(No symbol) [0x010B8660]
	(No symbol) [0x010B89FB]
	(No symbol) [0x01101022]
	(No symbol) [0x010DD094]
	(No symbol) [0x010FE824]
	(No symbol) [0x010DCE46]
	(No symbol) [0x010AC5D3]
	(No symbol) [0x010AD424]
	GetHandleVerifier [0x0148BBC3+2435075]
	GetHandleVerifier [0x01487163+2416035]
	GetHandleVerifier [0x014A350C+2531660]
	GetHandleVerifier [0x0125F1B5+155125]
	GetHandleVerifier [0x01265B5D+182173]
	GetHandleVerifier [0x0124F9B8+91640]
	GetHandleVerifier [0x0124FB60+92064]
	GetHandleVerifier [0x0123A620+4704]
	BaseThreadInitThunk [0x75897BA9+25]
	RtlInitializeExceptionChain [0x7765C2EB+107]
	RtlClearBits [0x7765C26F+191]

2025-04-11 12:44:26,934 - INFO - JavaScript result: Clicked Save button by text
2025-04-11 12:44:26,935 - INFO - Successfully clicked Save button using JavaScript
2025-04-11 12:44:36,935 - INFO - Successfully saved product: Mappe für DIN A4 2-teilig, 4/4 farbig (Außenseite bedruckt), mit Softfeel-Folie kaschiert
2025-04-11 12:44:39,142 - INFO - Browser closed
2025-04-11 12:44:39,142 - INFO - ====== WebDriver manager ======
2025-04-11 12:44:40,267 - INFO - Get LATEST chromedriver version for google-chrome
2025-04-11 12:44:40,327 - INFO - Get LATEST chromedriver version for google-chrome
2025-04-11 12:44:40,389 - INFO - Driver [C:\Users\g.yilmaz\.wdm\drivers\chromedriver\win64\135.0.7049.84\chromedriver-win32/chromedriver.exe] found in cache
2025-04-11 12:44:41,438 - INFO - Navigating to https://skynet.networkhero.eu/y5id_dashboard/admin/
2025-04-11 12:44:42,130 - INFO - Username entered
2025-04-11 12:44:42,207 - INFO - Password entered
2025-04-11 12:44:42,611 - INFO - Login button clicked
2025-04-11 12:44:42,612 - INFO - Waiting for you to enter Google Authenticator code...
2025-04-11 12:44:54,479 - INFO - Login successful
2025-04-11 12:44:54,479 - INFO - Clicking on CLOUDLAB icon using the Catalog approach...
2025-04-11 12:44:54,508 - INFO - Clicked on CLOUDLAB icon using Catalog approach
2025-04-11 12:45:02,307 - INFO - Attempting to click the Save button in the top right corner
2025-04-11 12:45:12,459 - WARNING - First approach failed: Message: 
Stacktrace:
	GetHandleVerifier [0x012480E3+60707]
	GetHandleVerifier [0x01248124+60772]
	(No symbol) [0x01070683]
	(No symbol) [0x010B8660]
	(No symbol) [0x010B89FB]
	(No symbol) [0x01101022]
	(No symbol) [0x010DD094]
	(No symbol) [0x010FE824]
	(No symbol) [0x010DCE46]
	(No symbol) [0x010AC5D3]
	(No symbol) [0x010AD424]
	GetHandleVerifier [0x0148BBC3+2435075]
	GetHandleVerifier [0x01487163+2416035]
	GetHandleVerifier [0x014A350C+2531660]
	GetHandleVerifier [0x0125F1B5+155125]
	GetHandleVerifier [0x01265B5D+182173]
	GetHandleVerifier [0x0124F9B8+91640]
	GetHandleVerifier [0x0124FB60+92064]
	GetHandleVerifier [0x0123A620+4704]
	BaseThreadInitThunk [0x75897BA9+25]
	RtlInitializeExceptionChain [0x7765C2EB+107]
	RtlClearBits [0x7765C26F+191]

2025-04-11 12:45:12,468 - INFO - JavaScript Save button result: Clicked the best Save button: 
                                Save
                            
2025-04-11 12:45:22,616 - INFO - ====== WebDriver manager ======
2025-04-11 12:45:23,561 - INFO - Get LATEST chromedriver version for google-chrome
2025-04-11 12:45:23,620 - INFO - Get LATEST chromedriver version for google-chrome
2025-04-11 12:45:23,681 - INFO - Driver [C:\Users\g.yilmaz\.wdm\drivers\chromedriver\win64\135.0.7049.84\chromedriver-win32/chromedriver.exe] found in cache
2025-04-11 12:45:24,725 - INFO - Navigating to https://printnet.networkhero.eu/dashboard/admin
2025-04-11 12:45:25,410 - INFO - Username entered
2025-04-11 12:45:25,471 - INFO - Password entered
2025-04-11 12:45:27,567 - INFO - Login button clicked
2025-04-11 12:45:27,568 - INFO - Waiting for you to enter Google Authenticator code...
2025-04-11 12:45:46,520 - INFO - Login successful
2025-04-11 12:45:46,520 - INFO - Clicking on CLOUDLAB icon using the Catalog approach...
2025-04-11 12:45:46,605 - INFO - Clicked on CLOUDLAB icon using Catalog approach
2025-04-11 12:45:53,392 - INFO - Attempting to click the Save button in the top right corner
2025-04-11 12:46:03,550 - WARNING - First approach failed: Message: 
Stacktrace:
	GetHandleVerifier [0x012480E3+60707]
	GetHandleVerifier [0x01248124+60772]
	(No symbol) [0x01070683]
	(No symbol) [0x010B8660]
	(No symbol) [0x010B89FB]
	(No symbol) [0x01101022]
	(No symbol) [0x010DD094]
	(No symbol) [0x010FE824]
	(No symbol) [0x010DCE46]
	(No symbol) [0x010AC5D3]
	(No symbol) [0x010AD424]
	GetHandleVerifier [0x0148BBC3+2435075]
	GetHandleVerifier [0x01487163+2416035]
	GetHandleVerifier [0x014A350C+2531660]
	GetHandleVerifier [0x0125F1B5+155125]
	GetHandleVerifier [0x01265B5D+182173]
	GetHandleVerifier [0x0124F9B8+91640]
	GetHandleVerifier [0x0124FB60+92064]
	GetHandleVerifier [0x0123A620+4704]
	BaseThreadInitThunk [0x75897BA9+25]
	RtlInitializeExceptionChain [0x7765C2EB+107]
	RtlClearBits [0x7765C26F+191]

2025-04-11 12:46:03,569 - INFO - JavaScript Save button result: Clicked the best Save button: 
                                Save
                            
2025-04-11 12:46:13,035 - INFO - Starting process to add a new product part from CSV
2025-04-11 12:46:13,035 - INFO - Clicking on CLOUDLAB icon using the Catalog approach...
2025-04-11 12:46:17,103 - WARNING - Retrying (Retry(total=2, connect=None, read=None, redirect=None, status=None)) after connection broken by 'NewConnectionError('<urllib3.connection.HTTPConnection object at 0x000001E376B04EC0>: Failed to establish a new connection: [WinError 10061] Es konnte keine Verbindung hergestellt werden, da der Zielcomputer die Verbindung verweigerte')': /session/5964ce5e03a3d0a3ebc7ab27ebdaf806/element
2025-04-11 12:46:21,171 - WARNING - Retrying (Retry(total=1, connect=None, read=None, redirect=None, status=None)) after connection broken by 'NewConnectionError('<urllib3.connection.HTTPConnection object at 0x000001E376B04AD0>: Failed to establish a new connection: [WinError 10061] Es konnte keine Verbindung hergestellt werden, da der Zielcomputer die Verbindung verweigerte')': /session/5964ce5e03a3d0a3ebc7ab27ebdaf806/element
2025-04-11 12:46:25,226 - WARNING - Retrying (Retry(total=0, connect=None, read=None, redirect=None, status=None)) after connection broken by 'NewConnectionError('<urllib3.connection.HTTPConnection object at 0x000001E376B04F50>: Failed to establish a new connection: [WinError 10061] Es konnte keine Verbindung hergestellt werden, da der Zielcomputer die Verbindung verweigerte')': /session/5964ce5e03a3d0a3ebc7ab27ebdaf806/element
2025-04-11 12:46:34,218 - WARNING - Retrying (Retry(total=2, connect=None, read=None, redirect=None, status=None)) after connection broken by 'NewConnectionError('<urllib3.connection.HTTPConnection object at 0x000001E376B05280>: Failed to establish a new connection: [WinError 10061] Es konnte keine Verbindung hergestellt werden, da der Zielcomputer die Verbindung verweigerte')': /session/5964ce5e03a3d0a3ebc7ab27ebdaf806
2025-04-11 12:46:38,264 - WARNING - Retrying (Retry(total=1, connect=None, read=None, redirect=None, status=None)) after connection broken by 'NewConnectionError('<urllib3.connection.HTTPConnection object at 0x000001E376B06600>: Failed to establish a new connection: [WinError 10061] Es konnte keine Verbindung hergestellt werden, da der Zielcomputer die Verbindung verweigerte')': /session/5964ce5e03a3d0a3ebc7ab27ebdaf806
2025-04-11 12:46:42,299 - WARNING - Retrying (Retry(total=0, connect=None, read=None, redirect=None, status=None)) after connection broken by 'NewConnectionError('<urllib3.connection.HTTPConnection object at 0x000001E376B06840>: Failed to establish a new connection: [WinError 10061] Es konnte keine Verbindung hergestellt werden, da der Zielcomputer die Verbindung verweigerte')': /session/5964ce5e03a3d0a3ebc7ab27ebdaf806
2025-04-11 12:46:50,420 - INFO - Browser closed
