2025-04-10 14:47:14,678 - INFO - Logging initialized. Log file: C:\Users\g.yilmaz\Desktop\Magento_otomation\Done\logs\printnet_automation_20250410_144714.log
2025-04-10 14:47:14,679 - INFO - Logging initialized. Log file: C:\Users\g.yilmaz\Desktop\Magento_otomation\Done\logs\skynet_fixed_price_20250410_144714.log
2025-04-10 14:47:14,681 - INFO - Logging initialized. Log file: C:\Users\g.yilmaz\Desktop\Magento_otomation\Done\logs\printnet_fixed_price_20250410_144714.log
2025-04-10 14:47:14,693 - INFO - Logging initialized. Log file: C:\Users\g.yilmaz\Desktop\Magento_otomation\Done\logs\skynet_page_options_20250410_144714.log
2025-04-10 14:47:14,693 - INFO - ====== WebDriver manager ======
2025-04-10 14:47:15,657 - INFO - Get LATEST chromedriver version for google-chrome
2025-04-10 14:47:15,728 - INFO - Get LATEST chromedriver version for google-chrome
2025-04-10 14:47:15,795 - INFO - Driver [C:\Users\g.yilmaz\.wdm\drivers\chromedriver\win64\135.0.7049.84\chromedriver-win32/chromedriver.exe] found in cache
2025-04-10 14:47:16,901 - INFO - Chrome WebDriver initialized successfully
2025-04-10 14:47:16,901 - INFO - Navigating to https://skynet.networkhero.eu/y5id_dashboard/admin/
2025-04-10 14:47:17,686 - INFO - Username entered
2025-04-10 14:47:17,770 - INFO - Password entered
2025-04-10 14:47:18,144 - INFO - Login button clicked
2025-04-10 14:47:18,144 - INFO - Waiting for you to enter Google Authenticator code...
2025-04-10 14:47:22,807 - INFO - Login successful
2025-04-10 14:47:22,807 - INFO - Clicking on CLOUDLAB icon using the Catalog approach...
2025-04-10 14:47:22,856 - INFO - Clicked on CLOUDLAB icon using Catalog approach
2025-04-10 14:47:22,856 - INFO - Successfully clicked on CloudLab
2025-04-10 14:47:22,856 - INFO - Clicking on Page Options submenu...
2025-04-10 14:47:23,107 - INFO - Clicked on Page Options using XPath approach
2025-04-10 14:47:23,132 - INFO - Successfully navigated to Page Options page
2025-04-10 14:47:23,132 - INFO - Successfully clicked on Page Options
2025-04-10 14:47:23,134 - INFO - Looking for Code search field
2025-04-10 14:47:23,227 - INFO - Entered 'paper_wmd' in Code search field
2025-04-10 14:47:24,285 - WARNING - Could not find search button, trying to press Enter instead: Message: 

2025-04-10 14:47:24,308 - INFO - Pressed Enter to search
2025-04-10 14:47:24,308 - INFO - Looking for the second Material option in search results
2025-04-10 14:47:24,344 - INFO - Found 20 rows in the search results
2025-04-10 14:47:24,421 - WARNING - Error processing row: Message: stale element reference: stale element not found in the current frame
  (Session info: chrome=135.0.7049.84); For documentation on this error, please visit: https://www.selenium.dev/documentation/webdriver/troubleshooting/errors#stale-element-reference-exception
Stacktrace:
	GetHandleVerifier [0x005A80E3+60707]
	GetHandleVerifier [0x005A8124+60772]
	(No symbol) [0x003D0683]
	(No symbol) [0x003D6DE7]
	(No symbol) [0x003D90DA]
	(No symbol) [0x003D9157]
	(No symbol) [0x0041336E]
	(No symbol) [0x0043D04C]
	(No symbol) [0x0040DCA4]
	(No symbol) [0x0043D2C4]
	(No symbol) [0x0045E824]
	(No symbol) [0x0043CE46]
	(No symbol) [0x0040C5D3]
	(No symbol) [0x0040D424]
	GetHandleVerifier [0x007EBBC3+2435075]
	GetHandleVerifier [0x007E7163+2416035]
	GetHandleVerifier [0x0080350C+2531660]
	GetHandleVerifier [0x005BF1B5+155125]
	GetHandleVerifier [0x005C5B5D+182173]
	GetHandleVerifier [0x005AF9B8+91640]
	GetHandleVerifier [0x005AFB60+92064]
	GetHandleVerifier [0x0059A620+4704]
	BaseThreadInitThunk [0x75897BA9+25]
	RtlInitializeExceptionChain [0x7765C2EB+107]
	RtlClearBits [0x7765C26F+191]

2025-04-10 14:47:24,428 - WARNING - Error processing row: Message: stale element reference: stale element not found in the current frame
  (Session info: chrome=135.0.7049.84); For documentation on this error, please visit: https://www.selenium.dev/documentation/webdriver/troubleshooting/errors#stale-element-reference-exception
Stacktrace:
	GetHandleVerifier [0x005A80E3+60707]
	GetHandleVerifier [0x005A8124+60772]
	(No symbol) [0x003D0683]
	(No symbol) [0x003D6DE7]
	(No symbol) [0x003D90DA]
	(No symbol) [0x003D9157]
	(No symbol) [0x00417EF4]
	(No symbol) [0x004189FB]
	(No symbol) [0x0040E131]
	(No symbol) [0x0043D094]
	(No symbol) [0x0040DCA4]
	(No symbol) [0x0043D2C4]
	(No symbol) [0x0045E824]
	(No symbol) [0x0043CE46]
	(No symbol) [0x0040C5D3]
	(No symbol) [0x0040D424]
	GetHandleVerifier [0x007EBBC3+2435075]
	GetHandleVerifier [0x007E7163+2416035]
	GetHandleVerifier [0x0080350C+2531660]
	GetHandleVerifier [0x005BF1B5+155125]
	GetHandleVerifier [0x005C5B5D+182173]
	GetHandleVerifier [0x005AF9B8+91640]
	GetHandleVerifier [0x005AFB60+92064]
	GetHandleVerifier [0x0059A620+4704]
	BaseThreadInitThunk [0x75897BA9+25]
	RtlInitializeExceptionChain [0x7765C2EB+107]
	RtlClearBits [0x7765C26F+191]

2025-04-10 14:47:24,437 - WARNING - Error processing row: Message: stale element reference: stale element not found in the current frame
  (Session info: chrome=135.0.7049.84); For documentation on this error, please visit: https://www.selenium.dev/documentation/webdriver/troubleshooting/errors#stale-element-reference-exception
Stacktrace:
	GetHandleVerifier [0x005A80E3+60707]
	GetHandleVerifier [0x005A8124+60772]
	(No symbol) [0x003D0683]
	(No symbol) [0x003D6DE7]
	(No symbol) [0x003D90DA]
	(No symbol) [0x003D9157]
	(No symbol) [0x00417EF4]
	(No symbol) [0x004189FB]
	(No symbol) [0x0040E131]
	(No symbol) [0x0043D094]
	(No symbol) [0x0040DCA4]
	(No symbol) [0x0043D2C4]
	(No symbol) [0x0045E824]
	(No symbol) [0x0043CE46]
	(No symbol) [0x0040C5D3]
	(No symbol) [0x0040D424]
	GetHandleVerifier [0x007EBBC3+2435075]
	GetHandleVerifier [0x007E7163+2416035]
	GetHandleVerifier [0x0080350C+2531660]
	GetHandleVerifier [0x005BF1B5+155125]
	GetHandleVerifier [0x005C5B5D+182173]
	GetHandleVerifier [0x005AF9B8+91640]
	GetHandleVerifier [0x005AFB60+92064]
	GetHandleVerifier [0x0059A620+4704]
	BaseThreadInitThunk [0x75897BA9+25]
	RtlInitializeExceptionChain [0x7765C2EB+107]
	RtlClearBits [0x7765C26F+191]

2025-04-10 14:47:24,441 - WARNING - Error processing row: Message: stale element reference: stale element not found in the current frame
  (Session info: chrome=135.0.7049.84); For documentation on this error, please visit: https://www.selenium.dev/documentation/webdriver/troubleshooting/errors#stale-element-reference-exception
Stacktrace:
	GetHandleVerifier [0x005A80E3+60707]
	GetHandleVerifier [0x005A8124+60772]
	(No symbol) [0x003D0683]
	(No symbol) [0x003D6DE7]
	(No symbol) [0x003D90DA]
	(No symbol) [0x003D9157]
	(No symbol) [0x00417EF4]
	(No symbol) [0x004189FB]
	(No symbol) [0x0040E131]
	(No symbol) [0x0043D094]
	(No symbol) [0x0040DCA4]
	(No symbol) [0x0043D2C4]
	(No symbol) [0x0045E824]
	(No symbol) [0x0043CE46]
	(No symbol) [0x0040C5D3]
	(No symbol) [0x0040D424]
	GetHandleVerifier [0x007EBBC3+2435075]
	GetHandleVerifier [0x007E7163+2416035]
	GetHandleVerifier [0x0080350C+2531660]
	GetHandleVerifier [0x005BF1B5+155125]
	GetHandleVerifier [0x005C5B5D+182173]
	GetHandleVerifier [0x005AF9B8+91640]
	GetHandleVerifier [0x005AFB60+92064]
	GetHandleVerifier [0x0059A620+4704]
	BaseThreadInitThunk [0x75897BA9+25]
	RtlInitializeExceptionChain [0x7765C2EB+107]
	RtlClearBits [0x7765C26F+191]

2025-04-10 14:47:24,447 - WARNING - Error processing row: Message: stale element reference: stale element not found in the current frame
  (Session info: chrome=135.0.7049.84); For documentation on this error, please visit: https://www.selenium.dev/documentation/webdriver/troubleshooting/errors#stale-element-reference-exception
Stacktrace:
	GetHandleVerifier [0x005A80E3+60707]
	GetHandleVerifier [0x005A8124+60772]
	(No symbol) [0x003D0683]
	(No symbol) [0x003D6DE7]
	(No symbol) [0x003D90DA]
	(No symbol) [0x003D9157]
	(No symbol) [0x00417EF4]
	(No symbol) [0x004189FB]
	(No symbol) [0x0040E131]
	(No symbol) [0x0043D094]
	(No symbol) [0x0040DCA4]
	(No symbol) [0x0043D2C4]
	(No symbol) [0x0045E824]
	(No symbol) [0x0043CE46]
	(No symbol) [0x0040C5D3]
	(No symbol) [0x0040D424]
	GetHandleVerifier [0x007EBBC3+2435075]
	GetHandleVerifier [0x007E7163+2416035]
	GetHandleVerifier [0x0080350C+2531660]
	GetHandleVerifier [0x005BF1B5+155125]
	GetHandleVerifier [0x005C5B5D+182173]
	GetHandleVerifier [0x005AF9B8+91640]
	GetHandleVerifier [0x005AFB60+92064]
	GetHandleVerifier [0x0059A620+4704]
	BaseThreadInitThunk [0x75897BA9+25]
	RtlInitializeExceptionChain [0x7765C2EB+107]
	RtlClearBits [0x7765C26F+191]

2025-04-10 14:47:24,453 - WARNING - Error processing row: Message: stale element reference: stale element not found in the current frame
  (Session info: chrome=135.0.7049.84); For documentation on this error, please visit: https://www.selenium.dev/documentation/webdriver/troubleshooting/errors#stale-element-reference-exception
Stacktrace:
	GetHandleVerifier [0x005A80E3+60707]
	GetHandleVerifier [0x005A8124+60772]
	(No symbol) [0x003D0683]
	(No symbol) [0x003D6DE7]
	(No symbol) [0x003D90DA]
	(No symbol) [0x003D9157]
	(No symbol) [0x00417EF4]
	(No symbol) [0x004189FB]
	(No symbol) [0x0040E131]
	(No symbol) [0x0043D094]
	(No symbol) [0x0040DCA4]
	(No symbol) [0x0043D2C4]
	(No symbol) [0x0045E824]
	(No symbol) [0x0043CE46]
	(No symbol) [0x0040C5D3]
	(No symbol) [0x0040D424]
	GetHandleVerifier [0x007EBBC3+2435075]
	GetHandleVerifier [0x007E7163+2416035]
	GetHandleVerifier [0x0080350C+2531660]
	GetHandleVerifier [0x005BF1B5+155125]
	GetHandleVerifier [0x005C5B5D+182173]
	GetHandleVerifier [0x005AF9B8+91640]
	GetHandleVerifier [0x005AFB60+92064]
	GetHandleVerifier [0x0059A620+4704]
	BaseThreadInitThunk [0x75897BA9+25]
	RtlInitializeExceptionChain [0x7765C2EB+107]
	RtlClearBits [0x7765C26F+191]

2025-04-10 14:47:24,462 - WARNING - Error processing row: Message: stale element reference: stale element not found in the current frame
  (Session info: chrome=135.0.7049.84); For documentation on this error, please visit: https://www.selenium.dev/documentation/webdriver/troubleshooting/errors#stale-element-reference-exception
Stacktrace:
	GetHandleVerifier [0x005A80E3+60707]
	GetHandleVerifier [0x005A8124+60772]
	(No symbol) [0x003D0683]
	(No symbol) [0x003D6DE7]
	(No symbol) [0x003D90DA]
	(No symbol) [0x003D9157]
	(No symbol) [0x00417EF4]
	(No symbol) [0x004189FB]
	(No symbol) [0x0040E131]
	(No symbol) [0x0043D094]
	(No symbol) [0x0040DCA4]
	(No symbol) [0x0043D2C4]
	(No symbol) [0x0045E824]
	(No symbol) [0x0043CE46]
	(No symbol) [0x0040C5D3]
	(No symbol) [0x0040D424]
	GetHandleVerifier [0x007EBBC3+2435075]
	GetHandleVerifier [0x007E7163+2416035]
	GetHandleVerifier [0x0080350C+2531660]
	GetHandleVerifier [0x005BF1B5+155125]
	GetHandleVerifier [0x005C5B5D+182173]
	GetHandleVerifier [0x005AF9B8+91640]
	GetHandleVerifier [0x005AFB60+92064]
	GetHandleVerifier [0x0059A620+4704]
	BaseThreadInitThunk [0x75897BA9+25]
	RtlInitializeExceptionChain [0x7765C2EB+107]
	RtlClearBits [0x7765C26F+191]

2025-04-10 14:47:24,468 - WARNING - Error processing row: Message: stale element reference: stale element not found in the current frame
  (Session info: chrome=135.0.7049.84); For documentation on this error, please visit: https://www.selenium.dev/documentation/webdriver/troubleshooting/errors#stale-element-reference-exception
Stacktrace:
	GetHandleVerifier [0x005A80E3+60707]
	GetHandleVerifier [0x005A8124+60772]
	(No symbol) [0x003D0683]
	(No symbol) [0x003D6DE7]
	(No symbol) [0x003D90DA]
	(No symbol) [0x003D9157]
	(No symbol) [0x00417EF4]
	(No symbol) [0x004189FB]
	(No symbol) [0x0040E131]
	(No symbol) [0x0043D094]
	(No symbol) [0x0040DCA4]
	(No symbol) [0x0043D2C4]
	(No symbol) [0x0045E824]
	(No symbol) [0x0043CE46]
	(No symbol) [0x0040C5D3]
	(No symbol) [0x0040D424]
	GetHandleVerifier [0x007EBBC3+2435075]
	GetHandleVerifier [0x007E7163+2416035]
	GetHandleVerifier [0x0080350C+2531660]
	GetHandleVerifier [0x005BF1B5+155125]
	GetHandleVerifier [0x005C5B5D+182173]
	GetHandleVerifier [0x005AF9B8+91640]
	GetHandleVerifier [0x005AFB60+92064]
	GetHandleVerifier [0x0059A620+4704]
	BaseThreadInitThunk [0x75897BA9+25]
	RtlInitializeExceptionChain [0x7765C2EB+107]
	RtlClearBits [0x7765C26F+191]

2025-04-10 14:47:24,473 - WARNING - Error processing row: Message: stale element reference: stale element not found in the current frame
  (Session info: chrome=135.0.7049.84); For documentation on this error, please visit: https://www.selenium.dev/documentation/webdriver/troubleshooting/errors#stale-element-reference-exception
Stacktrace:
	GetHandleVerifier [0x005A80E3+60707]
	GetHandleVerifier [0x005A8124+60772]
	(No symbol) [0x003D0683]
	(No symbol) [0x003D6DE7]
	(No symbol) [0x003D90DA]
	(No symbol) [0x003D9157]
	(No symbol) [0x00417EF4]
	(No symbol) [0x004189FB]
	(No symbol) [0x0040E131]
	(No symbol) [0x0043D094]
	(No symbol) [0x0040DCA4]
	(No symbol) [0x0043D2C4]
	(No symbol) [0x0045E824]
	(No symbol) [0x0043CE46]
	(No symbol) [0x0040C5D3]
	(No symbol) [0x0040D424]
	GetHandleVerifier [0x007EBBC3+2435075]
	GetHandleVerifier [0x007E7163+2416035]
	GetHandleVerifier [0x0080350C+2531660]
	GetHandleVerifier [0x005BF1B5+155125]
	GetHandleVerifier [0x005C5B5D+182173]
	GetHandleVerifier [0x005AF9B8+91640]
	GetHandleVerifier [0x005AFB60+92064]
	GetHandleVerifier [0x0059A620+4704]
	BaseThreadInitThunk [0x75897BA9+25]
	RtlInitializeExceptionChain [0x7765C2EB+107]
	RtlClearBits [0x7765C26F+191]

2025-04-10 14:47:24,479 - WARNING - Error processing row: Message: stale element reference: stale element not found in the current frame
  (Session info: chrome=135.0.7049.84); For documentation on this error, please visit: https://www.selenium.dev/documentation/webdriver/troubleshooting/errors#stale-element-reference-exception
Stacktrace:
	GetHandleVerifier [0x005A80E3+60707]
	GetHandleVerifier [0x005A8124+60772]
	(No symbol) [0x003D0683]
	(No symbol) [0x003D6DE7]
	(No symbol) [0x003D90DA]
	(No symbol) [0x003D9157]
	(No symbol) [0x00417EF4]
	(No symbol) [0x004189FB]
	(No symbol) [0x0040E131]
	(No symbol) [0x0043D094]
	(No symbol) [0x0040DCA4]
	(No symbol) [0x0043D2C4]
	(No symbol) [0x0045E824]
	(No symbol) [0x0043CE46]
	(No symbol) [0x0040C5D3]
	(No symbol) [0x0040D424]
	GetHandleVerifier [0x007EBBC3+2435075]
	GetHandleVerifier [0x007E7163+2416035]
	GetHandleVerifier [0x0080350C+2531660]
	GetHandleVerifier [0x005BF1B5+155125]
	GetHandleVerifier [0x005C5B5D+182173]
	GetHandleVerifier [0x005AF9B8+91640]
	GetHandleVerifier [0x005AFB60+92064]
	GetHandleVerifier [0x0059A620+4704]
	BaseThreadInitThunk [0x75897BA9+25]
	RtlInitializeExceptionChain [0x7765C2EB+107]
	RtlClearBits [0x7765C26F+191]

2025-04-10 14:47:24,485 - WARNING - Error processing row: Message: stale element reference: stale element not found in the current frame
  (Session info: chrome=135.0.7049.84); For documentation on this error, please visit: https://www.selenium.dev/documentation/webdriver/troubleshooting/errors#stale-element-reference-exception
Stacktrace:
	GetHandleVerifier [0x005A80E3+60707]
	GetHandleVerifier [0x005A8124+60772]
	(No symbol) [0x003D0683]
	(No symbol) [0x003D6DE7]
	(No symbol) [0x003D90DA]
	(No symbol) [0x003D9157]
	(No symbol) [0x00417EF4]
	(No symbol) [0x004189FB]
	(No symbol) [0x0040E131]
	(No symbol) [0x0043D094]
	(No symbol) [0x0040DCA4]
	(No symbol) [0x0043D2C4]
	(No symbol) [0x0045E824]
	(No symbol) [0x0043CE46]
	(No symbol) [0x0040C5D3]
	(No symbol) [0x0040D424]
	GetHandleVerifier [0x007EBBC3+2435075]
	GetHandleVerifier [0x007E7163+2416035]
	GetHandleVerifier [0x0080350C+2531660]
	GetHandleVerifier [0x005BF1B5+155125]
	GetHandleVerifier [0x005C5B5D+182173]
	GetHandleVerifier [0x005AF9B8+91640]
	GetHandleVerifier [0x005AFB60+92064]
	GetHandleVerifier [0x0059A620+4704]
	BaseThreadInitThunk [0x75897BA9+25]
	RtlInitializeExceptionChain [0x7765C2EB+107]
	RtlClearBits [0x7765C26F+191]

2025-04-10 14:47:24,491 - WARNING - Error processing row: Message: stale element reference: stale element not found in the current frame
  (Session info: chrome=135.0.7049.84); For documentation on this error, please visit: https://www.selenium.dev/documentation/webdriver/troubleshooting/errors#stale-element-reference-exception
Stacktrace:
	GetHandleVerifier [0x005A80E3+60707]
	GetHandleVerifier [0x005A8124+60772]
	(No symbol) [0x003D0683]
	(No symbol) [0x003D6DE7]
	(No symbol) [0x003D90DA]
	(No symbol) [0x003D9157]
	(No symbol) [0x00417EF4]
	(No symbol) [0x004189FB]
	(No symbol) [0x0040E131]
	(No symbol) [0x0043D094]
	(No symbol) [0x0040DCA4]
	(No symbol) [0x0043D2C4]
	(No symbol) [0x0045E824]
	(No symbol) [0x0043CE46]
	(No symbol) [0x0040C5D3]
	(No symbol) [0x0040D424]
	GetHandleVerifier [0x007EBBC3+2435075]
	GetHandleVerifier [0x007E7163+2416035]
	GetHandleVerifier [0x0080350C+2531660]
	GetHandleVerifier [0x005BF1B5+155125]
	GetHandleVerifier [0x005C5B5D+182173]
	GetHandleVerifier [0x005AF9B8+91640]
	GetHandleVerifier [0x005AFB60+92064]
	GetHandleVerifier [0x0059A620+4704]
	BaseThreadInitThunk [0x75897BA9+25]
	RtlInitializeExceptionChain [0x7765C2EB+107]
	RtlClearBits [0x7765C26F+191]

2025-04-10 14:47:24,496 - WARNING - Error processing row: Message: stale element reference: stale element not found in the current frame
  (Session info: chrome=135.0.7049.84); For documentation on this error, please visit: https://www.selenium.dev/documentation/webdriver/troubleshooting/errors#stale-element-reference-exception
Stacktrace:
	GetHandleVerifier [0x005A80E3+60707]
	GetHandleVerifier [0x005A8124+60772]
	(No symbol) [0x003D0683]
	(No symbol) [0x003D6DE7]
	(No symbol) [0x003D90DA]
	(No symbol) [0x003D9157]
	(No symbol) [0x00417EF4]
	(No symbol) [0x004189FB]
	(No symbol) [0x0040E131]
	(No symbol) [0x0043D094]
	(No symbol) [0x0040DCA4]
	(No symbol) [0x0043D2C4]
	(No symbol) [0x0045E824]
	(No symbol) [0x0043CE46]
	(No symbol) [0x0040C5D3]
	(No symbol) [0x0040D424]
	GetHandleVerifier [0x007EBBC3+2435075]
	GetHandleVerifier [0x007E7163+2416035]
	GetHandleVerifier [0x0080350C+2531660]
	GetHandleVerifier [0x005BF1B5+155125]
	GetHandleVerifier [0x005C5B5D+182173]
	GetHandleVerifier [0x005AF9B8+91640]
	GetHandleVerifier [0x005AFB60+92064]
	GetHandleVerifier [0x0059A620+4704]
	BaseThreadInitThunk [0x75897BA9+25]
	RtlInitializeExceptionChain [0x7765C2EB+107]
	RtlClearBits [0x7765C26F+191]

2025-04-10 14:47:24,503 - WARNING - Error processing row: Message: stale element reference: stale element not found in the current frame
  (Session info: chrome=135.0.7049.84); For documentation on this error, please visit: https://www.selenium.dev/documentation/webdriver/troubleshooting/errors#stale-element-reference-exception
Stacktrace:
	GetHandleVerifier [0x005A80E3+60707]
	GetHandleVerifier [0x005A8124+60772]
	(No symbol) [0x003D0683]
	(No symbol) [0x003D6DE7]
	(No symbol) [0x003D90DA]
	(No symbol) [0x003D9157]
	(No symbol) [0x00417EF4]
	(No symbol) [0x004189FB]
	(No symbol) [0x0040E131]
	(No symbol) [0x0043D094]
	(No symbol) [0x0040DCA4]
	(No symbol) [0x0043D2C4]
	(No symbol) [0x0045E824]
	(No symbol) [0x0043CE46]
	(No symbol) [0x0040C5D3]
	(No symbol) [0x0040D424]
	GetHandleVerifier [0x007EBBC3+2435075]
	GetHandleVerifier [0x007E7163+2416035]
	GetHandleVerifier [0x0080350C+2531660]
	GetHandleVerifier [0x005BF1B5+155125]
	GetHandleVerifier [0x005C5B5D+182173]
	GetHandleVerifier [0x005AF9B8+91640]
	GetHandleVerifier [0x005AFB60+92064]
	GetHandleVerifier [0x0059A620+4704]
	BaseThreadInitThunk [0x75897BA9+25]
	RtlInitializeExceptionChain [0x7765C2EB+107]
	RtlClearBits [0x7765C26F+191]

2025-04-10 14:47:24,508 - WARNING - Error processing row: Message: stale element reference: stale element not found in the current frame
  (Session info: chrome=135.0.7049.84); For documentation on this error, please visit: https://www.selenium.dev/documentation/webdriver/troubleshooting/errors#stale-element-reference-exception
Stacktrace:
	GetHandleVerifier [0x005A80E3+60707]
	GetHandleVerifier [0x005A8124+60772]
	(No symbol) [0x003D0683]
	(No symbol) [0x003D6DE7]
	(No symbol) [0x003D90DA]
	(No symbol) [0x003D9157]
	(No symbol) [0x00417EF4]
	(No symbol) [0x004189FB]
	(No symbol) [0x0040E131]
	(No symbol) [0x0043D094]
	(No symbol) [0x0040DCA4]
	(No symbol) [0x0043D2C4]
	(No symbol) [0x0045E824]
	(No symbol) [0x0043CE46]
	(No symbol) [0x0040C5D3]
	(No symbol) [0x0040D424]
	GetHandleVerifier [0x007EBBC3+2435075]
	GetHandleVerifier [0x007E7163+2416035]
	GetHandleVerifier [0x0080350C+2531660]
	GetHandleVerifier [0x005BF1B5+155125]
	GetHandleVerifier [0x005C5B5D+182173]
	GetHandleVerifier [0x005AF9B8+91640]
	GetHandleVerifier [0x005AFB60+92064]
	GetHandleVerifier [0x0059A620+4704]
	BaseThreadInitThunk [0x75897BA9+25]
	RtlInitializeExceptionChain [0x7765C2EB+107]
	RtlClearBits [0x7765C26F+191]

2025-04-10 14:47:24,514 - WARNING - Error processing row: Message: stale element reference: stale element not found in the current frame
  (Session info: chrome=135.0.7049.84); For documentation on this error, please visit: https://www.selenium.dev/documentation/webdriver/troubleshooting/errors#stale-element-reference-exception
Stacktrace:
	GetHandleVerifier [0x005A80E3+60707]
	GetHandleVerifier [0x005A8124+60772]
	(No symbol) [0x003D0683]
	(No symbol) [0x003D6DE7]
	(No symbol) [0x003D90DA]
	(No symbol) [0x003D9157]
	(No symbol) [0x00417EF4]
	(No symbol) [0x004189FB]
	(No symbol) [0x0040E131]
	(No symbol) [0x0043D094]
	(No symbol) [0x0040DCA4]
	(No symbol) [0x0043D2C4]
	(No symbol) [0x0045E824]
	(No symbol) [0x0043CE46]
	(No symbol) [0x0040C5D3]
	(No symbol) [0x0040D424]
	GetHandleVerifier [0x007EBBC3+2435075]
	GetHandleVerifier [0x007E7163+2416035]
	GetHandleVerifier [0x0080350C+2531660]
	GetHandleVerifier [0x005BF1B5+155125]
	GetHandleVerifier [0x005C5B5D+182173]
	GetHandleVerifier [0x005AF9B8+91640]
	GetHandleVerifier [0x005AFB60+92064]
	GetHandleVerifier [0x0059A620+4704]
	BaseThreadInitThunk [0x75897BA9+25]
	RtlInitializeExceptionChain [0x7765C2EB+107]
	RtlClearBits [0x7765C26F+191]

2025-04-10 14:47:24,519 - WARNING - Error processing row: Message: stale element reference: stale element not found in the current frame
  (Session info: chrome=135.0.7049.84); For documentation on this error, please visit: https://www.selenium.dev/documentation/webdriver/troubleshooting/errors#stale-element-reference-exception
Stacktrace:
	GetHandleVerifier [0x005A80E3+60707]
	GetHandleVerifier [0x005A8124+60772]
	(No symbol) [0x003D0683]
	(No symbol) [0x003D6DE7]
	(No symbol) [0x003D90DA]
	(No symbol) [0x003D9157]
	(No symbol) [0x00417EF4]
	(No symbol) [0x004189FB]
	(No symbol) [0x0040E131]
	(No symbol) [0x0043D094]
	(No symbol) [0x0040DCA4]
	(No symbol) [0x0043D2C4]
	(No symbol) [0x0045E824]
	(No symbol) [0x0043CE46]
	(No symbol) [0x0040C5D3]
	(No symbol) [0x0040D424]
	GetHandleVerifier [0x007EBBC3+2435075]
	GetHandleVerifier [0x007E7163+2416035]
	GetHandleVerifier [0x0080350C+2531660]
	GetHandleVerifier [0x005BF1B5+155125]
	GetHandleVerifier [0x005C5B5D+182173]
	GetHandleVerifier [0x005AF9B8+91640]
	GetHandleVerifier [0x005AFB60+92064]
	GetHandleVerifier [0x0059A620+4704]
	BaseThreadInitThunk [0x75897BA9+25]
	RtlInitializeExceptionChain [0x7765C2EB+107]
	RtlClearBits [0x7765C26F+191]

2025-04-10 14:47:24,526 - WARNING - Error processing row: Message: stale element reference: stale element not found in the current frame
  (Session info: chrome=135.0.7049.84); For documentation on this error, please visit: https://www.selenium.dev/documentation/webdriver/troubleshooting/errors#stale-element-reference-exception
Stacktrace:
	GetHandleVerifier [0x005A80E3+60707]
	GetHandleVerifier [0x005A8124+60772]
	(No symbol) [0x003D0683]
	(No symbol) [0x003D6DE7]
	(No symbol) [0x003D90DA]
	(No symbol) [0x003D9157]
	(No symbol) [0x00417EF4]
	(No symbol) [0x004189FB]
	(No symbol) [0x0040E131]
	(No symbol) [0x0043D094]
	(No symbol) [0x0040DCA4]
	(No symbol) [0x0043D2C4]
	(No symbol) [0x0045E824]
	(No symbol) [0x0043CE46]
	(No symbol) [0x0040C5D3]
	(No symbol) [0x0040D424]
	GetHandleVerifier [0x007EBBC3+2435075]
	GetHandleVerifier [0x007E7163+2416035]
	GetHandleVerifier [0x0080350C+2531660]
	GetHandleVerifier [0x005BF1B5+155125]
	GetHandleVerifier [0x005C5B5D+182173]
	GetHandleVerifier [0x005AF9B8+91640]
	GetHandleVerifier [0x005AFB60+92064]
	GetHandleVerifier [0x0059A620+4704]
	BaseThreadInitThunk [0x75897BA9+25]
	RtlInitializeExceptionChain [0x7765C2EB+107]
	RtlClearBits [0x7765C26F+191]

2025-04-10 14:47:24,532 - WARNING - Error processing row: Message: stale element reference: stale element not found in the current frame
  (Session info: chrome=135.0.7049.84); For documentation on this error, please visit: https://www.selenium.dev/documentation/webdriver/troubleshooting/errors#stale-element-reference-exception
Stacktrace:
	GetHandleVerifier [0x005A80E3+60707]
	GetHandleVerifier [0x005A8124+60772]
	(No symbol) [0x003D0683]
	(No symbol) [0x003D6DE7]
	(No symbol) [0x003D90DA]
	(No symbol) [0x003D9157]
	(No symbol) [0x00417EF4]
	(No symbol) [0x004189FB]
	(No symbol) [0x0040E131]
	(No symbol) [0x0043D094]
	(No symbol) [0x0040DCA4]
	(No symbol) [0x0043D2C4]
	(No symbol) [0x0045E824]
	(No symbol) [0x0043CE46]
	(No symbol) [0x0040C5D3]
	(No symbol) [0x0040D424]
	GetHandleVerifier [0x007EBBC3+2435075]
	GetHandleVerifier [0x007E7163+2416035]
	GetHandleVerifier [0x0080350C+2531660]
	GetHandleVerifier [0x005BF1B5+155125]
	GetHandleVerifier [0x005C5B5D+182173]
	GetHandleVerifier [0x005AF9B8+91640]
	GetHandleVerifier [0x005AFB60+92064]
	GetHandleVerifier [0x0059A620+4704]
	BaseThreadInitThunk [0x75897BA9+25]
	RtlInitializeExceptionChain [0x7765C2EB+107]
	RtlClearBits [0x7765C26F+191]

2025-04-10 14:47:24,533 - WARNING - Not enough rows found in search results
2025-04-10 14:47:24,756 - INFO - Clicked on the first available Material element
2025-04-10 14:47:24,756 - INFO - Successfully completed search and click workflow
2025-04-10 14:47:24,756 - INFO - Looking for Page Option Values section
2025-04-10 14:47:24,770 - INFO - Scrolling down to find Page Option Values
2025-04-10 14:47:25,841 - INFO - Clicked on Page Option Values section
2025-04-10 14:47:30,341 - INFO - Successfully found and clicked button via JavaScript: Clicked button: 
    add new value

2025-04-10 14:47:30,341 - INFO - Successfully clicked on Page Option Values and Add new Value
2025-04-10 14:47:30,342 - INFO - Parsed 3 materials from name value: ['Topseller: 350 g/qm Recyclingkarton GT2', 'Klassiker: 240 g/qm Postkarten-Chromokarton GC1', 'Exklusiv: 300 g/qm Recyclingkarton GT2 mit Fettbarriere']
2025-04-10 14:47:30,342 - INFO - Parsed 3 materials from code value: ['wrap_verpackungen_automatikboden_70x87_4_0_topseller_1', 'wrap_verpackungen_automatikboden_70x87_4_0_klassiker_2', 'wrap_verpackungen_automatikboden_70x87_4_0_exklusiv_3']
2025-04-10 14:47:30,342 - INFO - Processing material 1/3: Name=Topseller: 350 g/qm Recyclingkarton GT2, Code=wrap_verpackungen_automatikboden_70x87_4_0_topseller_1, Position=0
2025-04-10 14:47:30,357 - INFO - JavaScript fill result for material 1: {'codeFieldFound': True, 'codeFieldValue': 'wrap_verpackungen_automatikboden_70x87_4_0_topseller_1', 'nameFieldFound': True, 'nameFieldValue': 'Topseller: 350 g/qm Recyclingkarton GT2', 'positionFieldFound': True, 'positionFieldValue': '0'}
2025-04-10 14:47:30,357 - INFO - Starting popup modal Save button click function
2025-04-10 14:47:30,372 - INFO - Found modal popup
2025-04-10 14:47:30,380 - WARNING - Could not find Save button in modal: Message: no such element: Unable to locate element: {"method":"css selector","selector":"button#save, button.action-primary, button[title='Save'], button.primary"}
  (Session info: chrome=135.0.7049.84); For documentation on this error, please visit: https://www.selenium.dev/documentation/webdriver/troubleshooting/errors#no-such-element-exception
Stacktrace:
	GetHandleVerifier [0x005A80E3+60707]
	GetHandleVerifier [0x005A8124+60772]
	(No symbol) [0x003D0683]
	(No symbol) [0x00418660]
	(No symbol) [0x004189FB]
	(No symbol) [0x0040DD81]
	(No symbol) [0x0043D094]
	(No symbol) [0x0040DCA4]
	(No symbol) [0x0043D2C4]
	(No symbol) [0x0045E824]
	(No symbol) [0x0043CE46]
	(No symbol) [0x0040C5D3]
	(No symbol) [0x0040D424]
	GetHandleVerifier [0x007EBBC3+2435075]
	GetHandleVerifier [0x007E7163+2416035]
	GetHandleVerifier [0x0080350C+2531660]
	GetHandleVerifier [0x005BF1B5+155125]
	GetHandleVerifier [0x005C5B5D+182173]
	GetHandleVerifier [0x005AF9B8+91640]
	GetHandleVerifier [0x005AFB60+92064]
	GetHandleVerifier [0x0059A620+4704]
	BaseThreadInitThunk [0x75897BA9+25]
	RtlInitializeExceptionChain [0x7765C2EB+107]
	RtlClearBits [0x7765C26F+191]

2025-04-10 14:47:32,027 - WARNING - Title-based approach failed: Message: no such element: Unable to locate element: {"method":"xpath","selector":"//div[contains(text(), 'Page Option Value')]"}
  (Session info: chrome=135.0.7049.84); For documentation on this error, please visit: https://www.selenium.dev/documentation/webdriver/troubleshooting/errors#no-such-element-exception
Stacktrace:
	GetHandleVerifier [0x005A80E3+60707]
	GetHandleVerifier [0x005A8124+60772]
	(No symbol) [0x003D0683]
	(No symbol) [0x00418660]
	(No symbol) [0x004189FB]
	(No symbol) [0x00461022]
	(No symbol) [0x0043D094]
	(No symbol) [0x0045E824]
	(No symbol) [0x0043CE46]
	(No symbol) [0x0040C5D3]
	(No symbol) [0x0040D424]
	GetHandleVerifier [0x007EBBC3+2435075]
	GetHandleVerifier [0x007E7163+2416035]
	GetHandleVerifier [0x0080350C+2531660]
	GetHandleVerifier [0x005BF1B5+155125]
	GetHandleVerifier [0x005C5B5D+182173]
	GetHandleVerifier [0x005AF9B8+91640]
	GetHandleVerifier [0x005AFB60+92064]
	GetHandleVerifier [0x0059A620+4704]
	BaseThreadInitThunk [0x75897BA9+25]
	RtlInitializeExceptionChain [0x7765C2EB+107]
	RtlClearBits [0x7765C26F+191]

2025-04-10 14:47:32,036 - WARNING - JavaScript approach could not find modal Save button
2025-04-10 14:47:32,036 - INFO - Looking for most recently added Save button
2025-04-10 14:47:32,097 - INFO - Clicked most recently added Save button
2025-04-10 14:47:32,097 - INFO - Successfully saved material 1
2025-04-10 14:47:34,099 - INFO - Processing material 2/3: Name=Klassiker: 240 g/qm Postkarten-Chromokarton GC1, Code=wrap_verpackungen_automatikboden_70x87_4_0_klassiker_2, Position=0
2025-04-10 14:47:34,099 - INFO - Refreshing page for material 2
2025-04-10 14:47:34,393 - INFO - Page refreshed successfully
2025-04-10 14:47:34,393 - INFO - Looking for Page Option Values section
2025-04-10 14:47:34,398 - INFO - Scrolling down to find Page Option Values
2025-04-10 14:47:35,460 - INFO - Clicked on Page Option Values section
2025-04-10 14:47:45,032 - INFO - Successfully found and clicked button via JavaScript: Clicked button: 
    add new value

2025-04-10 14:47:47,042 - INFO - JavaScript fill result for material 2: {'codeFieldFound': True, 'codeFieldValue': 'wrap_verpackungen_automatikboden_70x87_4_0_klassiker_2', 'nameFieldFound': True, 'nameFieldValue': 'Klassiker: 240 g/qm Postkarten-Chromokarton GC1', 'positionFieldFound': True, 'positionFieldValue': '0'}
2025-04-10 14:47:47,044 - INFO - Starting popup modal Save button click function
2025-04-10 14:47:47,054 - INFO - Found modal popup
2025-04-10 14:47:47,059 - WARNING - Could not find Save button in modal: Message: no such element: Unable to locate element: {"method":"css selector","selector":"button#save, button.action-primary, button[title='Save'], button.primary"}
  (Session info: chrome=135.0.7049.84); For documentation on this error, please visit: https://www.selenium.dev/documentation/webdriver/troubleshooting/errors#no-such-element-exception
Stacktrace:
	GetHandleVerifier [0x005A80E3+60707]
	GetHandleVerifier [0x005A8124+60772]
	(No symbol) [0x003D0683]
	(No symbol) [0x00418660]
	(No symbol) [0x004189FB]
	(No symbol) [0x0040DD81]
	(No symbol) [0x0043D094]
	(No symbol) [0x0040DCA4]
	(No symbol) [0x0043D2C4]
	(No symbol) [0x0045E824]
	(No symbol) [0x0043CE46]
	(No symbol) [0x0040C5D3]
	(No symbol) [0x0040D424]
	GetHandleVerifier [0x007EBBC3+2435075]
	GetHandleVerifier [0x007E7163+2416035]
	GetHandleVerifier [0x0080350C+2531660]
	GetHandleVerifier [0x005BF1B5+155125]
	GetHandleVerifier [0x005C5B5D+182173]
	GetHandleVerifier [0x005AF9B8+91640]
	GetHandleVerifier [0x005AFB60+92064]
	GetHandleVerifier [0x0059A620+4704]
	BaseThreadInitThunk [0x75897BA9+25]
	RtlInitializeExceptionChain [0x7765C2EB+107]
	RtlClearBits [0x7765C26F+191]

2025-04-10 14:47:47,077 - WARNING - Title-based approach failed: Message: no such element: Unable to locate element: {"method":"xpath","selector":"//div[contains(text(), 'Page Option Value')]"}
  (Session info: chrome=135.0.7049.84); For documentation on this error, please visit: https://www.selenium.dev/documentation/webdriver/troubleshooting/errors#no-such-element-exception
Stacktrace:
	GetHandleVerifier [0x005A80E3+60707]
	GetHandleVerifier [0x005A8124+60772]
	(No symbol) [0x003D0683]
	(No symbol) [0x00418660]
	(No symbol) [0x004189FB]
	(No symbol) [0x00461022]
	(No symbol) [0x0043D094]
	(No symbol) [0x0045E824]
	(No symbol) [0x0043CE46]
	(No symbol) [0x0040C5D3]
	(No symbol) [0x0040D424]
	GetHandleVerifier [0x007EBBC3+2435075]
	GetHandleVerifier [0x007E7163+2416035]
	GetHandleVerifier [0x0080350C+2531660]
	GetHandleVerifier [0x005BF1B5+155125]
	GetHandleVerifier [0x005C5B5D+182173]
	GetHandleVerifier [0x005AF9B8+91640]
	GetHandleVerifier [0x005AFB60+92064]
	GetHandleVerifier [0x0059A620+4704]
	BaseThreadInitThunk [0x75897BA9+25]
	RtlInitializeExceptionChain [0x7765C2EB+107]
	RtlClearBits [0x7765C26F+191]

2025-04-10 14:47:47,087 - WARNING - JavaScript approach could not find modal Save button
2025-04-10 14:47:47,087 - INFO - Looking for most recently added Save button
2025-04-10 14:47:47,568 - INFO - Clicked most recently added Save button
2025-04-10 14:47:47,568 - INFO - Successfully saved material 2
