2025-04-11 17:10:16,139 - INFO - Logging initialized. Log file: C:\Users\g.yilmaz\Desktop\Magento_otomation\Done\logs\printnet_automation_20250411_171016.log
2025-04-11 17:10:16,141 - INFO - Logging initialized. Log file: C:\Users\g.yilmaz\Desktop\Magento_otomation\Done\logs\skynet_fixed_price_20250411_171016.log
2025-04-11 17:10:16,143 - INFO - Logging initialized. Log file: C:\Users\g.yilmaz\Desktop\Magento_otomation\Done\logs\printnet_fixed_price_20250411_171016.log
2025-04-11 17:10:16,208 - INFO - Logging initialized. Log file: C:\Users\g.yilmaz\Desktop\Magento_otomation\Done\logs\skynet_page_options_20250411_171016.log
2025-04-11 17:10:27,843 - INFO - Toplam 1 ürün eklenecek.
2025-04-11 17:10:27,844 - INFO - ====== WebDriver manager ======
2025-04-11 17:10:28,791 - INFO - Get LATEST chromedriver version for google-chrome
2025-04-11 17:10:28,850 - INFO - Get LATEST chromedriver version for google-chrome
2025-04-11 17:10:28,907 - INFO - Driver [C:\Users\g.yilmaz\.wdm\drivers\chromedriver\win64\135.0.7049.84\chromedriver-win32/chromedriver.exe] found in cache
2025-04-11 17:10:29,950 - INFO - Chrome WebDriver initialized successfully
2025-04-11 17:10:29,954 - INFO - Navigating to https://skynet.networkhero.eu/y5id_dashboard/admin/
2025-04-11 17:10:30,794 - INFO - Username entered
2025-04-11 17:10:30,892 - INFO - Password entered
2025-04-11 17:10:31,334 - INFO - Login button clicked
2025-04-11 17:10:31,334 - INFO - Waiting for you to enter Google Authenticator code...
2025-04-11 17:10:36,644 - INFO - Login successful
2025-04-11 17:10:36,645 - INFO - Clicking on CLOUDLAB icon using the Catalog approach...
2025-04-11 17:10:36,718 - INFO - Clicked on CLOUDLAB icon using Catalog approach
2025-04-11 17:10:36,718 - INFO - Successfully clicked on CloudLab
2025-04-11 17:10:36,719 - INFO - Clicking on Page Options submenu...
2025-04-11 17:10:36,965 - INFO - Clicked on Page Options using XPath approach
2025-04-11 17:10:36,989 - INFO - Successfully navigated to Page Options page
2025-04-11 17:10:36,989 - INFO - Successfully clicked on Page Options
2025-04-11 17:10:36,989 - INFO - Looking for Code search field
2025-04-11 17:10:37,080 - INFO - Entered 'paper_wmd' in Code search field
2025-04-11 17:10:38,152 - WARNING - Could not find search button, trying to press Enter instead: Message: 

2025-04-11 17:10:38,182 - INFO - Pressed Enter to search
2025-04-11 17:10:38,182 - INFO - Looking for the second Material option in search results
2025-04-11 17:10:38,203 - INFO - Found 20 rows in the search results
2025-04-11 17:10:38,295 - WARNING - Error processing row: Message: stale element reference: stale element not found in the current frame
  (Session info: chrome=135.0.7049.85); For documentation on this error, please visit: https://www.selenium.dev/documentation/webdriver/troubleshooting/errors#stale-element-reference-exception
Stacktrace:
	GetHandleVerifier [0x012480E3+60707]
	GetHandleVerifier [0x01248124+60772]
	(No symbol) [0x01070683]
	(No symbol) [0x01076DE7]
	(No symbol) [0x010790DA]
	(No symbol) [0x01079157]
	(No symbol) [0x010B336E]
	(No symbol) [0x010DD04C]
	(No symbol) [0x010ADCA4]
	(No symbol) [0x010DD2C4]
	(No symbol) [0x010FE824]
	(No symbol) [0x010DCE46]
	(No symbol) [0x010AC5D3]
	(No symbol) [0x010AD424]
	GetHandleVerifier [0x0148BBC3+2435075]
	GetHandleVerifier [0x01487163+2416035]
	GetHandleVerifier [0x014A350C+2531660]
	GetHandleVerifier [0x0125F1B5+155125]
	GetHandleVerifier [0x01265B5D+182173]
	GetHandleVerifier [0x0124F9B8+91640]
	GetHandleVerifier [0x0124FB60+92064]
	GetHandleVerifier [0x0123A620+4704]
	BaseThreadInitThunk [0x75897BA9+25]
	RtlInitializeExceptionChain [0x7765C2EB+107]
	RtlClearBits [0x7765C26F+191]

2025-04-11 17:10:38,304 - WARNING - Error processing row: Message: stale element reference: stale element not found in the current frame
  (Session info: chrome=135.0.7049.85); For documentation on this error, please visit: https://www.selenium.dev/documentation/webdriver/troubleshooting/errors#stale-element-reference-exception
Stacktrace:
	GetHandleVerifier [0x012480E3+60707]
	GetHandleVerifier [0x01248124+60772]
	(No symbol) [0x01070683]
	(No symbol) [0x01076DE7]
	(No symbol) [0x010790DA]
	(No symbol) [0x01079157]
	(No symbol) [0x010B7EF4]
	(No symbol) [0x010B89FB]
	(No symbol) [0x010AE131]
	(No symbol) [0x010DD094]
	(No symbol) [0x010ADCA4]
	(No symbol) [0x010DD2C4]
	(No symbol) [0x010FE824]
	(No symbol) [0x010DCE46]
	(No symbol) [0x010AC5D3]
	(No symbol) [0x010AD424]
	GetHandleVerifier [0x0148BBC3+2435075]
	GetHandleVerifier [0x01487163+2416035]
	GetHandleVerifier [0x014A350C+2531660]
	GetHandleVerifier [0x0125F1B5+155125]
	GetHandleVerifier [0x01265B5D+182173]
	GetHandleVerifier [0x0124F9B8+91640]
	GetHandleVerifier [0x0124FB60+92064]
	GetHandleVerifier [0x0123A620+4704]
	BaseThreadInitThunk [0x75897BA9+25]
	RtlInitializeExceptionChain [0x7765C2EB+107]
	RtlClearBits [0x7765C26F+191]

2025-04-11 17:10:38,309 - WARNING - Error processing row: Message: stale element reference: stale element not found in the current frame
  (Session info: chrome=135.0.7049.85); For documentation on this error, please visit: https://www.selenium.dev/documentation/webdriver/troubleshooting/errors#stale-element-reference-exception
Stacktrace:
	GetHandleVerifier [0x012480E3+60707]
	GetHandleVerifier [0x01248124+60772]
	(No symbol) [0x01070683]
	(No symbol) [0x01076DE7]
	(No symbol) [0x010790DA]
	(No symbol) [0x01079157]
	(No symbol) [0x010B7EF4]
	(No symbol) [0x010B89FB]
	(No symbol) [0x010AE131]
	(No symbol) [0x010DD094]
	(No symbol) [0x010ADCA4]
	(No symbol) [0x010DD2C4]
	(No symbol) [0x010FE824]
	(No symbol) [0x010DCE46]
	(No symbol) [0x010AC5D3]
	(No symbol) [0x010AD424]
	GetHandleVerifier [0x0148BBC3+2435075]
	GetHandleVerifier [0x01487163+2416035]
	GetHandleVerifier [0x014A350C+2531660]
	GetHandleVerifier [0x0125F1B5+155125]
	GetHandleVerifier [0x01265B5D+182173]
	GetHandleVerifier [0x0124F9B8+91640]
	GetHandleVerifier [0x0124FB60+92064]
	GetHandleVerifier [0x0123A620+4704]
	BaseThreadInitThunk [0x75897BA9+25]
	RtlInitializeExceptionChain [0x7765C2EB+107]
	RtlClearBits [0x7765C26F+191]

2025-04-11 17:10:38,315 - WARNING - Error processing row: Message: stale element reference: stale element not found in the current frame
  (Session info: chrome=135.0.7049.85); For documentation on this error, please visit: https://www.selenium.dev/documentation/webdriver/troubleshooting/errors#stale-element-reference-exception
Stacktrace:
	GetHandleVerifier [0x012480E3+60707]
	GetHandleVerifier [0x01248124+60772]
	(No symbol) [0x01070683]
	(No symbol) [0x01076DE7]
	(No symbol) [0x010790DA]
	(No symbol) [0x01079157]
	(No symbol) [0x010B7EF4]
	(No symbol) [0x010B89FB]
	(No symbol) [0x010AE131]
	(No symbol) [0x010DD094]
	(No symbol) [0x010ADCA4]
	(No symbol) [0x010DD2C4]
	(No symbol) [0x010FE824]
	(No symbol) [0x010DCE46]
	(No symbol) [0x010AC5D3]
	(No symbol) [0x010AD424]
	GetHandleVerifier [0x0148BBC3+2435075]
	GetHandleVerifier [0x01487163+2416035]
	GetHandleVerifier [0x014A350C+2531660]
	GetHandleVerifier [0x0125F1B5+155125]
	GetHandleVerifier [0x01265B5D+182173]
	GetHandleVerifier [0x0124F9B8+91640]
	GetHandleVerifier [0x0124FB60+92064]
	GetHandleVerifier [0x0123A620+4704]
	BaseThreadInitThunk [0x75897BA9+25]
	RtlInitializeExceptionChain [0x7765C2EB+107]
	RtlClearBits [0x7765C26F+191]

2025-04-11 17:10:38,320 - WARNING - Error processing row: Message: stale element reference: stale element not found in the current frame
  (Session info: chrome=135.0.7049.85); For documentation on this error, please visit: https://www.selenium.dev/documentation/webdriver/troubleshooting/errors#stale-element-reference-exception
Stacktrace:
	GetHandleVerifier [0x012480E3+60707]
	GetHandleVerifier [0x01248124+60772]
	(No symbol) [0x01070683]
	(No symbol) [0x01076DE7]
	(No symbol) [0x010790DA]
	(No symbol) [0x01079157]
	(No symbol) [0x010B7EF4]
	(No symbol) [0x010B89FB]
	(No symbol) [0x010AE131]
	(No symbol) [0x010DD094]
	(No symbol) [0x010ADCA4]
	(No symbol) [0x010DD2C4]
	(No symbol) [0x010FE824]
	(No symbol) [0x010DCE46]
	(No symbol) [0x010AC5D3]
	(No symbol) [0x010AD424]
	GetHandleVerifier [0x0148BBC3+2435075]
	GetHandleVerifier [0x01487163+2416035]
	GetHandleVerifier [0x014A350C+2531660]
	GetHandleVerifier [0x0125F1B5+155125]
	GetHandleVerifier [0x01265B5D+182173]
	GetHandleVerifier [0x0124F9B8+91640]
	GetHandleVerifier [0x0124FB60+92064]
	GetHandleVerifier [0x0123A620+4704]
	BaseThreadInitThunk [0x75897BA9+25]
	RtlInitializeExceptionChain [0x7765C2EB+107]
	RtlClearBits [0x7765C26F+191]

2025-04-11 17:10:38,327 - WARNING - Error processing row: Message: stale element reference: stale element not found in the current frame
  (Session info: chrome=135.0.7049.85); For documentation on this error, please visit: https://www.selenium.dev/documentation/webdriver/troubleshooting/errors#stale-element-reference-exception
Stacktrace:
	GetHandleVerifier [0x012480E3+60707]
	GetHandleVerifier [0x01248124+60772]
	(No symbol) [0x01070683]
	(No symbol) [0x01076DE7]
	(No symbol) [0x010790DA]
	(No symbol) [0x01079157]
	(No symbol) [0x010B7EF4]
	(No symbol) [0x010B89FB]
	(No symbol) [0x010AE131]
	(No symbol) [0x010DD094]
	(No symbol) [0x010ADCA4]
	(No symbol) [0x010DD2C4]
	(No symbol) [0x010FE824]
	(No symbol) [0x010DCE46]
	(No symbol) [0x010AC5D3]
	(No symbol) [0x010AD424]
	GetHandleVerifier [0x0148BBC3+2435075]
	GetHandleVerifier [0x01487163+2416035]
	GetHandleVerifier [0x014A350C+2531660]
	GetHandleVerifier [0x0125F1B5+155125]
	GetHandleVerifier [0x01265B5D+182173]
	GetHandleVerifier [0x0124F9B8+91640]
	GetHandleVerifier [0x0124FB60+92064]
	GetHandleVerifier [0x0123A620+4704]
	BaseThreadInitThunk [0x75897BA9+25]
	RtlInitializeExceptionChain [0x7765C2EB+107]
	RtlClearBits [0x7765C26F+191]

2025-04-11 17:10:38,332 - WARNING - Error processing row: Message: stale element reference: stale element not found in the current frame
  (Session info: chrome=135.0.7049.85); For documentation on this error, please visit: https://www.selenium.dev/documentation/webdriver/troubleshooting/errors#stale-element-reference-exception
Stacktrace:
	GetHandleVerifier [0x012480E3+60707]
	GetHandleVerifier [0x01248124+60772]
	(No symbol) [0x01070683]
	(No symbol) [0x01076DE7]
	(No symbol) [0x010790DA]
	(No symbol) [0x01079157]
	(No symbol) [0x010B7EF4]
	(No symbol) [0x010B89FB]
	(No symbol) [0x010AE131]
	(No symbol) [0x010DD094]
	(No symbol) [0x010ADCA4]
	(No symbol) [0x010DD2C4]
	(No symbol) [0x010FE824]
	(No symbol) [0x010DCE46]
	(No symbol) [0x010AC5D3]
	(No symbol) [0x010AD424]
	GetHandleVerifier [0x0148BBC3+2435075]
	GetHandleVerifier [0x01487163+2416035]
	GetHandleVerifier [0x014A350C+2531660]
	GetHandleVerifier [0x0125F1B5+155125]
	GetHandleVerifier [0x01265B5D+182173]
	GetHandleVerifier [0x0124F9B8+91640]
	GetHandleVerifier [0x0124FB60+92064]
	GetHandleVerifier [0x0123A620+4704]
	BaseThreadInitThunk [0x75897BA9+25]
	RtlInitializeExceptionChain [0x7765C2EB+107]
	RtlClearBits [0x7765C26F+191]

2025-04-11 17:10:38,338 - WARNING - Error processing row: Message: stale element reference: stale element not found in the current frame
  (Session info: chrome=135.0.7049.85); For documentation on this error, please visit: https://www.selenium.dev/documentation/webdriver/troubleshooting/errors#stale-element-reference-exception
Stacktrace:
	GetHandleVerifier [0x012480E3+60707]
	GetHandleVerifier [0x01248124+60772]
	(No symbol) [0x01070683]
	(No symbol) [0x01076DE7]
	(No symbol) [0x010790DA]
	(No symbol) [0x01079157]
	(No symbol) [0x010B7EF4]
	(No symbol) [0x010B89FB]
	(No symbol) [0x010AE131]
	(No symbol) [0x010DD094]
	(No symbol) [0x010ADCA4]
	(No symbol) [0x010DD2C4]
	(No symbol) [0x010FE824]
	(No symbol) [0x010DCE46]
	(No symbol) [0x010AC5D3]
	(No symbol) [0x010AD424]
	GetHandleVerifier [0x0148BBC3+2435075]
	GetHandleVerifier [0x01487163+2416035]
	GetHandleVerifier [0x014A350C+2531660]
	GetHandleVerifier [0x0125F1B5+155125]
	GetHandleVerifier [0x01265B5D+182173]
	GetHandleVerifier [0x0124F9B8+91640]
	GetHandleVerifier [0x0124FB60+92064]
	GetHandleVerifier [0x0123A620+4704]
	BaseThreadInitThunk [0x75897BA9+25]
	RtlInitializeExceptionChain [0x7765C2EB+107]
	RtlClearBits [0x7765C26F+191]

2025-04-11 17:10:38,343 - WARNING - Error processing row: Message: stale element reference: stale element not found in the current frame
  (Session info: chrome=135.0.7049.85); For documentation on this error, please visit: https://www.selenium.dev/documentation/webdriver/troubleshooting/errors#stale-element-reference-exception
Stacktrace:
	GetHandleVerifier [0x012480E3+60707]
	GetHandleVerifier [0x01248124+60772]
	(No symbol) [0x01070683]
	(No symbol) [0x01076DE7]
	(No symbol) [0x010790DA]
	(No symbol) [0x01079157]
	(No symbol) [0x010B7EF4]
	(No symbol) [0x010B89FB]
	(No symbol) [0x010AE131]
	(No symbol) [0x010DD094]
	(No symbol) [0x010ADCA4]
	(No symbol) [0x010DD2C4]
	(No symbol) [0x010FE824]
	(No symbol) [0x010DCE46]
	(No symbol) [0x010AC5D3]
	(No symbol) [0x010AD424]
	GetHandleVerifier [0x0148BBC3+2435075]
	GetHandleVerifier [0x01487163+2416035]
	GetHandleVerifier [0x014A350C+2531660]
	GetHandleVerifier [0x0125F1B5+155125]
	GetHandleVerifier [0x01265B5D+182173]
	GetHandleVerifier [0x0124F9B8+91640]
	GetHandleVerifier [0x0124FB60+92064]
	GetHandleVerifier [0x0123A620+4704]
	BaseThreadInitThunk [0x75897BA9+25]
	RtlInitializeExceptionChain [0x7765C2EB+107]
	RtlClearBits [0x7765C26F+191]

2025-04-11 17:10:38,349 - WARNING - Error processing row: Message: stale element reference: stale element not found in the current frame
  (Session info: chrome=135.0.7049.85); For documentation on this error, please visit: https://www.selenium.dev/documentation/webdriver/troubleshooting/errors#stale-element-reference-exception
Stacktrace:
	GetHandleVerifier [0x012480E3+60707]
	GetHandleVerifier [0x01248124+60772]
	(No symbol) [0x01070683]
	(No symbol) [0x01076DE7]
	(No symbol) [0x010790DA]
	(No symbol) [0x01079157]
	(No symbol) [0x010B7EF4]
	(No symbol) [0x010B89FB]
	(No symbol) [0x010AE131]
	(No symbol) [0x010DD094]
	(No symbol) [0x010ADCA4]
	(No symbol) [0x010DD2C4]
	(No symbol) [0x010FE824]
	(No symbol) [0x010DCE46]
	(No symbol) [0x010AC5D3]
	(No symbol) [0x010AD424]
	GetHandleVerifier [0x0148BBC3+2435075]
	GetHandleVerifier [0x01487163+2416035]
	GetHandleVerifier [0x014A350C+2531660]
	GetHandleVerifier [0x0125F1B5+155125]
	GetHandleVerifier [0x01265B5D+182173]
	GetHandleVerifier [0x0124F9B8+91640]
	GetHandleVerifier [0x0124FB60+92064]
	GetHandleVerifier [0x0123A620+4704]
	BaseThreadInitThunk [0x75897BA9+25]
	RtlInitializeExceptionChain [0x7765C2EB+107]
	RtlClearBits [0x7765C26F+191]

2025-04-11 17:10:38,355 - WARNING - Error processing row: Message: stale element reference: stale element not found in the current frame
  (Session info: chrome=135.0.7049.85); For documentation on this error, please visit: https://www.selenium.dev/documentation/webdriver/troubleshooting/errors#stale-element-reference-exception
Stacktrace:
	GetHandleVerifier [0x012480E3+60707]
	GetHandleVerifier [0x01248124+60772]
	(No symbol) [0x01070683]
	(No symbol) [0x01076DE7]
	(No symbol) [0x010790DA]
	(No symbol) [0x01079157]
	(No symbol) [0x010B7EF4]
	(No symbol) [0x010B89FB]
	(No symbol) [0x010AE131]
	(No symbol) [0x010DD094]
	(No symbol) [0x010ADCA4]
	(No symbol) [0x010DD2C4]
	(No symbol) [0x010FE824]
	(No symbol) [0x010DCE46]
	(No symbol) [0x010AC5D3]
	(No symbol) [0x010AD424]
	GetHandleVerifier [0x0148BBC3+2435075]
	GetHandleVerifier [0x01487163+2416035]
	GetHandleVerifier [0x014A350C+2531660]
	GetHandleVerifier [0x0125F1B5+155125]
	GetHandleVerifier [0x01265B5D+182173]
	GetHandleVerifier [0x0124F9B8+91640]
	GetHandleVerifier [0x0124FB60+92064]
	GetHandleVerifier [0x0123A620+4704]
	BaseThreadInitThunk [0x75897BA9+25]
	RtlInitializeExceptionChain [0x7765C2EB+107]
	RtlClearBits [0x7765C26F+191]

2025-04-11 17:10:38,362 - WARNING - Error processing row: Message: stale element reference: stale element not found in the current frame
  (Session info: chrome=135.0.7049.85); For documentation on this error, please visit: https://www.selenium.dev/documentation/webdriver/troubleshooting/errors#stale-element-reference-exception
Stacktrace:
	GetHandleVerifier [0x012480E3+60707]
	GetHandleVerifier [0x01248124+60772]
	(No symbol) [0x01070683]
	(No symbol) [0x01076DE7]
	(No symbol) [0x010790DA]
	(No symbol) [0x01079157]
	(No symbol) [0x010B7EF4]
	(No symbol) [0x010B89FB]
	(No symbol) [0x010AE131]
	(No symbol) [0x010DD094]
	(No symbol) [0x010ADCA4]
	(No symbol) [0x010DD2C4]
	(No symbol) [0x010FE824]
	(No symbol) [0x010DCE46]
	(No symbol) [0x010AC5D3]
	(No symbol) [0x010AD424]
	GetHandleVerifier [0x0148BBC3+2435075]
	GetHandleVerifier [0x01487163+2416035]
	GetHandleVerifier [0x014A350C+2531660]
	GetHandleVerifier [0x0125F1B5+155125]
	GetHandleVerifier [0x01265B5D+182173]
	GetHandleVerifier [0x0124F9B8+91640]
	GetHandleVerifier [0x0124FB60+92064]
	GetHandleVerifier [0x0123A620+4704]
	BaseThreadInitThunk [0x75897BA9+25]
	RtlInitializeExceptionChain [0x7765C2EB+107]
	RtlClearBits [0x7765C26F+191]

2025-04-11 17:10:38,367 - WARNING - Error processing row: Message: stale element reference: stale element not found in the current frame
  (Session info: chrome=135.0.7049.85); For documentation on this error, please visit: https://www.selenium.dev/documentation/webdriver/troubleshooting/errors#stale-element-reference-exception
Stacktrace:
	GetHandleVerifier [0x012480E3+60707]
	GetHandleVerifier [0x01248124+60772]
	(No symbol) [0x01070683]
	(No symbol) [0x01076DE7]
	(No symbol) [0x010790DA]
	(No symbol) [0x01079157]
	(No symbol) [0x010B7EF4]
	(No symbol) [0x010B89FB]
	(No symbol) [0x010AE131]
	(No symbol) [0x010DD094]
	(No symbol) [0x010ADCA4]
	(No symbol) [0x010DD2C4]
	(No symbol) [0x010FE824]
	(No symbol) [0x010DCE46]
	(No symbol) [0x010AC5D3]
	(No symbol) [0x010AD424]
	GetHandleVerifier [0x0148BBC3+2435075]
	GetHandleVerifier [0x01487163+2416035]
	GetHandleVerifier [0x014A350C+2531660]
	GetHandleVerifier [0x0125F1B5+155125]
	GetHandleVerifier [0x01265B5D+182173]
	GetHandleVerifier [0x0124F9B8+91640]
	GetHandleVerifier [0x0124FB60+92064]
	GetHandleVerifier [0x0123A620+4704]
	BaseThreadInitThunk [0x75897BA9+25]
	RtlInitializeExceptionChain [0x7765C2EB+107]
	RtlClearBits [0x7765C26F+191]

2025-04-11 17:10:38,368 - WARNING - Error processing row: Message: stale element reference: stale element not found in the current frame
  (Session info: chrome=135.0.7049.85); For documentation on this error, please visit: https://www.selenium.dev/documentation/webdriver/troubleshooting/errors#stale-element-reference-exception
Stacktrace:
	GetHandleVerifier [0x012480E3+60707]
	GetHandleVerifier [0x01248124+60772]
	(No symbol) [0x01070683]
	(No symbol) [0x01076DE7]
	(No symbol) [0x010790DA]
	(No symbol) [0x01079157]
	(No symbol) [0x010B7EF4]
	(No symbol) [0x010B89FB]
	(No symbol) [0x010AE131]
	(No symbol) [0x010DD094]
	(No symbol) [0x010ADCA4]
	(No symbol) [0x010DD2C4]
	(No symbol) [0x010FE824]
	(No symbol) [0x010DCE46]
	(No symbol) [0x010AC5D3]
	(No symbol) [0x010AD424]
	GetHandleVerifier [0x0148BBC3+2435075]
	GetHandleVerifier [0x01487163+2416035]
	GetHandleVerifier [0x014A350C+2531660]
	GetHandleVerifier [0x0125F1B5+155125]
	GetHandleVerifier [0x01265B5D+182173]
	GetHandleVerifier [0x0124F9B8+91640]
	GetHandleVerifier [0x0124FB60+92064]
	GetHandleVerifier [0x0123A620+4704]
	BaseThreadInitThunk [0x75897BA9+25]
	RtlInitializeExceptionChain [0x7765C2EB+107]
	RtlClearBits [0x7765C26F+191]

2025-04-11 17:10:38,379 - WARNING - Error processing row: Message: stale element reference: stale element not found in the current frame
  (Session info: chrome=135.0.7049.85); For documentation on this error, please visit: https://www.selenium.dev/documentation/webdriver/troubleshooting/errors#stale-element-reference-exception
Stacktrace:
	GetHandleVerifier [0x012480E3+60707]
	GetHandleVerifier [0x01248124+60772]
	(No symbol) [0x01070683]
	(No symbol) [0x01076DE7]
	(No symbol) [0x010790DA]
	(No symbol) [0x01079157]
	(No symbol) [0x010B7EF4]
	(No symbol) [0x010B89FB]
	(No symbol) [0x010AE131]
	(No symbol) [0x010DD094]
	(No symbol) [0x010ADCA4]
	(No symbol) [0x010DD2C4]
	(No symbol) [0x010FE824]
	(No symbol) [0x010DCE46]
	(No symbol) [0x010AC5D3]
	(No symbol) [0x010AD424]
	GetHandleVerifier [0x0148BBC3+2435075]
	GetHandleVerifier [0x01487163+2416035]
	GetHandleVerifier [0x014A350C+2531660]
	GetHandleVerifier [0x0125F1B5+155125]
	GetHandleVerifier [0x01265B5D+182173]
	GetHandleVerifier [0x0124F9B8+91640]
	GetHandleVerifier [0x0124FB60+92064]
	GetHandleVerifier [0x0123A620+4704]
	BaseThreadInitThunk [0x75897BA9+25]
	RtlInitializeExceptionChain [0x7765C2EB+107]
	RtlClearBits [0x7765C26F+191]

2025-04-11 17:10:38,385 - WARNING - Error processing row: Message: stale element reference: stale element not found in the current frame
  (Session info: chrome=135.0.7049.85); For documentation on this error, please visit: https://www.selenium.dev/documentation/webdriver/troubleshooting/errors#stale-element-reference-exception
Stacktrace:
	GetHandleVerifier [0x012480E3+60707]
	GetHandleVerifier [0x01248124+60772]
	(No symbol) [0x01070683]
	(No symbol) [0x01076DE7]
	(No symbol) [0x010790DA]
	(No symbol) [0x01079157]
	(No symbol) [0x010B7EF4]
	(No symbol) [0x010B89FB]
	(No symbol) [0x010AE131]
	(No symbol) [0x010DD094]
	(No symbol) [0x010ADCA4]
	(No symbol) [0x010DD2C4]
	(No symbol) [0x010FE824]
	(No symbol) [0x010DCE46]
	(No symbol) [0x010AC5D3]
	(No symbol) [0x010AD424]
	GetHandleVerifier [0x0148BBC3+2435075]
	GetHandleVerifier [0x01487163+2416035]
	GetHandleVerifier [0x014A350C+2531660]
	GetHandleVerifier [0x0125F1B5+155125]
	GetHandleVerifier [0x01265B5D+182173]
	GetHandleVerifier [0x0124F9B8+91640]
	GetHandleVerifier [0x0124FB60+92064]
	GetHandleVerifier [0x0123A620+4704]
	BaseThreadInitThunk [0x75897BA9+25]
	RtlInitializeExceptionChain [0x7765C2EB+107]
	RtlClearBits [0x7765C26F+191]

2025-04-11 17:10:38,391 - WARNING - Error processing row: Message: stale element reference: stale element not found in the current frame
  (Session info: chrome=135.0.7049.85); For documentation on this error, please visit: https://www.selenium.dev/documentation/webdriver/troubleshooting/errors#stale-element-reference-exception
Stacktrace:
	GetHandleVerifier [0x012480E3+60707]
	GetHandleVerifier [0x01248124+60772]
	(No symbol) [0x01070683]
	(No symbol) [0x01076DE7]
	(No symbol) [0x010790DA]
	(No symbol) [0x01079157]
	(No symbol) [0x010B7EF4]
	(No symbol) [0x010B89FB]
	(No symbol) [0x010AE131]
	(No symbol) [0x010DD094]
	(No symbol) [0x010ADCA4]
	(No symbol) [0x010DD2C4]
	(No symbol) [0x010FE824]
	(No symbol) [0x010DCE46]
	(No symbol) [0x010AC5D3]
	(No symbol) [0x010AD424]
	GetHandleVerifier [0x0148BBC3+2435075]
	GetHandleVerifier [0x01487163+2416035]
	GetHandleVerifier [0x014A350C+2531660]
	GetHandleVerifier [0x0125F1B5+155125]
	GetHandleVerifier [0x01265B5D+182173]
	GetHandleVerifier [0x0124F9B8+91640]
	GetHandleVerifier [0x0124FB60+92064]
	GetHandleVerifier [0x0123A620+4704]
	BaseThreadInitThunk [0x75897BA9+25]
	RtlInitializeExceptionChain [0x7765C2EB+107]
	RtlClearBits [0x7765C26F+191]

2025-04-11 17:10:38,398 - WARNING - Error processing row: Message: stale element reference: stale element not found in the current frame
  (Session info: chrome=135.0.7049.85); For documentation on this error, please visit: https://www.selenium.dev/documentation/webdriver/troubleshooting/errors#stale-element-reference-exception
Stacktrace:
	GetHandleVerifier [0x012480E3+60707]
	GetHandleVerifier [0x01248124+60772]
	(No symbol) [0x01070683]
	(No symbol) [0x01076DE7]
	(No symbol) [0x010790DA]
	(No symbol) [0x01079157]
	(No symbol) [0x010B7EF4]
	(No symbol) [0x010B89FB]
	(No symbol) [0x010AE131]
	(No symbol) [0x010DD094]
	(No symbol) [0x010ADCA4]
	(No symbol) [0x010DD2C4]
	(No symbol) [0x010FE824]
	(No symbol) [0x010DCE46]
	(No symbol) [0x010AC5D3]
	(No symbol) [0x010AD424]
	GetHandleVerifier [0x0148BBC3+2435075]
	GetHandleVerifier [0x01487163+2416035]
	GetHandleVerifier [0x014A350C+2531660]
	GetHandleVerifier [0x0125F1B5+155125]
	GetHandleVerifier [0x01265B5D+182173]
	GetHandleVerifier [0x0124F9B8+91640]
	GetHandleVerifier [0x0124FB60+92064]
	GetHandleVerifier [0x0123A620+4704]
	BaseThreadInitThunk [0x75897BA9+25]
	RtlInitializeExceptionChain [0x7765C2EB+107]
	RtlClearBits [0x7765C26F+191]

2025-04-11 17:10:38,403 - WARNING - Error processing row: Message: stale element reference: stale element not found in the current frame
  (Session info: chrome=135.0.7049.85); For documentation on this error, please visit: https://www.selenium.dev/documentation/webdriver/troubleshooting/errors#stale-element-reference-exception
Stacktrace:
	GetHandleVerifier [0x012480E3+60707]
	GetHandleVerifier [0x01248124+60772]
	(No symbol) [0x01070683]
	(No symbol) [0x01076DE7]
	(No symbol) [0x010790DA]
	(No symbol) [0x01079157]
	(No symbol) [0x010B7EF4]
	(No symbol) [0x010B89FB]
	(No symbol) [0x010AE131]
	(No symbol) [0x010DD094]
	(No symbol) [0x010ADCA4]
	(No symbol) [0x010DD2C4]
	(No symbol) [0x010FE824]
	(No symbol) [0x010DCE46]
	(No symbol) [0x010AC5D3]
	(No symbol) [0x010AD424]
	GetHandleVerifier [0x0148BBC3+2435075]
	GetHandleVerifier [0x01487163+2416035]
	GetHandleVerifier [0x014A350C+2531660]
	GetHandleVerifier [0x0125F1B5+155125]
	GetHandleVerifier [0x01265B5D+182173]
	GetHandleVerifier [0x0124F9B8+91640]
	GetHandleVerifier [0x0124FB60+92064]
	GetHandleVerifier [0x0123A620+4704]
	BaseThreadInitThunk [0x75897BA9+25]
	RtlInitializeExceptionChain [0x7765C2EB+107]
	RtlClearBits [0x7765C26F+191]

2025-04-11 17:10:38,404 - WARNING - Not enough rows found in search results
2025-04-11 17:10:38,615 - INFO - Clicked on the first available Material element
2025-04-11 17:10:38,615 - INFO - Successfully completed search and click workflow
2025-04-11 17:10:38,615 - INFO - Looking for Page Option Values section
2025-04-11 17:10:38,636 - INFO - Scrolling down to find Page Option Values
2025-04-11 17:10:39,714 - INFO - Clicked on Page Option Values section
2025-04-11 17:10:45,444 - INFO - Successfully found and clicked button via JavaScript: Clicked button: 
    add new value

2025-04-11 17:10:45,444 - INFO - Successfully clicked on Page Option Values and Add new Value
2025-04-11 17:10:45,446 - INFO - Parsed 4 materials from name value: ['0,36 mm starker Bilderdruckkarton 350g matt für 1mm Mappen-Füllhöhe (zertifiziert mit FSC-Siegel), mittlere Steifigkeit', '0,36 mm starker Bilderdruckkarton 350g matt für 3mm Mappen-Füllhöhe (zertifiziert mit FSC-Siegel), mittlere Steifigkeit', '0,36 mm starker Bilderdruckkarton 350g matt für 5mm Mappen-Füllhöhe (zertifiziert mit FSC-Siegel), mittlere Steifigkeit', '0,36 mm starker Bilderdruckkarton 350g matt für 10mm Mappen-Füllhöhe (zertifiziert mit FSC-Siegel), mittlere Steifigkeit']
2025-04-11 17:10:45,446 - INFO - Parsed 4 materials from code value: ['mappe_a4_2t_2l_44_folie_softfeel_0_36mm_bilderdruckkarton_350g_1mm_matt_fsc', 'mappe_a4_2t_2l_44_folie_softfeel_0_36mm_bilderdruckkarton_350g_3mm_matt_fsc', 'mappe_a4_2t_2l_44_folie_softfeel_0_36mm_bilderdruckkarton_350g_5mm_matt_fsc', 'mappe_a4_2t_2l_44_folie_softfeel_0_36mm_bilderdruckkarton_350g_10mm_matt_fsc']
2025-04-11 17:10:45,447 - INFO - Processing material 1/4: Name=0,36 mm starker Bilderdruckkarton 350g matt für 1mm Mappen-Füllhöhe (zertifiziert mit FSC-Siegel), mittlere Steifigkeit, Code=mappe_a4_2t_2l_44_folie_softfeel_0_36mm_bilderdruckkarton_350g_1mm_matt_fsc, Position=0
2025-04-11 17:10:47,577 - INFO - JavaScript fill result for material 1: {'codeFieldFound': True, 'codeFieldValue': 'mappe_a4_2t_2l_44_folie_softfeel_0_36mm_bilderdruckkarton_350g_1mm_matt_fsc', 'nameFieldFound': True, 'nameFieldValue': '0,36 mm starker Bilderdruckkarton 350g matt für 1mm Mappen-Füllhöhe (zertifiziert mit FSC-Siegel), mittlere Steifigkeit', 'positionFieldFound': True, 'positionFieldValue': '0'}
2025-04-11 17:10:48,688 - INFO - Starting popup modal Save button click function
2025-04-11 17:10:48,702 - INFO - Found modal popup
2025-04-11 17:10:48,709 - WARNING - Could not find Save button in modal: Message: no such element: Unable to locate element: {"method":"css selector","selector":"button#save, button.action-primary, button[title='Save'], button.primary"}
  (Session info: chrome=135.0.7049.85); For documentation on this error, please visit: https://www.selenium.dev/documentation/webdriver/troubleshooting/errors#no-such-element-exception
Stacktrace:
	GetHandleVerifier [0x012480E3+60707]
	GetHandleVerifier [0x01248124+60772]
	(No symbol) [0x01070683]
	(No symbol) [0x010B8660]
	(No symbol) [0x010B89FB]
	(No symbol) [0x010ADD81]
	(No symbol) [0x010DD094]
	(No symbol) [0x010ADCA4]
	(No symbol) [0x010DD2C4]
	(No symbol) [0x010FE824]
	(No symbol) [0x010DCE46]
	(No symbol) [0x010AC5D3]
	(No symbol) [0x010AD424]
	GetHandleVerifier [0x0148BBC3+2435075]
	GetHandleVerifier [0x01487163+2416035]
	GetHandleVerifier [0x014A350C+2531660]
	GetHandleVerifier [0x0125F1B5+155125]
	GetHandleVerifier [0x01265B5D+182173]
	GetHandleVerifier [0x0124F9B8+91640]
	GetHandleVerifier [0x0124FB60+92064]
	GetHandleVerifier [0x0123A620+4704]
	BaseThreadInitThunk [0x75897BA9+25]
	RtlInitializeExceptionChain [0x7765C2EB+107]
	RtlClearBits [0x7765C26F+191]

2025-04-11 17:10:48,734 - WARNING - Title-based approach failed: Message: no such element: Unable to locate element: {"method":"xpath","selector":"//div[contains(text(), 'Page Option Value')]"}
  (Session info: chrome=135.0.7049.85); For documentation on this error, please visit: https://www.selenium.dev/documentation/webdriver/troubleshooting/errors#no-such-element-exception
Stacktrace:
	GetHandleVerifier [0x012480E3+60707]
	GetHandleVerifier [0x01248124+60772]
	(No symbol) [0x01070683]
	(No symbol) [0x010B8660]
	(No symbol) [0x010B89FB]
	(No symbol) [0x01101022]
	(No symbol) [0x010DD094]
	(No symbol) [0x010FE824]
	(No symbol) [0x010DCE46]
	(No symbol) [0x010AC5D3]
	(No symbol) [0x010AD424]
	GetHandleVerifier [0x0148BBC3+2435075]
	GetHandleVerifier [0x01487163+2416035]
	GetHandleVerifier [0x014A350C+2531660]
	GetHandleVerifier [0x0125F1B5+155125]
	GetHandleVerifier [0x01265B5D+182173]
	GetHandleVerifier [0x0124F9B8+91640]
	GetHandleVerifier [0x0124FB60+92064]
	GetHandleVerifier [0x0123A620+4704]
	BaseThreadInitThunk [0x75897BA9+25]
	RtlInitializeExceptionChain [0x7765C2EB+107]
	RtlClearBits [0x7765C26F+191]

2025-04-11 17:10:48,743 - WARNING - JavaScript approach could not find modal Save button
2025-04-11 17:10:48,743 - INFO - Looking for most recently added Save button
2025-04-11 17:10:49,281 - INFO - Clicked most recently added Save button
2025-04-11 17:10:49,281 - INFO - Successfully saved material 1
2025-04-11 17:10:51,283 - INFO - Processing material 2/4: Name=0,36 mm starker Bilderdruckkarton 350g matt für 3mm Mappen-Füllhöhe (zertifiziert mit FSC-Siegel), mittlere Steifigkeit, Code=mappe_a4_2t_2l_44_folie_softfeel_0_36mm_bilderdruckkarton_350g_3mm_matt_fsc, Position=0
2025-04-11 17:10:51,283 - INFO - Refreshing page for material 2
2025-04-11 17:10:51,603 - INFO - Page refreshed successfully
2025-04-11 17:10:51,603 - INFO - Looking for Page Option Values section
2025-04-11 17:10:51,609 - INFO - Scrolling down to find Page Option Values
2025-04-11 17:10:52,680 - INFO - Clicked on Page Option Values section
2025-04-11 17:10:58,470 - INFO - Successfully found and clicked button via JavaScript: Clicked button: 
    add new value

2025-04-11 17:11:02,609 - INFO - JavaScript fill result for material 2: {'codeFieldFound': True, 'codeFieldValue': 'mappe_a4_2t_2l_44_folie_softfeel_0_36mm_bilderdruckkarton_350g_3mm_matt_fsc', 'nameFieldFound': True, 'nameFieldValue': '0,36 mm starker Bilderdruckkarton 350g matt für 3mm Mappen-Füllhöhe (zertifiziert mit FSC-Siegel), mittlere Steifigkeit', 'positionFieldFound': True, 'positionFieldValue': '0'}
2025-04-11 17:11:03,717 - INFO - Starting popup modal Save button click function
2025-04-11 17:11:03,725 - INFO - Found modal popup
2025-04-11 17:11:03,732 - WARNING - Could not find Save button in modal: Message: no such element: Unable to locate element: {"method":"css selector","selector":"button#save, button.action-primary, button[title='Save'], button.primary"}
  (Session info: chrome=135.0.7049.85); For documentation on this error, please visit: https://www.selenium.dev/documentation/webdriver/troubleshooting/errors#no-such-element-exception
Stacktrace:
	GetHandleVerifier [0x012480E3+60707]
	GetHandleVerifier [0x01248124+60772]
	(No symbol) [0x01070683]
	(No symbol) [0x010B8660]
	(No symbol) [0x010B89FB]
	(No symbol) [0x010ADD81]
	(No symbol) [0x010DD094]
	(No symbol) [0x010ADCA4]
	(No symbol) [0x010DD2C4]
	(No symbol) [0x010FE824]
	(No symbol) [0x010DCE46]
	(No symbol) [0x010AC5D3]
	(No symbol) [0x010AD424]
	GetHandleVerifier [0x0148BBC3+2435075]
	GetHandleVerifier [0x01487163+2416035]
	GetHandleVerifier [0x014A350C+2531660]
	GetHandleVerifier [0x0125F1B5+155125]
	GetHandleVerifier [0x01265B5D+182173]
	GetHandleVerifier [0x0124F9B8+91640]
	GetHandleVerifier [0x0124FB60+92064]
	GetHandleVerifier [0x0123A620+4704]
	BaseThreadInitThunk [0x75897BA9+25]
	RtlInitializeExceptionChain [0x7765C2EB+107]
	RtlClearBits [0x7765C26F+191]

2025-04-11 17:11:03,750 - WARNING - Title-based approach failed: Message: no such element: Unable to locate element: {"method":"xpath","selector":"//div[contains(text(), 'Page Option Value')]"}
  (Session info: chrome=135.0.7049.85); For documentation on this error, please visit: https://www.selenium.dev/documentation/webdriver/troubleshooting/errors#no-such-element-exception
Stacktrace:
	GetHandleVerifier [0x012480E3+60707]
	GetHandleVerifier [0x01248124+60772]
	(No symbol) [0x01070683]
	(No symbol) [0x010B8660]
	(No symbol) [0x010B89FB]
	(No symbol) [0x01101022]
	(No symbol) [0x010DD094]
	(No symbol) [0x010FE824]
	(No symbol) [0x010DCE46]
	(No symbol) [0x010AC5D3]
	(No symbol) [0x010AD424]
	GetHandleVerifier [0x0148BBC3+2435075]
	GetHandleVerifier [0x01487163+2416035]
	GetHandleVerifier [0x014A350C+2531660]
	GetHandleVerifier [0x0125F1B5+155125]
	GetHandleVerifier [0x01265B5D+182173]
	GetHandleVerifier [0x0124F9B8+91640]
	GetHandleVerifier [0x0124FB60+92064]
	GetHandleVerifier [0x0123A620+4704]
	BaseThreadInitThunk [0x75897BA9+25]
	RtlInitializeExceptionChain [0x7765C2EB+107]
	RtlClearBits [0x7765C26F+191]

2025-04-11 17:11:03,755 - WARNING - JavaScript approach could not find modal Save button
2025-04-11 17:11:03,760 - INFO - Looking for most recently added Save button
2025-04-11 17:11:04,950 - INFO - Clicked most recently added Save button
2025-04-11 17:11:04,950 - INFO - Successfully saved material 2
2025-04-11 17:11:06,952 - INFO - Processing material 3/4: Name=0,36 mm starker Bilderdruckkarton 350g matt für 5mm Mappen-Füllhöhe (zertifiziert mit FSC-Siegel), mittlere Steifigkeit, Code=mappe_a4_2t_2l_44_folie_softfeel_0_36mm_bilderdruckkarton_350g_5mm_matt_fsc, Position=0
2025-04-11 17:11:06,952 - INFO - Refreshing page for material 3
2025-04-11 17:11:07,474 - INFO - Page refreshed successfully
2025-04-11 17:11:07,474 - INFO - Looking for Page Option Values section
2025-04-11 17:11:07,492 - INFO - Scrolling down to find Page Option Values
2025-04-11 17:11:08,588 - INFO - Clicked on Page Option Values section
2025-04-11 17:11:13,590 - INFO - Successfully found and clicked button via JavaScript: Clicked button: 
    add new value

2025-04-11 17:11:17,709 - INFO - JavaScript fill result for material 3: {'codeFieldFound': True, 'codeFieldValue': 'mappe_a4_2t_2l_44_folie_softfeel_0_36mm_bilderdruckkarton_350g_5mm_matt_fsc', 'nameFieldFound': True, 'nameFieldValue': '0,36 mm starker Bilderdruckkarton 350g matt für 5mm Mappen-Füllhöhe (zertifiziert mit FSC-Siegel), mittlere Steifigkeit', 'positionFieldFound': True, 'positionFieldValue': '0'}
2025-04-11 17:11:18,817 - INFO - Starting popup modal Save button click function
2025-04-11 17:11:18,827 - INFO - Found modal popup
2025-04-11 17:11:18,832 - WARNING - Could not find Save button in modal: Message: no such element: Unable to locate element: {"method":"css selector","selector":"button#save, button.action-primary, button[title='Save'], button.primary"}
  (Session info: chrome=135.0.7049.85); For documentation on this error, please visit: https://www.selenium.dev/documentation/webdriver/troubleshooting/errors#no-such-element-exception
Stacktrace:
	GetHandleVerifier [0x012480E3+60707]
	GetHandleVerifier [0x01248124+60772]
	(No symbol) [0x01070683]
	(No symbol) [0x010B8660]
	(No symbol) [0x010B89FB]
	(No symbol) [0x010ADD81]
	(No symbol) [0x010DD094]
	(No symbol) [0x010ADCA4]
	(No symbol) [0x010DD2C4]
	(No symbol) [0x010FE824]
	(No symbol) [0x010DCE46]
	(No symbol) [0x010AC5D3]
	(No symbol) [0x010AD424]
	GetHandleVerifier [0x0148BBC3+2435075]
	GetHandleVerifier [0x01487163+2416035]
	GetHandleVerifier [0x014A350C+2531660]
	GetHandleVerifier [0x0125F1B5+155125]
	GetHandleVerifier [0x01265B5D+182173]
	GetHandleVerifier [0x0124F9B8+91640]
	GetHandleVerifier [0x0124FB60+92064]
	GetHandleVerifier [0x0123A620+4704]
	BaseThreadInitThunk [0x75897BA9+25]
	RtlInitializeExceptionChain [0x7765C2EB+107]
	RtlClearBits [0x7765C26F+191]

2025-04-11 17:11:18,851 - WARNING - Title-based approach failed: Message: no such element: Unable to locate element: {"method":"xpath","selector":"//div[contains(text(), 'Page Option Value')]"}
  (Session info: chrome=135.0.7049.85); For documentation on this error, please visit: https://www.selenium.dev/documentation/webdriver/troubleshooting/errors#no-such-element-exception
Stacktrace:
	GetHandleVerifier [0x012480E3+60707]
	GetHandleVerifier [0x01248124+60772]
	(No symbol) [0x01070683]
	(No symbol) [0x010B8660]
	(No symbol) [0x010B89FB]
	(No symbol) [0x01101022]
	(No symbol) [0x010DD094]
	(No symbol) [0x010FE824]
	(No symbol) [0x010DCE46]
	(No symbol) [0x010AC5D3]
	(No symbol) [0x010AD424]
	GetHandleVerifier [0x0148BBC3+2435075]
	GetHandleVerifier [0x01487163+2416035]
	GetHandleVerifier [0x014A350C+2531660]
	GetHandleVerifier [0x0125F1B5+155125]
	GetHandleVerifier [0x01265B5D+182173]
	GetHandleVerifier [0x0124F9B8+91640]
	GetHandleVerifier [0x0124FB60+92064]
	GetHandleVerifier [0x0123A620+4704]
	BaseThreadInitThunk [0x75897BA9+25]
	RtlInitializeExceptionChain [0x7765C2EB+107]
	RtlClearBits [0x7765C26F+191]

2025-04-11 17:11:18,859 - WARNING - JavaScript approach could not find modal Save button
2025-04-11 17:11:18,859 - INFO - Looking for most recently added Save button
2025-04-11 17:11:20,182 - INFO - Clicked most recently added Save button
2025-04-11 17:11:20,183 - INFO - Successfully saved material 3
2025-04-11 17:11:22,183 - INFO - Processing material 4/4: Name=0,36 mm starker Bilderdruckkarton 350g matt für 10mm Mappen-Füllhöhe (zertifiziert mit FSC-Siegel), mittlere Steifigkeit, Code=mappe_a4_2t_2l_44_folie_softfeel_0_36mm_bilderdruckkarton_350g_10mm_matt_fsc, Position=0
2025-04-11 17:11:22,183 - INFO - Refreshing page for material 4
2025-04-11 17:11:22,831 - INFO - Page refreshed successfully
2025-04-11 17:11:22,831 - INFO - Looking for Page Option Values section
2025-04-11 17:11:22,838 - INFO - Scrolling down to find Page Option Values
2025-04-11 17:11:23,909 - INFO - Clicked on Page Option Values section
2025-04-11 17:11:28,770 - INFO - Successfully found and clicked button via JavaScript: Clicked button: 
    add new value

2025-04-11 17:11:32,886 - INFO - JavaScript fill result for material 4: {'codeFieldFound': True, 'codeFieldValue': 'mappe_a4_2t_2l_44_folie_softfeel_0_36mm_bilderdruckkarton_350g_10mm_matt_fsc', 'nameFieldFound': True, 'nameFieldValue': '0,36 mm starker Bilderdruckkarton 350g matt für 10mm Mappen-Füllhöhe (zertifiziert mit FSC-Siegel), mittlere Steifigkeit', 'positionFieldFound': True, 'positionFieldValue': '0'}
2025-04-11 17:11:33,983 - INFO - Starting popup modal Save button click function
2025-04-11 17:11:33,992 - INFO - Found modal popup
2025-04-11 17:11:33,997 - WARNING - Could not find Save button in modal: Message: no such element: Unable to locate element: {"method":"css selector","selector":"button#save, button.action-primary, button[title='Save'], button.primary"}
  (Session info: chrome=135.0.7049.85); For documentation on this error, please visit: https://www.selenium.dev/documentation/webdriver/troubleshooting/errors#no-such-element-exception
Stacktrace:
	GetHandleVerifier [0x012480E3+60707]
	GetHandleVerifier [0x01248124+60772]
	(No symbol) [0x01070683]
	(No symbol) [0x010B8660]
	(No symbol) [0x010B89FB]
	(No symbol) [0x010ADD81]
	(No symbol) [0x010DD094]
	(No symbol) [0x010ADCA4]
	(No symbol) [0x010DD2C4]
	(No symbol) [0x010FE824]
	(No symbol) [0x010DCE46]
	(No symbol) [0x010AC5D3]
	(No symbol) [0x010AD424]
	GetHandleVerifier [0x0148BBC3+2435075]
	GetHandleVerifier [0x01487163+2416035]
	GetHandleVerifier [0x014A350C+2531660]
	GetHandleVerifier [0x0125F1B5+155125]
	GetHandleVerifier [0x01265B5D+182173]
	GetHandleVerifier [0x0124F9B8+91640]
	GetHandleVerifier [0x0124FB60+92064]
	GetHandleVerifier [0x0123A620+4704]
	BaseThreadInitThunk [0x75897BA9+25]
	RtlInitializeExceptionChain [0x7765C2EB+107]
	RtlClearBits [0x7765C26F+191]

2025-04-11 17:11:34,016 - WARNING - Title-based approach failed: Message: no such element: Unable to locate element: {"method":"xpath","selector":"//div[contains(text(), 'Page Option Value')]"}
  (Session info: chrome=135.0.7049.85); For documentation on this error, please visit: https://www.selenium.dev/documentation/webdriver/troubleshooting/errors#no-such-element-exception
Stacktrace:
	GetHandleVerifier [0x012480E3+60707]
	GetHandleVerifier [0x01248124+60772]
	(No symbol) [0x01070683]
	(No symbol) [0x010B8660]
	(No symbol) [0x010B89FB]
	(No symbol) [0x01101022]
	(No symbol) [0x010DD094]
	(No symbol) [0x010FE824]
	(No symbol) [0x010DCE46]
	(No symbol) [0x010AC5D3]
	(No symbol) [0x010AD424]
	GetHandleVerifier [0x0148BBC3+2435075]
	GetHandleVerifier [0x01487163+2416035]
	GetHandleVerifier [0x014A350C+2531660]
	GetHandleVerifier [0x0125F1B5+155125]
	GetHandleVerifier [0x01265B5D+182173]
	GetHandleVerifier [0x0124F9B8+91640]
	GetHandleVerifier [0x0124FB60+92064]
	GetHandleVerifier [0x0123A620+4704]
	BaseThreadInitThunk [0x75897BA9+25]
	RtlInitializeExceptionChain [0x7765C2EB+107]
	RtlClearBits [0x7765C26F+191]

2025-04-11 17:11:34,023 - WARNING - JavaScript approach could not find modal Save button
2025-04-11 17:11:34,023 - INFO - Looking for most recently added Save button
2025-04-11 17:11:35,097 - INFO - Clicked most recently added Save button
2025-04-11 17:11:35,097 - INFO - Successfully saved material 4
2025-04-11 17:11:37,097 - INFO - All materials processed, now clicking main save
2025-04-11 17:11:37,097 - INFO - Refreshing page...
2025-04-11 17:11:37,643 - INFO - Page refreshed successfully
2025-04-11 17:11:38,685 - INFO - Clicked main Save button in top-right corner
2025-04-11 17:11:39,686 - INFO - Successfully saved all page option values
2025-04-11 17:11:39,686 - INFO - Successfully filled and saved the form
2025-04-11 17:11:39,687 - INFO - Starting popup modal Save button click function
2025-04-11 17:11:39,694 - INFO - Found modal popup
2025-04-11 17:11:39,700 - WARNING - Could not find Save button in modal: Message: no such element: Unable to locate element: {"method":"css selector","selector":"button#save, button.action-primary, button[title='Save'], button.primary"}
  (Session info: chrome=135.0.7049.85); For documentation on this error, please visit: https://www.selenium.dev/documentation/webdriver/troubleshooting/errors#no-such-element-exception
Stacktrace:
	GetHandleVerifier [0x012480E3+60707]
	GetHandleVerifier [0x01248124+60772]
	(No symbol) [0x01070683]
	(No symbol) [0x010B8660]
	(No symbol) [0x010B89FB]
	(No symbol) [0x010ADD81]
	(No symbol) [0x010DD094]
	(No symbol) [0x010ADCA4]
	(No symbol) [0x010DD2C4]
	(No symbol) [0x010FE824]
	(No symbol) [0x010DCE46]
	(No symbol) [0x010AC5D3]
	(No symbol) [0x010AD424]
	GetHandleVerifier [0x0148BBC3+2435075]
	GetHandleVerifier [0x01487163+2416035]
	GetHandleVerifier [0x014A350C+2531660]
	GetHandleVerifier [0x0125F1B5+155125]
	GetHandleVerifier [0x01265B5D+182173]
	GetHandleVerifier [0x0124F9B8+91640]
	GetHandleVerifier [0x0124FB60+92064]
	GetHandleVerifier [0x0123A620+4704]
	BaseThreadInitThunk [0x75897BA9+25]
	RtlInitializeExceptionChain [0x7765C2EB+107]
	RtlClearBits [0x7765C26F+191]

2025-04-11 17:11:39,706 - WARNING - Title-based approach failed: Message: no such element: Unable to locate element: {"method":"xpath","selector":"//div[contains(text(), 'Page Option Value')]"}
  (Session info: chrome=135.0.7049.85); For documentation on this error, please visit: https://www.selenium.dev/documentation/webdriver/troubleshooting/errors#no-such-element-exception
Stacktrace:
	GetHandleVerifier [0x012480E3+60707]
	GetHandleVerifier [0x01248124+60772]
	(No symbol) [0x01070683]
	(No symbol) [0x010B8660]
	(No symbol) [0x010B89FB]
	(No symbol) [0x01101022]
	(No symbol) [0x010DD094]
	(No symbol) [0x010FE824]
	(No symbol) [0x010DCE46]
	(No symbol) [0x010AC5D3]
	(No symbol) [0x010AD424]
	GetHandleVerifier [0x0148BBC3+2435075]
	GetHandleVerifier [0x01487163+2416035]
	GetHandleVerifier [0x014A350C+2531660]
	GetHandleVerifier [0x0125F1B5+155125]
	GetHandleVerifier [0x01265B5D+182173]
	GetHandleVerifier [0x0124F9B8+91640]
	GetHandleVerifier [0x0124FB60+92064]
	GetHandleVerifier [0x0123A620+4704]
	BaseThreadInitThunk [0x75897BA9+25]
	RtlInitializeExceptionChain [0x7765C2EB+107]
	RtlClearBits [0x7765C26F+191]

2025-04-11 17:11:39,709 - WARNING - JavaScript approach could not find modal Save button
2025-04-11 17:11:39,710 - INFO - Looking for most recently added Save button
2025-04-11 17:11:39,715 - WARNING - No Save buttons found
2025-04-11 17:11:39,715 - INFO - Successfully clicked modal save button.
2025-04-11 17:11:39,715 - INFO - Refreshing page...
2025-04-11 17:11:39,933 - INFO - Page refreshed successfully
2025-04-11 17:11:41,146 - INFO - Clicked main Save button in top-right corner
2025-04-11 17:11:42,147 - INFO - Successfully clicked modal save button.
2025-04-11 17:11:42,147 - INFO - Starting process to add a new product part from CSV
2025-04-11 17:11:42,147 - INFO - Clicking on CLOUDLAB icon using the Catalog approach...
2025-04-11 17:11:42,168 - INFO - Clicked on CLOUDLAB icon using Catalog approach
2025-04-11 17:11:44,169 - INFO - Clicking on Product Parts submenu using Catalog Products approach...
2025-04-11 17:11:59,379 - WARNING - Catalog approach failed for Product Parts: Message: 
Stacktrace:
	GetHandleVerifier [0x012480E3+60707]
	GetHandleVerifier [0x01248124+60772]
	(No symbol) [0x01070683]
	(No symbol) [0x010B8660]
	(No symbol) [0x010B89FB]
	(No symbol) [0x01101022]
	(No symbol) [0x010DD094]
	(No symbol) [0x010FE824]
	(No symbol) [0x010DCE46]
	(No symbol) [0x010AC5D3]
	(No symbol) [0x010AD424]
	GetHandleVerifier [0x0148BBC3+2435075]
	GetHandleVerifier [0x01487163+2416035]
	GetHandleVerifier [0x014A350C+2531660]
	GetHandleVerifier [0x0125F1B5+155125]
	GetHandleVerifier [0x01265B5D+182173]
	GetHandleVerifier [0x0124F9B8+91640]
	GetHandleVerifier [0x0124FB60+92064]
	GetHandleVerifier [0x0123A620+4704]
	BaseThreadInitThunk [0x75897BA9+25]
	RtlInitializeExceptionChain [0x7765C2EB+107]
	RtlClearBits [0x7765C26F+191]

2025-04-11 17:12:01,052 - INFO - Clicked on Product Parts by text
2025-04-11 17:12:02,145 - INFO - Successfully navigated to Product Parts page
2025-04-11 17:12:02,145 - INFO - Clicking on Add New Part button
2025-04-11 17:12:06,623 - INFO - Clicked on Add New Part button using CSS class
2025-04-11 17:12:06,623 - INFO - Waiting  seconds for the form to load completely...
2025-04-11 17:12:11,627 - INFO - Filling Name field
2025-04-11 17:12:11,753 - INFO - Filled Name field with: Mappe für DIN A4 2-teilig mit 2 Laschen, 4/4 farbig (Außenseite bedruckt), mit Softfeel-Folie kaschiert
2025-04-11 17:12:12,760 - INFO - Filling Code field with enhanced approach
2025-04-11 17:12:12,976 - INFO - Filled Code field with: mappe_fuer_din_a4_2_teilig_mit_2_laschen_4_4_farbig_aussenseite_bedruckt_mit_softfeel_folie_kaschiert and triggered validation
2025-04-11 17:12:12,976 - INFO - Attempting to select Material dropdown
2025-04-11 17:12:12,976 - INFO - Attempting to select materials from CSV
2025-04-11 17:12:12,977 - INFO - Found materials from CSV: ['mappe_a4_2t_2l_44_folie_softfeel_0_36mm_bilderdruckkarton_350g_1mm_matt_fsc', 'mappe_a4_2t_2l_44_folie_softfeel_0_36mm_bilderdruckkarton_350g_3mm_matt_fsc', 'mappe_a4_2t_2l_44_folie_softfeel_0_36mm_bilderdruckkarton_350g_5mm_matt_fsc', 'mappe_a4_2t_2l_44_folie_softfeel_0_36mm_bilderdruckkarton_350g_10mm_matt_fsc']
2025-04-11 17:12:13,998 - INFO - Found Öffnung element, now looking for Material field below it
2025-04-11 17:12:15,054 - INFO - Found Material element, now looking for select element
2025-04-11 17:12:15,090 - INFO - Found Material select element
2025-04-11 17:12:15,116 - INFO - JavaScript selection result: Selected 4 options: ['0,36 mm starker Bilderdruckkarton 350g matt für 1mm Mappen-Füllhöhe (zertifiziert mit FSC-Siegel), mittlere Steifigkeit (mappe_a4_2t_2l_44_folie_softfeel_0_36mm_bilderdruckkarton_350g_1mm_matt_fsc)', '0,36 mm starker Bilderdruckkarton 350g matt für 3mm Mappen-Füllhöhe (zertifiziert mit FSC-Siegel), mittlere Steifigkeit (mappe_a4_2t_2l_44_folie_softfeel_0_36mm_bilderdruckkarton_350g_3mm_matt_fsc)', '0,36 mm starker Bilderdruckkarton 350g matt für 5mm Mappen-Füllhöhe (zertifiziert mit FSC-Siegel), mittlere Steifigkeit (mappe_a4_2t_2l_44_folie_softfeel_0_36mm_bilderdruckkarton_350g_5mm_matt_fsc)', '0,36 mm starker Bilderdruckkarton 350g matt für 10mm Mappen-Füllhöhe (zertifiziert mit FSC-Siegel), mittlere Steifigkeit (mappe_a4_2t_2l_44_folie_softfeel_0_36mm_bilderdruckkarton_350g_10mm_matt_fsc)']
2025-04-11 17:12:15,116 - INFO - Successfully selected last option in Material dropdown
2025-04-11 17:12:20,117 - INFO - Clicking Save button
2025-04-11 17:12:21,348 - INFO - Clicked Save button via CSS selector
2025-04-11 17:12:21,349 - INFO - Waiting 10 seconds after save...
2025-04-11 17:12:31,350 - INFO - Product part save process completed
2025-04-11 17:12:31,350 - INFO - Successfully added a new product part for product 1
2025-04-11 17:12:31,350 - INFO - Clicking on Catalog icon...
2025-04-11 17:12:33,379 - INFO - Clicking on Products submenu...
2025-04-11 17:12:36,662 - INFO - Clicking on Add Product button...
2025-04-11 17:12:40,720 - INFO - Navigated to Add Product page
2025-04-11 17:12:41,103 - INFO - Product name entered: Mappe für DIN A4 2-teilig mit 2 Laschen, 4/4 farbig (Außenseite bedruckt), mit Softfeel-Folie kaschiert
2025-04-11 17:12:41,207 - INFO - SKU entered: 1004368
2025-04-11 17:12:41,311 - INFO - Price entered: 1.00
2025-04-11 17:12:41,371 - INFO - Quantity entered: 99999999
2025-04-11 17:12:41,372 - INFO - Successfully filled basic info for product: Mappe für DIN A4 2-teilig mit 2 Laschen, 4/4 farbig (Außenseite bedruckt), mit Softfeel-Folie kaschiert
2025-04-11 17:12:41,372 - INFO - Setting 'Is Meter Price' to: Yes
2025-04-11 17:12:41,443 - INFO - Toggle result: Changed 'Is Meter Price' to: Yes
2025-04-11 17:12:41,486 - INFO - Final scroll position: 777px
2025-04-11 17:12:41,486 - ERROR - Failed to set 'Is Meter Price': name 'current_scroll_y' is not defined
2025-04-11 17:12:41,486 - INFO - Attempting final fallback method
2025-04-11 17:12:43,552 - INFO - Clicked toggle using fallback method
2025-04-11 17:12:43,553 - INFO - Selecting Producer: wmd.networkhero.eu with simplified approach
2025-04-11 17:12:44,578 - INFO - JavaScript producer selection result: Selected wmd.networkhero.eu using standard dropdown via JS
2025-04-11 17:12:44,578 - INFO - Setting 'Disable pickup' to: Yes
2025-04-11 17:12:44,585 - INFO - Initial scroll position: 1035px
2025-04-11 17:12:46,103 - INFO - Current scroll position after positioning: 2278px
2025-04-11 17:12:46,118 - INFO - Toggle result: Changed 'Disable pickup' to: Yes
2025-04-11 17:12:46,124 - INFO - Final scroll position: 2278px
2025-04-11 17:12:46,134 - INFO - Validation confirmed 'Disable pickup' setting was applied correctly
2025-04-11 17:12:46,135 - INFO - Scrolling down to find Websites section
2025-04-11 17:12:47,176 - INFO - Expanded Websites section
2025-04-11 17:12:49,201 - INFO - Selected website: Selling Website
2025-04-11 17:12:49,223 - INFO - Selected website: Networkhero
2025-04-11 17:12:49,224 - INFO - Completed website selection
2025-04-11 17:12:49,224 - INFO - Updating Product Type to: Upload + Personalization + Configuration using producer-style approach
2025-04-11 17:12:50,264 - INFO - Clicked Web2Print Settings
2025-04-11 17:12:53,321 - INFO - Clicked General tab
2025-04-11 17:12:55,323 - INFO - Selecting Product Type: Upload + Personalization + Configuration with producer-style approach
2025-04-11 17:12:56,362 - INFO - JavaScript Product Type selection result: Selected Upload + Personalization + Configuration using standard select
2025-04-11 17:12:56,362 - INFO - Setting Price Calculation to Fixed in Matrix tab
2025-04-11 17:12:57,420 - INFO - Clicked Matrix tab
2025-04-11 17:12:59,421 - INFO - Looking for Price Calculation field
2025-04-11 17:12:59,433 - INFO - JavaScript Price Calculation selection result: Selected Fixed using standard select
2025-04-11 17:12:59,434 - INFO - Selecting weekdays in Production Days multiselect
2025-04-11 17:13:00,478 - INFO - Clicked Others tab
2025-04-11 17:13:03,488 - INFO - Approaching Production Days with direct ID
2025-04-11 17:13:13,634 - WARNING - Direct ID approach failed: Message: 
Stacktrace:
	GetHandleVerifier [0x012480E3+60707]
	GetHandleVerifier [0x01248124+60772]
	(No symbol) [0x01070683]
	(No symbol) [0x010B8660]
	(No symbol) [0x010B89FB]
	(No symbol) [0x01101022]
	(No symbol) [0x010DD094]
	(No symbol) [0x010FE824]
	(No symbol) [0x010DCE46]
	(No symbol) [0x010AC5D3]
	(No symbol) [0x010AD424]
	GetHandleVerifier [0x0148BBC3+2435075]
	GetHandleVerifier [0x01487163+2416035]
	GetHandleVerifier [0x014A350C+2531660]
	GetHandleVerifier [0x0125F1B5+155125]
	GetHandleVerifier [0x01265B5D+182173]
	GetHandleVerifier [0x0124F9B8+91640]
	GetHandleVerifier [0x0124FB60+92064]
	GetHandleVerifier [0x0123A620+4704]
	BaseThreadInitThunk [0x75897BA9+25]
	RtlInitializeExceptionChain [0x7765C2EB+107]
	RtlClearBits [0x7765C26F+191]

2025-04-11 17:13:13,634 - INFO - Approaching Production Days via label
2025-04-11 17:13:14,678 - WARNING - Label approach failed: Message: no such element: Unable to locate element: {"method":"css selector","selector":"select.admin__control-multiselect, select[multiple]"}
  (Session info: chrome=135.0.7049.85); For documentation on this error, please visit: https://www.selenium.dev/documentation/webdriver/troubleshooting/errors#no-such-element-exception
Stacktrace:
	GetHandleVerifier [0x012480E3+60707]
	GetHandleVerifier [0x01248124+60772]
	(No symbol) [0x01070683]
	(No symbol) [0x010B8660]
	(No symbol) [0x010B89FB]
	(No symbol) [0x010ADD81]
	(No symbol) [0x010DD094]
	(No symbol) [0x010ADCA4]
	(No symbol) [0x010DD2C4]
	(No symbol) [0x010FE824]
	(No symbol) [0x010DCE46]
	(No symbol) [0x010AC5D3]
	(No symbol) [0x010AD424]
	GetHandleVerifier [0x0148BBC3+2435075]
	GetHandleVerifier [0x01487163+2416035]
	GetHandleVerifier [0x014A350C+2531660]
	GetHandleVerifier [0x0125F1B5+155125]
	GetHandleVerifier [0x01265B5D+182173]
	GetHandleVerifier [0x0124F9B8+91640]
	GetHandleVerifier [0x0124FB60+92064]
	GetHandleVerifier [0x0123A620+4704]
	BaseThreadInitThunk [0x75897BA9+25]
	RtlInitializeExceptionChain [0x7765C2EB+107]
	RtlClearBits [0x7765C26F+191]

2025-04-11 17:13:14,681 - INFO - Trying all multiselects approach
2025-04-11 17:13:14,685 - INFO - Found 1 multiselects
2025-04-11 17:13:15,707 - INFO - JavaScript multiselect 1 result: {'selected': ['Monday', 'Tuesday', 'Wednesday', 'Thursday', 'Friday'], 'success': True}
2025-04-11 17:13:15,707 - INFO - Successfully selected weekdays in multiselect 1
2025-04-11 17:13:15,707 - INFO - Configuring Delivery section with final optimized approach
2025-04-11 17:13:17,246 - INFO - Expansion result: Clicked to expand delivery section
2025-04-11 17:13:19,247 - INFO - Setting VPE value to 9999
2025-04-11 17:13:19,247 - INFO - Setting VPE value to 9999 using optimized method
2025-04-11 17:13:19,257 - INFO - DOM manipulation result: Set VPE value to 9999 via DOM manipulation
2025-04-11 17:13:19,257 - INFO - Selecting VPE Type: Stock
2025-04-11 17:13:19,257 - INFO - Selecting VPE Type: Stock using producer-style approach
2025-04-11 17:13:23,288 - INFO - VPE Type field structure: {'found': True, 'labelRect': {'bottom': 547.515625, 'height': 0, 'left': 489.03125, 'right': 549.75, 'toJSON': {}, 'top': 547.515625, 'width': 60.71875, 'x': 489.03125, 'y': 547.515625}, 'structure': {'dropdownLikeCount': 0, 'fieldClasses': 'admin__field', 'firstSelectClasses': 'admin__control-select', 'firstSelectId': 'RC5LCTT', 'firstSelectOptions': ['LFM - Running Meter', 'm²', 'Stock'], 'hasField': True, 'hasMultiselect': False, 'selectCount': 1}}
2025-04-11 17:13:23,288 - INFO - Found traditional select for VPE Type
2025-04-11 17:13:23,298 - INFO - Select result: Selected Stock from VPE Type select
2025-04-11 17:13:23,298 - INFO - Selecting 'Fix Products' option
2025-04-11 17:13:23,305 - INFO - Fix Products selection result: Selected Fix Products option
2025-04-11 17:13:23,305 - INFO - Successfully configured Delivery section
2025-04-11 17:13:23,305 - INFO - Configuring Print Product Setup with CTRL+click for multiple selection
2025-04-11 17:13:24,353 - INFO - Clicked Print Product Setup
2025-04-11 17:13:26,354 - INFO - Attempting to select the last option in Product Parts list
2025-04-11 17:13:26,373 - INFO - Found Product Parts select element using XPath: //span[text()='Product Parts']/ancestor::div[contains(@class, 'field')]//select
2025-04-11 17:13:31,996 - INFO - Selecting last option (index 1134) of 1135 total options
2025-04-11 17:13:35,592 - INFO - Selected last option by index: 1134
2025-04-11 17:13:39,893 - INFO - Successfully selected: Mappe für DIN A4 2-teilig mit 2 Laschen, 4/4 farbig (Außenseite bedruckt), mit Softfeel-Folie kaschiert ( mappe_fuer_din_a4_2_teilig_mit_2_laschen_4_4_farbig_aussenseite_bedruckt_mit_softfeel_folie_kaschiert )
2025-04-11 17:13:39,900 - INFO - Textarea values set result: {'dateityp': False, 'datencheck': True}
2025-04-11 17:13:39,900 - INFO - Trying multiselect approach with CTRL+click
2025-04-11 17:13:40,973 - INFO - Clicked Standard option
2025-04-11 17:13:42,251 - INFO - CTRL+Clicked Profidatencheck option
2025-04-11 17:13:44,317 - INFO - Clicked PDF-file option
2025-04-11 17:13:45,593 - INFO - CTRL+Clicked Image option
2025-04-11 17:13:46,595 - INFO - Configuring additional settings with improved approach
2025-04-11 17:13:46,595 - INFO - Configuring Lieferung field
2025-04-11 17:13:47,634 - INFO - Lieferung selection result: {'selected': ['Standard ( production_standard )', 'Express ( production_express )', 'Standard Plus ( production_standard_plus )'], 'success': True}
2025-04-11 17:13:47,634 - INFO - Configuring Anzahl field
2025-04-11 17:13:49,181 - INFO - Selected quantity_1
2025-04-11 17:13:49,766 - INFO - Selected quantity_1 using Select class
2025-04-11 17:13:49,766 - INFO - Configuring Proof Group field
2025-04-11 17:13:51,332 - INFO - Selected proof_group_digital
2025-04-11 17:13:51,908 - INFO - Selected proof_group_digital using Select class
2025-04-11 17:13:51,910 - INFO - Configuring Product Personalization Template field
2025-04-11 17:13:52,937 - INFO - Template setting result: {'action': 'selected option', 'element': 'select', 'success': True}
2025-04-11 17:13:52,937 - INFO - Clicking the Save button in the top right corner
2025-04-11 17:14:03,113 - WARNING - Standard approach failed: Message: 
Stacktrace:
	GetHandleVerifier [0x012480E3+60707]
	GetHandleVerifier [0x01248124+60772]
	(No symbol) [0x01070683]
	(No symbol) [0x010B8660]
	(No symbol) [0x010B89FB]
	(No symbol) [0x01101022]
	(No symbol) [0x010DD094]
	(No symbol) [0x010FE824]
	(No symbol) [0x010DCE46]
	(No symbol) [0x010AC5D3]
	(No symbol) [0x010AD424]
	GetHandleVerifier [0x0148BBC3+2435075]
	GetHandleVerifier [0x01487163+2416035]
	GetHandleVerifier [0x014A350C+2531660]
	GetHandleVerifier [0x0125F1B5+155125]
	GetHandleVerifier [0x01265B5D+182173]
	GetHandleVerifier [0x0124F9B8+91640]
	GetHandleVerifier [0x0124FB60+92064]
	GetHandleVerifier [0x0123A620+4704]
	BaseThreadInitThunk [0x75897BA9+25]
	RtlInitializeExceptionChain [0x7765C2EB+107]
	RtlClearBits [0x7765C26F+191]

2025-04-11 17:14:03,327 - INFO - JavaScript result: Clicked Save button by text
2025-04-11 17:14:03,327 - INFO - Successfully clicked Save button using JavaScript
2025-04-11 17:14:13,328 - INFO - Successfully saved product 1: Mappe für DIN A4 2-teilig mit 2 Laschen, 4/4 farbig (Außenseite bedruckt), mit Softfeel-Folie kaschiert
2025-04-11 17:14:13,328 - INFO - ====== WebDriver manager ======
2025-04-11 17:14:14,371 - INFO - Get LATEST chromedriver version for google-chrome
2025-04-11 17:14:14,425 - INFO - Get LATEST chromedriver version for google-chrome
2025-04-11 17:14:14,491 - INFO - Driver [C:\Users\g.yilmaz\.wdm\drivers\chromedriver\win64\135.0.7049.84\chromedriver-win32/chromedriver.exe] found in cache
2025-04-11 17:14:15,531 - INFO - Chrome WebDriver initialized successfully
2025-04-11 17:14:15,531 - INFO - Navigating to PrintNet login page: https://printnet.networkhero.eu/dashboard/admin/
2025-04-11 17:14:16,324 - INFO - Username entered
2025-04-11 17:14:16,324 - ERROR - Failed to find password field by ID: Message: no such element: Unable to locate element: {"method":"css selector","selector":"[id="password"]"}
  (Session info: chrome=135.0.7049.85); For documentation on this error, please visit: https://www.selenium.dev/documentation/webdriver/troubleshooting/errors#no-such-element-exception
Stacktrace:
	GetHandleVerifier [0x012480E3+60707]
	GetHandleVerifier [0x01248124+60772]
	(No symbol) [0x01070683]
	(No symbol) [0x010B8660]
	(No symbol) [0x010B89FB]
	(No symbol) [0x01101022]
	(No symbol) [0x010DD094]
	(No symbol) [0x010FE824]
	(No symbol) [0x010DCE46]
	(No symbol) [0x010AC5D3]
	(No symbol) [0x010AD424]
	GetHandleVerifier [0x0148BBC3+2435075]
	GetHandleVerifier [0x01487163+2416035]
	GetHandleVerifier [0x014A350C+2531660]
	GetHandleVerifier [0x0125F1B5+155125]
	GetHandleVerifier [0x01265B5D+182173]
	GetHandleVerifier [0x0124F9B8+91640]
	GetHandleVerifier [0x0124FB60+92064]
	GetHandleVerifier [0x0123A620+4704]
	BaseThreadInitThunk [0x75897BA9+25]
	RtlInitializeExceptionChain [0x7765C2EB+107]
	RtlClearBits [0x7765C26F+191]

2025-04-11 17:14:16,409 - INFO - Password entered using alternative selector
2025-04-11 17:14:18,844 - INFO - Login button clicked
2025-04-11 17:14:27,413 - INFO - Successfully logged in to PrintNet
2025-04-11 17:14:27,413 - INFO - Successfully logged in to PrintNet
2025-04-11 17:14:27,414 - INFO - Processing first product: Mappe für DIN A4 2-teilig mit 2 Laschen, 4/4 farbig (Außenseite bedruckt), mit Softfeel-Folie kaschiert (SKU: 1004368)
2025-04-11 17:14:27,414 - INFO - Clicking on Catalog icon in PrintNet...
2025-04-11 17:14:27,462 - INFO - Clicking on Products submenu in PrintNet...
2025-04-11 17:14:28,368 - INFO - Clicking on Add Product button in PrintNet...
2025-04-11 17:14:29,437 - INFO - Navigated to Add Product page in PrintNet
2025-04-11 17:14:30,975 - INFO - SKU giriliyor: 1004368
2025-04-11 17:14:31,079 - INFO - SKU girildi: 1004368
2025-04-11 17:14:31,079 - INFO - Fiyat giriliyor: 1.00
2025-04-11 17:14:31,180 - INFO - Fiyat girildi: 1.00
2025-04-11 17:14:31,180 - INFO - Miktar giriliyor: 99999999
2025-04-11 17:14:31,245 - INFO - Miktar girildi: 99999999
2025-04-11 17:14:31,247 - INFO - Starting Visibility selection process
2025-04-11 17:14:31,414 - INFO - Successfully selected 'Catalog'
2025-04-11 17:14:32,415 - INFO - Setting 'Is Meter Price' to: Yes
2025-04-11 17:14:32,422 - INFO - Initial scroll position: 676px
2025-04-11 17:14:32,464 - INFO - Current scroll position after positioning: 496px
2025-04-11 17:14:32,479 - INFO - Toggle result: Changed 'Is Meter Price' to: Yes
2025-04-11 17:14:32,484 - INFO - Final scroll position: 496px
2025-04-11 17:14:32,495 - INFO - Validation confirmed 'Is Meter Price' setting was applied correctly
2025-04-11 17:14:32,635 - INFO - bannerheld.at seçildi
2025-04-11 17:14:40,635 - INFO - Updating Product Type to: Upload + Personalization + Configuration using producer-style approach
2025-04-11 17:14:41,665 - INFO - Clicked General tab
2025-04-11 17:14:43,666 - INFO - Selecting Product Type: Upload + Personalization + Configuration with producer-style approach
2025-04-11 17:14:44,698 - INFO - JavaScript Product Type selection result: Selected Upload + Personalization + Configuration using standard select
2025-04-11 17:14:47,761 - INFO - Looking for Price Calculation field
2025-04-11 17:14:47,775 - INFO - JavaScript Price Calculation selection result: Selected Fixed using standard select
2025-04-11 17:14:51,831 - WARNING - Failed to configure Web2Print settings
2025-04-11 17:14:57,974 - INFO - Selecting weekdays in Production Days multiselect
2025-04-11 17:14:59,050 - INFO - Clicked Others tab
2025-04-11 17:15:01,051 - INFO - Trying to select Print Files Options
2025-04-11 17:15:02,071 - INFO - Found Print Files Options area
2025-04-11 17:15:02,085 - INFO - JavaScript selection result: {'selected': ['Upload from Account', 'Send to Graphic Department', 'Send by Email', 'Online Designer'], 'success': True}
2025-04-11 17:15:03,089 - INFO - Trying all multiselects approach
2025-04-11 17:15:03,092 - INFO - Found 3 multiselects
2025-04-11 17:15:04,122 - INFO - JavaScript multiselect 1 result: {'selected': [], 'success': False}
2025-04-11 17:15:05,147 - INFO - JavaScript multiselect 2 result: {'selected': [], 'success': False}
2025-04-11 17:15:06,162 - INFO - JavaScript multiselect 3 result: {'selected': ['Monday', 'Tuesday', 'Wednesday', 'Thursday', 'Friday'], 'success': True}
2025-04-11 17:15:06,162 - INFO - Successfully selected weekdays in multiselect 3
2025-04-11 17:15:06,164 - INFO - Configuring Minimum DPI and Quantity Selectors
2025-04-11 17:15:07,193 - INFO - Set Minimum DPI to 300
2025-04-11 17:15:08,225 - INFO - Use Custom Quantity Selector result: {'action': 'enabled', 'success': True}
2025-04-11 17:15:09,257 - INFO - Use Fixed Price Quantity Selector result: {'action': 'enabled', 'success': True}
2025-04-11 17:15:09,259 - INFO - Configuring Print Product Setup with CTRL+click for multiple selection
2025-04-11 17:15:10,322 - INFO - Clicked Print Product Setup
2025-04-11 17:15:12,327 - INFO - Attempting to select the last option in Product Parts list
2025-04-11 17:15:13,346 - INFO - Found Product Parts select element
2025-04-11 17:15:20,731 - INFO - Selected last option (index 1134) from Product Parts list
2025-04-11 17:15:20,752 - INFO - Textarea values set result: {'dateityp': False, 'datencheck': False}
2025-04-11 17:15:20,752 - INFO - Trying multiselect approach with CTRL+click
2025-04-11 17:15:21,824 - INFO - Clicked Standard option
2025-04-11 17:15:23,104 - INFO - CTRL+Clicked Profidatencheck option
2025-04-11 17:15:25,171 - INFO - Clicked PDF-file option
2025-04-11 17:15:26,458 - INFO - CTRL+Clicked Image option
2025-04-11 17:15:27,458 - INFO - Configuring additional settings with improved approach
2025-04-11 17:15:27,458 - INFO - Configuring Lieferung field
2025-04-11 17:15:28,502 - INFO - Lieferung selection result: {'selected': ['Standard ( production_standard )', 'Express ( production_express )', 'Standard Plus ( production_standard_plus )'], 'success': True}
2025-04-11 17:15:28,502 - INFO - Configuring Anzahl field
2025-04-11 17:15:30,061 - INFO - Selected quantity_1
2025-04-11 17:15:30,645 - INFO - Selected quantity_1 using Select class
2025-04-11 17:15:30,645 - INFO - Configuring Proof Group field
2025-04-11 17:15:32,213 - INFO - Selected proof_group_digital
2025-04-11 17:15:32,790 - INFO - Selected proof_group_digital using Select class
2025-04-11 17:15:32,790 - INFO - Configuring Product Personalization Template field
2025-04-11 17:15:33,819 - INFO - Template setting result: {'action': 'selected option', 'element': 'select', 'success': True}
2025-04-11 17:15:33,820 - INFO - Successfully configured all settings in PrintNet for product: Mappe für DIN A4 2-teilig mit 2 Laschen, 4/4 farbig (Außenseite bedruckt), mit Softfeel-Folie kaschiert
2025-04-11 17:15:33,820 - INFO - Successfully configured product: Mappe für DIN A4 2-teilig mit 2 Laschen, 4/4 farbig (Außenseite bedruckt), mit Softfeel-Folie kaschiert
2025-04-11 17:15:33,820 - INFO - Clicking the Save button in the top right corner
2025-04-11 17:15:43,988 - WARNING - Standard approach failed: Message: 
Stacktrace:
	GetHandleVerifier [0x012480E3+60707]
	GetHandleVerifier [0x01248124+60772]
	(No symbol) [0x01070683]
	(No symbol) [0x010B8660]
	(No symbol) [0x010B89FB]
	(No symbol) [0x01101022]
	(No symbol) [0x010DD094]
	(No symbol) [0x010FE824]
	(No symbol) [0x010DCE46]
	(No symbol) [0x010AC5D3]
	(No symbol) [0x010AD424]
	GetHandleVerifier [0x0148BBC3+2435075]
	GetHandleVerifier [0x01487163+2416035]
	GetHandleVerifier [0x014A350C+2531660]
	GetHandleVerifier [0x0125F1B5+155125]
	GetHandleVerifier [0x01265B5D+182173]
	GetHandleVerifier [0x0124F9B8+91640]
	GetHandleVerifier [0x0124FB60+92064]
	GetHandleVerifier [0x0123A620+4704]
	BaseThreadInitThunk [0x75897BA9+25]
	RtlInitializeExceptionChain [0x7765C2EB+107]
	RtlClearBits [0x7765C26F+191]

2025-04-11 17:15:44,182 - INFO - JavaScript result: Clicked Save button by text
2025-04-11 17:15:44,182 - INFO - Successfully clicked Save button using JavaScript
2025-04-11 17:15:54,183 - INFO - Successfully saved product: Mappe für DIN A4 2-teilig mit 2 Laschen, 4/4 farbig (Außenseite bedruckt), mit Softfeel-Folie kaschiert
2025-04-11 17:15:56,357 - INFO - Browser closed
2025-04-11 17:15:56,357 - INFO - ====== WebDriver manager ======
2025-04-11 17:15:57,287 - INFO - Get LATEST chromedriver version for google-chrome
2025-04-11 17:15:57,342 - INFO - Get LATEST chromedriver version for google-chrome
2025-04-11 17:15:57,403 - INFO - Driver [C:\Users\g.yilmaz\.wdm\drivers\chromedriver\win64\135.0.7049.84\chromedriver-win32/chromedriver.exe] found in cache
2025-04-11 17:15:58,499 - INFO - Navigating to https://skynet.networkhero.eu/y5id_dashboard/admin/
2025-04-11 17:15:59,314 - INFO - Username entered
2025-04-11 17:15:59,408 - INFO - Password entered
2025-04-11 17:15:59,831 - INFO - Login button clicked
2025-04-11 17:15:59,832 - INFO - Waiting for you to enter Google Authenticator code...
2025-04-11 17:16:05,516 - INFO - Login successful
2025-04-11 17:16:05,516 - INFO - Clicking on CLOUDLAB icon using the Catalog approach...
2025-04-11 17:16:05,563 - INFO - Clicked on CLOUDLAB icon using Catalog approach
2025-04-11 17:16:13,372 - INFO - Attempting to click the Save button in the top right corner
2025-04-11 17:16:23,523 - WARNING - First approach failed: Message: 
Stacktrace:
	GetHandleVerifier [0x012480E3+60707]
	GetHandleVerifier [0x01248124+60772]
	(No symbol) [0x01070683]
	(No symbol) [0x010B8660]
	(No symbol) [0x010B89FB]
	(No symbol) [0x01101022]
	(No symbol) [0x010DD094]
	(No symbol) [0x010FE824]
	(No symbol) [0x010DCE46]
	(No symbol) [0x010AC5D3]
	(No symbol) [0x010AD424]
	GetHandleVerifier [0x0148BBC3+2435075]
	GetHandleVerifier [0x01487163+2416035]
	GetHandleVerifier [0x014A350C+2531660]
	GetHandleVerifier [0x0125F1B5+155125]
	GetHandleVerifier [0x01265B5D+182173]
	GetHandleVerifier [0x0124F9B8+91640]
	GetHandleVerifier [0x0124FB60+92064]
	GetHandleVerifier [0x0123A620+4704]
	BaseThreadInitThunk [0x75897BA9+25]
	RtlInitializeExceptionChain [0x7765C2EB+107]
	RtlClearBits [0x7765C26F+191]

2025-04-11 17:16:23,532 - INFO - JavaScript Save button result: Clicked the best Save button: 
                                Save
                            
2025-04-11 17:16:42,312 - INFO - Attempting to click the Save button in the top right corner
2025-04-11 17:16:52,457 - WARNING - First approach failed: Message: 
Stacktrace:
	GetHandleVerifier [0x012480E3+60707]
	GetHandleVerifier [0x01248124+60772]
	(No symbol) [0x01070683]
	(No symbol) [0x010B8660]
	(No symbol) [0x010B89FB]
	(No symbol) [0x01101022]
	(No symbol) [0x010DD094]
	(No symbol) [0x010FE824]
	(No symbol) [0x010DCE46]
	(No symbol) [0x010AC5D3]
	(No symbol) [0x010AD424]
	GetHandleVerifier [0x0148BBC3+2435075]
	GetHandleVerifier [0x01487163+2416035]
	GetHandleVerifier [0x014A350C+2531660]
	GetHandleVerifier [0x0125F1B5+155125]
	GetHandleVerifier [0x01265B5D+182173]
	GetHandleVerifier [0x0124F9B8+91640]
	GetHandleVerifier [0x0124FB60+92064]
	GetHandleVerifier [0x0123A620+4704]
	BaseThreadInitThunk [0x75897BA9+25]
	RtlInitializeExceptionChain [0x7765C2EB+107]
	RtlClearBits [0x7765C26F+191]

2025-04-11 17:16:52,464 - INFO - JavaScript Save button result: Clicked the best Save button: 
                                Save
                            
2025-04-11 17:17:11,218 - INFO - Attempting to click the Save button in the top right corner
2025-04-11 17:17:21,382 - WARNING - First approach failed: Message: 
Stacktrace:
	GetHandleVerifier [0x012480E3+60707]
	GetHandleVerifier [0x01248124+60772]
	(No symbol) [0x01070683]
	(No symbol) [0x010B8660]
	(No symbol) [0x010B89FB]
	(No symbol) [0x01101022]
	(No symbol) [0x010DD094]
	(No symbol) [0x010FE824]
	(No symbol) [0x010DCE46]
	(No symbol) [0x010AC5D3]
	(No symbol) [0x010AD424]
	GetHandleVerifier [0x0148BBC3+2435075]
	GetHandleVerifier [0x01487163+2416035]
	GetHandleVerifier [0x014A350C+2531660]
	GetHandleVerifier [0x0125F1B5+155125]
	GetHandleVerifier [0x01265B5D+182173]
	GetHandleVerifier [0x0124F9B8+91640]
	GetHandleVerifier [0x0124FB60+92064]
	GetHandleVerifier [0x0123A620+4704]
	BaseThreadInitThunk [0x75897BA9+25]
	RtlInitializeExceptionChain [0x7765C2EB+107]
	RtlClearBits [0x7765C26F+191]

2025-04-11 17:17:21,388 - INFO - JavaScript Save button result: Clicked the best Save button: 
                                Save
                            
2025-04-11 17:17:40,257 - INFO - Attempting to click the Save button in the top right corner
2025-04-11 17:17:50,409 - WARNING - First approach failed: Message: 
Stacktrace:
	GetHandleVerifier [0x012480E3+60707]
	GetHandleVerifier [0x01248124+60772]
	(No symbol) [0x01070683]
	(No symbol) [0x010B8660]
	(No symbol) [0x010B89FB]
	(No symbol) [0x01101022]
	(No symbol) [0x010DD094]
	(No symbol) [0x010FE824]
	(No symbol) [0x010DCE46]
	(No symbol) [0x010AC5D3]
	(No symbol) [0x010AD424]
	GetHandleVerifier [0x0148BBC3+2435075]
	GetHandleVerifier [0x01487163+2416035]
	GetHandleVerifier [0x014A350C+2531660]
	GetHandleVerifier [0x0125F1B5+155125]
	GetHandleVerifier [0x01265B5D+182173]
	GetHandleVerifier [0x0124F9B8+91640]
	GetHandleVerifier [0x0124FB60+92064]
	GetHandleVerifier [0x0123A620+4704]
	BaseThreadInitThunk [0x75897BA9+25]
	RtlInitializeExceptionChain [0x7765C2EB+107]
	RtlClearBits [0x7765C26F+191]

2025-04-11 17:17:50,416 - INFO - JavaScript Save button result: Clicked the best Save button: 
                                Save
                            
2025-04-11 17:18:01,001 - INFO - ====== WebDriver manager ======
2025-04-11 17:18:01,944 - INFO - Get LATEST chromedriver version for google-chrome
2025-04-11 17:18:01,988 - INFO - Get LATEST chromedriver version for google-chrome
2025-04-11 17:18:02,053 - INFO - Driver [C:\Users\g.yilmaz\.wdm\drivers\chromedriver\win64\135.0.7049.84\chromedriver-win32/chromedriver.exe] found in cache
2025-04-11 17:18:03,158 - INFO - Navigating to https://printnet.networkhero.eu/dashboard/admin
2025-04-11 17:18:03,927 - INFO - Username entered
2025-04-11 17:18:03,991 - INFO - Password entered
2025-04-11 17:18:06,415 - INFO - Login button clicked
2025-04-11 17:18:06,415 - INFO - Waiting for you to enter Google Authenticator code...
2025-04-11 17:18:11,771 - INFO - Login successful
2025-04-11 17:18:11,771 - INFO - Clicking on CLOUDLAB icon using the Catalog approach...
2025-04-11 17:18:11,825 - INFO - Clicked on CLOUDLAB icon using Catalog approach
2025-04-11 17:18:18,733 - INFO - Attempting to click the Save button in the top right corner
2025-04-11 17:18:28,882 - WARNING - First approach failed: Message: 
Stacktrace:
	GetHandleVerifier [0x012480E3+60707]
	GetHandleVerifier [0x01248124+60772]
	(No symbol) [0x01070683]
	(No symbol) [0x010B8660]
	(No symbol) [0x010B89FB]
	(No symbol) [0x01101022]
	(No symbol) [0x010DD094]
	(No symbol) [0x010FE824]
	(No symbol) [0x010DCE46]
	(No symbol) [0x010AC5D3]
	(No symbol) [0x010AD424]
	GetHandleVerifier [0x0148BBC3+2435075]
	GetHandleVerifier [0x01487163+2416035]
	GetHandleVerifier [0x014A350C+2531660]
	GetHandleVerifier [0x0125F1B5+155125]
	GetHandleVerifier [0x01265B5D+182173]
	GetHandleVerifier [0x0124F9B8+91640]
	GetHandleVerifier [0x0124FB60+92064]
	GetHandleVerifier [0x0123A620+4704]
	BaseThreadInitThunk [0x75897BA9+25]
	RtlInitializeExceptionChain [0x7765C2EB+107]
	RtlClearBits [0x7765C26F+191]

2025-04-11 17:18:28,903 - INFO - JavaScript Save button result: Clicked the best Save button: 
                                Save
                            
2025-04-11 17:18:40,903 - INFO - Attempting to click the Save button in the top right corner
2025-04-11 17:18:51,064 - WARNING - First approach failed: Message: 
Stacktrace:
	GetHandleVerifier [0x012480E3+60707]
	GetHandleVerifier [0x01248124+60772]
	(No symbol) [0x01070683]
	(No symbol) [0x010B8660]
	(No symbol) [0x010B89FB]
	(No symbol) [0x01101022]
	(No symbol) [0x010DD094]
	(No symbol) [0x010FE824]
	(No symbol) [0x010DCE46]
	(No symbol) [0x010AC5D3]
	(No symbol) [0x010AD424]
	GetHandleVerifier [0x0148BBC3+2435075]
	GetHandleVerifier [0x01487163+2416035]
	GetHandleVerifier [0x014A350C+2531660]
	GetHandleVerifier [0x0125F1B5+155125]
	GetHandleVerifier [0x01265B5D+182173]
	GetHandleVerifier [0x0124F9B8+91640]
	GetHandleVerifier [0x0124FB60+92064]
	GetHandleVerifier [0x0123A620+4704]
	BaseThreadInitThunk [0x75897BA9+25]
	RtlInitializeExceptionChain [0x7765C2EB+107]
	RtlClearBits [0x7765C26F+191]

2025-04-11 17:18:51,087 - INFO - JavaScript Save button result: Clicked the best Save button: 
                                Save
                            
2025-04-11 17:18:58,979 - INFO - Attempting to click the Save button in the top right corner
2025-04-11 17:19:09,127 - WARNING - First approach failed: Message: 
Stacktrace:
	GetHandleVerifier [0x012480E3+60707]
	GetHandleVerifier [0x01248124+60772]
	(No symbol) [0x01070683]
	(No symbol) [0x010B8660]
	(No symbol) [0x010B89FB]
	(No symbol) [0x01101022]
	(No symbol) [0x010DD094]
	(No symbol) [0x010FE824]
	(No symbol) [0x010DCE46]
	(No symbol) [0x010AC5D3]
	(No symbol) [0x010AD424]
	GetHandleVerifier [0x0148BBC3+2435075]
	GetHandleVerifier [0x01487163+2416035]
	GetHandleVerifier [0x014A350C+2531660]
	GetHandleVerifier [0x0125F1B5+155125]
	GetHandleVerifier [0x01265B5D+182173]
	GetHandleVerifier [0x0124F9B8+91640]
	GetHandleVerifier [0x0124FB60+92064]
	GetHandleVerifier [0x0123A620+4704]
	BaseThreadInitThunk [0x75897BA9+25]
	RtlInitializeExceptionChain [0x7765C2EB+107]
	RtlClearBits [0x7765C26F+191]

2025-04-11 17:19:09,157 - INFO - JavaScript Save button result: Clicked the best Save button: 
                                Save
                            
2025-04-11 17:19:16,929 - INFO - Attempting to click the Save button in the top right corner
2025-04-11 17:19:27,082 - WARNING - First approach failed: Message: 
Stacktrace:
	GetHandleVerifier [0x012480E3+60707]
	GetHandleVerifier [0x01248124+60772]
	(No symbol) [0x01070683]
	(No symbol) [0x010B8660]
	(No symbol) [0x010B89FB]
	(No symbol) [0x01101022]
	(No symbol) [0x010DD094]
	(No symbol) [0x010FE824]
	(No symbol) [0x010DCE46]
	(No symbol) [0x010AC5D3]
	(No symbol) [0x010AD424]
	GetHandleVerifier [0x0148BBC3+2435075]
	GetHandleVerifier [0x01487163+2416035]
	GetHandleVerifier [0x014A350C+2531660]
	GetHandleVerifier [0x0125F1B5+155125]
	GetHandleVerifier [0x01265B5D+182173]
	GetHandleVerifier [0x0124F9B8+91640]
	GetHandleVerifier [0x0124FB60+92064]
	GetHandleVerifier [0x0123A620+4704]
	BaseThreadInitThunk [0x75897BA9+25]
	RtlInitializeExceptionChain [0x7765C2EB+107]
	RtlClearBits [0x7765C26F+191]

2025-04-11 17:19:27,100 - INFO - JavaScript Save button result: Clicked the best Save button: 
                                Save
                            
2025-04-11 17:19:42,339 - INFO - Browser closed
