2025-04-11 16:45:48,877 - INFO - Logging initialized. Log file: C:\Users\g.yilmaz\Desktop\Magento_otomation\Done\logs\printnet_automation_20250411_164548.log
2025-04-11 16:45:48,879 - INFO - Logging initialized. Log file: C:\Users\g.yilmaz\Desktop\Magento_otomation\Done\logs\skynet_fixed_price_20250411_164548.log
2025-04-11 16:45:48,880 - INFO - Logging initialized. Log file: C:\Users\g.yilmaz\Desktop\Magento_otomation\Done\logs\printnet_fixed_price_20250411_164548.log
2025-04-11 16:45:48,895 - INFO - Logging initialized. Log file: C:\Users\g.yilmaz\Desktop\Magento_otomation\Done\logs\skynet_page_options_20250411_164548.log
2025-04-11 16:45:50,520 - INFO - Toplam 1 ürün eklenecek.
2025-04-11 16:45:50,520 - INFO - ====== WebDriver manager ======
2025-04-11 16:45:51,475 - INFO - Get LATEST chromedriver version for google-chrome
2025-04-11 16:45:51,533 - INFO - Get LATEST chromedriver version for google-chrome
2025-04-11 16:45:51,598 - INFO - Driver [C:\Users\g.yilmaz\.wdm\drivers\chromedriver\win64\135.0.7049.84\chromedriver-win32/chromedriver.exe] found in cache
2025-04-11 16:45:52,631 - INFO - Chrome WebDriver initialized successfully
2025-04-11 16:45:52,635 - INFO - Navigating to https://skynet.networkhero.eu/y5id_dashboard/admin/
2025-04-11 16:45:53,394 - INFO - Username entered
2025-04-11 16:45:53,481 - INFO - Password entered
2025-04-11 16:45:53,898 - INFO - Login button clicked
2025-04-11 16:45:53,898 - INFO - Waiting for you to enter Google Authenticator code...
2025-04-11 16:45:59,285 - INFO - Login successful
2025-04-11 16:45:59,285 - INFO - Clicking on CLOUDLAB icon using the Catalog approach...
2025-04-11 16:45:59,349 - INFO - Clicked on CLOUDLAB icon using Catalog approach
2025-04-11 16:45:59,350 - INFO - Successfully clicked on CloudLab
2025-04-11 16:45:59,350 - INFO - Clicking on Page Options submenu...
2025-04-11 16:45:59,641 - INFO - Clicked on Page Options using XPath approach
2025-04-11 16:45:59,664 - INFO - Successfully navigated to Page Options page
2025-04-11 16:45:59,664 - INFO - Successfully clicked on Page Options
2025-04-11 16:45:59,664 - INFO - Looking for Code search field
2025-04-11 16:45:59,756 - INFO - Entered 'paper_wmd' in Code search field
2025-04-11 16:46:00,818 - WARNING - Could not find search button, trying to press Enter instead: Message: 

2025-04-11 16:46:00,856 - INFO - Pressed Enter to search
2025-04-11 16:46:00,856 - INFO - Looking for the second Material option in search results
2025-04-11 16:46:00,879 - INFO - Found 20 rows in the search results
2025-04-11 16:46:00,957 - WARNING - Error processing row: Message: stale element reference: stale element not found in the current frame
  (Session info: chrome=135.0.7049.85); For documentation on this error, please visit: https://www.selenium.dev/documentation/webdriver/troubleshooting/errors#stale-element-reference-exception
Stacktrace:
	GetHandleVerifier [0x012480E3+60707]
	GetHandleVerifier [0x01248124+60772]
	(No symbol) [0x01070683]
	(No symbol) [0x01076DE7]
	(No symbol) [0x010790DA]
	(No symbol) [0x01079157]
	(No symbol) [0x010B336E]
	(No symbol) [0x010DD04C]
	(No symbol) [0x010ADCA4]
	(No symbol) [0x010DD2C4]
	(No symbol) [0x010FE824]
	(No symbol) [0x010DCE46]
	(No symbol) [0x010AC5D3]
	(No symbol) [0x010AD424]
	GetHandleVerifier [0x0148BBC3+2435075]
	GetHandleVerifier [0x01487163+2416035]
	GetHandleVerifier [0x014A350C+2531660]
	GetHandleVerifier [0x0125F1B5+155125]
	GetHandleVerifier [0x01265B5D+182173]
	GetHandleVerifier [0x0124F9B8+91640]
	GetHandleVerifier [0x0124FB60+92064]
	GetHandleVerifier [0x0123A620+4704]
	BaseThreadInitThunk [0x75897BA9+25]
	RtlInitializeExceptionChain [0x7765C2EB+107]
	RtlClearBits [0x7765C26F+191]

2025-04-11 16:46:00,963 - WARNING - Error processing row: Message: stale element reference: stale element not found in the current frame
  (Session info: chrome=135.0.7049.85); For documentation on this error, please visit: https://www.selenium.dev/documentation/webdriver/troubleshooting/errors#stale-element-reference-exception
Stacktrace:
	GetHandleVerifier [0x012480E3+60707]
	GetHandleVerifier [0x01248124+60772]
	(No symbol) [0x01070683]
	(No symbol) [0x01076DE7]
	(No symbol) [0x010790DA]
	(No symbol) [0x01079157]
	(No symbol) [0x010B7EF4]
	(No symbol) [0x010B89FB]
	(No symbol) [0x010AE131]
	(No symbol) [0x010DD094]
	(No symbol) [0x010ADCA4]
	(No symbol) [0x010DD2C4]
	(No symbol) [0x010FE824]
	(No symbol) [0x010DCE46]
	(No symbol) [0x010AC5D3]
	(No symbol) [0x010AD424]
	GetHandleVerifier [0x0148BBC3+2435075]
	GetHandleVerifier [0x01487163+2416035]
	GetHandleVerifier [0x014A350C+2531660]
	GetHandleVerifier [0x0125F1B5+155125]
	GetHandleVerifier [0x01265B5D+182173]
	GetHandleVerifier [0x0124F9B8+91640]
	GetHandleVerifier [0x0124FB60+92064]
	GetHandleVerifier [0x0123A620+4704]
	BaseThreadInitThunk [0x75897BA9+25]
	RtlInitializeExceptionChain [0x7765C2EB+107]
	RtlClearBits [0x7765C26F+191]

2025-04-11 16:46:00,971 - WARNING - Error processing row: Message: stale element reference: stale element not found in the current frame
  (Session info: chrome=135.0.7049.85); For documentation on this error, please visit: https://www.selenium.dev/documentation/webdriver/troubleshooting/errors#stale-element-reference-exception
Stacktrace:
	GetHandleVerifier [0x012480E3+60707]
	GetHandleVerifier [0x01248124+60772]
	(No symbol) [0x01070683]
	(No symbol) [0x01076DE7]
	(No symbol) [0x010790DA]
	(No symbol) [0x01079157]
	(No symbol) [0x010B7EF4]
	(No symbol) [0x010B89FB]
	(No symbol) [0x010AE131]
	(No symbol) [0x010DD094]
	(No symbol) [0x010ADCA4]
	(No symbol) [0x010DD2C4]
	(No symbol) [0x010FE824]
	(No symbol) [0x010DCE46]
	(No symbol) [0x010AC5D3]
	(No symbol) [0x010AD424]
	GetHandleVerifier [0x0148BBC3+2435075]
	GetHandleVerifier [0x01487163+2416035]
	GetHandleVerifier [0x014A350C+2531660]
	GetHandleVerifier [0x0125F1B5+155125]
	GetHandleVerifier [0x01265B5D+182173]
	GetHandleVerifier [0x0124F9B8+91640]
	GetHandleVerifier [0x0124FB60+92064]
	GetHandleVerifier [0x0123A620+4704]
	BaseThreadInitThunk [0x75897BA9+25]
	RtlInitializeExceptionChain [0x7765C2EB+107]
	RtlClearBits [0x7765C26F+191]

2025-04-11 16:46:00,976 - WARNING - Error processing row: Message: stale element reference: stale element not found in the current frame
  (Session info: chrome=135.0.7049.85); For documentation on this error, please visit: https://www.selenium.dev/documentation/webdriver/troubleshooting/errors#stale-element-reference-exception
Stacktrace:
	GetHandleVerifier [0x012480E3+60707]
	GetHandleVerifier [0x01248124+60772]
	(No symbol) [0x01070683]
	(No symbol) [0x01076DE7]
	(No symbol) [0x010790DA]
	(No symbol) [0x01079157]
	(No symbol) [0x010B7EF4]
	(No symbol) [0x010B89FB]
	(No symbol) [0x010AE131]
	(No symbol) [0x010DD094]
	(No symbol) [0x010ADCA4]
	(No symbol) [0x010DD2C4]
	(No symbol) [0x010FE824]
	(No symbol) [0x010DCE46]
	(No symbol) [0x010AC5D3]
	(No symbol) [0x010AD424]
	GetHandleVerifier [0x0148BBC3+2435075]
	GetHandleVerifier [0x01487163+2416035]
	GetHandleVerifier [0x014A350C+2531660]
	GetHandleVerifier [0x0125F1B5+155125]
	GetHandleVerifier [0x01265B5D+182173]
	GetHandleVerifier [0x0124F9B8+91640]
	GetHandleVerifier [0x0124FB60+92064]
	GetHandleVerifier [0x0123A620+4704]
	BaseThreadInitThunk [0x75897BA9+25]
	RtlInitializeExceptionChain [0x7765C2EB+107]
	RtlClearBits [0x7765C26F+191]

2025-04-11 16:46:00,982 - WARNING - Error processing row: Message: stale element reference: stale element not found in the current frame
  (Session info: chrome=135.0.7049.85); For documentation on this error, please visit: https://www.selenium.dev/documentation/webdriver/troubleshooting/errors#stale-element-reference-exception
Stacktrace:
	GetHandleVerifier [0x012480E3+60707]
	GetHandleVerifier [0x01248124+60772]
	(No symbol) [0x01070683]
	(No symbol) [0x01076DE7]
	(No symbol) [0x010790DA]
	(No symbol) [0x01079157]
	(No symbol) [0x010B7EF4]
	(No symbol) [0x010B89FB]
	(No symbol) [0x010AE131]
	(No symbol) [0x010DD094]
	(No symbol) [0x010ADCA4]
	(No symbol) [0x010DD2C4]
	(No symbol) [0x010FE824]
	(No symbol) [0x010DCE46]
	(No symbol) [0x010AC5D3]
	(No symbol) [0x010AD424]
	GetHandleVerifier [0x0148BBC3+2435075]
	GetHandleVerifier [0x01487163+2416035]
	GetHandleVerifier [0x014A350C+2531660]
	GetHandleVerifier [0x0125F1B5+155125]
	GetHandleVerifier [0x01265B5D+182173]
	GetHandleVerifier [0x0124F9B8+91640]
	GetHandleVerifier [0x0124FB60+92064]
	GetHandleVerifier [0x0123A620+4704]
	BaseThreadInitThunk [0x75897BA9+25]
	RtlInitializeExceptionChain [0x7765C2EB+107]
	RtlClearBits [0x7765C26F+191]

2025-04-11 16:46:00,990 - WARNING - Error processing row: Message: stale element reference: stale element not found in the current frame
  (Session info: chrome=135.0.7049.85); For documentation on this error, please visit: https://www.selenium.dev/documentation/webdriver/troubleshooting/errors#stale-element-reference-exception
Stacktrace:
	GetHandleVerifier [0x012480E3+60707]
	GetHandleVerifier [0x01248124+60772]
	(No symbol) [0x01070683]
	(No symbol) [0x01076DE7]
	(No symbol) [0x010790DA]
	(No symbol) [0x01079157]
	(No symbol) [0x010B7EF4]
	(No symbol) [0x010B89FB]
	(No symbol) [0x010AE131]
	(No symbol) [0x010DD094]
	(No symbol) [0x010ADCA4]
	(No symbol) [0x010DD2C4]
	(No symbol) [0x010FE824]
	(No symbol) [0x010DCE46]
	(No symbol) [0x010AC5D3]
	(No symbol) [0x010AD424]
	GetHandleVerifier [0x0148BBC3+2435075]
	GetHandleVerifier [0x01487163+2416035]
	GetHandleVerifier [0x014A350C+2531660]
	GetHandleVerifier [0x0125F1B5+155125]
	GetHandleVerifier [0x01265B5D+182173]
	GetHandleVerifier [0x0124F9B8+91640]
	GetHandleVerifier [0x0124FB60+92064]
	GetHandleVerifier [0x0123A620+4704]
	BaseThreadInitThunk [0x75897BA9+25]
	RtlInitializeExceptionChain [0x7765C2EB+107]
	RtlClearBits [0x7765C26F+191]

2025-04-11 16:46:00,995 - WARNING - Error processing row: Message: stale element reference: stale element not found in the current frame
  (Session info: chrome=135.0.7049.85); For documentation on this error, please visit: https://www.selenium.dev/documentation/webdriver/troubleshooting/errors#stale-element-reference-exception
Stacktrace:
	GetHandleVerifier [0x012480E3+60707]
	GetHandleVerifier [0x01248124+60772]
	(No symbol) [0x01070683]
	(No symbol) [0x01076DE7]
	(No symbol) [0x010790DA]
	(No symbol) [0x01079157]
	(No symbol) [0x010B7EF4]
	(No symbol) [0x010B89FB]
	(No symbol) [0x010AE131]
	(No symbol) [0x010DD094]
	(No symbol) [0x010ADCA4]
	(No symbol) [0x010DD2C4]
	(No symbol) [0x010FE824]
	(No symbol) [0x010DCE46]
	(No symbol) [0x010AC5D3]
	(No symbol) [0x010AD424]
	GetHandleVerifier [0x0148BBC3+2435075]
	GetHandleVerifier [0x01487163+2416035]
	GetHandleVerifier [0x014A350C+2531660]
	GetHandleVerifier [0x0125F1B5+155125]
	GetHandleVerifier [0x01265B5D+182173]
	GetHandleVerifier [0x0124F9B8+91640]
	GetHandleVerifier [0x0124FB60+92064]
	GetHandleVerifier [0x0123A620+4704]
	BaseThreadInitThunk [0x75897BA9+25]
	RtlInitializeExceptionChain [0x7765C2EB+107]
	RtlClearBits [0x7765C26F+191]

2025-04-11 16:46:01,000 - WARNING - Error processing row: Message: stale element reference: stale element not found in the current frame
  (Session info: chrome=135.0.7049.85); For documentation on this error, please visit: https://www.selenium.dev/documentation/webdriver/troubleshooting/errors#stale-element-reference-exception
Stacktrace:
	GetHandleVerifier [0x012480E3+60707]
	GetHandleVerifier [0x01248124+60772]
	(No symbol) [0x01070683]
	(No symbol) [0x01076DE7]
	(No symbol) [0x010790DA]
	(No symbol) [0x01079157]
	(No symbol) [0x010B7EF4]
	(No symbol) [0x010B89FB]
	(No symbol) [0x010AE131]
	(No symbol) [0x010DD094]
	(No symbol) [0x010ADCA4]
	(No symbol) [0x010DD2C4]
	(No symbol) [0x010FE824]
	(No symbol) [0x010DCE46]
	(No symbol) [0x010AC5D3]
	(No symbol) [0x010AD424]
	GetHandleVerifier [0x0148BBC3+2435075]
	GetHandleVerifier [0x01487163+2416035]
	GetHandleVerifier [0x014A350C+2531660]
	GetHandleVerifier [0x0125F1B5+155125]
	GetHandleVerifier [0x01265B5D+182173]
	GetHandleVerifier [0x0124F9B8+91640]
	GetHandleVerifier [0x0124FB60+92064]
	GetHandleVerifier [0x0123A620+4704]
	BaseThreadInitThunk [0x75897BA9+25]
	RtlInitializeExceptionChain [0x7765C2EB+107]
	RtlClearBits [0x7765C26F+191]

2025-04-11 16:46:01,006 - WARNING - Error processing row: Message: stale element reference: stale element not found in the current frame
  (Session info: chrome=135.0.7049.85); For documentation on this error, please visit: https://www.selenium.dev/documentation/webdriver/troubleshooting/errors#stale-element-reference-exception
Stacktrace:
	GetHandleVerifier [0x012480E3+60707]
	GetHandleVerifier [0x01248124+60772]
	(No symbol) [0x01070683]
	(No symbol) [0x01076DE7]
	(No symbol) [0x010790DA]
	(No symbol) [0x01079157]
	(No symbol) [0x010B7EF4]
	(No symbol) [0x010B89FB]
	(No symbol) [0x010AE131]
	(No symbol) [0x010DD094]
	(No symbol) [0x010ADCA4]
	(No symbol) [0x010DD2C4]
	(No symbol) [0x010FE824]
	(No symbol) [0x010DCE46]
	(No symbol) [0x010AC5D3]
	(No symbol) [0x010AD424]
	GetHandleVerifier [0x0148BBC3+2435075]
	GetHandleVerifier [0x01487163+2416035]
	GetHandleVerifier [0x014A350C+2531660]
	GetHandleVerifier [0x0125F1B5+155125]
	GetHandleVerifier [0x01265B5D+182173]
	GetHandleVerifier [0x0124F9B8+91640]
	GetHandleVerifier [0x0124FB60+92064]
	GetHandleVerifier [0x0123A620+4704]
	BaseThreadInitThunk [0x75897BA9+25]
	RtlInitializeExceptionChain [0x7765C2EB+107]
	RtlClearBits [0x7765C26F+191]

2025-04-11 16:46:01,012 - WARNING - Error processing row: Message: stale element reference: stale element not found in the current frame
  (Session info: chrome=135.0.7049.85); For documentation on this error, please visit: https://www.selenium.dev/documentation/webdriver/troubleshooting/errors#stale-element-reference-exception
Stacktrace:
	GetHandleVerifier [0x012480E3+60707]
	GetHandleVerifier [0x01248124+60772]
	(No symbol) [0x01070683]
	(No symbol) [0x01076DE7]
	(No symbol) [0x010790DA]
	(No symbol) [0x01079157]
	(No symbol) [0x010B7EF4]
	(No symbol) [0x010B89FB]
	(No symbol) [0x010AE131]
	(No symbol) [0x010DD094]
	(No symbol) [0x010ADCA4]
	(No symbol) [0x010DD2C4]
	(No symbol) [0x010FE824]
	(No symbol) [0x010DCE46]
	(No symbol) [0x010AC5D3]
	(No symbol) [0x010AD424]
	GetHandleVerifier [0x0148BBC3+2435075]
	GetHandleVerifier [0x01487163+2416035]
	GetHandleVerifier [0x014A350C+2531660]
	GetHandleVerifier [0x0125F1B5+155125]
	GetHandleVerifier [0x01265B5D+182173]
	GetHandleVerifier [0x0124F9B8+91640]
	GetHandleVerifier [0x0124FB60+92064]
	GetHandleVerifier [0x0123A620+4704]
	BaseThreadInitThunk [0x75897BA9+25]
	RtlInitializeExceptionChain [0x7765C2EB+107]
	RtlClearBits [0x7765C26F+191]

2025-04-11 16:46:01,018 - WARNING - Error processing row: Message: stale element reference: stale element not found in the current frame
  (Session info: chrome=135.0.7049.85); For documentation on this error, please visit: https://www.selenium.dev/documentation/webdriver/troubleshooting/errors#stale-element-reference-exception
Stacktrace:
	GetHandleVerifier [0x012480E3+60707]
	GetHandleVerifier [0x01248124+60772]
	(No symbol) [0x01070683]
	(No symbol) [0x01076DE7]
	(No symbol) [0x010790DA]
	(No symbol) [0x01079157]
	(No symbol) [0x010B7EF4]
	(No symbol) [0x010B89FB]
	(No symbol) [0x010AE131]
	(No symbol) [0x010DD094]
	(No symbol) [0x010ADCA4]
	(No symbol) [0x010DD2C4]
	(No symbol) [0x010FE824]
	(No symbol) [0x010DCE46]
	(No symbol) [0x010AC5D3]
	(No symbol) [0x010AD424]
	GetHandleVerifier [0x0148BBC3+2435075]
	GetHandleVerifier [0x01487163+2416035]
	GetHandleVerifier [0x014A350C+2531660]
	GetHandleVerifier [0x0125F1B5+155125]
	GetHandleVerifier [0x01265B5D+182173]
	GetHandleVerifier [0x0124F9B8+91640]
	GetHandleVerifier [0x0124FB60+92064]
	GetHandleVerifier [0x0123A620+4704]
	BaseThreadInitThunk [0x75897BA9+25]
	RtlInitializeExceptionChain [0x7765C2EB+107]
	RtlClearBits [0x7765C26F+191]

2025-04-11 16:46:01,024 - WARNING - Error processing row: Message: stale element reference: stale element not found in the current frame
  (Session info: chrome=135.0.7049.85); For documentation on this error, please visit: https://www.selenium.dev/documentation/webdriver/troubleshooting/errors#stale-element-reference-exception
Stacktrace:
	GetHandleVerifier [0x012480E3+60707]
	GetHandleVerifier [0x01248124+60772]
	(No symbol) [0x01070683]
	(No symbol) [0x01076DE7]
	(No symbol) [0x010790DA]
	(No symbol) [0x01079157]
	(No symbol) [0x010B7EF4]
	(No symbol) [0x010B89FB]
	(No symbol) [0x010AE131]
	(No symbol) [0x010DD094]
	(No symbol) [0x010ADCA4]
	(No symbol) [0x010DD2C4]
	(No symbol) [0x010FE824]
	(No symbol) [0x010DCE46]
	(No symbol) [0x010AC5D3]
	(No symbol) [0x010AD424]
	GetHandleVerifier [0x0148BBC3+2435075]
	GetHandleVerifier [0x01487163+2416035]
	GetHandleVerifier [0x014A350C+2531660]
	GetHandleVerifier [0x0125F1B5+155125]
	GetHandleVerifier [0x01265B5D+182173]
	GetHandleVerifier [0x0124F9B8+91640]
	GetHandleVerifier [0x0124FB60+92064]
	GetHandleVerifier [0x0123A620+4704]
	BaseThreadInitThunk [0x75897BA9+25]
	RtlInitializeExceptionChain [0x7765C2EB+107]
	RtlClearBits [0x7765C26F+191]

2025-04-11 16:46:01,029 - WARNING - Error processing row: Message: stale element reference: stale element not found in the current frame
  (Session info: chrome=135.0.7049.85); For documentation on this error, please visit: https://www.selenium.dev/documentation/webdriver/troubleshooting/errors#stale-element-reference-exception
Stacktrace:
	GetHandleVerifier [0x012480E3+60707]
	GetHandleVerifier [0x01248124+60772]
	(No symbol) [0x01070683]
	(No symbol) [0x01076DE7]
	(No symbol) [0x010790DA]
	(No symbol) [0x01079157]
	(No symbol) [0x010B7EF4]
	(No symbol) [0x010B89FB]
	(No symbol) [0x010AE131]
	(No symbol) [0x010DD094]
	(No symbol) [0x010ADCA4]
	(No symbol) [0x010DD2C4]
	(No symbol) [0x010FE824]
	(No symbol) [0x010DCE46]
	(No symbol) [0x010AC5D3]
	(No symbol) [0x010AD424]
	GetHandleVerifier [0x0148BBC3+2435075]
	GetHandleVerifier [0x01487163+2416035]
	GetHandleVerifier [0x014A350C+2531660]
	GetHandleVerifier [0x0125F1B5+155125]
	GetHandleVerifier [0x01265B5D+182173]
	GetHandleVerifier [0x0124F9B8+91640]
	GetHandleVerifier [0x0124FB60+92064]
	GetHandleVerifier [0x0123A620+4704]
	BaseThreadInitThunk [0x75897BA9+25]
	RtlInitializeExceptionChain [0x7765C2EB+107]
	RtlClearBits [0x7765C26F+191]

2025-04-11 16:46:01,035 - WARNING - Error processing row: Message: stale element reference: stale element not found in the current frame
  (Session info: chrome=135.0.7049.85); For documentation on this error, please visit: https://www.selenium.dev/documentation/webdriver/troubleshooting/errors#stale-element-reference-exception
Stacktrace:
	GetHandleVerifier [0x012480E3+60707]
	GetHandleVerifier [0x01248124+60772]
	(No symbol) [0x01070683]
	(No symbol) [0x01076DE7]
	(No symbol) [0x010790DA]
	(No symbol) [0x01079157]
	(No symbol) [0x010B7EF4]
	(No symbol) [0x010B89FB]
	(No symbol) [0x010AE131]
	(No symbol) [0x010DD094]
	(No symbol) [0x010ADCA4]
	(No symbol) [0x010DD2C4]
	(No symbol) [0x010FE824]
	(No symbol) [0x010DCE46]
	(No symbol) [0x010AC5D3]
	(No symbol) [0x010AD424]
	GetHandleVerifier [0x0148BBC3+2435075]
	GetHandleVerifier [0x01487163+2416035]
	GetHandleVerifier [0x014A350C+2531660]
	GetHandleVerifier [0x0125F1B5+155125]
	GetHandleVerifier [0x01265B5D+182173]
	GetHandleVerifier [0x0124F9B8+91640]
	GetHandleVerifier [0x0124FB60+92064]
	GetHandleVerifier [0x0123A620+4704]
	BaseThreadInitThunk [0x75897BA9+25]
	RtlInitializeExceptionChain [0x7765C2EB+107]
	RtlClearBits [0x7765C26F+191]

2025-04-11 16:46:01,041 - WARNING - Error processing row: Message: stale element reference: stale element not found in the current frame
  (Session info: chrome=135.0.7049.85); For documentation on this error, please visit: https://www.selenium.dev/documentation/webdriver/troubleshooting/errors#stale-element-reference-exception
Stacktrace:
	GetHandleVerifier [0x012480E3+60707]
	GetHandleVerifier [0x01248124+60772]
	(No symbol) [0x01070683]
	(No symbol) [0x01076DE7]
	(No symbol) [0x010790DA]
	(No symbol) [0x01079157]
	(No symbol) [0x010B7EF4]
	(No symbol) [0x010B89FB]
	(No symbol) [0x010AE131]
	(No symbol) [0x010DD094]
	(No symbol) [0x010ADCA4]
	(No symbol) [0x010DD2C4]
	(No symbol) [0x010FE824]
	(No symbol) [0x010DCE46]
	(No symbol) [0x010AC5D3]
	(No symbol) [0x010AD424]
	GetHandleVerifier [0x0148BBC3+2435075]
	GetHandleVerifier [0x01487163+2416035]
	GetHandleVerifier [0x014A350C+2531660]
	GetHandleVerifier [0x0125F1B5+155125]
	GetHandleVerifier [0x01265B5D+182173]
	GetHandleVerifier [0x0124F9B8+91640]
	GetHandleVerifier [0x0124FB60+92064]
	GetHandleVerifier [0x0123A620+4704]
	BaseThreadInitThunk [0x75897BA9+25]
	RtlInitializeExceptionChain [0x7765C2EB+107]
	RtlClearBits [0x7765C26F+191]

2025-04-11 16:46:01,046 - WARNING - Error processing row: Message: stale element reference: stale element not found in the current frame
  (Session info: chrome=135.0.7049.85); For documentation on this error, please visit: https://www.selenium.dev/documentation/webdriver/troubleshooting/errors#stale-element-reference-exception
Stacktrace:
	GetHandleVerifier [0x012480E3+60707]
	GetHandleVerifier [0x01248124+60772]
	(No symbol) [0x01070683]
	(No symbol) [0x01076DE7]
	(No symbol) [0x010790DA]
	(No symbol) [0x01079157]
	(No symbol) [0x010B7EF4]
	(No symbol) [0x010B89FB]
	(No symbol) [0x010AE131]
	(No symbol) [0x010DD094]
	(No symbol) [0x010ADCA4]
	(No symbol) [0x010DD2C4]
	(No symbol) [0x010FE824]
	(No symbol) [0x010DCE46]
	(No symbol) [0x010AC5D3]
	(No symbol) [0x010AD424]
	GetHandleVerifier [0x0148BBC3+2435075]
	GetHandleVerifier [0x01487163+2416035]
	GetHandleVerifier [0x014A350C+2531660]
	GetHandleVerifier [0x0125F1B5+155125]
	GetHandleVerifier [0x01265B5D+182173]
	GetHandleVerifier [0x0124F9B8+91640]
	GetHandleVerifier [0x0124FB60+92064]
	GetHandleVerifier [0x0123A620+4704]
	BaseThreadInitThunk [0x75897BA9+25]
	RtlInitializeExceptionChain [0x7765C2EB+107]
	RtlClearBits [0x7765C26F+191]

2025-04-11 16:46:01,052 - WARNING - Error processing row: Message: stale element reference: stale element not found in the current frame
  (Session info: chrome=135.0.7049.85); For documentation on this error, please visit: https://www.selenium.dev/documentation/webdriver/troubleshooting/errors#stale-element-reference-exception
Stacktrace:
	GetHandleVerifier [0x012480E3+60707]
	GetHandleVerifier [0x01248124+60772]
	(No symbol) [0x01070683]
	(No symbol) [0x01076DE7]
	(No symbol) [0x010790DA]
	(No symbol) [0x01079157]
	(No symbol) [0x010B7EF4]
	(No symbol) [0x010B89FB]
	(No symbol) [0x010AE131]
	(No symbol) [0x010DD094]
	(No symbol) [0x010ADCA4]
	(No symbol) [0x010DD2C4]
	(No symbol) [0x010FE824]
	(No symbol) [0x010DCE46]
	(No symbol) [0x010AC5D3]
	(No symbol) [0x010AD424]
	GetHandleVerifier [0x0148BBC3+2435075]
	GetHandleVerifier [0x01487163+2416035]
	GetHandleVerifier [0x014A350C+2531660]
	GetHandleVerifier [0x0125F1B5+155125]
	GetHandleVerifier [0x01265B5D+182173]
	GetHandleVerifier [0x0124F9B8+91640]
	GetHandleVerifier [0x0124FB60+92064]
	GetHandleVerifier [0x0123A620+4704]
	BaseThreadInitThunk [0x75897BA9+25]
	RtlInitializeExceptionChain [0x7765C2EB+107]
	RtlClearBits [0x7765C26F+191]

2025-04-11 16:46:01,059 - WARNING - Error processing row: Message: stale element reference: stale element not found in the current frame
  (Session info: chrome=135.0.7049.85); For documentation on this error, please visit: https://www.selenium.dev/documentation/webdriver/troubleshooting/errors#stale-element-reference-exception
Stacktrace:
	GetHandleVerifier [0x012480E3+60707]
	GetHandleVerifier [0x01248124+60772]
	(No symbol) [0x01070683]
	(No symbol) [0x01076DE7]
	(No symbol) [0x010790DA]
	(No symbol) [0x01079157]
	(No symbol) [0x010B7EF4]
	(No symbol) [0x010B89FB]
	(No symbol) [0x010AE131]
	(No symbol) [0x010DD094]
	(No symbol) [0x010ADCA4]
	(No symbol) [0x010DD2C4]
	(No symbol) [0x010FE824]
	(No symbol) [0x010DCE46]
	(No symbol) [0x010AC5D3]
	(No symbol) [0x010AD424]
	GetHandleVerifier [0x0148BBC3+2435075]
	GetHandleVerifier [0x01487163+2416035]
	GetHandleVerifier [0x014A350C+2531660]
	GetHandleVerifier [0x0125F1B5+155125]
	GetHandleVerifier [0x01265B5D+182173]
	GetHandleVerifier [0x0124F9B8+91640]
	GetHandleVerifier [0x0124FB60+92064]
	GetHandleVerifier [0x0123A620+4704]
	BaseThreadInitThunk [0x75897BA9+25]
	RtlInitializeExceptionChain [0x7765C2EB+107]
	RtlClearBits [0x7765C26F+191]

2025-04-11 16:46:01,063 - WARNING - Error processing row: Message: stale element reference: stale element not found in the current frame
  (Session info: chrome=135.0.7049.85); For documentation on this error, please visit: https://www.selenium.dev/documentation/webdriver/troubleshooting/errors#stale-element-reference-exception
Stacktrace:
	GetHandleVerifier [0x012480E3+60707]
	GetHandleVerifier [0x01248124+60772]
	(No symbol) [0x01070683]
	(No symbol) [0x01076DE7]
	(No symbol) [0x010790DA]
	(No symbol) [0x01079157]
	(No symbol) [0x010B7EF4]
	(No symbol) [0x010B89FB]
	(No symbol) [0x010AE131]
	(No symbol) [0x010DD094]
	(No symbol) [0x010ADCA4]
	(No symbol) [0x010DD2C4]
	(No symbol) [0x010FE824]
	(No symbol) [0x010DCE46]
	(No symbol) [0x010AC5D3]
	(No symbol) [0x010AD424]
	GetHandleVerifier [0x0148BBC3+2435075]
	GetHandleVerifier [0x01487163+2416035]
	GetHandleVerifier [0x014A350C+2531660]
	GetHandleVerifier [0x0125F1B5+155125]
	GetHandleVerifier [0x01265B5D+182173]
	GetHandleVerifier [0x0124F9B8+91640]
	GetHandleVerifier [0x0124FB60+92064]
	GetHandleVerifier [0x0123A620+4704]
	BaseThreadInitThunk [0x75897BA9+25]
	RtlInitializeExceptionChain [0x7765C2EB+107]
	RtlClearBits [0x7765C26F+191]

2025-04-11 16:46:01,064 - WARNING - Not enough rows found in search results
2025-04-11 16:46:01,252 - INFO - Clicked on the first available Material element
2025-04-11 16:46:01,252 - INFO - Successfully completed search and click workflow
2025-04-11 16:46:01,253 - INFO - Looking for Page Option Values section
2025-04-11 16:46:01,277 - INFO - Scrolling down to find Page Option Values
2025-04-11 16:46:02,356 - INFO - Clicked on Page Option Values section
2025-04-11 16:46:07,907 - INFO - Successfully found and clicked button via JavaScript: Clicked button: 
    add new value

2025-04-11 16:46:07,907 - INFO - Successfully clicked on Page Option Values and Add new Value
2025-04-11 16:46:07,909 - INFO - Parsed 8 materials from name value: ['0,40 mm starker Chromokarton 255g für 1mm Mappen-Füllhöhe (zertifiziert mit PEFC-Siegel für Nachhaltigkeit), hohe Steifigkeit mit 1,6-fachem Volumen', '0,40 mm starker Chromokarton 255g für 3mm Mappen-Füllhöhe (zertifiziert mit PEFC-Siegel für Nachhaltigkeit), hohe Steifigkeit mit 1,6-fachem Volumen', '0,40 mm starker Chromokarton 255g für 5mm Mappen-Füllhöhe (zertifiziert mit PEFC-Siegel für Nachhaltigkeit), hohe Steifigkeit mit 1,6-fachem Volumen', '0,40 mm starker Chromokarton 255g für 10mm Mappen-Füllhöhe (zertifiziert mit PEFC-Siegel für Nachhaltigkeit), hohe Steifigkeit mit 1,6-fachem Volumen', '0,36 mm starker Bilderdruckkarton 350g matt für 1mm Mappen-Füllhöhe (zertifiziert mit FSC-Siegel), mittlere Steifigkeit', '0,36 mm starker Bilderdruckkarton 350g matt für 3mm Mappen-Füllhöhe (zertifiziert mit FSC-Siegel), mittlere Steifigkeit', '0,36 mm starker Bilderdruckkarton 350g matt für 5mm Mappen-Füllhöhe (zertifiziert mit FSC-Siegel), mittlere Steifigkeit', '0,36 mm starker Bilderdruckkarton 350g matt für 10mm Mappen-Füllhöhe (zertifiziert mit FSC-Siegel), mittlere Steifigkeit']
2025-04-11 16:46:07,910 - INFO - Parsed 8 materials from code value: ['mappe_a4_2t_2l_44_folie_glanz_0_40mm_chromokarton_255g_1mm_pefc_1_6vol', 'mappe_a4_2t_2l_44_folie_glanz_0_40mm_chromokarton_255g_3mm_pefc_1_6vol', 'mappe_a4_2t_2l_44_folie_glanz_0_40mm_chromokarton_255g_5mm_pefc_1_6vol', 'mappe_a4_2t_2l_44_folie_glanz_0_40mm_chromokarton_255g_10mm_pefc_1_6vol', 'mappe_a4_2t_2l_44_folie_glanz_0_36mm_bilderdruckkarton_350g_1mm_matt_fsc', 'mappe_a4_2t_2l_44_folie_glanz_0_36mm_bilderdruckkarton_350g_3mm_matt_fsc', 'mappe_a4_2t_2l_44_folie_glanz_0_36mm_bilderdruckkarton_350g_5mm_matt_fsc', 'mappe_a4_2t_2l_44_folie_glanz_0_36mm_bilderdruckkarton_350g_10mm_matt_fsc']
2025-04-11 16:46:07,910 - INFO - Processing material 1/8: Name=0,40 mm starker Chromokarton 255g für 1mm Mappen-Füllhöhe (zertifiziert mit PEFC-Siegel für Nachhaltigkeit), hohe Steifigkeit mit 1,6-fachem Volumen, Code=mappe_a4_2t_2l_44_folie_glanz_0_40mm_chromokarton_255g_1mm_pefc_1_6vol, Position=0
2025-04-11 16:46:10,030 - INFO - JavaScript fill result for material 1: {'codeFieldFound': True, 'codeFieldValue': 'mappe_a4_2t_2l_44_folie_glanz_0_40mm_chromokarton_255g_1mm_pefc_1_6vol', 'nameFieldFound': True, 'nameFieldValue': '0,40 mm starker Chromokarton 255g für 1mm Mappen-Füllhöhe (zertifiziert mit PEFC-Siegel für Nachhaltigkeit), hohe Steifigkeit mit 1,6-fachem Volumen', 'positionFieldFound': True, 'positionFieldValue': '0'}
2025-04-11 16:46:11,130 - INFO - Starting popup modal Save button click function
2025-04-11 16:46:11,141 - INFO - Found modal popup
2025-04-11 16:46:11,149 - WARNING - Could not find Save button in modal: Message: no such element: Unable to locate element: {"method":"css selector","selector":"button#save, button.action-primary, button[title='Save'], button.primary"}
  (Session info: chrome=135.0.7049.85); For documentation on this error, please visit: https://www.selenium.dev/documentation/webdriver/troubleshooting/errors#no-such-element-exception
Stacktrace:
	GetHandleVerifier [0x012480E3+60707]
	GetHandleVerifier [0x01248124+60772]
	(No symbol) [0x01070683]
	(No symbol) [0x010B8660]
	(No symbol) [0x010B89FB]
	(No symbol) [0x010ADD81]
	(No symbol) [0x010DD094]
	(No symbol) [0x010ADCA4]
	(No symbol) [0x010DD2C4]
	(No symbol) [0x010FE824]
	(No symbol) [0x010DCE46]
	(No symbol) [0x010AC5D3]
	(No symbol) [0x010AD424]
	GetHandleVerifier [0x0148BBC3+2435075]
	GetHandleVerifier [0x01487163+2416035]
	GetHandleVerifier [0x014A350C+2531660]
	GetHandleVerifier [0x0125F1B5+155125]
	GetHandleVerifier [0x01265B5D+182173]
	GetHandleVerifier [0x0124F9B8+91640]
	GetHandleVerifier [0x0124FB60+92064]
	GetHandleVerifier [0x0123A620+4704]
	BaseThreadInitThunk [0x75897BA9+25]
	RtlInitializeExceptionChain [0x7765C2EB+107]
	RtlClearBits [0x7765C26F+191]

2025-04-11 16:46:11,168 - WARNING - Title-based approach failed: Message: no such element: Unable to locate element: {"method":"xpath","selector":"//div[contains(text(), 'Page Option Value')]"}
  (Session info: chrome=135.0.7049.85); For documentation on this error, please visit: https://www.selenium.dev/documentation/webdriver/troubleshooting/errors#no-such-element-exception
Stacktrace:
	GetHandleVerifier [0x012480E3+60707]
	GetHandleVerifier [0x01248124+60772]
	(No symbol) [0x01070683]
	(No symbol) [0x010B8660]
	(No symbol) [0x010B89FB]
	(No symbol) [0x01101022]
	(No symbol) [0x010DD094]
	(No symbol) [0x010FE824]
	(No symbol) [0x010DCE46]
	(No symbol) [0x010AC5D3]
	(No symbol) [0x010AD424]
	GetHandleVerifier [0x0148BBC3+2435075]
	GetHandleVerifier [0x01487163+2416035]
	GetHandleVerifier [0x014A350C+2531660]
	GetHandleVerifier [0x0125F1B5+155125]
	GetHandleVerifier [0x01265B5D+182173]
	GetHandleVerifier [0x0124F9B8+91640]
	GetHandleVerifier [0x0124FB60+92064]
	GetHandleVerifier [0x0123A620+4704]
	BaseThreadInitThunk [0x75897BA9+25]
	RtlInitializeExceptionChain [0x7765C2EB+107]
	RtlClearBits [0x7765C26F+191]

2025-04-11 16:46:11,176 - WARNING - JavaScript approach could not find modal Save button
2025-04-11 16:46:11,177 - INFO - Looking for most recently added Save button
2025-04-11 16:46:11,674 - INFO - Clicked most recently added Save button
2025-04-11 16:46:11,674 - INFO - Successfully saved material 1
2025-04-11 16:46:13,675 - INFO - Processing material 2/8: Name=0,40 mm starker Chromokarton 255g für 3mm Mappen-Füllhöhe (zertifiziert mit PEFC-Siegel für Nachhaltigkeit), hohe Steifigkeit mit 1,6-fachem Volumen, Code=mappe_a4_2t_2l_44_folie_glanz_0_40mm_chromokarton_255g_3mm_pefc_1_6vol, Position=0
2025-04-11 16:46:13,675 - INFO - Refreshing page for material 2
2025-04-11 16:46:13,985 - INFO - Page refreshed successfully
2025-04-11 16:46:13,986 - INFO - Looking for Page Option Values section
2025-04-11 16:46:13,991 - INFO - Scrolling down to find Page Option Values
2025-04-11 16:46:15,052 - INFO - Clicked on Page Option Values section
2025-04-11 16:46:19,448 - INFO - Successfully found and clicked button via JavaScript: Clicked button: 
    add new value

2025-04-11 16:46:23,557 - INFO - JavaScript fill result for material 2: {'codeFieldFound': True, 'codeFieldValue': 'mappe_a4_2t_2l_44_folie_glanz_0_40mm_chromokarton_255g_3mm_pefc_1_6vol', 'nameFieldFound': True, 'nameFieldValue': '0,40 mm starker Chromokarton 255g für 3mm Mappen-Füllhöhe (zertifiziert mit PEFC-Siegel für Nachhaltigkeit), hohe Steifigkeit mit 1,6-fachem Volumen', 'positionFieldFound': True, 'positionFieldValue': '0'}
2025-04-11 16:46:24,663 - INFO - Starting popup modal Save button click function
2025-04-11 16:46:24,671 - INFO - Found modal popup
2025-04-11 16:46:24,678 - WARNING - Could not find Save button in modal: Message: no such element: Unable to locate element: {"method":"css selector","selector":"button#save, button.action-primary, button[title='Save'], button.primary"}
  (Session info: chrome=135.0.7049.85); For documentation on this error, please visit: https://www.selenium.dev/documentation/webdriver/troubleshooting/errors#no-such-element-exception
Stacktrace:
	GetHandleVerifier [0x012480E3+60707]
	GetHandleVerifier [0x01248124+60772]
	(No symbol) [0x01070683]
	(No symbol) [0x010B8660]
	(No symbol) [0x010B89FB]
	(No symbol) [0x010ADD81]
	(No symbol) [0x010DD094]
	(No symbol) [0x010ADCA4]
	(No symbol) [0x010DD2C4]
	(No symbol) [0x010FE824]
	(No symbol) [0x010DCE46]
	(No symbol) [0x010AC5D3]
	(No symbol) [0x010AD424]
	GetHandleVerifier [0x0148BBC3+2435075]
	GetHandleVerifier [0x01487163+2416035]
	GetHandleVerifier [0x014A350C+2531660]
	GetHandleVerifier [0x0125F1B5+155125]
	GetHandleVerifier [0x01265B5D+182173]
	GetHandleVerifier [0x0124F9B8+91640]
	GetHandleVerifier [0x0124FB60+92064]
	GetHandleVerifier [0x0123A620+4704]
	BaseThreadInitThunk [0x75897BA9+25]
	RtlInitializeExceptionChain [0x7765C2EB+107]
	RtlClearBits [0x7765C26F+191]

2025-04-11 16:46:24,694 - WARNING - Title-based approach failed: Message: no such element: Unable to locate element: {"method":"xpath","selector":"//div[contains(text(), 'Page Option Value')]"}
  (Session info: chrome=135.0.7049.85); For documentation on this error, please visit: https://www.selenium.dev/documentation/webdriver/troubleshooting/errors#no-such-element-exception
Stacktrace:
	GetHandleVerifier [0x012480E3+60707]
	GetHandleVerifier [0x01248124+60772]
	(No symbol) [0x01070683]
	(No symbol) [0x010B8660]
	(No symbol) [0x010B89FB]
	(No symbol) [0x01101022]
	(No symbol) [0x010DD094]
	(No symbol) [0x010FE824]
	(No symbol) [0x010DCE46]
	(No symbol) [0x010AC5D3]
	(No symbol) [0x010AD424]
	GetHandleVerifier [0x0148BBC3+2435075]
	GetHandleVerifier [0x01487163+2416035]
	GetHandleVerifier [0x014A350C+2531660]
	GetHandleVerifier [0x0125F1B5+155125]
	GetHandleVerifier [0x01265B5D+182173]
	GetHandleVerifier [0x0124F9B8+91640]
	GetHandleVerifier [0x0124FB60+92064]
	GetHandleVerifier [0x0123A620+4704]
	BaseThreadInitThunk [0x75897BA9+25]
	RtlInitializeExceptionChain [0x7765C2EB+107]
	RtlClearBits [0x7765C26F+191]

2025-04-11 16:46:24,702 - WARNING - JavaScript approach could not find modal Save button
2025-04-11 16:46:24,702 - INFO - Looking for most recently added Save button
2025-04-11 16:46:25,808 - INFO - Clicked most recently added Save button
2025-04-11 16:46:25,808 - INFO - Successfully saved material 2
2025-04-11 16:46:27,809 - INFO - Processing material 3/8: Name=0,40 mm starker Chromokarton 255g für 5mm Mappen-Füllhöhe (zertifiziert mit PEFC-Siegel für Nachhaltigkeit), hohe Steifigkeit mit 1,6-fachem Volumen, Code=mappe_a4_2t_2l_44_folie_glanz_0_40mm_chromokarton_255g_5mm_pefc_1_6vol, Position=0
2025-04-11 16:46:27,809 - INFO - Refreshing page for material 3
2025-04-11 16:46:28,228 - INFO - Page refreshed successfully
2025-04-11 16:46:28,228 - INFO - Looking for Page Option Values section
2025-04-11 16:46:28,235 - INFO - Scrolling down to find Page Option Values
2025-04-11 16:46:29,300 - INFO - Clicked on Page Option Values section
2025-04-11 16:46:33,798 - INFO - Successfully found and clicked button via JavaScript: Clicked button: 
    add new value

2025-04-11 16:46:37,903 - INFO - JavaScript fill result for material 3: {'codeFieldFound': True, 'codeFieldValue': 'mappe_a4_2t_2l_44_folie_glanz_0_40mm_chromokarton_255g_5mm_pefc_1_6vol', 'nameFieldFound': True, 'nameFieldValue': '0,40 mm starker Chromokarton 255g für 5mm Mappen-Füllhöhe (zertifiziert mit PEFC-Siegel für Nachhaltigkeit), hohe Steifigkeit mit 1,6-fachem Volumen', 'positionFieldFound': True, 'positionFieldValue': '0'}
2025-04-11 16:46:39,011 - INFO - Starting popup modal Save button click function
2025-04-11 16:46:39,020 - INFO - Found modal popup
2025-04-11 16:46:39,025 - WARNING - Could not find Save button in modal: Message: no such element: Unable to locate element: {"method":"css selector","selector":"button#save, button.action-primary, button[title='Save'], button.primary"}
  (Session info: chrome=135.0.7049.85); For documentation on this error, please visit: https://www.selenium.dev/documentation/webdriver/troubleshooting/errors#no-such-element-exception
Stacktrace:
	GetHandleVerifier [0x012480E3+60707]
	GetHandleVerifier [0x01248124+60772]
	(No symbol) [0x01070683]
	(No symbol) [0x010B8660]
	(No symbol) [0x010B89FB]
	(No symbol) [0x010ADD81]
	(No symbol) [0x010DD094]
	(No symbol) [0x010ADCA4]
	(No symbol) [0x010DD2C4]
	(No symbol) [0x010FE824]
	(No symbol) [0x010DCE46]
	(No symbol) [0x010AC5D3]
	(No symbol) [0x010AD424]
	GetHandleVerifier [0x0148BBC3+2435075]
	GetHandleVerifier [0x01487163+2416035]
	GetHandleVerifier [0x014A350C+2531660]
	GetHandleVerifier [0x0125F1B5+155125]
	GetHandleVerifier [0x01265B5D+182173]
	GetHandleVerifier [0x0124F9B8+91640]
	GetHandleVerifier [0x0124FB60+92064]
	GetHandleVerifier [0x0123A620+4704]
	BaseThreadInitThunk [0x75897BA9+25]
	RtlInitializeExceptionChain [0x7765C2EB+107]
	RtlClearBits [0x7765C26F+191]

2025-04-11 16:46:39,043 - WARNING - Title-based approach failed: Message: no such element: Unable to locate element: {"method":"xpath","selector":"//div[contains(text(), 'Page Option Value')]"}
  (Session info: chrome=135.0.7049.85); For documentation on this error, please visit: https://www.selenium.dev/documentation/webdriver/troubleshooting/errors#no-such-element-exception
Stacktrace:
	GetHandleVerifier [0x012480E3+60707]
	GetHandleVerifier [0x01248124+60772]
	(No symbol) [0x01070683]
	(No symbol) [0x010B8660]
	(No symbol) [0x010B89FB]
	(No symbol) [0x01101022]
	(No symbol) [0x010DD094]
	(No symbol) [0x010FE824]
	(No symbol) [0x010DCE46]
	(No symbol) [0x010AC5D3]
	(No symbol) [0x010AD424]
	GetHandleVerifier [0x0148BBC3+2435075]
	GetHandleVerifier [0x01487163+2416035]
	GetHandleVerifier [0x014A350C+2531660]
	GetHandleVerifier [0x0125F1B5+155125]
	GetHandleVerifier [0x01265B5D+182173]
	GetHandleVerifier [0x0124F9B8+91640]
	GetHandleVerifier [0x0124FB60+92064]
	GetHandleVerifier [0x0123A620+4704]
	BaseThreadInitThunk [0x75897BA9+25]
	RtlInitializeExceptionChain [0x7765C2EB+107]
	RtlClearBits [0x7765C26F+191]

2025-04-11 16:46:39,050 - WARNING - JavaScript approach could not find modal Save button
2025-04-11 16:46:39,051 - INFO - Looking for most recently added Save button
2025-04-11 16:46:40,108 - INFO - Clicked most recently added Save button
2025-04-11 16:46:40,108 - INFO - Successfully saved material 3
2025-04-11 16:46:42,120 - INFO - Processing material 4/8: Name=0,40 mm starker Chromokarton 255g für 10mm Mappen-Füllhöhe (zertifiziert mit PEFC-Siegel für Nachhaltigkeit), hohe Steifigkeit mit 1,6-fachem Volumen, Code=mappe_a4_2t_2l_44_folie_glanz_0_40mm_chromokarton_255g_10mm_pefc_1_6vol, Position=0
2025-04-11 16:46:42,120 - INFO - Refreshing page for material 4
2025-04-11 16:46:42,477 - INFO - Page refreshed successfully
2025-04-11 16:46:42,477 - INFO - Looking for Page Option Values section
2025-04-11 16:46:42,481 - INFO - Scrolling down to find Page Option Values
2025-04-11 16:46:43,538 - INFO - Clicked on Page Option Values section
2025-04-11 16:46:48,020 - INFO - Successfully found and clicked button via JavaScript: Clicked button: 
    add new value

2025-04-11 16:46:52,134 - INFO - JavaScript fill result for material 4: {'codeFieldFound': True, 'codeFieldValue': 'mappe_a4_2t_2l_44_folie_glanz_0_40mm_chromokarton_255g_10mm_pefc_1_6vol', 'nameFieldFound': True, 'nameFieldValue': '0,40 mm starker Chromokarton 255g für 10mm Mappen-Füllhöhe (zertifiziert mit PEFC-Siegel für Nachhaltigkeit), hohe Steifigkeit mit 1,6-fachem Volumen', 'positionFieldFound': True, 'positionFieldValue': '0'}
2025-04-11 16:46:53,237 - INFO - Starting popup modal Save button click function
2025-04-11 16:46:53,247 - INFO - Found modal popup
2025-04-11 16:46:53,256 - WARNING - Could not find Save button in modal: Message: no such element: Unable to locate element: {"method":"css selector","selector":"button#save, button.action-primary, button[title='Save'], button.primary"}
  (Session info: chrome=135.0.7049.85); For documentation on this error, please visit: https://www.selenium.dev/documentation/webdriver/troubleshooting/errors#no-such-element-exception
Stacktrace:
	GetHandleVerifier [0x012480E3+60707]
	GetHandleVerifier [0x01248124+60772]
	(No symbol) [0x01070683]
	(No symbol) [0x010B8660]
	(No symbol) [0x010B89FB]
	(No symbol) [0x010ADD81]
	(No symbol) [0x010DD094]
	(No symbol) [0x010ADCA4]
	(No symbol) [0x010DD2C4]
	(No symbol) [0x010FE824]
	(No symbol) [0x010DCE46]
	(No symbol) [0x010AC5D3]
	(No symbol) [0x010AD424]
	GetHandleVerifier [0x0148BBC3+2435075]
	GetHandleVerifier [0x01487163+2416035]
	GetHandleVerifier [0x014A350C+2531660]
	GetHandleVerifier [0x0125F1B5+155125]
	GetHandleVerifier [0x01265B5D+182173]
	GetHandleVerifier [0x0124F9B8+91640]
	GetHandleVerifier [0x0124FB60+92064]
	GetHandleVerifier [0x0123A620+4704]
	BaseThreadInitThunk [0x75897BA9+25]
	RtlInitializeExceptionChain [0x7765C2EB+107]
	RtlClearBits [0x7765C26F+191]

2025-04-11 16:46:53,273 - WARNING - Title-based approach failed: Message: no such element: Unable to locate element: {"method":"xpath","selector":"//div[contains(text(), 'Page Option Value')]"}
  (Session info: chrome=135.0.7049.85); For documentation on this error, please visit: https://www.selenium.dev/documentation/webdriver/troubleshooting/errors#no-such-element-exception
Stacktrace:
	GetHandleVerifier [0x012480E3+60707]
	GetHandleVerifier [0x01248124+60772]
	(No symbol) [0x01070683]
	(No symbol) [0x010B8660]
	(No symbol) [0x010B89FB]
	(No symbol) [0x01101022]
	(No symbol) [0x010DD094]
	(No symbol) [0x010FE824]
	(No symbol) [0x010DCE46]
	(No symbol) [0x010AC5D3]
	(No symbol) [0x010AD424]
	GetHandleVerifier [0x0148BBC3+2435075]
	GetHandleVerifier [0x01487163+2416035]
	GetHandleVerifier [0x014A350C+2531660]
	GetHandleVerifier [0x0125F1B5+155125]
	GetHandleVerifier [0x01265B5D+182173]
	GetHandleVerifier [0x0124F9B8+91640]
	GetHandleVerifier [0x0124FB60+92064]
	GetHandleVerifier [0x0123A620+4704]
	BaseThreadInitThunk [0x75897BA9+25]
	RtlInitializeExceptionChain [0x7765C2EB+107]
	RtlClearBits [0x7765C26F+191]

2025-04-11 16:46:53,281 - WARNING - JavaScript approach could not find modal Save button
2025-04-11 16:46:53,281 - INFO - Looking for most recently added Save button
2025-04-11 16:46:54,331 - INFO - Clicked most recently added Save button
2025-04-11 16:46:54,331 - INFO - Successfully saved material 4
2025-04-11 16:46:56,333 - INFO - Processing material 5/8: Name=0,36 mm starker Bilderdruckkarton 350g matt für 1mm Mappen-Füllhöhe (zertifiziert mit FSC-Siegel), mittlere Steifigkeit, Code=mappe_a4_2t_2l_44_folie_glanz_0_36mm_bilderdruckkarton_350g_1mm_matt_fsc, Position=0
2025-04-11 16:46:56,333 - INFO - Refreshing page for material 5
2025-04-11 16:46:56,695 - INFO - Page refreshed successfully
2025-04-11 16:46:56,697 - INFO - Looking for Page Option Values section
2025-04-11 16:46:56,700 - INFO - Scrolling down to find Page Option Values
2025-04-11 16:46:57,764 - INFO - Clicked on Page Option Values section
2025-04-11 16:47:02,283 - INFO - Successfully found and clicked button via JavaScript: Clicked button: 
    add new value

2025-04-11 16:47:06,401 - INFO - JavaScript fill result for material 5: {'codeFieldFound': True, 'codeFieldValue': 'mappe_a4_2t_2l_44_folie_glanz_0_36mm_bilderdruckkarton_350g_1mm_matt_fsc', 'nameFieldFound': True, 'nameFieldValue': '0,36 mm starker Bilderdruckkarton 350g matt für 1mm Mappen-Füllhöhe (zertifiziert mit FSC-Siegel), mittlere Steifigkeit', 'positionFieldFound': True, 'positionFieldValue': '0'}
2025-04-11 16:47:07,502 - INFO - Starting popup modal Save button click function
2025-04-11 16:47:07,517 - INFO - Found modal popup
2025-04-11 16:47:07,522 - WARNING - Could not find Save button in modal: Message: no such element: Unable to locate element: {"method":"css selector","selector":"button#save, button.action-primary, button[title='Save'], button.primary"}
  (Session info: chrome=135.0.7049.85); For documentation on this error, please visit: https://www.selenium.dev/documentation/webdriver/troubleshooting/errors#no-such-element-exception
Stacktrace:
	GetHandleVerifier [0x012480E3+60707]
	GetHandleVerifier [0x01248124+60772]
	(No symbol) [0x01070683]
	(No symbol) [0x010B8660]
	(No symbol) [0x010B89FB]
	(No symbol) [0x010ADD81]
	(No symbol) [0x010DD094]
	(No symbol) [0x010ADCA4]
	(No symbol) [0x010DD2C4]
	(No symbol) [0x010FE824]
	(No symbol) [0x010DCE46]
	(No symbol) [0x010AC5D3]
	(No symbol) [0x010AD424]
	GetHandleVerifier [0x0148BBC3+2435075]
	GetHandleVerifier [0x01487163+2416035]
	GetHandleVerifier [0x014A350C+2531660]
	GetHandleVerifier [0x0125F1B5+155125]
	GetHandleVerifier [0x01265B5D+182173]
	GetHandleVerifier [0x0124F9B8+91640]
	GetHandleVerifier [0x0124FB60+92064]
	GetHandleVerifier [0x0123A620+4704]
	BaseThreadInitThunk [0x75897BA9+25]
	RtlInitializeExceptionChain [0x7765C2EB+107]
	RtlClearBits [0x7765C26F+191]

2025-04-11 16:47:07,539 - WARNING - Title-based approach failed: Message: no such element: Unable to locate element: {"method":"xpath","selector":"//div[contains(text(), 'Page Option Value')]"}
  (Session info: chrome=135.0.7049.85); For documentation on this error, please visit: https://www.selenium.dev/documentation/webdriver/troubleshooting/errors#no-such-element-exception
Stacktrace:
	GetHandleVerifier [0x012480E3+60707]
	GetHandleVerifier [0x01248124+60772]
	(No symbol) [0x01070683]
	(No symbol) [0x010B8660]
	(No symbol) [0x010B89FB]
	(No symbol) [0x01101022]
	(No symbol) [0x010DD094]
	(No symbol) [0x010FE824]
	(No symbol) [0x010DCE46]
	(No symbol) [0x010AC5D3]
	(No symbol) [0x010AD424]
	GetHandleVerifier [0x0148BBC3+2435075]
	GetHandleVerifier [0x01487163+2416035]
	GetHandleVerifier [0x014A350C+2531660]
	GetHandleVerifier [0x0125F1B5+155125]
	GetHandleVerifier [0x01265B5D+182173]
	GetHandleVerifier [0x0124F9B8+91640]
	GetHandleVerifier [0x0124FB60+92064]
	GetHandleVerifier [0x0123A620+4704]
	BaseThreadInitThunk [0x75897BA9+25]
	RtlInitializeExceptionChain [0x7765C2EB+107]
	RtlClearBits [0x7765C26F+191]

2025-04-11 16:47:07,546 - WARNING - JavaScript approach could not find modal Save button
2025-04-11 16:47:07,546 - INFO - Looking for most recently added Save button
2025-04-11 16:47:08,612 - INFO - Clicked most recently added Save button
2025-04-11 16:47:08,613 - INFO - Successfully saved material 5
2025-04-11 16:47:10,613 - INFO - Processing material 6/8: Name=0,36 mm starker Bilderdruckkarton 350g matt für 3mm Mappen-Füllhöhe (zertifiziert mit FSC-Siegel), mittlere Steifigkeit, Code=mappe_a4_2t_2l_44_folie_glanz_0_36mm_bilderdruckkarton_350g_3mm_matt_fsc, Position=0
2025-04-11 16:47:10,613 - INFO - Refreshing page for material 6
2025-04-11 16:47:10,935 - INFO - Page refreshed successfully
2025-04-11 16:47:10,936 - INFO - Looking for Page Option Values section
2025-04-11 16:47:10,955 - INFO - Scrolling down to find Page Option Values
2025-04-11 16:47:12,012 - INFO - Clicked on Page Option Values section
2025-04-11 16:47:16,488 - INFO - Successfully found and clicked button via JavaScript: Clicked button: 
    add new value

2025-04-11 16:47:20,598 - INFO - JavaScript fill result for material 6: {'codeFieldFound': True, 'codeFieldValue': 'mappe_a4_2t_2l_44_folie_glanz_0_36mm_bilderdruckkarton_350g_3mm_matt_fsc', 'nameFieldFound': True, 'nameFieldValue': '0,36 mm starker Bilderdruckkarton 350g matt für 3mm Mappen-Füllhöhe (zertifiziert mit FSC-Siegel), mittlere Steifigkeit', 'positionFieldFound': True, 'positionFieldValue': '0'}
2025-04-11 16:47:21,704 - INFO - Starting popup modal Save button click function
2025-04-11 16:47:21,711 - INFO - Found modal popup
2025-04-11 16:47:21,717 - WARNING - Could not find Save button in modal: Message: no such element: Unable to locate element: {"method":"css selector","selector":"button#save, button.action-primary, button[title='Save'], button.primary"}
  (Session info: chrome=135.0.7049.85); For documentation on this error, please visit: https://www.selenium.dev/documentation/webdriver/troubleshooting/errors#no-such-element-exception
Stacktrace:
	GetHandleVerifier [0x012480E3+60707]
	GetHandleVerifier [0x01248124+60772]
	(No symbol) [0x01070683]
	(No symbol) [0x010B8660]
	(No symbol) [0x010B89FB]
	(No symbol) [0x010ADD81]
	(No symbol) [0x010DD094]
	(No symbol) [0x010ADCA4]
	(No symbol) [0x010DD2C4]
	(No symbol) [0x010FE824]
	(No symbol) [0x010DCE46]
	(No symbol) [0x010AC5D3]
	(No symbol) [0x010AD424]
	GetHandleVerifier [0x0148BBC3+2435075]
	GetHandleVerifier [0x01487163+2416035]
	GetHandleVerifier [0x014A350C+2531660]
	GetHandleVerifier [0x0125F1B5+155125]
	GetHandleVerifier [0x01265B5D+182173]
	GetHandleVerifier [0x0124F9B8+91640]
	GetHandleVerifier [0x0124FB60+92064]
	GetHandleVerifier [0x0123A620+4704]
	BaseThreadInitThunk [0x75897BA9+25]
	RtlInitializeExceptionChain [0x7765C2EB+107]
	RtlClearBits [0x7765C26F+191]

2025-04-11 16:47:21,734 - WARNING - Title-based approach failed: Message: no such element: Unable to locate element: {"method":"xpath","selector":"//div[contains(text(), 'Page Option Value')]"}
  (Session info: chrome=135.0.7049.85); For documentation on this error, please visit: https://www.selenium.dev/documentation/webdriver/troubleshooting/errors#no-such-element-exception
Stacktrace:
	GetHandleVerifier [0x012480E3+60707]
	GetHandleVerifier [0x01248124+60772]
	(No symbol) [0x01070683]
	(No symbol) [0x010B8660]
	(No symbol) [0x010B89FB]
	(No symbol) [0x01101022]
	(No symbol) [0x010DD094]
	(No symbol) [0x010FE824]
	(No symbol) [0x010DCE46]
	(No symbol) [0x010AC5D3]
	(No symbol) [0x010AD424]
	GetHandleVerifier [0x0148BBC3+2435075]
	GetHandleVerifier [0x01487163+2416035]
	GetHandleVerifier [0x014A350C+2531660]
	GetHandleVerifier [0x0125F1B5+155125]
	GetHandleVerifier [0x01265B5D+182173]
	GetHandleVerifier [0x0124F9B8+91640]
	GetHandleVerifier [0x0124FB60+92064]
	GetHandleVerifier [0x0123A620+4704]
	BaseThreadInitThunk [0x75897BA9+25]
	RtlInitializeExceptionChain [0x7765C2EB+107]
	RtlClearBits [0x7765C26F+191]

2025-04-11 16:47:21,742 - WARNING - JavaScript approach could not find modal Save button
2025-04-11 16:47:21,742 - INFO - Looking for most recently added Save button
2025-04-11 16:47:22,797 - INFO - Clicked most recently added Save button
2025-04-11 16:47:22,797 - INFO - Successfully saved material 6
2025-04-11 16:47:24,798 - INFO - Processing material 7/8: Name=0,36 mm starker Bilderdruckkarton 350g matt für 5mm Mappen-Füllhöhe (zertifiziert mit FSC-Siegel), mittlere Steifigkeit, Code=mappe_a4_2t_2l_44_folie_glanz_0_36mm_bilderdruckkarton_350g_5mm_matt_fsc, Position=0
2025-04-11 16:47:24,798 - INFO - Refreshing page for material 7
2025-04-11 16:47:25,166 - INFO - Page refreshed successfully
2025-04-11 16:47:25,167 - INFO - Looking for Page Option Values section
2025-04-11 16:47:25,176 - INFO - Scrolling down to find Page Option Values
2025-04-11 16:47:26,234 - INFO - Clicked on Page Option Values section
2025-04-11 16:47:30,788 - INFO - Successfully found and clicked button via JavaScript: Clicked button: 
    add new value

2025-04-11 16:47:34,890 - INFO - JavaScript fill result for material 7: {'codeFieldFound': True, 'codeFieldValue': 'mappe_a4_2t_2l_44_folie_glanz_0_36mm_bilderdruckkarton_350g_5mm_matt_fsc', 'nameFieldFound': True, 'nameFieldValue': '0,36 mm starker Bilderdruckkarton 350g matt für 5mm Mappen-Füllhöhe (zertifiziert mit FSC-Siegel), mittlere Steifigkeit', 'positionFieldFound': True, 'positionFieldValue': '0'}
2025-04-11 16:47:35,983 - INFO - Starting popup modal Save button click function
2025-04-11 16:47:35,991 - INFO - Found modal popup
2025-04-11 16:47:35,997 - WARNING - Could not find Save button in modal: Message: no such element: Unable to locate element: {"method":"css selector","selector":"button#save, button.action-primary, button[title='Save'], button.primary"}
  (Session info: chrome=135.0.7049.85); For documentation on this error, please visit: https://www.selenium.dev/documentation/webdriver/troubleshooting/errors#no-such-element-exception
Stacktrace:
	GetHandleVerifier [0x012480E3+60707]
	GetHandleVerifier [0x01248124+60772]
	(No symbol) [0x01070683]
	(No symbol) [0x010B8660]
	(No symbol) [0x010B89FB]
	(No symbol) [0x010ADD81]
	(No symbol) [0x010DD094]
	(No symbol) [0x010ADCA4]
	(No symbol) [0x010DD2C4]
	(No symbol) [0x010FE824]
	(No symbol) [0x010DCE46]
	(No symbol) [0x010AC5D3]
	(No symbol) [0x010AD424]
	GetHandleVerifier [0x0148BBC3+2435075]
	GetHandleVerifier [0x01487163+2416035]
	GetHandleVerifier [0x014A350C+2531660]
	GetHandleVerifier [0x0125F1B5+155125]
	GetHandleVerifier [0x01265B5D+182173]
	GetHandleVerifier [0x0124F9B8+91640]
	GetHandleVerifier [0x0124FB60+92064]
	GetHandleVerifier [0x0123A620+4704]
	BaseThreadInitThunk [0x75897BA9+25]
	RtlInitializeExceptionChain [0x7765C2EB+107]
	RtlClearBits [0x7765C26F+191]

2025-04-11 16:47:36,014 - WARNING - Title-based approach failed: Message: no such element: Unable to locate element: {"method":"xpath","selector":"//div[contains(text(), 'Page Option Value')]"}
  (Session info: chrome=135.0.7049.85); For documentation on this error, please visit: https://www.selenium.dev/documentation/webdriver/troubleshooting/errors#no-such-element-exception
Stacktrace:
	GetHandleVerifier [0x012480E3+60707]
	GetHandleVerifier [0x01248124+60772]
	(No symbol) [0x01070683]
	(No symbol) [0x010B8660]
	(No symbol) [0x010B89FB]
	(No symbol) [0x01101022]
	(No symbol) [0x010DD094]
	(No symbol) [0x010FE824]
	(No symbol) [0x010DCE46]
	(No symbol) [0x010AC5D3]
	(No symbol) [0x010AD424]
	GetHandleVerifier [0x0148BBC3+2435075]
	GetHandleVerifier [0x01487163+2416035]
	GetHandleVerifier [0x014A350C+2531660]
	GetHandleVerifier [0x0125F1B5+155125]
	GetHandleVerifier [0x01265B5D+182173]
	GetHandleVerifier [0x0124F9B8+91640]
	GetHandleVerifier [0x0124FB60+92064]
	GetHandleVerifier [0x0123A620+4704]
	BaseThreadInitThunk [0x75897BA9+25]
	RtlInitializeExceptionChain [0x7765C2EB+107]
	RtlClearBits [0x7765C26F+191]

2025-04-11 16:47:36,021 - WARNING - JavaScript approach could not find modal Save button
2025-04-11 16:47:36,021 - INFO - Looking for most recently added Save button
2025-04-11 16:47:37,074 - INFO - Clicked most recently added Save button
2025-04-11 16:47:37,074 - INFO - Successfully saved material 7
2025-04-11 16:47:39,075 - INFO - Processing material 8/8: Name=0,36 mm starker Bilderdruckkarton 350g matt für 10mm Mappen-Füllhöhe (zertifiziert mit FSC-Siegel), mittlere Steifigkeit, Code=mappe_a4_2t_2l_44_folie_glanz_0_36mm_bilderdruckkarton_350g_10mm_matt_fsc, Position=0
2025-04-11 16:47:39,075 - INFO - Refreshing page for material 8
2025-04-11 16:47:39,417 - INFO - Page refreshed successfully
2025-04-11 16:47:39,417 - INFO - Looking for Page Option Values section
2025-04-11 16:47:39,440 - INFO - Scrolling down to find Page Option Values
2025-04-11 16:47:40,502 - INFO - Clicked on Page Option Values section
2025-04-11 16:47:45,023 - INFO - Successfully found and clicked button via JavaScript: Clicked button: 
    add new value

2025-04-11 16:47:49,141 - INFO - JavaScript fill result for material 8: {'codeFieldFound': True, 'codeFieldValue': 'mappe_a4_2t_2l_44_folie_glanz_0_36mm_bilderdruckkarton_350g_10mm_matt_fsc', 'nameFieldFound': True, 'nameFieldValue': '0,36 mm starker Bilderdruckkarton 350g matt für 10mm Mappen-Füllhöhe (zertifiziert mit FSC-Siegel), mittlere Steifigkeit', 'positionFieldFound': True, 'positionFieldValue': '0'}
2025-04-11 16:47:50,268 - INFO - Starting popup modal Save button click function
2025-04-11 16:47:50,280 - INFO - Found modal popup
2025-04-11 16:47:50,288 - WARNING - Could not find Save button in modal: Message: no such element: Unable to locate element: {"method":"css selector","selector":"button#save, button.action-primary, button[title='Save'], button.primary"}
  (Session info: chrome=135.0.7049.85); For documentation on this error, please visit: https://www.selenium.dev/documentation/webdriver/troubleshooting/errors#no-such-element-exception
Stacktrace:
	GetHandleVerifier [0x012480E3+60707]
	GetHandleVerifier [0x01248124+60772]
	(No symbol) [0x01070683]
	(No symbol) [0x010B8660]
	(No symbol) [0x010B89FB]
	(No symbol) [0x010ADD81]
	(No symbol) [0x010DD094]
	(No symbol) [0x010ADCA4]
	(No symbol) [0x010DD2C4]
	(No symbol) [0x010FE824]
	(No symbol) [0x010DCE46]
	(No symbol) [0x010AC5D3]
	(No symbol) [0x010AD424]
	GetHandleVerifier [0x0148BBC3+2435075]
	GetHandleVerifier [0x01487163+2416035]
	GetHandleVerifier [0x014A350C+2531660]
	GetHandleVerifier [0x0125F1B5+155125]
	GetHandleVerifier [0x01265B5D+182173]
	GetHandleVerifier [0x0124F9B8+91640]
	GetHandleVerifier [0x0124FB60+92064]
	GetHandleVerifier [0x0123A620+4704]
	BaseThreadInitThunk [0x75897BA9+25]
	RtlInitializeExceptionChain [0x7765C2EB+107]
	RtlClearBits [0x7765C26F+191]

2025-04-11 16:47:50,308 - WARNING - Title-based approach failed: Message: no such element: Unable to locate element: {"method":"xpath","selector":"//div[contains(text(), 'Page Option Value')]"}
  (Session info: chrome=135.0.7049.85); For documentation on this error, please visit: https://www.selenium.dev/documentation/webdriver/troubleshooting/errors#no-such-element-exception
Stacktrace:
	GetHandleVerifier [0x012480E3+60707]
	GetHandleVerifier [0x01248124+60772]
	(No symbol) [0x01070683]
	(No symbol) [0x010B8660]
	(No symbol) [0x010B89FB]
	(No symbol) [0x01101022]
	(No symbol) [0x010DD094]
	(No symbol) [0x010FE824]
	(No symbol) [0x010DCE46]
	(No symbol) [0x010AC5D3]
	(No symbol) [0x010AD424]
	GetHandleVerifier [0x0148BBC3+2435075]
	GetHandleVerifier [0x01487163+2416035]
	GetHandleVerifier [0x014A350C+2531660]
	GetHandleVerifier [0x0125F1B5+155125]
	GetHandleVerifier [0x01265B5D+182173]
	GetHandleVerifier [0x0124F9B8+91640]
	GetHandleVerifier [0x0124FB60+92064]
	GetHandleVerifier [0x0123A620+4704]
	BaseThreadInitThunk [0x75897BA9+25]
	RtlInitializeExceptionChain [0x7765C2EB+107]
	RtlClearBits [0x7765C26F+191]

2025-04-11 16:47:50,320 - WARNING - JavaScript approach could not find modal Save button
2025-04-11 16:47:50,320 - INFO - Looking for most recently added Save button
2025-04-11 16:47:51,383 - INFO - Clicked most recently added Save button
2025-04-11 16:47:51,383 - INFO - Successfully saved material 8
2025-04-11 16:47:53,384 - INFO - All materials processed, now clicking main save
2025-04-11 16:47:53,384 - INFO - Refreshing page...
2025-04-11 16:47:53,773 - INFO - Page refreshed successfully
2025-04-11 16:47:54,808 - INFO - Clicked main Save button in top-right corner
2025-04-11 16:47:55,810 - INFO - Successfully saved all page option values
2025-04-11 16:47:55,810 - INFO - Successfully filled and saved the form
2025-04-11 16:47:55,810 - INFO - Starting popup modal Save button click function
2025-04-11 16:47:55,819 - INFO - Found modal popup
2025-04-11 16:47:55,825 - WARNING - Could not find Save button in modal: Message: no such element: Unable to locate element: {"method":"css selector","selector":"button#save, button.action-primary, button[title='Save'], button.primary"}
  (Session info: chrome=135.0.7049.85); For documentation on this error, please visit: https://www.selenium.dev/documentation/webdriver/troubleshooting/errors#no-such-element-exception
Stacktrace:
	GetHandleVerifier [0x012480E3+60707]
	GetHandleVerifier [0x01248124+60772]
	(No symbol) [0x01070683]
	(No symbol) [0x010B8660]
	(No symbol) [0x010B89FB]
	(No symbol) [0x010ADD81]
	(No symbol) [0x010DD094]
	(No symbol) [0x010ADCA4]
	(No symbol) [0x010DD2C4]
	(No symbol) [0x010FE824]
	(No symbol) [0x010DCE46]
	(No symbol) [0x010AC5D3]
	(No symbol) [0x010AD424]
	GetHandleVerifier [0x0148BBC3+2435075]
	GetHandleVerifier [0x01487163+2416035]
	GetHandleVerifier [0x014A350C+2531660]
	GetHandleVerifier [0x0125F1B5+155125]
	GetHandleVerifier [0x01265B5D+182173]
	GetHandleVerifier [0x0124F9B8+91640]
	GetHandleVerifier [0x0124FB60+92064]
	GetHandleVerifier [0x0123A620+4704]
	BaseThreadInitThunk [0x75897BA9+25]
	RtlInitializeExceptionChain [0x7765C2EB+107]
	RtlClearBits [0x7765C26F+191]

2025-04-11 16:47:55,831 - WARNING - Title-based approach failed: Message: no such element: Unable to locate element: {"method":"xpath","selector":"//div[contains(text(), 'Page Option Value')]"}
  (Session info: chrome=135.0.7049.85); For documentation on this error, please visit: https://www.selenium.dev/documentation/webdriver/troubleshooting/errors#no-such-element-exception
Stacktrace:
	GetHandleVerifier [0x012480E3+60707]
	GetHandleVerifier [0x01248124+60772]
	(No symbol) [0x01070683]
	(No symbol) [0x010B8660]
	(No symbol) [0x010B89FB]
	(No symbol) [0x01101022]
	(No symbol) [0x010DD094]
	(No symbol) [0x010FE824]
	(No symbol) [0x010DCE46]
	(No symbol) [0x010AC5D3]
	(No symbol) [0x010AD424]
	GetHandleVerifier [0x0148BBC3+2435075]
	GetHandleVerifier [0x01487163+2416035]
	GetHandleVerifier [0x014A350C+2531660]
	GetHandleVerifier [0x0125F1B5+155125]
	GetHandleVerifier [0x01265B5D+182173]
	GetHandleVerifier [0x0124F9B8+91640]
	GetHandleVerifier [0x0124FB60+92064]
	GetHandleVerifier [0x0123A620+4704]
	BaseThreadInitThunk [0x75897BA9+25]
	RtlInitializeExceptionChain [0x7765C2EB+107]
	RtlClearBits [0x7765C26F+191]

2025-04-11 16:47:55,834 - WARNING - JavaScript approach could not find modal Save button
2025-04-11 16:47:55,834 - INFO - Looking for most recently added Save button
2025-04-11 16:47:55,840 - WARNING - No Save buttons found
2025-04-11 16:47:55,841 - INFO - Successfully clicked modal save button.
2025-04-11 16:47:55,841 - INFO - Refreshing page...
2025-04-11 16:47:56,025 - INFO - Page refreshed successfully
2025-04-11 16:47:57,212 - INFO - Clicked main Save button in top-right corner
2025-04-11 16:47:58,214 - INFO - Successfully clicked modal save button.
2025-04-11 16:47:58,214 - INFO - Starting process to add a new product part from CSV
2025-04-11 16:47:58,214 - INFO - Clicking on CLOUDLAB icon using the Catalog approach...
2025-04-11 16:47:58,235 - INFO - Clicked on CLOUDLAB icon using Catalog approach
2025-04-11 16:48:00,235 - INFO - Clicking on Product Parts submenu using Catalog Products approach...
2025-04-11 16:48:15,453 - WARNING - Catalog approach failed for Product Parts: Message: 
Stacktrace:
	GetHandleVerifier [0x012480E3+60707]
	GetHandleVerifier [0x01248124+60772]
	(No symbol) [0x01070683]
	(No symbol) [0x010B8660]
	(No symbol) [0x010B89FB]
	(No symbol) [0x01101022]
	(No symbol) [0x010DD094]
	(No symbol) [0x010FE824]
	(No symbol) [0x010DCE46]
	(No symbol) [0x010AC5D3]
	(No symbol) [0x010AD424]
	GetHandleVerifier [0x0148BBC3+2435075]
	GetHandleVerifier [0x01487163+2416035]
	GetHandleVerifier [0x014A350C+2531660]
	GetHandleVerifier [0x0125F1B5+155125]
	GetHandleVerifier [0x01265B5D+182173]
	GetHandleVerifier [0x0124F9B8+91640]
	GetHandleVerifier [0x0124FB60+92064]
	GetHandleVerifier [0x0123A620+4704]
	BaseThreadInitThunk [0x75897BA9+25]
	RtlInitializeExceptionChain [0x7765C2EB+107]
	RtlClearBits [0x7765C26F+191]

2025-04-11 16:48:17,081 - INFO - Clicked on Product Parts by text
2025-04-11 16:48:18,139 - INFO - Successfully navigated to Product Parts page
2025-04-11 16:48:18,139 - INFO - Clicking on Add New Part button
2025-04-11 16:48:21,826 - INFO - Clicked on Add New Part button using CSS class
2025-04-11 16:48:21,826 - INFO - Waiting  seconds for the form to load completely...
2025-04-11 16:48:26,831 - INFO - Filling Name field
2025-04-11 16:48:26,993 - INFO - Filled Name field with: Mappe für DIN A4 2-teilig mit 2 Laschen, 4/4 farbig (Außenseite bedruckt), mit Glanzfolie kaschiert
2025-04-11 16:48:27,994 - INFO - Filling Code field with enhanced approach
2025-04-11 16:48:28,247 - INFO - Filled Code field with: mappe_fuer_din_a4_2_teilig_mit_2_laschen_4_4_farbig_aussenseite_bedruckt_mit_glanzfolie_kaschiert and triggered validation
2025-04-11 16:48:28,247 - INFO - Attempting to select Material dropdown
2025-04-11 16:48:28,247 - INFO - Attempting to select materials from CSV
2025-04-11 16:48:28,248 - INFO - Found materials from CSV: ['mappe_a4_2t_2l_44_folie_glanz_0_40mm_chromokarton_255g_1mm_pefc_1_6vol', 'mappe_a4_2t_2l_44_folie_glanz_0_40mm_chromokarton_255g_3mm_pefc_1_6vol', 'mappe_a4_2t_2l_44_folie_glanz_0_40mm_chromokarton_255g_5mm_pefc_1_6vol', 'mappe_a4_2t_2l_44_folie_glanz_0_40mm_chromokarton_255g_10mm_pefc_1_6vol', 'mappe_a4_2t_2l_44_folie_glanz_0_36mm_bilderdruckkarton_350g_1mm_matt_fsc', 'mappe_a4_2t_2l_44_folie_glanz_0_36mm_bilderdruckkarton_350g_3mm_matt_fsc', 'mappe_a4_2t_2l_44_folie_glanz_0_36mm_bilderdruckkarton_350g_5mm_matt_fsc', 'mappe_a4_2t_2l_44_folie_glanz_0_36mm_bilderdruckkarton_350g_10mm_matt_fsc']
2025-04-11 16:48:29,269 - INFO - Found Öffnung element, now looking for Material field below it
2025-04-11 16:48:30,316 - INFO - Found Material element, now looking for select element
2025-04-11 16:48:30,351 - INFO - Found Material select element
2025-04-11 16:48:30,385 - INFO - JavaScript selection result: Selected 8 options: ['0,40 mm starker Chromokarton 255g für 1mm Mappen-Füllhöhe (zertifiziert mit PEFC-Siegel für Nachhaltigkeit), hohe Steifigkeit mit 1,6-fachem Volumen (mappe_a4_2t_2l_44_folie_glanz_0_40mm_chromokarton_255g_1mm_pefc_1_6vol)', '0,40 mm starker Chromokarton 255g für 3mm Mappen-Füllhöhe (zertifiziert mit PEFC-Siegel für Nachhaltigkeit), hohe Steifigkeit mit 1,6-fachem Volumen (mappe_a4_2t_2l_44_folie_glanz_0_40mm_chromokarton_255g_3mm_pefc_1_6vol)', '0,40 mm starker Chromokarton 255g für 5mm Mappen-Füllhöhe (zertifiziert mit PEFC-Siegel für Nachhaltigkeit), hohe Steifigkeit mit 1,6-fachem Volumen (mappe_a4_2t_2l_44_folie_glanz_0_40mm_chromokarton_255g_5mm_pefc_1_6vol)', '0,40 mm starker Chromokarton 255g für 10mm Mappen-Füllhöhe (zertifiziert mit PEFC-Siegel für Nachhaltigkeit), hohe Steifigkeit mit 1,6-fachem Volumen (mappe_a4_2t_2l_44_folie_glanz_0_40mm_chromokarton_255g_10mm_pefc_1_6vol)', '0,36 mm starker Bilderdruckkarton 350g matt für 1mm Mappen-Füllhöhe (zertifiziert mit FSC-Siegel), mittlere Steifigkeit (mappe_a4_2t_2l_44_folie_glanz_0_36mm_bilderdruckkarton_350g_1mm_matt_fsc)', '0,36 mm starker Bilderdruckkarton 350g matt für 3mm Mappen-Füllhöhe (zertifiziert mit FSC-Siegel), mittlere Steifigkeit (mappe_a4_2t_2l_44_folie_glanz_0_36mm_bilderdruckkarton_350g_3mm_matt_fsc)', '0,36 mm starker Bilderdruckkarton 350g matt für 5mm Mappen-Füllhöhe (zertifiziert mit FSC-Siegel), mittlere Steifigkeit (mappe_a4_2t_2l_44_folie_glanz_0_36mm_bilderdruckkarton_350g_5mm_matt_fsc)', '0,36 mm starker Bilderdruckkarton 350g matt für 10mm Mappen-Füllhöhe (zertifiziert mit FSC-Siegel), mittlere Steifigkeit (mappe_a4_2t_2l_44_folie_glanz_0_36mm_bilderdruckkarton_350g_10mm_matt_fsc)']
2025-04-11 16:48:30,385 - INFO - Successfully selected last option in Material dropdown
2025-04-11 16:48:35,386 - INFO - Clicking Save button
2025-04-11 16:48:36,618 - INFO - Clicked Save button via CSS selector
2025-04-11 16:48:36,618 - INFO - Waiting 10 seconds after save...
2025-04-11 16:48:46,619 - INFO - Product part save process completed
2025-04-11 16:48:46,619 - INFO - Successfully added a new product part for product 1
2025-04-11 16:48:46,619 - INFO - Clicking on Catalog icon...
2025-04-11 16:48:48,648 - INFO - Clicking on Products submenu...
2025-04-11 16:48:51,928 - INFO - Clicking on Add Product button...
2025-04-11 16:48:55,952 - INFO - Navigated to Add Product page
2025-04-11 16:48:56,316 - INFO - Product name entered: Mappe für DIN A4 2-teilig mit 2 Laschen, 4/4 farbig (Außenseite bedruckt), mit Glanzfolie kaschiert
2025-04-11 16:48:56,414 - INFO - SKU entered: 1004367
2025-04-11 16:48:56,520 - INFO - Price entered: 1.00
2025-04-11 16:48:56,585 - INFO - Quantity entered: 99999999
2025-04-11 16:48:56,585 - INFO - Successfully filled basic info for product: Mappe für DIN A4 2-teilig mit 2 Laschen, 4/4 farbig (Außenseite bedruckt), mit Glanzfolie kaschiert
2025-04-11 16:48:56,585 - INFO - Setting 'Is Meter Price' to: Yes
2025-04-11 16:48:56,655 - INFO - Toggle result: Changed 'Is Meter Price' to: Yes
2025-04-11 16:48:56,688 - INFO - Final scroll position: 777px
2025-04-11 16:48:56,688 - ERROR - Failed to set 'Is Meter Price': name 'current_scroll_y' is not defined
2025-04-11 16:48:56,693 - INFO - Attempting final fallback method
2025-04-11 16:48:58,757 - INFO - Clicked toggle using fallback method
2025-04-11 16:48:58,758 - INFO - Selecting Producer: wmd.networkhero.eu with simplified approach
2025-04-11 16:48:59,780 - INFO - JavaScript producer selection result: Selected wmd.networkhero.eu using standard dropdown via JS
2025-04-11 16:48:59,780 - INFO - Setting 'Disable pickup' to: Yes
2025-04-11 16:48:59,787 - INFO - Initial scroll position: 1035px
2025-04-11 16:49:01,301 - INFO - Current scroll position after positioning: 2278px
2025-04-11 16:49:01,320 - INFO - Toggle result: Changed 'Disable pickup' to: Yes
2025-04-11 16:49:01,326 - INFO - Final scroll position: 2278px
2025-04-11 16:49:01,336 - INFO - Validation confirmed 'Disable pickup' setting was applied correctly
2025-04-11 16:49:01,336 - INFO - Scrolling down to find Websites section
2025-04-11 16:49:02,377 - INFO - Expanded Websites section
2025-04-11 16:49:04,403 - INFO - Selected website: Selling Website
2025-04-11 16:49:04,423 - INFO - Selected website: Networkhero
2025-04-11 16:49:04,423 - INFO - Completed website selection
2025-04-11 16:49:04,423 - INFO - Updating Product Type to: Upload + Personalization + Configuration using producer-style approach
2025-04-11 16:49:05,461 - INFO - Clicked Web2Print Settings
2025-04-11 16:49:08,511 - INFO - Clicked General tab
2025-04-11 16:49:10,512 - INFO - Selecting Product Type: Upload + Personalization + Configuration with producer-style approach
2025-04-11 16:49:11,547 - INFO - JavaScript Product Type selection result: Selected Upload + Personalization + Configuration using standard select
2025-04-11 16:49:11,547 - INFO - Setting Price Calculation to Fixed in Matrix tab
2025-04-11 16:49:12,595 - INFO - Clicked Matrix tab
2025-04-11 16:49:14,596 - INFO - Looking for Price Calculation field
2025-04-11 16:49:14,608 - INFO - JavaScript Price Calculation selection result: Selected Fixed using standard select
2025-04-11 16:49:14,608 - INFO - Selecting weekdays in Production Days multiselect
2025-04-11 16:49:15,649 - INFO - Clicked Others tab
2025-04-11 16:49:18,657 - INFO - Approaching Production Days with direct ID
2025-04-11 16:49:28,807 - WARNING - Direct ID approach failed: Message: 
Stacktrace:
	GetHandleVerifier [0x012480E3+60707]
	GetHandleVerifier [0x01248124+60772]
	(No symbol) [0x01070683]
	(No symbol) [0x010B8660]
	(No symbol) [0x010B89FB]
	(No symbol) [0x01101022]
	(No symbol) [0x010DD094]
	(No symbol) [0x010FE824]
	(No symbol) [0x010DCE46]
	(No symbol) [0x010AC5D3]
	(No symbol) [0x010AD424]
	GetHandleVerifier [0x0148BBC3+2435075]
	GetHandleVerifier [0x01487163+2416035]
	GetHandleVerifier [0x014A350C+2531660]
	GetHandleVerifier [0x0125F1B5+155125]
	GetHandleVerifier [0x01265B5D+182173]
	GetHandleVerifier [0x0124F9B8+91640]
	GetHandleVerifier [0x0124FB60+92064]
	GetHandleVerifier [0x0123A620+4704]
	BaseThreadInitThunk [0x75897BA9+25]
	RtlInitializeExceptionChain [0x7765C2EB+107]
	RtlClearBits [0x7765C26F+191]

2025-04-11 16:49:28,807 - INFO - Approaching Production Days via label
2025-04-11 16:49:29,851 - WARNING - Label approach failed: Message: no such element: Unable to locate element: {"method":"css selector","selector":"select.admin__control-multiselect, select[multiple]"}
  (Session info: chrome=135.0.7049.85); For documentation on this error, please visit: https://www.selenium.dev/documentation/webdriver/troubleshooting/errors#no-such-element-exception
Stacktrace:
	GetHandleVerifier [0x012480E3+60707]
	GetHandleVerifier [0x01248124+60772]
	(No symbol) [0x01070683]
	(No symbol) [0x010B8660]
	(No symbol) [0x010B89FB]
	(No symbol) [0x010ADD81]
	(No symbol) [0x010DD094]
	(No symbol) [0x010ADCA4]
	(No symbol) [0x010DD2C4]
	(No symbol) [0x010FE824]
	(No symbol) [0x010DCE46]
	(No symbol) [0x010AC5D3]
	(No symbol) [0x010AD424]
	GetHandleVerifier [0x0148BBC3+2435075]
	GetHandleVerifier [0x01487163+2416035]
	GetHandleVerifier [0x014A350C+2531660]
	GetHandleVerifier [0x0125F1B5+155125]
	GetHandleVerifier [0x01265B5D+182173]
	GetHandleVerifier [0x0124F9B8+91640]
	GetHandleVerifier [0x0124FB60+92064]
	GetHandleVerifier [0x0123A620+4704]
	BaseThreadInitThunk [0x75897BA9+25]
	RtlInitializeExceptionChain [0x7765C2EB+107]
	RtlClearBits [0x7765C26F+191]

2025-04-11 16:49:29,852 - INFO - Trying all multiselects approach
2025-04-11 16:49:29,858 - INFO - Found 1 multiselects
2025-04-11 16:49:30,876 - INFO - JavaScript multiselect 1 result: {'selected': ['Monday', 'Tuesday', 'Wednesday', 'Thursday', 'Friday'], 'success': True}
2025-04-11 16:49:30,876 - INFO - Successfully selected weekdays in multiselect 1
2025-04-11 16:49:30,876 - INFO - Configuring Delivery section with final optimized approach
2025-04-11 16:49:32,410 - INFO - Expansion result: Clicked to expand delivery section
2025-04-11 16:49:34,411 - INFO - Setting VPE value to 9999
2025-04-11 16:49:34,411 - INFO - Setting VPE value to 9999 using optimized method
2025-04-11 16:49:34,420 - INFO - DOM manipulation result: Set VPE value to 9999 via DOM manipulation
2025-04-11 16:49:34,420 - INFO - Selecting VPE Type: Stock
2025-04-11 16:49:34,420 - INFO - Selecting VPE Type: Stock using producer-style approach
2025-04-11 16:49:38,454 - INFO - VPE Type field structure: {'found': True, 'labelRect': {'bottom': 547.515625, 'height': 0, 'left': 489.03125, 'right': 549.75, 'toJSON': {}, 'top': 547.515625, 'width': 60.71875, 'x': 489.03125, 'y': 547.515625}, 'structure': {'dropdownLikeCount': 0, 'fieldClasses': 'admin__field', 'firstSelectClasses': 'admin__control-select', 'firstSelectId': 'W971HTI', 'firstSelectOptions': ['LFM - Running Meter', 'm²', 'Stock'], 'hasField': True, 'hasMultiselect': False, 'selectCount': 1}}
2025-04-11 16:49:38,455 - INFO - Found traditional select for VPE Type
2025-04-11 16:49:38,460 - INFO - Select result: Selected Stock from VPE Type select
2025-04-11 16:49:38,461 - INFO - Selecting 'Fix Products' option
2025-04-11 16:49:38,467 - INFO - Fix Products selection result: Selected Fix Products option
2025-04-11 16:49:38,467 - INFO - Successfully configured Delivery section
2025-04-11 16:49:38,468 - INFO - Configuring Print Product Setup with CTRL+click for multiple selection
2025-04-11 16:49:39,515 - INFO - Clicked Print Product Setup
2025-04-11 16:49:41,516 - INFO - Attempting to select the last option in Product Parts list
2025-04-11 16:49:41,533 - INFO - Found Product Parts select element using XPath: //span[text()='Product Parts']/ancestor::div[contains(@class, 'field')]//select
2025-04-11 16:49:46,934 - INFO - Selecting last option (index 1133) of 1134 total options
2025-04-11 16:49:50,378 - INFO - Selected last option by index: 1133
2025-04-11 16:49:54,619 - INFO - Successfully selected: Mappe für DIN A4 2-teilig mit 2 Laschen, 4/4 farbig (Außenseite bedruckt), mit Glanzfolie kaschiert ( mappe_fuer_din_a4_2_teilig_mit_2_laschen_4_4_farbig_aussenseite_bedruckt_mit_glanzfolie_kaschiert )
2025-04-11 16:49:54,626 - INFO - Textarea values set result: {'dateityp': False, 'datencheck': True}
2025-04-11 16:49:54,626 - INFO - Trying multiselect approach with CTRL+click
2025-04-11 16:49:55,696 - INFO - Clicked Standard option
2025-04-11 16:49:56,980 - INFO - CTRL+Clicked Profidatencheck option
2025-04-11 16:49:59,043 - INFO - Clicked PDF-file option
2025-04-11 16:50:00,316 - INFO - CTRL+Clicked Image option
2025-04-11 16:50:01,316 - INFO - Configuring additional settings with improved approach
2025-04-11 16:50:01,316 - INFO - Configuring Lieferung field
2025-04-11 16:50:02,355 - INFO - Lieferung selection result: {'selected': ['Standard ( production_standard )', 'Express ( production_express )', 'Standard Plus ( production_standard_plus )'], 'success': True}
2025-04-11 16:50:02,355 - INFO - Configuring Anzahl field
2025-04-11 16:50:03,922 - INFO - Selected quantity_1
2025-04-11 16:50:04,507 - INFO - Selected quantity_1 using Select class
2025-04-11 16:50:04,507 - INFO - Configuring Proof Group field
2025-04-11 16:50:06,056 - INFO - Selected proof_group_digital
2025-04-11 16:50:06,630 - INFO - Selected proof_group_digital using Select class
2025-04-11 16:50:06,630 - INFO - Configuring Product Personalization Template field
2025-04-11 16:50:07,659 - INFO - Template setting result: {'action': 'selected option', 'element': 'select', 'success': True}
2025-04-11 16:50:07,659 - INFO - Clicking the Save button in the top right corner
2025-04-11 16:50:17,832 - WARNING - Standard approach failed: Message: 
Stacktrace:
	GetHandleVerifier [0x012480E3+60707]
	GetHandleVerifier [0x01248124+60772]
	(No symbol) [0x01070683]
	(No symbol) [0x010B8660]
	(No symbol) [0x010B89FB]
	(No symbol) [0x01101022]
	(No symbol) [0x010DD094]
	(No symbol) [0x010FE824]
	(No symbol) [0x010DCE46]
	(No symbol) [0x010AC5D3]
	(No symbol) [0x010AD424]
	GetHandleVerifier [0x0148BBC3+2435075]
	GetHandleVerifier [0x01487163+2416035]
	GetHandleVerifier [0x014A350C+2531660]
	GetHandleVerifier [0x0125F1B5+155125]
	GetHandleVerifier [0x01265B5D+182173]
	GetHandleVerifier [0x0124F9B8+91640]
	GetHandleVerifier [0x0124FB60+92064]
	GetHandleVerifier [0x0123A620+4704]
	BaseThreadInitThunk [0x75897BA9+25]
	RtlInitializeExceptionChain [0x7765C2EB+107]
	RtlClearBits [0x7765C26F+191]

2025-04-11 16:50:18,038 - INFO - JavaScript result: Clicked Save button by text
2025-04-11 16:50:18,038 - INFO - Successfully clicked Save button using JavaScript
2025-04-11 16:50:28,038 - INFO - Successfully saved product 1: Mappe für DIN A4 2-teilig mit 2 Laschen, 4/4 farbig (Außenseite bedruckt), mit Glanzfolie kaschiert
2025-04-11 16:50:28,038 - INFO - ====== WebDriver manager ======
2025-04-11 16:50:28,978 - INFO - Get LATEST chromedriver version for google-chrome
2025-04-11 16:50:29,083 - INFO - Get LATEST chromedriver version for google-chrome
2025-04-11 16:50:29,138 - INFO - Driver [C:\Users\g.yilmaz\.wdm\drivers\chromedriver\win64\135.0.7049.84\chromedriver-win32/chromedriver.exe] found in cache
2025-04-11 16:50:30,181 - INFO - Chrome WebDriver initialized successfully
2025-04-11 16:50:30,182 - INFO - Navigating to PrintNet login page: https://printnet.networkhero.eu/dashboard/admin/
2025-04-11 16:50:30,983 - INFO - Username entered
2025-04-11 16:50:30,992 - ERROR - Failed to find password field by ID: Message: no such element: Unable to locate element: {"method":"css selector","selector":"[id="password"]"}
  (Session info: chrome=135.0.7049.85); For documentation on this error, please visit: https://www.selenium.dev/documentation/webdriver/troubleshooting/errors#no-such-element-exception
Stacktrace:
	GetHandleVerifier [0x012480E3+60707]
	GetHandleVerifier [0x01248124+60772]
	(No symbol) [0x01070683]
	(No symbol) [0x010B8660]
	(No symbol) [0x010B89FB]
	(No symbol) [0x01101022]
	(No symbol) [0x010DD094]
	(No symbol) [0x010FE824]
	(No symbol) [0x010DCE46]
	(No symbol) [0x010AC5D3]
	(No symbol) [0x010AD424]
	GetHandleVerifier [0x0148BBC3+2435075]
	GetHandleVerifier [0x01487163+2416035]
	GetHandleVerifier [0x014A350C+2531660]
	GetHandleVerifier [0x0125F1B5+155125]
	GetHandleVerifier [0x01265B5D+182173]
	GetHandleVerifier [0x0124F9B8+91640]
	GetHandleVerifier [0x0124FB60+92064]
	GetHandleVerifier [0x0123A620+4704]
	BaseThreadInitThunk [0x75897BA9+25]
	RtlInitializeExceptionChain [0x7765C2EB+107]
	RtlClearBits [0x7765C26F+191]

2025-04-11 16:50:31,073 - INFO - Password entered using alternative selector
2025-04-11 16:50:33,477 - INFO - Login button clicked
2025-04-11 16:50:53,739 - ERROR - Failed to detect successful login: Message: 
Stacktrace:
	GetHandleVerifier [0x012480E3+60707]
	GetHandleVerifier [0x01248124+60772]
	(No symbol) [0x01070683]
	(No symbol) [0x010B8660]
	(No symbol) [0x010B89FB]
	(No symbol) [0x01101022]
	(No symbol) [0x010DD094]
	(No symbol) [0x010FE824]
	(No symbol) [0x010DCE46]
	(No symbol) [0x010AC5D3]
	(No symbol) [0x010AD424]
	GetHandleVerifier [0x0148BBC3+2435075]
	GetHandleVerifier [0x01487163+2416035]
	GetHandleVerifier [0x014A350C+2531660]
	GetHandleVerifier [0x0125F1B5+155125]
	GetHandleVerifier [0x01265B5D+182173]
	GetHandleVerifier [0x0124F9B8+91640]
	GetHandleVerifier [0x0124FB60+92064]
	GetHandleVerifier [0x0123A620+4704]
	BaseThreadInitThunk [0x75897BA9+25]
	RtlInitializeExceptionChain [0x7765C2EB+107]
	RtlClearBits [0x7765C26F+191]

2025-04-11 16:50:53,741 - ERROR - Login to PrintNet failed. Cannot proceed.
2025-04-11 16:50:55,897 - INFO - Browser closed
2025-04-11 16:50:55,897 - INFO - ====== WebDriver manager ======
2025-04-11 16:50:56,839 - INFO - Get LATEST chromedriver version for google-chrome
2025-04-11 16:51:00,943 - INFO - Get LATEST chromedriver version for google-chrome
2025-04-11 16:51:01,006 - INFO - Driver [C:\Users\g.yilmaz\.wdm\drivers\chromedriver\win64\135.0.7049.84\chromedriver-win32/chromedriver.exe] found in cache
2025-04-11 16:51:02,024 - INFO - Navigating to https://skynet.networkhero.eu/y5id_dashboard/admin/
2025-04-11 16:51:02,840 - INFO - Username entered
2025-04-11 16:51:02,924 - INFO - Password entered
2025-04-11 16:51:03,350 - INFO - Login button clicked
2025-04-11 16:51:03,350 - INFO - Waiting for you to enter Google Authenticator code...
2025-04-11 16:52:03,721 - ERROR - Login failed: Message: 
Stacktrace:
	GetHandleVerifier [0x012480E3+60707]
	GetHandleVerifier [0x01248124+60772]
	(No symbol) [0x01070683]
	(No symbol) [0x010B8660]
	(No symbol) [0x010B89FB]
	(No symbol) [0x01101022]
	(No symbol) [0x010DD094]
	(No symbol) [0x010FE824]
	(No symbol) [0x010DCE46]
	(No symbol) [0x010AC5D3]
	(No symbol) [0x010AD424]
	GetHandleVerifier [0x0148BBC3+2435075]
	GetHandleVerifier [0x01487163+2416035]
	GetHandleVerifier [0x014A350C+2531660]
	GetHandleVerifier [0x0125F1B5+155125]
	GetHandleVerifier [0x01265B5D+182173]
	GetHandleVerifier [0x0124F9B8+91640]
	GetHandleVerifier [0x0124FB60+92064]
	GetHandleVerifier [0x0123A620+4704]
	BaseThreadInitThunk [0x75897BA9+25]
	RtlInitializeExceptionChain [0x7765C2EB+107]
	RtlClearBits [0x7765C26F+191]

2025-04-11 16:52:03,721 - ERROR - Failed to login. Exiting...
2025-04-11 16:52:05,865 - INFO - ====== WebDriver manager ======
2025-04-11 16:52:06,804 - INFO - Get LATEST chromedriver version for google-chrome
2025-04-11 16:52:10,922 - INFO - Get LATEST chromedriver version for google-chrome
2025-04-11 16:52:10,974 - INFO - Driver [C:\Users\g.yilmaz\.wdm\drivers\chromedriver\win64\135.0.7049.84\chromedriver-win32/chromedriver.exe] found in cache
2025-04-11 16:52:12,026 - INFO - Navigating to https://printnet.networkhero.eu/dashboard/admin
2025-04-11 16:52:12,838 - INFO - Username entered
2025-04-11 16:52:12,904 - INFO - Password entered
2025-04-11 16:52:15,334 - INFO - Login button clicked
2025-04-11 16:52:15,334 - INFO - Waiting for you to enter Google Authenticator code...
2025-04-11 16:53:15,635 - ERROR - Login failed: Message: 
Stacktrace:
	GetHandleVerifier [0x012480E3+60707]
	GetHandleVerifier [0x01248124+60772]
	(No symbol) [0x01070683]
	(No symbol) [0x010B8660]
	(No symbol) [0x010B89FB]
	(No symbol) [0x01101022]
	(No symbol) [0x010DD094]
	(No symbol) [0x010FE824]
	(No symbol) [0x010DCE46]
	(No symbol) [0x010AC5D3]
	(No symbol) [0x010AD424]
	GetHandleVerifier [0x0148BBC3+2435075]
	GetHandleVerifier [0x01487163+2416035]
	GetHandleVerifier [0x014A350C+2531660]
	GetHandleVerifier [0x0125F1B5+155125]
	GetHandleVerifier [0x01265B5D+182173]
	GetHandleVerifier [0x0124F9B8+91640]
	GetHandleVerifier [0x0124FB60+92064]
	GetHandleVerifier [0x0123A620+4704]
	BaseThreadInitThunk [0x75897BA9+25]
	RtlInitializeExceptionChain [0x7765C2EB+107]
	RtlClearBits [0x7765C26F+191]

2025-04-11 16:53:15,636 - ERROR - Failed to login. Exiting...
