2025-04-10 15:11:51,036 - INFO - Logging initialized. Log file: C:\Users\g.yilmaz\Desktop\Magento_otomation\Done\logs\printnet_automation_20250410_151151.log
2025-04-10 15:11:51,048 - INFO - Logging initialized. Log file: C:\Users\g.yilmaz\Desktop\Magento_otomation\Done\logs\skynet_fixed_price_20250410_151151.log
2025-04-10 15:11:51,058 - INFO - Logging initialized. Log file: C:\Users\g.yilmaz\Desktop\Magento_otomation\Done\logs\printnet_fixed_price_20250410_151151.log
2025-04-10 15:11:51,094 - INFO - Logging initialized. Log file: C:\Users\g.yilmaz\Desktop\Magento_otomation\Done\logs\skynet_page_options_20250410_151151.log
2025-04-10 15:11:51,103 - INFO - ====== WebDriver manager ======
2025-04-10 15:11:52,078 - INFO - Get LATEST chromedriver version for google-chrome
2025-04-10 15:11:52,153 - INFO - Get LATEST chromedriver version for google-chrome
2025-04-10 15:11:52,229 - INFO - Driver [C:\Users\g.yilmaz\.wdm\drivers\chromedriver\win64\135.0.7049.84\chromedriver-win32/chromedriver.exe] found in cache
2025-04-10 15:11:53,267 - INFO - Chrome WebDriver initialized successfully
2025-04-10 15:11:53,267 - INFO - Navigating to https://skynet.networkhero.eu/y5id_dashboard/admin/
2025-04-10 15:11:54,033 - INFO - Username entered
2025-04-10 15:11:54,119 - INFO - Password entered
2025-04-10 15:11:54,532 - INFO - Login button clicked
2025-04-10 15:11:54,532 - INFO - Waiting for you to enter Google Authenticator code...
2025-04-10 15:12:17,211 - INFO - Login successful
2025-04-10 15:12:17,211 - INFO - Clicking on CLOUDLAB icon using the Catalog approach...
2025-04-10 15:12:17,263 - INFO - Clicked on CLOUDLAB icon using Catalog approach
2025-04-10 15:12:17,263 - INFO - Successfully clicked on CloudLab
2025-04-10 15:12:17,263 - INFO - Clicking on Page Options submenu...
2025-04-10 15:12:17,530 - INFO - Clicked on Page Options using XPath approach
2025-04-10 15:12:17,542 - INFO - Successfully navigated to Page Options page
2025-04-10 15:12:17,542 - INFO - Successfully clicked on Page Options
2025-04-10 15:12:17,542 - INFO - Looking for Code search field
2025-04-10 15:12:17,635 - INFO - Entered 'paper_wmd' in Code search field
2025-04-10 15:12:18,698 - WARNING - Could not find search button, trying to press Enter instead: Message: 

2025-04-10 15:12:18,735 - INFO - Pressed Enter to search
2025-04-10 15:12:18,736 - INFO - Looking for the second Material option in search results
2025-04-10 15:12:18,759 - INFO - Found 20 rows in the search results
2025-04-10 15:12:18,848 - WARNING - Error processing row: Message: stale element reference: stale element not found in the current frame
  (Session info: chrome=135.0.7049.84); For documentation on this error, please visit: https://www.selenium.dev/documentation/webdriver/troubleshooting/errors#stale-element-reference-exception
Stacktrace:
	GetHandleVerifier [0x005A80E3+60707]
	GetHandleVerifier [0x005A8124+60772]
	(No symbol) [0x003D0683]
	(No symbol) [0x003D6DE7]
	(No symbol) [0x003D90DA]
	(No symbol) [0x003D9157]
	(No symbol) [0x0041336E]
	(No symbol) [0x0043D04C]
	(No symbol) [0x0040DCA4]
	(No symbol) [0x0043D2C4]
	(No symbol) [0x0045E824]
	(No symbol) [0x0043CE46]
	(No symbol) [0x0040C5D3]
	(No symbol) [0x0040D424]
	GetHandleVerifier [0x007EBBC3+2435075]
	GetHandleVerifier [0x007E7163+2416035]
	GetHandleVerifier [0x0080350C+2531660]
	GetHandleVerifier [0x005BF1B5+155125]
	GetHandleVerifier [0x005C5B5D+182173]
	GetHandleVerifier [0x005AF9B8+91640]
	GetHandleVerifier [0x005AFB60+92064]
	GetHandleVerifier [0x0059A620+4704]
	BaseThreadInitThunk [0x75897BA9+25]
	RtlInitializeExceptionChain [0x7765C2EB+107]
	RtlClearBits [0x7765C26F+191]

2025-04-10 15:12:18,856 - WARNING - Error processing row: Message: stale element reference: stale element not found in the current frame
  (Session info: chrome=135.0.7049.84); For documentation on this error, please visit: https://www.selenium.dev/documentation/webdriver/troubleshooting/errors#stale-element-reference-exception
Stacktrace:
	GetHandleVerifier [0x005A80E3+60707]
	GetHandleVerifier [0x005A8124+60772]
	(No symbol) [0x003D0683]
	(No symbol) [0x003D6DE7]
	(No symbol) [0x003D90DA]
	(No symbol) [0x003D9157]
	(No symbol) [0x00417EF4]
	(No symbol) [0x004189FB]
	(No symbol) [0x0040E131]
	(No symbol) [0x0043D094]
	(No symbol) [0x0040DCA4]
	(No symbol) [0x0043D2C4]
	(No symbol) [0x0045E824]
	(No symbol) [0x0043CE46]
	(No symbol) [0x0040C5D3]
	(No symbol) [0x0040D424]
	GetHandleVerifier [0x007EBBC3+2435075]
	GetHandleVerifier [0x007E7163+2416035]
	GetHandleVerifier [0x0080350C+2531660]
	GetHandleVerifier [0x005BF1B5+155125]
	GetHandleVerifier [0x005C5B5D+182173]
	GetHandleVerifier [0x005AF9B8+91640]
	GetHandleVerifier [0x005AFB60+92064]
	GetHandleVerifier [0x0059A620+4704]
	BaseThreadInitThunk [0x75897BA9+25]
	RtlInitializeExceptionChain [0x7765C2EB+107]
	RtlClearBits [0x7765C26F+191]

2025-04-10 15:12:18,861 - WARNING - Error processing row: Message: stale element reference: stale element not found in the current frame
  (Session info: chrome=135.0.7049.84); For documentation on this error, please visit: https://www.selenium.dev/documentation/webdriver/troubleshooting/errors#stale-element-reference-exception
Stacktrace:
	GetHandleVerifier [0x005A80E3+60707]
	GetHandleVerifier [0x005A8124+60772]
	(No symbol) [0x003D0683]
	(No symbol) [0x003D6DE7]
	(No symbol) [0x003D90DA]
	(No symbol) [0x003D9157]
	(No symbol) [0x00417EF4]
	(No symbol) [0x004189FB]
	(No symbol) [0x0040E131]
	(No symbol) [0x0043D094]
	(No symbol) [0x0040DCA4]
	(No symbol) [0x0043D2C4]
	(No symbol) [0x0045E824]
	(No symbol) [0x0043CE46]
	(No symbol) [0x0040C5D3]
	(No symbol) [0x0040D424]
	GetHandleVerifier [0x007EBBC3+2435075]
	GetHandleVerifier [0x007E7163+2416035]
	GetHandleVerifier [0x0080350C+2531660]
	GetHandleVerifier [0x005BF1B5+155125]
	GetHandleVerifier [0x005C5B5D+182173]
	GetHandleVerifier [0x005AF9B8+91640]
	GetHandleVerifier [0x005AFB60+92064]
	GetHandleVerifier [0x0059A620+4704]
	BaseThreadInitThunk [0x75897BA9+25]
	RtlInitializeExceptionChain [0x7765C2EB+107]
	RtlClearBits [0x7765C26F+191]

2025-04-10 15:12:18,867 - WARNING - Error processing row: Message: stale element reference: stale element not found in the current frame
  (Session info: chrome=135.0.7049.84); For documentation on this error, please visit: https://www.selenium.dev/documentation/webdriver/troubleshooting/errors#stale-element-reference-exception
Stacktrace:
	GetHandleVerifier [0x005A80E3+60707]
	GetHandleVerifier [0x005A8124+60772]
	(No symbol) [0x003D0683]
	(No symbol) [0x003D6DE7]
	(No symbol) [0x003D90DA]
	(No symbol) [0x003D9157]
	(No symbol) [0x00417EF4]
	(No symbol) [0x004189FB]
	(No symbol) [0x0040E131]
	(No symbol) [0x0043D094]
	(No symbol) [0x0040DCA4]
	(No symbol) [0x0043D2C4]
	(No symbol) [0x0045E824]
	(No symbol) [0x0043CE46]
	(No symbol) [0x0040C5D3]
	(No symbol) [0x0040D424]
	GetHandleVerifier [0x007EBBC3+2435075]
	GetHandleVerifier [0x007E7163+2416035]
	GetHandleVerifier [0x0080350C+2531660]
	GetHandleVerifier [0x005BF1B5+155125]
	GetHandleVerifier [0x005C5B5D+182173]
	GetHandleVerifier [0x005AF9B8+91640]
	GetHandleVerifier [0x005AFB60+92064]
	GetHandleVerifier [0x0059A620+4704]
	BaseThreadInitThunk [0x75897BA9+25]
	RtlInitializeExceptionChain [0x7765C2EB+107]
	RtlClearBits [0x7765C26F+191]

2025-04-10 15:12:18,874 - WARNING - Error processing row: Message: stale element reference: stale element not found in the current frame
  (Session info: chrome=135.0.7049.84); For documentation on this error, please visit: https://www.selenium.dev/documentation/webdriver/troubleshooting/errors#stale-element-reference-exception
Stacktrace:
	GetHandleVerifier [0x005A80E3+60707]
	GetHandleVerifier [0x005A8124+60772]
	(No symbol) [0x003D0683]
	(No symbol) [0x003D6DE7]
	(No symbol) [0x003D90DA]
	(No symbol) [0x003D9157]
	(No symbol) [0x00417EF4]
	(No symbol) [0x004189FB]
	(No symbol) [0x0040E131]
	(No symbol) [0x0043D094]
	(No symbol) [0x0040DCA4]
	(No symbol) [0x0043D2C4]
	(No symbol) [0x0045E824]
	(No symbol) [0x0043CE46]
	(No symbol) [0x0040C5D3]
	(No symbol) [0x0040D424]
	GetHandleVerifier [0x007EBBC3+2435075]
	GetHandleVerifier [0x007E7163+2416035]
	GetHandleVerifier [0x0080350C+2531660]
	GetHandleVerifier [0x005BF1B5+155125]
	GetHandleVerifier [0x005C5B5D+182173]
	GetHandleVerifier [0x005AF9B8+91640]
	GetHandleVerifier [0x005AFB60+92064]
	GetHandleVerifier [0x0059A620+4704]
	BaseThreadInitThunk [0x75897BA9+25]
	RtlInitializeExceptionChain [0x7765C2EB+107]
	RtlClearBits [0x7765C26F+191]

2025-04-10 15:12:18,880 - WARNING - Error processing row: Message: stale element reference: stale element not found in the current frame
  (Session info: chrome=135.0.7049.84); For documentation on this error, please visit: https://www.selenium.dev/documentation/webdriver/troubleshooting/errors#stale-element-reference-exception
Stacktrace:
	GetHandleVerifier [0x005A80E3+60707]
	GetHandleVerifier [0x005A8124+60772]
	(No symbol) [0x003D0683]
	(No symbol) [0x003D6DE7]
	(No symbol) [0x003D90DA]
	(No symbol) [0x003D9157]
	(No symbol) [0x00417EF4]
	(No symbol) [0x004189FB]
	(No symbol) [0x0040E131]
	(No symbol) [0x0043D094]
	(No symbol) [0x0040DCA4]
	(No symbol) [0x0043D2C4]
	(No symbol) [0x0045E824]
	(No symbol) [0x0043CE46]
	(No symbol) [0x0040C5D3]
	(No symbol) [0x0040D424]
	GetHandleVerifier [0x007EBBC3+2435075]
	GetHandleVerifier [0x007E7163+2416035]
	GetHandleVerifier [0x0080350C+2531660]
	GetHandleVerifier [0x005BF1B5+155125]
	GetHandleVerifier [0x005C5B5D+182173]
	GetHandleVerifier [0x005AF9B8+91640]
	GetHandleVerifier [0x005AFB60+92064]
	GetHandleVerifier [0x0059A620+4704]
	BaseThreadInitThunk [0x75897BA9+25]
	RtlInitializeExceptionChain [0x7765C2EB+107]
	RtlClearBits [0x7765C26F+191]

2025-04-10 15:12:18,887 - WARNING - Error processing row: Message: stale element reference: stale element not found in the current frame
  (Session info: chrome=135.0.7049.84); For documentation on this error, please visit: https://www.selenium.dev/documentation/webdriver/troubleshooting/errors#stale-element-reference-exception
Stacktrace:
	GetHandleVerifier [0x005A80E3+60707]
	GetHandleVerifier [0x005A8124+60772]
	(No symbol) [0x003D0683]
	(No symbol) [0x003D6DE7]
	(No symbol) [0x003D90DA]
	(No symbol) [0x003D9157]
	(No symbol) [0x00417EF4]
	(No symbol) [0x004189FB]
	(No symbol) [0x0040E131]
	(No symbol) [0x0043D094]
	(No symbol) [0x0040DCA4]
	(No symbol) [0x0043D2C4]
	(No symbol) [0x0045E824]
	(No symbol) [0x0043CE46]
	(No symbol) [0x0040C5D3]
	(No symbol) [0x0040D424]
	GetHandleVerifier [0x007EBBC3+2435075]
	GetHandleVerifier [0x007E7163+2416035]
	GetHandleVerifier [0x0080350C+2531660]
	GetHandleVerifier [0x005BF1B5+155125]
	GetHandleVerifier [0x005C5B5D+182173]
	GetHandleVerifier [0x005AF9B8+91640]
	GetHandleVerifier [0x005AFB60+92064]
	GetHandleVerifier [0x0059A620+4704]
	BaseThreadInitThunk [0x75897BA9+25]
	RtlInitializeExceptionChain [0x7765C2EB+107]
	RtlClearBits [0x7765C26F+191]

2025-04-10 15:12:18,892 - WARNING - Error processing row: Message: stale element reference: stale element not found in the current frame
  (Session info: chrome=135.0.7049.84); For documentation on this error, please visit: https://www.selenium.dev/documentation/webdriver/troubleshooting/errors#stale-element-reference-exception
Stacktrace:
	GetHandleVerifier [0x005A80E3+60707]
	GetHandleVerifier [0x005A8124+60772]
	(No symbol) [0x003D0683]
	(No symbol) [0x003D6DE7]
	(No symbol) [0x003D90DA]
	(No symbol) [0x003D9157]
	(No symbol) [0x00417EF4]
	(No symbol) [0x004189FB]
	(No symbol) [0x0040E131]
	(No symbol) [0x0043D094]
	(No symbol) [0x0040DCA4]
	(No symbol) [0x0043D2C4]
	(No symbol) [0x0045E824]
	(No symbol) [0x0043CE46]
	(No symbol) [0x0040C5D3]
	(No symbol) [0x0040D424]
	GetHandleVerifier [0x007EBBC3+2435075]
	GetHandleVerifier [0x007E7163+2416035]
	GetHandleVerifier [0x0080350C+2531660]
	GetHandleVerifier [0x005BF1B5+155125]
	GetHandleVerifier [0x005C5B5D+182173]
	GetHandleVerifier [0x005AF9B8+91640]
	GetHandleVerifier [0x005AFB60+92064]
	GetHandleVerifier [0x0059A620+4704]
	BaseThreadInitThunk [0x75897BA9+25]
	RtlInitializeExceptionChain [0x7765C2EB+107]
	RtlClearBits [0x7765C26F+191]

2025-04-10 15:12:18,898 - WARNING - Error processing row: Message: stale element reference: stale element not found in the current frame
  (Session info: chrome=135.0.7049.84); For documentation on this error, please visit: https://www.selenium.dev/documentation/webdriver/troubleshooting/errors#stale-element-reference-exception
Stacktrace:
	GetHandleVerifier [0x005A80E3+60707]
	GetHandleVerifier [0x005A8124+60772]
	(No symbol) [0x003D0683]
	(No symbol) [0x003D6DE7]
	(No symbol) [0x003D90DA]
	(No symbol) [0x003D9157]
	(No symbol) [0x00417EF4]
	(No symbol) [0x004189FB]
	(No symbol) [0x0040E131]
	(No symbol) [0x0043D094]
	(No symbol) [0x0040DCA4]
	(No symbol) [0x0043D2C4]
	(No symbol) [0x0045E824]
	(No symbol) [0x0043CE46]
	(No symbol) [0x0040C5D3]
	(No symbol) [0x0040D424]
	GetHandleVerifier [0x007EBBC3+2435075]
	GetHandleVerifier [0x007E7163+2416035]
	GetHandleVerifier [0x0080350C+2531660]
	GetHandleVerifier [0x005BF1B5+155125]
	GetHandleVerifier [0x005C5B5D+182173]
	GetHandleVerifier [0x005AF9B8+91640]
	GetHandleVerifier [0x005AFB60+92064]
	GetHandleVerifier [0x0059A620+4704]
	BaseThreadInitThunk [0x75897BA9+25]
	RtlInitializeExceptionChain [0x7765C2EB+107]
	RtlClearBits [0x7765C26F+191]

2025-04-10 15:12:18,904 - WARNING - Error processing row: Message: stale element reference: stale element not found in the current frame
  (Session info: chrome=135.0.7049.84); For documentation on this error, please visit: https://www.selenium.dev/documentation/webdriver/troubleshooting/errors#stale-element-reference-exception
Stacktrace:
	GetHandleVerifier [0x005A80E3+60707]
	GetHandleVerifier [0x005A8124+60772]
	(No symbol) [0x003D0683]
	(No symbol) [0x003D6DE7]
	(No symbol) [0x003D90DA]
	(No symbol) [0x003D9157]
	(No symbol) [0x00417EF4]
	(No symbol) [0x004189FB]
	(No symbol) [0x0040E131]
	(No symbol) [0x0043D094]
	(No symbol) [0x0040DCA4]
	(No symbol) [0x0043D2C4]
	(No symbol) [0x0045E824]
	(No symbol) [0x0043CE46]
	(No symbol) [0x0040C5D3]
	(No symbol) [0x0040D424]
	GetHandleVerifier [0x007EBBC3+2435075]
	GetHandleVerifier [0x007E7163+2416035]
	GetHandleVerifier [0x0080350C+2531660]
	GetHandleVerifier [0x005BF1B5+155125]
	GetHandleVerifier [0x005C5B5D+182173]
	GetHandleVerifier [0x005AF9B8+91640]
	GetHandleVerifier [0x005AFB60+92064]
	GetHandleVerifier [0x0059A620+4704]
	BaseThreadInitThunk [0x75897BA9+25]
	RtlInitializeExceptionChain [0x7765C2EB+107]
	RtlClearBits [0x7765C26F+191]

2025-04-10 15:12:18,910 - WARNING - Error processing row: Message: stale element reference: stale element not found in the current frame
  (Session info: chrome=135.0.7049.84); For documentation on this error, please visit: https://www.selenium.dev/documentation/webdriver/troubleshooting/errors#stale-element-reference-exception
Stacktrace:
	GetHandleVerifier [0x005A80E3+60707]
	GetHandleVerifier [0x005A8124+60772]
	(No symbol) [0x003D0683]
	(No symbol) [0x003D6DE7]
	(No symbol) [0x003D90DA]
	(No symbol) [0x003D9157]
	(No symbol) [0x00417EF4]
	(No symbol) [0x004189FB]
	(No symbol) [0x0040E131]
	(No symbol) [0x0043D094]
	(No symbol) [0x0040DCA4]
	(No symbol) [0x0043D2C4]
	(No symbol) [0x0045E824]
	(No symbol) [0x0043CE46]
	(No symbol) [0x0040C5D3]
	(No symbol) [0x0040D424]
	GetHandleVerifier [0x007EBBC3+2435075]
	GetHandleVerifier [0x007E7163+2416035]
	GetHandleVerifier [0x0080350C+2531660]
	GetHandleVerifier [0x005BF1B5+155125]
	GetHandleVerifier [0x005C5B5D+182173]
	GetHandleVerifier [0x005AF9B8+91640]
	GetHandleVerifier [0x005AFB60+92064]
	GetHandleVerifier [0x0059A620+4704]
	BaseThreadInitThunk [0x75897BA9+25]
	RtlInitializeExceptionChain [0x7765C2EB+107]
	RtlClearBits [0x7765C26F+191]

2025-04-10 15:12:18,914 - WARNING - Error processing row: Message: stale element reference: stale element not found in the current frame
  (Session info: chrome=135.0.7049.84); For documentation on this error, please visit: https://www.selenium.dev/documentation/webdriver/troubleshooting/errors#stale-element-reference-exception
Stacktrace:
	GetHandleVerifier [0x005A80E3+60707]
	GetHandleVerifier [0x005A8124+60772]
	(No symbol) [0x003D0683]
	(No symbol) [0x003D6DE7]
	(No symbol) [0x003D90DA]
	(No symbol) [0x003D9157]
	(No symbol) [0x00417EF4]
	(No symbol) [0x004189FB]
	(No symbol) [0x0040E131]
	(No symbol) [0x0043D094]
	(No symbol) [0x0040DCA4]
	(No symbol) [0x0043D2C4]
	(No symbol) [0x0045E824]
	(No symbol) [0x0043CE46]
	(No symbol) [0x0040C5D3]
	(No symbol) [0x0040D424]
	GetHandleVerifier [0x007EBBC3+2435075]
	GetHandleVerifier [0x007E7163+2416035]
	GetHandleVerifier [0x0080350C+2531660]
	GetHandleVerifier [0x005BF1B5+155125]
	GetHandleVerifier [0x005C5B5D+182173]
	GetHandleVerifier [0x005AF9B8+91640]
	GetHandleVerifier [0x005AFB60+92064]
	GetHandleVerifier [0x0059A620+4704]
	BaseThreadInitThunk [0x75897BA9+25]
	RtlInitializeExceptionChain [0x7765C2EB+107]
	RtlClearBits [0x7765C26F+191]

2025-04-10 15:12:18,921 - WARNING - Error processing row: Message: stale element reference: stale element not found in the current frame
  (Session info: chrome=135.0.7049.84); For documentation on this error, please visit: https://www.selenium.dev/documentation/webdriver/troubleshooting/errors#stale-element-reference-exception
Stacktrace:
	GetHandleVerifier [0x005A80E3+60707]
	GetHandleVerifier [0x005A8124+60772]
	(No symbol) [0x003D0683]
	(No symbol) [0x003D6DE7]
	(No symbol) [0x003D90DA]
	(No symbol) [0x003D9157]
	(No symbol) [0x00417EF4]
	(No symbol) [0x004189FB]
	(No symbol) [0x0040E131]
	(No symbol) [0x0043D094]
	(No symbol) [0x0040DCA4]
	(No symbol) [0x0043D2C4]
	(No symbol) [0x0045E824]
	(No symbol) [0x0043CE46]
	(No symbol) [0x0040C5D3]
	(No symbol) [0x0040D424]
	GetHandleVerifier [0x007EBBC3+2435075]
	GetHandleVerifier [0x007E7163+2416035]
	GetHandleVerifier [0x0080350C+2531660]
	GetHandleVerifier [0x005BF1B5+155125]
	GetHandleVerifier [0x005C5B5D+182173]
	GetHandleVerifier [0x005AF9B8+91640]
	GetHandleVerifier [0x005AFB60+92064]
	GetHandleVerifier [0x0059A620+4704]
	BaseThreadInitThunk [0x75897BA9+25]
	RtlInitializeExceptionChain [0x7765C2EB+107]
	RtlClearBits [0x7765C26F+191]

2025-04-10 15:12:18,927 - WARNING - Error processing row: Message: stale element reference: stale element not found in the current frame
  (Session info: chrome=135.0.7049.84); For documentation on this error, please visit: https://www.selenium.dev/documentation/webdriver/troubleshooting/errors#stale-element-reference-exception
Stacktrace:
	GetHandleVerifier [0x005A80E3+60707]
	GetHandleVerifier [0x005A8124+60772]
	(No symbol) [0x003D0683]
	(No symbol) [0x003D6DE7]
	(No symbol) [0x003D90DA]
	(No symbol) [0x003D9157]
	(No symbol) [0x00417EF4]
	(No symbol) [0x004189FB]
	(No symbol) [0x0040E131]
	(No symbol) [0x0043D094]
	(No symbol) [0x0040DCA4]
	(No symbol) [0x0043D2C4]
	(No symbol) [0x0045E824]
	(No symbol) [0x0043CE46]
	(No symbol) [0x0040C5D3]
	(No symbol) [0x0040D424]
	GetHandleVerifier [0x007EBBC3+2435075]
	GetHandleVerifier [0x007E7163+2416035]
	GetHandleVerifier [0x0080350C+2531660]
	GetHandleVerifier [0x005BF1B5+155125]
	GetHandleVerifier [0x005C5B5D+182173]
	GetHandleVerifier [0x005AF9B8+91640]
	GetHandleVerifier [0x005AFB60+92064]
	GetHandleVerifier [0x0059A620+4704]
	BaseThreadInitThunk [0x75897BA9+25]
	RtlInitializeExceptionChain [0x7765C2EB+107]
	RtlClearBits [0x7765C26F+191]

2025-04-10 15:12:18,933 - WARNING - Error processing row: Message: stale element reference: stale element not found in the current frame
  (Session info: chrome=135.0.7049.84); For documentation on this error, please visit: https://www.selenium.dev/documentation/webdriver/troubleshooting/errors#stale-element-reference-exception
Stacktrace:
	GetHandleVerifier [0x005A80E3+60707]
	GetHandleVerifier [0x005A8124+60772]
	(No symbol) [0x003D0683]
	(No symbol) [0x003D6DE7]
	(No symbol) [0x003D90DA]
	(No symbol) [0x003D9157]
	(No symbol) [0x00417EF4]
	(No symbol) [0x004189FB]
	(No symbol) [0x0040E131]
	(No symbol) [0x0043D094]
	(No symbol) [0x0040DCA4]
	(No symbol) [0x0043D2C4]
	(No symbol) [0x0045E824]
	(No symbol) [0x0043CE46]
	(No symbol) [0x0040C5D3]
	(No symbol) [0x0040D424]
	GetHandleVerifier [0x007EBBC3+2435075]
	GetHandleVerifier [0x007E7163+2416035]
	GetHandleVerifier [0x0080350C+2531660]
	GetHandleVerifier [0x005BF1B5+155125]
	GetHandleVerifier [0x005C5B5D+182173]
	GetHandleVerifier [0x005AF9B8+91640]
	GetHandleVerifier [0x005AFB60+92064]
	GetHandleVerifier [0x0059A620+4704]
	BaseThreadInitThunk [0x75897BA9+25]
	RtlInitializeExceptionChain [0x7765C2EB+107]
	RtlClearBits [0x7765C26F+191]

2025-04-10 15:12:18,939 - WARNING - Error processing row: Message: stale element reference: stale element not found in the current frame
  (Session info: chrome=135.0.7049.84); For documentation on this error, please visit: https://www.selenium.dev/documentation/webdriver/troubleshooting/errors#stale-element-reference-exception
Stacktrace:
	GetHandleVerifier [0x005A80E3+60707]
	GetHandleVerifier [0x005A8124+60772]
	(No symbol) [0x003D0683]
	(No symbol) [0x003D6DE7]
	(No symbol) [0x003D90DA]
	(No symbol) [0x003D9157]
	(No symbol) [0x00417EF4]
	(No symbol) [0x004189FB]
	(No symbol) [0x0040E131]
	(No symbol) [0x0043D094]
	(No symbol) [0x0040DCA4]
	(No symbol) [0x0043D2C4]
	(No symbol) [0x0045E824]
	(No symbol) [0x0043CE46]
	(No symbol) [0x0040C5D3]
	(No symbol) [0x0040D424]
	GetHandleVerifier [0x007EBBC3+2435075]
	GetHandleVerifier [0x007E7163+2416035]
	GetHandleVerifier [0x0080350C+2531660]
	GetHandleVerifier [0x005BF1B5+155125]
	GetHandleVerifier [0x005C5B5D+182173]
	GetHandleVerifier [0x005AF9B8+91640]
	GetHandleVerifier [0x005AFB60+92064]
	GetHandleVerifier [0x0059A620+4704]
	BaseThreadInitThunk [0x75897BA9+25]
	RtlInitializeExceptionChain [0x7765C2EB+107]
	RtlClearBits [0x7765C26F+191]

2025-04-10 15:12:18,945 - WARNING - Error processing row: Message: stale element reference: stale element not found in the current frame
  (Session info: chrome=135.0.7049.84); For documentation on this error, please visit: https://www.selenium.dev/documentation/webdriver/troubleshooting/errors#stale-element-reference-exception
Stacktrace:
	GetHandleVerifier [0x005A80E3+60707]
	GetHandleVerifier [0x005A8124+60772]
	(No symbol) [0x003D0683]
	(No symbol) [0x003D6DE7]
	(No symbol) [0x003D90DA]
	(No symbol) [0x003D9157]
	(No symbol) [0x00417EF4]
	(No symbol) [0x004189FB]
	(No symbol) [0x0040E131]
	(No symbol) [0x0043D094]
	(No symbol) [0x0040DCA4]
	(No symbol) [0x0043D2C4]
	(No symbol) [0x0045E824]
	(No symbol) [0x0043CE46]
	(No symbol) [0x0040C5D3]
	(No symbol) [0x0040D424]
	GetHandleVerifier [0x007EBBC3+2435075]
	GetHandleVerifier [0x007E7163+2416035]
	GetHandleVerifier [0x0080350C+2531660]
	GetHandleVerifier [0x005BF1B5+155125]
	GetHandleVerifier [0x005C5B5D+182173]
	GetHandleVerifier [0x005AF9B8+91640]
	GetHandleVerifier [0x005AFB60+92064]
	GetHandleVerifier [0x0059A620+4704]
	BaseThreadInitThunk [0x75897BA9+25]
	RtlInitializeExceptionChain [0x7765C2EB+107]
	RtlClearBits [0x7765C26F+191]

2025-04-10 15:12:18,951 - WARNING - Error processing row: Message: stale element reference: stale element not found in the current frame
  (Session info: chrome=135.0.7049.84); For documentation on this error, please visit: https://www.selenium.dev/documentation/webdriver/troubleshooting/errors#stale-element-reference-exception
Stacktrace:
	GetHandleVerifier [0x005A80E3+60707]
	GetHandleVerifier [0x005A8124+60772]
	(No symbol) [0x003D0683]
	(No symbol) [0x003D6DE7]
	(No symbol) [0x003D90DA]
	(No symbol) [0x003D9157]
	(No symbol) [0x00417EF4]
	(No symbol) [0x004189FB]
	(No symbol) [0x0040E131]
	(No symbol) [0x0043D094]
	(No symbol) [0x0040DCA4]
	(No symbol) [0x0043D2C4]
	(No symbol) [0x0045E824]
	(No symbol) [0x0043CE46]
	(No symbol) [0x0040C5D3]
	(No symbol) [0x0040D424]
	GetHandleVerifier [0x007EBBC3+2435075]
	GetHandleVerifier [0x007E7163+2416035]
	GetHandleVerifier [0x0080350C+2531660]
	GetHandleVerifier [0x005BF1B5+155125]
	GetHandleVerifier [0x005C5B5D+182173]
	GetHandleVerifier [0x005AF9B8+91640]
	GetHandleVerifier [0x005AFB60+92064]
	GetHandleVerifier [0x0059A620+4704]
	BaseThreadInitThunk [0x75897BA9+25]
	RtlInitializeExceptionChain [0x7765C2EB+107]
	RtlClearBits [0x7765C26F+191]

2025-04-10 15:12:18,951 - WARNING - Not enough rows found in search results
2025-04-10 15:12:19,132 - INFO - Clicked on the first available Material element
2025-04-10 15:12:19,132 - INFO - Successfully completed search and click workflow
2025-04-10 15:12:19,132 - INFO - Looking for Page Option Values section
2025-04-10 15:12:19,147 - INFO - Scrolling down to find Page Option Values
2025-04-10 15:12:20,224 - INFO - Clicked on Page Option Values section
2025-04-10 15:12:24,712 - INFO - Successfully found and clicked button via JavaScript: Clicked button: 
    add new value

2025-04-10 15:12:24,712 - INFO - Successfully clicked on Page Option Values and Add new Value
2025-04-10 15:12:24,713 - INFO - Parsed 3 materials from name value: ['Topseller: 350 g/qm Recyclingkarton GT2', 'Klassiker: 240 g/qm Postkarten-Chromokarton GC1', 'Exklusiv: 300 g/qm Recyclingkarton GT2 mit Fettbarriere']
2025-04-10 15:12:24,713 - INFO - Parsed 3 materials from code value: ['wrap_verpackungen_automatikboden_70x87_4_0_topseller_1', 'wrap_verpackungen_automatikboden_70x87_4_0_klassiker_2', 'wrap_verpackungen_automatikboden_70x87_4_0_exklusiv_3']
2025-04-10 15:12:24,713 - INFO - Processing material 1/3: Name=Topseller: 350 g/qm Recyclingkarton GT2, Code=wrap_verpackungen_automatikboden_70x87_4_0_topseller_1, Position=0
2025-04-10 15:12:26,820 - INFO - JavaScript fill result for material 1: {'codeFieldFound': True, 'codeFieldValue': 'wrap_verpackungen_automatikboden_70x87_4_0_topseller_1', 'nameFieldFound': True, 'nameFieldValue': 'Topseller: 350 g/qm Recyclingkarton GT2', 'positionFieldFound': True, 'positionFieldValue': '0'}
2025-04-10 15:12:27,911 - INFO - Starting popup modal Save button click function
2025-04-10 15:12:27,923 - INFO - Found modal popup
2025-04-10 15:12:27,931 - WARNING - Could not find Save button in modal: Message: no such element: Unable to locate element: {"method":"css selector","selector":"button#save, button.action-primary, button[title='Save'], button.primary"}
  (Session info: chrome=135.0.7049.84); For documentation on this error, please visit: https://www.selenium.dev/documentation/webdriver/troubleshooting/errors#no-such-element-exception
Stacktrace:
	GetHandleVerifier [0x005A80E3+60707]
	GetHandleVerifier [0x005A8124+60772]
	(No symbol) [0x003D0683]
	(No symbol) [0x00418660]
	(No symbol) [0x004189FB]
	(No symbol) [0x0040DD81]
	(No symbol) [0x0043D094]
	(No symbol) [0x0040DCA4]
	(No symbol) [0x0043D2C4]
	(No symbol) [0x0045E824]
	(No symbol) [0x0043CE46]
	(No symbol) [0x0040C5D3]
	(No symbol) [0x0040D424]
	GetHandleVerifier [0x007EBBC3+2435075]
	GetHandleVerifier [0x007E7163+2416035]
	GetHandleVerifier [0x0080350C+2531660]
	GetHandleVerifier [0x005BF1B5+155125]
	GetHandleVerifier [0x005C5B5D+182173]
	GetHandleVerifier [0x005AF9B8+91640]
	GetHandleVerifier [0x005AFB60+92064]
	GetHandleVerifier [0x0059A620+4704]
	BaseThreadInitThunk [0x75897BA9+25]
	RtlInitializeExceptionChain [0x7765C2EB+107]
	RtlClearBits [0x7765C26F+191]

2025-04-10 15:12:27,954 - WARNING - Title-based approach failed: Message: no such element: Unable to locate element: {"method":"xpath","selector":"//div[contains(text(), 'Page Option Value')]"}
  (Session info: chrome=135.0.7049.84); For documentation on this error, please visit: https://www.selenium.dev/documentation/webdriver/troubleshooting/errors#no-such-element-exception
Stacktrace:
	GetHandleVerifier [0x005A80E3+60707]
	GetHandleVerifier [0x005A8124+60772]
	(No symbol) [0x003D0683]
	(No symbol) [0x00418660]
	(No symbol) [0x004189FB]
	(No symbol) [0x00461022]
	(No symbol) [0x0043D094]
	(No symbol) [0x0045E824]
	(No symbol) [0x0043CE46]
	(No symbol) [0x0040C5D3]
	(No symbol) [0x0040D424]
	GetHandleVerifier [0x007EBBC3+2435075]
	GetHandleVerifier [0x007E7163+2416035]
	GetHandleVerifier [0x0080350C+2531660]
	GetHandleVerifier [0x005BF1B5+155125]
	GetHandleVerifier [0x005C5B5D+182173]
	GetHandleVerifier [0x005AF9B8+91640]
	GetHandleVerifier [0x005AFB60+92064]
	GetHandleVerifier [0x0059A620+4704]
	BaseThreadInitThunk [0x75897BA9+25]
	RtlInitializeExceptionChain [0x7765C2EB+107]
	RtlClearBits [0x7765C26F+191]

2025-04-10 15:12:27,964 - WARNING - JavaScript approach could not find modal Save button
2025-04-10 15:12:27,964 - INFO - Looking for most recently added Save button
2025-04-10 15:12:28,995 - INFO - Clicked most recently added Save button
2025-04-10 15:12:28,996 - INFO - Successfully saved material 1
2025-04-10 15:12:30,997 - INFO - Processing material 2/3: Name=Klassiker: 240 g/qm Postkarten-Chromokarton GC1, Code=wrap_verpackungen_automatikboden_70x87_4_0_klassiker_2, Position=0
2025-04-10 15:12:30,997 - INFO - Refreshing page for material 2
2025-04-10 15:12:31,287 - INFO - Page refreshed successfully
2025-04-10 15:12:31,287 - INFO - Looking for Page Option Values section
2025-04-10 15:12:31,294 - INFO - Scrolling down to find Page Option Values
2025-04-10 15:12:32,355 - INFO - Clicked on Page Option Values section
2025-04-10 15:12:36,736 - INFO - Successfully found and clicked button via JavaScript: Clicked button: 
    add new value

2025-04-10 15:12:40,868 - INFO - JavaScript fill result for material 2: {'codeFieldFound': True, 'codeFieldValue': 'wrap_verpackungen_automatikboden_70x87_4_0_klassiker_2', 'nameFieldFound': True, 'nameFieldValue': 'Klassiker: 240 g/qm Postkarten-Chromokarton GC1', 'positionFieldFound': True, 'positionFieldValue': '0'}
2025-04-10 15:12:41,961 - INFO - Starting popup modal Save button click function
2025-04-10 15:12:41,969 - INFO - Found modal popup
2025-04-10 15:12:41,976 - WARNING - Could not find Save button in modal: Message: no such element: Unable to locate element: {"method":"css selector","selector":"button#save, button.action-primary, button[title='Save'], button.primary"}
  (Session info: chrome=135.0.7049.84); For documentation on this error, please visit: https://www.selenium.dev/documentation/webdriver/troubleshooting/errors#no-such-element-exception
Stacktrace:
	GetHandleVerifier [0x005A80E3+60707]
	GetHandleVerifier [0x005A8124+60772]
	(No symbol) [0x003D0683]
	(No symbol) [0x00418660]
	(No symbol) [0x004189FB]
	(No symbol) [0x0040DD81]
	(No symbol) [0x0043D094]
	(No symbol) [0x0040DCA4]
	(No symbol) [0x0043D2C4]
	(No symbol) [0x0045E824]
	(No symbol) [0x0043CE46]
	(No symbol) [0x0040C5D3]
	(No symbol) [0x0040D424]
	GetHandleVerifier [0x007EBBC3+2435075]
	GetHandleVerifier [0x007E7163+2416035]
	GetHandleVerifier [0x0080350C+2531660]
	GetHandleVerifier [0x005BF1B5+155125]
	GetHandleVerifier [0x005C5B5D+182173]
	GetHandleVerifier [0x005AF9B8+91640]
	GetHandleVerifier [0x005AFB60+92064]
	GetHandleVerifier [0x0059A620+4704]
	BaseThreadInitThunk [0x75897BA9+25]
	RtlInitializeExceptionChain [0x7765C2EB+107]
	RtlClearBits [0x7765C26F+191]

2025-04-10 15:12:41,994 - WARNING - Title-based approach failed: Message: no such element: Unable to locate element: {"method":"xpath","selector":"//div[contains(text(), 'Page Option Value')]"}
  (Session info: chrome=135.0.7049.84); For documentation on this error, please visit: https://www.selenium.dev/documentation/webdriver/troubleshooting/errors#no-such-element-exception
Stacktrace:
	GetHandleVerifier [0x005A80E3+60707]
	GetHandleVerifier [0x005A8124+60772]
	(No symbol) [0x003D0683]
	(No symbol) [0x00418660]
	(No symbol) [0x004189FB]
	(No symbol) [0x00461022]
	(No symbol) [0x0043D094]
	(No symbol) [0x0045E824]
	(No symbol) [0x0043CE46]
	(No symbol) [0x0040C5D3]
	(No symbol) [0x0040D424]
	GetHandleVerifier [0x007EBBC3+2435075]
	GetHandleVerifier [0x007E7163+2416035]
	GetHandleVerifier [0x0080350C+2531660]
	GetHandleVerifier [0x005BF1B5+155125]
	GetHandleVerifier [0x005C5B5D+182173]
	GetHandleVerifier [0x005AF9B8+91640]
	GetHandleVerifier [0x005AFB60+92064]
	GetHandleVerifier [0x0059A620+4704]
	BaseThreadInitThunk [0x75897BA9+25]
	RtlInitializeExceptionChain [0x7765C2EB+107]
	RtlClearBits [0x7765C26F+191]

2025-04-10 15:12:42,001 - WARNING - JavaScript approach could not find modal Save button
2025-04-10 15:12:42,003 - INFO - Looking for most recently added Save button
2025-04-10 15:12:43,026 - INFO - Clicked most recently added Save button
2025-04-10 15:12:43,027 - INFO - Successfully saved material 2
2025-04-10 15:12:45,027 - INFO - Processing material 3/3: Name=Exklusiv: 300 g/qm Recyclingkarton GT2 mit Fettbarriere, Code=wrap_verpackungen_automatikboden_70x87_4_0_exklusiv_3, Position=0
2025-04-10 15:12:45,027 - INFO - Refreshing page for material 3
2025-04-10 15:12:45,341 - INFO - Page refreshed successfully
2025-04-10 15:12:45,341 - INFO - Looking for Page Option Values section
2025-04-10 15:12:45,352 - INFO - Scrolling down to find Page Option Values
2025-04-10 15:12:46,425 - INFO - Clicked on Page Option Values section
2025-04-10 15:12:50,681 - INFO - Successfully found and clicked button via JavaScript: Clicked button: 
    add new value

2025-04-10 15:12:54,802 - INFO - JavaScript fill result for material 3: {'codeFieldFound': True, 'codeFieldValue': 'wrap_verpackungen_automatikboden_70x87_4_0_exklusiv_3', 'nameFieldFound': True, 'nameFieldValue': 'Exklusiv: 300 g/qm Recyclingkarton GT2 mit Fettbarriere', 'positionFieldFound': True, 'positionFieldValue': '0'}
2025-04-10 15:12:55,913 - INFO - Starting popup modal Save button click function
2025-04-10 15:12:55,923 - INFO - Found modal popup
2025-04-10 15:12:55,928 - WARNING - Could not find Save button in modal: Message: no such element: Unable to locate element: {"method":"css selector","selector":"button#save, button.action-primary, button[title='Save'], button.primary"}
  (Session info: chrome=135.0.7049.84); For documentation on this error, please visit: https://www.selenium.dev/documentation/webdriver/troubleshooting/errors#no-such-element-exception
Stacktrace:
	GetHandleVerifier [0x005A80E3+60707]
	GetHandleVerifier [0x005A8124+60772]
	(No symbol) [0x003D0683]
	(No symbol) [0x00418660]
	(No symbol) [0x004189FB]
	(No symbol) [0x0040DD81]
	(No symbol) [0x0043D094]
	(No symbol) [0x0040DCA4]
	(No symbol) [0x0043D2C4]
	(No symbol) [0x0045E824]
	(No symbol) [0x0043CE46]
	(No symbol) [0x0040C5D3]
	(No symbol) [0x0040D424]
	GetHandleVerifier [0x007EBBC3+2435075]
	GetHandleVerifier [0x007E7163+2416035]
	GetHandleVerifier [0x0080350C+2531660]
	GetHandleVerifier [0x005BF1B5+155125]
	GetHandleVerifier [0x005C5B5D+182173]
	GetHandleVerifier [0x005AF9B8+91640]
	GetHandleVerifier [0x005AFB60+92064]
	GetHandleVerifier [0x0059A620+4704]
	BaseThreadInitThunk [0x75897BA9+25]
	RtlInitializeExceptionChain [0x7765C2EB+107]
	RtlClearBits [0x7765C26F+191]

2025-04-10 15:12:55,947 - WARNING - Title-based approach failed: Message: no such element: Unable to locate element: {"method":"xpath","selector":"//div[contains(text(), 'Page Option Value')]"}
  (Session info: chrome=135.0.7049.84); For documentation on this error, please visit: https://www.selenium.dev/documentation/webdriver/troubleshooting/errors#no-such-element-exception
Stacktrace:
	GetHandleVerifier [0x005A80E3+60707]
	GetHandleVerifier [0x005A8124+60772]
	(No symbol) [0x003D0683]
	(No symbol) [0x00418660]
	(No symbol) [0x004189FB]
	(No symbol) [0x00461022]
	(No symbol) [0x0043D094]
	(No symbol) [0x0045E824]
	(No symbol) [0x0043CE46]
	(No symbol) [0x0040C5D3]
	(No symbol) [0x0040D424]
	GetHandleVerifier [0x007EBBC3+2435075]
	GetHandleVerifier [0x007E7163+2416035]
	GetHandleVerifier [0x0080350C+2531660]
	GetHandleVerifier [0x005BF1B5+155125]
	GetHandleVerifier [0x005C5B5D+182173]
	GetHandleVerifier [0x005AF9B8+91640]
	GetHandleVerifier [0x005AFB60+92064]
	GetHandleVerifier [0x0059A620+4704]
	BaseThreadInitThunk [0x75897BA9+25]
	RtlInitializeExceptionChain [0x7765C2EB+107]
	RtlClearBits [0x7765C26F+191]

2025-04-10 15:12:55,954 - WARNING - JavaScript approach could not find modal Save button
2025-04-10 15:12:55,954 - INFO - Looking for most recently added Save button
2025-04-10 15:12:56,981 - INFO - Clicked most recently added Save button
2025-04-10 15:12:56,981 - INFO - Successfully saved material 3
2025-04-10 15:12:58,983 - INFO - All materials processed, now clicking main save
2025-04-10 15:12:58,983 - INFO - Refreshing page...
2025-04-10 15:12:59,291 - INFO - Page refreshed successfully
2025-04-10 15:13:00,324 - INFO - Clicked main Save button in top-right corner
2025-04-10 15:13:01,325 - INFO - Successfully saved all page option values
2025-04-10 15:13:01,325 - INFO - Successfully filled and saved the form
2025-04-10 15:13:01,325 - INFO - Starting popup modal Save button click function
2025-04-10 15:13:01,330 - INFO - Found modal popup
2025-04-10 15:13:01,338 - WARNING - Could not find Save button in modal: Message: no such element: Unable to locate element: {"method":"css selector","selector":"button#save, button.action-primary, button[title='Save'], button.primary"}
  (Session info: chrome=135.0.7049.84); For documentation on this error, please visit: https://www.selenium.dev/documentation/webdriver/troubleshooting/errors#no-such-element-exception
Stacktrace:
	GetHandleVerifier [0x005A80E3+60707]
	GetHandleVerifier [0x005A8124+60772]
	(No symbol) [0x003D0683]
	(No symbol) [0x00418660]
	(No symbol) [0x004189FB]
	(No symbol) [0x0040DD81]
	(No symbol) [0x0043D094]
	(No symbol) [0x0040DCA4]
	(No symbol) [0x0043D2C4]
	(No symbol) [0x0045E824]
	(No symbol) [0x0043CE46]
	(No symbol) [0x0040C5D3]
	(No symbol) [0x0040D424]
	GetHandleVerifier [0x007EBBC3+2435075]
	GetHandleVerifier [0x007E7163+2416035]
	GetHandleVerifier [0x0080350C+2531660]
	GetHandleVerifier [0x005BF1B5+155125]
	GetHandleVerifier [0x005C5B5D+182173]
	GetHandleVerifier [0x005AF9B8+91640]
	GetHandleVerifier [0x005AFB60+92064]
	GetHandleVerifier [0x0059A620+4704]
	BaseThreadInitThunk [0x75897BA9+25]
	RtlInitializeExceptionChain [0x7765C2EB+107]
	RtlClearBits [0x7765C26F+191]

2025-04-10 15:13:01,345 - WARNING - Title-based approach failed: Message: no such element: Unable to locate element: {"method":"xpath","selector":"//div[contains(text(), 'Page Option Value')]"}
  (Session info: chrome=135.0.7049.84); For documentation on this error, please visit: https://www.selenium.dev/documentation/webdriver/troubleshooting/errors#no-such-element-exception
Stacktrace:
	GetHandleVerifier [0x005A80E3+60707]
	GetHandleVerifier [0x005A8124+60772]
	(No symbol) [0x003D0683]
	(No symbol) [0x00418660]
	(No symbol) [0x004189FB]
	(No symbol) [0x00461022]
	(No symbol) [0x0043D094]
	(No symbol) [0x0045E824]
	(No symbol) [0x0043CE46]
	(No symbol) [0x0040C5D3]
	(No symbol) [0x0040D424]
	GetHandleVerifier [0x007EBBC3+2435075]
	GetHandleVerifier [0x007E7163+2416035]
	GetHandleVerifier [0x0080350C+2531660]
	GetHandleVerifier [0x005BF1B5+155125]
	GetHandleVerifier [0x005C5B5D+182173]
	GetHandleVerifier [0x005AF9B8+91640]
	GetHandleVerifier [0x005AFB60+92064]
	GetHandleVerifier [0x0059A620+4704]
	BaseThreadInitThunk [0x75897BA9+25]
	RtlInitializeExceptionChain [0x7765C2EB+107]
	RtlClearBits [0x7765C26F+191]

2025-04-10 15:13:01,349 - WARNING - JavaScript approach could not find modal Save button
2025-04-10 15:13:01,349 - INFO - Looking for most recently added Save button
2025-04-10 15:13:01,354 - WARNING - No Save buttons found
2025-04-10 15:13:01,355 - INFO - Successfully clicked modal save button.
2025-04-10 15:13:01,355 - INFO - Refreshing page...
2025-04-10 15:13:01,543 - INFO - Page refreshed successfully
2025-04-10 15:13:02,856 - INFO - Clicked main Save button in top-right corner
2025-04-10 15:13:03,856 - INFO - Successfully clicked modal save button.
2025-04-10 15:13:03,857 - INFO - Starting process to add a new product part from CSV
2025-04-10 15:13:03,857 - INFO - Clicking on CLOUDLAB icon using the Catalog approach...
2025-04-10 15:13:03,884 - INFO - Clicked on CLOUDLAB icon using Catalog approach
2025-04-10 15:13:05,885 - INFO - Clicking on Product Parts submenu using Catalog Products approach...
2025-04-10 15:13:21,104 - WARNING - Catalog approach failed for Product Parts: Message: 
Stacktrace:
	GetHandleVerifier [0x005A80E3+60707]
	GetHandleVerifier [0x005A8124+60772]
	(No symbol) [0x003D0683]
	(No symbol) [0x00418660]
	(No symbol) [0x004189FB]
	(No symbol) [0x00461022]
	(No symbol) [0x0043D094]
	(No symbol) [0x0045E824]
	(No symbol) [0x0043CE46]
	(No symbol) [0x0040C5D3]
	(No symbol) [0x0040D424]
	GetHandleVerifier [0x007EBBC3+2435075]
	GetHandleVerifier [0x007E7163+2416035]
	GetHandleVerifier [0x0080350C+2531660]
	GetHandleVerifier [0x005BF1B5+155125]
	GetHandleVerifier [0x005C5B5D+182173]
	GetHandleVerifier [0x005AF9B8+91640]
	GetHandleVerifier [0x005AFB60+92064]
	GetHandleVerifier [0x0059A620+4704]
	BaseThreadInitThunk [0x75897BA9+25]
	RtlInitializeExceptionChain [0x7765C2EB+107]
	RtlClearBits [0x7765C26F+191]

2025-04-10 15:13:22,842 - INFO - Clicked on Product Parts by text
2025-04-10 15:13:25,850 - INFO - Successfully navigated to Product Parts page
2025-04-10 15:13:25,850 - INFO - Clicking on Add New Part button
2025-04-10 15:13:29,060 - INFO - Clicked on Add New Part button using CSS class
2025-04-10 15:13:29,060 - INFO - Waiting 10 seconds for the form to load completely...
2025-04-10 15:13:39,064 - INFO - Filling Name field
2025-04-10 15:13:39,244 - INFO - Filled Name field with: Wrap-Verpackungen mit Automatikboden (Durchmesser 7 cm - Höhe 8,7 cm) einseitig bedruckt 4/0-farbig
2025-04-10 15:13:40,249 - INFO - Filling Code field with enhanced approach
2025-04-10 15:13:40,510 - INFO - Filled Code field with: wrap_verpackungen_mit_automatikboden_durchmesser_7_cm_hoehe_8_7_cm_einseitig_bedruckt_4_0_farbig and triggered validation
2025-04-10 15:13:40,510 - INFO - Attempting to select Material dropdown
2025-04-10 15:13:40,510 - INFO - Attempting to select materials from CSV
2025-04-10 15:13:40,510 - INFO - Found 3 materials from CSV
2025-04-10 15:13:41,532 - INFO - Found Öffnung element, now looking for Material field below it
2025-04-10 15:13:42,585 - INFO - Found Material element, now looking for select element
2025-04-10 15:13:42,622 - INFO - Found Material select element
2025-04-10 15:13:42,636 - INFO - JavaScript selection result: Selected 9 options: ['Topseller: 350 g/qm Recyclingkarton GT2 (wrap_verpackungen_automatikboden_65x95_4_0_topseller_1)', 'Klassiker: 240 g/qm Postkarten-Chromokarton GC1 (wrap_verpackungen_automatikboden_65x95_4_0_klassiker_2)', 'Exklusiv: 300 g/qm Recyclingkarton GT2 mit Fettbarriere (wrap_verpackungen_automatikboden_65x95_4_0_exklusiv_3)', 'Topseller: 350 g/qm Recyclingkarton GT2 (wrap_verpackungen_automatikboden_65x131_4_0_topseller_1)', 'Klassiker: 240 g/qm Postkarten-Chromokarton GC1 (wrap_verpackungen_automatikboden_65x131_4_0_klassiker_2)', 'Exklusiv: 300 g/qm Recyclingkarton GT2 mit Fettbarriere (wrap_verpackungen_automatikboden_65x131_4_0_exklusiv_3)', 'Topseller: 350 g/qm Recyclingkarton GT2 (wrap_verpackungen_automatikboden_70x87_4_0_topseller_1)', 'Klassiker: 240 g/qm Postkarten-Chromokarton GC1 (wrap_verpackungen_automatikboden_70x87_4_0_klassiker_2)', 'Exklusiv: 300 g/qm Recyclingkarton GT2 mit Fettbarriere (wrap_verpackungen_automatikboden_70x87_4_0_exklusiv_3)']
2025-04-10 15:13:42,637 - INFO - Successfully selected last option in Material dropdown
2025-04-10 15:13:52,638 - INFO - Clicking Save button
2025-04-10 15:13:53,729 - INFO - Clicked Save button via CSS selector
2025-04-10 15:13:53,729 - INFO - Waiting 10 seconds after save...
2025-04-10 15:14:03,731 - INFO - Product part save process completed
2025-04-10 15:14:03,731 - INFO - Successfully added a new product part for product 1
2025-04-10 15:14:03,731 - INFO - Clicking on Catalog icon...
2025-04-10 15:14:05,760 - INFO - Clicking on Products submenu...
2025-04-10 15:14:09,026 - INFO - Clicking on Add Product button...
2025-04-10 15:14:13,360 - INFO - Navigated to Add Product page
2025-04-10 15:14:13,702 - INFO - Product name entered: Wrap-Verpackungen mit Automatikboden (Durchmesser 7 cm - Höhe 8,7 cm) einseitig bedruckt 4/0-farbig
2025-04-10 15:14:13,803 - INFO - SKU entered: 1003354
2025-04-10 15:14:13,898 - INFO - Price entered: 1.00
2025-04-10 15:14:13,965 - INFO - Quantity entered: 99999999
2025-04-10 15:14:13,965 - INFO - Successfully filled basic info for product: Wrap-Verpackungen mit Automatikboden (Durchmesser 7 cm - Höhe 8,7 cm) einseitig bedruckt 4/0-farbig
2025-04-10 15:14:13,965 - INFO - Setting 'Is Meter Price' to: Yes
2025-04-10 15:14:13,972 - INFO - Toggle result: Changed 'Is Meter Price' to: Yes
2025-04-10 15:14:14,043 - INFO - Final scroll position: 777px
2025-04-10 15:14:14,044 - ERROR - Failed to set 'Is Meter Price': name 'current_scroll_y' is not defined
2025-04-10 15:14:14,044 - INFO - Attempting final fallback method
2025-04-10 15:14:16,141 - INFO - Clicked toggle using fallback method
2025-04-10 15:14:16,141 - INFO - Selecting Producer: wmd.networkhero.eu with simplified approach
2025-04-10 15:14:17,164 - INFO - JavaScript producer selection result: Selected wmd.networkhero.eu using standard dropdown via JS
2025-04-10 15:14:17,164 - INFO - Setting 'Disable pickup' to: Yes
2025-04-10 15:14:17,171 - INFO - Initial scroll position: 1035px
2025-04-10 15:14:18,690 - INFO - Current scroll position after positioning: 2278px
2025-04-10 15:14:18,705 - INFO - Toggle result: Changed 'Disable pickup' to: Yes
2025-04-10 15:14:18,710 - INFO - Final scroll position: 2278px
2025-04-10 15:14:18,718 - INFO - Validation confirmed 'Disable pickup' setting was applied correctly
2025-04-10 15:14:18,718 - INFO - Scrolling down to find Websites section
2025-04-10 15:14:19,761 - INFO - Expanded Websites section
2025-04-10 15:14:21,786 - INFO - Selected website: Selling Website
2025-04-10 15:14:21,804 - INFO - Selected website: Networkhero
2025-04-10 15:14:21,804 - INFO - Completed website selection
2025-04-10 15:14:21,804 - INFO - Updating Product Type to: Upload + Personalization + Configuration using producer-style approach
2025-04-10 15:14:22,849 - INFO - Clicked Web2Print Settings
2025-04-10 15:14:25,900 - INFO - Clicked General tab
2025-04-10 15:14:27,902 - INFO - Selecting Product Type: Upload + Personalization + Configuration with producer-style approach
2025-04-10 15:14:28,933 - INFO - JavaScript Product Type selection result: Selected Upload + Personalization + Configuration using standard select
2025-04-10 15:14:28,933 - INFO - Setting Price Calculation to Fixed in Matrix tab
2025-04-10 15:14:29,990 - INFO - Clicked Matrix tab
2025-04-10 15:14:31,992 - INFO - Looking for Price Calculation field
2025-04-10 15:14:32,003 - INFO - JavaScript Price Calculation selection result: Selected Fixed using standard select
2025-04-10 15:14:32,005 - INFO - Selecting weekdays in Production Days multiselect
2025-04-10 15:14:33,047 - INFO - Clicked Others tab
2025-04-10 15:14:36,056 - INFO - Approaching Production Days with direct ID
2025-04-10 15:14:46,201 - WARNING - Direct ID approach failed: Message: 
Stacktrace:
	GetHandleVerifier [0x005A80E3+60707]
	GetHandleVerifier [0x005A8124+60772]
	(No symbol) [0x003D0683]
	(No symbol) [0x00418660]
	(No symbol) [0x004189FB]
	(No symbol) [0x00461022]
	(No symbol) [0x0043D094]
	(No symbol) [0x0045E824]
	(No symbol) [0x0043CE46]
	(No symbol) [0x0040C5D3]
	(No symbol) [0x0040D424]
	GetHandleVerifier [0x007EBBC3+2435075]
	GetHandleVerifier [0x007E7163+2416035]
	GetHandleVerifier [0x0080350C+2531660]
	GetHandleVerifier [0x005BF1B5+155125]
	GetHandleVerifier [0x005C5B5D+182173]
	GetHandleVerifier [0x005AF9B8+91640]
	GetHandleVerifier [0x005AFB60+92064]
	GetHandleVerifier [0x0059A620+4704]
	BaseThreadInitThunk [0x75897BA9+25]
	RtlInitializeExceptionChain [0x7765C2EB+107]
	RtlClearBits [0x7765C26F+191]

2025-04-10 15:14:46,203 - INFO - Approaching Production Days via label
2025-04-10 15:14:47,252 - WARNING - Label approach failed: Message: no such element: Unable to locate element: {"method":"css selector","selector":"select.admin__control-multiselect, select[multiple]"}
  (Session info: chrome=135.0.7049.84); For documentation on this error, please visit: https://www.selenium.dev/documentation/webdriver/troubleshooting/errors#no-such-element-exception
Stacktrace:
	GetHandleVerifier [0x005A80E3+60707]
	GetHandleVerifier [0x005A8124+60772]
	(No symbol) [0x003D0683]
	(No symbol) [0x00418660]
	(No symbol) [0x004189FB]
	(No symbol) [0x0040DD81]
	(No symbol) [0x0043D094]
	(No symbol) [0x0040DCA4]
	(No symbol) [0x0043D2C4]
	(No symbol) [0x0045E824]
	(No symbol) [0x0043CE46]
	(No symbol) [0x0040C5D3]
	(No symbol) [0x0040D424]
	GetHandleVerifier [0x007EBBC3+2435075]
	GetHandleVerifier [0x007E7163+2416035]
	GetHandleVerifier [0x0080350C+2531660]
	GetHandleVerifier [0x005BF1B5+155125]
	GetHandleVerifier [0x005C5B5D+182173]
	GetHandleVerifier [0x005AF9B8+91640]
	GetHandleVerifier [0x005AFB60+92064]
	GetHandleVerifier [0x0059A620+4704]
	BaseThreadInitThunk [0x75897BA9+25]
	RtlInitializeExceptionChain [0x7765C2EB+107]
	RtlClearBits [0x7765C26F+191]

2025-04-10 15:14:47,253 - INFO - Trying all multiselects approach
2025-04-10 15:14:47,261 - INFO - Found 1 multiselects
2025-04-10 15:14:48,277 - INFO - JavaScript multiselect 1 result: {'selected': ['Monday', 'Tuesday', 'Wednesday', 'Thursday', 'Friday'], 'success': True}
2025-04-10 15:14:48,277 - INFO - Successfully selected weekdays in multiselect 1
2025-04-10 15:14:48,277 - INFO - Configuring Delivery section with final optimized approach
2025-04-10 15:14:49,811 - INFO - Expansion result: Clicked to expand delivery section
2025-04-10 15:14:51,812 - INFO - Setting VPE value to 9999
2025-04-10 15:14:51,812 - INFO - Setting VPE value to 9999 using optimized method
2025-04-10 15:14:51,821 - INFO - DOM manipulation result: Set VPE value to 9999 via DOM manipulation
2025-04-10 15:14:51,821 - INFO - Selecting VPE Type: Stock
2025-04-10 15:14:51,822 - INFO - Selecting VPE Type: Stock using producer-style approach
2025-04-10 15:14:55,854 - INFO - VPE Type field structure: {'found': True, 'labelRect': {'bottom': 547.515625, 'height': 0, 'left': 489.03125, 'right': 549.75, 'toJSON': {}, 'top': 547.515625, 'width': 60.71875, 'x': 489.03125, 'y': 547.515625}, 'structure': {'dropdownLikeCount': 0, 'fieldClasses': 'admin__field', 'firstSelectClasses': 'admin__control-select', 'firstSelectId': 'X4IN4A3', 'firstSelectOptions': ['LFM - Running Meter', 'm²', 'Stock'], 'hasField': True, 'hasMultiselect': False, 'selectCount': 1}}
2025-04-10 15:14:55,855 - INFO - Found traditional select for VPE Type
2025-04-10 15:14:55,862 - INFO - Select result: Selected Stock from VPE Type select
2025-04-10 15:14:55,862 - INFO - Selecting 'Fix Products' option
2025-04-10 15:14:55,868 - INFO - Fix Products selection result: Selected Fix Products option
2025-04-10 15:14:55,868 - INFO - Successfully configured Delivery section
2025-04-10 15:14:55,868 - INFO - Configuring Print Product Setup with CTRL+click for multiple selection
2025-04-10 15:14:56,913 - INFO - Clicked Print Product Setup
2025-04-10 15:14:58,914 - INFO - Attempting to select the last option in Product Parts list
2025-04-10 15:14:59,934 - INFO - Found Product Parts select element
2025-04-10 15:14:59,934 - WARNING - Standard approach failed: 'WebElement' object has no attribute 'tk'
2025-04-10 15:14:59,943 - INFO - JavaScript result: {'allOptions': ['5', '20', '30', '50', '100', '200', '500'], 'index': 6, 'message': 'Selected last option', 'success': True, 'text': '500'}
2025-04-10 15:14:59,943 - INFO - Successfully selected last option using JavaScript: 500
2025-04-10 15:14:59,951 - INFO - Textarea values set result: {'dateityp': False, 'datencheck': True}
2025-04-10 15:14:59,951 - INFO - Trying multiselect approach with CTRL+click
2025-04-10 15:15:01,011 - INFO - Clicked Standard option
2025-04-10 15:15:02,290 - INFO - CTRL+Clicked Profidatencheck option
2025-04-10 15:15:04,362 - INFO - Clicked PDF-file option
2025-04-10 15:15:05,644 - INFO - CTRL+Clicked Image option
2025-04-10 15:15:06,645 - INFO - Configuring additional settings with improved approach
2025-04-10 15:15:06,645 - INFO - Configuring Lieferung field
2025-04-10 15:15:07,680 - INFO - Lieferung selection result: {'selected': ['Standard ( production_standard )', 'Express ( production_express )', 'Standard Plus ( production_standard_plus )'], 'success': True}
2025-04-10 15:15:07,680 - INFO - Configuring Anzahl field
2025-04-10 15:15:09,229 - INFO - Selected quantity_1
2025-04-10 15:15:09,767 - WARNING - Failed to select using Select class: 'WebElement' object has no attribute 'tk'
2025-04-10 15:15:09,768 - INFO - Configuring Proof Group field
2025-04-10 15:15:11,313 - INFO - Selected proof_group_digital
2025-04-10 15:15:11,851 - WARNING - Failed to select using Select class: 'WebElement' object has no attribute 'tk'
2025-04-10 15:15:11,851 - INFO - Configuring Product Personalization Template field
2025-04-10 15:15:12,880 - INFO - Template setting result: {'action': 'selected option', 'element': 'select', 'success': True}
2025-04-10 15:15:12,880 - INFO - Clicking the Save button in the top right corner
2025-04-10 15:15:23,058 - WARNING - Standard approach failed: Message: 
Stacktrace:
	GetHandleVerifier [0x005A80E3+60707]
	GetHandleVerifier [0x005A8124+60772]
	(No symbol) [0x003D0683]
	(No symbol) [0x00418660]
	(No symbol) [0x004189FB]
	(No symbol) [0x00461022]
	(No symbol) [0x0043D094]
	(No symbol) [0x0045E824]
	(No symbol) [0x0043CE46]
	(No symbol) [0x0040C5D3]
	(No symbol) [0x0040D424]
	GetHandleVerifier [0x007EBBC3+2435075]
	GetHandleVerifier [0x007E7163+2416035]
	GetHandleVerifier [0x0080350C+2531660]
	GetHandleVerifier [0x005BF1B5+155125]
	GetHandleVerifier [0x005C5B5D+182173]
	GetHandleVerifier [0x005AF9B8+91640]
	GetHandleVerifier [0x005AFB60+92064]
	GetHandleVerifier [0x0059A620+4704]
	BaseThreadInitThunk [0x75897BA9+25]
	RtlInitializeExceptionChain [0x7765C2EB+107]
	RtlClearBits [0x7765C26F+191]

2025-04-10 15:15:23,277 - INFO - JavaScript result: Clicked Save button by text
2025-04-10 15:15:23,277 - INFO - Successfully clicked Save button using JavaScript
2025-04-10 15:15:33,278 - INFO - Successfully saved product 1: Wrap-Verpackungen mit Automatikboden (Durchmesser 7 cm - Höhe 8,7 cm) einseitig bedruckt 4/0-farbig
2025-04-10 15:15:39,615 - INFO - ====== WebDriver manager ======
2025-04-10 15:15:40,637 - INFO - Get LATEST chromedriver version for google-chrome
2025-04-10 15:15:40,705 - INFO - Get LATEST chromedriver version for google-chrome
2025-04-10 15:15:40,774 - INFO - Driver [C:\Users\g.yilmaz\.wdm\drivers\chromedriver\win64\135.0.7049.84\chromedriver-win32/chromedriver.exe] found in cache
2025-04-10 15:15:41,808 - INFO - Chrome WebDriver initialized successfully
2025-04-10 15:15:41,808 - INFO - Navigating to PrintNet login page: https://printnet.networkhero.eu/dashboard/admin/
2025-04-10 15:15:43,016 - INFO - Username entered
2025-04-10 15:15:43,029 - ERROR - Failed to find password field by ID: Message: no such element: Unable to locate element: {"method":"css selector","selector":"[id="password"]"}
  (Session info: chrome=135.0.7049.84); For documentation on this error, please visit: https://www.selenium.dev/documentation/webdriver/troubleshooting/errors#no-such-element-exception
Stacktrace:
	GetHandleVerifier [0x005A80E3+60707]
	GetHandleVerifier [0x005A8124+60772]
	(No symbol) [0x003D0683]
	(No symbol) [0x00418660]
	(No symbol) [0x004189FB]
	(No symbol) [0x00461022]
	(No symbol) [0x0043D094]
	(No symbol) [0x0045E824]
	(No symbol) [0x0043CE46]
	(No symbol) [0x0040C5D3]
	(No symbol) [0x0040D424]
	GetHandleVerifier [0x007EBBC3+2435075]
	GetHandleVerifier [0x007E7163+2416035]
	GetHandleVerifier [0x0080350C+2531660]
	GetHandleVerifier [0x005BF1B5+155125]
	GetHandleVerifier [0x005C5B5D+182173]
	GetHandleVerifier [0x005AF9B8+91640]
	GetHandleVerifier [0x005AFB60+92064]
	GetHandleVerifier [0x0059A620+4704]
	BaseThreadInitThunk [0x75897BA9+25]
	RtlInitializeExceptionChain [0x7765C2EB+107]
	RtlClearBits [0x7765C26F+191]

2025-04-10 15:15:43,110 - INFO - Password entered using alternative selector
2025-04-10 15:15:45,658 - INFO - Login button clicked
2025-04-10 15:15:59,212 - INFO - Successfully logged in to PrintNet
2025-04-10 15:15:59,212 - INFO - Successfully logged in to PrintNet
2025-04-10 15:15:59,212 - INFO - Processing product 1: Wrap-Verpackungen mit Automatikboden (Durchmesser 7 cm - Höhe 8,7 cm) einseitig bedruckt 4/0-farbig (SKU: 1003354)
2025-04-10 15:15:59,213 - INFO - Clicking on Catalog icon in PrintNet...
2025-04-10 15:15:59,268 - INFO - Clicking on Products submenu in PrintNet...
2025-04-10 15:16:00,153 - INFO - Clicking on Add Product button in PrintNet...
2025-04-10 15:16:01,386 - INFO - Navigated to Add Product page in PrintNet
2025-04-10 15:16:02,449 - INFO - SKU giriliyor: 1003354
2025-04-10 15:16:02,577 - INFO - SKU girildi: 1003354
2025-04-10 15:16:02,577 - INFO - Fiyat giriliyor: 1.00
2025-04-10 15:16:02,681 - INFO - Fiyat girildi: 1.00
2025-04-10 15:16:02,681 - INFO - Miktar giriliyor: 99999999
2025-04-10 15:16:02,738 - INFO - Miktar girildi: 99999999
2025-04-10 15:16:02,743 - INFO - Setting 'Is Meter Price' to: Yes
2025-04-10 15:16:02,751 - INFO - Initial scroll position: 0px
2025-04-10 15:16:02,769 - INFO - Current scroll position after positioning: 496px
2025-04-10 15:16:02,867 - INFO - Toggle result: Changed 'Is Meter Price' to: Yes
2025-04-10 15:16:02,871 - INFO - Final scroll position: 496px
2025-04-10 15:16:02,921 - INFO - Validation confirmed 'Is Meter Price' setting was applied correctly
2025-04-10 15:16:03,093 - INFO - bannerheld.at seçildi
2025-04-10 15:16:11,226 - INFO - Updating Product Type to: Upload + Personalization + Configuration using producer-style approach
2025-04-10 15:16:12,262 - INFO - Clicked General tab
2025-04-10 15:16:14,263 - INFO - Selecting Product Type: Upload + Personalization + Configuration with producer-style approach
2025-04-10 15:16:15,305 - INFO - JavaScript Product Type selection result: Selected Upload + Personalization + Configuration using standard select
2025-04-10 15:16:18,376 - INFO - Looking for Price Calculation field
2025-04-10 15:16:18,391 - INFO - JavaScript Price Calculation selection result: Selected Fixed using standard select
2025-04-10 15:16:22,454 - WARNING - Failed to configure Web2Print settings
2025-04-10 15:16:28,604 - INFO - Selecting weekdays in Production Days multiselect
2025-04-10 15:16:29,691 - INFO - Clicked Others tab
2025-04-10 15:16:31,692 - INFO - Trying to select Print Files Options
2025-04-10 15:16:32,713 - INFO - Found Print Files Options area
2025-04-10 15:16:32,728 - INFO - JavaScript selection result: {'selected': ['Upload from Account', 'Send to Graphic Department', 'Send by Email', 'Online Designer'], 'success': True}
2025-04-10 15:16:33,734 - INFO - Trying all multiselects approach
2025-04-10 15:16:33,742 - INFO - Found 3 multiselects
2025-04-10 15:16:34,765 - INFO - JavaScript multiselect 1 result: {'selected': [], 'success': False}
2025-04-10 15:16:35,791 - INFO - JavaScript multiselect 2 result: {'selected': [], 'success': False}
2025-04-10 15:16:36,812 - INFO - JavaScript multiselect 3 result: {'selected': ['Monday', 'Tuesday', 'Wednesday', 'Thursday', 'Friday'], 'success': True}
2025-04-10 15:16:36,813 - INFO - Successfully selected weekdays in multiselect 3
2025-04-10 15:16:36,813 - INFO - Configuring Minimum DPI and Quantity Selectors
2025-04-10 15:16:37,846 - INFO - Set Minimum DPI to 300
2025-04-10 15:16:38,879 - INFO - Use Custom Quantity Selector result: {'action': 'enabled', 'success': True}
2025-04-10 15:16:39,913 - INFO - Use Fixed Price Quantity Selector result: {'action': 'enabled', 'success': True}
2025-04-10 15:16:39,913 - INFO - Configuring Print Product Setup with CTRL+click for multiple selection
2025-04-10 15:16:40,991 - INFO - Clicked Print Product Setup
2025-04-10 15:16:42,992 - INFO - Attempting to select the last option in Product Parts list
2025-04-10 15:16:44,012 - INFO - Found Product Parts select element
2025-04-10 15:16:51,888 - INFO - Selected last option (index 1119) from Product Parts list
2025-04-10 15:16:51,894 - INFO - Textarea values set result: {'dateityp': False, 'datencheck': False}
2025-04-10 15:16:51,894 - INFO - Trying multiselect approach with CTRL+click
2025-04-10 15:16:52,968 - INFO - Clicked Standard option
2025-04-10 15:16:54,257 - INFO - CTRL+Clicked Profidatencheck option
2025-04-10 15:16:56,325 - INFO - Clicked PDF-file option
2025-04-10 15:16:57,609 - INFO - CTRL+Clicked Image option
2025-04-10 15:16:58,611 - INFO - Configuring additional settings with improved approach
2025-04-10 15:16:58,611 - INFO - Configuring Lieferung field
2025-04-10 15:16:59,656 - INFO - Lieferung selection result: {'selected': ['Standard ( production_standard )', 'Express ( production_express )', 'Standard Plus ( production_standard_plus )'], 'success': True}
2025-04-10 15:16:59,656 - INFO - Configuring Anzahl field
2025-04-10 15:17:01,215 - INFO - Selected quantity_1
2025-04-10 15:17:01,811 - INFO - Selected quantity_1 using Select class
2025-04-10 15:17:01,811 - INFO - Configuring Proof Group field
2025-04-10 15:17:03,384 - INFO - Selected proof_group_digital
2025-04-10 15:17:03,968 - INFO - Selected proof_group_digital using Select class
2025-04-10 15:17:03,969 - INFO - Configuring Product Personalization Template field
2025-04-10 15:17:05,000 - INFO - Template setting result: {'action': 'selected option', 'element': 'select', 'success': True}
2025-04-10 15:17:05,000 - INFO - Successfully configured all settings in PrintNet for product: Wrap-Verpackungen mit Automatikboden (Durchmesser 7 cm - Höhe 8,7 cm) einseitig bedruckt 4/0-farbig
2025-04-10 15:17:05,000 - INFO - Successfully configured product: Wrap-Verpackungen mit Automatikboden (Durchmesser 7 cm - Höhe 8,7 cm) einseitig bedruckt 4/0-farbig
2025-04-10 15:17:05,001 - INFO - Clicking the Save button in the top right corner
2025-04-10 15:17:15,279 - WARNING - Standard approach failed: Message: 
Stacktrace:
	GetHandleVerifier [0x005A80E3+60707]
	GetHandleVerifier [0x005A8124+60772]
	(No symbol) [0x003D0683]
	(No symbol) [0x00418660]
	(No symbol) [0x004189FB]
	(No symbol) [0x00461022]
	(No symbol) [0x0043D094]
	(No symbol) [0x0045E824]
	(No symbol) [0x0043CE46]
	(No symbol) [0x0040C5D3]
	(No symbol) [0x0040D424]
	GetHandleVerifier [0x007EBBC3+2435075]
	GetHandleVerifier [0x007E7163+2416035]
	GetHandleVerifier [0x0080350C+2531660]
	GetHandleVerifier [0x005BF1B5+155125]
	GetHandleVerifier [0x005C5B5D+182173]
	GetHandleVerifier [0x005AF9B8+91640]
	GetHandleVerifier [0x005AFB60+92064]
	GetHandleVerifier [0x0059A620+4704]
	BaseThreadInitThunk [0x75897BA9+25]
	RtlInitializeExceptionChain [0x7765C2EB+107]
	RtlClearBits [0x7765C26F+191]

2025-04-10 15:17:15,482 - INFO - JavaScript result: Clicked Save button by text
2025-04-10 15:17:15,482 - INFO - Successfully clicked Save button using JavaScript
2025-04-10 15:17:25,484 - INFO - Successfully saved product: Wrap-Verpackungen mit Automatikboden (Durchmesser 7 cm - Höhe 8,7 cm) einseitig bedruckt 4/0-farbig
2025-04-10 15:17:27,484 - INFO - CSV processing complete. Added 1 out of 1 products
2025-04-10 15:18:31,142 - INFO - ====== WebDriver manager ======
2025-04-10 15:18:32,175 - INFO - Get LATEST chromedriver version for google-chrome
2025-04-10 15:18:32,262 - INFO - Get LATEST chromedriver version for google-chrome
2025-04-10 15:18:32,327 - INFO - Driver [C:\Users\g.yilmaz\.wdm\drivers\chromedriver\win64\135.0.7049.84\chromedriver-win32/chromedriver.exe] found in cache
2025-04-10 15:18:38,068 - INFO - Navigating to https://skynet.networkhero.eu/y5id_dashboard/admin/
2025-04-10 15:18:38,265 - INFO - Username entered
2025-04-10 15:18:38,348 - INFO - Password entered
2025-04-10 15:18:38,733 - INFO - Login button clicked
2025-04-10 15:18:38,733 - INFO - Waiting for you to enter Google Authenticator code...
