2025-04-11 10:13:50,578 - INFO - Logging initialized. Log file: C:\Users\g.yilmaz\Desktop\Magento_otomation\Done\logs\printnet_automation_20250411_101350.log
2025-04-11 10:13:50,578 - INFO - ====== WebDriver manager ======
2025-04-11 10:13:51,520 - INFO - Get LATEST chromedriver version for google-chrome
2025-04-11 10:13:51,581 - INFO - Get LATEST chromedriver version for google-chrome
2025-04-11 10:13:51,650 - INFO - Driver [C:\Users\g.yilmaz\.wdm\drivers\chromedriver\win64\135.0.7049.84\chromedriver-win32/chromedriver.exe] found in cache
2025-04-11 10:13:52,684 - INFO - Chrome WebDriver initialized successfully
2025-04-11 10:13:52,686 - INFO - Navigating to PrintNet login page: https://printnet.networkhero.eu/dashboard/admin/
2025-04-11 10:13:53,391 - INFO - Username entered
2025-04-11 10:13:53,400 - ERROR - Failed to find password field by ID: Message: no such element: Unable to locate element: {"method":"css selector","selector":"[id="password"]"}
  (Session info: chrome=135.0.7049.85); For documentation on this error, please visit: https://www.selenium.dev/documentation/webdriver/troubleshooting/errors#no-such-element-exception
Stacktrace:
	GetHandleVerifier [0x012480E3+60707]
	GetHandleVerifier [0x01248124+60772]
	(No symbol) [0x01070683]
	(No symbol) [0x010B8660]
	(No symbol) [0x010B89FB]
	(No symbol) [0x01101022]
	(No symbol) [0x010DD094]
	(No symbol) [0x010FE824]
	(No symbol) [0x010DCE46]
	(No symbol) [0x010AC5D3]
	(No symbol) [0x010AD424]
	GetHandleVerifier [0x0148BBC3+2435075]
	GetHandleVerifier [0x01487163+2416035]
	GetHandleVerifier [0x014A350C+2531660]
	GetHandleVerifier [0x0125F1B5+155125]
	GetHandleVerifier [0x01265B5D+182173]
	GetHandleVerifier [0x0124F9B8+91640]
	GetHandleVerifier [0x0124FB60+92064]
	GetHandleVerifier [0x0123A620+4704]
	BaseThreadInitThunk [0x75897BA9+25]
	RtlInitializeExceptionChain [0x7765C2EB+107]
	RtlClearBits [0x7765C26F+191]

2025-04-11 10:13:53,476 - INFO - Password entered using alternative selector
2025-04-11 10:13:55,581 - INFO - Login button clicked
2025-04-11 10:14:07,288 - INFO - Successfully logged in to PrintNet
2025-04-11 10:14:07,289 - INFO - Successfully logged in to PrintNet
2025-04-11 10:14:07,290 - INFO - Processing last product: Mappe für Quadrat 21x21cm 2-teilig mit 3 Laschen, 4/4 farbig (Außenseite bedruckt), mit Heißfolienprägung Silber (SKU: 1004551)
2025-04-11 10:14:07,291 - INFO - Clicking on Catalog icon in PrintNet...
2025-04-11 10:14:07,369 - INFO - Clicking on Products submenu in PrintNet...
2025-04-11 10:14:08,180 - INFO - Clicking on Add Product button in PrintNet...
2025-04-11 10:14:09,238 - INFO - Navigated to Add Product page in PrintNet
2025-04-11 10:14:10,339 - INFO - SKU giriliyor: 1004551
2025-04-11 10:14:10,443 - INFO - SKU girildi: 1004551
2025-04-11 10:14:10,443 - INFO - Fiyat giriliyor: 1.00
2025-04-11 10:14:10,548 - INFO - Fiyat girildi: 1.00
2025-04-11 10:14:10,548 - INFO - Miktar giriliyor: 99999999
2025-04-11 10:14:10,609 - INFO - Miktar girildi: 99999999
2025-04-11 10:14:10,613 - INFO - Setting Visibility to 'Catalog' (not 'Catalog, Search')
2025-04-11 10:14:17,751 - WARNING - Standard dropdown approach failed: Message: 
Stacktrace:
	GetHandleVerifier [0x012480E3+60707]
	GetHandleVerifier [0x01248124+60772]
	(No symbol) [0x01070683]
	(No symbol) [0x010B8660]
	(No symbol) [0x010B89FB]
	(No symbol) [0x01101022]
	(No symbol) [0x010DD094]
	(No symbol) [0x010FE824]
	(No symbol) [0x010DCE46]
	(No symbol) [0x010AC5D3]
	(No symbol) [0x010AD424]
	GetHandleVerifier [0x0148BBC3+2435075]
	GetHandleVerifier [0x01487163+2416035]
	GetHandleVerifier [0x014A350C+2531660]
	GetHandleVerifier [0x0125F1B5+155125]
	GetHandleVerifier [0x01265B5D+182173]
	GetHandleVerifier [0x0124F9B8+91640]
	GetHandleVerifier [0x0124FB60+92064]
	GetHandleVerifier [0x0123A620+4704]
	BaseThreadInitThunk [0x75897BA9+25]
	RtlInitializeExceptionChain [0x7765C2EB+107]
	RtlClearBits [0x7765C26F+191]

2025-04-11 10:14:17,757 - INFO - JavaScript selection result: Dropdown element not found
2025-04-11 10:14:19,775 - INFO - Current visibility selection is: 'Default'
2025-04-11 10:14:19,776 - INFO - Setting 'Is Meter Price' to: Yes
2025-04-11 10:14:19,782 - INFO - Initial scroll position: 727px
2025-04-11 10:14:19,825 - INFO - Current scroll position after positioning: 547px
2025-04-11 10:14:19,841 - INFO - Toggle result: Changed 'Is Meter Price' to: Yes
2025-04-11 10:14:19,846 - INFO - Final scroll position: 547px
2025-04-11 10:14:19,856 - INFO - Validation confirmed 'Is Meter Price' setting was applied correctly
2025-04-11 10:14:20,040 - INFO - bannerheld.at seçildi
2025-04-11 10:14:28,275 - INFO - Updating Product Type to: Upload + Personalization + Configuration using producer-style approach
2025-04-11 10:14:29,310 - INFO - Clicked General tab
2025-04-11 10:14:31,310 - INFO - Selecting Product Type: Upload + Personalization + Configuration with producer-style approach
2025-04-11 10:14:32,342 - INFO - JavaScript Product Type selection result: Selected Upload + Personalization + Configuration using standard select
2025-04-11 10:14:32,784 - WARNING - Retrying (Retry(total=2, connect=None, read=None, redirect=None, status=None)) after connection broken by 'ConnectionResetError(10054, 'Eine vorhandene Verbindung wurde vom Remotehost geschlossen', None, 10054, None)': /session/dc735e3aeca96d99d09af047061957a3
2025-04-11 10:14:36,844 - WARNING - Retrying (Retry(total=1, connect=None, read=None, redirect=None, status=None)) after connection broken by 'NewConnectionError('<urllib3.connection.HTTPConnection object at 0x000001BB4C192C90>: Failed to establish a new connection: [WinError 10061] Es konnte keine Verbindung hergestellt werden, da der Zielcomputer die Verbindung verweigerte')': /session/dc735e3aeca96d99d09af047061957a3
2025-04-11 10:14:40,908 - WARNING - Retrying (Retry(total=0, connect=None, read=None, redirect=None, status=None)) after connection broken by 'NewConnectionError('<urllib3.connection.HTTPConnection object at 0x000001BB4C190A40>: Failed to establish a new connection: [WinError 10061] Es konnte keine Verbindung hergestellt werden, da der Zielcomputer die Verbindung verweigerte')': /session/dc735e3aeca96d99d09af047061957a3
2025-04-11 10:14:49,048 - INFO - Browser closed
