2025-04-10 14:53:28,711 - INFO - Logging initialized. Log file: C:\Users\g.yilmaz\Desktop\Magento_otomation\Done\logs\printnet_automation_20250410_145328.log
2025-04-10 14:53:28,712 - INFO - Logging initialized. Log file: C:\Users\g.yilmaz\Desktop\Magento_otomation\Done\logs\skynet_fixed_price_20250410_145328.log
2025-04-10 14:53:28,714 - INFO - Logging initialized. Log file: C:\Users\g.yilmaz\Desktop\Magento_otomation\Done\logs\printnet_fixed_price_20250410_145328.log
2025-04-10 14:53:28,730 - INFO - Logging initialized. Log file: C:\Users\g.yilmaz\Desktop\Magento_otomation\Done\logs\skynet_page_options_20250410_145328.log
2025-04-10 14:53:28,731 - INFO - ====== WebDriver manager ======
2025-04-10 14:53:29,672 - INFO - Get LATEST chromedriver version for google-chrome
2025-04-10 14:53:29,739 - INFO - Get LATEST chromedriver version for google-chrome
2025-04-10 14:53:29,810 - INFO - Driver [C:\Users\g.yilmaz\.wdm\drivers\chromedriver\win64\135.0.7049.84\chromedriver-win32/chromedriver.exe] found in cache
2025-04-10 14:53:30,895 - INFO - Chrome WebDriver initialized successfully
2025-04-10 14:53:30,895 - INFO - Navigating to https://skynet.networkhero.eu/y5id_dashboard/admin/
2025-04-10 14:53:31,691 - INFO - Username entered
2025-04-10 14:53:31,778 - INFO - Password entered
2025-04-10 14:53:32,190 - INFO - Login button clicked
2025-04-10 14:53:32,191 - INFO - Waiting for you to enter Google Authenticator code...
2025-04-10 14:53:35,763 - INFO - Login successful
2025-04-10 14:53:35,763 - INFO - Clicking on CLOUDLAB icon using the Catalog approach...
2025-04-10 14:53:35,819 - INFO - Clicked on CLOUDLAB icon using Catalog approach
2025-04-10 14:53:35,819 - INFO - Successfully clicked on CloudLab
2025-04-10 14:53:35,819 - INFO - Clicking on Page Options submenu...
2025-04-10 14:53:36,060 - INFO - Clicked on Page Options using XPath approach
2025-04-10 14:53:36,078 - INFO - Successfully navigated to Page Options page
2025-04-10 14:53:36,078 - INFO - Successfully clicked on Page Options
2025-04-10 14:53:36,078 - INFO - Looking for Code search field
2025-04-10 14:53:36,193 - INFO - Entered 'paper_wmd' in Code search field
2025-04-10 14:53:37,239 - WARNING - Could not find search button, trying to press Enter instead: Message: 

2025-04-10 14:53:37,258 - INFO - Pressed Enter to search
2025-04-10 14:53:37,258 - INFO - Looking for the second Material option in search results
2025-04-10 14:53:37,273 - INFO - Found 20 rows in the search results
2025-04-10 14:53:37,374 - WARNING - Error processing row: Message: stale element reference: stale element not found in the current frame
  (Session info: chrome=135.0.7049.84); For documentation on this error, please visit: https://www.selenium.dev/documentation/webdriver/troubleshooting/errors#stale-element-reference-exception
Stacktrace:
	GetHandleVerifier [0x005A80E3+60707]
	GetHandleVerifier [0x005A8124+60772]
	(No symbol) [0x003D0683]
	(No symbol) [0x003D6DE7]
	(No symbol) [0x003D90DA]
	(No symbol) [0x003D9157]
	(No symbol) [0x00417EF4]
	(No symbol) [0x004189FB]
	(No symbol) [0x0040E131]
	(No symbol) [0x0043D094]
	(No symbol) [0x0040DCA4]
	(No symbol) [0x0043D2C4]
	(No symbol) [0x0045E824]
	(No symbol) [0x0043CE46]
	(No symbol) [0x0040C5D3]
	(No symbol) [0x0040D424]
	GetHandleVerifier [0x007EBBC3+2435075]
	GetHandleVerifier [0x007E7163+2416035]
	GetHandleVerifier [0x0080350C+2531660]
	GetHandleVerifier [0x005BF1B5+155125]
	GetHandleVerifier [0x005C5B5D+182173]
	GetHandleVerifier [0x005AF9B8+91640]
	GetHandleVerifier [0x005AFB60+92064]
	GetHandleVerifier [0x0059A620+4704]
	BaseThreadInitThunk [0x75897BA9+25]
	RtlInitializeExceptionChain [0x7765C2EB+107]
	RtlClearBits [0x7765C26F+191]

2025-04-10 14:53:37,379 - WARNING - Error processing row: Message: stale element reference: stale element not found in the current frame
  (Session info: chrome=135.0.7049.84); For documentation on this error, please visit: https://www.selenium.dev/documentation/webdriver/troubleshooting/errors#stale-element-reference-exception
Stacktrace:
	GetHandleVerifier [0x005A80E3+60707]
	GetHandleVerifier [0x005A8124+60772]
	(No symbol) [0x003D0683]
	(No symbol) [0x003D6DE7]
	(No symbol) [0x003D90DA]
	(No symbol) [0x003D9157]
	(No symbol) [0x00417EF4]
	(No symbol) [0x004189FB]
	(No symbol) [0x0040E131]
	(No symbol) [0x0043D094]
	(No symbol) [0x0040DCA4]
	(No symbol) [0x0043D2C4]
	(No symbol) [0x0045E824]
	(No symbol) [0x0043CE46]
	(No symbol) [0x0040C5D3]
	(No symbol) [0x0040D424]
	GetHandleVerifier [0x007EBBC3+2435075]
	GetHandleVerifier [0x007E7163+2416035]
	GetHandleVerifier [0x0080350C+2531660]
	GetHandleVerifier [0x005BF1B5+155125]
	GetHandleVerifier [0x005C5B5D+182173]
	GetHandleVerifier [0x005AF9B8+91640]
	GetHandleVerifier [0x005AFB60+92064]
	GetHandleVerifier [0x0059A620+4704]
	BaseThreadInitThunk [0x75897BA9+25]
	RtlInitializeExceptionChain [0x7765C2EB+107]
	RtlClearBits [0x7765C26F+191]

2025-04-10 14:53:37,387 - WARNING - Error processing row: Message: stale element reference: stale element not found in the current frame
  (Session info: chrome=135.0.7049.84); For documentation on this error, please visit: https://www.selenium.dev/documentation/webdriver/troubleshooting/errors#stale-element-reference-exception
Stacktrace:
	GetHandleVerifier [0x005A80E3+60707]
	GetHandleVerifier [0x005A8124+60772]
	(No symbol) [0x003D0683]
	(No symbol) [0x003D6DE7]
	(No symbol) [0x003D90DA]
	(No symbol) [0x003D9157]
	(No symbol) [0x00417EF4]
	(No symbol) [0x004189FB]
	(No symbol) [0x0040E131]
	(No symbol) [0x0043D094]
	(No symbol) [0x0040DCA4]
	(No symbol) [0x0043D2C4]
	(No symbol) [0x0045E824]
	(No symbol) [0x0043CE46]
	(No symbol) [0x0040C5D3]
	(No symbol) [0x0040D424]
	GetHandleVerifier [0x007EBBC3+2435075]
	GetHandleVerifier [0x007E7163+2416035]
	GetHandleVerifier [0x0080350C+2531660]
	GetHandleVerifier [0x005BF1B5+155125]
	GetHandleVerifier [0x005C5B5D+182173]
	GetHandleVerifier [0x005AF9B8+91640]
	GetHandleVerifier [0x005AFB60+92064]
	GetHandleVerifier [0x0059A620+4704]
	BaseThreadInitThunk [0x75897BA9+25]
	RtlInitializeExceptionChain [0x7765C2EB+107]
	RtlClearBits [0x7765C26F+191]

2025-04-10 14:53:37,392 - WARNING - Error processing row: Message: stale element reference: stale element not found in the current frame
  (Session info: chrome=135.0.7049.84); For documentation on this error, please visit: https://www.selenium.dev/documentation/webdriver/troubleshooting/errors#stale-element-reference-exception
Stacktrace:
	GetHandleVerifier [0x005A80E3+60707]
	GetHandleVerifier [0x005A8124+60772]
	(No symbol) [0x003D0683]
	(No symbol) [0x003D6DE7]
	(No symbol) [0x003D90DA]
	(No symbol) [0x003D9157]
	(No symbol) [0x00417EF4]
	(No symbol) [0x004189FB]
	(No symbol) [0x0040E131]
	(No symbol) [0x0043D094]
	(No symbol) [0x0040DCA4]
	(No symbol) [0x0043D2C4]
	(No symbol) [0x0045E824]
	(No symbol) [0x0043CE46]
	(No symbol) [0x0040C5D3]
	(No symbol) [0x0040D424]
	GetHandleVerifier [0x007EBBC3+2435075]
	GetHandleVerifier [0x007E7163+2416035]
	GetHandleVerifier [0x0080350C+2531660]
	GetHandleVerifier [0x005BF1B5+155125]
	GetHandleVerifier [0x005C5B5D+182173]
	GetHandleVerifier [0x005AF9B8+91640]
	GetHandleVerifier [0x005AFB60+92064]
	GetHandleVerifier [0x0059A620+4704]
	BaseThreadInitThunk [0x75897BA9+25]
	RtlInitializeExceptionChain [0x7765C2EB+107]
	RtlClearBits [0x7765C26F+191]

2025-04-10 14:53:37,397 - WARNING - Error processing row: Message: stale element reference: stale element not found in the current frame
  (Session info: chrome=135.0.7049.84); For documentation on this error, please visit: https://www.selenium.dev/documentation/webdriver/troubleshooting/errors#stale-element-reference-exception
Stacktrace:
	GetHandleVerifier [0x005A80E3+60707]
	GetHandleVerifier [0x005A8124+60772]
	(No symbol) [0x003D0683]
	(No symbol) [0x003D6DE7]
	(No symbol) [0x003D90DA]
	(No symbol) [0x003D9157]
	(No symbol) [0x00417EF4]
	(No symbol) [0x004189FB]
	(No symbol) [0x0040E131]
	(No symbol) [0x0043D094]
	(No symbol) [0x0040DCA4]
	(No symbol) [0x0043D2C4]
	(No symbol) [0x0045E824]
	(No symbol) [0x0043CE46]
	(No symbol) [0x0040C5D3]
	(No symbol) [0x0040D424]
	GetHandleVerifier [0x007EBBC3+2435075]
	GetHandleVerifier [0x007E7163+2416035]
	GetHandleVerifier [0x0080350C+2531660]
	GetHandleVerifier [0x005BF1B5+155125]
	GetHandleVerifier [0x005C5B5D+182173]
	GetHandleVerifier [0x005AF9B8+91640]
	GetHandleVerifier [0x005AFB60+92064]
	GetHandleVerifier [0x0059A620+4704]
	BaseThreadInitThunk [0x75897BA9+25]
	RtlInitializeExceptionChain [0x7765C2EB+107]
	RtlClearBits [0x7765C26F+191]

2025-04-10 14:53:37,403 - WARNING - Error processing row: Message: stale element reference: stale element not found in the current frame
  (Session info: chrome=135.0.7049.84); For documentation on this error, please visit: https://www.selenium.dev/documentation/webdriver/troubleshooting/errors#stale-element-reference-exception
Stacktrace:
	GetHandleVerifier [0x005A80E3+60707]
	GetHandleVerifier [0x005A8124+60772]
	(No symbol) [0x003D0683]
	(No symbol) [0x003D6DE7]
	(No symbol) [0x003D90DA]
	(No symbol) [0x003D9157]
	(No symbol) [0x00417EF4]
	(No symbol) [0x004189FB]
	(No symbol) [0x0040E131]
	(No symbol) [0x0043D094]
	(No symbol) [0x0040DCA4]
	(No symbol) [0x0043D2C4]
	(No symbol) [0x0045E824]
	(No symbol) [0x0043CE46]
	(No symbol) [0x0040C5D3]
	(No symbol) [0x0040D424]
	GetHandleVerifier [0x007EBBC3+2435075]
	GetHandleVerifier [0x007E7163+2416035]
	GetHandleVerifier [0x0080350C+2531660]
	GetHandleVerifier [0x005BF1B5+155125]
	GetHandleVerifier [0x005C5B5D+182173]
	GetHandleVerifier [0x005AF9B8+91640]
	GetHandleVerifier [0x005AFB60+92064]
	GetHandleVerifier [0x0059A620+4704]
	BaseThreadInitThunk [0x75897BA9+25]
	RtlInitializeExceptionChain [0x7765C2EB+107]
	RtlClearBits [0x7765C26F+191]

2025-04-10 14:53:37,409 - WARNING - Error processing row: Message: stale element reference: stale element not found in the current frame
  (Session info: chrome=135.0.7049.84); For documentation on this error, please visit: https://www.selenium.dev/documentation/webdriver/troubleshooting/errors#stale-element-reference-exception
Stacktrace:
	GetHandleVerifier [0x005A80E3+60707]
	GetHandleVerifier [0x005A8124+60772]
	(No symbol) [0x003D0683]
	(No symbol) [0x003D6DE7]
	(No symbol) [0x003D90DA]
	(No symbol) [0x003D9157]
	(No symbol) [0x00417EF4]
	(No symbol) [0x004189FB]
	(No symbol) [0x0040E131]
	(No symbol) [0x0043D094]
	(No symbol) [0x0040DCA4]
	(No symbol) [0x0043D2C4]
	(No symbol) [0x0045E824]
	(No symbol) [0x0043CE46]
	(No symbol) [0x0040C5D3]
	(No symbol) [0x0040D424]
	GetHandleVerifier [0x007EBBC3+2435075]
	GetHandleVerifier [0x007E7163+2416035]
	GetHandleVerifier [0x0080350C+2531660]
	GetHandleVerifier [0x005BF1B5+155125]
	GetHandleVerifier [0x005C5B5D+182173]
	GetHandleVerifier [0x005AF9B8+91640]
	GetHandleVerifier [0x005AFB60+92064]
	GetHandleVerifier [0x0059A620+4704]
	BaseThreadInitThunk [0x75897BA9+25]
	RtlInitializeExceptionChain [0x7765C2EB+107]
	RtlClearBits [0x7765C26F+191]

2025-04-10 14:53:37,416 - WARNING - Error processing row: Message: stale element reference: stale element not found in the current frame
  (Session info: chrome=135.0.7049.84); For documentation on this error, please visit: https://www.selenium.dev/documentation/webdriver/troubleshooting/errors#stale-element-reference-exception
Stacktrace:
	GetHandleVerifier [0x005A80E3+60707]
	GetHandleVerifier [0x005A8124+60772]
	(No symbol) [0x003D0683]
	(No symbol) [0x003D6DE7]
	(No symbol) [0x003D90DA]
	(No symbol) [0x003D9157]
	(No symbol) [0x00417EF4]
	(No symbol) [0x004189FB]
	(No symbol) [0x0040E131]
	(No symbol) [0x0043D094]
	(No symbol) [0x0040DCA4]
	(No symbol) [0x0043D2C4]
	(No symbol) [0x0045E824]
	(No symbol) [0x0043CE46]
	(No symbol) [0x0040C5D3]
	(No symbol) [0x0040D424]
	GetHandleVerifier [0x007EBBC3+2435075]
	GetHandleVerifier [0x007E7163+2416035]
	GetHandleVerifier [0x0080350C+2531660]
	GetHandleVerifier [0x005BF1B5+155125]
	GetHandleVerifier [0x005C5B5D+182173]
	GetHandleVerifier [0x005AF9B8+91640]
	GetHandleVerifier [0x005AFB60+92064]
	GetHandleVerifier [0x0059A620+4704]
	BaseThreadInitThunk [0x75897BA9+25]
	RtlInitializeExceptionChain [0x7765C2EB+107]
	RtlClearBits [0x7765C26F+191]

2025-04-10 14:53:37,423 - WARNING - Error processing row: Message: stale element reference: stale element not found in the current frame
  (Session info: chrome=135.0.7049.84); For documentation on this error, please visit: https://www.selenium.dev/documentation/webdriver/troubleshooting/errors#stale-element-reference-exception
Stacktrace:
	GetHandleVerifier [0x005A80E3+60707]
	GetHandleVerifier [0x005A8124+60772]
	(No symbol) [0x003D0683]
	(No symbol) [0x003D6DE7]
	(No symbol) [0x003D90DA]
	(No symbol) [0x003D9157]
	(No symbol) [0x00417EF4]
	(No symbol) [0x004189FB]
	(No symbol) [0x0040E131]
	(No symbol) [0x0043D094]
	(No symbol) [0x0040DCA4]
	(No symbol) [0x0043D2C4]
	(No symbol) [0x0045E824]
	(No symbol) [0x0043CE46]
	(No symbol) [0x0040C5D3]
	(No symbol) [0x0040D424]
	GetHandleVerifier [0x007EBBC3+2435075]
	GetHandleVerifier [0x007E7163+2416035]
	GetHandleVerifier [0x0080350C+2531660]
	GetHandleVerifier [0x005BF1B5+155125]
	GetHandleVerifier [0x005C5B5D+182173]
	GetHandleVerifier [0x005AF9B8+91640]
	GetHandleVerifier [0x005AFB60+92064]
	GetHandleVerifier [0x0059A620+4704]
	BaseThreadInitThunk [0x75897BA9+25]
	RtlInitializeExceptionChain [0x7765C2EB+107]
	RtlClearBits [0x7765C26F+191]

2025-04-10 14:53:37,430 - WARNING - Error processing row: Message: stale element reference: stale element not found in the current frame
  (Session info: chrome=135.0.7049.84); For documentation on this error, please visit: https://www.selenium.dev/documentation/webdriver/troubleshooting/errors#stale-element-reference-exception
Stacktrace:
	GetHandleVerifier [0x005A80E3+60707]
	GetHandleVerifier [0x005A8124+60772]
	(No symbol) [0x003D0683]
	(No symbol) [0x003D6DE7]
	(No symbol) [0x003D90DA]
	(No symbol) [0x003D9157]
	(No symbol) [0x00417EF4]
	(No symbol) [0x004189FB]
	(No symbol) [0x0040E131]
	(No symbol) [0x0043D094]
	(No symbol) [0x0040DCA4]
	(No symbol) [0x0043D2C4]
	(No symbol) [0x0045E824]
	(No symbol) [0x0043CE46]
	(No symbol) [0x0040C5D3]
	(No symbol) [0x0040D424]
	GetHandleVerifier [0x007EBBC3+2435075]
	GetHandleVerifier [0x007E7163+2416035]
	GetHandleVerifier [0x0080350C+2531660]
	GetHandleVerifier [0x005BF1B5+155125]
	GetHandleVerifier [0x005C5B5D+182173]
	GetHandleVerifier [0x005AF9B8+91640]
	GetHandleVerifier [0x005AFB60+92064]
	GetHandleVerifier [0x0059A620+4704]
	BaseThreadInitThunk [0x75897BA9+25]
	RtlInitializeExceptionChain [0x7765C2EB+107]
	RtlClearBits [0x7765C26F+191]

2025-04-10 14:53:37,436 - WARNING - Error processing row: Message: stale element reference: stale element not found in the current frame
  (Session info: chrome=135.0.7049.84); For documentation on this error, please visit: https://www.selenium.dev/documentation/webdriver/troubleshooting/errors#stale-element-reference-exception
Stacktrace:
	GetHandleVerifier [0x005A80E3+60707]
	GetHandleVerifier [0x005A8124+60772]
	(No symbol) [0x003D0683]
	(No symbol) [0x003D6DE7]
	(No symbol) [0x003D90DA]
	(No symbol) [0x003D9157]
	(No symbol) [0x00417EF4]
	(No symbol) [0x004189FB]
	(No symbol) [0x0040E131]
	(No symbol) [0x0043D094]
	(No symbol) [0x0040DCA4]
	(No symbol) [0x0043D2C4]
	(No symbol) [0x0045E824]
	(No symbol) [0x0043CE46]
	(No symbol) [0x0040C5D3]
	(No symbol) [0x0040D424]
	GetHandleVerifier [0x007EBBC3+2435075]
	GetHandleVerifier [0x007E7163+2416035]
	GetHandleVerifier [0x0080350C+2531660]
	GetHandleVerifier [0x005BF1B5+155125]
	GetHandleVerifier [0x005C5B5D+182173]
	GetHandleVerifier [0x005AF9B8+91640]
	GetHandleVerifier [0x005AFB60+92064]
	GetHandleVerifier [0x0059A620+4704]
	BaseThreadInitThunk [0x75897BA9+25]
	RtlInitializeExceptionChain [0x7765C2EB+107]
	RtlClearBits [0x7765C26F+191]

2025-04-10 14:53:37,442 - WARNING - Error processing row: Message: stale element reference: stale element not found in the current frame
  (Session info: chrome=135.0.7049.84); For documentation on this error, please visit: https://www.selenium.dev/documentation/webdriver/troubleshooting/errors#stale-element-reference-exception
Stacktrace:
	GetHandleVerifier [0x005A80E3+60707]
	GetHandleVerifier [0x005A8124+60772]
	(No symbol) [0x003D0683]
	(No symbol) [0x003D6DE7]
	(No symbol) [0x003D90DA]
	(No symbol) [0x003D9157]
	(No symbol) [0x00417EF4]
	(No symbol) [0x004189FB]
	(No symbol) [0x0040E131]
	(No symbol) [0x0043D094]
	(No symbol) [0x0040DCA4]
	(No symbol) [0x0043D2C4]
	(No symbol) [0x0045E824]
	(No symbol) [0x0043CE46]
	(No symbol) [0x0040C5D3]
	(No symbol) [0x0040D424]
	GetHandleVerifier [0x007EBBC3+2435075]
	GetHandleVerifier [0x007E7163+2416035]
	GetHandleVerifier [0x0080350C+2531660]
	GetHandleVerifier [0x005BF1B5+155125]
	GetHandleVerifier [0x005C5B5D+182173]
	GetHandleVerifier [0x005AF9B8+91640]
	GetHandleVerifier [0x005AFB60+92064]
	GetHandleVerifier [0x0059A620+4704]
	BaseThreadInitThunk [0x75897BA9+25]
	RtlInitializeExceptionChain [0x7765C2EB+107]
	RtlClearBits [0x7765C26F+191]

2025-04-10 14:53:37,448 - WARNING - Error processing row: Message: stale element reference: stale element not found in the current frame
  (Session info: chrome=135.0.7049.84); For documentation on this error, please visit: https://www.selenium.dev/documentation/webdriver/troubleshooting/errors#stale-element-reference-exception
Stacktrace:
	GetHandleVerifier [0x005A80E3+60707]
	GetHandleVerifier [0x005A8124+60772]
	(No symbol) [0x003D0683]
	(No symbol) [0x003D6DE7]
	(No symbol) [0x003D90DA]
	(No symbol) [0x003D9157]
	(No symbol) [0x00417EF4]
	(No symbol) [0x004189FB]
	(No symbol) [0x0040E131]
	(No symbol) [0x0043D094]
	(No symbol) [0x0040DCA4]
	(No symbol) [0x0043D2C4]
	(No symbol) [0x0045E824]
	(No symbol) [0x0043CE46]
	(No symbol) [0x0040C5D3]
	(No symbol) [0x0040D424]
	GetHandleVerifier [0x007EBBC3+2435075]
	GetHandleVerifier [0x007E7163+2416035]
	GetHandleVerifier [0x0080350C+2531660]
	GetHandleVerifier [0x005BF1B5+155125]
	GetHandleVerifier [0x005C5B5D+182173]
	GetHandleVerifier [0x005AF9B8+91640]
	GetHandleVerifier [0x005AFB60+92064]
	GetHandleVerifier [0x0059A620+4704]
	BaseThreadInitThunk [0x75897BA9+25]
	RtlInitializeExceptionChain [0x7765C2EB+107]
	RtlClearBits [0x7765C26F+191]

2025-04-10 14:53:37,455 - WARNING - Error processing row: Message: stale element reference: stale element not found in the current frame
  (Session info: chrome=135.0.7049.84); For documentation on this error, please visit: https://www.selenium.dev/documentation/webdriver/troubleshooting/errors#stale-element-reference-exception
Stacktrace:
	GetHandleVerifier [0x005A80E3+60707]
	GetHandleVerifier [0x005A8124+60772]
	(No symbol) [0x003D0683]
	(No symbol) [0x003D6DE7]
	(No symbol) [0x003D90DA]
	(No symbol) [0x003D9157]
	(No symbol) [0x00417EF4]
	(No symbol) [0x004189FB]
	(No symbol) [0x0040E131]
	(No symbol) [0x0043D094]
	(No symbol) [0x0040DCA4]
	(No symbol) [0x0043D2C4]
	(No symbol) [0x0045E824]
	(No symbol) [0x0043CE46]
	(No symbol) [0x0040C5D3]
	(No symbol) [0x0040D424]
	GetHandleVerifier [0x007EBBC3+2435075]
	GetHandleVerifier [0x007E7163+2416035]
	GetHandleVerifier [0x0080350C+2531660]
	GetHandleVerifier [0x005BF1B5+155125]
	GetHandleVerifier [0x005C5B5D+182173]
	GetHandleVerifier [0x005AF9B8+91640]
	GetHandleVerifier [0x005AFB60+92064]
	GetHandleVerifier [0x0059A620+4704]
	BaseThreadInitThunk [0x75897BA9+25]
	RtlInitializeExceptionChain [0x7765C2EB+107]
	RtlClearBits [0x7765C26F+191]

2025-04-10 14:53:37,460 - WARNING - Error processing row: Message: stale element reference: stale element not found in the current frame
  (Session info: chrome=135.0.7049.84); For documentation on this error, please visit: https://www.selenium.dev/documentation/webdriver/troubleshooting/errors#stale-element-reference-exception
Stacktrace:
	GetHandleVerifier [0x005A80E3+60707]
	GetHandleVerifier [0x005A8124+60772]
	(No symbol) [0x003D0683]
	(No symbol) [0x003D6DE7]
	(No symbol) [0x003D90DA]
	(No symbol) [0x003D9157]
	(No symbol) [0x00417EF4]
	(No symbol) [0x004189FB]
	(No symbol) [0x0040E131]
	(No symbol) [0x0043D094]
	(No symbol) [0x0040DCA4]
	(No symbol) [0x0043D2C4]
	(No symbol) [0x0045E824]
	(No symbol) [0x0043CE46]
	(No symbol) [0x0040C5D3]
	(No symbol) [0x0040D424]
	GetHandleVerifier [0x007EBBC3+2435075]
	GetHandleVerifier [0x007E7163+2416035]
	GetHandleVerifier [0x0080350C+2531660]
	GetHandleVerifier [0x005BF1B5+155125]
	GetHandleVerifier [0x005C5B5D+182173]
	GetHandleVerifier [0x005AF9B8+91640]
	GetHandleVerifier [0x005AFB60+92064]
	GetHandleVerifier [0x0059A620+4704]
	BaseThreadInitThunk [0x75897BA9+25]
	RtlInitializeExceptionChain [0x7765C2EB+107]
	RtlClearBits [0x7765C26F+191]

2025-04-10 14:53:37,466 - WARNING - Error processing row: Message: stale element reference: stale element not found in the current frame
  (Session info: chrome=135.0.7049.84); For documentation on this error, please visit: https://www.selenium.dev/documentation/webdriver/troubleshooting/errors#stale-element-reference-exception
Stacktrace:
	GetHandleVerifier [0x005A80E3+60707]
	GetHandleVerifier [0x005A8124+60772]
	(No symbol) [0x003D0683]
	(No symbol) [0x003D6DE7]
	(No symbol) [0x003D90DA]
	(No symbol) [0x003D9157]
	(No symbol) [0x00417EF4]
	(No symbol) [0x004189FB]
	(No symbol) [0x0040E131]
	(No symbol) [0x0043D094]
	(No symbol) [0x0040DCA4]
	(No symbol) [0x0043D2C4]
	(No symbol) [0x0045E824]
	(No symbol) [0x0043CE46]
	(No symbol) [0x0040C5D3]
	(No symbol) [0x0040D424]
	GetHandleVerifier [0x007EBBC3+2435075]
	GetHandleVerifier [0x007E7163+2416035]
	GetHandleVerifier [0x0080350C+2531660]
	GetHandleVerifier [0x005BF1B5+155125]
	GetHandleVerifier [0x005C5B5D+182173]
	GetHandleVerifier [0x005AF9B8+91640]
	GetHandleVerifier [0x005AFB60+92064]
	GetHandleVerifier [0x0059A620+4704]
	BaseThreadInitThunk [0x75897BA9+25]
	RtlInitializeExceptionChain [0x7765C2EB+107]
	RtlClearBits [0x7765C26F+191]

2025-04-10 14:53:37,468 - WARNING - Not enough rows found in search results
2025-04-10 14:53:37,694 - INFO - Clicked on the first available Material element
2025-04-10 14:53:37,695 - INFO - Successfully completed search and click workflow
2025-04-10 14:53:37,696 - INFO - Looking for Page Option Values section
2025-04-10 14:53:37,713 - INFO - Scrolling down to find Page Option Values
2025-04-10 14:53:38,802 - INFO - Clicked on Page Option Values section
2025-04-10 14:53:43,836 - INFO - Successfully found and clicked button via JavaScript: Clicked button: 
    add new value

2025-04-10 14:53:43,836 - INFO - Successfully clicked on Page Option Values and Add new Value
2025-04-10 14:53:43,836 - INFO - Parsed 3 materials from name value: ['Topseller: 350 g/qm Recyclingkarton GT2', 'Klassiker: 240 g/qm Postkarten-Chromokarton GC1', 'Exklusiv: 300 g/qm Recyclingkarton GT2 mit Fettbarriere']
2025-04-10 14:53:43,837 - INFO - Parsed 3 materials from code value: ['wrap_verpackungen_automatikboden_70x87_4_0_topseller_1', 'wrap_verpackungen_automatikboden_70x87_4_0_klassiker_2', 'wrap_verpackungen_automatikboden_70x87_4_0_exklusiv_3']
2025-04-10 14:53:43,837 - INFO - Processing material 1/3: Name=Topseller: 350 g/qm Recyclingkarton GT2, Code=wrap_verpackungen_automatikboden_70x87_4_0_topseller_1, Position=0
2025-04-10 14:53:46,003 - INFO - JavaScript fill result for material 1: {'codeFieldFound': True, 'codeFieldValue': 'wrap_verpackungen_automatikboden_70x87_4_0_topseller_1', 'nameFieldFound': True, 'nameFieldValue': 'Topseller: 350 g/qm Recyclingkarton GT2', 'positionFieldFound': True, 'positionFieldValue': '0'}
2025-04-10 14:53:47,109 - INFO - Starting popup modal Save button click function
2025-04-10 14:53:47,116 - INFO - Found modal popup
2025-04-10 14:53:47,129 - WARNING - Could not find Save button in modal: Message: no such element: Unable to locate element: {"method":"css selector","selector":"button#save, button.action-primary, button[title='Save'], button.primary"}
  (Session info: chrome=135.0.7049.84); For documentation on this error, please visit: https://www.selenium.dev/documentation/webdriver/troubleshooting/errors#no-such-element-exception
Stacktrace:
	GetHandleVerifier [0x005A80E3+60707]
	GetHandleVerifier [0x005A8124+60772]
	(No symbol) [0x003D0683]
	(No symbol) [0x00418660]
	(No symbol) [0x004189FB]
	(No symbol) [0x0040DD81]
	(No symbol) [0x0043D094]
	(No symbol) [0x0040DCA4]
	(No symbol) [0x0043D2C4]
	(No symbol) [0x0045E824]
	(No symbol) [0x0043CE46]
	(No symbol) [0x0040C5D3]
	(No symbol) [0x0040D424]
	GetHandleVerifier [0x007EBBC3+2435075]
	GetHandleVerifier [0x007E7163+2416035]
	GetHandleVerifier [0x0080350C+2531660]
	GetHandleVerifier [0x005BF1B5+155125]
	GetHandleVerifier [0x005C5B5D+182173]
	GetHandleVerifier [0x005AF9B8+91640]
	GetHandleVerifier [0x005AFB60+92064]
	GetHandleVerifier [0x0059A620+4704]
	BaseThreadInitThunk [0x75897BA9+25]
	RtlInitializeExceptionChain [0x7765C2EB+107]
	RtlClearBits [0x7765C26F+191]

2025-04-10 14:53:47,146 - WARNING - Title-based approach failed: Message: no such element: Unable to locate element: {"method":"xpath","selector":"//div[contains(text(), 'Page Option Value')]"}
  (Session info: chrome=135.0.7049.84); For documentation on this error, please visit: https://www.selenium.dev/documentation/webdriver/troubleshooting/errors#no-such-element-exception
Stacktrace:
	GetHandleVerifier [0x005A80E3+60707]
	GetHandleVerifier [0x005A8124+60772]
	(No symbol) [0x003D0683]
	(No symbol) [0x00418660]
	(No symbol) [0x004189FB]
	(No symbol) [0x00461022]
	(No symbol) [0x0043D094]
	(No symbol) [0x0045E824]
	(No symbol) [0x0043CE46]
	(No symbol) [0x0040C5D3]
	(No symbol) [0x0040D424]
	GetHandleVerifier [0x007EBBC3+2435075]
	GetHandleVerifier [0x007E7163+2416035]
	GetHandleVerifier [0x0080350C+2531660]
	GetHandleVerifier [0x005BF1B5+155125]
	GetHandleVerifier [0x005C5B5D+182173]
	GetHandleVerifier [0x005AF9B8+91640]
	GetHandleVerifier [0x005AFB60+92064]
	GetHandleVerifier [0x0059A620+4704]
	BaseThreadInitThunk [0x75897BA9+25]
	RtlInitializeExceptionChain [0x7765C2EB+107]
	RtlClearBits [0x7765C26F+191]

2025-04-10 14:53:47,155 - WARNING - JavaScript approach could not find modal Save button
2025-04-10 14:53:47,155 - INFO - Looking for most recently added Save button
2025-04-10 14:53:47,658 - INFO - Clicked most recently added Save button
2025-04-10 14:53:47,658 - INFO - Successfully saved material 1
2025-04-10 14:53:49,659 - INFO - Processing material 2/3: Name=Klassiker: 240 g/qm Postkarten-Chromokarton GC1, Code=wrap_verpackungen_automatikboden_70x87_4_0_klassiker_2, Position=0
2025-04-10 14:53:49,659 - INFO - Refreshing page for material 2
2025-04-10 14:53:49,967 - INFO - Page refreshed successfully
2025-04-10 14:53:49,967 - INFO - Looking for Page Option Values section
2025-04-10 14:53:49,972 - INFO - Scrolling down to find Page Option Values
2025-04-10 14:53:51,034 - INFO - Clicked on Page Option Values section
2025-04-10 14:53:55,927 - INFO - Successfully found and clicked button via JavaScript: Clicked button: 
    add new value

2025-04-10 14:54:00,045 - INFO - JavaScript fill result for material 2: {'codeFieldFound': True, 'codeFieldValue': 'wrap_verpackungen_automatikboden_70x87_4_0_klassiker_2', 'nameFieldFound': True, 'nameFieldValue': 'Klassiker: 240 g/qm Postkarten-Chromokarton GC1', 'positionFieldFound': True, 'positionFieldValue': '0'}
2025-04-10 14:54:01,140 - INFO - Starting popup modal Save button click function
2025-04-10 14:54:01,154 - INFO - Found modal popup
2025-04-10 14:54:01,159 - WARNING - Could not find Save button in modal: Message: no such element: Unable to locate element: {"method":"css selector","selector":"button#save, button.action-primary, button[title='Save'], button.primary"}
  (Session info: chrome=135.0.7049.84); For documentation on this error, please visit: https://www.selenium.dev/documentation/webdriver/troubleshooting/errors#no-such-element-exception
Stacktrace:
	GetHandleVerifier [0x005A80E3+60707]
	GetHandleVerifier [0x005A8124+60772]
	(No symbol) [0x003D0683]
	(No symbol) [0x00418660]
	(No symbol) [0x004189FB]
	(No symbol) [0x0040DD81]
	(No symbol) [0x0043D094]
	(No symbol) [0x0040DCA4]
	(No symbol) [0x0043D2C4]
	(No symbol) [0x0045E824]
	(No symbol) [0x0043CE46]
	(No symbol) [0x0040C5D3]
	(No symbol) [0x0040D424]
	GetHandleVerifier [0x007EBBC3+2435075]
	GetHandleVerifier [0x007E7163+2416035]
	GetHandleVerifier [0x0080350C+2531660]
	GetHandleVerifier [0x005BF1B5+155125]
	GetHandleVerifier [0x005C5B5D+182173]
	GetHandleVerifier [0x005AF9B8+91640]
	GetHandleVerifier [0x005AFB60+92064]
	GetHandleVerifier [0x0059A620+4704]
	BaseThreadInitThunk [0x75897BA9+25]
	RtlInitializeExceptionChain [0x7765C2EB+107]
	RtlClearBits [0x7765C26F+191]

2025-04-10 14:54:01,178 - WARNING - Title-based approach failed: Message: no such element: Unable to locate element: {"method":"xpath","selector":"//div[contains(text(), 'Page Option Value')]"}
  (Session info: chrome=135.0.7049.84); For documentation on this error, please visit: https://www.selenium.dev/documentation/webdriver/troubleshooting/errors#no-such-element-exception
Stacktrace:
	GetHandleVerifier [0x005A80E3+60707]
	GetHandleVerifier [0x005A8124+60772]
	(No symbol) [0x003D0683]
	(No symbol) [0x00418660]
	(No symbol) [0x004189FB]
	(No symbol) [0x00461022]
	(No symbol) [0x0043D094]
	(No symbol) [0x0045E824]
	(No symbol) [0x0043CE46]
	(No symbol) [0x0040C5D3]
	(No symbol) [0x0040D424]
	GetHandleVerifier [0x007EBBC3+2435075]
	GetHandleVerifier [0x007E7163+2416035]
	GetHandleVerifier [0x0080350C+2531660]
	GetHandleVerifier [0x005BF1B5+155125]
	GetHandleVerifier [0x005C5B5D+182173]
	GetHandleVerifier [0x005AF9B8+91640]
	GetHandleVerifier [0x005AFB60+92064]
	GetHandleVerifier [0x0059A620+4704]
	BaseThreadInitThunk [0x75897BA9+25]
	RtlInitializeExceptionChain [0x7765C2EB+107]
	RtlClearBits [0x7765C26F+191]

2025-04-10 14:54:01,192 - WARNING - JavaScript approach could not find modal Save button
2025-04-10 14:54:01,193 - INFO - Looking for most recently added Save button
2025-04-10 14:54:02,285 - INFO - Clicked most recently added Save button
2025-04-10 14:54:02,286 - INFO - Successfully saved material 2
2025-04-10 14:54:04,286 - INFO - Processing material 3/3: Name=Exklusiv: 300 g/qm Recyclingkarton GT2 mit Fettbarriere, Code=wrap_verpackungen_automatikboden_70x87_4_0_exklusiv_3, Position=0
2025-04-10 14:54:04,286 - INFO - Refreshing page for material 3
2025-04-10 14:54:04,823 - INFO - Page refreshed successfully
2025-04-10 14:54:04,823 - INFO - Looking for Page Option Values section
2025-04-10 14:54:04,827 - INFO - Scrolling down to find Page Option Values
2025-04-10 14:54:05,890 - INFO - Clicked on Page Option Values section
2025-04-10 14:54:10,758 - INFO - Successfully found and clicked button via JavaScript: Clicked button: 
    add new value

2025-04-10 14:54:14,857 - INFO - JavaScript fill result for material 3: {'codeFieldFound': True, 'codeFieldValue': 'wrap_verpackungen_automatikboden_70x87_4_0_exklusiv_3', 'nameFieldFound': True, 'nameFieldValue': 'Exklusiv: 300 g/qm Recyclingkarton GT2 mit Fettbarriere', 'positionFieldFound': True, 'positionFieldValue': '0'}
2025-04-10 14:54:15,953 - INFO - Starting popup modal Save button click function
2025-04-10 14:54:15,962 - INFO - Found modal popup
2025-04-10 14:54:15,968 - WARNING - Could not find Save button in modal: Message: no such element: Unable to locate element: {"method":"css selector","selector":"button#save, button.action-primary, button[title='Save'], button.primary"}
  (Session info: chrome=135.0.7049.84); For documentation on this error, please visit: https://www.selenium.dev/documentation/webdriver/troubleshooting/errors#no-such-element-exception
Stacktrace:
	GetHandleVerifier [0x005A80E3+60707]
	GetHandleVerifier [0x005A8124+60772]
	(No symbol) [0x003D0683]
	(No symbol) [0x00418660]
	(No symbol) [0x004189FB]
	(No symbol) [0x0040DD81]
	(No symbol) [0x0043D094]
	(No symbol) [0x0040DCA4]
	(No symbol) [0x0043D2C4]
	(No symbol) [0x0045E824]
	(No symbol) [0x0043CE46]
	(No symbol) [0x0040C5D3]
	(No symbol) [0x0040D424]
	GetHandleVerifier [0x007EBBC3+2435075]
	GetHandleVerifier [0x007E7163+2416035]
	GetHandleVerifier [0x0080350C+2531660]
	GetHandleVerifier [0x005BF1B5+155125]
	GetHandleVerifier [0x005C5B5D+182173]
	GetHandleVerifier [0x005AF9B8+91640]
	GetHandleVerifier [0x005AFB60+92064]
	GetHandleVerifier [0x0059A620+4704]
	BaseThreadInitThunk [0x75897BA9+25]
	RtlInitializeExceptionChain [0x7765C2EB+107]
	RtlClearBits [0x7765C26F+191]

2025-04-10 14:54:15,988 - WARNING - Title-based approach failed: Message: no such element: Unable to locate element: {"method":"xpath","selector":"//div[contains(text(), 'Page Option Value')]"}
  (Session info: chrome=135.0.7049.84); For documentation on this error, please visit: https://www.selenium.dev/documentation/webdriver/troubleshooting/errors#no-such-element-exception
Stacktrace:
	GetHandleVerifier [0x005A80E3+60707]
	GetHandleVerifier [0x005A8124+60772]
	(No symbol) [0x003D0683]
	(No symbol) [0x00418660]
	(No symbol) [0x004189FB]
	(No symbol) [0x00461022]
	(No symbol) [0x0043D094]
	(No symbol) [0x0045E824]
	(No symbol) [0x0043CE46]
	(No symbol) [0x0040C5D3]
	(No symbol) [0x0040D424]
	GetHandleVerifier [0x007EBBC3+2435075]
	GetHandleVerifier [0x007E7163+2416035]
	GetHandleVerifier [0x0080350C+2531660]
	GetHandleVerifier [0x005BF1B5+155125]
	GetHandleVerifier [0x005C5B5D+182173]
	GetHandleVerifier [0x005AF9B8+91640]
	GetHandleVerifier [0x005AFB60+92064]
	GetHandleVerifier [0x0059A620+4704]
	BaseThreadInitThunk [0x75897BA9+25]
	RtlInitializeExceptionChain [0x7765C2EB+107]
	RtlClearBits [0x7765C26F+191]

2025-04-10 14:54:15,996 - WARNING - JavaScript approach could not find modal Save button
2025-04-10 14:54:15,996 - INFO - Looking for most recently added Save button
2025-04-10 14:54:16,514 - INFO - Clicked most recently added Save button
2025-04-10 14:54:16,514 - INFO - Successfully saved material 3
2025-04-10 14:54:18,515 - INFO - All materials processed, now clicking main save
2025-04-10 14:54:18,515 - INFO - Refreshing page...
2025-04-10 14:54:18,893 - INFO - Page refreshed successfully
2025-04-10 14:54:19,934 - INFO - Clicked main Save button in top-right corner
2025-04-10 14:54:20,935 - INFO - Successfully saved all page option values
2025-04-10 14:54:20,935 - INFO - Successfully filled and saved the form
2025-04-10 14:54:20,935 - INFO - Starting popup modal Save button click function
2025-04-10 14:54:20,941 - INFO - Found modal popup
2025-04-10 14:54:20,947 - WARNING - Could not find Save button in modal: Message: no such element: Unable to locate element: {"method":"css selector","selector":"button#save, button.action-primary, button[title='Save'], button.primary"}
  (Session info: chrome=135.0.7049.84); For documentation on this error, please visit: https://www.selenium.dev/documentation/webdriver/troubleshooting/errors#no-such-element-exception
Stacktrace:
	GetHandleVerifier [0x005A80E3+60707]
	GetHandleVerifier [0x005A8124+60772]
	(No symbol) [0x003D0683]
	(No symbol) [0x00418660]
	(No symbol) [0x004189FB]
	(No symbol) [0x0040DD81]
	(No symbol) [0x0043D094]
	(No symbol) [0x0040DCA4]
	(No symbol) [0x0043D2C4]
	(No symbol) [0x0045E824]
	(No symbol) [0x0043CE46]
	(No symbol) [0x0040C5D3]
	(No symbol) [0x0040D424]
	GetHandleVerifier [0x007EBBC3+2435075]
	GetHandleVerifier [0x007E7163+2416035]
	GetHandleVerifier [0x0080350C+2531660]
	GetHandleVerifier [0x005BF1B5+155125]
	GetHandleVerifier [0x005C5B5D+182173]
	GetHandleVerifier [0x005AF9B8+91640]
	GetHandleVerifier [0x005AFB60+92064]
	GetHandleVerifier [0x0059A620+4704]
	BaseThreadInitThunk [0x75897BA9+25]
	RtlInitializeExceptionChain [0x7765C2EB+107]
	RtlClearBits [0x7765C26F+191]

2025-04-10 14:54:20,953 - WARNING - Title-based approach failed: Message: no such element: Unable to locate element: {"method":"xpath","selector":"//div[contains(text(), 'Page Option Value')]"}
  (Session info: chrome=135.0.7049.84); For documentation on this error, please visit: https://www.selenium.dev/documentation/webdriver/troubleshooting/errors#no-such-element-exception
Stacktrace:
	GetHandleVerifier [0x005A80E3+60707]
	GetHandleVerifier [0x005A8124+60772]
	(No symbol) [0x003D0683]
	(No symbol) [0x00418660]
	(No symbol) [0x004189FB]
	(No symbol) [0x00461022]
	(No symbol) [0x0043D094]
	(No symbol) [0x0045E824]
	(No symbol) [0x0043CE46]
	(No symbol) [0x0040C5D3]
	(No symbol) [0x0040D424]
	GetHandleVerifier [0x007EBBC3+2435075]
	GetHandleVerifier [0x007E7163+2416035]
	GetHandleVerifier [0x0080350C+2531660]
	GetHandleVerifier [0x005BF1B5+155125]
	GetHandleVerifier [0x005C5B5D+182173]
	GetHandleVerifier [0x005AF9B8+91640]
	GetHandleVerifier [0x005AFB60+92064]
	GetHandleVerifier [0x0059A620+4704]
	BaseThreadInitThunk [0x75897BA9+25]
	RtlInitializeExceptionChain [0x7765C2EB+107]
	RtlClearBits [0x7765C26F+191]

2025-04-10 14:54:20,957 - WARNING - JavaScript approach could not find modal Save button
2025-04-10 14:54:20,958 - INFO - Looking for most recently added Save button
2025-04-10 14:54:20,963 - WARNING - No Save buttons found
2025-04-10 14:54:20,963 - INFO - Successfully clicked modal save button.
2025-04-10 14:54:20,963 - INFO - Refreshing page...
2025-04-10 14:54:21,181 - INFO - Page refreshed successfully
2025-04-10 14:54:22,382 - INFO - Clicked main Save button in top-right corner
2025-04-10 14:54:23,383 - INFO - Successfully clicked modal save button.
2025-04-10 14:54:23,383 - INFO - Starting process to add a new product part from CSV
2025-04-10 14:54:23,383 - INFO - Clicking on CLOUDLAB icon using the Catalog approach...
2025-04-10 14:54:23,404 - INFO - Clicked on CLOUDLAB icon using Catalog approach
2025-04-10 14:54:25,404 - INFO - Clicking on Product Parts submenu using Catalog Products approach...
2025-04-10 14:54:40,607 - WARNING - Catalog approach failed for Product Parts: Message: 
Stacktrace:
	GetHandleVerifier [0x005A80E3+60707]
	GetHandleVerifier [0x005A8124+60772]
	(No symbol) [0x003D0683]
	(No symbol) [0x00418660]
	(No symbol) [0x004189FB]
	(No symbol) [0x00461022]
	(No symbol) [0x0043D094]
	(No symbol) [0x0045E824]
	(No symbol) [0x0043CE46]
	(No symbol) [0x0040C5D3]
	(No symbol) [0x0040D424]
	GetHandleVerifier [0x007EBBC3+2435075]
	GetHandleVerifier [0x007E7163+2416035]
	GetHandleVerifier [0x0080350C+2531660]
	GetHandleVerifier [0x005BF1B5+155125]
	GetHandleVerifier [0x005C5B5D+182173]
	GetHandleVerifier [0x005AF9B8+91640]
	GetHandleVerifier [0x005AFB60+92064]
	GetHandleVerifier [0x0059A620+4704]
	BaseThreadInitThunk [0x75897BA9+25]
	RtlInitializeExceptionChain [0x7765C2EB+107]
	RtlClearBits [0x7765C26F+191]

2025-04-10 14:54:42,217 - INFO - Clicked on Product Parts by text
2025-04-10 14:54:45,272 - INFO - Successfully navigated to Product Parts page
2025-04-10 14:54:45,272 - INFO - Clicking on Add New Part button
2025-04-10 14:54:48,462 - INFO - Clicked on Add New Part button using CSS class
2025-04-10 14:54:48,462 - INFO - Waiting 10 seconds for the form to load completely...
2025-04-10 14:54:58,467 - INFO - Filling Name field
2025-04-10 14:54:58,604 - INFO - Filled Name field with: Wrap-Verpackungen mit Automatikboden (Durchmesser 7 cm - Höhe 8,7 cm) einseitig bedruckt 4/0-farbig
2025-04-10 14:54:59,605 - INFO - Filling Code field with enhanced approach
2025-04-10 14:54:59,813 - INFO - Filled Code field with: wrap_verpackungen_mit_automatikboden_durchmesser_7_cm_hoehe_8_7_cm_einseitig_bedruckt_4_0_farbig and triggered validation
2025-04-10 14:54:59,813 - INFO - Attempting to select Material dropdown
2025-04-10 14:54:59,813 - INFO - Attempting to select materials from CSV
2025-04-10 14:54:59,814 - INFO - Found 3 materials from CSV
2025-04-10 14:55:00,834 - INFO - Found Öffnung element, now looking for Material field below it
2025-04-10 14:55:01,888 - INFO - Found Material element, now looking for select element
2025-04-10 14:55:01,926 - INFO - Found Material select element
2025-04-10 14:55:01,946 - INFO - JavaScript selection result: Selected 9 options: ['Topseller: 350 g/qm Recyclingkarton GT2 (wrap_verpackungen_automatikboden_65x95_4_0_topseller_1)', 'Klassiker: 240 g/qm Postkarten-Chromokarton GC1 (wrap_verpackungen_automatikboden_65x95_4_0_klassiker_2)', 'Exklusiv: 300 g/qm Recyclingkarton GT2 mit Fettbarriere (wrap_verpackungen_automatikboden_65x95_4_0_exklusiv_3)', 'Topseller: 350 g/qm Recyclingkarton GT2 (wrap_verpackungen_automatikboden_65x131_4_0_topseller_1)', 'Klassiker: 240 g/qm Postkarten-Chromokarton GC1 (wrap_verpackungen_automatikboden_65x131_4_0_klassiker_2)', 'Exklusiv: 300 g/qm Recyclingkarton GT2 mit Fettbarriere (wrap_verpackungen_automatikboden_65x131_4_0_exklusiv_3)', 'Topseller: 350 g/qm Recyclingkarton GT2 (wrap_verpackungen_automatikboden_70x87_4_0_topseller_1)', 'Klassiker: 240 g/qm Postkarten-Chromokarton GC1 (wrap_verpackungen_automatikboden_70x87_4_0_klassiker_2)', 'Exklusiv: 300 g/qm Recyclingkarton GT2 mit Fettbarriere (wrap_verpackungen_automatikboden_70x87_4_0_exklusiv_3)']
2025-04-10 14:55:01,946 - INFO - Successfully selected last option in Material dropdown
2025-04-10 14:55:11,947 - INFO - Clicking Save button
2025-04-10 14:55:13,041 - INFO - Clicked Save button via CSS selector
2025-04-10 14:55:13,041 - INFO - Waiting 10 seconds after save...
2025-04-10 14:55:23,041 - INFO - Product part save process completed
2025-04-10 14:55:23,041 - INFO - Successfully added a new product part for product 1
2025-04-10 14:55:23,041 - INFO - Clicking on Catalog icon...
2025-04-10 14:55:25,069 - INFO - Clicking on Products submenu...
2025-04-10 14:55:28,349 - INFO - Clicking on Add Product button...
2025-04-10 14:55:32,385 - INFO - Navigated to Add Product page
2025-04-10 14:55:32,749 - INFO - Product name entered: Wrap-Verpackungen mit Automatikboden (Durchmesser 7 cm - Höhe 8,7 cm) einseitig bedruckt 4/0-farbig
2025-04-10 14:55:32,850 - INFO - SKU entered: 1003354
2025-04-10 14:55:32,957 - INFO - Price entered: 1.00
2025-04-10 14:55:33,012 - INFO - Quantity entered: 99999999
2025-04-10 14:55:33,012 - INFO - Successfully filled basic info for product: Wrap-Verpackungen mit Automatikboden (Durchmesser 7 cm - Höhe 8,7 cm) einseitig bedruckt 4/0-farbig
2025-04-10 14:55:33,012 - INFO - Setting 'Is Meter Price' to: Yes
2025-04-10 14:55:33,034 - INFO - Toggle result: Changed 'Is Meter Price' to: Yes
2025-04-10 14:55:33,094 - INFO - Final scroll position: 777px
2025-04-10 14:55:33,094 - ERROR - Failed to set 'Is Meter Price': name 'current_scroll_y' is not defined
2025-04-10 14:55:33,094 - INFO - Attempting final fallback method
2025-04-10 14:55:35,193 - INFO - Clicked toggle using fallback method
2025-04-10 14:55:35,193 - INFO - Selecting Producer: wmd.networkhero.eu with simplified approach
2025-04-10 14:55:36,219 - INFO - JavaScript producer selection result: Selected wmd.networkhero.eu using standard dropdown via JS
2025-04-10 14:55:36,219 - INFO - Setting 'Disable pickup' to: Yes
2025-04-10 14:55:36,226 - INFO - Initial scroll position: 1035px
2025-04-10 14:55:37,743 - INFO - Current scroll position after positioning: 2278px
2025-04-10 14:55:37,758 - INFO - Toggle result: Changed 'Disable pickup' to: Yes
2025-04-10 14:55:37,763 - INFO - Final scroll position: 2278px
2025-04-10 14:55:37,771 - INFO - Validation confirmed 'Disable pickup' setting was applied correctly
2025-04-10 14:55:37,774 - INFO - Scrolling down to find Websites section
2025-04-10 14:55:38,819 - INFO - Expanded Websites section
2025-04-10 14:55:40,847 - INFO - Selected website: Selling Website
2025-04-10 14:55:40,866 - INFO - Selected website: Networkhero
2025-04-10 14:55:40,866 - INFO - Completed website selection
2025-04-10 14:55:40,866 - INFO - Updating Product Type to: Upload + Personalization + Configuration using producer-style approach
2025-04-10 14:55:41,908 - INFO - Clicked Web2Print Settings
2025-04-10 14:55:44,969 - INFO - Clicked General tab
2025-04-10 14:55:46,970 - INFO - Selecting Product Type: Upload + Personalization + Configuration with producer-style approach
2025-04-10 14:55:48,008 - INFO - JavaScript Product Type selection result: Selected Upload + Personalization + Configuration using standard select
2025-04-10 14:55:48,008 - INFO - Setting Price Calculation to Fixed in Matrix tab
2025-04-10 14:55:49,066 - INFO - Clicked Matrix tab
2025-04-10 14:55:51,067 - INFO - Looking for Price Calculation field
2025-04-10 14:55:51,083 - INFO - JavaScript Price Calculation selection result: Selected Fixed using standard select
2025-04-10 14:55:51,083 - INFO - Selecting weekdays in Production Days multiselect
2025-04-10 14:55:52,138 - INFO - Clicked Others tab
2025-04-10 14:55:55,146 - INFO - Approaching Production Days with direct ID
2025-04-10 14:56:05,303 - WARNING - Direct ID approach failed: Message: 
Stacktrace:
	GetHandleVerifier [0x005A80E3+60707]
	GetHandleVerifier [0x005A8124+60772]
	(No symbol) [0x003D0683]
	(No symbol) [0x00418660]
	(No symbol) [0x004189FB]
	(No symbol) [0x00461022]
	(No symbol) [0x0043D094]
	(No symbol) [0x0045E824]
	(No symbol) [0x0043CE46]
	(No symbol) [0x0040C5D3]
	(No symbol) [0x0040D424]
	GetHandleVerifier [0x007EBBC3+2435075]
	GetHandleVerifier [0x007E7163+2416035]
	GetHandleVerifier [0x0080350C+2531660]
	GetHandleVerifier [0x005BF1B5+155125]
	GetHandleVerifier [0x005C5B5D+182173]
	GetHandleVerifier [0x005AF9B8+91640]
	GetHandleVerifier [0x005AFB60+92064]
	GetHandleVerifier [0x0059A620+4704]
	BaseThreadInitThunk [0x75897BA9+25]
	RtlInitializeExceptionChain [0x7765C2EB+107]
	RtlClearBits [0x7765C26F+191]

2025-04-10 14:56:05,303 - INFO - Approaching Production Days via label
2025-04-10 14:56:06,353 - WARNING - Label approach failed: Message: no such element: Unable to locate element: {"method":"css selector","selector":"select.admin__control-multiselect, select[multiple]"}
  (Session info: chrome=135.0.7049.84); For documentation on this error, please visit: https://www.selenium.dev/documentation/webdriver/troubleshooting/errors#no-such-element-exception
Stacktrace:
	GetHandleVerifier [0x005A80E3+60707]
	GetHandleVerifier [0x005A8124+60772]
	(No symbol) [0x003D0683]
	(No symbol) [0x00418660]
	(No symbol) [0x004189FB]
	(No symbol) [0x0040DD81]
	(No symbol) [0x0043D094]
	(No symbol) [0x0040DCA4]
	(No symbol) [0x0043D2C4]
	(No symbol) [0x0045E824]
	(No symbol) [0x0043CE46]
	(No symbol) [0x0040C5D3]
	(No symbol) [0x0040D424]
	GetHandleVerifier [0x007EBBC3+2435075]
	GetHandleVerifier [0x007E7163+2416035]
	GetHandleVerifier [0x0080350C+2531660]
	GetHandleVerifier [0x005BF1B5+155125]
	GetHandleVerifier [0x005C5B5D+182173]
	GetHandleVerifier [0x005AF9B8+91640]
	GetHandleVerifier [0x005AFB60+92064]
	GetHandleVerifier [0x0059A620+4704]
	BaseThreadInitThunk [0x75897BA9+25]
	RtlInitializeExceptionChain [0x7765C2EB+107]
	RtlClearBits [0x7765C26F+191]

2025-04-10 14:56:06,354 - INFO - Trying all multiselects approach
2025-04-10 14:56:06,361 - INFO - Found 1 multiselects
2025-04-10 14:56:07,376 - INFO - JavaScript multiselect 1 result: {'selected': ['Monday', 'Tuesday', 'Wednesday', 'Thursday', 'Friday'], 'success': True}
2025-04-10 14:56:07,376 - INFO - Successfully selected weekdays in multiselect 1
2025-04-10 14:56:07,376 - INFO - Configuring Delivery section with final optimized approach
2025-04-10 14:56:08,913 - INFO - Expansion result: Clicked to expand delivery section
2025-04-10 14:56:10,914 - INFO - Setting VPE value to 9999
2025-04-10 14:56:10,914 - INFO - Setting VPE value to 9999 using optimized method
2025-04-10 14:56:10,923 - INFO - DOM manipulation result: Set VPE value to 9999 via DOM manipulation
2025-04-10 14:56:10,923 - INFO - Selecting VPE Type: Stock
2025-04-10 14:56:10,923 - INFO - Selecting VPE Type: Stock using producer-style approach
2025-04-10 14:56:14,954 - INFO - VPE Type field structure: {'found': True, 'labelRect': {'bottom': 547.515625, 'height': 0, 'left': 489.03125, 'right': 549.75, 'toJSON': {}, 'top': 547.515625, 'width': 60.71875, 'x': 489.03125, 'y': 547.515625}, 'structure': {'dropdownLikeCount': 0, 'fieldClasses': 'admin__field', 'firstSelectClasses': 'admin__control-select', 'firstSelectId': 'NGKIRIE', 'firstSelectOptions': ['LFM - Running Meter', 'm²', 'Stock'], 'hasField': True, 'hasMultiselect': False, 'selectCount': 1}}
2025-04-10 14:56:14,955 - INFO - Found traditional select for VPE Type
2025-04-10 14:56:14,962 - INFO - Select result: Selected Stock from VPE Type select
2025-04-10 14:56:14,962 - INFO - Selecting 'Fix Products' option
2025-04-10 14:56:14,968 - INFO - Fix Products selection result: Selected Fix Products option
2025-04-10 14:56:14,968 - INFO - Successfully configured Delivery section
2025-04-10 14:56:14,969 - INFO - Configuring Print Product Setup with CTRL+click for multiple selection
2025-04-10 14:56:16,017 - INFO - Clicked Print Product Setup
2025-04-10 14:56:18,018 - INFO - Attempting to select the last option in Product Parts list
2025-04-10 14:56:19,038 - INFO - Found Product Parts select element
2025-04-10 14:56:19,038 - WARNING - Standard approach failed: 'WebElement' object has no attribute 'tk'
2025-04-10 14:56:19,048 - INFO - JavaScript result: {'allOptions': ['5', '20', '30', '50', '100', '200', '500'], 'index': 6, 'message': 'Selected last option', 'success': True, 'text': '500'}
2025-04-10 14:56:19,048 - INFO - Successfully selected last option using JavaScript: 500
2025-04-10 14:56:19,054 - INFO - Textarea values set result: {'dateityp': False, 'datencheck': True}
2025-04-10 14:56:19,054 - INFO - Trying multiselect approach with CTRL+click
2025-04-10 14:56:20,117 - INFO - Clicked Standard option
2025-04-10 14:56:21,392 - INFO - CTRL+Clicked Profidatencheck option
2025-04-10 14:56:23,470 - INFO - Clicked PDF-file option
2025-04-10 14:56:24,747 - INFO - CTRL+Clicked Image option
2025-04-10 14:56:25,748 - INFO - Configuring additional settings with improved approach
2025-04-10 14:56:25,748 - INFO - Configuring Lieferung field
2025-04-10 14:56:26,786 - INFO - Lieferung selection result: {'selected': ['Standard ( production_standard )', 'Express ( production_express )', 'Standard Plus ( production_standard_plus )'], 'success': True}
2025-04-10 14:56:26,786 - INFO - Configuring Anzahl field
2025-04-10 14:56:28,336 - INFO - Selected quantity_1
2025-04-10 14:56:28,872 - WARNING - Failed to select using Select class: 'WebElement' object has no attribute 'tk'
2025-04-10 14:56:28,872 - INFO - Configuring Proof Group field
2025-04-10 14:56:30,420 - INFO - Selected proof_group_digital
2025-04-10 14:56:30,953 - WARNING - Failed to select using Select class: 'WebElement' object has no attribute 'tk'
2025-04-10 14:56:30,953 - INFO - Configuring Product Personalization Template field
2025-04-10 14:56:31,995 - INFO - Template setting result: {'action': 'selected option', 'element': 'select', 'success': True}
2025-04-10 14:56:31,995 - INFO - Clicking the Save button in the top right corner
2025-04-10 14:56:42,170 - WARNING - Standard approach failed: Message: 
Stacktrace:
	GetHandleVerifier [0x005A80E3+60707]
	GetHandleVerifier [0x005A8124+60772]
	(No symbol) [0x003D0683]
	(No symbol) [0x00418660]
	(No symbol) [0x004189FB]
	(No symbol) [0x00461022]
	(No symbol) [0x0043D094]
	(No symbol) [0x0045E824]
	(No symbol) [0x0043CE46]
	(No symbol) [0x0040C5D3]
	(No symbol) [0x0040D424]
	GetHandleVerifier [0x007EBBC3+2435075]
	GetHandleVerifier [0x007E7163+2416035]
	GetHandleVerifier [0x0080350C+2531660]
	GetHandleVerifier [0x005BF1B5+155125]
	GetHandleVerifier [0x005C5B5D+182173]
	GetHandleVerifier [0x005AF9B8+91640]
	GetHandleVerifier [0x005AFB60+92064]
	GetHandleVerifier [0x0059A620+4704]
	BaseThreadInitThunk [0x75897BA9+25]
	RtlInitializeExceptionChain [0x7765C2EB+107]
	RtlClearBits [0x7765C26F+191]

2025-04-10 14:56:42,423 - INFO - JavaScript result: Clicked Save button by text
2025-04-10 14:56:42,426 - INFO - Successfully clicked Save button using JavaScript
2025-04-10 14:56:52,426 - INFO - Successfully saved product 1: Wrap-Verpackungen mit Automatikboden (Durchmesser 7 cm - Höhe 8,7 cm) einseitig bedruckt 4/0-farbig
2025-04-10 14:57:39,530 - INFO - ====== WebDriver manager ======
2025-04-10 14:57:40,467 - INFO - Get LATEST chromedriver version for google-chrome
2025-04-10 14:57:40,525 - INFO - Get LATEST chromedriver version for google-chrome
2025-04-10 14:57:40,601 - INFO - Driver [C:\Users\g.yilmaz\.wdm\drivers\chromedriver\win64\135.0.7049.84\chromedriver-win32/chromedriver.exe] found in cache
2025-04-10 14:57:41,683 - INFO - Chrome WebDriver initialized successfully
2025-04-10 14:57:41,683 - INFO - Navigating to PrintNet login page: https://printnet.networkhero.eu/dashboard/admin/
2025-04-10 14:57:42,495 - INFO - Username entered
2025-04-10 14:57:42,497 - ERROR - Failed to find password field by ID: Message: no such element: Unable to locate element: {"method":"css selector","selector":"[id="password"]"}
  (Session info: chrome=135.0.7049.84); For documentation on this error, please visit: https://www.selenium.dev/documentation/webdriver/troubleshooting/errors#no-such-element-exception
Stacktrace:
	GetHandleVerifier [0x005A80E3+60707]
	GetHandleVerifier [0x005A8124+60772]
	(No symbol) [0x003D0683]
	(No symbol) [0x00418660]
	(No symbol) [0x004189FB]
	(No symbol) [0x00461022]
	(No symbol) [0x0043D094]
	(No symbol) [0x0045E824]
	(No symbol) [0x0043CE46]
	(No symbol) [0x0040C5D3]
	(No symbol) [0x0040D424]
	GetHandleVerifier [0x007EBBC3+2435075]
	GetHandleVerifier [0x007E7163+2416035]
	GetHandleVerifier [0x0080350C+2531660]
	GetHandleVerifier [0x005BF1B5+155125]
	GetHandleVerifier [0x005C5B5D+182173]
	GetHandleVerifier [0x005AF9B8+91640]
	GetHandleVerifier [0x005AFB60+92064]
	GetHandleVerifier [0x0059A620+4704]
	BaseThreadInitThunk [0x75897BA9+25]
	RtlInitializeExceptionChain [0x7765C2EB+107]
	RtlClearBits [0x7765C26F+191]

2025-04-10 14:57:42,582 - INFO - Password entered using alternative selector
2025-04-10 14:57:45,088 - INFO - Login button clicked
2025-04-10 14:58:08,721 - INFO - Successfully logged in to PrintNet
2025-04-10 14:58:08,722 - INFO - Successfully logged in to PrintNet
2025-04-10 14:58:08,722 - INFO - Processing product 1: Wrap-Verpackungen mit Automatikboden (Durchmesser 7 cm - Höhe 8,7 cm) einseitig bedruckt 4/0-farbig (SKU: 1003354)
2025-04-10 14:58:08,722 - INFO - Clicking on Catalog icon in PrintNet...
2025-04-10 14:58:08,776 - INFO - Clicking on Products submenu in PrintNet...
2025-04-10 14:58:10,004 - INFO - Clicking on Add Product button in PrintNet...
2025-04-10 14:58:12,165 - INFO - Navigated to Add Product page in PrintNet
2025-04-10 14:58:13,032 - INFO - SKU giriliyor: 1003354
2025-04-10 14:58:13,134 - INFO - SKU girildi: 1003354
2025-04-10 14:58:13,134 - INFO - Fiyat giriliyor: 1.00
2025-04-10 14:58:13,232 - INFO - Fiyat girildi: 1.00
2025-04-10 14:58:13,232 - INFO - Miktar giriliyor: 99999999
2025-04-10 14:58:13,297 - INFO - Miktar girildi: 99999999
2025-04-10 14:58:13,297 - INFO - Setting 'Is Meter Price' to: Yes
2025-04-10 14:58:13,307 - INFO - Initial scroll position: 0px
2025-04-10 14:58:13,325 - INFO - Current scroll position after positioning: 496px
2025-04-10 14:58:13,413 - INFO - Toggle result: Changed 'Is Meter Price' to: Yes
2025-04-10 14:58:13,415 - INFO - Final scroll position: 496px
2025-04-10 14:58:13,461 - INFO - Validation confirmed 'Is Meter Price' setting was applied correctly
2025-04-10 14:58:13,667 - INFO - bannerheld.at seçildi
2025-04-10 14:58:21,685 - INFO - Updating Product Type to: Upload + Personalization + Configuration using producer-style approach
2025-04-10 14:58:22,718 - INFO - Clicked General tab
2025-04-10 14:58:24,721 - INFO - Selecting Product Type: Upload + Personalization + Configuration with producer-style approach
2025-04-10 14:58:25,761 - INFO - JavaScript Product Type selection result: Selected Upload + Personalization + Configuration using standard select
2025-04-10 14:58:28,826 - INFO - Looking for Price Calculation field
2025-04-10 14:58:28,840 - INFO - JavaScript Price Calculation selection result: Selected Fixed using standard select
2025-04-10 14:58:32,899 - WARNING - Failed to configure Web2Print settings
2025-04-10 14:58:39,045 - INFO - Selecting weekdays in Production Days multiselect
2025-04-10 14:58:40,114 - INFO - Clicked Others tab
2025-04-10 14:58:42,119 - INFO - Trying to select Print Files Options
2025-04-10 14:58:43,140 - INFO - Found Print Files Options area
2025-04-10 14:58:43,154 - INFO - JavaScript selection result: {'selected': ['Upload from Account', 'Send to Graphic Department', 'Send by Email', 'Online Designer'], 'success': True}
2025-04-10 14:58:44,159 - INFO - Trying all multiselects approach
2025-04-10 14:58:44,166 - INFO - Found 3 multiselects
2025-04-10 14:58:45,191 - INFO - JavaScript multiselect 1 result: {'selected': [], 'success': False}
2025-04-10 14:58:46,213 - INFO - JavaScript multiselect 2 result: {'selected': [], 'success': False}
2025-04-10 14:58:47,228 - INFO - JavaScript multiselect 3 result: {'selected': ['Monday', 'Tuesday', 'Wednesday', 'Thursday', 'Friday'], 'success': True}
2025-04-10 14:58:47,229 - INFO - Successfully selected weekdays in multiselect 3
2025-04-10 14:58:47,229 - INFO - Configuring Minimum DPI and Quantity Selectors
2025-04-10 14:58:48,257 - INFO - Set Minimum DPI to 300
2025-04-10 14:58:49,289 - INFO - Use Custom Quantity Selector result: {'action': 'enabled', 'success': True}
2025-04-10 14:58:50,323 - INFO - Use Fixed Price Quantity Selector result: {'action': 'enabled', 'success': True}
2025-04-10 14:58:50,323 - INFO - Configuring Print Product Setup with CTRL+click for multiple selection
2025-04-10 14:58:51,399 - INFO - Clicked Print Product Setup
2025-04-10 14:58:53,401 - INFO - Attempting to select the last option in Product Parts list
2025-04-10 14:58:54,422 - INFO - Found Product Parts select element
2025-04-10 14:59:02,315 - INFO - Selected last option (index 1119) from Product Parts list
2025-04-10 14:59:02,331 - INFO - Textarea values set result: {'dateityp': False, 'datencheck': False}
2025-04-10 14:59:02,333 - INFO - Trying multiselect approach with CTRL+click
2025-04-10 14:59:03,405 - INFO - Clicked Standard option
2025-04-10 14:59:04,691 - INFO - CTRL+Clicked Profidatencheck option
2025-04-10 14:59:06,764 - INFO - Clicked PDF-file option
2025-04-10 14:59:08,047 - INFO - CTRL+Clicked Image option
2025-04-10 14:59:09,049 - INFO - Configuring additional settings with improved approach
2025-04-10 14:59:09,049 - INFO - Configuring Lieferung field
2025-04-10 14:59:10,091 - INFO - Lieferung selection result: {'selected': ['Standard ( production_standard )', 'Express ( production_express )', 'Standard Plus ( production_standard_plus )'], 'success': True}
2025-04-10 14:59:10,091 - INFO - Configuring Anzahl field
2025-04-10 14:59:11,653 - INFO - Selected quantity_1
2025-04-10 14:59:12,243 - INFO - Selected quantity_1 using Select class
2025-04-10 14:59:12,243 - INFO - Configuring Proof Group field
2025-04-10 14:59:13,812 - INFO - Selected proof_group_digital
2025-04-10 14:59:14,394 - INFO - Selected proof_group_digital using Select class
2025-04-10 14:59:14,394 - INFO - Configuring Product Personalization Template field
2025-04-10 14:59:15,426 - INFO - Template setting result: {'action': 'selected option', 'element': 'select', 'success': True}
2025-04-10 14:59:15,426 - INFO - Successfully configured all settings in PrintNet for product: Wrap-Verpackungen mit Automatikboden (Durchmesser 7 cm - Höhe 8,7 cm) einseitig bedruckt 4/0-farbig
2025-04-10 14:59:15,426 - INFO - Successfully configured product: Wrap-Verpackungen mit Automatikboden (Durchmesser 7 cm - Höhe 8,7 cm) einseitig bedruckt 4/0-farbig
2025-04-10 14:59:15,426 - INFO - Clicking the Save button in the top right corner
2025-04-10 14:59:25,594 - WARNING - Standard approach failed: Message: 
Stacktrace:
	GetHandleVerifier [0x005A80E3+60707]
	GetHandleVerifier [0x005A8124+60772]
	(No symbol) [0x003D0683]
	(No symbol) [0x00418660]
	(No symbol) [0x004189FB]
	(No symbol) [0x00461022]
	(No symbol) [0x0043D094]
	(No symbol) [0x0045E824]
	(No symbol) [0x0043CE46]
	(No symbol) [0x0040C5D3]
	(No symbol) [0x0040D424]
	GetHandleVerifier [0x007EBBC3+2435075]
	GetHandleVerifier [0x007E7163+2416035]
	GetHandleVerifier [0x0080350C+2531660]
	GetHandleVerifier [0x005BF1B5+155125]
	GetHandleVerifier [0x005C5B5D+182173]
	GetHandleVerifier [0x005AF9B8+91640]
	GetHandleVerifier [0x005AFB60+92064]
	GetHandleVerifier [0x0059A620+4704]
	BaseThreadInitThunk [0x75897BA9+25]
	RtlInitializeExceptionChain [0x7765C2EB+107]
	RtlClearBits [0x7765C26F+191]

2025-04-10 14:59:25,806 - INFO - JavaScript result: Clicked Save button by text
2025-04-10 14:59:25,806 - INFO - Successfully clicked Save button using JavaScript
2025-04-10 14:59:35,814 - INFO - Successfully saved product: Wrap-Verpackungen mit Automatikboden (Durchmesser 7 cm - Höhe 8,7 cm) einseitig bedruckt 4/0-farbig
2025-04-10 14:59:37,815 - INFO - CSV processing complete. Added 1 out of 1 products
2025-04-10 14:59:37,815 - INFO - ====== WebDriver manager ======
2025-04-10 14:59:38,899 - INFO - Get LATEST chromedriver version for google-chrome
2025-04-10 14:59:38,966 - INFO - Get LATEST chromedriver version for google-chrome
2025-04-10 14:59:39,034 - INFO - Driver [C:\Users\g.yilmaz\.wdm\drivers\chromedriver\win64\135.0.7049.84\chromedriver-win32/chromedriver.exe] found in cache
2025-04-10 14:59:40,057 - INFO - Navigating to https://skynet.networkhero.eu/y5id_dashboard/admin/
2025-04-10 14:59:40,788 - INFO - Username entered
2025-04-10 14:59:40,877 - INFO - Password entered
2025-04-10 14:59:41,307 - INFO - Login button clicked
2025-04-10 14:59:41,307 - INFO - Waiting for you to enter Google Authenticator code...
2025-04-10 14:59:47,383 - INFO - Login successful
2025-04-10 14:59:47,383 - INFO - Clicking on CLOUDLAB icon using the Catalog approach...
2025-04-10 14:59:47,452 - INFO - Clicked on CLOUDLAB icon using Catalog approach
2025-04-10 15:00:31,775 - INFO - ====== WebDriver manager ======
2025-04-10 15:00:33,036 - INFO - Get LATEST chromedriver version for google-chrome
2025-04-10 15:00:33,105 - INFO - Get LATEST chromedriver version for google-chrome
2025-04-10 15:00:35,233 - INFO - Driver [C:\Users\g.yilmaz\.wdm\drivers\chromedriver\win64\135.0.7049.84\chromedriver-win32/chromedriver.exe] found in cache
2025-04-10 15:00:36,414 - INFO - Navigating to https://printnet.networkhero.eu/dashboard/admin
2025-04-10 15:00:37,177 - INFO - Username entered
2025-04-10 15:00:37,260 - INFO - Password entered
2025-04-10 15:00:39,666 - INFO - Login button clicked
2025-04-10 15:00:39,667 - INFO - Waiting for you to enter Google Authenticator code...
2025-04-10 15:00:44,128 - INFO - Login successful
2025-04-10 15:00:44,128 - INFO - Clicking on CLOUDLAB icon using the Catalog approach...
2025-04-10 15:00:44,162 - INFO - Clicked on CLOUDLAB icon using Catalog approach
