2025-04-13 16:02:09,263 - INFO - Logging initialized. Log file: C:\Users\g.yilmaz\Desktop\Magento_otomation\Done\logs\printnet_automation_20250413_160209.log
2025-04-13 16:02:09,264 - INFO - ====== WebDriver manager ======
2025-04-13 16:02:10,375 - INFO - Get LATEST chromedriver version for google-chrome
2025-04-13 16:02:10,464 - INFO - Get LATEST chromedriver version for google-chrome
2025-04-13 16:02:10,559 - INFO - Driver [C:\Users\g.yilmaz\.wdm\drivers\chromedriver\win64\135.0.7049.84\chromedriver-win32/chromedriver.exe] found in cache
2025-04-13 16:02:11,595 - INFO - Chrome WebDriver initialized successfully
2025-04-13 16:02:11,595 - INFO - Navigating to PrintNet login page: https://printnet.networkhero.eu/dashboard/admin/
2025-04-13 16:02:12,709 - INFO - Username entered
2025-04-13 16:02:12,718 - ERROR - Failed to find password field by ID: Message: no such element: Unable to locate element: {"method":"css selector","selector":"[id="password"]"}
  (Session info: chrome=135.0.7049.85); For documentation on this error, please visit: https://www.selenium.dev/documentation/webdriver/troubleshooting/errors#no-such-element-exception
Stacktrace:
	GetHandleVerifier [0x00AD80E3+60707]
	GetHandleVerifier [0x00AD8124+60772]
	(No symbol) [0x00900683]
	(No symbol) [0x00948660]
	(No symbol) [0x009489FB]
	(No symbol) [0x00991022]
	(No symbol) [0x0096D094]
	(No symbol) [0x0098E824]
	(No symbol) [0x0096CE46]
	(No symbol) [0x0093C5D3]
	(No symbol) [0x0093D424]
	GetHandleVerifier [0x00D1BBC3+2435075]
	GetHandleVerifier [0x00D17163+2416035]
	GetHandleVerifier [0x00D3350C+2531660]
	GetHandleVerifier [0x00AEF1B5+155125]
	GetHandleVerifier [0x00AF5B5D+182173]
	GetHandleVerifier [0x00ADF9B8+91640]
	GetHandleVerifier [0x00ADFB60+92064]
	GetHandleVerifier [0x00ACA620+4704]
	BaseThreadInitThunk [0x76AA7BA9+25]
	RtlInitializeExceptionChain [0x77AEC2EB+107]
	RtlClearBits [0x77AEC26F+191]

2025-04-13 16:02:12,802 - INFO - Password entered using alternative selector
2025-04-13 16:02:15,584 - INFO - Login button clicked
2025-04-13 16:02:25,016 - INFO - Successfully logged in to PrintNet
2025-04-13 16:02:25,016 - INFO - Successfully logged in to PrintNet
2025-04-13 16:02:25,017 - INFO - Processing first product: Mappe für DIN A4 2-teilig mit 2 Laschen, 4/4 farbig (Außenseite bedruckt), mit Heißfolienprägung Gold (SKU: 1004370)
2025-04-13 16:02:25,017 - INFO - Clicking on Catalog icon in PrintNet...
2025-04-13 16:02:25,079 - INFO - Clicking on Products submenu in PrintNet...
2025-04-13 16:02:26,154 - INFO - Clicking on Add Product button in PrintNet...
2025-04-13 16:02:27,289 - INFO - Navigated to Add Product page in PrintNet
2025-04-13 16:02:28,731 - INFO - SKU giriliyor: 1004370
2025-04-13 16:02:28,842 - INFO - SKU girildi: 1004370
2025-04-13 16:02:28,842 - INFO - Fiyat giriliyor: 1.00
2025-04-13 16:02:28,940 - INFO - Fiyat girildi: 1.00
2025-04-13 16:02:28,940 - INFO - Miktar giriliyor: 99999999
2025-04-13 16:02:29,145 - INFO - Miktar girildi: 99999999
2025-04-13 16:02:29,145 - INFO - Starting Visibility selection process
2025-04-13 16:02:29,224 - INFO - Successfully selected 'Catalog'
2025-04-13 16:02:30,225 - INFO - Setting 'Is Meter Price' to: Yes
2025-04-13 16:02:30,232 - INFO - Initial scroll position: 499.20001220703125px
2025-04-13 16:02:30,248 - INFO - Current scroll position after positioning: 493.6000061035156px
2025-04-13 16:02:30,291 - INFO - Toggle result: Changed 'Is Meter Price' to: Yes
2025-04-13 16:02:30,295 - INFO - Final scroll position: 493.6000061035156px
2025-04-13 16:02:30,306 - INFO - Validation confirmed 'Is Meter Price' setting was applied correctly
2025-04-13 16:02:30,530 - INFO - bannerheld.at seçildi
2025-04-13 16:02:38,674 - INFO - Updating Product Type to: Upload + Personalization + Configuration using producer-style approach
2025-04-13 16:02:39,708 - INFO - Clicked General tab
2025-04-13 16:02:41,709 - INFO - Selecting Product Type: Upload + Personalization + Configuration with producer-style approach
2025-04-13 16:02:42,748 - INFO - JavaScript Product Type selection result: Selected Upload + Personalization + Configuration using standard select
2025-04-13 16:02:45,820 - INFO - Looking for Price Calculation field
2025-04-13 16:02:45,834 - INFO - JavaScript Price Calculation selection result: Selected Fixed using standard select
2025-04-13 16:02:49,893 - WARNING - Failed to configure Web2Print settings
2025-04-13 16:02:56,040 - INFO - Selecting weekdays in Production Days multiselect
2025-04-13 16:02:57,116 - INFO - Clicked Others tab
2025-04-13 16:02:59,118 - INFO - Trying to select Print Files Options
2025-04-13 16:03:00,138 - INFO - Found Print Files Options area
2025-04-13 16:03:00,151 - INFO - JavaScript selection result: {'selected': ['Upload from Account', 'Send to Graphic Department', 'Send by Email', 'Online Designer'], 'success': True}
2025-04-13 16:03:01,157 - INFO - Trying all multiselects approach
2025-04-13 16:03:01,166 - INFO - Found 3 multiselects
2025-04-13 16:03:02,192 - INFO - JavaScript multiselect 1 result: {'selected': [], 'success': False}
2025-04-13 16:03:03,214 - INFO - JavaScript multiselect 2 result: {'selected': [], 'success': False}
2025-04-13 16:03:04,229 - INFO - JavaScript multiselect 3 result: {'selected': ['Monday', 'Tuesday', 'Wednesday', 'Thursday', 'Friday'], 'success': True}
2025-04-13 16:03:04,231 - INFO - Successfully selected weekdays in multiselect 3
2025-04-13 16:03:04,231 - INFO - Configuring Minimum DPI and Quantity Selectors
2025-04-13 16:03:05,262 - INFO - Set Minimum DPI to 300
2025-04-13 16:03:06,294 - INFO - Use Custom Quantity Selector result: {'action': 'enabled', 'success': True}
2025-04-13 16:03:07,329 - INFO - Use Fixed Price Quantity Selector result: {'action': 'enabled', 'success': True}
2025-04-13 16:03:07,329 - INFO - Configuring Print Product Setup with CTRL+click for multiple selection
2025-04-13 16:03:08,398 - INFO - Clicked Print Product Setup
2025-04-13 16:03:10,400 - INFO - Attempting to select the last option in Product Parts list
2025-04-13 16:03:11,420 - INFO - Found Product Parts select element
2025-04-13 16:03:19,184 - INFO - Selected last option (index 1136) from Product Parts list
2025-04-13 16:03:19,194 - INFO - Textarea values set result: {'dateityp': False, 'datencheck': False}
2025-04-13 16:03:19,194 - INFO - Trying multiselect approach with CTRL+click
2025-04-13 16:03:20,285 - INFO - Clicked Standard option
2025-04-13 16:03:21,572 - INFO - CTRL+Clicked Profidatencheck option
2025-04-13 16:03:23,634 - INFO - Clicked PDF-file option
2025-04-13 16:03:24,918 - INFO - CTRL+Clicked Image option
2025-04-13 16:03:25,920 - INFO - Configuring additional settings with improved approach
2025-04-13 16:03:25,920 - INFO - Configuring Lieferung field
2025-04-13 16:03:26,963 - INFO - Lieferung selection result: {'selected': ['Standard ( production_standard )', 'Express ( production_express )', 'Standard Plus ( production_standard_plus )'], 'success': True}
2025-04-13 16:03:26,963 - INFO - Configuring Anzahl field
2025-04-13 16:03:28,543 - INFO - Selected quantity_1
2025-04-13 16:03:29,130 - INFO - Selected quantity_1 using Select class
2025-04-13 16:03:29,131 - INFO - Configuring Proof Group field
2025-04-13 16:03:30,683 - INFO - Selected proof_group_digital
2025-04-13 16:03:31,273 - INFO - Selected proof_group_digital using Select class
2025-04-13 16:03:31,273 - INFO - Configuring Product Personalization Template field
2025-04-13 16:03:32,326 - INFO - Template setting result: {'action': 'selected option', 'element': 'select', 'success': True}
2025-04-13 16:03:32,326 - INFO - Successfully configured all settings in PrintNet for product: Mappe für DIN A4 2-teilig mit 2 Laschen, 4/4 farbig (Außenseite bedruckt), mit Heißfolienprägung Gold
2025-04-13 16:03:32,326 - INFO - Successfully configured product: Mappe für DIN A4 2-teilig mit 2 Laschen, 4/4 farbig (Außenseite bedruckt), mit Heißfolienprägung Gold
2025-04-13 16:03:32,326 - INFO - Clicking the Save button in the top right corner
2025-04-13 16:03:42,491 - WARNING - Standard approach failed: Message: 
Stacktrace:
	GetHandleVerifier [0x00AD80E3+60707]
	GetHandleVerifier [0x00AD8124+60772]
	(No symbol) [0x00900683]
	(No symbol) [0x00948660]
	(No symbol) [0x009489FB]
	(No symbol) [0x00991022]
	(No symbol) [0x0096D094]
	(No symbol) [0x0098E824]
	(No symbol) [0x0096CE46]
	(No symbol) [0x0093C5D3]
	(No symbol) [0x0093D424]
	GetHandleVerifier [0x00D1BBC3+2435075]
	GetHandleVerifier [0x00D17163+2416035]
	GetHandleVerifier [0x00D3350C+2531660]
	GetHandleVerifier [0x00AEF1B5+155125]
	GetHandleVerifier [0x00AF5B5D+182173]
	GetHandleVerifier [0x00ADF9B8+91640]
	GetHandleVerifier [0x00ADFB60+92064]
	GetHandleVerifier [0x00ACA620+4704]
	BaseThreadInitThunk [0x76AA7BA9+25]
	RtlInitializeExceptionChain [0x77AEC2EB+107]
	RtlClearBits [0x77AEC26F+191]

2025-04-13 16:03:42,685 - INFO - JavaScript result: Clicked Save button by text
2025-04-13 16:03:42,685 - INFO - Successfully clicked Save button using JavaScript
2025-04-13 16:03:52,685 - INFO - Successfully saved product: Mappe für DIN A4 2-teilig mit 2 Laschen, 4/4 farbig (Außenseite bedruckt), mit Heißfolienprägung Gold
2025-04-13 16:03:54,916 - INFO - Browser closed
