2025-04-11 10:26:58,943 - INFO - Logging initialized. Log file: C:\Users\g.yilmaz\Desktop\Magento_otomation\Done\logs\printnet_automation_20250411_102658.log
2025-04-11 10:26:58,944 - INFO - ====== WebDriver manager ======
2025-04-11 10:26:59,905 - INFO - Get LATEST chromedriver version for google-chrome
2025-04-11 10:26:59,975 - INFO - Get LATEST chromedriver version for google-chrome
2025-04-11 10:27:00,054 - INFO - Driver [C:\Users\g.yilmaz\.wdm\drivers\chromedriver\win64\135.0.7049.84\chromedriver-win32/chromedriver.exe] found in cache
2025-04-11 10:27:01,076 - INFO - Chrome WebDriver initialized successfully
2025-04-11 10:27:01,076 - INFO - Navigating to PrintNet login page: https://printnet.networkhero.eu/dashboard/admin/
2025-04-11 10:27:01,830 - INFO - Username entered
2025-04-11 10:27:01,843 - ERROR - Failed to find password field by ID: Message: no such element: Unable to locate element: {"method":"css selector","selector":"[id="password"]"}
  (Session info: chrome=135.0.7049.85); For documentation on this error, please visit: https://www.selenium.dev/documentation/webdriver/troubleshooting/errors#no-such-element-exception
Stacktrace:
	GetHandleVerifier [0x012480E3+60707]
	GetHandleVerifier [0x01248124+60772]
	(No symbol) [0x01070683]
	(No symbol) [0x010B8660]
	(No symbol) [0x010B89FB]
	(No symbol) [0x01101022]
	(No symbol) [0x010DD094]
	(No symbol) [0x010FE824]
	(No symbol) [0x010DCE46]
	(No symbol) [0x010AC5D3]
	(No symbol) [0x010AD424]
	GetHandleVerifier [0x0148BBC3+2435075]
	GetHandleVerifier [0x01487163+2416035]
	GetHandleVerifier [0x014A350C+2531660]
	GetHandleVerifier [0x0125F1B5+155125]
	GetHandleVerifier [0x01265B5D+182173]
	GetHandleVerifier [0x0124F9B8+91640]
	GetHandleVerifier [0x0124FB60+92064]
	GetHandleVerifier [0x0123A620+4704]
	BaseThreadInitThunk [0x75897BA9+25]
	RtlInitializeExceptionChain [0x7765C2EB+107]
	RtlClearBits [0x7765C26F+191]

2025-04-11 10:27:01,918 - INFO - Password entered using alternative selector
2025-04-11 10:27:04,083 - INFO - Login button clicked
2025-04-11 10:27:12,154 - INFO - Successfully logged in to PrintNet
2025-04-11 10:27:12,155 - INFO - Successfully logged in to PrintNet
2025-04-11 10:27:12,156 - INFO - Processing last product: Mappe für Quadrat 21x21cm 2-teilig mit 3 Laschen, 4/4 farbig (Außenseite bedruckt), mit Heißfolienprägung Silber (SKU: 1004551)
2025-04-11 10:27:12,156 - INFO - Clicking on Catalog icon in PrintNet...
2025-04-11 10:27:12,231 - INFO - Clicking on Products submenu in PrintNet...
2025-04-11 10:27:13,006 - INFO - Clicking on Add Product button in PrintNet...
2025-04-11 10:27:14,092 - INFO - Navigated to Add Product page in PrintNet
2025-04-11 10:27:15,245 - INFO - SKU giriliyor: 1004551
2025-04-11 10:27:15,352 - INFO - SKU girildi: 1004551
2025-04-11 10:27:15,352 - INFO - Fiyat giriliyor: 1.00
2025-04-11 10:27:15,447 - INFO - Fiyat girildi: 1.00
2025-04-11 10:27:15,447 - INFO - Miktar giriliyor: 99999999
2025-04-11 10:27:15,510 - INFO - Miktar girildi: 99999999
2025-04-11 10:27:15,510 - INFO - Starting Visibility selection process
2025-04-11 10:27:19,564 - ERROR - Error in dropdown selection: 'WebElement' object has no attribute 'xpath'
2025-04-11 10:27:19,564 - ERROR - Failed catalog
2025-04-11 10:27:19,564 - ERROR - Failed to configure product: Mappe für Quadrat 21x21cm 2-teilig mit 3 Laschen, 4/4 farbig (Außenseite bedruckt), mit Heißfolienprägung Silber
2025-04-11 10:27:21,763 - INFO - Browser closed
