2025-04-11 10:20:46,062 - INFO - Logging initialized. Log file: C:\Users\g.yilmaz\Desktop\Magento_otomation\Done\logs\printnet_automation_20250411_102046.log
2025-04-11 10:20:46,063 - INFO - ====== WebDriver manager ======
2025-04-11 10:20:47,027 - INFO - Get LATEST chromedriver version for google-chrome
2025-04-11 10:20:47,098 - INFO - Get LATEST chromedriver version for google-chrome
2025-04-11 10:20:47,167 - INFO - Driver [C:\Users\g.yilmaz\.wdm\drivers\chromedriver\win64\135.0.7049.84\chromedriver-win32/chromedriver.exe] found in cache
2025-04-11 10:20:48,193 - INFO - Chrome WebDriver initialized successfully
2025-04-11 10:20:48,193 - INFO - Navigating to PrintNet login page: https://printnet.networkhero.eu/dashboard/admin/
2025-04-11 10:20:48,862 - INFO - Username entered
2025-04-11 10:20:48,879 - ERROR - Failed to find password field by ID: Message: no such element: Unable to locate element: {"method":"css selector","selector":"[id="password"]"}
  (Session info: chrome=135.0.7049.85); For documentation on this error, please visit: https://www.selenium.dev/documentation/webdriver/troubleshooting/errors#no-such-element-exception
Stacktrace:
	GetHandleVerifier [0x012480E3+60707]
	GetHandleVerifier [0x01248124+60772]
	(No symbol) [0x01070683]
	(No symbol) [0x010B8660]
	(No symbol) [0x010B89FB]
	(No symbol) [0x01101022]
	(No symbol) [0x010DD094]
	(No symbol) [0x010FE824]
	(No symbol) [0x010DCE46]
	(No symbol) [0x010AC5D3]
	(No symbol) [0x010AD424]
	GetHandleVerifier [0x0148BBC3+2435075]
	GetHandleVerifier [0x01487163+2416035]
	GetHandleVerifier [0x014A350C+2531660]
	GetHandleVerifier [0x0125F1B5+155125]
	GetHandleVerifier [0x01265B5D+182173]
	GetHandleVerifier [0x0124F9B8+91640]
	GetHandleVerifier [0x0124FB60+92064]
	GetHandleVerifier [0x0123A620+4704]
	BaseThreadInitThunk [0x75897BA9+25]
	RtlInitializeExceptionChain [0x7765C2EB+107]
	RtlClearBits [0x7765C26F+191]

2025-04-11 10:20:48,951 - INFO - Password entered using alternative selector
2025-04-11 10:20:51,081 - INFO - Login button clicked
2025-04-11 10:21:00,411 - INFO - Successfully logged in to PrintNet
2025-04-11 10:21:00,411 - INFO - Successfully logged in to PrintNet
2025-04-11 10:21:00,413 - INFO - Processing last product: Mappe für Quadrat 21x21cm 2-teilig mit 3 Laschen, 4/4 farbig (Außenseite bedruckt), mit Heißfolienprägung Silber (SKU: 1004551)
2025-04-11 10:21:00,413 - INFO - Clicking on Catalog icon in PrintNet...
2025-04-11 10:21:00,494 - INFO - Clicking on Products submenu in PrintNet...
2025-04-11 10:21:01,278 - INFO - Clicking on Add Product button in PrintNet...
2025-04-11 10:21:02,318 - INFO - Navigated to Add Product page in PrintNet
2025-04-11 10:21:03,410 - INFO - SKU giriliyor: 1004551
2025-04-11 10:21:03,515 - INFO - SKU girildi: 1004551
2025-04-11 10:21:03,516 - INFO - Fiyat giriliyor: 1.00
2025-04-11 10:21:03,611 - INFO - Fiyat girildi: 1.00
2025-04-11 10:21:03,611 - INFO - Miktar giriliyor: 99999999
2025-04-11 10:21:03,677 - INFO - Miktar girildi: 99999999
2025-04-11 10:21:03,680 - INFO - Attempting to set Visibility to 'Catalog'
2025-04-11 10:21:25,200 - WARNING - Retrying (Retry(total=2, connect=None, read=None, redirect=None, status=None)) after connection broken by 'NewConnectionError('<urllib3.connection.HTTPConnection object at 0x000001A4EA591850>: Failed to establish a new connection: [WinError 10061] Es konnte keine Verbindung hergestellt werden, da der Zielcomputer die Verbindung verweigerte')': /session/5c38097980bd367b55c2ce004f876e5a/execute/sync
2025-04-11 10:21:29,272 - WARNING - Retrying (Retry(total=1, connect=None, read=None, redirect=None, status=None)) after connection broken by 'NewConnectionError('<urllib3.connection.HTTPConnection object at 0x000001A4EA591AF0>: Failed to establish a new connection: [WinError 10061] Es konnte keine Verbindung hergestellt werden, da der Zielcomputer die Verbindung verweigerte')': /session/5c38097980bd367b55c2ce004f876e5a/execute/sync
2025-04-11 10:21:33,328 - WARNING - Retrying (Retry(total=0, connect=None, read=None, redirect=None, status=None)) after connection broken by 'NewConnectionError('<urllib3.connection.HTTPConnection object at 0x000001A4EA591CD0>: Failed to establish a new connection: [WinError 10061] Es konnte keine Verbindung hergestellt werden, da der Zielcomputer die Verbindung verweigerte')': /session/5c38097980bd367b55c2ce004f876e5a/execute/sync
2025-04-11 10:21:37,365 - ERROR - Detailed error in visibility selection: HTTPConnectionPool(host='localhost', port=43022): Max retries exceeded with url: /session/5c38097980bd367b55c2ce004f876e5a/execute/sync (Caused by NewConnectionError('<urllib3.connection.HTTPConnection object at 0x000001A4EA591EE0>: Failed to establish a new connection: [WinError 10061] Es konnte keine Verbindung hergestellt werden, da der Zielcomputer die Verbindung verweigerte'))
2025-04-11 10:21:37,365 - ERROR - Failed catalog
2025-04-11 10:21:37,366 - ERROR - Failed to configure product: Mappe für Quadrat 21x21cm 2-teilig mit 3 Laschen, 4/4 farbig (Außenseite bedruckt), mit Heißfolienprägung Silber
2025-04-11 10:21:41,452 - WARNING - Retrying (Retry(total=2, connect=None, read=None, redirect=None, status=None)) after connection broken by 'NewConnectionError('<urllib3.connection.HTTPConnection object at 0x000001A4EA590A40>: Failed to establish a new connection: [WinError 10061] Es konnte keine Verbindung hergestellt werden, da der Zielcomputer die Verbindung verweigerte')': /session/5c38097980bd367b55c2ce004f876e5a
2025-04-11 10:21:45,517 - WARNING - Retrying (Retry(total=1, connect=None, read=None, redirect=None, status=None)) after connection broken by 'NewConnectionError('<urllib3.connection.HTTPConnection object at 0x000001A4EA592300>: Failed to establish a new connection: [WinError 10061] Es konnte keine Verbindung hergestellt werden, da der Zielcomputer die Verbindung verweigerte')': /session/5c38097980bd367b55c2ce004f876e5a
2025-04-11 10:21:49,571 - WARNING - Retrying (Retry(total=0, connect=None, read=None, redirect=None, status=None)) after connection broken by 'NewConnectionError('<urllib3.connection.HTTPConnection object at 0x000001A4EA5924B0>: Failed to establish a new connection: [WinError 10061] Es konnte keine Verbindung hergestellt werden, da der Zielcomputer die Verbindung verweigerte')': /session/5c38097980bd367b55c2ce004f876e5a
2025-04-11 10:21:57,699 - INFO - Browser closed
