2025-04-11 14:22:58,776 - INFO - Logging initialized. Log file: C:\Users\g.yilmaz\Desktop\Magento_otomation\Done\logs\printnet_automation_20250411_142258.log
2025-04-11 14:22:58,779 - INFO - Logging initialized. Log file: C:\Users\g.yilmaz\Desktop\Magento_otomation\Done\logs\skynet_fixed_price_20250411_142258.log
2025-04-11 14:22:58,781 - INFO - Logging initialized. Log file: C:\Users\g.yilmaz\Desktop\Magento_otomation\Done\logs\printnet_fixed_price_20250411_142258.log
2025-04-11 14:22:58,797 - INFO - Logging initialized. Log file: C:\Users\g.yilmaz\Desktop\Magento_otomation\Done\logs\skynet_page_options_20250411_142258.log
2025-04-11 14:23:00,861 - INFO - Toplam 1 ürün eklenecek.
2025-04-11 14:23:00,861 - INFO - ====== WebDriver manager ======
2025-04-11 14:23:01,827 - INFO - Get LATEST chromedriver version for google-chrome
2025-04-11 14:23:01,886 - INFO - Get LATEST chromedriver version for google-chrome
2025-04-11 14:23:01,939 - INFO - Driver [C:\Users\g.yilmaz\.wdm\drivers\chromedriver\win64\135.0.7049.84\chromedriver-win32/chromedriver.exe] found in cache
2025-04-11 14:23:02,973 - INFO - Chrome WebDriver initialized successfully
2025-04-11 14:23:02,973 - INFO - Navigating to https://skynet.networkhero.eu/y5id_dashboard/admin/
2025-04-11 14:23:03,705 - INFO - Username entered
2025-04-11 14:23:03,794 - INFO - Password entered
2025-04-11 14:23:04,233 - INFO - Login button clicked
2025-04-11 14:23:04,234 - INFO - Waiting for you to enter Google Authenticator code...
2025-04-11 14:23:12,021 - INFO - Login successful
2025-04-11 14:23:12,021 - INFO - Clicking on CLOUDLAB icon using the Catalog approach...
2025-04-11 14:23:12,092 - INFO - Clicked on CLOUDLAB icon using Catalog approach
2025-04-11 14:23:12,092 - INFO - Successfully clicked on CloudLab
2025-04-11 14:23:12,092 - INFO - Clicking on Page Options submenu...
2025-04-11 14:23:12,337 - INFO - Clicked on Page Options using XPath approach
2025-04-11 14:23:12,355 - INFO - Successfully navigated to Page Options page
2025-04-11 14:23:12,355 - INFO - Successfully clicked on Page Options
2025-04-11 14:23:12,355 - INFO - Looking for Code search field
2025-04-11 14:23:12,471 - INFO - Entered 'paper_wmd' in Code search field
2025-04-11 14:23:13,514 - WARNING - Could not find search button, trying to press Enter instead: Message: 

2025-04-11 14:23:13,549 - INFO - Pressed Enter to search
2025-04-11 14:23:13,551 - INFO - Looking for the second Material option in search results
2025-04-11 14:23:13,577 - INFO - Found 20 rows in the search results
2025-04-11 14:23:13,652 - WARNING - Error processing row: Message: stale element reference: stale element not found in the current frame
  (Session info: chrome=135.0.7049.85); For documentation on this error, please visit: https://www.selenium.dev/documentation/webdriver/troubleshooting/errors#stale-element-reference-exception
Stacktrace:
	GetHandleVerifier [0x012480E3+60707]
	GetHandleVerifier [0x01248124+60772]
	(No symbol) [0x01070683]
	(No symbol) [0x01076DE7]
	(No symbol) [0x010790DA]
	(No symbol) [0x01079157]
	(No symbol) [0x010B7EF4]
	(No symbol) [0x010B89FB]
	(No symbol) [0x010AE131]
	(No symbol) [0x010DD094]
	(No symbol) [0x010ADCA4]
	(No symbol) [0x010DD2C4]
	(No symbol) [0x010FE824]
	(No symbol) [0x010DCE46]
	(No symbol) [0x010AC5D3]
	(No symbol) [0x010AD424]
	GetHandleVerifier [0x0148BBC3+2435075]
	GetHandleVerifier [0x01487163+2416035]
	GetHandleVerifier [0x014A350C+2531660]
	GetHandleVerifier [0x0125F1B5+155125]
	GetHandleVerifier [0x01265B5D+182173]
	GetHandleVerifier [0x0124F9B8+91640]
	GetHandleVerifier [0x0124FB60+92064]
	GetHandleVerifier [0x0123A620+4704]
	BaseThreadInitThunk [0x75897BA9+25]
	RtlInitializeExceptionChain [0x7765C2EB+107]
	RtlClearBits [0x7765C26F+191]

2025-04-11 14:23:13,656 - WARNING - Error processing row: Message: stale element reference: stale element not found in the current frame
  (Session info: chrome=135.0.7049.85); For documentation on this error, please visit: https://www.selenium.dev/documentation/webdriver/troubleshooting/errors#stale-element-reference-exception
Stacktrace:
	GetHandleVerifier [0x012480E3+60707]
	GetHandleVerifier [0x01248124+60772]
	(No symbol) [0x01070683]
	(No symbol) [0x01076DE7]
	(No symbol) [0x010790DA]
	(No symbol) [0x01079157]
	(No symbol) [0x010B7EF4]
	(No symbol) [0x010B89FB]
	(No symbol) [0x010AE131]
	(No symbol) [0x010DD094]
	(No symbol) [0x010ADCA4]
	(No symbol) [0x010DD2C4]
	(No symbol) [0x010FE824]
	(No symbol) [0x010DCE46]
	(No symbol) [0x010AC5D3]
	(No symbol) [0x010AD424]
	GetHandleVerifier [0x0148BBC3+2435075]
	GetHandleVerifier [0x01487163+2416035]
	GetHandleVerifier [0x014A350C+2531660]
	GetHandleVerifier [0x0125F1B5+155125]
	GetHandleVerifier [0x01265B5D+182173]
	GetHandleVerifier [0x0124F9B8+91640]
	GetHandleVerifier [0x0124FB60+92064]
	GetHandleVerifier [0x0123A620+4704]
	BaseThreadInitThunk [0x75897BA9+25]
	RtlInitializeExceptionChain [0x7765C2EB+107]
	RtlClearBits [0x7765C26F+191]

2025-04-11 14:23:13,664 - WARNING - Error processing row: Message: stale element reference: stale element not found in the current frame
  (Session info: chrome=135.0.7049.85); For documentation on this error, please visit: https://www.selenium.dev/documentation/webdriver/troubleshooting/errors#stale-element-reference-exception
Stacktrace:
	GetHandleVerifier [0x012480E3+60707]
	GetHandleVerifier [0x01248124+60772]
	(No symbol) [0x01070683]
	(No symbol) [0x01076DE7]
	(No symbol) [0x010790DA]
	(No symbol) [0x01079157]
	(No symbol) [0x010B7EF4]
	(No symbol) [0x010B89FB]
	(No symbol) [0x010AE131]
	(No symbol) [0x010DD094]
	(No symbol) [0x010ADCA4]
	(No symbol) [0x010DD2C4]
	(No symbol) [0x010FE824]
	(No symbol) [0x010DCE46]
	(No symbol) [0x010AC5D3]
	(No symbol) [0x010AD424]
	GetHandleVerifier [0x0148BBC3+2435075]
	GetHandleVerifier [0x01487163+2416035]
	GetHandleVerifier [0x014A350C+2531660]
	GetHandleVerifier [0x0125F1B5+155125]
	GetHandleVerifier [0x01265B5D+182173]
	GetHandleVerifier [0x0124F9B8+91640]
	GetHandleVerifier [0x0124FB60+92064]
	GetHandleVerifier [0x0123A620+4704]
	BaseThreadInitThunk [0x75897BA9+25]
	RtlInitializeExceptionChain [0x7765C2EB+107]
	RtlClearBits [0x7765C26F+191]

2025-04-11 14:23:13,672 - WARNING - Error processing row: Message: stale element reference: stale element not found in the current frame
  (Session info: chrome=135.0.7049.85); For documentation on this error, please visit: https://www.selenium.dev/documentation/webdriver/troubleshooting/errors#stale-element-reference-exception
Stacktrace:
	GetHandleVerifier [0x012480E3+60707]
	GetHandleVerifier [0x01248124+60772]
	(No symbol) [0x01070683]
	(No symbol) [0x01076DE7]
	(No symbol) [0x010790DA]
	(No symbol) [0x01079157]
	(No symbol) [0x010B7EF4]
	(No symbol) [0x010B89FB]
	(No symbol) [0x010AE131]
	(No symbol) [0x010DD094]
	(No symbol) [0x010ADCA4]
	(No symbol) [0x010DD2C4]
	(No symbol) [0x010FE824]
	(No symbol) [0x010DCE46]
	(No symbol) [0x010AC5D3]
	(No symbol) [0x010AD424]
	GetHandleVerifier [0x0148BBC3+2435075]
	GetHandleVerifier [0x01487163+2416035]
	GetHandleVerifier [0x014A350C+2531660]
	GetHandleVerifier [0x0125F1B5+155125]
	GetHandleVerifier [0x01265B5D+182173]
	GetHandleVerifier [0x0124F9B8+91640]
	GetHandleVerifier [0x0124FB60+92064]
	GetHandleVerifier [0x0123A620+4704]
	BaseThreadInitThunk [0x75897BA9+25]
	RtlInitializeExceptionChain [0x7765C2EB+107]
	RtlClearBits [0x7765C26F+191]

2025-04-11 14:23:13,677 - WARNING - Error processing row: Message: stale element reference: stale element not found in the current frame
  (Session info: chrome=135.0.7049.85); For documentation on this error, please visit: https://www.selenium.dev/documentation/webdriver/troubleshooting/errors#stale-element-reference-exception
Stacktrace:
	GetHandleVerifier [0x012480E3+60707]
	GetHandleVerifier [0x01248124+60772]
	(No symbol) [0x01070683]
	(No symbol) [0x01076DE7]
	(No symbol) [0x010790DA]
	(No symbol) [0x01079157]
	(No symbol) [0x010B7EF4]
	(No symbol) [0x010B89FB]
	(No symbol) [0x010AE131]
	(No symbol) [0x010DD094]
	(No symbol) [0x010ADCA4]
	(No symbol) [0x010DD2C4]
	(No symbol) [0x010FE824]
	(No symbol) [0x010DCE46]
	(No symbol) [0x010AC5D3]
	(No symbol) [0x010AD424]
	GetHandleVerifier [0x0148BBC3+2435075]
	GetHandleVerifier [0x01487163+2416035]
	GetHandleVerifier [0x014A350C+2531660]
	GetHandleVerifier [0x0125F1B5+155125]
	GetHandleVerifier [0x01265B5D+182173]
	GetHandleVerifier [0x0124F9B8+91640]
	GetHandleVerifier [0x0124FB60+92064]
	GetHandleVerifier [0x0123A620+4704]
	BaseThreadInitThunk [0x75897BA9+25]
	RtlInitializeExceptionChain [0x7765C2EB+107]
	RtlClearBits [0x7765C26F+191]

2025-04-11 14:23:13,685 - WARNING - Error processing row: Message: stale element reference: stale element not found in the current frame
  (Session info: chrome=135.0.7049.85); For documentation on this error, please visit: https://www.selenium.dev/documentation/webdriver/troubleshooting/errors#stale-element-reference-exception
Stacktrace:
	GetHandleVerifier [0x012480E3+60707]
	GetHandleVerifier [0x01248124+60772]
	(No symbol) [0x01070683]
	(No symbol) [0x01076DE7]
	(No symbol) [0x010790DA]
	(No symbol) [0x01079157]
	(No symbol) [0x010B7EF4]
	(No symbol) [0x010B89FB]
	(No symbol) [0x010AE131]
	(No symbol) [0x010DD094]
	(No symbol) [0x010ADCA4]
	(No symbol) [0x010DD2C4]
	(No symbol) [0x010FE824]
	(No symbol) [0x010DCE46]
	(No symbol) [0x010AC5D3]
	(No symbol) [0x010AD424]
	GetHandleVerifier [0x0148BBC3+2435075]
	GetHandleVerifier [0x01487163+2416035]
	GetHandleVerifier [0x014A350C+2531660]
	GetHandleVerifier [0x0125F1B5+155125]
	GetHandleVerifier [0x01265B5D+182173]
	GetHandleVerifier [0x0124F9B8+91640]
	GetHandleVerifier [0x0124FB60+92064]
	GetHandleVerifier [0x0123A620+4704]
	BaseThreadInitThunk [0x75897BA9+25]
	RtlInitializeExceptionChain [0x7765C2EB+107]
	RtlClearBits [0x7765C26F+191]

2025-04-11 14:23:13,689 - WARNING - Error processing row: Message: stale element reference: stale element not found in the current frame
  (Session info: chrome=135.0.7049.85); For documentation on this error, please visit: https://www.selenium.dev/documentation/webdriver/troubleshooting/errors#stale-element-reference-exception
Stacktrace:
	GetHandleVerifier [0x012480E3+60707]
	GetHandleVerifier [0x01248124+60772]
	(No symbol) [0x01070683]
	(No symbol) [0x01076DE7]
	(No symbol) [0x010790DA]
	(No symbol) [0x01079157]
	(No symbol) [0x010B7EF4]
	(No symbol) [0x010B89FB]
	(No symbol) [0x010AE131]
	(No symbol) [0x010DD094]
	(No symbol) [0x010ADCA4]
	(No symbol) [0x010DD2C4]
	(No symbol) [0x010FE824]
	(No symbol) [0x010DCE46]
	(No symbol) [0x010AC5D3]
	(No symbol) [0x010AD424]
	GetHandleVerifier [0x0148BBC3+2435075]
	GetHandleVerifier [0x01487163+2416035]
	GetHandleVerifier [0x014A350C+2531660]
	GetHandleVerifier [0x0125F1B5+155125]
	GetHandleVerifier [0x01265B5D+182173]
	GetHandleVerifier [0x0124F9B8+91640]
	GetHandleVerifier [0x0124FB60+92064]
	GetHandleVerifier [0x0123A620+4704]
	BaseThreadInitThunk [0x75897BA9+25]
	RtlInitializeExceptionChain [0x7765C2EB+107]
	RtlClearBits [0x7765C26F+191]

2025-04-11 14:23:13,695 - WARNING - Error processing row: Message: stale element reference: stale element not found in the current frame
  (Session info: chrome=135.0.7049.85); For documentation on this error, please visit: https://www.selenium.dev/documentation/webdriver/troubleshooting/errors#stale-element-reference-exception
Stacktrace:
	GetHandleVerifier [0x012480E3+60707]
	GetHandleVerifier [0x01248124+60772]
	(No symbol) [0x01070683]
	(No symbol) [0x01076DE7]
	(No symbol) [0x010790DA]
	(No symbol) [0x01079157]
	(No symbol) [0x010B7EF4]
	(No symbol) [0x010B89FB]
	(No symbol) [0x010AE131]
	(No symbol) [0x010DD094]
	(No symbol) [0x010ADCA4]
	(No symbol) [0x010DD2C4]
	(No symbol) [0x010FE824]
	(No symbol) [0x010DCE46]
	(No symbol) [0x010AC5D3]
	(No symbol) [0x010AD424]
	GetHandleVerifier [0x0148BBC3+2435075]
	GetHandleVerifier [0x01487163+2416035]
	GetHandleVerifier [0x014A350C+2531660]
	GetHandleVerifier [0x0125F1B5+155125]
	GetHandleVerifier [0x01265B5D+182173]
	GetHandleVerifier [0x0124F9B8+91640]
	GetHandleVerifier [0x0124FB60+92064]
	GetHandleVerifier [0x0123A620+4704]
	BaseThreadInitThunk [0x75897BA9+25]
	RtlInitializeExceptionChain [0x7765C2EB+107]
	RtlClearBits [0x7765C26F+191]

2025-04-11 14:23:13,702 - WARNING - Error processing row: Message: stale element reference: stale element not found in the current frame
  (Session info: chrome=135.0.7049.85); For documentation on this error, please visit: https://www.selenium.dev/documentation/webdriver/troubleshooting/errors#stale-element-reference-exception
Stacktrace:
	GetHandleVerifier [0x012480E3+60707]
	GetHandleVerifier [0x01248124+60772]
	(No symbol) [0x01070683]
	(No symbol) [0x01076DE7]
	(No symbol) [0x010790DA]
	(No symbol) [0x01079157]
	(No symbol) [0x010B7EF4]
	(No symbol) [0x010B89FB]
	(No symbol) [0x010AE131]
	(No symbol) [0x010DD094]
	(No symbol) [0x010ADCA4]
	(No symbol) [0x010DD2C4]
	(No symbol) [0x010FE824]
	(No symbol) [0x010DCE46]
	(No symbol) [0x010AC5D3]
	(No symbol) [0x010AD424]
	GetHandleVerifier [0x0148BBC3+2435075]
	GetHandleVerifier [0x01487163+2416035]
	GetHandleVerifier [0x014A350C+2531660]
	GetHandleVerifier [0x0125F1B5+155125]
	GetHandleVerifier [0x01265B5D+182173]
	GetHandleVerifier [0x0124F9B8+91640]
	GetHandleVerifier [0x0124FB60+92064]
	GetHandleVerifier [0x0123A620+4704]
	BaseThreadInitThunk [0x75897BA9+25]
	RtlInitializeExceptionChain [0x7765C2EB+107]
	RtlClearBits [0x7765C26F+191]

2025-04-11 14:23:13,707 - WARNING - Error processing row: Message: stale element reference: stale element not found in the current frame
  (Session info: chrome=135.0.7049.85); For documentation on this error, please visit: https://www.selenium.dev/documentation/webdriver/troubleshooting/errors#stale-element-reference-exception
Stacktrace:
	GetHandleVerifier [0x012480E3+60707]
	GetHandleVerifier [0x01248124+60772]
	(No symbol) [0x01070683]
	(No symbol) [0x01076DE7]
	(No symbol) [0x010790DA]
	(No symbol) [0x01079157]
	(No symbol) [0x010B7EF4]
	(No symbol) [0x010B89FB]
	(No symbol) [0x010AE131]
	(No symbol) [0x010DD094]
	(No symbol) [0x010ADCA4]
	(No symbol) [0x010DD2C4]
	(No symbol) [0x010FE824]
	(No symbol) [0x010DCE46]
	(No symbol) [0x010AC5D3]
	(No symbol) [0x010AD424]
	GetHandleVerifier [0x0148BBC3+2435075]
	GetHandleVerifier [0x01487163+2416035]
	GetHandleVerifier [0x014A350C+2531660]
	GetHandleVerifier [0x0125F1B5+155125]
	GetHandleVerifier [0x01265B5D+182173]
	GetHandleVerifier [0x0124F9B8+91640]
	GetHandleVerifier [0x0124FB60+92064]
	GetHandleVerifier [0x0123A620+4704]
	BaseThreadInitThunk [0x75897BA9+25]
	RtlInitializeExceptionChain [0x7765C2EB+107]
	RtlClearBits [0x7765C26F+191]

2025-04-11 14:23:13,713 - WARNING - Error processing row: Message: stale element reference: stale element not found in the current frame
  (Session info: chrome=135.0.7049.85); For documentation on this error, please visit: https://www.selenium.dev/documentation/webdriver/troubleshooting/errors#stale-element-reference-exception
Stacktrace:
	GetHandleVerifier [0x012480E3+60707]
	GetHandleVerifier [0x01248124+60772]
	(No symbol) [0x01070683]
	(No symbol) [0x01076DE7]
	(No symbol) [0x010790DA]
	(No symbol) [0x01079157]
	(No symbol) [0x010B7EF4]
	(No symbol) [0x010B89FB]
	(No symbol) [0x010AE131]
	(No symbol) [0x010DD094]
	(No symbol) [0x010ADCA4]
	(No symbol) [0x010DD2C4]
	(No symbol) [0x010FE824]
	(No symbol) [0x010DCE46]
	(No symbol) [0x010AC5D3]
	(No symbol) [0x010AD424]
	GetHandleVerifier [0x0148BBC3+2435075]
	GetHandleVerifier [0x01487163+2416035]
	GetHandleVerifier [0x014A350C+2531660]
	GetHandleVerifier [0x0125F1B5+155125]
	GetHandleVerifier [0x01265B5D+182173]
	GetHandleVerifier [0x0124F9B8+91640]
	GetHandleVerifier [0x0124FB60+92064]
	GetHandleVerifier [0x0123A620+4704]
	BaseThreadInitThunk [0x75897BA9+25]
	RtlInitializeExceptionChain [0x7765C2EB+107]
	RtlClearBits [0x7765C26F+191]

2025-04-11 14:23:13,720 - WARNING - Error processing row: Message: stale element reference: stale element not found in the current frame
  (Session info: chrome=135.0.7049.85); For documentation on this error, please visit: https://www.selenium.dev/documentation/webdriver/troubleshooting/errors#stale-element-reference-exception
Stacktrace:
	GetHandleVerifier [0x012480E3+60707]
	GetHandleVerifier [0x01248124+60772]
	(No symbol) [0x01070683]
	(No symbol) [0x01076DE7]
	(No symbol) [0x010790DA]
	(No symbol) [0x01079157]
	(No symbol) [0x010B7EF4]
	(No symbol) [0x010B89FB]
	(No symbol) [0x010AE131]
	(No symbol) [0x010DD094]
	(No symbol) [0x010ADCA4]
	(No symbol) [0x010DD2C4]
	(No symbol) [0x010FE824]
	(No symbol) [0x010DCE46]
	(No symbol) [0x010AC5D3]
	(No symbol) [0x010AD424]
	GetHandleVerifier [0x0148BBC3+2435075]
	GetHandleVerifier [0x01487163+2416035]
	GetHandleVerifier [0x014A350C+2531660]
	GetHandleVerifier [0x0125F1B5+155125]
	GetHandleVerifier [0x01265B5D+182173]
	GetHandleVerifier [0x0124F9B8+91640]
	GetHandleVerifier [0x0124FB60+92064]
	GetHandleVerifier [0x0123A620+4704]
	BaseThreadInitThunk [0x75897BA9+25]
	RtlInitializeExceptionChain [0x7765C2EB+107]
	RtlClearBits [0x7765C26F+191]

2025-04-11 14:23:13,726 - WARNING - Error processing row: Message: stale element reference: stale element not found in the current frame
  (Session info: chrome=135.0.7049.85); For documentation on this error, please visit: https://www.selenium.dev/documentation/webdriver/troubleshooting/errors#stale-element-reference-exception
Stacktrace:
	GetHandleVerifier [0x012480E3+60707]
	GetHandleVerifier [0x01248124+60772]
	(No symbol) [0x01070683]
	(No symbol) [0x01076DE7]
	(No symbol) [0x010790DA]
	(No symbol) [0x01079157]
	(No symbol) [0x010B7EF4]
	(No symbol) [0x010B89FB]
	(No symbol) [0x010AE131]
	(No symbol) [0x010DD094]
	(No symbol) [0x010ADCA4]
	(No symbol) [0x010DD2C4]
	(No symbol) [0x010FE824]
	(No symbol) [0x010DCE46]
	(No symbol) [0x010AC5D3]
	(No symbol) [0x010AD424]
	GetHandleVerifier [0x0148BBC3+2435075]
	GetHandleVerifier [0x01487163+2416035]
	GetHandleVerifier [0x014A350C+2531660]
	GetHandleVerifier [0x0125F1B5+155125]
	GetHandleVerifier [0x01265B5D+182173]
	GetHandleVerifier [0x0124F9B8+91640]
	GetHandleVerifier [0x0124FB60+92064]
	GetHandleVerifier [0x0123A620+4704]
	BaseThreadInitThunk [0x75897BA9+25]
	RtlInitializeExceptionChain [0x7765C2EB+107]
	RtlClearBits [0x7765C26F+191]

2025-04-11 14:23:13,732 - WARNING - Error processing row: Message: stale element reference: stale element not found in the current frame
  (Session info: chrome=135.0.7049.85); For documentation on this error, please visit: https://www.selenium.dev/documentation/webdriver/troubleshooting/errors#stale-element-reference-exception
Stacktrace:
	GetHandleVerifier [0x012480E3+60707]
	GetHandleVerifier [0x01248124+60772]
	(No symbol) [0x01070683]
	(No symbol) [0x01076DE7]
	(No symbol) [0x010790DA]
	(No symbol) [0x01079157]
	(No symbol) [0x010B7EF4]
	(No symbol) [0x010B89FB]
	(No symbol) [0x010AE131]
	(No symbol) [0x010DD094]
	(No symbol) [0x010ADCA4]
	(No symbol) [0x010DD2C4]
	(No symbol) [0x010FE824]
	(No symbol) [0x010DCE46]
	(No symbol) [0x010AC5D3]
	(No symbol) [0x010AD424]
	GetHandleVerifier [0x0148BBC3+2435075]
	GetHandleVerifier [0x01487163+2416035]
	GetHandleVerifier [0x014A350C+2531660]
	GetHandleVerifier [0x0125F1B5+155125]
	GetHandleVerifier [0x01265B5D+182173]
	GetHandleVerifier [0x0124F9B8+91640]
	GetHandleVerifier [0x0124FB60+92064]
	GetHandleVerifier [0x0123A620+4704]
	BaseThreadInitThunk [0x75897BA9+25]
	RtlInitializeExceptionChain [0x7765C2EB+107]
	RtlClearBits [0x7765C26F+191]

2025-04-11 14:23:13,737 - WARNING - Error processing row: Message: stale element reference: stale element not found in the current frame
  (Session info: chrome=135.0.7049.85); For documentation on this error, please visit: https://www.selenium.dev/documentation/webdriver/troubleshooting/errors#stale-element-reference-exception
Stacktrace:
	GetHandleVerifier [0x012480E3+60707]
	GetHandleVerifier [0x01248124+60772]
	(No symbol) [0x01070683]
	(No symbol) [0x01076DE7]
	(No symbol) [0x010790DA]
	(No symbol) [0x01079157]
	(No symbol) [0x010B7EF4]
	(No symbol) [0x010B89FB]
	(No symbol) [0x010AE131]
	(No symbol) [0x010DD094]
	(No symbol) [0x010ADCA4]
	(No symbol) [0x010DD2C4]
	(No symbol) [0x010FE824]
	(No symbol) [0x010DCE46]
	(No symbol) [0x010AC5D3]
	(No symbol) [0x010AD424]
	GetHandleVerifier [0x0148BBC3+2435075]
	GetHandleVerifier [0x01487163+2416035]
	GetHandleVerifier [0x014A350C+2531660]
	GetHandleVerifier [0x0125F1B5+155125]
	GetHandleVerifier [0x01265B5D+182173]
	GetHandleVerifier [0x0124F9B8+91640]
	GetHandleVerifier [0x0124FB60+92064]
	GetHandleVerifier [0x0123A620+4704]
	BaseThreadInitThunk [0x75897BA9+25]
	RtlInitializeExceptionChain [0x7765C2EB+107]
	RtlClearBits [0x7765C26F+191]

2025-04-11 14:23:13,741 - WARNING - Error processing row: Message: stale element reference: stale element not found in the current frame
  (Session info: chrome=135.0.7049.85); For documentation on this error, please visit: https://www.selenium.dev/documentation/webdriver/troubleshooting/errors#stale-element-reference-exception
Stacktrace:
	GetHandleVerifier [0x012480E3+60707]
	GetHandleVerifier [0x01248124+60772]
	(No symbol) [0x01070683]
	(No symbol) [0x01076DE7]
	(No symbol) [0x010790DA]
	(No symbol) [0x01079157]
	(No symbol) [0x010B7EF4]
	(No symbol) [0x010B89FB]
	(No symbol) [0x010AE131]
	(No symbol) [0x010DD094]
	(No symbol) [0x010ADCA4]
	(No symbol) [0x010DD2C4]
	(No symbol) [0x010FE824]
	(No symbol) [0x010DCE46]
	(No symbol) [0x010AC5D3]
	(No symbol) [0x010AD424]
	GetHandleVerifier [0x0148BBC3+2435075]
	GetHandleVerifier [0x01487163+2416035]
	GetHandleVerifier [0x014A350C+2531660]
	GetHandleVerifier [0x0125F1B5+155125]
	GetHandleVerifier [0x01265B5D+182173]
	GetHandleVerifier [0x0124F9B8+91640]
	GetHandleVerifier [0x0124FB60+92064]
	GetHandleVerifier [0x0123A620+4704]
	BaseThreadInitThunk [0x75897BA9+25]
	RtlInitializeExceptionChain [0x7765C2EB+107]
	RtlClearBits [0x7765C26F+191]

2025-04-11 14:23:13,748 - WARNING - Error processing row: Message: stale element reference: stale element not found in the current frame
  (Session info: chrome=135.0.7049.85); For documentation on this error, please visit: https://www.selenium.dev/documentation/webdriver/troubleshooting/errors#stale-element-reference-exception
Stacktrace:
	GetHandleVerifier [0x012480E3+60707]
	GetHandleVerifier [0x01248124+60772]
	(No symbol) [0x01070683]
	(No symbol) [0x01076DE7]
	(No symbol) [0x010790DA]
	(No symbol) [0x01079157]
	(No symbol) [0x010B7EF4]
	(No symbol) [0x010B89FB]
	(No symbol) [0x010AE131]
	(No symbol) [0x010DD094]
	(No symbol) [0x010ADCA4]
	(No symbol) [0x010DD2C4]
	(No symbol) [0x010FE824]
	(No symbol) [0x010DCE46]
	(No symbol) [0x010AC5D3]
	(No symbol) [0x010AD424]
	GetHandleVerifier [0x0148BBC3+2435075]
	GetHandleVerifier [0x01487163+2416035]
	GetHandleVerifier [0x014A350C+2531660]
	GetHandleVerifier [0x0125F1B5+155125]
	GetHandleVerifier [0x01265B5D+182173]
	GetHandleVerifier [0x0124F9B8+91640]
	GetHandleVerifier [0x0124FB60+92064]
	GetHandleVerifier [0x0123A620+4704]
	BaseThreadInitThunk [0x75897BA9+25]
	RtlInitializeExceptionChain [0x7765C2EB+107]
	RtlClearBits [0x7765C26F+191]

2025-04-11 14:23:13,755 - WARNING - Error processing row: Message: stale element reference: stale element not found in the current frame
  (Session info: chrome=135.0.7049.85); For documentation on this error, please visit: https://www.selenium.dev/documentation/webdriver/troubleshooting/errors#stale-element-reference-exception
Stacktrace:
	GetHandleVerifier [0x012480E3+60707]
	GetHandleVerifier [0x01248124+60772]
	(No symbol) [0x01070683]
	(No symbol) [0x01076DE7]
	(No symbol) [0x010790DA]
	(No symbol) [0x01079157]
	(No symbol) [0x010B7EF4]
	(No symbol) [0x010B89FB]
	(No symbol) [0x010AE131]
	(No symbol) [0x010DD094]
	(No symbol) [0x010ADCA4]
	(No symbol) [0x010DD2C4]
	(No symbol) [0x010FE824]
	(No symbol) [0x010DCE46]
	(No symbol) [0x010AC5D3]
	(No symbol) [0x010AD424]
	GetHandleVerifier [0x0148BBC3+2435075]
	GetHandleVerifier [0x01487163+2416035]
	GetHandleVerifier [0x014A350C+2531660]
	GetHandleVerifier [0x0125F1B5+155125]
	GetHandleVerifier [0x01265B5D+182173]
	GetHandleVerifier [0x0124F9B8+91640]
	GetHandleVerifier [0x0124FB60+92064]
	GetHandleVerifier [0x0123A620+4704]
	BaseThreadInitThunk [0x75897BA9+25]
	RtlInitializeExceptionChain [0x7765C2EB+107]
	RtlClearBits [0x7765C26F+191]

2025-04-11 14:23:13,759 - WARNING - Error processing row: Message: stale element reference: stale element not found in the current frame
  (Session info: chrome=135.0.7049.85); For documentation on this error, please visit: https://www.selenium.dev/documentation/webdriver/troubleshooting/errors#stale-element-reference-exception
Stacktrace:
	GetHandleVerifier [0x012480E3+60707]
	GetHandleVerifier [0x01248124+60772]
	(No symbol) [0x01070683]
	(No symbol) [0x01076DE7]
	(No symbol) [0x010790DA]
	(No symbol) [0x01079157]
	(No symbol) [0x010B7EF4]
	(No symbol) [0x010B89FB]
	(No symbol) [0x010AE131]
	(No symbol) [0x010DD094]
	(No symbol) [0x010ADCA4]
	(No symbol) [0x010DD2C4]
	(No symbol) [0x010FE824]
	(No symbol) [0x010DCE46]
	(No symbol) [0x010AC5D3]
	(No symbol) [0x010AD424]
	GetHandleVerifier [0x0148BBC3+2435075]
	GetHandleVerifier [0x01487163+2416035]
	GetHandleVerifier [0x014A350C+2531660]
	GetHandleVerifier [0x0125F1B5+155125]
	GetHandleVerifier [0x01265B5D+182173]
	GetHandleVerifier [0x0124F9B8+91640]
	GetHandleVerifier [0x0124FB60+92064]
	GetHandleVerifier [0x0123A620+4704]
	BaseThreadInitThunk [0x75897BA9+25]
	RtlInitializeExceptionChain [0x7765C2EB+107]
	RtlClearBits [0x7765C26F+191]

2025-04-11 14:23:13,761 - WARNING - Not enough rows found in search results
2025-04-11 14:23:13,953 - INFO - Clicked on the first available Material element
2025-04-11 14:23:13,953 - INFO - Successfully completed search and click workflow
2025-04-11 14:23:13,954 - INFO - Looking for Page Option Values section
2025-04-11 14:23:13,961 - INFO - Scrolling down to find Page Option Values
2025-04-11 14:23:15,038 - INFO - Clicked on Page Option Values section
2025-04-11 14:23:20,105 - INFO - Successfully found and clicked button via JavaScript: Clicked button: 
    add new value

2025-04-11 14:23:20,105 - INFO - Successfully clicked on Page Option Values and Add new Value
2025-04-11 14:23:20,105 - INFO - Parsed 4 materials from name value: ['0,40 mm starker Chromokarton 255g (zertifiziert mit PEFC-Siegel für Nachhaltigkeit), hohe Steifigkeit mit 1,6-fachem Volumen', '0,36 mm starker Bilderdruckkarton 350g matt (zertifiziert mit FSC-Siegel), mittlere Steifigkeit', '0,36 mm starker Naturkarton 300g hochweiß (zertifiziert mit FSC-Siegel), hohe Steifigkeit mit 1,3-fachem Volumen', '0,36 mm starker Recyclingkarton 300g weiß (zertifiziert mit Blauer Engel und EU Ecolabel), mittlere Steifigkeit mit 1,25-fachem Volumen']
2025-04-11 14:23:20,110 - INFO - Parsed 4 materials from code value: ['mappe_a4_2t_44_praegung_silber_0_40mm_chromokarton_255g_pefc_1_6vol', 'mappe_a4_2t_44_praegung_silber_0_36mm_bilderdruckkarton_350g_matt_fsc', 'mappe_a4_2t_44_praegung_silber_0_36mm_naturkarton_300g_hochweiss_fsc_1_3vol', 'mappe_a4_2t_44_praegung_silber_0_36mm_recyclingkarton_300g_weiss_blauer_engel_eu_1_25vol']
2025-04-11 14:23:20,110 - INFO - Processing material 1/4: Name=0,40 mm starker Chromokarton 255g (zertifiziert mit PEFC-Siegel für Nachhaltigkeit), hohe Steifigkeit mit 1,6-fachem Volumen, Code=mappe_a4_2t_44_praegung_silber_0_40mm_chromokarton_255g_pefc_1_6vol, Position=0
2025-04-11 14:23:22,231 - INFO - JavaScript fill result for material 1: {'codeFieldFound': True, 'codeFieldValue': 'mappe_a4_2t_44_praegung_silber_0_40mm_chromokarton_255g_pefc_1_6vol', 'nameFieldFound': True, 'nameFieldValue': '0,40 mm starker Chromokarton 255g (zertifiziert mit PEFC-Siegel für Nachhaltigkeit), hohe Steifigkeit mit 1,6-fachem Volumen', 'positionFieldFound': True, 'positionFieldValue': '0'}
2025-04-11 14:23:23,324 - INFO - Starting popup modal Save button click function
2025-04-11 14:23:23,335 - INFO - Found modal popup
2025-04-11 14:23:23,344 - WARNING - Could not find Save button in modal: Message: no such element: Unable to locate element: {"method":"css selector","selector":"button#save, button.action-primary, button[title='Save'], button.primary"}
  (Session info: chrome=135.0.7049.85); For documentation on this error, please visit: https://www.selenium.dev/documentation/webdriver/troubleshooting/errors#no-such-element-exception
Stacktrace:
	GetHandleVerifier [0x012480E3+60707]
	GetHandleVerifier [0x01248124+60772]
	(No symbol) [0x01070683]
	(No symbol) [0x010B8660]
	(No symbol) [0x010B89FB]
	(No symbol) [0x010ADD81]
	(No symbol) [0x010DD094]
	(No symbol) [0x010ADCA4]
	(No symbol) [0x010DD2C4]
	(No symbol) [0x010FE824]
	(No symbol) [0x010DCE46]
	(No symbol) [0x010AC5D3]
	(No symbol) [0x010AD424]
	GetHandleVerifier [0x0148BBC3+2435075]
	GetHandleVerifier [0x01487163+2416035]
	GetHandleVerifier [0x014A350C+2531660]
	GetHandleVerifier [0x0125F1B5+155125]
	GetHandleVerifier [0x01265B5D+182173]
	GetHandleVerifier [0x0124F9B8+91640]
	GetHandleVerifier [0x0124FB60+92064]
	GetHandleVerifier [0x0123A620+4704]
	BaseThreadInitThunk [0x75897BA9+25]
	RtlInitializeExceptionChain [0x7765C2EB+107]
	RtlClearBits [0x7765C26F+191]

2025-04-11 14:23:23,366 - WARNING - Title-based approach failed: Message: no such element: Unable to locate element: {"method":"xpath","selector":"//div[contains(text(), 'Page Option Value')]"}
  (Session info: chrome=135.0.7049.85); For documentation on this error, please visit: https://www.selenium.dev/documentation/webdriver/troubleshooting/errors#no-such-element-exception
Stacktrace:
	GetHandleVerifier [0x012480E3+60707]
	GetHandleVerifier [0x01248124+60772]
	(No symbol) [0x01070683]
	(No symbol) [0x010B8660]
	(No symbol) [0x010B89FB]
	(No symbol) [0x01101022]
	(No symbol) [0x010DD094]
	(No symbol) [0x010FE824]
	(No symbol) [0x010DCE46]
	(No symbol) [0x010AC5D3]
	(No symbol) [0x010AD424]
	GetHandleVerifier [0x0148BBC3+2435075]
	GetHandleVerifier [0x01487163+2416035]
	GetHandleVerifier [0x014A350C+2531660]
	GetHandleVerifier [0x0125F1B5+155125]
	GetHandleVerifier [0x01265B5D+182173]
	GetHandleVerifier [0x0124F9B8+91640]
	GetHandleVerifier [0x0124FB60+92064]
	GetHandleVerifier [0x0123A620+4704]
	BaseThreadInitThunk [0x75897BA9+25]
	RtlInitializeExceptionChain [0x7765C2EB+107]
	RtlClearBits [0x7765C26F+191]

2025-04-11 14:23:23,377 - WARNING - JavaScript approach could not find modal Save button
2025-04-11 14:23:23,377 - INFO - Looking for most recently added Save button
2025-04-11 14:23:24,563 - INFO - Clicked most recently added Save button
2025-04-11 14:23:24,563 - INFO - Successfully saved material 1
2025-04-11 14:23:26,564 - INFO - Processing material 2/4: Name=0,36 mm starker Bilderdruckkarton 350g matt (zertifiziert mit FSC-Siegel), mittlere Steifigkeit, Code=mappe_a4_2t_44_praegung_silber_0_36mm_bilderdruckkarton_350g_matt_fsc, Position=0
2025-04-11 14:23:26,564 - INFO - Refreshing page for material 2
2025-04-11 14:23:26,975 - INFO - Page refreshed successfully
2025-04-11 14:23:26,975 - INFO - Looking for Page Option Values section
2025-04-11 14:23:27,001 - INFO - Scrolling down to find Page Option Values
2025-04-11 14:23:28,075 - INFO - Clicked on Page Option Values section
2025-04-11 14:23:32,862 - INFO - Successfully found and clicked button via JavaScript: Clicked button: 
    add new value

2025-04-11 14:23:37,001 - INFO - JavaScript fill result for material 2: {'codeFieldFound': True, 'codeFieldValue': 'mappe_a4_2t_44_praegung_silber_0_36mm_bilderdruckkarton_350g_matt_fsc', 'nameFieldFound': True, 'nameFieldValue': '0,36 mm starker Bilderdruckkarton 350g matt (zertifiziert mit FSC-Siegel), mittlere Steifigkeit', 'positionFieldFound': True, 'positionFieldValue': '0'}
2025-04-11 14:23:38,104 - INFO - Starting popup modal Save button click function
2025-04-11 14:23:38,113 - INFO - Found modal popup
2025-04-11 14:23:38,119 - WARNING - Could not find Save button in modal: Message: no such element: Unable to locate element: {"method":"css selector","selector":"button#save, button.action-primary, button[title='Save'], button.primary"}
  (Session info: chrome=135.0.7049.85); For documentation on this error, please visit: https://www.selenium.dev/documentation/webdriver/troubleshooting/errors#no-such-element-exception
Stacktrace:
	GetHandleVerifier [0x012480E3+60707]
	GetHandleVerifier [0x01248124+60772]
	(No symbol) [0x01070683]
	(No symbol) [0x010B8660]
	(No symbol) [0x010B89FB]
	(No symbol) [0x010ADD81]
	(No symbol) [0x010DD094]
	(No symbol) [0x010ADCA4]
	(No symbol) [0x010DD2C4]
	(No symbol) [0x010FE824]
	(No symbol) [0x010DCE46]
	(No symbol) [0x010AC5D3]
	(No symbol) [0x010AD424]
	GetHandleVerifier [0x0148BBC3+2435075]
	GetHandleVerifier [0x01487163+2416035]
	GetHandleVerifier [0x014A350C+2531660]
	GetHandleVerifier [0x0125F1B5+155125]
	GetHandleVerifier [0x01265B5D+182173]
	GetHandleVerifier [0x0124F9B8+91640]
	GetHandleVerifier [0x0124FB60+92064]
	GetHandleVerifier [0x0123A620+4704]
	BaseThreadInitThunk [0x75897BA9+25]
	RtlInitializeExceptionChain [0x7765C2EB+107]
	RtlClearBits [0x7765C26F+191]

2025-04-11 14:23:38,136 - WARNING - Title-based approach failed: Message: no such element: Unable to locate element: {"method":"xpath","selector":"//div[contains(text(), 'Page Option Value')]"}
  (Session info: chrome=135.0.7049.85); For documentation on this error, please visit: https://www.selenium.dev/documentation/webdriver/troubleshooting/errors#no-such-element-exception
Stacktrace:
	GetHandleVerifier [0x012480E3+60707]
	GetHandleVerifier [0x01248124+60772]
	(No symbol) [0x01070683]
	(No symbol) [0x010B8660]
	(No symbol) [0x010B89FB]
	(No symbol) [0x01101022]
	(No symbol) [0x010DD094]
	(No symbol) [0x010FE824]
	(No symbol) [0x010DCE46]
	(No symbol) [0x010AC5D3]
	(No symbol) [0x010AD424]
	GetHandleVerifier [0x0148BBC3+2435075]
	GetHandleVerifier [0x01487163+2416035]
	GetHandleVerifier [0x014A350C+2531660]
	GetHandleVerifier [0x0125F1B5+155125]
	GetHandleVerifier [0x01265B5D+182173]
	GetHandleVerifier [0x0124F9B8+91640]
	GetHandleVerifier [0x0124FB60+92064]
	GetHandleVerifier [0x0123A620+4704]
	BaseThreadInitThunk [0x75897BA9+25]
	RtlInitializeExceptionChain [0x7765C2EB+107]
	RtlClearBits [0x7765C26F+191]

2025-04-11 14:23:38,146 - WARNING - JavaScript approach could not find modal Save button
2025-04-11 14:23:38,146 - INFO - Looking for most recently added Save button
2025-04-11 14:23:39,208 - INFO - Clicked most recently added Save button
2025-04-11 14:23:39,208 - INFO - Successfully saved material 2
2025-04-11 14:23:41,214 - INFO - Processing material 3/4: Name=0,36 mm starker Naturkarton 300g hochweiß (zertifiziert mit FSC-Siegel), hohe Steifigkeit mit 1,3-fachem Volumen, Code=mappe_a4_2t_44_praegung_silber_0_36mm_naturkarton_300g_hochweiss_fsc_1_3vol, Position=0
2025-04-11 14:23:41,214 - INFO - Refreshing page for material 3
2025-04-11 14:23:41,696 - INFO - Page refreshed successfully
2025-04-11 14:23:41,696 - INFO - Looking for Page Option Values section
2025-04-11 14:23:41,703 - INFO - Scrolling down to find Page Option Values
2025-04-11 14:23:42,781 - INFO - Clicked on Page Option Values section
2025-04-11 14:23:47,565 - INFO - Successfully found and clicked button via JavaScript: Clicked button: 
    add new value

2025-04-11 14:23:51,685 - INFO - JavaScript fill result for material 3: {'codeFieldFound': True, 'codeFieldValue': 'mappe_a4_2t_44_praegung_silber_0_36mm_naturkarton_300g_hochweiss_fsc_1_3vol', 'nameFieldFound': True, 'nameFieldValue': '0,36 mm starker Naturkarton 300g hochweiß (zertifiziert mit FSC-Siegel), hohe Steifigkeit mit 1,3-fachem Volumen', 'positionFieldFound': True, 'positionFieldValue': '0'}
2025-04-11 14:23:52,791 - INFO - Starting popup modal Save button click function
2025-04-11 14:23:52,800 - INFO - Found modal popup
2025-04-11 14:23:52,806 - WARNING - Could not find Save button in modal: Message: no such element: Unable to locate element: {"method":"css selector","selector":"button#save, button.action-primary, button[title='Save'], button.primary"}
  (Session info: chrome=135.0.7049.85); For documentation on this error, please visit: https://www.selenium.dev/documentation/webdriver/troubleshooting/errors#no-such-element-exception
Stacktrace:
	GetHandleVerifier [0x012480E3+60707]
	GetHandleVerifier [0x01248124+60772]
	(No symbol) [0x01070683]
	(No symbol) [0x010B8660]
	(No symbol) [0x010B89FB]
	(No symbol) [0x010ADD81]
	(No symbol) [0x010DD094]
	(No symbol) [0x010ADCA4]
	(No symbol) [0x010DD2C4]
	(No symbol) [0x010FE824]
	(No symbol) [0x010DCE46]
	(No symbol) [0x010AC5D3]
	(No symbol) [0x010AD424]
	GetHandleVerifier [0x0148BBC3+2435075]
	GetHandleVerifier [0x01487163+2416035]
	GetHandleVerifier [0x014A350C+2531660]
	GetHandleVerifier [0x0125F1B5+155125]
	GetHandleVerifier [0x01265B5D+182173]
	GetHandleVerifier [0x0124F9B8+91640]
	GetHandleVerifier [0x0124FB60+92064]
	GetHandleVerifier [0x0123A620+4704]
	BaseThreadInitThunk [0x75897BA9+25]
	RtlInitializeExceptionChain [0x7765C2EB+107]
	RtlClearBits [0x7765C26F+191]

2025-04-11 14:23:52,823 - WARNING - Title-based approach failed: Message: no such element: Unable to locate element: {"method":"xpath","selector":"//div[contains(text(), 'Page Option Value')]"}
  (Session info: chrome=135.0.7049.85); For documentation on this error, please visit: https://www.selenium.dev/documentation/webdriver/troubleshooting/errors#no-such-element-exception
Stacktrace:
	GetHandleVerifier [0x012480E3+60707]
	GetHandleVerifier [0x01248124+60772]
	(No symbol) [0x01070683]
	(No symbol) [0x010B8660]
	(No symbol) [0x010B89FB]
	(No symbol) [0x01101022]
	(No symbol) [0x010DD094]
	(No symbol) [0x010FE824]
	(No symbol) [0x010DCE46]
	(No symbol) [0x010AC5D3]
	(No symbol) [0x010AD424]
	GetHandleVerifier [0x0148BBC3+2435075]
	GetHandleVerifier [0x01487163+2416035]
	GetHandleVerifier [0x014A350C+2531660]
	GetHandleVerifier [0x0125F1B5+155125]
	GetHandleVerifier [0x01265B5D+182173]
	GetHandleVerifier [0x0124F9B8+91640]
	GetHandleVerifier [0x0124FB60+92064]
	GetHandleVerifier [0x0123A620+4704]
	BaseThreadInitThunk [0x75897BA9+25]
	RtlInitializeExceptionChain [0x7765C2EB+107]
	RtlClearBits [0x7765C26F+191]

2025-04-11 14:23:52,831 - WARNING - JavaScript approach could not find modal Save button
2025-04-11 14:23:52,832 - INFO - Looking for most recently added Save button
2025-04-11 14:23:53,323 - INFO - Clicked most recently added Save button
2025-04-11 14:23:53,323 - INFO - Successfully saved material 3
2025-04-11 14:23:55,324 - INFO - Processing material 4/4: Name=0,36 mm starker Recyclingkarton 300g weiß (zertifiziert mit Blauer Engel und EU Ecolabel), mittlere Steifigkeit mit 1,25-fachem Volumen, Code=mappe_a4_2t_44_praegung_silber_0_36mm_recyclingkarton_300g_weiss_blauer_engel_eu_1_25vol, Position=0
2025-04-11 14:23:55,324 - INFO - Refreshing page for material 4
2025-04-11 14:23:55,635 - INFO - Page refreshed successfully
2025-04-11 14:23:55,635 - INFO - Looking for Page Option Values section
2025-04-11 14:23:55,658 - INFO - Scrolling down to find Page Option Values
2025-04-11 14:23:56,724 - INFO - Clicked on Page Option Values section
2025-04-11 14:24:01,434 - INFO - Successfully found and clicked button via JavaScript: Clicked button: 
    add new value

2025-04-11 14:24:05,548 - INFO - JavaScript fill result for material 4: {'codeFieldFound': True, 'codeFieldValue': 'mappe_a4_2t_44_praegung_silber_0_36mm_recyclingkarton_300g_weiss_blauer_engel_eu_1_25vol', 'nameFieldFound': True, 'nameFieldValue': '0,36 mm starker Recyclingkarton 300g weiß (zertifiziert mit Blauer Engel und EU Ecolabel), mittlere Steifigkeit mit 1,25-fachem Volumen', 'positionFieldFound': True, 'positionFieldValue': '0'}
2025-04-11 14:24:06,654 - INFO - Starting popup modal Save button click function
2025-04-11 14:24:06,662 - INFO - Found modal popup
2025-04-11 14:24:06,668 - WARNING - Could not find Save button in modal: Message: no such element: Unable to locate element: {"method":"css selector","selector":"button#save, button.action-primary, button[title='Save'], button.primary"}
  (Session info: chrome=135.0.7049.85); For documentation on this error, please visit: https://www.selenium.dev/documentation/webdriver/troubleshooting/errors#no-such-element-exception
Stacktrace:
	GetHandleVerifier [0x012480E3+60707]
	GetHandleVerifier [0x01248124+60772]
	(No symbol) [0x01070683]
	(No symbol) [0x010B8660]
	(No symbol) [0x010B89FB]
	(No symbol) [0x010ADD81]
	(No symbol) [0x010DD094]
	(No symbol) [0x010ADCA4]
	(No symbol) [0x010DD2C4]
	(No symbol) [0x010FE824]
	(No symbol) [0x010DCE46]
	(No symbol) [0x010AC5D3]
	(No symbol) [0x010AD424]
	GetHandleVerifier [0x0148BBC3+2435075]
	GetHandleVerifier [0x01487163+2416035]
	GetHandleVerifier [0x014A350C+2531660]
	GetHandleVerifier [0x0125F1B5+155125]
	GetHandleVerifier [0x01265B5D+182173]
	GetHandleVerifier [0x0124F9B8+91640]
	GetHandleVerifier [0x0124FB60+92064]
	GetHandleVerifier [0x0123A620+4704]
	BaseThreadInitThunk [0x75897BA9+25]
	RtlInitializeExceptionChain [0x7765C2EB+107]
	RtlClearBits [0x7765C26F+191]

2025-04-11 14:24:06,686 - WARNING - Title-based approach failed: Message: no such element: Unable to locate element: {"method":"xpath","selector":"//div[contains(text(), 'Page Option Value')]"}
  (Session info: chrome=135.0.7049.85); For documentation on this error, please visit: https://www.selenium.dev/documentation/webdriver/troubleshooting/errors#no-such-element-exception
Stacktrace:
	GetHandleVerifier [0x012480E3+60707]
	GetHandleVerifier [0x01248124+60772]
	(No symbol) [0x01070683]
	(No symbol) [0x010B8660]
	(No symbol) [0x010B89FB]
	(No symbol) [0x01101022]
	(No symbol) [0x010DD094]
	(No symbol) [0x010FE824]
	(No symbol) [0x010DCE46]
	(No symbol) [0x010AC5D3]
	(No symbol) [0x010AD424]
	GetHandleVerifier [0x0148BBC3+2435075]
	GetHandleVerifier [0x01487163+2416035]
	GetHandleVerifier [0x014A350C+2531660]
	GetHandleVerifier [0x0125F1B5+155125]
	GetHandleVerifier [0x01265B5D+182173]
	GetHandleVerifier [0x0124F9B8+91640]
	GetHandleVerifier [0x0124FB60+92064]
	GetHandleVerifier [0x0123A620+4704]
	BaseThreadInitThunk [0x75897BA9+25]
	RtlInitializeExceptionChain [0x7765C2EB+107]
	RtlClearBits [0x7765C26F+191]

2025-04-11 14:24:06,694 - WARNING - JavaScript approach could not find modal Save button
2025-04-11 14:24:06,695 - INFO - Looking for most recently added Save button
2025-04-11 14:24:07,766 - INFO - Clicked most recently added Save button
2025-04-11 14:24:07,766 - INFO - Successfully saved material 4
2025-04-11 14:24:09,780 - INFO - All materials processed, now clicking main save
2025-04-11 14:24:09,780 - INFO - Refreshing page...
2025-04-11 14:24:10,342 - INFO - Page refreshed successfully
2025-04-11 14:24:11,382 - INFO - Clicked main Save button in top-right corner
2025-04-11 14:24:12,382 - INFO - Successfully saved all page option values
2025-04-11 14:24:12,382 - INFO - Successfully filled and saved the form
2025-04-11 14:24:12,382 - INFO - Starting popup modal Save button click function
2025-04-11 14:24:12,390 - INFO - Found modal popup
2025-04-11 14:24:12,397 - WARNING - Could not find Save button in modal: Message: no such element: Unable to locate element: {"method":"css selector","selector":"button#save, button.action-primary, button[title='Save'], button.primary"}
  (Session info: chrome=135.0.7049.85); For documentation on this error, please visit: https://www.selenium.dev/documentation/webdriver/troubleshooting/errors#no-such-element-exception
Stacktrace:
	GetHandleVerifier [0x012480E3+60707]
	GetHandleVerifier [0x01248124+60772]
	(No symbol) [0x01070683]
	(No symbol) [0x010B8660]
	(No symbol) [0x010B89FB]
	(No symbol) [0x010ADD81]
	(No symbol) [0x010DD094]
	(No symbol) [0x010ADCA4]
	(No symbol) [0x010DD2C4]
	(No symbol) [0x010FE824]
	(No symbol) [0x010DCE46]
	(No symbol) [0x010AC5D3]
	(No symbol) [0x010AD424]
	GetHandleVerifier [0x0148BBC3+2435075]
	GetHandleVerifier [0x01487163+2416035]
	GetHandleVerifier [0x014A350C+2531660]
	GetHandleVerifier [0x0125F1B5+155125]
	GetHandleVerifier [0x01265B5D+182173]
	GetHandleVerifier [0x0124F9B8+91640]
	GetHandleVerifier [0x0124FB60+92064]
	GetHandleVerifier [0x0123A620+4704]
	BaseThreadInitThunk [0x75897BA9+25]
	RtlInitializeExceptionChain [0x7765C2EB+107]
	RtlClearBits [0x7765C26F+191]

2025-04-11 14:24:12,403 - WARNING - Title-based approach failed: Message: no such element: Unable to locate element: {"method":"xpath","selector":"//div[contains(text(), 'Page Option Value')]"}
  (Session info: chrome=135.0.7049.85); For documentation on this error, please visit: https://www.selenium.dev/documentation/webdriver/troubleshooting/errors#no-such-element-exception
Stacktrace:
	GetHandleVerifier [0x012480E3+60707]
	GetHandleVerifier [0x01248124+60772]
	(No symbol) [0x01070683]
	(No symbol) [0x010B8660]
	(No symbol) [0x010B89FB]
	(No symbol) [0x01101022]
	(No symbol) [0x010DD094]
	(No symbol) [0x010FE824]
	(No symbol) [0x010DCE46]
	(No symbol) [0x010AC5D3]
	(No symbol) [0x010AD424]
	GetHandleVerifier [0x0148BBC3+2435075]
	GetHandleVerifier [0x01487163+2416035]
	GetHandleVerifier [0x014A350C+2531660]
	GetHandleVerifier [0x0125F1B5+155125]
	GetHandleVerifier [0x01265B5D+182173]
	GetHandleVerifier [0x0124F9B8+91640]
	GetHandleVerifier [0x0124FB60+92064]
	GetHandleVerifier [0x0123A620+4704]
	BaseThreadInitThunk [0x75897BA9+25]
	RtlInitializeExceptionChain [0x7765C2EB+107]
	RtlClearBits [0x7765C26F+191]

2025-04-11 14:24:12,408 - WARNING - JavaScript approach could not find modal Save button
2025-04-11 14:24:12,408 - INFO - Looking for most recently added Save button
2025-04-11 14:24:12,412 - WARNING - No Save buttons found
2025-04-11 14:24:12,412 - INFO - Successfully clicked modal save button.
2025-04-11 14:24:12,412 - INFO - Refreshing page...
2025-04-11 14:24:12,619 - INFO - Page refreshed successfully
2025-04-11 14:24:13,835 - INFO - Clicked main Save button in top-right corner
2025-04-11 14:24:14,837 - INFO - Successfully clicked modal save button.
2025-04-11 14:24:14,837 - INFO - Starting process to add a new product part from CSV
2025-04-11 14:24:14,837 - INFO - Clicking on CLOUDLAB icon using the Catalog approach...
2025-04-11 14:24:14,855 - INFO - Clicked on CLOUDLAB icon using Catalog approach
2025-04-11 14:24:16,856 - INFO - Clicking on Product Parts submenu using Catalog Products approach...
2025-04-11 14:24:32,088 - WARNING - Catalog approach failed for Product Parts: Message: 
Stacktrace:
	GetHandleVerifier [0x012480E3+60707]
	GetHandleVerifier [0x01248124+60772]
	(No symbol) [0x01070683]
	(No symbol) [0x010B8660]
	(No symbol) [0x010B89FB]
	(No symbol) [0x01101022]
	(No symbol) [0x010DD094]
	(No symbol) [0x010FE824]
	(No symbol) [0x010DCE46]
	(No symbol) [0x010AC5D3]
	(No symbol) [0x010AD424]
	GetHandleVerifier [0x0148BBC3+2435075]
	GetHandleVerifier [0x01487163+2416035]
	GetHandleVerifier [0x014A350C+2531660]
	GetHandleVerifier [0x0125F1B5+155125]
	GetHandleVerifier [0x01265B5D+182173]
	GetHandleVerifier [0x0124F9B8+91640]
	GetHandleVerifier [0x0124FB60+92064]
	GetHandleVerifier [0x0123A620+4704]
	BaseThreadInitThunk [0x75897BA9+25]
	RtlInitializeExceptionChain [0x7765C2EB+107]
	RtlClearBits [0x7765C26F+191]

2025-04-11 14:24:33,712 - INFO - Clicked on Product Parts by text
2025-04-11 14:24:34,777 - INFO - Successfully navigated to Product Parts page
2025-04-11 14:24:34,777 - INFO - Clicking on Add New Part button
2025-04-11 14:24:38,771 - INFO - Clicked on Add New Part button using CSS class
2025-04-11 14:24:38,772 - INFO - Waiting 5 seconds for the form to load completely...
2025-04-11 14:24:43,775 - INFO - Filling Name field
2025-04-11 14:24:43,903 - INFO - Filled Name field with: Mappe für DIN A4 2-teilig, 4/4 farbig (Außenseite bedruckt), mit Heißfolienprägung Silber
2025-04-11 14:24:44,904 - INFO - Filling Code field with enhanced approach
2025-04-11 14:24:45,129 - INFO - Filled Code field with: mappe_fuer_din_a4_2_teilig_4_4_farbig_aussenseite_bedruckt_mit_heissfolienpraegung_silber and triggered validation
2025-04-11 14:24:45,129 - INFO - Attempting to select Material dropdown
2025-04-11 14:24:45,129 - INFO - Attempting to select materials from CSV
2025-04-11 14:24:45,129 - INFO - Found materials from CSV: ['mappe_a4_2t_44_praegung_silber_0_40mm_chromokarton_255g_pefc_1_6vol', 'mappe_a4_2t_44_praegung_silber_0_36mm_recyclingkarton_300g_weiss_blauer_engel_eu_1_25vol']
2025-04-11 14:24:46,153 - INFO - Found Öffnung element, now looking for Material field below it
2025-04-11 14:24:47,211 - INFO - Found Material element, now looking for select element
2025-04-11 14:24:47,252 - INFO - Found Material select element
2025-04-11 14:24:47,338 - INFO - JavaScript selection result: Selected 2 options: ['0,40 mm starker Chromokarton 255g (zertifiziert mit PEFC-Siegel für Nachhaltigkeit), hohe Steifigkeit mit 1,6-fachem Volumen (mappe_a4_2t_44_praegung_silber_0_40mm_chromokarton_255g_pefc_1_6vol)', '0,36 mm starker Recyclingkarton 300g weiß (zertifiziert mit Blauer Engel und EU Ecolabel), mittlere Steifigkeit mit 1,25-fachem Volumen (mappe_a4_2t_44_praegung_silber_0_36mm_recyclingkarton_300g_weiss_blauer_engel_eu_1_25vol)']
2025-04-11 14:24:47,339 - INFO - Successfully selected last option in Material dropdown
2025-04-11 14:24:52,340 - INFO - Clicking Save button
2025-04-11 14:24:53,437 - INFO - Clicked Save button via CSS selector
2025-04-11 14:24:53,438 - INFO - Waiting 10 seconds after save...
2025-04-11 14:25:03,438 - INFO - Product part save process completed
2025-04-11 14:25:03,438 - INFO - Successfully added a new product part for product 1
2025-04-11 14:25:03,438 - INFO - Clicking on Catalog icon...
2025-04-11 14:25:05,468 - INFO - Clicking on Products submenu...
2025-04-11 14:25:08,856 - INFO - Clicking on Add Product button...
2025-04-11 14:25:13,090 - INFO - Navigated to Add Product page
2025-04-11 14:25:13,442 - INFO - Product name entered: Mappe für DIN A4 2-teilig, 4/4 farbig (Außenseite bedruckt), mit Heißfolienprägung Silber
2025-04-11 14:25:13,546 - INFO - SKU entered: 1004361
2025-04-11 14:25:13,649 - INFO - Price entered: 1.00
2025-04-11 14:25:13,707 - INFO - Quantity entered: 99999999
2025-04-11 14:25:13,710 - INFO - Successfully filled basic info for product: Mappe für DIN A4 2-teilig, 4/4 farbig (Außenseite bedruckt), mit Heißfolienprägung Silber
2025-04-11 14:25:13,710 - INFO - Setting 'Is Meter Price' to: Yes
2025-04-11 14:25:13,792 - INFO - Toggle result: Changed 'Is Meter Price' to: Yes
2025-04-11 14:25:13,831 - INFO - Final scroll position: 777px
2025-04-11 14:25:13,831 - ERROR - Failed to set 'Is Meter Price': name 'current_scroll_y' is not defined
2025-04-11 14:25:13,831 - INFO - Attempting final fallback method
2025-04-11 14:25:15,895 - INFO - Clicked toggle using fallback method
2025-04-11 14:25:15,895 - INFO - Selecting Producer: wmd.networkhero.eu with simplified approach
2025-04-11 14:25:16,919 - INFO - JavaScript producer selection result: Selected wmd.networkhero.eu using standard dropdown via JS
2025-04-11 14:25:16,919 - INFO - Setting 'Disable pickup' to: Yes
2025-04-11 14:25:16,926 - INFO - Initial scroll position: 1035px
2025-04-11 14:25:18,442 - INFO - Current scroll position after positioning: 2278px
2025-04-11 14:25:18,459 - INFO - Toggle result: Changed 'Disable pickup' to: Yes
2025-04-11 14:25:18,462 - INFO - Final scroll position: 2278px
2025-04-11 14:25:18,469 - INFO - Validation confirmed 'Disable pickup' setting was applied correctly
2025-04-11 14:25:18,471 - INFO - Scrolling down to find Websites section
2025-04-11 14:25:19,514 - INFO - Expanded Websites section
2025-04-11 14:25:21,541 - INFO - Selected website: Selling Website
2025-04-11 14:25:21,561 - INFO - Selected website: Networkhero
2025-04-11 14:25:21,561 - INFO - Completed website selection
2025-04-11 14:25:21,561 - INFO - Updating Product Type to: Upload + Personalization + Configuration using producer-style approach
2025-04-11 14:25:22,604 - INFO - Clicked Web2Print Settings
2025-04-11 14:25:25,652 - INFO - Clicked General tab
2025-04-11 14:25:27,653 - INFO - Selecting Product Type: Upload + Personalization + Configuration with producer-style approach
2025-04-11 14:25:28,682 - INFO - JavaScript Product Type selection result: Selected Upload + Personalization + Configuration using standard select
2025-04-11 14:25:28,682 - INFO - Setting Price Calculation to Fixed in Matrix tab
2025-04-11 14:25:29,741 - INFO - Clicked Matrix tab
2025-04-11 14:25:31,743 - INFO - Looking for Price Calculation field
2025-04-11 14:25:31,755 - INFO - JavaScript Price Calculation selection result: Selected Fixed using standard select
2025-04-11 14:25:31,755 - INFO - Selecting weekdays in Production Days multiselect
2025-04-11 14:25:32,798 - INFO - Clicked Others tab
2025-04-11 14:25:35,804 - INFO - Approaching Production Days with direct ID
2025-04-11 14:25:45,946 - WARNING - Direct ID approach failed: Message: 
Stacktrace:
	GetHandleVerifier [0x012480E3+60707]
	GetHandleVerifier [0x01248124+60772]
	(No symbol) [0x01070683]
	(No symbol) [0x010B8660]
	(No symbol) [0x010B89FB]
	(No symbol) [0x01101022]
	(No symbol) [0x010DD094]
	(No symbol) [0x010FE824]
	(No symbol) [0x010DCE46]
	(No symbol) [0x010AC5D3]
	(No symbol) [0x010AD424]
	GetHandleVerifier [0x0148BBC3+2435075]
	GetHandleVerifier [0x01487163+2416035]
	GetHandleVerifier [0x014A350C+2531660]
	GetHandleVerifier [0x0125F1B5+155125]
	GetHandleVerifier [0x01265B5D+182173]
	GetHandleVerifier [0x0124F9B8+91640]
	GetHandleVerifier [0x0124FB60+92064]
	GetHandleVerifier [0x0123A620+4704]
	BaseThreadInitThunk [0x75897BA9+25]
	RtlInitializeExceptionChain [0x7765C2EB+107]
	RtlClearBits [0x7765C26F+191]

2025-04-11 14:25:45,947 - INFO - Approaching Production Days via label
2025-04-11 14:25:46,991 - WARNING - Label approach failed: Message: no such element: Unable to locate element: {"method":"css selector","selector":"select.admin__control-multiselect, select[multiple]"}
  (Session info: chrome=135.0.7049.85); For documentation on this error, please visit: https://www.selenium.dev/documentation/webdriver/troubleshooting/errors#no-such-element-exception
Stacktrace:
	GetHandleVerifier [0x012480E3+60707]
	GetHandleVerifier [0x01248124+60772]
	(No symbol) [0x01070683]
	(No symbol) [0x010B8660]
	(No symbol) [0x010B89FB]
	(No symbol) [0x010ADD81]
	(No symbol) [0x010DD094]
	(No symbol) [0x010ADCA4]
	(No symbol) [0x010DD2C4]
	(No symbol) [0x010FE824]
	(No symbol) [0x010DCE46]
	(No symbol) [0x010AC5D3]
	(No symbol) [0x010AD424]
	GetHandleVerifier [0x0148BBC3+2435075]
	GetHandleVerifier [0x01487163+2416035]
	GetHandleVerifier [0x014A350C+2531660]
	GetHandleVerifier [0x0125F1B5+155125]
	GetHandleVerifier [0x01265B5D+182173]
	GetHandleVerifier [0x0124F9B8+91640]
	GetHandleVerifier [0x0124FB60+92064]
	GetHandleVerifier [0x0123A620+4704]
	BaseThreadInitThunk [0x75897BA9+25]
	RtlInitializeExceptionChain [0x7765C2EB+107]
	RtlClearBits [0x7765C26F+191]

2025-04-11 14:25:46,991 - INFO - Trying all multiselects approach
2025-04-11 14:25:46,998 - INFO - Found 1 multiselects
2025-04-11 14:25:48,017 - INFO - JavaScript multiselect 1 result: {'selected': ['Monday', 'Tuesday', 'Wednesday', 'Thursday', 'Friday'], 'success': True}
2025-04-11 14:25:48,017 - INFO - Successfully selected weekdays in multiselect 1
2025-04-11 14:25:48,017 - INFO - Configuring Delivery section with final optimized approach
2025-04-11 14:25:49,551 - INFO - Expansion result: Clicked to expand delivery section
2025-04-11 14:25:51,552 - INFO - Setting VPE value to 9999
2025-04-11 14:25:51,552 - INFO - Setting VPE value to 9999 using optimized method
2025-04-11 14:25:51,560 - INFO - DOM manipulation result: Set VPE value to 9999 via DOM manipulation
2025-04-11 14:25:51,561 - INFO - Selecting VPE Type: Stock
2025-04-11 14:25:51,561 - INFO - Selecting VPE Type: Stock using producer-style approach
2025-04-11 14:25:55,596 - INFO - VPE Type field structure: {'found': True, 'labelRect': {'bottom': 547.515625, 'height': 0, 'left': 489.03125, 'right': 549.75, 'toJSON': {}, 'top': 547.515625, 'width': 60.71875, 'x': 489.03125, 'y': 547.515625}, 'structure': {'dropdownLikeCount': 0, 'fieldClasses': 'admin__field', 'firstSelectClasses': 'admin__control-select', 'firstSelectId': 'BRK2AB9', 'firstSelectOptions': ['LFM - Running Meter', 'm²', 'Stock'], 'hasField': True, 'hasMultiselect': False, 'selectCount': 1}}
2025-04-11 14:25:55,596 - INFO - Found traditional select for VPE Type
2025-04-11 14:25:55,602 - INFO - Select result: Selected Stock from VPE Type select
2025-04-11 14:25:55,602 - INFO - Selecting 'Fix Products' option
2025-04-11 14:25:55,609 - INFO - Fix Products selection result: Selected Fix Products option
2025-04-11 14:25:55,609 - INFO - Successfully configured Delivery section
2025-04-11 14:25:55,609 - INFO - Configuring Print Product Setup with CTRL+click for multiple selection
2025-04-11 14:25:56,657 - INFO - Clicked Print Product Setup
2025-04-11 14:25:58,658 - INFO - Attempting to select the last option in Product Parts list
2025-04-11 14:25:58,675 - INFO - Found Product Parts select element using XPath: //span[text()='Product Parts']/ancestor::div[contains(@class, 'field')]//select
2025-04-11 14:26:04,103 - INFO - Selecting last option (index 1127) of 1128 total options
2025-04-11 14:26:07,561 - INFO - Selected last option by index: 1127
2025-04-11 14:26:11,778 - INFO - Successfully selected: Mappe für DIN A4 2-teilig, 4/4 farbig (Außenseite bedruckt), mit Heißfolienprägung Silber ( mappe_fuer_din_a4_2_teilig_4_4_farbig_aussenseite_bedruckt_mit_heissfolienpraegung_silber )
2025-04-11 14:26:11,785 - INFO - Textarea values set result: {'dateityp': False, 'datencheck': True}
2025-04-11 14:26:11,785 - INFO - Trying multiselect approach with CTRL+click
2025-04-11 14:26:12,856 - INFO - Clicked Standard option
2025-04-11 14:26:14,132 - INFO - CTRL+Clicked Profidatencheck option
2025-04-11 14:26:16,194 - INFO - Clicked PDF-file option
2025-04-11 14:26:17,470 - INFO - CTRL+Clicked Image option
2025-04-11 14:26:18,471 - INFO - Configuring additional settings with improved approach
2025-04-11 14:26:18,471 - INFO - Configuring Lieferung field
2025-04-11 14:26:19,513 - INFO - Lieferung selection result: {'selected': ['Standard ( production_standard )', 'Express ( production_express )', 'Standard Plus ( production_standard_plus )'], 'success': True}
2025-04-11 14:26:19,513 - INFO - Configuring Anzahl field
2025-04-11 14:26:21,067 - INFO - Selected quantity_1
2025-04-11 14:26:21,652 - INFO - Selected quantity_1 using Select class
2025-04-11 14:26:21,653 - INFO - Configuring Proof Group field
2025-04-11 14:26:23,216 - INFO - Selected proof_group_digital
2025-04-11 14:26:23,796 - INFO - Selected proof_group_digital using Select class
2025-04-11 14:26:23,796 - INFO - Configuring Product Personalization Template field
2025-04-11 14:26:24,822 - INFO - Template setting result: {'action': 'selected option', 'element': 'select', 'success': True}
2025-04-11 14:26:24,824 - INFO - Clicking the Save button in the top right corner
2025-04-11 14:26:35,000 - WARNING - Standard approach failed: Message: 
Stacktrace:
	GetHandleVerifier [0x012480E3+60707]
	GetHandleVerifier [0x01248124+60772]
	(No symbol) [0x01070683]
	(No symbol) [0x010B8660]
	(No symbol) [0x010B89FB]
	(No symbol) [0x01101022]
	(No symbol) [0x010DD094]
	(No symbol) [0x010FE824]
	(No symbol) [0x010DCE46]
	(No symbol) [0x010AC5D3]
	(No symbol) [0x010AD424]
	GetHandleVerifier [0x0148BBC3+2435075]
	GetHandleVerifier [0x01487163+2416035]
	GetHandleVerifier [0x014A350C+2531660]
	GetHandleVerifier [0x0125F1B5+155125]
	GetHandleVerifier [0x01265B5D+182173]
	GetHandleVerifier [0x0124F9B8+91640]
	GetHandleVerifier [0x0124FB60+92064]
	GetHandleVerifier [0x0123A620+4704]
	BaseThreadInitThunk [0x75897BA9+25]
	RtlInitializeExceptionChain [0x7765C2EB+107]
	RtlClearBits [0x7765C26F+191]

2025-04-11 14:26:35,306 - INFO - JavaScript result: Clicked Save button by text
2025-04-11 14:26:35,306 - INFO - Successfully clicked Save button using JavaScript
2025-04-11 14:26:45,306 - INFO - Successfully saved product 1: Mappe für DIN A4 2-teilig, 4/4 farbig (Außenseite bedruckt), mit Heißfolienprägung Silber
2025-04-11 14:26:45,306 - INFO - ====== WebDriver manager ======
2025-04-11 14:26:46,262 - INFO - Get LATEST chromedriver version for google-chrome
2025-04-11 14:26:46,328 - INFO - Get LATEST chromedriver version for google-chrome
2025-04-11 14:26:46,385 - INFO - Driver [C:\Users\g.yilmaz\.wdm\drivers\chromedriver\win64\135.0.7049.84\chromedriver-win32/chromedriver.exe] found in cache
2025-04-11 14:26:47,423 - INFO - Chrome WebDriver initialized successfully
2025-04-11 14:26:47,423 - INFO - Navigating to PrintNet login page: https://printnet.networkhero.eu/dashboard/admin/
2025-04-11 14:26:48,211 - INFO - Username entered
2025-04-11 14:26:48,219 - ERROR - Failed to find password field by ID: Message: no such element: Unable to locate element: {"method":"css selector","selector":"[id="password"]"}
  (Session info: chrome=135.0.7049.85); For documentation on this error, please visit: https://www.selenium.dev/documentation/webdriver/troubleshooting/errors#no-such-element-exception
Stacktrace:
	GetHandleVerifier [0x012480E3+60707]
	GetHandleVerifier [0x01248124+60772]
	(No symbol) [0x01070683]
	(No symbol) [0x010B8660]
	(No symbol) [0x010B89FB]
	(No symbol) [0x01101022]
	(No symbol) [0x010DD094]
	(No symbol) [0x010FE824]
	(No symbol) [0x010DCE46]
	(No symbol) [0x010AC5D3]
	(No symbol) [0x010AD424]
	GetHandleVerifier [0x0148BBC3+2435075]
	GetHandleVerifier [0x01487163+2416035]
	GetHandleVerifier [0x014A350C+2531660]
	GetHandleVerifier [0x0125F1B5+155125]
	GetHandleVerifier [0x01265B5D+182173]
	GetHandleVerifier [0x0124F9B8+91640]
	GetHandleVerifier [0x0124FB60+92064]
	GetHandleVerifier [0x0123A620+4704]
	BaseThreadInitThunk [0x75897BA9+25]
	RtlInitializeExceptionChain [0x7765C2EB+107]
	RtlClearBits [0x7765C26F+191]

2025-04-11 14:26:48,297 - INFO - Password entered using alternative selector
2025-04-11 14:26:51,228 - INFO - Login button clicked
2025-04-11 14:26:56,320 - INFO - Successfully logged in to PrintNet
2025-04-11 14:26:56,320 - INFO - Successfully logged in to PrintNet
2025-04-11 14:26:56,320 - INFO - Processing first product: Mappe für DIN A4 2-teilig, 4/4 farbig (Außenseite bedruckt), mit Heißfolienprägung Silber (SKU: 1004361)
2025-04-11 14:26:56,320 - INFO - Clicking on Catalog icon in PrintNet...
2025-04-11 14:26:56,356 - INFO - Clicking on Products submenu in PrintNet...
2025-04-11 14:26:57,417 - INFO - Clicking on Add Product button in PrintNet...
2025-04-11 14:26:59,093 - INFO - Navigated to Add Product page in PrintNet
2025-04-11 14:27:00,114 - INFO - SKU giriliyor: 1004361
2025-04-11 14:27:00,240 - INFO - SKU girildi: 1004361
2025-04-11 14:27:00,240 - INFO - Fiyat giriliyor: 1.00
2025-04-11 14:27:00,351 - INFO - Fiyat girildi: 1.00
2025-04-11 14:27:00,352 - INFO - Miktar giriliyor: 99999999
2025-04-11 14:27:00,493 - INFO - Miktar girildi: 99999999
2025-04-11 14:27:00,494 - INFO - Starting Visibility selection process
2025-04-11 14:27:00,653 - INFO - Successfully selected 'Catalog'
2025-04-11 14:27:01,654 - INFO - Setting 'Is Meter Price' to: Yes
2025-04-11 14:27:01,662 - INFO - Initial scroll position: 727px
2025-04-11 14:27:01,704 - INFO - Current scroll position after positioning: 547px
2025-04-11 14:27:01,721 - INFO - Toggle result: Changed 'Is Meter Price' to: Yes
2025-04-11 14:27:01,722 - INFO - Final scroll position: 547px
2025-04-11 14:27:01,733 - INFO - Validation confirmed 'Is Meter Price' setting was applied correctly
2025-04-11 14:27:01,936 - INFO - bannerheld.at seçildi
2025-04-11 14:27:10,256 - INFO - Updating Product Type to: Upload + Personalization + Configuration using producer-style approach
2025-04-11 14:27:11,389 - INFO - Clicked General tab
2025-04-11 14:27:13,389 - INFO - Selecting Product Type: Upload + Personalization + Configuration with producer-style approach
2025-04-11 14:27:14,495 - INFO - JavaScript Product Type selection result: Selected Upload + Personalization + Configuration using standard select
2025-04-11 14:27:17,573 - INFO - Looking for Price Calculation field
2025-04-11 14:27:17,590 - INFO - JavaScript Price Calculation selection result: Selected Fixed using standard select
2025-04-11 14:27:21,649 - WARNING - Failed to configure Web2Print settings
2025-04-11 14:27:27,802 - INFO - Selecting weekdays in Production Days multiselect
2025-04-11 14:27:28,904 - INFO - Clicked Others tab
2025-04-11 14:27:30,904 - INFO - Trying to select Print Files Options
2025-04-11 14:27:31,926 - INFO - Found Print Files Options area
2025-04-11 14:27:31,940 - INFO - JavaScript selection result: {'selected': ['Upload from Account', 'Send to Graphic Department', 'Send by Email', 'Online Designer'], 'success': True}
2025-04-11 14:27:32,945 - INFO - Trying all multiselects approach
2025-04-11 14:27:32,954 - INFO - Found 3 multiselects
2025-04-11 14:27:33,980 - INFO - JavaScript multiselect 1 result: {'selected': [], 'success': False}
2025-04-11 14:27:35,006 - INFO - JavaScript multiselect 2 result: {'selected': [], 'success': False}
2025-04-11 14:27:36,023 - INFO - JavaScript multiselect 3 result: {'selected': ['Monday', 'Tuesday', 'Wednesday', 'Thursday', 'Friday'], 'success': True}
2025-04-11 14:27:36,024 - INFO - Successfully selected weekdays in multiselect 3
2025-04-11 14:27:36,024 - INFO - Configuring Minimum DPI and Quantity Selectors
2025-04-11 14:27:37,054 - INFO - Set Minimum DPI to 300
2025-04-11 14:27:38,088 - INFO - Use Custom Quantity Selector result: {'action': 'enabled', 'success': True}
2025-04-11 14:27:39,121 - INFO - Use Fixed Price Quantity Selector result: {'action': 'enabled', 'success': True}
2025-04-11 14:27:39,121 - INFO - Configuring Print Product Setup with CTRL+click for multiple selection
2025-04-11 14:27:40,205 - INFO - Clicked Print Product Setup
2025-04-11 14:27:42,210 - INFO - Attempting to select the last option in Product Parts list
2025-04-11 14:27:43,231 - INFO - Found Product Parts select element
2025-04-11 14:27:51,300 - INFO - Selected last option (index 1127) from Product Parts list
2025-04-11 14:27:51,308 - INFO - Textarea values set result: {'dateityp': False, 'datencheck': False}
2025-04-11 14:27:51,308 - INFO - Trying multiselect approach with CTRL+click
2025-04-11 14:27:52,382 - INFO - Clicked Standard option
2025-04-11 14:27:53,668 - INFO - CTRL+Clicked Profidatencheck option
2025-04-11 14:27:55,754 - INFO - Clicked PDF-file option
2025-04-11 14:27:57,036 - INFO - CTRL+Clicked Image option
2025-04-11 14:27:58,037 - INFO - Configuring additional settings with improved approach
2025-04-11 14:27:58,037 - INFO - Configuring Lieferung field
2025-04-11 14:27:59,083 - INFO - Lieferung selection result: {'selected': ['Standard ( production_standard )', 'Express ( production_express )', 'Standard Plus ( production_standard_plus )'], 'success': True}
2025-04-11 14:27:59,083 - INFO - Configuring Anzahl field
2025-04-11 14:28:00,647 - INFO - Selected quantity_1
2025-04-11 14:28:01,254 - INFO - Selected quantity_1 using Select class
2025-04-11 14:28:01,255 - INFO - Configuring Proof Group field
2025-04-11 14:28:02,811 - INFO - Selected proof_group_digital
2025-04-11 14:28:03,395 - INFO - Selected proof_group_digital using Select class
2025-04-11 14:28:03,396 - INFO - Configuring Product Personalization Template field
2025-04-11 14:28:04,428 - INFO - Template setting result: {'action': 'selected option', 'element': 'select', 'success': True}
2025-04-11 14:28:04,428 - INFO - Successfully configured all settings in PrintNet for product: Mappe für DIN A4 2-teilig, 4/4 farbig (Außenseite bedruckt), mit Heißfolienprägung Silber
2025-04-11 14:28:04,428 - INFO - Successfully configured product: Mappe für DIN A4 2-teilig, 4/4 farbig (Außenseite bedruckt), mit Heißfolienprägung Silber
2025-04-11 14:28:04,428 - INFO - Clicking the Save button in the top right corner
2025-04-11 14:28:14,618 - WARNING - Standard approach failed: Message: 
Stacktrace:
	GetHandleVerifier [0x012480E3+60707]
	GetHandleVerifier [0x01248124+60772]
	(No symbol) [0x01070683]
	(No symbol) [0x010B8660]
	(No symbol) [0x010B89FB]
	(No symbol) [0x01101022]
	(No symbol) [0x010DD094]
	(No symbol) [0x010FE824]
	(No symbol) [0x010DCE46]
	(No symbol) [0x010AC5D3]
	(No symbol) [0x010AD424]
	GetHandleVerifier [0x0148BBC3+2435075]
	GetHandleVerifier [0x01487163+2416035]
	GetHandleVerifier [0x014A350C+2531660]
	GetHandleVerifier [0x0125F1B5+155125]
	GetHandleVerifier [0x01265B5D+182173]
	GetHandleVerifier [0x0124F9B8+91640]
	GetHandleVerifier [0x0124FB60+92064]
	GetHandleVerifier [0x0123A620+4704]
	BaseThreadInitThunk [0x75897BA9+25]
	RtlInitializeExceptionChain [0x7765C2EB+107]
	RtlClearBits [0x7765C26F+191]

2025-04-11 14:28:14,838 - INFO - JavaScript result: Clicked Save button by text
2025-04-11 14:28:14,839 - INFO - Successfully clicked Save button using JavaScript
2025-04-11 14:28:24,839 - INFO - Successfully saved product: Mappe für DIN A4 2-teilig, 4/4 farbig (Außenseite bedruckt), mit Heißfolienprägung Silber
2025-04-11 14:28:27,149 - INFO - Browser closed
2025-04-11 14:28:27,150 - INFO - ====== WebDriver manager ======
2025-04-11 14:28:28,109 - INFO - Get LATEST chromedriver version for google-chrome
2025-04-11 14:28:28,173 - INFO - Get LATEST chromedriver version for google-chrome
2025-04-11 14:28:28,235 - INFO - Driver [C:\Users\g.yilmaz\.wdm\drivers\chromedriver\win64\135.0.7049.84\chromedriver-win32/chromedriver.exe] found in cache
2025-04-11 14:28:29,278 - INFO - Navigating to https://skynet.networkhero.eu/y5id_dashboard/admin/
2025-04-11 14:28:29,984 - INFO - Username entered
2025-04-11 14:28:30,058 - INFO - Password entered
2025-04-11 14:28:30,471 - INFO - Login button clicked
2025-04-11 14:28:30,471 - INFO - Waiting for you to enter Google Authenticator code...
2025-04-11 14:28:38,436 - INFO - Login successful
2025-04-11 14:28:38,436 - INFO - Clicking on CLOUDLAB icon using the Catalog approach...
2025-04-11 14:28:38,455 - INFO - Clicked on CLOUDLAB icon using Catalog approach
2025-04-11 14:28:46,206 - INFO - Attempting to click the Save button in the top right corner
2025-04-11 14:28:56,359 - WARNING - First approach failed: Message: 
Stacktrace:
	GetHandleVerifier [0x012480E3+60707]
	GetHandleVerifier [0x01248124+60772]
	(No symbol) [0x01070683]
	(No symbol) [0x010B8660]
	(No symbol) [0x010B89FB]
	(No symbol) [0x01101022]
	(No symbol) [0x010DD094]
	(No symbol) [0x010FE824]
	(No symbol) [0x010DCE46]
	(No symbol) [0x010AC5D3]
	(No symbol) [0x010AD424]
	GetHandleVerifier [0x0148BBC3+2435075]
	GetHandleVerifier [0x01487163+2416035]
	GetHandleVerifier [0x014A350C+2531660]
	GetHandleVerifier [0x0125F1B5+155125]
	GetHandleVerifier [0x01265B5D+182173]
	GetHandleVerifier [0x0124F9B8+91640]
	GetHandleVerifier [0x0124FB60+92064]
	GetHandleVerifier [0x0123A620+4704]
	BaseThreadInitThunk [0x75897BA9+25]
	RtlInitializeExceptionChain [0x7765C2EB+107]
	RtlClearBits [0x7765C26F+191]

2025-04-11 14:28:56,365 - INFO - JavaScript Save button result: Clicked the best Save button: 
                                Save
                            
2025-04-11 14:29:15,151 - INFO - Attempting to click the Save button in the top right corner
2025-04-11 14:29:25,299 - WARNING - First approach failed: Message: 
Stacktrace:
	GetHandleVerifier [0x012480E3+60707]
	GetHandleVerifier [0x01248124+60772]
	(No symbol) [0x01070683]
	(No symbol) [0x010B8660]
	(No symbol) [0x010B89FB]
	(No symbol) [0x01101022]
	(No symbol) [0x010DD094]
	(No symbol) [0x010FE824]
	(No symbol) [0x010DCE46]
	(No symbol) [0x010AC5D3]
	(No symbol) [0x010AD424]
	GetHandleVerifier [0x0148BBC3+2435075]
	GetHandleVerifier [0x01487163+2416035]
	GetHandleVerifier [0x014A350C+2531660]
	GetHandleVerifier [0x0125F1B5+155125]
	GetHandleVerifier [0x01265B5D+182173]
	GetHandleVerifier [0x0124F9B8+91640]
	GetHandleVerifier [0x0124FB60+92064]
	GetHandleVerifier [0x0123A620+4704]
	BaseThreadInitThunk [0x75897BA9+25]
	RtlInitializeExceptionChain [0x7765C2EB+107]
	RtlClearBits [0x7765C26F+191]

2025-04-11 14:29:25,305 - INFO - JavaScript Save button result: Clicked the best Save button: 
                                Save
                            
2025-04-11 14:29:44,114 - INFO - Attempting to click the Save button in the top right corner
2025-04-11 14:29:54,257 - WARNING - First approach failed: Message: 
Stacktrace:
	GetHandleVerifier [0x012480E3+60707]
	GetHandleVerifier [0x01248124+60772]
	(No symbol) [0x01070683]
	(No symbol) [0x010B8660]
	(No symbol) [0x010B89FB]
	(No symbol) [0x01101022]
	(No symbol) [0x010DD094]
	(No symbol) [0x010FE824]
	(No symbol) [0x010DCE46]
	(No symbol) [0x010AC5D3]
	(No symbol) [0x010AD424]
	GetHandleVerifier [0x0148BBC3+2435075]
	GetHandleVerifier [0x01487163+2416035]
	GetHandleVerifier [0x014A350C+2531660]
	GetHandleVerifier [0x0125F1B5+155125]
	GetHandleVerifier [0x01265B5D+182173]
	GetHandleVerifier [0x0124F9B8+91640]
	GetHandleVerifier [0x0124FB60+92064]
	GetHandleVerifier [0x0123A620+4704]
	BaseThreadInitThunk [0x75897BA9+25]
	RtlInitializeExceptionChain [0x7765C2EB+107]
	RtlClearBits [0x7765C26F+191]

2025-04-11 14:29:54,264 - INFO - JavaScript Save button result: Clicked the best Save button: 
                                Save
                            
2025-04-11 14:30:13,084 - INFO - Attempting to click the Save button in the top right corner
2025-04-11 14:30:23,223 - WARNING - First approach failed: Message: 
Stacktrace:
	GetHandleVerifier [0x012480E3+60707]
	GetHandleVerifier [0x01248124+60772]
	(No symbol) [0x01070683]
	(No symbol) [0x010B8660]
	(No symbol) [0x010B89FB]
	(No symbol) [0x01101022]
	(No symbol) [0x010DD094]
	(No symbol) [0x010FE824]
	(No symbol) [0x010DCE46]
	(No symbol) [0x010AC5D3]
	(No symbol) [0x010AD424]
	GetHandleVerifier [0x0148BBC3+2435075]
	GetHandleVerifier [0x01487163+2416035]
	GetHandleVerifier [0x014A350C+2531660]
	GetHandleVerifier [0x0125F1B5+155125]
	GetHandleVerifier [0x01265B5D+182173]
	GetHandleVerifier [0x0124F9B8+91640]
	GetHandleVerifier [0x0124FB60+92064]
	GetHandleVerifier [0x0123A620+4704]
	BaseThreadInitThunk [0x75897BA9+25]
	RtlInitializeExceptionChain [0x7765C2EB+107]
	RtlClearBits [0x7765C26F+191]

2025-04-11 14:30:23,229 - INFO - JavaScript Save button result: Clicked the best Save button: 
                                Save
                            
2025-04-11 14:30:33,506 - INFO - ====== WebDriver manager ======
2025-04-11 14:30:34,462 - INFO - Get LATEST chromedriver version for google-chrome
2025-04-11 14:30:34,516 - INFO - Get LATEST chromedriver version for google-chrome
2025-04-11 14:30:34,580 - INFO - Driver [C:\Users\g.yilmaz\.wdm\drivers\chromedriver\win64\135.0.7049.84\chromedriver-win32/chromedriver.exe] found in cache
2025-04-11 14:30:35,631 - INFO - Navigating to https://printnet.networkhero.eu/dashboard/admin
2025-04-11 14:30:36,399 - INFO - Username entered
2025-04-11 14:30:36,468 - INFO - Password entered
2025-04-11 14:30:38,888 - INFO - Login button clicked
2025-04-11 14:30:38,888 - INFO - Waiting for you to enter Google Authenticator code...
2025-04-11 14:30:50,695 - INFO - Login successful
2025-04-11 14:30:50,695 - INFO - Clicking on CLOUDLAB icon using the Catalog approach...
2025-04-11 14:30:50,724 - INFO - Clicked on CLOUDLAB icon using Catalog approach
2025-04-11 14:30:57,746 - INFO - Attempting to click the Save button in the top right corner
2025-04-11 14:31:07,900 - WARNING - First approach failed: Message: 
Stacktrace:
	GetHandleVerifier [0x012480E3+60707]
	GetHandleVerifier [0x01248124+60772]
	(No symbol) [0x01070683]
	(No symbol) [0x010B8660]
	(No symbol) [0x010B89FB]
	(No symbol) [0x01101022]
	(No symbol) [0x010DD094]
	(No symbol) [0x010FE824]
	(No symbol) [0x010DCE46]
	(No symbol) [0x010AC5D3]
	(No symbol) [0x010AD424]
	GetHandleVerifier [0x0148BBC3+2435075]
	GetHandleVerifier [0x01487163+2416035]
	GetHandleVerifier [0x014A350C+2531660]
	GetHandleVerifier [0x0125F1B5+155125]
	GetHandleVerifier [0x01265B5D+182173]
	GetHandleVerifier [0x0124F9B8+91640]
	GetHandleVerifier [0x0124FB60+92064]
	GetHandleVerifier [0x0123A620+4704]
	BaseThreadInitThunk [0x75897BA9+25]
	RtlInitializeExceptionChain [0x7765C2EB+107]
	RtlClearBits [0x7765C26F+191]

2025-04-11 14:31:07,923 - INFO - JavaScript Save button result: Clicked the best Save button: 
                                Save
                            
2025-04-11 14:31:22,093 - INFO - Attempting to click the Save button in the top right corner
2025-04-11 14:31:32,237 - WARNING - First approach failed: Message: 
Stacktrace:
	GetHandleVerifier [0x012480E3+60707]
	GetHandleVerifier [0x01248124+60772]
	(No symbol) [0x01070683]
	(No symbol) [0x010B8660]
	(No symbol) [0x010B89FB]
	(No symbol) [0x01101022]
	(No symbol) [0x010DD094]
	(No symbol) [0x010FE824]
	(No symbol) [0x010DCE46]
	(No symbol) [0x010AC5D3]
	(No symbol) [0x010AD424]
	GetHandleVerifier [0x0148BBC3+2435075]
	GetHandleVerifier [0x01487163+2416035]
	GetHandleVerifier [0x014A350C+2531660]
	GetHandleVerifier [0x0125F1B5+155125]
	GetHandleVerifier [0x01265B5D+182173]
	GetHandleVerifier [0x0124F9B8+91640]
	GetHandleVerifier [0x0124FB60+92064]
	GetHandleVerifier [0x0123A620+4704]
	BaseThreadInitThunk [0x75897BA9+25]
	RtlInitializeExceptionChain [0x7765C2EB+107]
	RtlClearBits [0x7765C26F+191]

2025-04-11 14:31:32,259 - INFO - JavaScript Save button result: Clicked the best Save button: 
                                Save
                            
2025-04-11 14:31:42,381 - INFO - Attempting to click the Save button in the top right corner
2025-04-11 14:31:52,529 - WARNING - First approach failed: Message: 
Stacktrace:
	GetHandleVerifier [0x012480E3+60707]
	GetHandleVerifier [0x01248124+60772]
	(No symbol) [0x01070683]
	(No symbol) [0x010B8660]
	(No symbol) [0x010B89FB]
	(No symbol) [0x01101022]
	(No symbol) [0x010DD094]
	(No symbol) [0x010FE824]
	(No symbol) [0x010DCE46]
	(No symbol) [0x010AC5D3]
	(No symbol) [0x010AD424]
	GetHandleVerifier [0x0148BBC3+2435075]
	GetHandleVerifier [0x01487163+2416035]
	GetHandleVerifier [0x014A350C+2531660]
	GetHandleVerifier [0x0125F1B5+155125]
	GetHandleVerifier [0x01265B5D+182173]
	GetHandleVerifier [0x0124F9B8+91640]
	GetHandleVerifier [0x0124FB60+92064]
	GetHandleVerifier [0x0123A620+4704]
	BaseThreadInitThunk [0x75897BA9+25]
	RtlInitializeExceptionChain [0x7765C2EB+107]
	RtlClearBits [0x7765C26F+191]

2025-04-11 14:31:52,548 - INFO - JavaScript Save button result: Clicked the best Save button: 
                                Save
                            
2025-04-11 14:32:02,626 - INFO - Attempting to click the Save button in the top right corner
2025-04-11 14:32:12,780 - WARNING - First approach failed: Message: 
Stacktrace:
	GetHandleVerifier [0x012480E3+60707]
	GetHandleVerifier [0x01248124+60772]
	(No symbol) [0x01070683]
	(No symbol) [0x010B8660]
	(No symbol) [0x010B89FB]
	(No symbol) [0x01101022]
	(No symbol) [0x010DD094]
	(No symbol) [0x010FE824]
	(No symbol) [0x010DCE46]
	(No symbol) [0x010AC5D3]
	(No symbol) [0x010AD424]
	GetHandleVerifier [0x0148BBC3+2435075]
	GetHandleVerifier [0x01487163+2416035]
	GetHandleVerifier [0x014A350C+2531660]
	GetHandleVerifier [0x0125F1B5+155125]
	GetHandleVerifier [0x01265B5D+182173]
	GetHandleVerifier [0x0124F9B8+91640]
	GetHandleVerifier [0x0124FB60+92064]
	GetHandleVerifier [0x0123A620+4704]
	BaseThreadInitThunk [0x75897BA9+25]
	RtlInitializeExceptionChain [0x7765C2EB+107]
	RtlClearBits [0x7765C26F+191]

2025-04-11 14:32:12,805 - INFO - JavaScript Save button result: Clicked the best Save button: 
                                Save
                            
2025-04-11 14:32:27,643 - INFO - Browser closed
