2025-04-13 17:40:56,022 - INFO - Logging initialized. Log file: C:\Users\g.yilmaz\Desktop\Magento_otomation\Done\logs\printnet_automation_20250413_174056.log
2025-04-13 17:40:56,023 - INFO - ====== WebDriver manager ======
2025-04-13 17:40:56,951 - INFO - Get LATEST chromedriver version for google-chrome
2025-04-13 17:40:57,044 - INFO - Get LATEST chromedriver version for google-chrome
2025-04-13 17:40:57,122 - INFO - Driver [C:\Users\g.yilmaz\.wdm\drivers\chromedriver\win64\135.0.7049.84\chromedriver-win32/chromedriver.exe] found in cache
2025-04-13 17:40:58,158 - INFO - Chrome WebDriver initialized successfully
2025-04-13 17:40:58,158 - INFO - Navigating to PrintNet login page: https://printnet.networkhero.eu/dashboard/admin/
2025-04-13 17:40:59,636 - INFO - Username entered
2025-04-13 17:40:59,643 - ERROR - Failed to find password field by ID: Message: no such element: Unable to locate element: {"method":"css selector","selector":"[id="password"]"}
  (Session info: chrome=135.0.7049.85); For documentation on this error, please visit: https://www.selenium.dev/documentation/webdriver/troubleshooting/errors#no-such-element-exception
Stacktrace:
	GetHandleVerifier [0x00AD80E3+60707]
	GetHandleVerifier [0x00AD8124+60772]
	(No symbol) [0x00900683]
	(No symbol) [0x00948660]
	(No symbol) [0x009489FB]
	(No symbol) [0x00991022]
	(No symbol) [0x0096D094]
	(No symbol) [0x0098E824]
	(No symbol) [0x0096CE46]
	(No symbol) [0x0093C5D3]
	(No symbol) [0x0093D424]
	GetHandleVerifier [0x00D1BBC3+2435075]
	GetHandleVerifier [0x00D17163+2416035]
	GetHandleVerifier [0x00D3350C+2531660]
	GetHandleVerifier [0x00AEF1B5+155125]
	GetHandleVerifier [0x00AF5B5D+182173]
	GetHandleVerifier [0x00ADF9B8+91640]
	GetHandleVerifier [0x00ADFB60+92064]
	GetHandleVerifier [0x00ACA620+4704]
	BaseThreadInitThunk [0x76AA7BA9+25]
	RtlInitializeExceptionChain [0x77AEC2EB+107]
	RtlClearBits [0x77AEC26F+191]

2025-04-13 17:40:59,732 - INFO - Password entered using alternative selector
2025-04-13 17:41:03,187 - INFO - Login button clicked
2025-04-13 17:41:15,577 - INFO - Successfully logged in to PrintNet
2025-04-13 17:41:15,577 - INFO - Successfully logged in to PrintNet
2025-04-13 17:41:15,578 - INFO - Processing first product: Mappe für DIN A4 2-teilig mit 3 Laschen, 4/4 farbig (Außenseite bedruckt), mit Mattfolie kaschiert (SKU: 1004376)
2025-04-13 17:41:15,578 - INFO - Clicking on Catalog icon in PrintNet...
2025-04-13 17:41:15,606 - INFO - Clicking on Products submenu in PrintNet...
2025-04-13 17:41:16,792 - INFO - Clicking on Add Product button in PrintNet...
2025-04-13 17:41:18,037 - INFO - Navigated to Add Product page in PrintNet
2025-04-13 17:41:19,463 - INFO - SKU giriliyor: 1004376
2025-04-13 17:41:19,573 - INFO - SKU girildi: 1004376
2025-04-13 17:41:19,573 - INFO - Fiyat giriliyor: 1.00
2025-04-13 17:41:19,669 - INFO - Fiyat girildi: 1.00
2025-04-13 17:41:19,669 - INFO - Miktar giriliyor: 99999999
2025-04-13 17:41:19,873 - INFO - Miktar girildi: 99999999
2025-04-13 17:41:19,875 - INFO - Starting Visibility selection process
2025-04-13 17:41:19,947 - INFO - Successfully selected 'Catalog'
2025-04-13 17:41:20,950 - INFO - Setting 'Is Meter Price' to: Yes
2025-04-13 17:41:20,958 - INFO - Initial scroll position: 499.20001220703125px
2025-04-13 17:41:20,987 - INFO - Current scroll position after positioning: 493.6000061035156px
2025-04-13 17:41:21,013 - INFO - Toggle result: Changed 'Is Meter Price' to: Yes
2025-04-13 17:41:21,021 - INFO - Final scroll position: 493.6000061035156px
2025-04-13 17:41:21,032 - INFO - Validation confirmed 'Is Meter Price' setting was applied correctly
2025-04-13 17:41:21,249 - INFO - bannerheld.at seçildi
2025-04-13 17:41:29,336 - INFO - Updating Product Type to: Upload + Personalization + Configuration using producer-style approach
2025-04-13 17:41:30,370 - INFO - Clicked General tab
2025-04-13 17:41:32,371 - INFO - Selecting Product Type: Upload + Personalization + Configuration with producer-style approach
2025-04-13 17:41:33,410 - INFO - JavaScript Product Type selection result: Selected Upload + Personalization + Configuration using standard select
2025-04-13 17:41:36,482 - INFO - Looking for Price Calculation field
2025-04-13 17:41:36,491 - INFO - JavaScript Price Calculation selection result: Selected Fixed using standard select
2025-04-13 17:41:40,551 - WARNING - Failed to configure Web2Print settings
2025-04-13 17:41:46,699 - INFO - Selecting weekdays in Production Days multiselect
2025-04-13 17:41:47,779 - INFO - Clicked Others tab
2025-04-13 17:41:49,779 - INFO - Trying to select Print Files Options
2025-04-13 17:41:50,802 - INFO - Found Print Files Options area
2025-04-13 17:41:50,815 - INFO - JavaScript selection result: {'selected': ['Upload from Account', 'Send to Graphic Department', 'Send by Email', 'Online Designer'], 'success': True}
2025-04-13 17:41:51,820 - INFO - Trying all multiselects approach
2025-04-13 17:41:51,828 - INFO - Found 3 multiselects
2025-04-13 17:41:52,853 - INFO - JavaScript multiselect 1 result: {'selected': [], 'success': False}
2025-04-13 17:41:53,875 - INFO - JavaScript multiselect 2 result: {'selected': [], 'success': False}
2025-04-13 17:41:54,891 - INFO - JavaScript multiselect 3 result: {'selected': ['Monday', 'Tuesday', 'Wednesday', 'Thursday', 'Friday'], 'success': True}
2025-04-13 17:41:54,891 - INFO - Successfully selected weekdays in multiselect 3
2025-04-13 17:41:54,891 - INFO - Configuring Minimum DPI and Quantity Selectors
2025-04-13 17:41:55,923 - INFO - Set Minimum DPI to 300
2025-04-13 17:41:56,956 - INFO - Use Custom Quantity Selector result: {'action': 'enabled', 'success': True}
2025-04-13 17:41:57,990 - INFO - Use Fixed Price Quantity Selector result: {'action': 'enabled', 'success': True}
2025-04-13 17:41:57,991 - INFO - Configuring Print Product Setup with CTRL+click for multiple selection
2025-04-13 17:41:59,074 - INFO - Clicked Print Product Setup
2025-04-13 17:42:01,075 - INFO - Attempting to select the last option in Product Parts list
2025-04-13 17:42:02,097 - INFO - Found Product Parts select element
2025-04-13 17:42:09,728 - INFO - Selected last option (index 1141) from Product Parts list
2025-04-13 17:42:09,735 - INFO - Textarea values set result: {'dateityp': False, 'datencheck': False}
2025-04-13 17:42:09,735 - INFO - Trying multiselect approach with CTRL+click
2025-04-13 17:42:10,825 - INFO - Clicked Standard option
2025-04-13 17:42:12,119 - INFO - CTRL+Clicked Profidatencheck option
2025-04-13 17:42:14,186 - INFO - Clicked PDF-file option
2025-04-13 17:42:15,470 - INFO - CTRL+Clicked Image option
2025-04-13 17:42:16,471 - INFO - Configuring additional settings with improved approach
2025-04-13 17:42:16,471 - INFO - Configuring Lieferung field
2025-04-13 17:42:17,515 - INFO - Lieferung selection result: {'selected': ['Standard ( production_standard )', 'Express ( production_express )', 'Standard Plus ( production_standard_plus )'], 'success': True}
2025-04-13 17:42:17,515 - INFO - Configuring Anzahl field
2025-04-13 17:42:19,075 - INFO - Selected quantity_1
2025-04-13 17:42:19,667 - INFO - Selected quantity_1 using Select class
2025-04-13 17:42:19,673 - INFO - Configuring Proof Group field
2025-04-13 17:42:21,239 - INFO - Selected proof_group_digital
2025-04-13 17:42:21,822 - INFO - Selected proof_group_digital using Select class
2025-04-13 17:42:21,822 - INFO - Configuring Product Personalization Template field
2025-04-13 17:42:22,854 - INFO - Template setting result: {'action': 'selected option', 'element': 'select', 'success': True}
2025-04-13 17:42:22,855 - INFO - Successfully configured all settings in PrintNet for product: Mappe für DIN A4 2-teilig mit 3 Laschen, 4/4 farbig (Außenseite bedruckt), mit Mattfolie kaschiert
2025-04-13 17:42:22,855 - INFO - Successfully configured product: Mappe für DIN A4 2-teilig mit 3 Laschen, 4/4 farbig (Außenseite bedruckt), mit Mattfolie kaschiert
2025-04-13 17:42:22,855 - INFO - Clicking the Save button in the top right corner
2025-04-13 17:42:33,026 - WARNING - Standard approach failed: Message: 
Stacktrace:
	GetHandleVerifier [0x00AD80E3+60707]
	GetHandleVerifier [0x00AD8124+60772]
	(No symbol) [0x00900683]
	(No symbol) [0x00948660]
	(No symbol) [0x009489FB]
	(No symbol) [0x00991022]
	(No symbol) [0x0096D094]
	(No symbol) [0x0098E824]
	(No symbol) [0x0096CE46]
	(No symbol) [0x0093C5D3]
	(No symbol) [0x0093D424]
	GetHandleVerifier [0x00D1BBC3+2435075]
	GetHandleVerifier [0x00D17163+2416035]
	GetHandleVerifier [0x00D3350C+2531660]
	GetHandleVerifier [0x00AEF1B5+155125]
	GetHandleVerifier [0x00AF5B5D+182173]
	GetHandleVerifier [0x00ADF9B8+91640]
	GetHandleVerifier [0x00ADFB60+92064]
	GetHandleVerifier [0x00ACA620+4704]
	BaseThreadInitThunk [0x76AA7BA9+25]
	RtlInitializeExceptionChain [0x77AEC2EB+107]
	RtlClearBits [0x77AEC26F+191]

2025-04-13 17:42:33,211 - INFO - JavaScript result: Clicked Save button by text
2025-04-13 17:42:33,211 - INFO - Successfully clicked Save button using JavaScript
2025-04-13 17:42:43,212 - INFO - Successfully saved product: Mappe für DIN A4 2-teilig mit 3 Laschen, 4/4 farbig (Außenseite bedruckt), mit Mattfolie kaschiert
2025-04-13 17:42:45,419 - INFO - Browser closed
