2025-04-11 12:54:26,771 - INFO - Logging initialized. Log file: C:\Users\g.yilmaz\Desktop\Magento_otomation\Done\logs\printnet_automation_20250411_125426.log
2025-04-11 12:54:26,772 - INFO - Logging initialized. Log file: C:\Users\g.yilmaz\Desktop\Magento_otomation\Done\logs\skynet_fixed_price_20250411_125426.log
2025-04-11 12:54:26,781 - INFO - Logging initialized. Log file: C:\Users\g.yilmaz\Desktop\Magento_otomation\Done\logs\printnet_fixed_price_20250411_125426.log
2025-04-11 12:54:26,797 - INFO - Logging initialized. Log file: C:\Users\g.yilmaz\Desktop\Magento_otomation\Done\logs\skynet_page_options_20250411_125426.log
2025-04-11 12:54:29,324 - INFO - Toplam 3 ürün eklenecek.
2025-04-11 12:54:29,325 - INFO - ====== WebDriver manager ======
2025-04-11 12:54:30,293 - INFO - Get LATEST chromedriver version for google-chrome
2025-04-11 12:54:30,350 - INFO - Get LATEST chromedriver version for google-chrome
2025-04-11 12:54:30,405 - INFO - Driver [C:\Users\g.yilmaz\.wdm\drivers\chromedriver\win64\135.0.7049.84\chromedriver-win32/chromedriver.exe] found in cache
2025-04-11 12:54:31,444 - INFO - Chrome WebDriver initialized successfully
2025-04-11 12:54:31,447 - INFO - Navigating to https://skynet.networkhero.eu/y5id_dashboard/admin/
2025-04-11 12:54:32,288 - INFO - Username entered
2025-04-11 12:54:32,363 - INFO - Password entered
2025-04-11 12:54:32,767 - INFO - Login button clicked
2025-04-11 12:54:32,767 - INFO - Waiting for you to enter Google Authenticator code...
2025-04-11 12:54:42,364 - INFO - Login successful
2025-04-11 12:54:42,364 - INFO - Clicking on CLOUDLAB icon using the Catalog approach...
2025-04-11 12:54:42,419 - INFO - Clicked on CLOUDLAB icon using Catalog approach
2025-04-11 12:54:42,419 - INFO - Successfully clicked on CloudLab
2025-04-11 12:54:42,419 - INFO - Clicking on Page Options submenu...
2025-04-11 12:54:42,662 - INFO - Clicked on Page Options using XPath approach
2025-04-11 12:54:42,674 - INFO - Successfully navigated to Page Options page
2025-04-11 12:54:42,674 - INFO - Successfully clicked on Page Options
2025-04-11 12:54:42,675 - INFO - Looking for Code search field
2025-04-11 12:54:42,781 - INFO - Entered 'paper_wmd' in Code search field
2025-04-11 12:54:43,846 - WARNING - Could not find search button, trying to press Enter instead: Message: 

2025-04-11 12:54:43,886 - INFO - Pressed Enter to search
2025-04-11 12:54:43,886 - INFO - Looking for the second Material option in search results
2025-04-11 12:54:43,894 - INFO - Found 20 rows in the search results
2025-04-11 12:54:43,992 - WARNING - Error processing row: Message: stale element reference: stale element not found in the current frame
  (Session info: chrome=135.0.7049.85); For documentation on this error, please visit: https://www.selenium.dev/documentation/webdriver/troubleshooting/errors#stale-element-reference-exception
Stacktrace:
	GetHandleVerifier [0x012480E3+60707]
	GetHandleVerifier [0x01248124+60772]
	(No symbol) [0x01070683]
	(No symbol) [0x01076DE7]
	(No symbol) [0x010790DA]
	(No symbol) [0x01079157]
	(No symbol) [0x010B7EF4]
	(No symbol) [0x010B89FB]
	(No symbol) [0x010AE131]
	(No symbol) [0x010DD094]
	(No symbol) [0x010ADCA4]
	(No symbol) [0x010DD2C4]
	(No symbol) [0x010FE824]
	(No symbol) [0x010DCE46]
	(No symbol) [0x010AC5D3]
	(No symbol) [0x010AD424]
	GetHandleVerifier [0x0148BBC3+2435075]
	GetHandleVerifier [0x01487163+2416035]
	GetHandleVerifier [0x014A350C+2531660]
	GetHandleVerifier [0x0125F1B5+155125]
	GetHandleVerifier [0x01265B5D+182173]
	GetHandleVerifier [0x0124F9B8+91640]
	GetHandleVerifier [0x0124FB60+92064]
	GetHandleVerifier [0x0123A620+4704]
	BaseThreadInitThunk [0x75897BA9+25]
	RtlInitializeExceptionChain [0x7765C2EB+107]
	RtlClearBits [0x7765C26F+191]

2025-04-11 12:54:43,997 - WARNING - Error processing row: Message: stale element reference: stale element not found in the current frame
  (Session info: chrome=135.0.7049.85); For documentation on this error, please visit: https://www.selenium.dev/documentation/webdriver/troubleshooting/errors#stale-element-reference-exception
Stacktrace:
	GetHandleVerifier [0x012480E3+60707]
	GetHandleVerifier [0x01248124+60772]
	(No symbol) [0x01070683]
	(No symbol) [0x01076DE7]
	(No symbol) [0x010790DA]
	(No symbol) [0x01079157]
	(No symbol) [0x010B7EF4]
	(No symbol) [0x010B89FB]
	(No symbol) [0x010AE131]
	(No symbol) [0x010DD094]
	(No symbol) [0x010ADCA4]
	(No symbol) [0x010DD2C4]
	(No symbol) [0x010FE824]
	(No symbol) [0x010DCE46]
	(No symbol) [0x010AC5D3]
	(No symbol) [0x010AD424]
	GetHandleVerifier [0x0148BBC3+2435075]
	GetHandleVerifier [0x01487163+2416035]
	GetHandleVerifier [0x014A350C+2531660]
	GetHandleVerifier [0x0125F1B5+155125]
	GetHandleVerifier [0x01265B5D+182173]
	GetHandleVerifier [0x0124F9B8+91640]
	GetHandleVerifier [0x0124FB60+92064]
	GetHandleVerifier [0x0123A620+4704]
	BaseThreadInitThunk [0x75897BA9+25]
	RtlInitializeExceptionChain [0x7765C2EB+107]
	RtlClearBits [0x7765C26F+191]

2025-04-11 12:54:44,007 - WARNING - Error processing row: Message: stale element reference: stale element not found in the current frame
  (Session info: chrome=135.0.7049.85); For documentation on this error, please visit: https://www.selenium.dev/documentation/webdriver/troubleshooting/errors#stale-element-reference-exception
Stacktrace:
	GetHandleVerifier [0x012480E3+60707]
	GetHandleVerifier [0x01248124+60772]
	(No symbol) [0x01070683]
	(No symbol) [0x01076DE7]
	(No symbol) [0x010790DA]
	(No symbol) [0x01079157]
	(No symbol) [0x010B7EF4]
	(No symbol) [0x010B89FB]
	(No symbol) [0x010AE131]
	(No symbol) [0x010DD094]
	(No symbol) [0x010ADCA4]
	(No symbol) [0x010DD2C4]
	(No symbol) [0x010FE824]
	(No symbol) [0x010DCE46]
	(No symbol) [0x010AC5D3]
	(No symbol) [0x010AD424]
	GetHandleVerifier [0x0148BBC3+2435075]
	GetHandleVerifier [0x01487163+2416035]
	GetHandleVerifier [0x014A350C+2531660]
	GetHandleVerifier [0x0125F1B5+155125]
	GetHandleVerifier [0x01265B5D+182173]
	GetHandleVerifier [0x0124F9B8+91640]
	GetHandleVerifier [0x0124FB60+92064]
	GetHandleVerifier [0x0123A620+4704]
	BaseThreadInitThunk [0x75897BA9+25]
	RtlInitializeExceptionChain [0x7765C2EB+107]
	RtlClearBits [0x7765C26F+191]

2025-04-11 12:54:44,014 - WARNING - Error processing row: Message: stale element reference: stale element not found in the current frame
  (Session info: chrome=135.0.7049.85); For documentation on this error, please visit: https://www.selenium.dev/documentation/webdriver/troubleshooting/errors#stale-element-reference-exception
Stacktrace:
	GetHandleVerifier [0x012480E3+60707]
	GetHandleVerifier [0x01248124+60772]
	(No symbol) [0x01070683]
	(No symbol) [0x01076DE7]
	(No symbol) [0x010790DA]
	(No symbol) [0x01079157]
	(No symbol) [0x010B7EF4]
	(No symbol) [0x010B89FB]
	(No symbol) [0x010AE131]
	(No symbol) [0x010DD094]
	(No symbol) [0x010ADCA4]
	(No symbol) [0x010DD2C4]
	(No symbol) [0x010FE824]
	(No symbol) [0x010DCE46]
	(No symbol) [0x010AC5D3]
	(No symbol) [0x010AD424]
	GetHandleVerifier [0x0148BBC3+2435075]
	GetHandleVerifier [0x01487163+2416035]
	GetHandleVerifier [0x014A350C+2531660]
	GetHandleVerifier [0x0125F1B5+155125]
	GetHandleVerifier [0x01265B5D+182173]
	GetHandleVerifier [0x0124F9B8+91640]
	GetHandleVerifier [0x0124FB60+92064]
	GetHandleVerifier [0x0123A620+4704]
	BaseThreadInitThunk [0x75897BA9+25]
	RtlInitializeExceptionChain [0x7765C2EB+107]
	RtlClearBits [0x7765C26F+191]

2025-04-11 12:54:44,021 - WARNING - Error processing row: Message: stale element reference: stale element not found in the current frame
  (Session info: chrome=135.0.7049.85); For documentation on this error, please visit: https://www.selenium.dev/documentation/webdriver/troubleshooting/errors#stale-element-reference-exception
Stacktrace:
	GetHandleVerifier [0x012480E3+60707]
	GetHandleVerifier [0x01248124+60772]
	(No symbol) [0x01070683]
	(No symbol) [0x01076DE7]
	(No symbol) [0x010790DA]
	(No symbol) [0x01079157]
	(No symbol) [0x010B7EF4]
	(No symbol) [0x010B89FB]
	(No symbol) [0x010AE131]
	(No symbol) [0x010DD094]
	(No symbol) [0x010ADCA4]
	(No symbol) [0x010DD2C4]
	(No symbol) [0x010FE824]
	(No symbol) [0x010DCE46]
	(No symbol) [0x010AC5D3]
	(No symbol) [0x010AD424]
	GetHandleVerifier [0x0148BBC3+2435075]
	GetHandleVerifier [0x01487163+2416035]
	GetHandleVerifier [0x014A350C+2531660]
	GetHandleVerifier [0x0125F1B5+155125]
	GetHandleVerifier [0x01265B5D+182173]
	GetHandleVerifier [0x0124F9B8+91640]
	GetHandleVerifier [0x0124FB60+92064]
	GetHandleVerifier [0x0123A620+4704]
	BaseThreadInitThunk [0x75897BA9+25]
	RtlInitializeExceptionChain [0x7765C2EB+107]
	RtlClearBits [0x7765C26F+191]

2025-04-11 12:54:44,028 - WARNING - Error processing row: Message: stale element reference: stale element not found in the current frame
  (Session info: chrome=135.0.7049.85); For documentation on this error, please visit: https://www.selenium.dev/documentation/webdriver/troubleshooting/errors#stale-element-reference-exception
Stacktrace:
	GetHandleVerifier [0x012480E3+60707]
	GetHandleVerifier [0x01248124+60772]
	(No symbol) [0x01070683]
	(No symbol) [0x01076DE7]
	(No symbol) [0x010790DA]
	(No symbol) [0x01079157]
	(No symbol) [0x010B7EF4]
	(No symbol) [0x010B89FB]
	(No symbol) [0x010AE131]
	(No symbol) [0x010DD094]
	(No symbol) [0x010ADCA4]
	(No symbol) [0x010DD2C4]
	(No symbol) [0x010FE824]
	(No symbol) [0x010DCE46]
	(No symbol) [0x010AC5D3]
	(No symbol) [0x010AD424]
	GetHandleVerifier [0x0148BBC3+2435075]
	GetHandleVerifier [0x01487163+2416035]
	GetHandleVerifier [0x014A350C+2531660]
	GetHandleVerifier [0x0125F1B5+155125]
	GetHandleVerifier [0x01265B5D+182173]
	GetHandleVerifier [0x0124F9B8+91640]
	GetHandleVerifier [0x0124FB60+92064]
	GetHandleVerifier [0x0123A620+4704]
	BaseThreadInitThunk [0x75897BA9+25]
	RtlInitializeExceptionChain [0x7765C2EB+107]
	RtlClearBits [0x7765C26F+191]

2025-04-11 12:54:44,033 - WARNING - Error processing row: Message: stale element reference: stale element not found in the current frame
  (Session info: chrome=135.0.7049.85); For documentation on this error, please visit: https://www.selenium.dev/documentation/webdriver/troubleshooting/errors#stale-element-reference-exception
Stacktrace:
	GetHandleVerifier [0x012480E3+60707]
	GetHandleVerifier [0x01248124+60772]
	(No symbol) [0x01070683]
	(No symbol) [0x01076DE7]
	(No symbol) [0x010790DA]
	(No symbol) [0x01079157]
	(No symbol) [0x010B7EF4]
	(No symbol) [0x010B89FB]
	(No symbol) [0x010AE131]
	(No symbol) [0x010DD094]
	(No symbol) [0x010ADCA4]
	(No symbol) [0x010DD2C4]
	(No symbol) [0x010FE824]
	(No symbol) [0x010DCE46]
	(No symbol) [0x010AC5D3]
	(No symbol) [0x010AD424]
	GetHandleVerifier [0x0148BBC3+2435075]
	GetHandleVerifier [0x01487163+2416035]
	GetHandleVerifier [0x014A350C+2531660]
	GetHandleVerifier [0x0125F1B5+155125]
	GetHandleVerifier [0x01265B5D+182173]
	GetHandleVerifier [0x0124F9B8+91640]
	GetHandleVerifier [0x0124FB60+92064]
	GetHandleVerifier [0x0123A620+4704]
	BaseThreadInitThunk [0x75897BA9+25]
	RtlInitializeExceptionChain [0x7765C2EB+107]
	RtlClearBits [0x7765C26F+191]

2025-04-11 12:54:44,040 - WARNING - Error processing row: Message: stale element reference: stale element not found in the current frame
  (Session info: chrome=135.0.7049.85); For documentation on this error, please visit: https://www.selenium.dev/documentation/webdriver/troubleshooting/errors#stale-element-reference-exception
Stacktrace:
	GetHandleVerifier [0x012480E3+60707]
	GetHandleVerifier [0x01248124+60772]
	(No symbol) [0x01070683]
	(No symbol) [0x01076DE7]
	(No symbol) [0x010790DA]
	(No symbol) [0x01079157]
	(No symbol) [0x010B7EF4]
	(No symbol) [0x010B89FB]
	(No symbol) [0x010AE131]
	(No symbol) [0x010DD094]
	(No symbol) [0x010ADCA4]
	(No symbol) [0x010DD2C4]
	(No symbol) [0x010FE824]
	(No symbol) [0x010DCE46]
	(No symbol) [0x010AC5D3]
	(No symbol) [0x010AD424]
	GetHandleVerifier [0x0148BBC3+2435075]
	GetHandleVerifier [0x01487163+2416035]
	GetHandleVerifier [0x014A350C+2531660]
	GetHandleVerifier [0x0125F1B5+155125]
	GetHandleVerifier [0x01265B5D+182173]
	GetHandleVerifier [0x0124F9B8+91640]
	GetHandleVerifier [0x0124FB60+92064]
	GetHandleVerifier [0x0123A620+4704]
	BaseThreadInitThunk [0x75897BA9+25]
	RtlInitializeExceptionChain [0x7765C2EB+107]
	RtlClearBits [0x7765C26F+191]

2025-04-11 12:54:44,045 - WARNING - Error processing row: Message: stale element reference: stale element not found in the current frame
  (Session info: chrome=135.0.7049.85); For documentation on this error, please visit: https://www.selenium.dev/documentation/webdriver/troubleshooting/errors#stale-element-reference-exception
Stacktrace:
	GetHandleVerifier [0x012480E3+60707]
	GetHandleVerifier [0x01248124+60772]
	(No symbol) [0x01070683]
	(No symbol) [0x01076DE7]
	(No symbol) [0x010790DA]
	(No symbol) [0x01079157]
	(No symbol) [0x010B7EF4]
	(No symbol) [0x010B89FB]
	(No symbol) [0x010AE131]
	(No symbol) [0x010DD094]
	(No symbol) [0x010ADCA4]
	(No symbol) [0x010DD2C4]
	(No symbol) [0x010FE824]
	(No symbol) [0x010DCE46]
	(No symbol) [0x010AC5D3]
	(No symbol) [0x010AD424]
	GetHandleVerifier [0x0148BBC3+2435075]
	GetHandleVerifier [0x01487163+2416035]
	GetHandleVerifier [0x014A350C+2531660]
	GetHandleVerifier [0x0125F1B5+155125]
	GetHandleVerifier [0x01265B5D+182173]
	GetHandleVerifier [0x0124F9B8+91640]
	GetHandleVerifier [0x0124FB60+92064]
	GetHandleVerifier [0x0123A620+4704]
	BaseThreadInitThunk [0x75897BA9+25]
	RtlInitializeExceptionChain [0x7765C2EB+107]
	RtlClearBits [0x7765C26F+191]

2025-04-11 12:54:44,050 - WARNING - Error processing row: Message: stale element reference: stale element not found in the current frame
  (Session info: chrome=135.0.7049.85); For documentation on this error, please visit: https://www.selenium.dev/documentation/webdriver/troubleshooting/errors#stale-element-reference-exception
Stacktrace:
	GetHandleVerifier [0x012480E3+60707]
	GetHandleVerifier [0x01248124+60772]
	(No symbol) [0x01070683]
	(No symbol) [0x01076DE7]
	(No symbol) [0x010790DA]
	(No symbol) [0x01079157]
	(No symbol) [0x010B7EF4]
	(No symbol) [0x010B89FB]
	(No symbol) [0x010AE131]
	(No symbol) [0x010DD094]
	(No symbol) [0x010ADCA4]
	(No symbol) [0x010DD2C4]
	(No symbol) [0x010FE824]
	(No symbol) [0x010DCE46]
	(No symbol) [0x010AC5D3]
	(No symbol) [0x010AD424]
	GetHandleVerifier [0x0148BBC3+2435075]
	GetHandleVerifier [0x01487163+2416035]
	GetHandleVerifier [0x014A350C+2531660]
	GetHandleVerifier [0x0125F1B5+155125]
	GetHandleVerifier [0x01265B5D+182173]
	GetHandleVerifier [0x0124F9B8+91640]
	GetHandleVerifier [0x0124FB60+92064]
	GetHandleVerifier [0x0123A620+4704]
	BaseThreadInitThunk [0x75897BA9+25]
	RtlInitializeExceptionChain [0x7765C2EB+107]
	RtlClearBits [0x7765C26F+191]

2025-04-11 12:54:44,057 - WARNING - Error processing row: Message: stale element reference: stale element not found in the current frame
  (Session info: chrome=135.0.7049.85); For documentation on this error, please visit: https://www.selenium.dev/documentation/webdriver/troubleshooting/errors#stale-element-reference-exception
Stacktrace:
	GetHandleVerifier [0x012480E3+60707]
	GetHandleVerifier [0x01248124+60772]
	(No symbol) [0x01070683]
	(No symbol) [0x01076DE7]
	(No symbol) [0x010790DA]
	(No symbol) [0x01079157]
	(No symbol) [0x010B7EF4]
	(No symbol) [0x010B89FB]
	(No symbol) [0x010AE131]
	(No symbol) [0x010DD094]
	(No symbol) [0x010ADCA4]
	(No symbol) [0x010DD2C4]
	(No symbol) [0x010FE824]
	(No symbol) [0x010DCE46]
	(No symbol) [0x010AC5D3]
	(No symbol) [0x010AD424]
	GetHandleVerifier [0x0148BBC3+2435075]
	GetHandleVerifier [0x01487163+2416035]
	GetHandleVerifier [0x014A350C+2531660]
	GetHandleVerifier [0x0125F1B5+155125]
	GetHandleVerifier [0x01265B5D+182173]
	GetHandleVerifier [0x0124F9B8+91640]
	GetHandleVerifier [0x0124FB60+92064]
	GetHandleVerifier [0x0123A620+4704]
	BaseThreadInitThunk [0x75897BA9+25]
	RtlInitializeExceptionChain [0x7765C2EB+107]
	RtlClearBits [0x7765C26F+191]

2025-04-11 12:54:44,062 - WARNING - Error processing row: Message: stale element reference: stale element not found in the current frame
  (Session info: chrome=135.0.7049.85); For documentation on this error, please visit: https://www.selenium.dev/documentation/webdriver/troubleshooting/errors#stale-element-reference-exception
Stacktrace:
	GetHandleVerifier [0x012480E3+60707]
	GetHandleVerifier [0x01248124+60772]
	(No symbol) [0x01070683]
	(No symbol) [0x01076DE7]
	(No symbol) [0x010790DA]
	(No symbol) [0x01079157]
	(No symbol) [0x010B7EF4]
	(No symbol) [0x010B89FB]
	(No symbol) [0x010AE131]
	(No symbol) [0x010DD094]
	(No symbol) [0x010ADCA4]
	(No symbol) [0x010DD2C4]
	(No symbol) [0x010FE824]
	(No symbol) [0x010DCE46]
	(No symbol) [0x010AC5D3]
	(No symbol) [0x010AD424]
	GetHandleVerifier [0x0148BBC3+2435075]
	GetHandleVerifier [0x01487163+2416035]
	GetHandleVerifier [0x014A350C+2531660]
	GetHandleVerifier [0x0125F1B5+155125]
	GetHandleVerifier [0x01265B5D+182173]
	GetHandleVerifier [0x0124F9B8+91640]
	GetHandleVerifier [0x0124FB60+92064]
	GetHandleVerifier [0x0123A620+4704]
	BaseThreadInitThunk [0x75897BA9+25]
	RtlInitializeExceptionChain [0x7765C2EB+107]
	RtlClearBits [0x7765C26F+191]

2025-04-11 12:54:44,067 - WARNING - Error processing row: Message: stale element reference: stale element not found in the current frame
  (Session info: chrome=135.0.7049.85); For documentation on this error, please visit: https://www.selenium.dev/documentation/webdriver/troubleshooting/errors#stale-element-reference-exception
Stacktrace:
	GetHandleVerifier [0x012480E3+60707]
	GetHandleVerifier [0x01248124+60772]
	(No symbol) [0x01070683]
	(No symbol) [0x01076DE7]
	(No symbol) [0x010790DA]
	(No symbol) [0x01079157]
	(No symbol) [0x010B7EF4]
	(No symbol) [0x010B89FB]
	(No symbol) [0x010AE131]
	(No symbol) [0x010DD094]
	(No symbol) [0x010ADCA4]
	(No symbol) [0x010DD2C4]
	(No symbol) [0x010FE824]
	(No symbol) [0x010DCE46]
	(No symbol) [0x010AC5D3]
	(No symbol) [0x010AD424]
	GetHandleVerifier [0x0148BBC3+2435075]
	GetHandleVerifier [0x01487163+2416035]
	GetHandleVerifier [0x014A350C+2531660]
	GetHandleVerifier [0x0125F1B5+155125]
	GetHandleVerifier [0x01265B5D+182173]
	GetHandleVerifier [0x0124F9B8+91640]
	GetHandleVerifier [0x0124FB60+92064]
	GetHandleVerifier [0x0123A620+4704]
	BaseThreadInitThunk [0x75897BA9+25]
	RtlInitializeExceptionChain [0x7765C2EB+107]
	RtlClearBits [0x7765C26F+191]

2025-04-11 12:54:44,074 - WARNING - Error processing row: Message: stale element reference: stale element not found in the current frame
  (Session info: chrome=135.0.7049.85); For documentation on this error, please visit: https://www.selenium.dev/documentation/webdriver/troubleshooting/errors#stale-element-reference-exception
Stacktrace:
	GetHandleVerifier [0x012480E3+60707]
	GetHandleVerifier [0x01248124+60772]
	(No symbol) [0x01070683]
	(No symbol) [0x01076DE7]
	(No symbol) [0x010790DA]
	(No symbol) [0x01079157]
	(No symbol) [0x010B7EF4]
	(No symbol) [0x010B89FB]
	(No symbol) [0x010AE131]
	(No symbol) [0x010DD094]
	(No symbol) [0x010ADCA4]
	(No symbol) [0x010DD2C4]
	(No symbol) [0x010FE824]
	(No symbol) [0x010DCE46]
	(No symbol) [0x010AC5D3]
	(No symbol) [0x010AD424]
	GetHandleVerifier [0x0148BBC3+2435075]
	GetHandleVerifier [0x01487163+2416035]
	GetHandleVerifier [0x014A350C+2531660]
	GetHandleVerifier [0x0125F1B5+155125]
	GetHandleVerifier [0x01265B5D+182173]
	GetHandleVerifier [0x0124F9B8+91640]
	GetHandleVerifier [0x0124FB60+92064]
	GetHandleVerifier [0x0123A620+4704]
	BaseThreadInitThunk [0x75897BA9+25]
	RtlInitializeExceptionChain [0x7765C2EB+107]
	RtlClearBits [0x7765C26F+191]

2025-04-11 12:54:44,080 - WARNING - Error processing row: Message: stale element reference: stale element not found in the current frame
  (Session info: chrome=135.0.7049.85); For documentation on this error, please visit: https://www.selenium.dev/documentation/webdriver/troubleshooting/errors#stale-element-reference-exception
Stacktrace:
	GetHandleVerifier [0x012480E3+60707]
	GetHandleVerifier [0x01248124+60772]
	(No symbol) [0x01070683]
	(No symbol) [0x01076DE7]
	(No symbol) [0x010790DA]
	(No symbol) [0x01079157]
	(No symbol) [0x010B7EF4]
	(No symbol) [0x010B89FB]
	(No symbol) [0x010AE131]
	(No symbol) [0x010DD094]
	(No symbol) [0x010ADCA4]
	(No symbol) [0x010DD2C4]
	(No symbol) [0x010FE824]
	(No symbol) [0x010DCE46]
	(No symbol) [0x010AC5D3]
	(No symbol) [0x010AD424]
	GetHandleVerifier [0x0148BBC3+2435075]
	GetHandleVerifier [0x01487163+2416035]
	GetHandleVerifier [0x014A350C+2531660]
	GetHandleVerifier [0x0125F1B5+155125]
	GetHandleVerifier [0x01265B5D+182173]
	GetHandleVerifier [0x0124F9B8+91640]
	GetHandleVerifier [0x0124FB60+92064]
	GetHandleVerifier [0x0123A620+4704]
	BaseThreadInitThunk [0x75897BA9+25]
	RtlInitializeExceptionChain [0x7765C2EB+107]
	RtlClearBits [0x7765C26F+191]

2025-04-11 12:54:44,085 - WARNING - Error processing row: Message: stale element reference: stale element not found in the current frame
  (Session info: chrome=135.0.7049.85); For documentation on this error, please visit: https://www.selenium.dev/documentation/webdriver/troubleshooting/errors#stale-element-reference-exception
Stacktrace:
	GetHandleVerifier [0x012480E3+60707]
	GetHandleVerifier [0x01248124+60772]
	(No symbol) [0x01070683]
	(No symbol) [0x01076DE7]
	(No symbol) [0x010790DA]
	(No symbol) [0x01079157]
	(No symbol) [0x010B7EF4]
	(No symbol) [0x010B89FB]
	(No symbol) [0x010AE131]
	(No symbol) [0x010DD094]
	(No symbol) [0x010ADCA4]
	(No symbol) [0x010DD2C4]
	(No symbol) [0x010FE824]
	(No symbol) [0x010DCE46]
	(No symbol) [0x010AC5D3]
	(No symbol) [0x010AD424]
	GetHandleVerifier [0x0148BBC3+2435075]
	GetHandleVerifier [0x01487163+2416035]
	GetHandleVerifier [0x014A350C+2531660]
	GetHandleVerifier [0x0125F1B5+155125]
	GetHandleVerifier [0x01265B5D+182173]
	GetHandleVerifier [0x0124F9B8+91640]
	GetHandleVerifier [0x0124FB60+92064]
	GetHandleVerifier [0x0123A620+4704]
	BaseThreadInitThunk [0x75897BA9+25]
	RtlInitializeExceptionChain [0x7765C2EB+107]
	RtlClearBits [0x7765C26F+191]

2025-04-11 12:54:44,086 - WARNING - Not enough rows found in search results
2025-04-11 12:54:44,282 - INFO - Clicked on the first available Material element
2025-04-11 12:54:44,282 - INFO - Successfully completed search and click workflow
2025-04-11 12:54:44,282 - INFO - Looking for Page Option Values section
2025-04-11 12:54:44,300 - INFO - Scrolling down to find Page Option Values
2025-04-11 12:54:45,377 - INFO - Clicked on Page Option Values section
2025-04-11 12:54:50,589 - INFO - Successfully found and clicked button via JavaScript: Clicked button: 
    add new value

2025-04-11 12:54:50,589 - INFO - Successfully clicked on Page Option Values and Add new Value
2025-04-11 12:54:50,590 - INFO - Parsed 1 materials from name value: ['0,36 mm starker Bilderdruckkarton 350g matt (zertifiziert mit FSC-Siegel), mittlere Steifigkeit']
2025-04-11 12:54:50,590 - INFO - Parsed 1 materials from code value: ['mappe_a4_2t_44_folie_softfeel_uvlack_partiell_0_36mm_bilderdruckkarton_350g_matt_fsc']
2025-04-11 12:54:50,591 - INFO - Processing material 1/1: Name=0,36 mm starker Bilderdruckkarton 350g matt (zertifiziert mit FSC-Siegel), mittlere Steifigkeit, Code=mappe_a4_2t_44_folie_softfeel_uvlack_partiell_0_36mm_bilderdruckkarton_350g_matt_fsc, Position=0
2025-04-11 12:54:52,704 - INFO - JavaScript fill result for material 1: {'codeFieldFound': True, 'codeFieldValue': 'mappe_a4_2t_44_folie_softfeel_uvlack_partiell_0_36mm_bilderdruckkarton_350g_matt_fsc', 'nameFieldFound': True, 'nameFieldValue': '0,36 mm starker Bilderdruckkarton 350g matt (zertifiziert mit FSC-Siegel), mittlere Steifigkeit', 'positionFieldFound': True, 'positionFieldValue': '0'}
2025-04-11 12:54:53,796 - INFO - Starting popup modal Save button click function
2025-04-11 12:54:53,812 - INFO - Found modal popup
2025-04-11 12:54:53,820 - WARNING - Could not find Save button in modal: Message: no such element: Unable to locate element: {"method":"css selector","selector":"button#save, button.action-primary, button[title='Save'], button.primary"}
  (Session info: chrome=135.0.7049.85); For documentation on this error, please visit: https://www.selenium.dev/documentation/webdriver/troubleshooting/errors#no-such-element-exception
Stacktrace:
	GetHandleVerifier [0x012480E3+60707]
	GetHandleVerifier [0x01248124+60772]
	(No symbol) [0x01070683]
	(No symbol) [0x010B8660]
	(No symbol) [0x010B89FB]
	(No symbol) [0x010ADD81]
	(No symbol) [0x010DD094]
	(No symbol) [0x010ADCA4]
	(No symbol) [0x010DD2C4]
	(No symbol) [0x010FE824]
	(No symbol) [0x010DCE46]
	(No symbol) [0x010AC5D3]
	(No symbol) [0x010AD424]
	GetHandleVerifier [0x0148BBC3+2435075]
	GetHandleVerifier [0x01487163+2416035]
	GetHandleVerifier [0x014A350C+2531660]
	GetHandleVerifier [0x0125F1B5+155125]
	GetHandleVerifier [0x01265B5D+182173]
	GetHandleVerifier [0x0124F9B8+91640]
	GetHandleVerifier [0x0124FB60+92064]
	GetHandleVerifier [0x0123A620+4704]
	BaseThreadInitThunk [0x75897BA9+25]
	RtlInitializeExceptionChain [0x7765C2EB+107]
	RtlClearBits [0x7765C26F+191]

2025-04-11 12:54:53,839 - WARNING - Title-based approach failed: Message: no such element: Unable to locate element: {"method":"xpath","selector":"//div[contains(text(), 'Page Option Value')]"}
  (Session info: chrome=135.0.7049.85); For documentation on this error, please visit: https://www.selenium.dev/documentation/webdriver/troubleshooting/errors#no-such-element-exception
Stacktrace:
	GetHandleVerifier [0x012480E3+60707]
	GetHandleVerifier [0x01248124+60772]
	(No symbol) [0x01070683]
	(No symbol) [0x010B8660]
	(No symbol) [0x010B89FB]
	(No symbol) [0x01101022]
	(No symbol) [0x010DD094]
	(No symbol) [0x010FE824]
	(No symbol) [0x010DCE46]
	(No symbol) [0x010AC5D3]
	(No symbol) [0x010AD424]
	GetHandleVerifier [0x0148BBC3+2435075]
	GetHandleVerifier [0x01487163+2416035]
	GetHandleVerifier [0x014A350C+2531660]
	GetHandleVerifier [0x0125F1B5+155125]
	GetHandleVerifier [0x01265B5D+182173]
	GetHandleVerifier [0x0124F9B8+91640]
	GetHandleVerifier [0x0124FB60+92064]
	GetHandleVerifier [0x0123A620+4704]
	BaseThreadInitThunk [0x75897BA9+25]
	RtlInitializeExceptionChain [0x7765C2EB+107]
	RtlClearBits [0x7765C26F+191]

2025-04-11 12:54:53,849 - WARNING - JavaScript approach could not find modal Save button
2025-04-11 12:54:53,849 - INFO - Looking for most recently added Save button
2025-04-11 12:54:54,996 - INFO - Clicked most recently added Save button
2025-04-11 12:54:54,996 - INFO - Successfully saved material 1
2025-04-11 12:54:57,012 - INFO - All materials processed, now clicking main save
2025-04-11 12:54:57,012 - INFO - Refreshing page...
2025-04-11 12:54:57,881 - INFO - Page refreshed successfully
2025-04-11 12:54:58,920 - INFO - Clicked main Save button in top-right corner
2025-04-11 12:54:59,921 - INFO - Successfully saved all page option values
2025-04-11 12:54:59,921 - INFO - Successfully filled and saved the form
2025-04-11 12:54:59,921 - INFO - Starting popup modal Save button click function
2025-04-11 12:54:59,927 - INFO - Found modal popup
2025-04-11 12:54:59,932 - WARNING - Could not find Save button in modal: Message: no such element: Unable to locate element: {"method":"css selector","selector":"button#save, button.action-primary, button[title='Save'], button.primary"}
  (Session info: chrome=135.0.7049.85); For documentation on this error, please visit: https://www.selenium.dev/documentation/webdriver/troubleshooting/errors#no-such-element-exception
Stacktrace:
	GetHandleVerifier [0x012480E3+60707]
	GetHandleVerifier [0x01248124+60772]
	(No symbol) [0x01070683]
	(No symbol) [0x010B8660]
	(No symbol) [0x010B89FB]
	(No symbol) [0x010ADD81]
	(No symbol) [0x010DD094]
	(No symbol) [0x010ADCA4]
	(No symbol) [0x010DD2C4]
	(No symbol) [0x010FE824]
	(No symbol) [0x010DCE46]
	(No symbol) [0x010AC5D3]
	(No symbol) [0x010AD424]
	GetHandleVerifier [0x0148BBC3+2435075]
	GetHandleVerifier [0x01487163+2416035]
	GetHandleVerifier [0x014A350C+2531660]
	GetHandleVerifier [0x0125F1B5+155125]
	GetHandleVerifier [0x01265B5D+182173]
	GetHandleVerifier [0x0124F9B8+91640]
	GetHandleVerifier [0x0124FB60+92064]
	GetHandleVerifier [0x0123A620+4704]
	BaseThreadInitThunk [0x75897BA9+25]
	RtlInitializeExceptionChain [0x7765C2EB+107]
	RtlClearBits [0x7765C26F+191]

2025-04-11 12:54:59,940 - WARNING - Title-based approach failed: Message: no such element: Unable to locate element: {"method":"xpath","selector":"//div[contains(text(), 'Page Option Value')]"}
  (Session info: chrome=135.0.7049.85); For documentation on this error, please visit: https://www.selenium.dev/documentation/webdriver/troubleshooting/errors#no-such-element-exception
Stacktrace:
	GetHandleVerifier [0x012480E3+60707]
	GetHandleVerifier [0x01248124+60772]
	(No symbol) [0x01070683]
	(No symbol) [0x010B8660]
	(No symbol) [0x010B89FB]
	(No symbol) [0x01101022]
	(No symbol) [0x010DD094]
	(No symbol) [0x010FE824]
	(No symbol) [0x010DCE46]
	(No symbol) [0x010AC5D3]
	(No symbol) [0x010AD424]
	GetHandleVerifier [0x0148BBC3+2435075]
	GetHandleVerifier [0x01487163+2416035]
	GetHandleVerifier [0x014A350C+2531660]
	GetHandleVerifier [0x0125F1B5+155125]
	GetHandleVerifier [0x01265B5D+182173]
	GetHandleVerifier [0x0124F9B8+91640]
	GetHandleVerifier [0x0124FB60+92064]
	GetHandleVerifier [0x0123A620+4704]
	BaseThreadInitThunk [0x75897BA9+25]
	RtlInitializeExceptionChain [0x7765C2EB+107]
	RtlClearBits [0x7765C26F+191]

2025-04-11 12:54:59,944 - WARNING - JavaScript approach could not find modal Save button
2025-04-11 12:54:59,944 - INFO - Looking for most recently added Save button
2025-04-11 12:54:59,949 - WARNING - No Save buttons found
2025-04-11 12:54:59,949 - INFO - Successfully clicked modal save button.
2025-04-11 12:54:59,949 - INFO - Refreshing page...
2025-04-11 12:55:00,137 - INFO - Page refreshed successfully
2025-04-11 12:55:01,325 - INFO - Clicked main Save button in top-right corner
2025-04-11 12:55:02,325 - INFO - Successfully clicked modal save button.
2025-04-11 12:55:02,325 - INFO - Starting process to add a new product part from CSV
2025-04-11 12:55:02,326 - INFO - Clicking on CLOUDLAB icon using the Catalog approach...
2025-04-11 12:55:02,343 - INFO - Clicked on CLOUDLAB icon using Catalog approach
2025-04-11 12:55:04,344 - INFO - Clicking on Product Parts submenu using Catalog Products approach...
2025-04-11 12:55:19,564 - WARNING - Catalog approach failed for Product Parts: Message: 
Stacktrace:
	GetHandleVerifier [0x012480E3+60707]
	GetHandleVerifier [0x01248124+60772]
	(No symbol) [0x01070683]
	(No symbol) [0x010B8660]
	(No symbol) [0x010B89FB]
	(No symbol) [0x01101022]
	(No symbol) [0x010DD094]
	(No symbol) [0x010FE824]
	(No symbol) [0x010DCE46]
	(No symbol) [0x010AC5D3]
	(No symbol) [0x010AD424]
	GetHandleVerifier [0x0148BBC3+2435075]
	GetHandleVerifier [0x01487163+2416035]
	GetHandleVerifier [0x014A350C+2531660]
	GetHandleVerifier [0x0125F1B5+155125]
	GetHandleVerifier [0x01265B5D+182173]
	GetHandleVerifier [0x0124F9B8+91640]
	GetHandleVerifier [0x0124FB60+92064]
	GetHandleVerifier [0x0123A620+4704]
	BaseThreadInitThunk [0x75897BA9+25]
	RtlInitializeExceptionChain [0x7765C2EB+107]
	RtlClearBits [0x7765C26F+191]

2025-04-11 12:55:21,181 - INFO - Clicked on Product Parts by text
2025-04-11 12:55:24,252 - INFO - Successfully navigated to Product Parts page
2025-04-11 12:55:24,252 - INFO - Clicking on Add New Part button
2025-04-11 12:55:27,215 - INFO - Clicked on Add New Part button using CSS class
2025-04-11 12:55:27,215 - INFO - Waiting 10 seconds for the form to load completely...
2025-04-11 12:55:37,216 - INFO - Filling Name field
2025-04-11 12:55:37,394 - INFO - Filled Name field with: Mappe für DIN A4 2-teilig, 4/4 farbig (Außenseite bedruckt), mit Softfeel-Folie und partieller UV-Lack-Veredelung
2025-04-11 12:55:38,395 - INFO - Filling Code field with enhanced approach
2025-04-11 12:55:38,660 - INFO - Filled Code field with: mappe_fuer_din_a4_2_teilig_4_4_farbig_aussenseite_bedruckt_mit_softfeel_folie_und_partieller_uv_lack_veredelung and triggered validation
2025-04-11 12:55:38,660 - INFO - Attempting to select Material dropdown
2025-04-11 12:55:38,660 - INFO - Attempting to select materials from CSV
2025-04-11 12:55:38,661 - INFO - Found materials from CSV: ['mappe_a4_2t_44_folie_softfeel_uvlack_partiell_0_36mm_bilderdruckkarton_350g_matt_fsc']
2025-04-11 12:55:39,682 - INFO - Found Öffnung element, now looking for Material field below it
2025-04-11 12:55:40,733 - INFO - Found Material element, now looking for select element
2025-04-11 12:55:40,779 - INFO - Found Material select element
2025-04-11 12:55:40,878 - INFO - JavaScript selection result: Selected 1 options: ['0,36 mm starker Bilderdruckkarton 350g matt (zertifiziert mit FSC-Siegel), mittlere Steifigkeit (mappe_a4_2t_44_folie_softfeel_uvlack_partiell_0_36mm_bilderdruckkarton_350g_matt_fsc)']
2025-04-11 12:55:40,878 - INFO - Successfully selected last option in Material dropdown
2025-04-11 12:55:45,879 - INFO - Clicking Save button
2025-04-11 12:55:47,137 - INFO - Clicked Save button via CSS selector
2025-04-11 12:55:47,138 - INFO - Waiting 10 seconds after save...
2025-04-11 12:55:57,138 - INFO - Product part save process completed
2025-04-11 12:55:57,138 - INFO - Successfully added a new product part for product 1
2025-04-11 12:55:57,138 - INFO - Clicking on Catalog icon...
2025-04-11 12:55:59,168 - INFO - Clicking on Products submenu...
2025-04-11 12:56:02,480 - INFO - Clicking on Add Product button...
2025-04-11 12:56:07,290 - INFO - Navigated to Add Product page
2025-04-11 12:56:07,661 - INFO - Product name entered: Mappe für DIN A4 2-teilig, 4/4 farbig (Außenseite bedruckt), mit Softfeel-Folie und partieller UV-Lack-Veredelung
2025-04-11 12:56:07,762 - INFO - SKU entered: 1004359
2025-04-11 12:56:07,863 - INFO - Price entered: 1.00
2025-04-11 12:56:07,925 - INFO - Quantity entered: 99999999
2025-04-11 12:56:07,925 - INFO - Successfully filled basic info for product: Mappe für DIN A4 2-teilig, 4/4 farbig (Außenseite bedruckt), mit Softfeel-Folie und partieller UV-Lack-Veredelung
2025-04-11 12:56:07,926 - INFO - Setting 'Is Meter Price' to: Yes
2025-04-11 12:56:07,995 - INFO - Toggle result: Changed 'Is Meter Price' to: Yes
2025-04-11 12:56:08,033 - INFO - Final scroll position: 777px
2025-04-11 12:56:08,033 - ERROR - Failed to set 'Is Meter Price': name 'current_scroll_y' is not defined
2025-04-11 12:56:08,033 - INFO - Attempting final fallback method
2025-04-11 12:56:10,099 - INFO - Clicked toggle using fallback method
2025-04-11 12:56:10,099 - INFO - Selecting Producer: wmd.networkhero.eu with simplified approach
2025-04-11 12:56:11,124 - INFO - JavaScript producer selection result: Selected wmd.networkhero.eu using standard dropdown via JS
2025-04-11 12:56:11,124 - INFO - Setting 'Disable pickup' to: Yes
2025-04-11 12:56:11,131 - INFO - Initial scroll position: 1035px
2025-04-11 12:56:12,644 - INFO - Current scroll position after positioning: 2278px
2025-04-11 12:56:12,664 - INFO - Toggle result: Changed 'Disable pickup' to: Yes
2025-04-11 12:56:12,669 - INFO - Final scroll position: 2278px
2025-04-11 12:56:12,680 - INFO - Validation confirmed 'Disable pickup' setting was applied correctly
2025-04-11 12:56:12,680 - INFO - Scrolling down to find Websites section
2025-04-11 12:56:13,718 - INFO - Expanded Websites section
2025-04-11 12:56:15,750 - INFO - Selected website: Selling Website
2025-04-11 12:56:15,770 - INFO - Selected website: Networkhero
2025-04-11 12:56:15,771 - INFO - Completed website selection
2025-04-11 12:56:15,771 - INFO - Updating Product Type to: Upload + Personalization + Configuration using producer-style approach
2025-04-11 12:56:16,812 - INFO - Clicked Web2Print Settings
2025-04-11 12:56:19,861 - INFO - Clicked General tab
2025-04-11 12:56:21,862 - INFO - Selecting Product Type: Upload + Personalization + Configuration with producer-style approach
2025-04-11 12:56:22,899 - INFO - JavaScript Product Type selection result: Selected Upload + Personalization + Configuration using standard select
2025-04-11 12:56:22,900 - INFO - Setting Price Calculation to Fixed in Matrix tab
2025-04-11 12:56:23,944 - INFO - Clicked Matrix tab
2025-04-11 12:56:25,945 - INFO - Looking for Price Calculation field
2025-04-11 12:56:25,957 - INFO - JavaScript Price Calculation selection result: Selected Fixed using standard select
2025-04-11 12:56:25,958 - INFO - Selecting weekdays in Production Days multiselect
2025-04-11 12:56:26,998 - INFO - Clicked Others tab
2025-04-11 12:56:30,006 - INFO - Approaching Production Days with direct ID
2025-04-11 12:56:40,154 - WARNING - Direct ID approach failed: Message: 
Stacktrace:
	GetHandleVerifier [0x012480E3+60707]
	GetHandleVerifier [0x01248124+60772]
	(No symbol) [0x01070683]
	(No symbol) [0x010B8660]
	(No symbol) [0x010B89FB]
	(No symbol) [0x01101022]
	(No symbol) [0x010DD094]
	(No symbol) [0x010FE824]
	(No symbol) [0x010DCE46]
	(No symbol) [0x010AC5D3]
	(No symbol) [0x010AD424]
	GetHandleVerifier [0x0148BBC3+2435075]
	GetHandleVerifier [0x01487163+2416035]
	GetHandleVerifier [0x014A350C+2531660]
	GetHandleVerifier [0x0125F1B5+155125]
	GetHandleVerifier [0x01265B5D+182173]
	GetHandleVerifier [0x0124F9B8+91640]
	GetHandleVerifier [0x0124FB60+92064]
	GetHandleVerifier [0x0123A620+4704]
	BaseThreadInitThunk [0x75897BA9+25]
	RtlInitializeExceptionChain [0x7765C2EB+107]
	RtlClearBits [0x7765C26F+191]

2025-04-11 12:56:40,155 - INFO - Approaching Production Days via label
2025-04-11 12:56:41,201 - WARNING - Label approach failed: Message: no such element: Unable to locate element: {"method":"css selector","selector":"select.admin__control-multiselect, select[multiple]"}
  (Session info: chrome=135.0.7049.85); For documentation on this error, please visit: https://www.selenium.dev/documentation/webdriver/troubleshooting/errors#no-such-element-exception
Stacktrace:
	GetHandleVerifier [0x012480E3+60707]
	GetHandleVerifier [0x01248124+60772]
	(No symbol) [0x01070683]
	(No symbol) [0x010B8660]
	(No symbol) [0x010B89FB]
	(No symbol) [0x010ADD81]
	(No symbol) [0x010DD094]
	(No symbol) [0x010ADCA4]
	(No symbol) [0x010DD2C4]
	(No symbol) [0x010FE824]
	(No symbol) [0x010DCE46]
	(No symbol) [0x010AC5D3]
	(No symbol) [0x010AD424]
	GetHandleVerifier [0x0148BBC3+2435075]
	GetHandleVerifier [0x01487163+2416035]
	GetHandleVerifier [0x014A350C+2531660]
	GetHandleVerifier [0x0125F1B5+155125]
	GetHandleVerifier [0x01265B5D+182173]
	GetHandleVerifier [0x0124F9B8+91640]
	GetHandleVerifier [0x0124FB60+92064]
	GetHandleVerifier [0x0123A620+4704]
	BaseThreadInitThunk [0x75897BA9+25]
	RtlInitializeExceptionChain [0x7765C2EB+107]
	RtlClearBits [0x7765C26F+191]

2025-04-11 12:56:41,202 - INFO - Trying all multiselects approach
2025-04-11 12:56:41,202 - INFO - Found 1 multiselects
2025-04-11 12:56:42,226 - INFO - JavaScript multiselect 1 result: {'selected': ['Monday', 'Tuesday', 'Wednesday', 'Thursday', 'Friday'], 'success': True}
2025-04-11 12:56:42,228 - INFO - Successfully selected weekdays in multiselect 1
2025-04-11 12:56:42,228 - INFO - Configuring Delivery section with final optimized approach
2025-04-11 12:56:43,760 - INFO - Expansion result: Clicked to expand delivery section
2025-04-11 12:56:45,761 - INFO - Setting VPE value to 9999
2025-04-11 12:56:45,761 - INFO - Setting VPE value to 9999 using optimized method
2025-04-11 12:56:45,769 - INFO - DOM manipulation result: Set VPE value to 9999 via DOM manipulation
2025-04-11 12:56:45,770 - INFO - Selecting VPE Type: Stock
2025-04-11 12:56:45,770 - INFO - Selecting VPE Type: Stock using producer-style approach
2025-04-11 12:56:49,805 - INFO - VPE Type field structure: {'found': True, 'labelRect': {'bottom': 547.515625, 'height': 0, 'left': 489.03125, 'right': 549.75, 'toJSON': {}, 'top': 547.515625, 'width': 60.71875, 'x': 489.03125, 'y': 547.515625}, 'structure': {'dropdownLikeCount': 0, 'fieldClasses': 'admin__field', 'firstSelectClasses': 'admin__control-select', 'firstSelectId': 'R5B207K', 'firstSelectOptions': ['LFM - Running Meter', 'm²', 'Stock'], 'hasField': True, 'hasMultiselect': False, 'selectCount': 1}}
2025-04-11 12:56:49,806 - INFO - Found traditional select for VPE Type
2025-04-11 12:56:49,812 - INFO - Select result: Selected Stock from VPE Type select
2025-04-11 12:56:49,812 - INFO - Selecting 'Fix Products' option
2025-04-11 12:56:49,818 - INFO - Fix Products selection result: Selected Fix Products option
2025-04-11 12:56:49,818 - INFO - Successfully configured Delivery section
2025-04-11 12:56:49,818 - INFO - Configuring Print Product Setup with CTRL+click for multiple selection
2025-04-11 12:56:50,865 - INFO - Clicked Print Product Setup
2025-04-11 12:56:52,866 - INFO - Attempting to select the last option in Product Parts list
2025-04-11 12:56:52,893 - INFO - Found Product Parts select element using XPath: //span[text()='Product Parts']/ancestor::div[contains(@class, 'field')]//select
2025-04-11 12:56:58,136 - INFO - Selecting last option (index 1125) of 1126 total options
2025-04-11 12:57:01,581 - INFO - Selected last option by index: 1125
2025-04-11 12:57:05,785 - INFO - Successfully selected: Mappe für DIN A4 2-teilig, 4/4 farbig (Außenseite bedruckt), mit Softfeel-Folie und partieller UV-Lack-Veredelung ( mappe_fuer_din_a4_2_teilig_4_4_farbig_aussenseite_bedruckt_mit_softfeel_folie_und_partieller_uv_lack_veredelung )
2025-04-11 12:57:05,792 - INFO - Textarea values set result: {'dateityp': False, 'datencheck': True}
2025-04-11 12:57:05,792 - INFO - Trying multiselect approach with CTRL+click
2025-04-11 12:57:06,860 - INFO - Clicked Standard option
2025-04-11 12:57:08,136 - INFO - CTRL+Clicked Profidatencheck option
2025-04-11 12:57:10,202 - INFO - Clicked PDF-file option
2025-04-11 12:57:11,471 - INFO - CTRL+Clicked Image option
2025-04-11 12:57:12,474 - INFO - Configuring additional settings with improved approach
2025-04-11 12:57:12,474 - INFO - Configuring Lieferung field
2025-04-11 12:57:13,512 - INFO - Lieferung selection result: {'selected': ['Standard ( production_standard )', 'Express ( production_express )', 'Standard Plus ( production_standard_plus )'], 'success': True}
2025-04-11 12:57:13,512 - INFO - Configuring Anzahl field
2025-04-11 12:57:15,065 - INFO - Selected quantity_1
2025-04-11 12:57:15,648 - INFO - Selected quantity_1 using Select class
2025-04-11 12:57:15,648 - INFO - Configuring Proof Group field
2025-04-11 12:57:17,210 - INFO - Selected proof_group_digital
2025-04-11 12:57:17,787 - INFO - Selected proof_group_digital using Select class
2025-04-11 12:57:17,787 - INFO - Configuring Product Personalization Template field
2025-04-11 12:57:18,816 - INFO - Template setting result: {'action': 'selected option', 'element': 'select', 'success': True}
2025-04-11 12:57:18,816 - INFO - Clicking the Save button in the top right corner
2025-04-11 12:57:28,993 - WARNING - Standard approach failed: Message: 
Stacktrace:
	GetHandleVerifier [0x012480E3+60707]
	GetHandleVerifier [0x01248124+60772]
	(No symbol) [0x01070683]
	(No symbol) [0x010B8660]
	(No symbol) [0x010B89FB]
	(No symbol) [0x01101022]
	(No symbol) [0x010DD094]
	(No symbol) [0x010FE824]
	(No symbol) [0x010DCE46]
	(No symbol) [0x010AC5D3]
	(No symbol) [0x010AD424]
	GetHandleVerifier [0x0148BBC3+2435075]
	GetHandleVerifier [0x01487163+2416035]
	GetHandleVerifier [0x014A350C+2531660]
	GetHandleVerifier [0x0125F1B5+155125]
	GetHandleVerifier [0x01265B5D+182173]
	GetHandleVerifier [0x0124F9B8+91640]
	GetHandleVerifier [0x0124FB60+92064]
	GetHandleVerifier [0x0123A620+4704]
	BaseThreadInitThunk [0x75897BA9+25]
	RtlInitializeExceptionChain [0x7765C2EB+107]
	RtlClearBits [0x7765C26F+191]

2025-04-11 12:57:29,199 - INFO - JavaScript result: Clicked Save button by text
2025-04-11 12:57:29,199 - INFO - Successfully clicked Save button using JavaScript
2025-04-11 12:57:39,203 - INFO - Successfully saved product 1: Mappe für DIN A4 2-teilig, 4/4 farbig (Außenseite bedruckt), mit Softfeel-Folie und partieller UV-Lack-Veredelung
2025-04-11 12:57:39,203 - INFO - ====== WebDriver manager ======
2025-04-11 12:57:40,154 - INFO - Get LATEST chromedriver version for google-chrome
2025-04-11 12:57:40,217 - INFO - Get LATEST chromedriver version for google-chrome
2025-04-11 12:57:40,263 - INFO - Driver [C:\Users\g.yilmaz\.wdm\drivers\chromedriver\win64\135.0.7049.84\chromedriver-win32/chromedriver.exe] found in cache
2025-04-11 12:57:41,315 - INFO - Chrome WebDriver initialized successfully
2025-04-11 12:57:41,315 - INFO - Navigating to PrintNet login page: https://printnet.networkhero.eu/dashboard/admin/
2025-04-11 12:57:42,122 - INFO - Username entered
2025-04-11 12:57:42,137 - ERROR - Failed to find password field by ID: Message: no such element: Unable to locate element: {"method":"css selector","selector":"[id="password"]"}
  (Session info: chrome=135.0.7049.85); For documentation on this error, please visit: https://www.selenium.dev/documentation/webdriver/troubleshooting/errors#no-such-element-exception
Stacktrace:
	GetHandleVerifier [0x012480E3+60707]
	GetHandleVerifier [0x01248124+60772]
	(No symbol) [0x01070683]
	(No symbol) [0x010B8660]
	(No symbol) [0x010B89FB]
	(No symbol) [0x01101022]
	(No symbol) [0x010DD094]
	(No symbol) [0x010FE824]
	(No symbol) [0x010DCE46]
	(No symbol) [0x010AC5D3]
	(No symbol) [0x010AD424]
	GetHandleVerifier [0x0148BBC3+2435075]
	GetHandleVerifier [0x01487163+2416035]
	GetHandleVerifier [0x014A350C+2531660]
	GetHandleVerifier [0x0125F1B5+155125]
	GetHandleVerifier [0x01265B5D+182173]
	GetHandleVerifier [0x0124F9B8+91640]
	GetHandleVerifier [0x0124FB60+92064]
	GetHandleVerifier [0x0123A620+4704]
	BaseThreadInitThunk [0x75897BA9+25]
	RtlInitializeExceptionChain [0x7765C2EB+107]
	RtlClearBits [0x7765C26F+191]

2025-04-11 12:57:42,205 - INFO - Password entered using alternative selector
2025-04-11 12:57:44,521 - INFO - Login button clicked
2025-04-11 12:58:04,008 - INFO - Successfully logged in to PrintNet
2025-04-11 12:58:04,008 - INFO - Successfully logged in to PrintNet
2025-04-11 12:58:04,008 - INFO - Processing first product: Mappe für DIN A4 2-teilig, 4/4 farbig (Außenseite bedruckt), mit Softfeel-Folie und partieller UV-Lack-Veredelung (SKU: 1004359)
2025-04-11 12:58:04,008 - INFO - Clicking on Catalog icon in PrintNet...
2025-04-11 12:58:04,065 - INFO - Clicking on Products submenu in PrintNet...
2025-04-11 12:58:05,190 - INFO - Clicking on Add Product button in PrintNet...
2025-04-11 12:58:06,181 - INFO - Navigated to Add Product page in PrintNet
2025-04-11 12:58:07,721 - INFO - SKU giriliyor: 1004359
2025-04-11 12:58:07,838 - INFO - SKU girildi: 1004359
2025-04-11 12:58:07,838 - INFO - Fiyat giriliyor: 1.00
2025-04-11 12:58:07,942 - INFO - Fiyat girildi: 1.00
2025-04-11 12:58:07,942 - INFO - Miktar giriliyor: 99999999
2025-04-11 12:58:08,086 - INFO - Miktar girildi: 99999999
2025-04-11 12:58:08,089 - INFO - Starting Visibility selection process
2025-04-11 12:58:08,239 - INFO - Successfully selected 'Catalog'
2025-04-11 12:58:09,240 - INFO - Setting 'Is Meter Price' to: Yes
2025-04-11 12:58:09,249 - INFO - Initial scroll position: 727px
2025-04-11 12:58:09,289 - INFO - Current scroll position after positioning: 547px
2025-04-11 12:58:09,306 - INFO - Toggle result: Changed 'Is Meter Price' to: Yes
2025-04-11 12:58:09,311 - INFO - Final scroll position: 547px
2025-04-11 12:58:09,319 - INFO - Validation confirmed 'Is Meter Price' setting was applied correctly
2025-04-11 12:58:09,508 - INFO - bannerheld.at seçildi
2025-04-11 12:58:17,522 - INFO - Updating Product Type to: Upload + Personalization + Configuration using producer-style approach
2025-04-11 12:58:18,552 - INFO - Clicked General tab
2025-04-11 12:58:20,553 - INFO - Selecting Product Type: Upload + Personalization + Configuration with producer-style approach
2025-04-11 12:58:21,590 - INFO - JavaScript Product Type selection result: Selected Upload + Personalization + Configuration using standard select
2025-04-11 12:58:24,657 - INFO - Looking for Price Calculation field
2025-04-11 12:58:24,671 - INFO - JavaScript Price Calculation selection result: Selected Fixed using standard select
2025-04-11 12:58:28,729 - WARNING - Failed to configure Web2Print settings
2025-04-11 12:58:34,880 - INFO - Selecting weekdays in Production Days multiselect
2025-04-11 12:58:35,952 - INFO - Clicked Others tab
2025-04-11 12:58:37,953 - INFO - Trying to select Print Files Options
2025-04-11 12:58:38,975 - INFO - Found Print Files Options area
2025-04-11 12:58:38,990 - INFO - JavaScript selection result: {'selected': ['Upload from Account', 'Send to Graphic Department', 'Send by Email', 'Online Designer'], 'success': True}
2025-04-11 12:58:39,995 - INFO - Trying all multiselects approach
2025-04-11 12:58:40,005 - INFO - Found 3 multiselects
2025-04-11 12:58:41,029 - INFO - JavaScript multiselect 1 result: {'selected': [], 'success': False}
2025-04-11 12:58:42,055 - INFO - JavaScript multiselect 2 result: {'selected': [], 'success': False}
2025-04-11 12:58:43,075 - INFO - JavaScript multiselect 3 result: {'selected': ['Monday', 'Tuesday', 'Wednesday', 'Thursday', 'Friday'], 'success': True}
2025-04-11 12:58:43,075 - INFO - Successfully selected weekdays in multiselect 3
2025-04-11 12:58:43,075 - INFO - Configuring Minimum DPI and Quantity Selectors
2025-04-11 12:58:44,106 - INFO - Set Minimum DPI to 300
2025-04-11 12:58:45,138 - INFO - Use Custom Quantity Selector result: {'action': 'enabled', 'success': True}
2025-04-11 12:58:46,176 - INFO - Use Fixed Price Quantity Selector result: {'action': 'enabled', 'success': True}
2025-04-11 12:58:46,176 - INFO - Configuring Print Product Setup with CTRL+click for multiple selection
2025-04-11 12:58:47,254 - INFO - Clicked Print Product Setup
2025-04-11 12:58:49,255 - INFO - Attempting to select the last option in Product Parts list
2025-04-11 12:58:50,275 - INFO - Found Product Parts select element
2025-04-11 12:58:57,914 - INFO - Selected last option (index 1125) from Product Parts list
2025-04-11 12:58:57,920 - INFO - Textarea values set result: {'dateityp': False, 'datencheck': False}
2025-04-11 12:58:57,920 - INFO - Trying multiselect approach with CTRL+click
2025-04-11 12:58:58,995 - INFO - Clicked Standard option
2025-04-11 12:59:00,272 - INFO - CTRL+Clicked Profidatencheck option
2025-04-11 12:59:02,341 - INFO - Clicked PDF-file option
2025-04-11 12:59:03,626 - INFO - CTRL+Clicked Image option
2025-04-11 12:59:04,627 - INFO - Configuring additional settings with improved approach
2025-04-11 12:59:04,628 - INFO - Configuring Lieferung field
2025-04-11 12:59:05,670 - INFO - Lieferung selection result: {'selected': ['Standard ( production_standard )', 'Express ( production_express )', 'Standard Plus ( production_standard_plus )'], 'success': True}
2025-04-11 12:59:05,670 - INFO - Configuring Anzahl field
2025-04-11 12:59:07,233 - INFO - Selected quantity_1
2025-04-11 12:59:07,820 - INFO - Selected quantity_1 using Select class
2025-04-11 12:59:07,820 - INFO - Configuring Proof Group field
2025-04-11 12:59:09,385 - INFO - Selected proof_group_digital
2025-04-11 12:59:09,966 - INFO - Selected proof_group_digital using Select class
2025-04-11 12:59:09,966 - INFO - Configuring Product Personalization Template field
2025-04-11 12:59:10,997 - INFO - Template setting result: {'action': 'selected option', 'element': 'select', 'success': True}
2025-04-11 12:59:10,997 - INFO - Successfully configured all settings in PrintNet for product: Mappe für DIN A4 2-teilig, 4/4 farbig (Außenseite bedruckt), mit Softfeel-Folie und partieller UV-Lack-Veredelung
2025-04-11 12:59:10,998 - INFO - Successfully configured product: Mappe für DIN A4 2-teilig, 4/4 farbig (Außenseite bedruckt), mit Softfeel-Folie und partieller UV-Lack-Veredelung
2025-04-11 12:59:10,998 - INFO - Clicking the Save button in the top right corner
2025-04-11 12:59:21,176 - WARNING - Standard approach failed: Message: 
Stacktrace:
	GetHandleVerifier [0x012480E3+60707]
	GetHandleVerifier [0x01248124+60772]
	(No symbol) [0x01070683]
	(No symbol) [0x010B8660]
	(No symbol) [0x010B89FB]
	(No symbol) [0x01101022]
	(No symbol) [0x010DD094]
	(No symbol) [0x010FE824]
	(No symbol) [0x010DCE46]
	(No symbol) [0x010AC5D3]
	(No symbol) [0x010AD424]
	GetHandleVerifier [0x0148BBC3+2435075]
	GetHandleVerifier [0x01487163+2416035]
	GetHandleVerifier [0x014A350C+2531660]
	GetHandleVerifier [0x0125F1B5+155125]
	GetHandleVerifier [0x01265B5D+182173]
	GetHandleVerifier [0x0124F9B8+91640]
	GetHandleVerifier [0x0124FB60+92064]
	GetHandleVerifier [0x0123A620+4704]
	BaseThreadInitThunk [0x75897BA9+25]
	RtlInitializeExceptionChain [0x7765C2EB+107]
	RtlClearBits [0x7765C26F+191]

2025-04-11 12:59:21,399 - INFO - JavaScript result: Clicked Save button by text
2025-04-11 12:59:21,399 - INFO - Successfully clicked Save button using JavaScript
2025-04-11 12:59:31,400 - INFO - Successfully saved product: Mappe für DIN A4 2-teilig, 4/4 farbig (Außenseite bedruckt), mit Softfeel-Folie und partieller UV-Lack-Veredelung
2025-04-11 12:59:33,606 - INFO - Browser closed
2025-04-11 12:59:33,606 - INFO - ====== WebDriver manager ======
2025-04-11 12:59:34,549 - INFO - Get LATEST chromedriver version for google-chrome
2025-04-11 12:59:34,632 - INFO - Get LATEST chromedriver version for google-chrome
2025-04-11 12:59:34,684 - INFO - Driver [C:\Users\g.yilmaz\.wdm\drivers\chromedriver\win64\135.0.7049.84\chromedriver-win32/chromedriver.exe] found in cache
2025-04-11 12:59:35,748 - INFO - Navigating to https://skynet.networkhero.eu/y5id_dashboard/admin/
2025-04-11 12:59:36,449 - INFO - Username entered
2025-04-11 12:59:36,533 - INFO - Password entered
2025-04-11 12:59:36,954 - INFO - Login button clicked
2025-04-11 12:59:36,955 - INFO - Waiting for you to enter Google Authenticator code...
2025-04-11 12:59:47,117 - INFO - Login successful
2025-04-11 12:59:47,117 - INFO - Clicking on CLOUDLAB icon using the Catalog approach...
2025-04-11 12:59:47,166 - INFO - Clicked on CLOUDLAB icon using Catalog approach
2025-04-11 12:59:54,921 - INFO - Attempting to click the Save button in the top right corner
2025-04-11 13:00:05,079 - WARNING - First approach failed: Message: 
Stacktrace:
	GetHandleVerifier [0x012480E3+60707]
	GetHandleVerifier [0x01248124+60772]
	(No symbol) [0x01070683]
	(No symbol) [0x010B8660]
	(No symbol) [0x010B89FB]
	(No symbol) [0x01101022]
	(No symbol) [0x010DD094]
	(No symbol) [0x010FE824]
	(No symbol) [0x010DCE46]
	(No symbol) [0x010AC5D3]
	(No symbol) [0x010AD424]
	GetHandleVerifier [0x0148BBC3+2435075]
	GetHandleVerifier [0x01487163+2416035]
	GetHandleVerifier [0x014A350C+2531660]
	GetHandleVerifier [0x0125F1B5+155125]
	GetHandleVerifier [0x01265B5D+182173]
	GetHandleVerifier [0x0124F9B8+91640]
	GetHandleVerifier [0x0124FB60+92064]
	GetHandleVerifier [0x0123A620+4704]
	BaseThreadInitThunk [0x75897BA9+25]
	RtlInitializeExceptionChain [0x7765C2EB+107]
	RtlClearBits [0x7765C26F+191]

2025-04-11 13:00:05,086 - INFO - JavaScript Save button result: Clicked the best Save button: 
                                Save
                            
2025-04-11 13:00:15,248 - INFO - ====== WebDriver manager ======
2025-04-11 13:00:16,199 - INFO - Get LATEST chromedriver version for google-chrome
2025-04-11 13:00:16,257 - INFO - Get LATEST chromedriver version for google-chrome
2025-04-11 13:00:16,319 - INFO - Driver [C:\Users\g.yilmaz\.wdm\drivers\chromedriver\win64\135.0.7049.84\chromedriver-win32/chromedriver.exe] found in cache
2025-04-11 13:00:17,351 - INFO - Navigating to https://printnet.networkhero.eu/dashboard/admin
2025-04-11 13:00:18,049 - INFO - Username entered
2025-04-11 13:00:18,123 - INFO - Password entered
2025-04-11 13:00:20,297 - INFO - Login button clicked
2025-04-11 13:00:20,298 - INFO - Waiting for you to enter Google Authenticator code...
2025-04-11 13:00:46,708 - INFO - Login successful
2025-04-11 13:00:46,708 - INFO - Clicking on CLOUDLAB icon using the Catalog approach...
2025-04-11 13:00:46,744 - INFO - Clicked on CLOUDLAB icon using Catalog approach
2025-04-11 13:00:53,594 - INFO - Attempting to click the Save button in the top right corner
2025-04-11 13:01:03,755 - WARNING - First approach failed: Message: 
Stacktrace:
	GetHandleVerifier [0x012480E3+60707]
	GetHandleVerifier [0x01248124+60772]
	(No symbol) [0x01070683]
	(No symbol) [0x010B8660]
	(No symbol) [0x010B89FB]
	(No symbol) [0x01101022]
	(No symbol) [0x010DD094]
	(No symbol) [0x010FE824]
	(No symbol) [0x010DCE46]
	(No symbol) [0x010AC5D3]
	(No symbol) [0x010AD424]
	GetHandleVerifier [0x0148BBC3+2435075]
	GetHandleVerifier [0x01487163+2416035]
	GetHandleVerifier [0x014A350C+2531660]
	GetHandleVerifier [0x0125F1B5+155125]
	GetHandleVerifier [0x01265B5D+182173]
	GetHandleVerifier [0x0124F9B8+91640]
	GetHandleVerifier [0x0124FB60+92064]
	GetHandleVerifier [0x0123A620+4704]
	BaseThreadInitThunk [0x75897BA9+25]
	RtlInitializeExceptionChain [0x7765C2EB+107]
	RtlClearBits [0x7765C26F+191]

2025-04-11 13:01:03,775 - INFO - JavaScript Save button result: Clicked the best Save button: 
                                Save
                            
2025-04-11 13:01:10,954 - INFO - Navigating to https://skynet.networkhero.eu/y5id_dashboard/admin/
2025-04-11 13:01:11,342 - INFO - Username entered
2025-04-11 13:01:11,409 - INFO - Password entered
2025-04-11 13:01:11,810 - INFO - Login button clicked
2025-04-11 13:01:11,810 - INFO - Waiting for you to enter Google Authenticator code...
2025-04-11 13:01:21,265 - INFO - Login successful
2025-04-11 13:01:21,265 - INFO - Clicking on CLOUDLAB icon using the Catalog approach...
2025-04-11 13:01:21,286 - INFO - Clicked on CLOUDLAB icon using Catalog approach
2025-04-11 13:01:21,286 - INFO - Successfully clicked on CloudLab
2025-04-11 13:01:21,286 - INFO - Clicking on Page Options submenu...
2025-04-11 13:01:21,512 - INFO - Clicked on Page Options using XPath approach
2025-04-11 13:01:21,528 - INFO - Successfully navigated to Page Options page
2025-04-11 13:01:21,528 - INFO - Successfully clicked on Page Options
2025-04-11 13:01:21,528 - INFO - Looking for Code search field
2025-04-11 13:01:21,639 - INFO - Entered 'paper_wmd' in Code search field
2025-04-11 13:01:22,673 - WARNING - Could not find search button, trying to press Enter instead: Message: 

2025-04-11 13:01:22,694 - INFO - Pressed Enter to search
2025-04-11 13:01:22,694 - INFO - Looking for the second Material option in search results
2025-04-11 13:01:22,705 - INFO - Found 20 rows in the search results
2025-04-11 13:01:22,807 - WARNING - Error processing row: Message: stale element reference: stale element not found in the current frame
  (Session info: chrome=135.0.7049.85); For documentation on this error, please visit: https://www.selenium.dev/documentation/webdriver/troubleshooting/errors#stale-element-reference-exception
Stacktrace:
	GetHandleVerifier [0x012480E3+60707]
	GetHandleVerifier [0x01248124+60772]
	(No symbol) [0x01070683]
	(No symbol) [0x01076DE7]
	(No symbol) [0x010790DA]
	(No symbol) [0x01079157]
	(No symbol) [0x010B336E]
	(No symbol) [0x010DD04C]
	(No symbol) [0x010ADCA4]
	(No symbol) [0x010DD2C4]
	(No symbol) [0x010FE824]
	(No symbol) [0x010DCE46]
	(No symbol) [0x010AC5D3]
	(No symbol) [0x010AD424]
	GetHandleVerifier [0x0148BBC3+2435075]
	GetHandleVerifier [0x01487163+2416035]
	GetHandleVerifier [0x014A350C+2531660]
	GetHandleVerifier [0x0125F1B5+155125]
	GetHandleVerifier [0x01265B5D+182173]
	GetHandleVerifier [0x0124F9B8+91640]
	GetHandleVerifier [0x0124FB60+92064]
	GetHandleVerifier [0x0123A620+4704]
	BaseThreadInitThunk [0x75897BA9+25]
	RtlInitializeExceptionChain [0x7765C2EB+107]
	RtlClearBits [0x7765C26F+191]

2025-04-11 13:01:22,814 - WARNING - Error processing row: Message: stale element reference: stale element not found in the current frame
  (Session info: chrome=135.0.7049.85); For documentation on this error, please visit: https://www.selenium.dev/documentation/webdriver/troubleshooting/errors#stale-element-reference-exception
Stacktrace:
	GetHandleVerifier [0x012480E3+60707]
	GetHandleVerifier [0x01248124+60772]
	(No symbol) [0x01070683]
	(No symbol) [0x01076DE7]
	(No symbol) [0x010790DA]
	(No symbol) [0x01079157]
	(No symbol) [0x010B7EF4]
	(No symbol) [0x010B89FB]
	(No symbol) [0x010AE131]
	(No symbol) [0x010DD094]
	(No symbol) [0x010ADCA4]
	(No symbol) [0x010DD2C4]
	(No symbol) [0x010FE824]
	(No symbol) [0x010DCE46]
	(No symbol) [0x010AC5D3]
	(No symbol) [0x010AD424]
	GetHandleVerifier [0x0148BBC3+2435075]
	GetHandleVerifier [0x01487163+2416035]
	GetHandleVerifier [0x014A350C+2531660]
	GetHandleVerifier [0x0125F1B5+155125]
	GetHandleVerifier [0x01265B5D+182173]
	GetHandleVerifier [0x0124F9B8+91640]
	GetHandleVerifier [0x0124FB60+92064]
	GetHandleVerifier [0x0123A620+4704]
	BaseThreadInitThunk [0x75897BA9+25]
	RtlInitializeExceptionChain [0x7765C2EB+107]
	RtlClearBits [0x7765C26F+191]

2025-04-11 13:01:22,820 - WARNING - Error processing row: Message: stale element reference: stale element not found in the current frame
  (Session info: chrome=135.0.7049.85); For documentation on this error, please visit: https://www.selenium.dev/documentation/webdriver/troubleshooting/errors#stale-element-reference-exception
Stacktrace:
	GetHandleVerifier [0x012480E3+60707]
	GetHandleVerifier [0x01248124+60772]
	(No symbol) [0x01070683]
	(No symbol) [0x01076DE7]
	(No symbol) [0x010790DA]
	(No symbol) [0x01079157]
	(No symbol) [0x010B7EF4]
	(No symbol) [0x010B89FB]
	(No symbol) [0x010AE131]
	(No symbol) [0x010DD094]
	(No symbol) [0x010ADCA4]
	(No symbol) [0x010DD2C4]
	(No symbol) [0x010FE824]
	(No symbol) [0x010DCE46]
	(No symbol) [0x010AC5D3]
	(No symbol) [0x010AD424]
	GetHandleVerifier [0x0148BBC3+2435075]
	GetHandleVerifier [0x01487163+2416035]
	GetHandleVerifier [0x014A350C+2531660]
	GetHandleVerifier [0x0125F1B5+155125]
	GetHandleVerifier [0x01265B5D+182173]
	GetHandleVerifier [0x0124F9B8+91640]
	GetHandleVerifier [0x0124FB60+92064]
	GetHandleVerifier [0x0123A620+4704]
	BaseThreadInitThunk [0x75897BA9+25]
	RtlInitializeExceptionChain [0x7765C2EB+107]
	RtlClearBits [0x7765C26F+191]

2025-04-11 13:01:22,825 - WARNING - Error processing row: Message: stale element reference: stale element not found in the current frame
  (Session info: chrome=135.0.7049.85); For documentation on this error, please visit: https://www.selenium.dev/documentation/webdriver/troubleshooting/errors#stale-element-reference-exception
Stacktrace:
	GetHandleVerifier [0x012480E3+60707]
	GetHandleVerifier [0x01248124+60772]
	(No symbol) [0x01070683]
	(No symbol) [0x01076DE7]
	(No symbol) [0x010790DA]
	(No symbol) [0x01079157]
	(No symbol) [0x010B7EF4]
	(No symbol) [0x010B89FB]
	(No symbol) [0x010AE131]
	(No symbol) [0x010DD094]
	(No symbol) [0x010ADCA4]
	(No symbol) [0x010DD2C4]
	(No symbol) [0x010FE824]
	(No symbol) [0x010DCE46]
	(No symbol) [0x010AC5D3]
	(No symbol) [0x010AD424]
	GetHandleVerifier [0x0148BBC3+2435075]
	GetHandleVerifier [0x01487163+2416035]
	GetHandleVerifier [0x014A350C+2531660]
	GetHandleVerifier [0x0125F1B5+155125]
	GetHandleVerifier [0x01265B5D+182173]
	GetHandleVerifier [0x0124F9B8+91640]
	GetHandleVerifier [0x0124FB60+92064]
	GetHandleVerifier [0x0123A620+4704]
	BaseThreadInitThunk [0x75897BA9+25]
	RtlInitializeExceptionChain [0x7765C2EB+107]
	RtlClearBits [0x7765C26F+191]

2025-04-11 13:01:22,831 - WARNING - Error processing row: Message: stale element reference: stale element not found in the current frame
  (Session info: chrome=135.0.7049.85); For documentation on this error, please visit: https://www.selenium.dev/documentation/webdriver/troubleshooting/errors#stale-element-reference-exception
Stacktrace:
	GetHandleVerifier [0x012480E3+60707]
	GetHandleVerifier [0x01248124+60772]
	(No symbol) [0x01070683]
	(No symbol) [0x01076DE7]
	(No symbol) [0x010790DA]
	(No symbol) [0x01079157]
	(No symbol) [0x010B7EF4]
	(No symbol) [0x010B89FB]
	(No symbol) [0x010AE131]
	(No symbol) [0x010DD094]
	(No symbol) [0x010ADCA4]
	(No symbol) [0x010DD2C4]
	(No symbol) [0x010FE824]
	(No symbol) [0x010DCE46]
	(No symbol) [0x010AC5D3]
	(No symbol) [0x010AD424]
	GetHandleVerifier [0x0148BBC3+2435075]
	GetHandleVerifier [0x01487163+2416035]
	GetHandleVerifier [0x014A350C+2531660]
	GetHandleVerifier [0x0125F1B5+155125]
	GetHandleVerifier [0x01265B5D+182173]
	GetHandleVerifier [0x0124F9B8+91640]
	GetHandleVerifier [0x0124FB60+92064]
	GetHandleVerifier [0x0123A620+4704]
	BaseThreadInitThunk [0x75897BA9+25]
	RtlInitializeExceptionChain [0x7765C2EB+107]
	RtlClearBits [0x7765C26F+191]

2025-04-11 13:01:22,838 - WARNING - Error processing row: Message: stale element reference: stale element not found in the current frame
  (Session info: chrome=135.0.7049.85); For documentation on this error, please visit: https://www.selenium.dev/documentation/webdriver/troubleshooting/errors#stale-element-reference-exception
Stacktrace:
	GetHandleVerifier [0x012480E3+60707]
	GetHandleVerifier [0x01248124+60772]
	(No symbol) [0x01070683]
	(No symbol) [0x01076DE7]
	(No symbol) [0x010790DA]
	(No symbol) [0x01079157]
	(No symbol) [0x010B7EF4]
	(No symbol) [0x010B89FB]
	(No symbol) [0x010AE131]
	(No symbol) [0x010DD094]
	(No symbol) [0x010ADCA4]
	(No symbol) [0x010DD2C4]
	(No symbol) [0x010FE824]
	(No symbol) [0x010DCE46]
	(No symbol) [0x010AC5D3]
	(No symbol) [0x010AD424]
	GetHandleVerifier [0x0148BBC3+2435075]
	GetHandleVerifier [0x01487163+2416035]
	GetHandleVerifier [0x014A350C+2531660]
	GetHandleVerifier [0x0125F1B5+155125]
	GetHandleVerifier [0x01265B5D+182173]
	GetHandleVerifier [0x0124F9B8+91640]
	GetHandleVerifier [0x0124FB60+92064]
	GetHandleVerifier [0x0123A620+4704]
	BaseThreadInitThunk [0x75897BA9+25]
	RtlInitializeExceptionChain [0x7765C2EB+107]
	RtlClearBits [0x7765C26F+191]

2025-04-11 13:01:22,843 - WARNING - Error processing row: Message: stale element reference: stale element not found in the current frame
  (Session info: chrome=135.0.7049.85); For documentation on this error, please visit: https://www.selenium.dev/documentation/webdriver/troubleshooting/errors#stale-element-reference-exception
Stacktrace:
	GetHandleVerifier [0x012480E3+60707]
	GetHandleVerifier [0x01248124+60772]
	(No symbol) [0x01070683]
	(No symbol) [0x01076DE7]
	(No symbol) [0x010790DA]
	(No symbol) [0x01079157]
	(No symbol) [0x010B7EF4]
	(No symbol) [0x010B89FB]
	(No symbol) [0x010AE131]
	(No symbol) [0x010DD094]
	(No symbol) [0x010ADCA4]
	(No symbol) [0x010DD2C4]
	(No symbol) [0x010FE824]
	(No symbol) [0x010DCE46]
	(No symbol) [0x010AC5D3]
	(No symbol) [0x010AD424]
	GetHandleVerifier [0x0148BBC3+2435075]
	GetHandleVerifier [0x01487163+2416035]
	GetHandleVerifier [0x014A350C+2531660]
	GetHandleVerifier [0x0125F1B5+155125]
	GetHandleVerifier [0x01265B5D+182173]
	GetHandleVerifier [0x0124F9B8+91640]
	GetHandleVerifier [0x0124FB60+92064]
	GetHandleVerifier [0x0123A620+4704]
	BaseThreadInitThunk [0x75897BA9+25]
	RtlInitializeExceptionChain [0x7765C2EB+107]
	RtlClearBits [0x7765C26F+191]

2025-04-11 13:01:22,849 - WARNING - Error processing row: Message: stale element reference: stale element not found in the current frame
  (Session info: chrome=135.0.7049.85); For documentation on this error, please visit: https://www.selenium.dev/documentation/webdriver/troubleshooting/errors#stale-element-reference-exception
Stacktrace:
	GetHandleVerifier [0x012480E3+60707]
	GetHandleVerifier [0x01248124+60772]
	(No symbol) [0x01070683]
	(No symbol) [0x01076DE7]
	(No symbol) [0x010790DA]
	(No symbol) [0x01079157]
	(No symbol) [0x010B7EF4]
	(No symbol) [0x010B89FB]
	(No symbol) [0x010AE131]
	(No symbol) [0x010DD094]
	(No symbol) [0x010ADCA4]
	(No symbol) [0x010DD2C4]
	(No symbol) [0x010FE824]
	(No symbol) [0x010DCE46]
	(No symbol) [0x010AC5D3]
	(No symbol) [0x010AD424]
	GetHandleVerifier [0x0148BBC3+2435075]
	GetHandleVerifier [0x01487163+2416035]
	GetHandleVerifier [0x014A350C+2531660]
	GetHandleVerifier [0x0125F1B5+155125]
	GetHandleVerifier [0x01265B5D+182173]
	GetHandleVerifier [0x0124F9B8+91640]
	GetHandleVerifier [0x0124FB60+92064]
	GetHandleVerifier [0x0123A620+4704]
	BaseThreadInitThunk [0x75897BA9+25]
	RtlInitializeExceptionChain [0x7765C2EB+107]
	RtlClearBits [0x7765C26F+191]

2025-04-11 13:01:22,855 - WARNING - Error processing row: Message: stale element reference: stale element not found in the current frame
  (Session info: chrome=135.0.7049.85); For documentation on this error, please visit: https://www.selenium.dev/documentation/webdriver/troubleshooting/errors#stale-element-reference-exception
Stacktrace:
	GetHandleVerifier [0x012480E3+60707]
	GetHandleVerifier [0x01248124+60772]
	(No symbol) [0x01070683]
	(No symbol) [0x01076DE7]
	(No symbol) [0x010790DA]
	(No symbol) [0x01079157]
	(No symbol) [0x010B7EF4]
	(No symbol) [0x010B89FB]
	(No symbol) [0x010AE131]
	(No symbol) [0x010DD094]
	(No symbol) [0x010ADCA4]
	(No symbol) [0x010DD2C4]
	(No symbol) [0x010FE824]
	(No symbol) [0x010DCE46]
	(No symbol) [0x010AC5D3]
	(No symbol) [0x010AD424]
	GetHandleVerifier [0x0148BBC3+2435075]
	GetHandleVerifier [0x01487163+2416035]
	GetHandleVerifier [0x014A350C+2531660]
	GetHandleVerifier [0x0125F1B5+155125]
	GetHandleVerifier [0x01265B5D+182173]
	GetHandleVerifier [0x0124F9B8+91640]
	GetHandleVerifier [0x0124FB60+92064]
	GetHandleVerifier [0x0123A620+4704]
	BaseThreadInitThunk [0x75897BA9+25]
	RtlInitializeExceptionChain [0x7765C2EB+107]
	RtlClearBits [0x7765C26F+191]

2025-04-11 13:01:22,860 - WARNING - Error processing row: Message: stale element reference: stale element not found in the current frame
  (Session info: chrome=135.0.7049.85); For documentation on this error, please visit: https://www.selenium.dev/documentation/webdriver/troubleshooting/errors#stale-element-reference-exception
Stacktrace:
	GetHandleVerifier [0x012480E3+60707]
	GetHandleVerifier [0x01248124+60772]
	(No symbol) [0x01070683]
	(No symbol) [0x01076DE7]
	(No symbol) [0x010790DA]
	(No symbol) [0x01079157]
	(No symbol) [0x010B7EF4]
	(No symbol) [0x010B89FB]
	(No symbol) [0x010AE131]
	(No symbol) [0x010DD094]
	(No symbol) [0x010ADCA4]
	(No symbol) [0x010DD2C4]
	(No symbol) [0x010FE824]
	(No symbol) [0x010DCE46]
	(No symbol) [0x010AC5D3]
	(No symbol) [0x010AD424]
	GetHandleVerifier [0x0148BBC3+2435075]
	GetHandleVerifier [0x01487163+2416035]
	GetHandleVerifier [0x014A350C+2531660]
	GetHandleVerifier [0x0125F1B5+155125]
	GetHandleVerifier [0x01265B5D+182173]
	GetHandleVerifier [0x0124F9B8+91640]
	GetHandleVerifier [0x0124FB60+92064]
	GetHandleVerifier [0x0123A620+4704]
	BaseThreadInitThunk [0x75897BA9+25]
	RtlInitializeExceptionChain [0x7765C2EB+107]
	RtlClearBits [0x7765C26F+191]

2025-04-11 13:01:22,867 - WARNING - Error processing row: Message: stale element reference: stale element not found in the current frame
  (Session info: chrome=135.0.7049.85); For documentation on this error, please visit: https://www.selenium.dev/documentation/webdriver/troubleshooting/errors#stale-element-reference-exception
Stacktrace:
	GetHandleVerifier [0x012480E3+60707]
	GetHandleVerifier [0x01248124+60772]
	(No symbol) [0x01070683]
	(No symbol) [0x01076DE7]
	(No symbol) [0x010790DA]
	(No symbol) [0x01079157]
	(No symbol) [0x010B7EF4]
	(No symbol) [0x010B89FB]
	(No symbol) [0x010AE131]
	(No symbol) [0x010DD094]
	(No symbol) [0x010ADCA4]
	(No symbol) [0x010DD2C4]
	(No symbol) [0x010FE824]
	(No symbol) [0x010DCE46]
	(No symbol) [0x010AC5D3]
	(No symbol) [0x010AD424]
	GetHandleVerifier [0x0148BBC3+2435075]
	GetHandleVerifier [0x01487163+2416035]
	GetHandleVerifier [0x014A350C+2531660]
	GetHandleVerifier [0x0125F1B5+155125]
	GetHandleVerifier [0x01265B5D+182173]
	GetHandleVerifier [0x0124F9B8+91640]
	GetHandleVerifier [0x0124FB60+92064]
	GetHandleVerifier [0x0123A620+4704]
	BaseThreadInitThunk [0x75897BA9+25]
	RtlInitializeExceptionChain [0x7765C2EB+107]
	RtlClearBits [0x7765C26F+191]

2025-04-11 13:01:22,873 - WARNING - Error processing row: Message: stale element reference: stale element not found in the current frame
  (Session info: chrome=135.0.7049.85); For documentation on this error, please visit: https://www.selenium.dev/documentation/webdriver/troubleshooting/errors#stale-element-reference-exception
Stacktrace:
	GetHandleVerifier [0x012480E3+60707]
	GetHandleVerifier [0x01248124+60772]
	(No symbol) [0x01070683]
	(No symbol) [0x01076DE7]
	(No symbol) [0x010790DA]
	(No symbol) [0x01079157]
	(No symbol) [0x010B7EF4]
	(No symbol) [0x010B89FB]
	(No symbol) [0x010AE131]
	(No symbol) [0x010DD094]
	(No symbol) [0x010ADCA4]
	(No symbol) [0x010DD2C4]
	(No symbol) [0x010FE824]
	(No symbol) [0x010DCE46]
	(No symbol) [0x010AC5D3]
	(No symbol) [0x010AD424]
	GetHandleVerifier [0x0148BBC3+2435075]
	GetHandleVerifier [0x01487163+2416035]
	GetHandleVerifier [0x014A350C+2531660]
	GetHandleVerifier [0x0125F1B5+155125]
	GetHandleVerifier [0x01265B5D+182173]
	GetHandleVerifier [0x0124F9B8+91640]
	GetHandleVerifier [0x0124FB60+92064]
	GetHandleVerifier [0x0123A620+4704]
	BaseThreadInitThunk [0x75897BA9+25]
	RtlInitializeExceptionChain [0x7765C2EB+107]
	RtlClearBits [0x7765C26F+191]

2025-04-11 13:01:22,878 - WARNING - Error processing row: Message: stale element reference: stale element not found in the current frame
  (Session info: chrome=135.0.7049.85); For documentation on this error, please visit: https://www.selenium.dev/documentation/webdriver/troubleshooting/errors#stale-element-reference-exception
Stacktrace:
	GetHandleVerifier [0x012480E3+60707]
	GetHandleVerifier [0x01248124+60772]
	(No symbol) [0x01070683]
	(No symbol) [0x01076DE7]
	(No symbol) [0x010790DA]
	(No symbol) [0x01079157]
	(No symbol) [0x010B7EF4]
	(No symbol) [0x010B89FB]
	(No symbol) [0x010AE131]
	(No symbol) [0x010DD094]
	(No symbol) [0x010ADCA4]
	(No symbol) [0x010DD2C4]
	(No symbol) [0x010FE824]
	(No symbol) [0x010DCE46]
	(No symbol) [0x010AC5D3]
	(No symbol) [0x010AD424]
	GetHandleVerifier [0x0148BBC3+2435075]
	GetHandleVerifier [0x01487163+2416035]
	GetHandleVerifier [0x014A350C+2531660]
	GetHandleVerifier [0x0125F1B5+155125]
	GetHandleVerifier [0x01265B5D+182173]
	GetHandleVerifier [0x0124F9B8+91640]
	GetHandleVerifier [0x0124FB60+92064]
	GetHandleVerifier [0x0123A620+4704]
	BaseThreadInitThunk [0x75897BA9+25]
	RtlInitializeExceptionChain [0x7765C2EB+107]
	RtlClearBits [0x7765C26F+191]

2025-04-11 13:01:22,884 - WARNING - Error processing row: Message: stale element reference: stale element not found in the current frame
  (Session info: chrome=135.0.7049.85); For documentation on this error, please visit: https://www.selenium.dev/documentation/webdriver/troubleshooting/errors#stale-element-reference-exception
Stacktrace:
	GetHandleVerifier [0x012480E3+60707]
	GetHandleVerifier [0x01248124+60772]
	(No symbol) [0x01070683]
	(No symbol) [0x01076DE7]
	(No symbol) [0x010790DA]
	(No symbol) [0x01079157]
	(No symbol) [0x010B7EF4]
	(No symbol) [0x010B89FB]
	(No symbol) [0x010AE131]
	(No symbol) [0x010DD094]
	(No symbol) [0x010ADCA4]
	(No symbol) [0x010DD2C4]
	(No symbol) [0x010FE824]
	(No symbol) [0x010DCE46]
	(No symbol) [0x010AC5D3]
	(No symbol) [0x010AD424]
	GetHandleVerifier [0x0148BBC3+2435075]
	GetHandleVerifier [0x01487163+2416035]
	GetHandleVerifier [0x014A350C+2531660]
	GetHandleVerifier [0x0125F1B5+155125]
	GetHandleVerifier [0x01265B5D+182173]
	GetHandleVerifier [0x0124F9B8+91640]
	GetHandleVerifier [0x0124FB60+92064]
	GetHandleVerifier [0x0123A620+4704]
	BaseThreadInitThunk [0x75897BA9+25]
	RtlInitializeExceptionChain [0x7765C2EB+107]
	RtlClearBits [0x7765C26F+191]

2025-04-11 13:01:22,890 - WARNING - Error processing row: Message: stale element reference: stale element not found in the current frame
  (Session info: chrome=135.0.7049.85); For documentation on this error, please visit: https://www.selenium.dev/documentation/webdriver/troubleshooting/errors#stale-element-reference-exception
Stacktrace:
	GetHandleVerifier [0x012480E3+60707]
	GetHandleVerifier [0x01248124+60772]
	(No symbol) [0x01070683]
	(No symbol) [0x01076DE7]
	(No symbol) [0x010790DA]
	(No symbol) [0x01079157]
	(No symbol) [0x010B7EF4]
	(No symbol) [0x010B89FB]
	(No symbol) [0x010AE131]
	(No symbol) [0x010DD094]
	(No symbol) [0x010ADCA4]
	(No symbol) [0x010DD2C4]
	(No symbol) [0x010FE824]
	(No symbol) [0x010DCE46]
	(No symbol) [0x010AC5D3]
	(No symbol) [0x010AD424]
	GetHandleVerifier [0x0148BBC3+2435075]
	GetHandleVerifier [0x01487163+2416035]
	GetHandleVerifier [0x014A350C+2531660]
	GetHandleVerifier [0x0125F1B5+155125]
	GetHandleVerifier [0x01265B5D+182173]
	GetHandleVerifier [0x0124F9B8+91640]
	GetHandleVerifier [0x0124FB60+92064]
	GetHandleVerifier [0x0123A620+4704]
	BaseThreadInitThunk [0x75897BA9+25]
	RtlInitializeExceptionChain [0x7765C2EB+107]
	RtlClearBits [0x7765C26F+191]

2025-04-11 13:01:22,895 - WARNING - Error processing row: Message: stale element reference: stale element not found in the current frame
  (Session info: chrome=135.0.7049.85); For documentation on this error, please visit: https://www.selenium.dev/documentation/webdriver/troubleshooting/errors#stale-element-reference-exception
Stacktrace:
	GetHandleVerifier [0x012480E3+60707]
	GetHandleVerifier [0x01248124+60772]
	(No symbol) [0x01070683]
	(No symbol) [0x01076DE7]
	(No symbol) [0x010790DA]
	(No symbol) [0x01079157]
	(No symbol) [0x010B7EF4]
	(No symbol) [0x010B89FB]
	(No symbol) [0x010AE131]
	(No symbol) [0x010DD094]
	(No symbol) [0x010ADCA4]
	(No symbol) [0x010DD2C4]
	(No symbol) [0x010FE824]
	(No symbol) [0x010DCE46]
	(No symbol) [0x010AC5D3]
	(No symbol) [0x010AD424]
	GetHandleVerifier [0x0148BBC3+2435075]
	GetHandleVerifier [0x01487163+2416035]
	GetHandleVerifier [0x014A350C+2531660]
	GetHandleVerifier [0x0125F1B5+155125]
	GetHandleVerifier [0x01265B5D+182173]
	GetHandleVerifier [0x0124F9B8+91640]
	GetHandleVerifier [0x0124FB60+92064]
	GetHandleVerifier [0x0123A620+4704]
	BaseThreadInitThunk [0x75897BA9+25]
	RtlInitializeExceptionChain [0x7765C2EB+107]
	RtlClearBits [0x7765C26F+191]

2025-04-11 13:01:22,896 - WARNING - Not enough rows found in search results
2025-04-11 13:01:23,107 - INFO - Clicked on the first available Material element
2025-04-11 13:01:23,108 - INFO - Successfully completed search and click workflow
2025-04-11 13:01:23,108 - INFO - Looking for Page Option Values section
2025-04-11 13:01:23,127 - INFO - Scrolling down to find Page Option Values
2025-04-11 13:01:24,192 - INFO - Clicked on Page Option Values section
2025-04-11 13:01:28,824 - INFO - Successfully found and clicked button via JavaScript: Clicked button: 
    add new value

2025-04-11 13:01:28,824 - INFO - Successfully clicked on Page Option Values and Add new Value
2025-04-11 13:01:28,824 - INFO - Parsed 1 materials from name value: ['0,36 mm starker Bilderdruckkarton 350g matt (zertifiziert mit FSC-Siegel), mittlere Steifigkeit']
2025-04-11 13:01:28,824 - INFO - Parsed 1 materials from code value: ['mappe_a4_2t_44_folie_softfeel_uvlack_partiell_0_36mm_bilderdruckkarton_350g_matt_fsc']
2025-04-11 13:01:28,824 - INFO - Processing material 1/1: Name=0,36 mm starker Bilderdruckkarton 350g matt (zertifiziert mit FSC-Siegel), mittlere Steifigkeit, Code=mappe_a4_2t_44_folie_softfeel_uvlack_partiell_0_36mm_bilderdruckkarton_350g_matt_fsc, Position=0
2025-04-11 13:01:30,960 - INFO - JavaScript fill result for material 1: {'codeFieldFound': True, 'codeFieldValue': 'mappe_a4_2t_44_folie_softfeel_uvlack_partiell_0_36mm_bilderdruckkarton_350g_matt_fsc', 'nameFieldFound': True, 'nameFieldValue': '0,36 mm starker Bilderdruckkarton 350g matt (zertifiziert mit FSC-Siegel), mittlere Steifigkeit', 'positionFieldFound': True, 'positionFieldValue': '0'}
2025-04-11 13:01:32,065 - INFO - Starting popup modal Save button click function
2025-04-11 13:01:32,078 - INFO - Found modal popup
2025-04-11 13:01:32,086 - WARNING - Could not find Save button in modal: Message: no such element: Unable to locate element: {"method":"css selector","selector":"button#save, button.action-primary, button[title='Save'], button.primary"}
  (Session info: chrome=135.0.7049.85); For documentation on this error, please visit: https://www.selenium.dev/documentation/webdriver/troubleshooting/errors#no-such-element-exception
Stacktrace:
	GetHandleVerifier [0x012480E3+60707]
	GetHandleVerifier [0x01248124+60772]
	(No symbol) [0x01070683]
	(No symbol) [0x010B8660]
	(No symbol) [0x010B89FB]
	(No symbol) [0x010ADD81]
	(No symbol) [0x010DD094]
	(No symbol) [0x010ADCA4]
	(No symbol) [0x010DD2C4]
	(No symbol) [0x010FE824]
	(No symbol) [0x010DCE46]
	(No symbol) [0x010AC5D3]
	(No symbol) [0x010AD424]
	GetHandleVerifier [0x0148BBC3+2435075]
	GetHandleVerifier [0x01487163+2416035]
	GetHandleVerifier [0x014A350C+2531660]
	GetHandleVerifier [0x0125F1B5+155125]
	GetHandleVerifier [0x01265B5D+182173]
	GetHandleVerifier [0x0124F9B8+91640]
	GetHandleVerifier [0x0124FB60+92064]
	GetHandleVerifier [0x0123A620+4704]
	BaseThreadInitThunk [0x75897BA9+25]
	RtlInitializeExceptionChain [0x7765C2EB+107]
	RtlClearBits [0x7765C26F+191]

2025-04-11 13:01:32,108 - WARNING - Title-based approach failed: Message: no such element: Unable to locate element: {"method":"xpath","selector":"//div[contains(text(), 'Page Option Value')]"}
  (Session info: chrome=135.0.7049.85); For documentation on this error, please visit: https://www.selenium.dev/documentation/webdriver/troubleshooting/errors#no-such-element-exception
Stacktrace:
	GetHandleVerifier [0x012480E3+60707]
	GetHandleVerifier [0x01248124+60772]
	(No symbol) [0x01070683]
	(No symbol) [0x010B8660]
	(No symbol) [0x010B89FB]
	(No symbol) [0x01101022]
	(No symbol) [0x010DD094]
	(No symbol) [0x010FE824]
	(No symbol) [0x010DCE46]
	(No symbol) [0x010AC5D3]
	(No symbol) [0x010AD424]
	GetHandleVerifier [0x0148BBC3+2435075]
	GetHandleVerifier [0x01487163+2416035]
	GetHandleVerifier [0x014A350C+2531660]
	GetHandleVerifier [0x0125F1B5+155125]
	GetHandleVerifier [0x01265B5D+182173]
	GetHandleVerifier [0x0124F9B8+91640]
	GetHandleVerifier [0x0124FB60+92064]
	GetHandleVerifier [0x0123A620+4704]
	BaseThreadInitThunk [0x75897BA9+25]
	RtlInitializeExceptionChain [0x7765C2EB+107]
	RtlClearBits [0x7765C26F+191]

2025-04-11 13:01:32,118 - WARNING - JavaScript approach could not find modal Save button
2025-04-11 13:01:32,118 - INFO - Looking for most recently added Save button
2025-04-11 13:01:32,595 - INFO - Clicked most recently added Save button
2025-04-11 13:01:32,595 - INFO - Successfully saved material 1
2025-04-11 13:01:34,597 - INFO - All materials processed, now clicking main save
2025-04-11 13:01:34,597 - INFO - Refreshing page...
2025-04-11 13:01:34,918 - INFO - Page refreshed successfully
2025-04-11 13:01:35,954 - INFO - Clicked main Save button in top-right corner
2025-04-11 13:01:36,955 - INFO - Successfully saved all page option values
2025-04-11 13:01:36,955 - INFO - Successfully filled and saved the form
2025-04-11 13:01:36,955 - INFO - Starting popup modal Save button click function
2025-04-11 13:01:36,962 - INFO - Found modal popup
2025-04-11 13:01:36,970 - WARNING - Could not find Save button in modal: Message: no such element: Unable to locate element: {"method":"css selector","selector":"button#save, button.action-primary, button[title='Save'], button.primary"}
  (Session info: chrome=135.0.7049.85); For documentation on this error, please visit: https://www.selenium.dev/documentation/webdriver/troubleshooting/errors#no-such-element-exception
Stacktrace:
	GetHandleVerifier [0x012480E3+60707]
	GetHandleVerifier [0x01248124+60772]
	(No symbol) [0x01070683]
	(No symbol) [0x010B8660]
	(No symbol) [0x010B89FB]
	(No symbol) [0x010ADD81]
	(No symbol) [0x010DD094]
	(No symbol) [0x010ADCA4]
	(No symbol) [0x010DD2C4]
	(No symbol) [0x010FE824]
	(No symbol) [0x010DCE46]
	(No symbol) [0x010AC5D3]
	(No symbol) [0x010AD424]
	GetHandleVerifier [0x0148BBC3+2435075]
	GetHandleVerifier [0x01487163+2416035]
	GetHandleVerifier [0x014A350C+2531660]
	GetHandleVerifier [0x0125F1B5+155125]
	GetHandleVerifier [0x01265B5D+182173]
	GetHandleVerifier [0x0124F9B8+91640]
	GetHandleVerifier [0x0124FB60+92064]
	GetHandleVerifier [0x0123A620+4704]
	BaseThreadInitThunk [0x75897BA9+25]
	RtlInitializeExceptionChain [0x7765C2EB+107]
	RtlClearBits [0x7765C26F+191]

2025-04-11 13:01:36,976 - WARNING - Title-based approach failed: Message: no such element: Unable to locate element: {"method":"xpath","selector":"//div[contains(text(), 'Page Option Value')]"}
  (Session info: chrome=135.0.7049.85); For documentation on this error, please visit: https://www.selenium.dev/documentation/webdriver/troubleshooting/errors#no-such-element-exception
Stacktrace:
	GetHandleVerifier [0x012480E3+60707]
	GetHandleVerifier [0x01248124+60772]
	(No symbol) [0x01070683]
	(No symbol) [0x010B8660]
	(No symbol) [0x010B89FB]
	(No symbol) [0x01101022]
	(No symbol) [0x010DD094]
	(No symbol) [0x010FE824]
	(No symbol) [0x010DCE46]
	(No symbol) [0x010AC5D3]
	(No symbol) [0x010AD424]
	GetHandleVerifier [0x0148BBC3+2435075]
	GetHandleVerifier [0x01487163+2416035]
	GetHandleVerifier [0x014A350C+2531660]
	GetHandleVerifier [0x0125F1B5+155125]
	GetHandleVerifier [0x01265B5D+182173]
	GetHandleVerifier [0x0124F9B8+91640]
	GetHandleVerifier [0x0124FB60+92064]
	GetHandleVerifier [0x0123A620+4704]
	BaseThreadInitThunk [0x75897BA9+25]
	RtlInitializeExceptionChain [0x7765C2EB+107]
	RtlClearBits [0x7765C26F+191]

2025-04-11 13:01:36,994 - WARNING - JavaScript approach could not find modal Save button
2025-04-11 13:01:36,994 - INFO - Looking for most recently added Save button
2025-04-11 13:01:37,015 - WARNING - No Save buttons found
2025-04-11 13:01:37,015 - INFO - Successfully clicked modal save button.
2025-04-11 13:01:37,015 - INFO - Refreshing page...
2025-04-11 13:01:37,230 - INFO - Page refreshed successfully
2025-04-11 13:01:38,452 - INFO - Clicked main Save button in top-right corner
2025-04-11 13:01:39,453 - INFO - Successfully clicked modal save button.
2025-04-11 13:01:39,453 - INFO - Starting process to add a new product part from CSV
2025-04-11 13:01:39,453 - INFO - Clicking on CLOUDLAB icon using the Catalog approach...
2025-04-11 13:01:39,471 - INFO - Clicked on CLOUDLAB icon using Catalog approach
2025-04-11 13:01:41,472 - INFO - Clicking on Product Parts submenu using Catalog Products approach...
2025-04-11 13:01:52,144 - WARNING - Retrying (Retry(total=2, connect=None, read=None, redirect=None, status=None)) after connection broken by 'ConnectionResetError(10054, 'Eine vorhandene Verbindung wurde vom Remotehost geschlossen', None, 10054, None)': /session/7bf3161aae298f71256e030d083d8b6f
2025-04-11 13:01:56,210 - WARNING - Retrying (Retry(total=1, connect=None, read=None, redirect=None, status=None)) after connection broken by 'NewConnectionError('<urllib3.connection.HTTPConnection object at 0x000001ED510964E0>: Failed to establish a new connection: [WinError 10061] Es konnte keine Verbindung hergestellt werden, da der Zielcomputer die Verbindung verweigerte')': /session/7bf3161aae298f71256e030d083d8b6f
2025-04-11 13:02:00,285 - WARNING - Retrying (Retry(total=0, connect=None, read=None, redirect=None, status=None)) after connection broken by 'NewConnectionError('<urllib3.connection.HTTPConnection object at 0x000001ED51095B50>: Failed to establish a new connection: [WinError 10061] Es konnte keine Verbindung hergestellt werden, da der Zielcomputer die Verbindung verweigerte')': /session/7bf3161aae298f71256e030d083d8b6f
2025-04-11 13:02:29,173 - INFO - Browser closed
