2025-04-13 17:36:51,567 - INFO - Logging initialized. Log file: C:\Users\g.yilmaz\Desktop\Magento_otomation\Done\logs\printnet_automation_20250413_173651.log
2025-04-13 17:36:51,570 - INFO - Logging initialized. Log file: C:\Users\g.yilmaz\Desktop\Magento_otomation\Done\logs\skynet_fixed_price_20250413_173651.log
2025-04-13 17:36:51,571 - INFO - Logging initialized. Log file: C:\Users\g.yilmaz\Desktop\Magento_otomation\Done\logs\printnet_fixed_price_20250413_173651.log
2025-04-13 17:36:51,586 - INFO - Logging initialized. Log file: C:\Users\g.yilmaz\Desktop\Magento_otomation\Done\logs\skynet_page_options_20250413_173651.log
2025-04-13 17:36:53,994 - INFO - Toplam 1 ürün eklenecek.
2025-04-13 17:36:53,994 - INFO - ====== WebDriver manager ======
2025-04-13 17:36:54,928 - INFO - Get LATEST chromedriver version for google-chrome
2025-04-13 17:36:55,024 - INFO - Get LATEST chromedriver version for google-chrome
2025-04-13 17:36:55,109 - INFO - Driver [C:\Users\g.yilmaz\.wdm\drivers\chromedriver\win64\135.0.7049.84\chromedriver-win32/chromedriver.exe] found in cache
2025-04-13 17:36:56,130 - INFO - Chrome WebDriver initialized successfully
2025-04-13 17:36:56,134 - INFO - Navigating to https://skynet.networkhero.eu/y5id_dashboard/admin/
2025-04-13 17:36:57,837 - INFO - Username entered
2025-04-13 17:36:57,916 - INFO - Password entered
2025-04-13 17:36:58,626 - INFO - Login button clicked
2025-04-13 17:36:58,626 - INFO - Waiting for you to enter Google Authenticator code...
2025-04-13 17:37:05,424 - INFO - Login successful
2025-04-13 17:37:05,424 - INFO - Clicking on CLOUDLAB icon using the Catalog approach...
2025-04-13 17:37:05,447 - INFO - Clicked on CLOUDLAB icon using Catalog approach
2025-04-13 17:37:05,447 - INFO - Successfully clicked on CloudLab
2025-04-13 17:37:05,447 - INFO - Clicking on Page Options submenu...
2025-04-13 17:37:05,867 - INFO - Clicked on Page Options using XPath approach
2025-04-13 17:37:05,898 - INFO - Successfully navigated to Page Options page
2025-04-13 17:37:05,898 - INFO - Successfully clicked on Page Options
2025-04-13 17:37:05,898 - INFO - Looking for Code search field
2025-04-13 17:37:05,986 - INFO - Entered 'paper_wmd' in Code search field
2025-04-13 17:37:07,050 - WARNING - Could not find search button, trying to press Enter instead: Message: 

2025-04-13 17:37:07,084 - INFO - Pressed Enter to search
2025-04-13 17:37:07,084 - INFO - Looking for the second Material option in search results
2025-04-13 17:37:07,096 - INFO - Found 20 rows in the search results
2025-04-13 17:37:07,414 - INFO - Clicked on Material column in row containing paper_wmd
2025-04-13 17:37:07,415 - INFO - Successfully completed search and click workflow
2025-04-13 17:37:07,415 - INFO - Looking for Page Option Values section
2025-04-13 17:37:07,430 - INFO - Scrolling down to find Page Option Values
2025-04-13 17:37:08,484 - INFO - Clicked on Page Option Values section
2025-04-13 17:37:14,364 - INFO - Successfully found and clicked button via JavaScript: Clicked button: 
    add new value

2025-04-13 17:37:14,364 - INFO - Successfully clicked on Page Option Values and Add new Value
2025-04-13 17:37:14,365 - INFO - Parsed 8 materials from name value: ['0,40 mm starker Chromokarton 255g für 1mm Mappen-Füllhöhe (zertifiziert mit PEFC-Siegel für Nachhaltigkeit), hohe Steifigkeit mit 1,6-fachem Volumen', '0,40 mm starker Chromokarton 255g für 3mm Mappen-Füllhöhe (zertifiziert mit PEFC-Siegel für Nachhaltigkeit), hohe Steifigkeit mit 1,6-fachem Volumen', '0,40 mm starker Chromokarton 255g für 5mm Mappen-Füllhöhe (zertifiziert mit PEFC-Siegel für Nachhaltigkeit), hohe Steifigkeit mit 1,6-fachem Volumen', '0,40 mm starker Chromokarton 255g für 10mm Mappen-Füllhöhe (zertifiziert mit PEFC-Siegel für Nachhaltigkeit), hohe Steifigkeit mit 1,6-fachem Volumen', '0,36 mm starker Bilderdruckkarton 350g matt für 1mm Mappen-Füllhöhe (zertifiziert mit FSC-Siegel), mittlere Steifigkeit', '0,36 mm starker Bilderdruckkarton 350g matt für 3mm Mappen-Füllhöhe (zertifiziert mit FSC-Siegel), mittlere Steifigkeit', '0,36 mm starker Bilderdruckkarton 350g matt für 5mm Mappen-Füllhöhe (zertifiziert mit FSC-Siegel), mittlere Steifigkeit', '0,36 mm starker Bilderdruckkarton 350g matt für 10mm Mappen-Füllhöhe (zertifiziert mit FSC-Siegel), mittlere Steifigkeit']
2025-04-13 17:37:14,365 - INFO - Parsed 8 materials from code value: ['mappe_a4_2t_3l_44_folie_matt_0_40mm_chromokarton_255g_1mm_pefc_1_6vol', 'mappe_a4_2t_3l_44_folie_matt_0_40mm_chromokarton_255g_3mm_pefc_1_6vol', 'mappe_a4_2t_3l_44_folie_matt_0_40mm_chromokarton_255g_5mm_pefc_1_6vol', 'mappe_a4_2t_3l_44_folie_matt_0_40mm_chromokarton_255g_10mm_pefc_1_6vol', 'mappe_a4_2t_3l_44_folie_matt_0_36mm_bilderdruckkarton_350g_1mm_matt_fsc', 'mappe_a4_2t_3l_44_folie_matt_0_36mm_bilderdruckkarton_350g_3mm_matt_fsc', 'mappe_a4_2t_3l_44_folie_matt_0_36mm_bilderdruckkarton_350g_5mm_matt_fsc', 'mappe_a4_2t_3l_44_folie_matt_0_36mm_bilderdruckkarton_350g_10mm_matt_fsc']
2025-04-13 17:37:14,365 - INFO - Processing material 1/8: Name=0,40 mm starker Chromokarton 255g für 1mm Mappen-Füllhöhe (zertifiziert mit PEFC-Siegel für Nachhaltigkeit), hohe Steifigkeit mit 1,6-fachem Volumen, Code=mappe_a4_2t_3l_44_folie_matt_0_40mm_chromokarton_255g_1mm_pefc_1_6vol, Position=0
2025-04-13 17:37:16,678 - INFO - JavaScript fill result for material 1: {'codeFieldFound': True, 'codeFieldValue': 'mappe_a4_2t_3l_44_folie_matt_0_40mm_chromokarton_255g_1mm_pefc_1_6vol', 'nameFieldFound': True, 'nameFieldValue': '0,40 mm starker Chromokarton 255g für 1mm Mappen-Füllhöhe (zertifiziert mit PEFC-Siegel für Nachhaltigkeit), hohe Steifigkeit mit 1,6-fachem Volumen', 'positionFieldFound': True, 'positionFieldValue': '0'}
2025-04-13 17:37:17,769 - INFO - Starting popup modal Save button click function
2025-04-13 17:37:17,780 - INFO - Found modal popup
2025-04-13 17:37:17,790 - WARNING - Could not find Save button in modal: Message: no such element: Unable to locate element: {"method":"css selector","selector":"button#save, button.action-primary, button[title='Save'], button.primary"}
  (Session info: chrome=135.0.7049.85); For documentation on this error, please visit: https://www.selenium.dev/documentation/webdriver/troubleshooting/errors#no-such-element-exception
Stacktrace:
	GetHandleVerifier [0x00AD80E3+60707]
	GetHandleVerifier [0x00AD8124+60772]
	(No symbol) [0x00900683]
	(No symbol) [0x00948660]
	(No symbol) [0x009489FB]
	(No symbol) [0x0093DD81]
	(No symbol) [0x0096D094]
	(No symbol) [0x0093DCA4]
	(No symbol) [0x0096D2C4]
	(No symbol) [0x0098E824]
	(No symbol) [0x0096CE46]
	(No symbol) [0x0093C5D3]
	(No symbol) [0x0093D424]
	GetHandleVerifier [0x00D1BBC3+2435075]
	GetHandleVerifier [0x00D17163+2416035]
	GetHandleVerifier [0x00D3350C+2531660]
	GetHandleVerifier [0x00AEF1B5+155125]
	GetHandleVerifier [0x00AF5B5D+182173]
	GetHandleVerifier [0x00ADF9B8+91640]
	GetHandleVerifier [0x00ADFB60+92064]
	GetHandleVerifier [0x00ACA620+4704]
	BaseThreadInitThunk [0x76AA7BA9+25]
	RtlInitializeExceptionChain [0x77AEC2EB+107]
	RtlClearBits [0x77AEC26F+191]

2025-04-13 17:37:17,811 - WARNING - Title-based approach failed: Message: no such element: Unable to locate element: {"method":"xpath","selector":"//div[contains(text(), 'Page Option Value')]"}
  (Session info: chrome=135.0.7049.85); For documentation on this error, please visit: https://www.selenium.dev/documentation/webdriver/troubleshooting/errors#no-such-element-exception
Stacktrace:
	GetHandleVerifier [0x00AD80E3+60707]
	GetHandleVerifier [0x00AD8124+60772]
	(No symbol) [0x00900683]
	(No symbol) [0x00948660]
	(No symbol) [0x009489FB]
	(No symbol) [0x00991022]
	(No symbol) [0x0096D094]
	(No symbol) [0x0098E824]
	(No symbol) [0x0096CE46]
	(No symbol) [0x0093C5D3]
	(No symbol) [0x0093D424]
	GetHandleVerifier [0x00D1BBC3+2435075]
	GetHandleVerifier [0x00D17163+2416035]
	GetHandleVerifier [0x00D3350C+2531660]
	GetHandleVerifier [0x00AEF1B5+155125]
	GetHandleVerifier [0x00AF5B5D+182173]
	GetHandleVerifier [0x00ADF9B8+91640]
	GetHandleVerifier [0x00ADFB60+92064]
	GetHandleVerifier [0x00ACA620+4704]
	BaseThreadInitThunk [0x76AA7BA9+25]
	RtlInitializeExceptionChain [0x77AEC2EB+107]
	RtlClearBits [0x77AEC26F+191]

2025-04-13 17:37:17,823 - WARNING - JavaScript approach could not find modal Save button
2025-04-13 17:37:17,823 - INFO - Looking for most recently added Save button
2025-04-13 17:37:18,341 - INFO - Clicked most recently added Save button
2025-04-13 17:37:18,341 - INFO - Successfully saved material 1
2025-04-13 17:37:20,342 - INFO - Processing material 2/8: Name=0,40 mm starker Chromokarton 255g für 3mm Mappen-Füllhöhe (zertifiziert mit PEFC-Siegel für Nachhaltigkeit), hohe Steifigkeit mit 1,6-fachem Volumen, Code=mappe_a4_2t_3l_44_folie_matt_0_40mm_chromokarton_255g_3mm_pefc_1_6vol, Position=0
2025-04-13 17:37:20,342 - INFO - Refreshing page for material 2
2025-04-13 17:37:20,674 - INFO - Page refreshed successfully
2025-04-13 17:37:20,674 - INFO - Looking for Page Option Values section
2025-04-13 17:37:20,679 - INFO - Scrolling down to find Page Option Values
2025-04-13 17:37:21,746 - INFO - Clicked on Page Option Values section
2025-04-13 17:37:26,747 - INFO - Successfully found and clicked button via JavaScript: Clicked button: 
    add new value

2025-04-13 17:37:30,838 - INFO - JavaScript fill result for material 2: {'codeFieldFound': True, 'codeFieldValue': 'mappe_a4_2t_3l_44_folie_matt_0_40mm_chromokarton_255g_3mm_pefc_1_6vol', 'nameFieldFound': True, 'nameFieldValue': '0,40 mm starker Chromokarton 255g für 3mm Mappen-Füllhöhe (zertifiziert mit PEFC-Siegel für Nachhaltigkeit), hohe Steifigkeit mit 1,6-fachem Volumen', 'positionFieldFound': True, 'positionFieldValue': '0'}
2025-04-13 17:37:31,924 - INFO - Starting popup modal Save button click function
2025-04-13 17:37:31,933 - INFO - Found modal popup
2025-04-13 17:37:31,938 - WARNING - Could not find Save button in modal: Message: no such element: Unable to locate element: {"method":"css selector","selector":"button#save, button.action-primary, button[title='Save'], button.primary"}
  (Session info: chrome=135.0.7049.85); For documentation on this error, please visit: https://www.selenium.dev/documentation/webdriver/troubleshooting/errors#no-such-element-exception
Stacktrace:
	GetHandleVerifier [0x00AD80E3+60707]
	GetHandleVerifier [0x00AD8124+60772]
	(No symbol) [0x00900683]
	(No symbol) [0x00948660]
	(No symbol) [0x009489FB]
	(No symbol) [0x0093DD81]
	(No symbol) [0x0096D094]
	(No symbol) [0x0093DCA4]
	(No symbol) [0x0096D2C4]
	(No symbol) [0x0098E824]
	(No symbol) [0x0096CE46]
	(No symbol) [0x0093C5D3]
	(No symbol) [0x0093D424]
	GetHandleVerifier [0x00D1BBC3+2435075]
	GetHandleVerifier [0x00D17163+2416035]
	GetHandleVerifier [0x00D3350C+2531660]
	GetHandleVerifier [0x00AEF1B5+155125]
	GetHandleVerifier [0x00AF5B5D+182173]
	GetHandleVerifier [0x00ADF9B8+91640]
	GetHandleVerifier [0x00ADFB60+92064]
	GetHandleVerifier [0x00ACA620+4704]
	BaseThreadInitThunk [0x76AA7BA9+25]
	RtlInitializeExceptionChain [0x77AEC2EB+107]
	RtlClearBits [0x77AEC26F+191]

2025-04-13 17:37:31,959 - WARNING - Title-based approach failed: Message: no such element: Unable to locate element: {"method":"xpath","selector":"//div[contains(text(), 'Page Option Value')]"}
  (Session info: chrome=135.0.7049.85); For documentation on this error, please visit: https://www.selenium.dev/documentation/webdriver/troubleshooting/errors#no-such-element-exception
Stacktrace:
	GetHandleVerifier [0x00AD80E3+60707]
	GetHandleVerifier [0x00AD8124+60772]
	(No symbol) [0x00900683]
	(No symbol) [0x00948660]
	(No symbol) [0x009489FB]
	(No symbol) [0x00991022]
	(No symbol) [0x0096D094]
	(No symbol) [0x0098E824]
	(No symbol) [0x0096CE46]
	(No symbol) [0x0093C5D3]
	(No symbol) [0x0093D424]
	GetHandleVerifier [0x00D1BBC3+2435075]
	GetHandleVerifier [0x00D17163+2416035]
	GetHandleVerifier [0x00D3350C+2531660]
	GetHandleVerifier [0x00AEF1B5+155125]
	GetHandleVerifier [0x00AF5B5D+182173]
	GetHandleVerifier [0x00ADF9B8+91640]
	GetHandleVerifier [0x00ADFB60+92064]
	GetHandleVerifier [0x00ACA620+4704]
	BaseThreadInitThunk [0x76AA7BA9+25]
	RtlInitializeExceptionChain [0x77AEC2EB+107]
	RtlClearBits [0x77AEC26F+191]

2025-04-13 17:37:31,969 - WARNING - JavaScript approach could not find modal Save button
2025-04-13 17:37:31,969 - INFO - Looking for most recently added Save button
2025-04-13 17:37:32,488 - INFO - Clicked most recently added Save button
2025-04-13 17:37:32,488 - INFO - Successfully saved material 2
2025-04-13 17:37:34,489 - INFO - Processing material 3/8: Name=0,40 mm starker Chromokarton 255g für 5mm Mappen-Füllhöhe (zertifiziert mit PEFC-Siegel für Nachhaltigkeit), hohe Steifigkeit mit 1,6-fachem Volumen, Code=mappe_a4_2t_3l_44_folie_matt_0_40mm_chromokarton_255g_5mm_pefc_1_6vol, Position=0
2025-04-13 17:37:34,489 - INFO - Refreshing page for material 3
2025-04-13 17:37:34,871 - INFO - Page refreshed successfully
2025-04-13 17:37:34,872 - INFO - Looking for Page Option Values section
2025-04-13 17:37:34,877 - INFO - Scrolling down to find Page Option Values
2025-04-13 17:37:35,945 - INFO - Clicked on Page Option Values section
2025-04-13 17:37:40,977 - INFO - Successfully found and clicked button via JavaScript: Clicked button: 
    add new value

2025-04-13 17:37:45,072 - INFO - JavaScript fill result for material 3: {'codeFieldFound': True, 'codeFieldValue': 'mappe_a4_2t_3l_44_folie_matt_0_40mm_chromokarton_255g_5mm_pefc_1_6vol', 'nameFieldFound': True, 'nameFieldValue': '0,40 mm starker Chromokarton 255g für 5mm Mappen-Füllhöhe (zertifiziert mit PEFC-Siegel für Nachhaltigkeit), hohe Steifigkeit mit 1,6-fachem Volumen', 'positionFieldFound': True, 'positionFieldValue': '0'}
2025-04-13 17:37:46,148 - INFO - Starting popup modal Save button click function
2025-04-13 17:37:46,157 - INFO - Found modal popup
2025-04-13 17:37:46,164 - WARNING - Could not find Save button in modal: Message: no such element: Unable to locate element: {"method":"css selector","selector":"button#save, button.action-primary, button[title='Save'], button.primary"}
  (Session info: chrome=135.0.7049.85); For documentation on this error, please visit: https://www.selenium.dev/documentation/webdriver/troubleshooting/errors#no-such-element-exception
Stacktrace:
	GetHandleVerifier [0x00AD80E3+60707]
	GetHandleVerifier [0x00AD8124+60772]
	(No symbol) [0x00900683]
	(No symbol) [0x00948660]
	(No symbol) [0x009489FB]
	(No symbol) [0x0093DD81]
	(No symbol) [0x0096D094]
	(No symbol) [0x0093DCA4]
	(No symbol) [0x0096D2C4]
	(No symbol) [0x0098E824]
	(No symbol) [0x0096CE46]
	(No symbol) [0x0093C5D3]
	(No symbol) [0x0093D424]
	GetHandleVerifier [0x00D1BBC3+2435075]
	GetHandleVerifier [0x00D17163+2416035]
	GetHandleVerifier [0x00D3350C+2531660]
	GetHandleVerifier [0x00AEF1B5+155125]
	GetHandleVerifier [0x00AF5B5D+182173]
	GetHandleVerifier [0x00ADF9B8+91640]
	GetHandleVerifier [0x00ADFB60+92064]
	GetHandleVerifier [0x00ACA620+4704]
	BaseThreadInitThunk [0x76AA7BA9+25]
	RtlInitializeExceptionChain [0x77AEC2EB+107]
	RtlClearBits [0x77AEC26F+191]

2025-04-13 17:37:46,184 - WARNING - Title-based approach failed: Message: no such element: Unable to locate element: {"method":"xpath","selector":"//div[contains(text(), 'Page Option Value')]"}
  (Session info: chrome=135.0.7049.85); For documentation on this error, please visit: https://www.selenium.dev/documentation/webdriver/troubleshooting/errors#no-such-element-exception
Stacktrace:
	GetHandleVerifier [0x00AD80E3+60707]
	GetHandleVerifier [0x00AD8124+60772]
	(No symbol) [0x00900683]
	(No symbol) [0x00948660]
	(No symbol) [0x009489FB]
	(No symbol) [0x00991022]
	(No symbol) [0x0096D094]
	(No symbol) [0x0098E824]
	(No symbol) [0x0096CE46]
	(No symbol) [0x0093C5D3]
	(No symbol) [0x0093D424]
	GetHandleVerifier [0x00D1BBC3+2435075]
	GetHandleVerifier [0x00D17163+2416035]
	GetHandleVerifier [0x00D3350C+2531660]
	GetHandleVerifier [0x00AEF1B5+155125]
	GetHandleVerifier [0x00AF5B5D+182173]
	GetHandleVerifier [0x00ADF9B8+91640]
	GetHandleVerifier [0x00ADFB60+92064]
	GetHandleVerifier [0x00ACA620+4704]
	BaseThreadInitThunk [0x76AA7BA9+25]
	RtlInitializeExceptionChain [0x77AEC2EB+107]
	RtlClearBits [0x77AEC26F+191]

2025-04-13 17:37:46,193 - WARNING - JavaScript approach could not find modal Save button
2025-04-13 17:37:46,194 - INFO - Looking for most recently added Save button
2025-04-13 17:37:46,712 - INFO - Clicked most recently added Save button
2025-04-13 17:37:46,712 - INFO - Successfully saved material 3
2025-04-13 17:37:48,713 - INFO - Processing material 4/8: Name=0,40 mm starker Chromokarton 255g für 10mm Mappen-Füllhöhe (zertifiziert mit PEFC-Siegel für Nachhaltigkeit), hohe Steifigkeit mit 1,6-fachem Volumen, Code=mappe_a4_2t_3l_44_folie_matt_0_40mm_chromokarton_255g_10mm_pefc_1_6vol, Position=0
2025-04-13 17:37:48,713 - INFO - Refreshing page for material 4
2025-04-13 17:37:49,050 - INFO - Page refreshed successfully
2025-04-13 17:37:49,050 - INFO - Looking for Page Option Values section
2025-04-13 17:37:49,059 - INFO - Scrolling down to find Page Option Values
2025-04-13 17:37:50,125 - INFO - Clicked on Page Option Values section
2025-04-13 17:37:55,023 - INFO - Successfully found and clicked button via JavaScript: Clicked button: 
    add new value

2025-04-13 17:37:59,115 - INFO - JavaScript fill result for material 4: {'codeFieldFound': True, 'codeFieldValue': 'mappe_a4_2t_3l_44_folie_matt_0_40mm_chromokarton_255g_10mm_pefc_1_6vol', 'nameFieldFound': True, 'nameFieldValue': '0,40 mm starker Chromokarton 255g für 10mm Mappen-Füllhöhe (zertifiziert mit PEFC-Siegel für Nachhaltigkeit), hohe Steifigkeit mit 1,6-fachem Volumen', 'positionFieldFound': True, 'positionFieldValue': '0'}
2025-04-13 17:38:00,202 - INFO - Starting popup modal Save button click function
2025-04-13 17:38:00,212 - INFO - Found modal popup
2025-04-13 17:38:00,217 - WARNING - Could not find Save button in modal: Message: no such element: Unable to locate element: {"method":"css selector","selector":"button#save, button.action-primary, button[title='Save'], button.primary"}
  (Session info: chrome=135.0.7049.85); For documentation on this error, please visit: https://www.selenium.dev/documentation/webdriver/troubleshooting/errors#no-such-element-exception
Stacktrace:
	GetHandleVerifier [0x00AD80E3+60707]
	GetHandleVerifier [0x00AD8124+60772]
	(No symbol) [0x00900683]
	(No symbol) [0x00948660]
	(No symbol) [0x009489FB]
	(No symbol) [0x0093DD81]
	(No symbol) [0x0096D094]
	(No symbol) [0x0093DCA4]
	(No symbol) [0x0096D2C4]
	(No symbol) [0x0098E824]
	(No symbol) [0x0096CE46]
	(No symbol) [0x0093C5D3]
	(No symbol) [0x0093D424]
	GetHandleVerifier [0x00D1BBC3+2435075]
	GetHandleVerifier [0x00D17163+2416035]
	GetHandleVerifier [0x00D3350C+2531660]
	GetHandleVerifier [0x00AEF1B5+155125]
	GetHandleVerifier [0x00AF5B5D+182173]
	GetHandleVerifier [0x00ADF9B8+91640]
	GetHandleVerifier [0x00ADFB60+92064]
	GetHandleVerifier [0x00ACA620+4704]
	BaseThreadInitThunk [0x76AA7BA9+25]
	RtlInitializeExceptionChain [0x77AEC2EB+107]
	RtlClearBits [0x77AEC26F+191]

2025-04-13 17:38:00,237 - WARNING - Title-based approach failed: Message: no such element: Unable to locate element: {"method":"xpath","selector":"//div[contains(text(), 'Page Option Value')]"}
  (Session info: chrome=135.0.7049.85); For documentation on this error, please visit: https://www.selenium.dev/documentation/webdriver/troubleshooting/errors#no-such-element-exception
Stacktrace:
	GetHandleVerifier [0x00AD80E3+60707]
	GetHandleVerifier [0x00AD8124+60772]
	(No symbol) [0x00900683]
	(No symbol) [0x00948660]
	(No symbol) [0x009489FB]
	(No symbol) [0x00991022]
	(No symbol) [0x0096D094]
	(No symbol) [0x0098E824]
	(No symbol) [0x0096CE46]
	(No symbol) [0x0093C5D3]
	(No symbol) [0x0093D424]
	GetHandleVerifier [0x00D1BBC3+2435075]
	GetHandleVerifier [0x00D17163+2416035]
	GetHandleVerifier [0x00D3350C+2531660]
	GetHandleVerifier [0x00AEF1B5+155125]
	GetHandleVerifier [0x00AF5B5D+182173]
	GetHandleVerifier [0x00ADF9B8+91640]
	GetHandleVerifier [0x00ADFB60+92064]
	GetHandleVerifier [0x00ACA620+4704]
	BaseThreadInitThunk [0x76AA7BA9+25]
	RtlInitializeExceptionChain [0x77AEC2EB+107]
	RtlClearBits [0x77AEC26F+191]

2025-04-13 17:38:00,245 - WARNING - JavaScript approach could not find modal Save button
2025-04-13 17:38:00,245 - INFO - Looking for most recently added Save button
2025-04-13 17:38:01,423 - INFO - Clicked most recently added Save button
2025-04-13 17:38:01,423 - INFO - Successfully saved material 4
2025-04-13 17:38:03,424 - INFO - Processing material 5/8: Name=0,36 mm starker Bilderdruckkarton 350g matt für 1mm Mappen-Füllhöhe (zertifiziert mit FSC-Siegel), mittlere Steifigkeit, Code=mappe_a4_2t_3l_44_folie_matt_0_36mm_bilderdruckkarton_350g_1mm_matt_fsc, Position=0
2025-04-13 17:38:03,424 - INFO - Refreshing page for material 5
2025-04-13 17:38:04,110 - INFO - Page refreshed successfully
2025-04-13 17:38:04,110 - INFO - Looking for Page Option Values section
2025-04-13 17:38:04,117 - INFO - Scrolling down to find Page Option Values
2025-04-13 17:38:05,186 - INFO - Clicked on Page Option Values section
2025-04-13 17:38:10,300 - INFO - Successfully found and clicked button via JavaScript: Clicked button: 
    add new value

2025-04-13 17:38:14,387 - INFO - JavaScript fill result for material 5: {'codeFieldFound': True, 'codeFieldValue': 'mappe_a4_2t_3l_44_folie_matt_0_36mm_bilderdruckkarton_350g_1mm_matt_fsc', 'nameFieldFound': True, 'nameFieldValue': '0,36 mm starker Bilderdruckkarton 350g matt für 1mm Mappen-Füllhöhe (zertifiziert mit FSC-Siegel), mittlere Steifigkeit', 'positionFieldFound': True, 'positionFieldValue': '0'}
2025-04-13 17:38:15,477 - INFO - Starting popup modal Save button click function
2025-04-13 17:38:15,482 - INFO - Found modal popup
2025-04-13 17:38:15,492 - WARNING - Could not find Save button in modal: Message: no such element: Unable to locate element: {"method":"css selector","selector":"button#save, button.action-primary, button[title='Save'], button.primary"}
  (Session info: chrome=135.0.7049.85); For documentation on this error, please visit: https://www.selenium.dev/documentation/webdriver/troubleshooting/errors#no-such-element-exception
Stacktrace:
	GetHandleVerifier [0x00AD80E3+60707]
	GetHandleVerifier [0x00AD8124+60772]
	(No symbol) [0x00900683]
	(No symbol) [0x00948660]
	(No symbol) [0x009489FB]
	(No symbol) [0x0093DD81]
	(No symbol) [0x0096D094]
	(No symbol) [0x0093DCA4]
	(No symbol) [0x0096D2C4]
	(No symbol) [0x0098E824]
	(No symbol) [0x0096CE46]
	(No symbol) [0x0093C5D3]
	(No symbol) [0x0093D424]
	GetHandleVerifier [0x00D1BBC3+2435075]
	GetHandleVerifier [0x00D17163+2416035]
	GetHandleVerifier [0x00D3350C+2531660]
	GetHandleVerifier [0x00AEF1B5+155125]
	GetHandleVerifier [0x00AF5B5D+182173]
	GetHandleVerifier [0x00ADF9B8+91640]
	GetHandleVerifier [0x00ADFB60+92064]
	GetHandleVerifier [0x00ACA620+4704]
	BaseThreadInitThunk [0x76AA7BA9+25]
	RtlInitializeExceptionChain [0x77AEC2EB+107]
	RtlClearBits [0x77AEC26F+191]

2025-04-13 17:38:15,509 - WARNING - Title-based approach failed: Message: no such element: Unable to locate element: {"method":"xpath","selector":"//div[contains(text(), 'Page Option Value')]"}
  (Session info: chrome=135.0.7049.85); For documentation on this error, please visit: https://www.selenium.dev/documentation/webdriver/troubleshooting/errors#no-such-element-exception
Stacktrace:
	GetHandleVerifier [0x00AD80E3+60707]
	GetHandleVerifier [0x00AD8124+60772]
	(No symbol) [0x00900683]
	(No symbol) [0x00948660]
	(No symbol) [0x009489FB]
	(No symbol) [0x00991022]
	(No symbol) [0x0096D094]
	(No symbol) [0x0098E824]
	(No symbol) [0x0096CE46]
	(No symbol) [0x0093C5D3]
	(No symbol) [0x0093D424]
	GetHandleVerifier [0x00D1BBC3+2435075]
	GetHandleVerifier [0x00D17163+2416035]
	GetHandleVerifier [0x00D3350C+2531660]
	GetHandleVerifier [0x00AEF1B5+155125]
	GetHandleVerifier [0x00AF5B5D+182173]
	GetHandleVerifier [0x00ADF9B8+91640]
	GetHandleVerifier [0x00ADFB60+92064]
	GetHandleVerifier [0x00ACA620+4704]
	BaseThreadInitThunk [0x76AA7BA9+25]
	RtlInitializeExceptionChain [0x77AEC2EB+107]
	RtlClearBits [0x77AEC26F+191]

2025-04-13 17:38:15,518 - WARNING - JavaScript approach could not find modal Save button
2025-04-13 17:38:15,522 - INFO - Looking for most recently added Save button
2025-04-13 17:38:16,037 - INFO - Clicked most recently added Save button
2025-04-13 17:38:16,037 - INFO - Successfully saved material 5
2025-04-13 17:38:18,038 - INFO - Processing material 6/8: Name=0,36 mm starker Bilderdruckkarton 350g matt für 3mm Mappen-Füllhöhe (zertifiziert mit FSC-Siegel), mittlere Steifigkeit, Code=mappe_a4_2t_3l_44_folie_matt_0_36mm_bilderdruckkarton_350g_3mm_matt_fsc, Position=0
2025-04-13 17:38:18,038 - INFO - Refreshing page for material 6
2025-04-13 17:38:18,366 - INFO - Page refreshed successfully
2025-04-13 17:38:18,366 - INFO - Looking for Page Option Values section
2025-04-13 17:38:18,376 - INFO - Scrolling down to find Page Option Values
2025-04-13 17:38:19,443 - INFO - Clicked on Page Option Values section
2025-04-13 17:38:24,426 - INFO - Successfully found and clicked button via JavaScript: Clicked button: 
    add new value

2025-04-13 17:38:28,512 - INFO - JavaScript fill result for material 6: {'codeFieldFound': True, 'codeFieldValue': 'mappe_a4_2t_3l_44_folie_matt_0_36mm_bilderdruckkarton_350g_3mm_matt_fsc', 'nameFieldFound': True, 'nameFieldValue': '0,36 mm starker Bilderdruckkarton 350g matt für 3mm Mappen-Füllhöhe (zertifiziert mit FSC-Siegel), mittlere Steifigkeit', 'positionFieldFound': True, 'positionFieldValue': '0'}
2025-04-13 17:38:29,587 - INFO - Starting popup modal Save button click function
2025-04-13 17:38:29,598 - INFO - Found modal popup
2025-04-13 17:38:29,603 - WARNING - Could not find Save button in modal: Message: no such element: Unable to locate element: {"method":"css selector","selector":"button#save, button.action-primary, button[title='Save'], button.primary"}
  (Session info: chrome=135.0.7049.85); For documentation on this error, please visit: https://www.selenium.dev/documentation/webdriver/troubleshooting/errors#no-such-element-exception
Stacktrace:
	GetHandleVerifier [0x00AD80E3+60707]
	GetHandleVerifier [0x00AD8124+60772]
	(No symbol) [0x00900683]
	(No symbol) [0x00948660]
	(No symbol) [0x009489FB]
	(No symbol) [0x0093DD81]
	(No symbol) [0x0096D094]
	(No symbol) [0x0093DCA4]
	(No symbol) [0x0096D2C4]
	(No symbol) [0x0098E824]
	(No symbol) [0x0096CE46]
	(No symbol) [0x0093C5D3]
	(No symbol) [0x0093D424]
	GetHandleVerifier [0x00D1BBC3+2435075]
	GetHandleVerifier [0x00D17163+2416035]
	GetHandleVerifier [0x00D3350C+2531660]
	GetHandleVerifier [0x00AEF1B5+155125]
	GetHandleVerifier [0x00AF5B5D+182173]
	GetHandleVerifier [0x00ADF9B8+91640]
	GetHandleVerifier [0x00ADFB60+92064]
	GetHandleVerifier [0x00ACA620+4704]
	BaseThreadInitThunk [0x76AA7BA9+25]
	RtlInitializeExceptionChain [0x77AEC2EB+107]
	RtlClearBits [0x77AEC26F+191]

2025-04-13 17:38:29,623 - WARNING - Title-based approach failed: Message: no such element: Unable to locate element: {"method":"xpath","selector":"//div[contains(text(), 'Page Option Value')]"}
  (Session info: chrome=135.0.7049.85); For documentation on this error, please visit: https://www.selenium.dev/documentation/webdriver/troubleshooting/errors#no-such-element-exception
Stacktrace:
	GetHandleVerifier [0x00AD80E3+60707]
	GetHandleVerifier [0x00AD8124+60772]
	(No symbol) [0x00900683]
	(No symbol) [0x00948660]
	(No symbol) [0x009489FB]
	(No symbol) [0x00991022]
	(No symbol) [0x0096D094]
	(No symbol) [0x0098E824]
	(No symbol) [0x0096CE46]
	(No symbol) [0x0093C5D3]
	(No symbol) [0x0093D424]
	GetHandleVerifier [0x00D1BBC3+2435075]
	GetHandleVerifier [0x00D17163+2416035]
	GetHandleVerifier [0x00D3350C+2531660]
	GetHandleVerifier [0x00AEF1B5+155125]
	GetHandleVerifier [0x00AF5B5D+182173]
	GetHandleVerifier [0x00ADF9B8+91640]
	GetHandleVerifier [0x00ADFB60+92064]
	GetHandleVerifier [0x00ACA620+4704]
	BaseThreadInitThunk [0x76AA7BA9+25]
	RtlInitializeExceptionChain [0x77AEC2EB+107]
	RtlClearBits [0x77AEC26F+191]

2025-04-13 17:38:29,631 - WARNING - JavaScript approach could not find modal Save button
2025-04-13 17:38:29,632 - INFO - Looking for most recently added Save button
2025-04-13 17:38:30,139 - INFO - Clicked most recently added Save button
2025-04-13 17:38:30,139 - INFO - Successfully saved material 6
2025-04-13 17:38:32,140 - INFO - Processing material 7/8: Name=0,36 mm starker Bilderdruckkarton 350g matt für 5mm Mappen-Füllhöhe (zertifiziert mit FSC-Siegel), mittlere Steifigkeit, Code=mappe_a4_2t_3l_44_folie_matt_0_36mm_bilderdruckkarton_350g_5mm_matt_fsc, Position=0
2025-04-13 17:38:32,140 - INFO - Refreshing page for material 7
2025-04-13 17:38:32,462 - INFO - Page refreshed successfully
2025-04-13 17:38:32,463 - INFO - Looking for Page Option Values section
2025-04-13 17:38:32,470 - INFO - Scrolling down to find Page Option Values
2025-04-13 17:38:33,544 - INFO - Clicked on Page Option Values section
2025-04-13 17:38:38,519 - INFO - Successfully found and clicked button via JavaScript: Clicked button: 
    add new value

2025-04-13 17:38:42,609 - INFO - JavaScript fill result for material 7: {'codeFieldFound': True, 'codeFieldValue': 'mappe_a4_2t_3l_44_folie_matt_0_36mm_bilderdruckkarton_350g_5mm_matt_fsc', 'nameFieldFound': True, 'nameFieldValue': '0,36 mm starker Bilderdruckkarton 350g matt für 5mm Mappen-Füllhöhe (zertifiziert mit FSC-Siegel), mittlere Steifigkeit', 'positionFieldFound': True, 'positionFieldValue': '0'}
2025-04-13 17:38:43,694 - INFO - Starting popup modal Save button click function
2025-04-13 17:38:43,702 - INFO - Found modal popup
2025-04-13 17:38:43,708 - WARNING - Could not find Save button in modal: Message: no such element: Unable to locate element: {"method":"css selector","selector":"button#save, button.action-primary, button[title='Save'], button.primary"}
  (Session info: chrome=135.0.7049.85); For documentation on this error, please visit: https://www.selenium.dev/documentation/webdriver/troubleshooting/errors#no-such-element-exception
Stacktrace:
	GetHandleVerifier [0x00AD80E3+60707]
	GetHandleVerifier [0x00AD8124+60772]
	(No symbol) [0x00900683]
	(No symbol) [0x00948660]
	(No symbol) [0x009489FB]
	(No symbol) [0x0093DD81]
	(No symbol) [0x0096D094]
	(No symbol) [0x0093DCA4]
	(No symbol) [0x0096D2C4]
	(No symbol) [0x0098E824]
	(No symbol) [0x0096CE46]
	(No symbol) [0x0093C5D3]
	(No symbol) [0x0093D424]
	GetHandleVerifier [0x00D1BBC3+2435075]
	GetHandleVerifier [0x00D17163+2416035]
	GetHandleVerifier [0x00D3350C+2531660]
	GetHandleVerifier [0x00AEF1B5+155125]
	GetHandleVerifier [0x00AF5B5D+182173]
	GetHandleVerifier [0x00ADF9B8+91640]
	GetHandleVerifier [0x00ADFB60+92064]
	GetHandleVerifier [0x00ACA620+4704]
	BaseThreadInitThunk [0x76AA7BA9+25]
	RtlInitializeExceptionChain [0x77AEC2EB+107]
	RtlClearBits [0x77AEC26F+191]

2025-04-13 17:38:43,729 - WARNING - Title-based approach failed: Message: no such element: Unable to locate element: {"method":"xpath","selector":"//div[contains(text(), 'Page Option Value')]"}
  (Session info: chrome=135.0.7049.85); For documentation on this error, please visit: https://www.selenium.dev/documentation/webdriver/troubleshooting/errors#no-such-element-exception
Stacktrace:
	GetHandleVerifier [0x00AD80E3+60707]
	GetHandleVerifier [0x00AD8124+60772]
	(No symbol) [0x00900683]
	(No symbol) [0x00948660]
	(No symbol) [0x009489FB]
	(No symbol) [0x00991022]
	(No symbol) [0x0096D094]
	(No symbol) [0x0098E824]
	(No symbol) [0x0096CE46]
	(No symbol) [0x0093C5D3]
	(No symbol) [0x0093D424]
	GetHandleVerifier [0x00D1BBC3+2435075]
	GetHandleVerifier [0x00D17163+2416035]
	GetHandleVerifier [0x00D3350C+2531660]
	GetHandleVerifier [0x00AEF1B5+155125]
	GetHandleVerifier [0x00AF5B5D+182173]
	GetHandleVerifier [0x00ADF9B8+91640]
	GetHandleVerifier [0x00ADFB60+92064]
	GetHandleVerifier [0x00ACA620+4704]
	BaseThreadInitThunk [0x76AA7BA9+25]
	RtlInitializeExceptionChain [0x77AEC2EB+107]
	RtlClearBits [0x77AEC26F+191]

2025-04-13 17:38:43,738 - WARNING - JavaScript approach could not find modal Save button
2025-04-13 17:38:43,738 - INFO - Looking for most recently added Save button
2025-04-13 17:38:44,883 - INFO - Clicked most recently added Save button
2025-04-13 17:38:44,883 - INFO - Successfully saved material 7
2025-04-13 17:38:46,884 - INFO - Processing material 8/8: Name=0,36 mm starker Bilderdruckkarton 350g matt für 10mm Mappen-Füllhöhe (zertifiziert mit FSC-Siegel), mittlere Steifigkeit, Code=mappe_a4_2t_3l_44_folie_matt_0_36mm_bilderdruckkarton_350g_10mm_matt_fsc, Position=0
2025-04-13 17:38:46,884 - INFO - Refreshing page for material 8
2025-04-13 17:38:47,566 - INFO - Page refreshed successfully
2025-04-13 17:38:47,566 - INFO - Looking for Page Option Values section
2025-04-13 17:38:47,596 - INFO - Scrolling down to find Page Option Values
2025-04-13 17:38:48,634 - INFO - Clicked on Page Option Values section
2025-04-13 17:38:53,904 - INFO - Successfully found and clicked button via JavaScript: Clicked button: 
    add new value

2025-04-13 17:38:57,990 - INFO - JavaScript fill result for material 8: {'codeFieldFound': True, 'codeFieldValue': 'mappe_a4_2t_3l_44_folie_matt_0_36mm_bilderdruckkarton_350g_10mm_matt_fsc', 'nameFieldFound': True, 'nameFieldValue': '0,36 mm starker Bilderdruckkarton 350g matt für 10mm Mappen-Füllhöhe (zertifiziert mit FSC-Siegel), mittlere Steifigkeit', 'positionFieldFound': True, 'positionFieldValue': '0'}
2025-04-13 17:38:59,073 - INFO - Starting popup modal Save button click function
2025-04-13 17:38:59,087 - INFO - Found modal popup
2025-04-13 17:38:59,091 - WARNING - Could not find Save button in modal: Message: no such element: Unable to locate element: {"method":"css selector","selector":"button#save, button.action-primary, button[title='Save'], button.primary"}
  (Session info: chrome=135.0.7049.85); For documentation on this error, please visit: https://www.selenium.dev/documentation/webdriver/troubleshooting/errors#no-such-element-exception
Stacktrace:
	GetHandleVerifier [0x00AD80E3+60707]
	GetHandleVerifier [0x00AD8124+60772]
	(No symbol) [0x00900683]
	(No symbol) [0x00948660]
	(No symbol) [0x009489FB]
	(No symbol) [0x0093DD81]
	(No symbol) [0x0096D094]
	(No symbol) [0x0093DCA4]
	(No symbol) [0x0096D2C4]
	(No symbol) [0x0098E824]
	(No symbol) [0x0096CE46]
	(No symbol) [0x0093C5D3]
	(No symbol) [0x0093D424]
	GetHandleVerifier [0x00D1BBC3+2435075]
	GetHandleVerifier [0x00D17163+2416035]
	GetHandleVerifier [0x00D3350C+2531660]
	GetHandleVerifier [0x00AEF1B5+155125]
	GetHandleVerifier [0x00AF5B5D+182173]
	GetHandleVerifier [0x00ADF9B8+91640]
	GetHandleVerifier [0x00ADFB60+92064]
	GetHandleVerifier [0x00ACA620+4704]
	BaseThreadInitThunk [0x76AA7BA9+25]
	RtlInitializeExceptionChain [0x77AEC2EB+107]
	RtlClearBits [0x77AEC26F+191]

2025-04-13 17:38:59,112 - WARNING - Title-based approach failed: Message: no such element: Unable to locate element: {"method":"xpath","selector":"//div[contains(text(), 'Page Option Value')]"}
  (Session info: chrome=135.0.7049.85); For documentation on this error, please visit: https://www.selenium.dev/documentation/webdriver/troubleshooting/errors#no-such-element-exception
Stacktrace:
	GetHandleVerifier [0x00AD80E3+60707]
	GetHandleVerifier [0x00AD8124+60772]
	(No symbol) [0x00900683]
	(No symbol) [0x00948660]
	(No symbol) [0x009489FB]
	(No symbol) [0x00991022]
	(No symbol) [0x0096D094]
	(No symbol) [0x0098E824]
	(No symbol) [0x0096CE46]
	(No symbol) [0x0093C5D3]
	(No symbol) [0x0093D424]
	GetHandleVerifier [0x00D1BBC3+2435075]
	GetHandleVerifier [0x00D17163+2416035]
	GetHandleVerifier [0x00D3350C+2531660]
	GetHandleVerifier [0x00AEF1B5+155125]
	GetHandleVerifier [0x00AF5B5D+182173]
	GetHandleVerifier [0x00ADF9B8+91640]
	GetHandleVerifier [0x00ADFB60+92064]
	GetHandleVerifier [0x00ACA620+4704]
	BaseThreadInitThunk [0x76AA7BA9+25]
	RtlInitializeExceptionChain [0x77AEC2EB+107]
	RtlClearBits [0x77AEC26F+191]

2025-04-13 17:38:59,122 - WARNING - JavaScript approach could not find modal Save button
2025-04-13 17:38:59,122 - INFO - Looking for most recently added Save button
2025-04-13 17:39:00,293 - INFO - Clicked most recently added Save button
2025-04-13 17:39:00,294 - INFO - Successfully saved material 8
2025-04-13 17:39:02,294 - INFO - All materials processed, now clicking main save
2025-04-13 17:39:02,294 - INFO - Refreshing page...
2025-04-13 17:39:02,933 - INFO - Page refreshed successfully
2025-04-13 17:39:03,973 - INFO - Clicked main Save button in top-right corner
2025-04-13 17:39:04,975 - INFO - Successfully saved all page option values
2025-04-13 17:39:04,975 - INFO - Successfully filled and saved the form
2025-04-13 17:39:04,975 - INFO - Starting popup modal Save button click function
2025-04-13 17:39:04,982 - INFO - Found modal popup
2025-04-13 17:39:04,990 - WARNING - Could not find Save button in modal: Message: no such element: Unable to locate element: {"method":"css selector","selector":"button#save, button.action-primary, button[title='Save'], button.primary"}
  (Session info: chrome=135.0.7049.85); For documentation on this error, please visit: https://www.selenium.dev/documentation/webdriver/troubleshooting/errors#no-such-element-exception
Stacktrace:
	GetHandleVerifier [0x00AD80E3+60707]
	GetHandleVerifier [0x00AD8124+60772]
	(No symbol) [0x00900683]
	(No symbol) [0x00948660]
	(No symbol) [0x009489FB]
	(No symbol) [0x0093DD81]
	(No symbol) [0x0096D094]
	(No symbol) [0x0093DCA4]
	(No symbol) [0x0096D2C4]
	(No symbol) [0x0098E824]
	(No symbol) [0x0096CE46]
	(No symbol) [0x0093C5D3]
	(No symbol) [0x0093D424]
	GetHandleVerifier [0x00D1BBC3+2435075]
	GetHandleVerifier [0x00D17163+2416035]
	GetHandleVerifier [0x00D3350C+2531660]
	GetHandleVerifier [0x00AEF1B5+155125]
	GetHandleVerifier [0x00AF5B5D+182173]
	GetHandleVerifier [0x00ADF9B8+91640]
	GetHandleVerifier [0x00ADFB60+92064]
	GetHandleVerifier [0x00ACA620+4704]
	BaseThreadInitThunk [0x76AA7BA9+25]
	RtlInitializeExceptionChain [0x77AEC2EB+107]
	RtlClearBits [0x77AEC26F+191]

2025-04-13 17:39:04,997 - WARNING - Title-based approach failed: Message: no such element: Unable to locate element: {"method":"xpath","selector":"//div[contains(text(), 'Page Option Value')]"}
  (Session info: chrome=135.0.7049.85); For documentation on this error, please visit: https://www.selenium.dev/documentation/webdriver/troubleshooting/errors#no-such-element-exception
Stacktrace:
	GetHandleVerifier [0x00AD80E3+60707]
	GetHandleVerifier [0x00AD8124+60772]
	(No symbol) [0x00900683]
	(No symbol) [0x00948660]
	(No symbol) [0x009489FB]
	(No symbol) [0x00991022]
	(No symbol) [0x0096D094]
	(No symbol) [0x0098E824]
	(No symbol) [0x0096CE46]
	(No symbol) [0x0093C5D3]
	(No symbol) [0x0093D424]
	GetHandleVerifier [0x00D1BBC3+2435075]
	GetHandleVerifier [0x00D17163+2416035]
	GetHandleVerifier [0x00D3350C+2531660]
	GetHandleVerifier [0x00AEF1B5+155125]
	GetHandleVerifier [0x00AF5B5D+182173]
	GetHandleVerifier [0x00ADF9B8+91640]
	GetHandleVerifier [0x00ADFB60+92064]
	GetHandleVerifier [0x00ACA620+4704]
	BaseThreadInitThunk [0x76AA7BA9+25]
	RtlInitializeExceptionChain [0x77AEC2EB+107]
	RtlClearBits [0x77AEC26F+191]

2025-04-13 17:39:05,001 - WARNING - JavaScript approach could not find modal Save button
2025-04-13 17:39:05,002 - INFO - Looking for most recently added Save button
2025-04-13 17:39:05,007 - WARNING - No Save buttons found
2025-04-13 17:39:05,007 - INFO - Successfully clicked modal save button.
2025-04-13 17:39:05,007 - INFO - Refreshing page...
2025-04-13 17:39:05,311 - INFO - Page refreshed successfully
2025-04-13 17:39:06,557 - INFO - Clicked main Save button in top-right corner
2025-04-13 17:39:07,558 - INFO - Successfully clicked modal save button.
2025-04-13 17:39:07,558 - INFO - Starting process to add a new product part from CSV
2025-04-13 17:39:07,558 - INFO - Clicking on CLOUDLAB icon using the Catalog approach...
2025-04-13 17:39:07,593 - INFO - Clicked on CLOUDLAB icon using Catalog approach
2025-04-13 17:39:09,594 - INFO - Clicking on Product Parts submenu using Catalog Products approach...
2025-04-13 17:39:24,799 - WARNING - Catalog approach failed for Product Parts: Message: 
Stacktrace:
	GetHandleVerifier [0x00AD80E3+60707]
	GetHandleVerifier [0x00AD8124+60772]
	(No symbol) [0x00900683]
	(No symbol) [0x00948660]
	(No symbol) [0x009489FB]
	(No symbol) [0x00991022]
	(No symbol) [0x0096D094]
	(No symbol) [0x0098E824]
	(No symbol) [0x0096CE46]
	(No symbol) [0x0093C5D3]
	(No symbol) [0x0093D424]
	GetHandleVerifier [0x00D1BBC3+2435075]
	GetHandleVerifier [0x00D17163+2416035]
	GetHandleVerifier [0x00D3350C+2531660]
	GetHandleVerifier [0x00AEF1B5+155125]
	GetHandleVerifier [0x00AF5B5D+182173]
	GetHandleVerifier [0x00ADF9B8+91640]
	GetHandleVerifier [0x00ADFB60+92064]
	GetHandleVerifier [0x00ACA620+4704]
	BaseThreadInitThunk [0x76AA7BA9+25]
	RtlInitializeExceptionChain [0x77AEC2EB+107]
	RtlClearBits [0x77AEC26F+191]

2025-04-13 17:39:26,525 - INFO - Clicked on Product Parts by text
2025-04-13 17:39:27,542 - INFO - Successfully navigated to Product Parts page
2025-04-13 17:39:27,543 - INFO - Clicking on Add New Part button
2025-04-13 17:39:31,874 - INFO - Clicked on Add New Part button using CSS class
2025-04-13 17:39:31,874 - INFO - Waiting  seconds for the form to load completely...
2025-04-13 17:39:36,877 - INFO - Filling Name field
2025-04-13 17:39:37,055 - INFO - Filled Name field with: Mappe für DIN A4 2-teilig mit 3 Laschen, 4/4 farbig (Außenseite bedruckt), mit Mattfolie kaschiert
2025-04-13 17:39:38,056 - INFO - Filling Code field with enhanced approach
2025-04-13 17:39:38,333 - INFO - Filled Code field with: mappe_fuer_din_a4_2_teilig_mit_3_laschen_4_4_farbig_aussenseite_bedruckt_mit_mattfolie_kaschiert and triggered validation
2025-04-13 17:39:38,333 - INFO - Attempting to select Material dropdown
2025-04-13 17:39:38,335 - INFO - Attempting to select materials from CSV
2025-04-13 17:39:38,335 - INFO - Found materials from CSV: ['mappe_a4_2t_3l_44_folie_matt_0_40mm_chromokarton_255g_1mm_pefc_1_6vol', 'mappe_a4_2t_3l_44_folie_matt_0_40mm_chromokarton_255g_3mm_pefc_1_6vol', 'mappe_a4_2t_3l_44_folie_matt_0_40mm_chromokarton_255g_5mm_pefc_1_6vol', 'mappe_a4_2t_3l_44_folie_matt_0_40mm_chromokarton_255g_10mm_pefc_1_6vol', 'mappe_a4_2t_3l_44_folie_matt_0_36mm_bilderdruckkarton_350g_1mm_matt_fsc', 'mappe_a4_2t_3l_44_folie_matt_0_36mm_bilderdruckkarton_350g_3mm_matt_fsc', 'mappe_a4_2t_3l_44_folie_matt_0_36mm_bilderdruckkarton_350g_5mm_matt_fsc', 'mappe_a4_2t_3l_44_folie_matt_0_36mm_bilderdruckkarton_350g_10mm_matt_fsc']
2025-04-13 17:39:39,368 - INFO - Found Öffnung element, now looking for Material field below it
2025-04-13 17:39:40,422 - INFO - Found Material element, now looking for select element
2025-04-13 17:39:40,458 - INFO - Found Material select element
2025-04-13 17:39:40,492 - INFO - JavaScript selection result: Selected 8 options: ['0,40 mm starker Chromokarton 255g für 1mm Mappen-Füllhöhe (zertifiziert mit PEFC-Siegel für Nachhaltigkeit), hohe Steifigkeit mit 1,6-fachem Volumen (mappe_a4_2t_3l_44_folie_matt_0_40mm_chromokarton_255g_1mm_pefc_1_6vol)', '0,40 mm starker Chromokarton 255g für 3mm Mappen-Füllhöhe (zertifiziert mit PEFC-Siegel für Nachhaltigkeit), hohe Steifigkeit mit 1,6-fachem Volumen (mappe_a4_2t_3l_44_folie_matt_0_40mm_chromokarton_255g_3mm_pefc_1_6vol)', '0,40 mm starker Chromokarton 255g für 5mm Mappen-Füllhöhe (zertifiziert mit PEFC-Siegel für Nachhaltigkeit), hohe Steifigkeit mit 1,6-fachem Volumen (mappe_a4_2t_3l_44_folie_matt_0_40mm_chromokarton_255g_5mm_pefc_1_6vol)', '0,40 mm starker Chromokarton 255g für 10mm Mappen-Füllhöhe (zertifiziert mit PEFC-Siegel für Nachhaltigkeit), hohe Steifigkeit mit 1,6-fachem Volumen (mappe_a4_2t_3l_44_folie_matt_0_40mm_chromokarton_255g_10mm_pefc_1_6vol)', '0,36 mm starker Bilderdruckkarton 350g matt für 1mm Mappen-Füllhöhe (zertifiziert mit FSC-Siegel), mittlere Steifigkeit (mappe_a4_2t_3l_44_folie_matt_0_36mm_bilderdruckkarton_350g_1mm_matt_fsc)', '0,36 mm starker Bilderdruckkarton 350g matt für 3mm Mappen-Füllhöhe (zertifiziert mit FSC-Siegel), mittlere Steifigkeit (mappe_a4_2t_3l_44_folie_matt_0_36mm_bilderdruckkarton_350g_3mm_matt_fsc)', '0,36 mm starker Bilderdruckkarton 350g matt für 5mm Mappen-Füllhöhe (zertifiziert mit FSC-Siegel), mittlere Steifigkeit (mappe_a4_2t_3l_44_folie_matt_0_36mm_bilderdruckkarton_350g_5mm_matt_fsc)', '0,36 mm starker Bilderdruckkarton 350g matt für 10mm Mappen-Füllhöhe (zertifiziert mit FSC-Siegel), mittlere Steifigkeit (mappe_a4_2t_3l_44_folie_matt_0_36mm_bilderdruckkarton_350g_10mm_matt_fsc)']
2025-04-13 17:39:40,493 - INFO - Successfully selected last option in Material dropdown
2025-04-13 17:39:45,493 - INFO - Clicking Save button
2025-04-13 17:39:46,727 - INFO - Clicked Save button via CSS selector
2025-04-13 17:39:46,728 - INFO - Waiting 10 seconds after save...
2025-04-13 17:39:56,728 - INFO - Product part save process completed
2025-04-13 17:39:56,728 - INFO - Successfully added a new product part for product 1
2025-04-13 17:39:56,728 - INFO - Clicking on Catalog icon...
2025-04-13 17:39:58,985 - INFO - Clicking on Products submenu...
2025-04-13 17:40:02,394 - INFO - Clicking on Add Product button...
2025-04-13 17:40:07,512 - INFO - Navigated to Add Product page
2025-04-13 17:40:07,901 - INFO - Product name entered: Mappe für DIN A4 2-teilig mit 3 Laschen, 4/4 farbig (Außenseite bedruckt), mit Mattfolie kaschiert
2025-04-13 17:40:08,033 - INFO - SKU entered: 1004376
2025-04-13 17:40:08,138 - INFO - Price entered: 1.00
2025-04-13 17:40:08,298 - INFO - Quantity entered: 99999999
2025-04-13 17:40:08,299 - INFO - Successfully filled basic info for product: Mappe für DIN A4 2-teilig mit 3 Laschen, 4/4 farbig (Außenseite bedruckt), mit Mattfolie kaschiert
2025-04-13 17:40:08,299 - INFO - Setting 'Is Meter Price' to: Yes
2025-04-13 17:40:08,318 - INFO - Toggle result: Changed 'Is Meter Price' to: Yes
2025-04-13 17:40:08,325 - INFO - Final scroll position: 879.2000122070312px
2025-04-13 17:40:08,325 - ERROR - Failed to set 'Is Meter Price': name 'current_scroll_y' is not defined
2025-04-13 17:40:08,325 - INFO - Attempting final fallback method
2025-04-13 17:40:10,396 - INFO - Clicked toggle using fallback method
2025-04-13 17:40:10,397 - INFO - Selecting Producer: wmd.networkhero.eu with simplified approach
2025-04-13 17:40:11,421 - INFO - JavaScript producer selection result: Selected wmd.networkhero.eu using standard dropdown via JS
2025-04-13 17:40:11,421 - INFO - Setting 'Disable pickup' to: Yes
2025-04-13 17:40:11,429 - INFO - Initial scroll position: 1135.199951171875px
2025-04-13 17:40:12,948 - INFO - Current scroll position after positioning: 2268.800048828125px
2025-04-13 17:40:12,965 - INFO - Toggle result: Changed 'Disable pickup' to: Yes
2025-04-13 17:40:12,969 - INFO - Final scroll position: 2268.800048828125px
2025-04-13 17:40:12,977 - INFO - Validation confirmed 'Disable pickup' setting was applied correctly
2025-04-13 17:40:12,977 - INFO - Scrolling down to find Websites section
2025-04-13 17:40:14,017 - INFO - Expanded Websites section
2025-04-13 17:40:14,949 - WARNING - Retrying (Retry(total=2, connect=None, read=None, redirect=None, status=None)) after connection broken by 'ConnectionResetError(10054, 'Eine vorhandene Verbindung wurde vom Remotehost geschlossen', None, 10054, None)': /session/bf4e7c0f0d2eff3f1887f4b5e6c821a4
2025-04-13 17:40:19,026 - WARNING - Retrying (Retry(total=1, connect=None, read=None, redirect=None, status=None)) after connection broken by 'NewConnectionError('<urllib3.connection.HTTPConnection object at 0x0000021D6FA629C0>: Failed to establish a new connection: [WinError 10061] Es konnte keine Verbindung hergestellt werden, da der Zielcomputer die Verbindung verweigerte')': /session/bf4e7c0f0d2eff3f1887f4b5e6c821a4
2025-04-13 17:40:23,067 - WARNING - Retrying (Retry(total=0, connect=None, read=None, redirect=None, status=None)) after connection broken by 'NewConnectionError('<urllib3.connection.HTTPConnection object at 0x0000021D6FA62CC0>: Failed to establish a new connection: [WinError 10061] Es konnte keine Verbindung hergestellt werden, da der Zielcomputer die Verbindung verweigerte')': /session/bf4e7c0f0d2eff3f1887f4b5e6c821a4
2025-04-13 17:40:40,710 - INFO - Browser closed
