2025-04-13 17:47:15,518 - INFO - Logging initialized. Log file: C:\Users\g.yilmaz\Desktop\Magento_otomation\Done\logs\printnet_fixed_price_20250413_174715.log
2025-04-13 17:47:15,518 - INFO - ====== WebDriver manager ======
2025-04-13 17:47:16,477 - INFO - Get LATEST chromedriver version for google-chrome
2025-04-13 17:47:16,566 - INFO - Get LATEST chromedriver version for google-chrome
2025-04-13 17:47:16,659 - INFO - Driver [C:\Users\g.yilmaz\.wdm\drivers\chromedriver\win64\135.0.7049.84\chromedriver-win32/chromedriver.exe] found in cache
2025-04-13 17:47:17,691 - INFO - Navigating to https://printnet.networkhero.eu/dashboard/admin
2025-04-13 17:47:19,252 - INFO - Username entered
2025-04-13 17:47:19,335 - INFO - Password entered
2025-04-13 17:47:22,809 - INFO - Login button clicked
2025-04-13 17:47:22,809 - INFO - Waiting for you to enter Google Authenticator code...
2025-04-13 17:47:28,659 - INFO - Login successful
2025-04-13 17:47:28,661 - INFO - Clicking on CLOUDLAB icon using the Catalog approach...
2025-04-13 17:47:28,740 - INFO - Clicked on CLOUDLAB icon using Catalog approach
2025-04-13 17:47:32,938 - INFO - JavaScript sonucu: Price Unit değeri 1 olarak ayarlandı
2025-04-13 17:47:36,230 - INFO - Attempting to click the Save button in the top right corner
2025-04-13 17:47:46,379 - WARNING - First approach failed: Message: 
Stacktrace:
	GetHandleVerifier [0x00AD80E3+60707]
	GetHandleVerifier [0x00AD8124+60772]
	(No symbol) [0x00900683]
	(No symbol) [0x00948660]
	(No symbol) [0x009489FB]
	(No symbol) [0x00991022]
	(No symbol) [0x0096D094]
	(No symbol) [0x0098E824]
	(No symbol) [0x0096CE46]
	(No symbol) [0x0093C5D3]
	(No symbol) [0x0093D424]
	GetHandleVerifier [0x00D1BBC3+2435075]
	GetHandleVerifier [0x00D17163+2416035]
	GetHandleVerifier [0x00D3350C+2531660]
	GetHandleVerifier [0x00AEF1B5+155125]
	GetHandleVerifier [0x00AF5B5D+182173]
	GetHandleVerifier [0x00ADF9B8+91640]
	GetHandleVerifier [0x00ADFB60+92064]
	GetHandleVerifier [0x00ACA620+4704]
	BaseThreadInitThunk [0x76AA7BA9+25]
	RtlInitializeExceptionChain [0x77AEC2EB+107]
	RtlClearBits [0x77AEC26F+191]

2025-04-13 17:47:46,415 - INFO - JavaScript Save button result: Clicked the best Save button: 
                                Save
                            
2025-04-13 17:47:51,195 - INFO - JavaScript sonucu: Price Unit değeri 1 olarak ayarlandı
2025-04-13 17:47:54,466 - INFO - Attempting to click the Save button in the top right corner
2025-04-13 17:48:04,618 - WARNING - First approach failed: Message: 
Stacktrace:
	GetHandleVerifier [0x00AD80E3+60707]
	GetHandleVerifier [0x00AD8124+60772]
	(No symbol) [0x00900683]
	(No symbol) [0x00948660]
	(No symbol) [0x009489FB]
	(No symbol) [0x00991022]
	(No symbol) [0x0096D094]
	(No symbol) [0x0098E824]
	(No symbol) [0x0096CE46]
	(No symbol) [0x0093C5D3]
	(No symbol) [0x0093D424]
	GetHandleVerifier [0x00D1BBC3+2435075]
	GetHandleVerifier [0x00D17163+2416035]
	GetHandleVerifier [0x00D3350C+2531660]
	GetHandleVerifier [0x00AEF1B5+155125]
	GetHandleVerifier [0x00AF5B5D+182173]
	GetHandleVerifier [0x00ADF9B8+91640]
	GetHandleVerifier [0x00ADFB60+92064]
	GetHandleVerifier [0x00ACA620+4704]
	BaseThreadInitThunk [0x76AA7BA9+25]
	RtlInitializeExceptionChain [0x77AEC2EB+107]
	RtlClearBits [0x77AEC26F+191]

2025-04-13 17:48:04,655 - INFO - JavaScript Save button result: Clicked the best Save button: 
                                Save
                            
2025-04-13 17:48:09,304 - INFO - JavaScript sonucu: Price Unit değeri 1 olarak ayarlandı
2025-04-13 17:48:12,577 - INFO - Attempting to click the Save button in the top right corner
2025-04-13 17:48:22,720 - WARNING - First approach failed: Message: 
Stacktrace:
	GetHandleVerifier [0x00AD80E3+60707]
	GetHandleVerifier [0x00AD8124+60772]
	(No symbol) [0x00900683]
	(No symbol) [0x00948660]
	(No symbol) [0x009489FB]
	(No symbol) [0x00991022]
	(No symbol) [0x0096D094]
	(No symbol) [0x0098E824]
	(No symbol) [0x0096CE46]
	(No symbol) [0x0093C5D3]
	(No symbol) [0x0093D424]
	GetHandleVerifier [0x00D1BBC3+2435075]
	GetHandleVerifier [0x00D17163+2416035]
	GetHandleVerifier [0x00D3350C+2531660]
	GetHandleVerifier [0x00AEF1B5+155125]
	GetHandleVerifier [0x00AF5B5D+182173]
	GetHandleVerifier [0x00ADF9B8+91640]
	GetHandleVerifier [0x00ADFB60+92064]
	GetHandleVerifier [0x00ACA620+4704]
	BaseThreadInitThunk [0x76AA7BA9+25]
	RtlInitializeExceptionChain [0x77AEC2EB+107]
	RtlClearBits [0x77AEC26F+191]

2025-04-13 17:48:22,762 - INFO - JavaScript Save button result: Clicked the best Save button: 
                                Save
                            
2025-04-13 17:48:27,438 - INFO - JavaScript sonucu: Price Unit değeri 1 olarak ayarlandı
2025-04-13 17:48:30,713 - INFO - Attempting to click the Save button in the top right corner
2025-04-13 17:48:40,863 - WARNING - First approach failed: Message: 
Stacktrace:
	GetHandleVerifier [0x00AD80E3+60707]
	GetHandleVerifier [0x00AD8124+60772]
	(No symbol) [0x00900683]
	(No symbol) [0x00948660]
	(No symbol) [0x009489FB]
	(No symbol) [0x00991022]
	(No symbol) [0x0096D094]
	(No symbol) [0x0098E824]
	(No symbol) [0x0096CE46]
	(No symbol) [0x0093C5D3]
	(No symbol) [0x0093D424]
	GetHandleVerifier [0x00D1BBC3+2435075]
	GetHandleVerifier [0x00D17163+2416035]
	GetHandleVerifier [0x00D3350C+2531660]
	GetHandleVerifier [0x00AEF1B5+155125]
	GetHandleVerifier [0x00AF5B5D+182173]
	GetHandleVerifier [0x00ADF9B8+91640]
	GetHandleVerifier [0x00ADFB60+92064]
	GetHandleVerifier [0x00ACA620+4704]
	BaseThreadInitThunk [0x76AA7BA9+25]
	RtlInitializeExceptionChain [0x77AEC2EB+107]
	RtlClearBits [0x77AEC26F+191]

2025-04-13 17:48:40,897 - INFO - JavaScript Save button result: Clicked the best Save button: 
                                Save
                            
2025-04-13 17:48:45,486 - INFO - JavaScript sonucu: Price Unit değeri 1 olarak ayarlandı
2025-04-13 17:48:48,769 - INFO - Attempting to click the Save button in the top right corner
2025-04-13 17:48:58,919 - WARNING - First approach failed: Message: 
Stacktrace:
	GetHandleVerifier [0x00AD80E3+60707]
	GetHandleVerifier [0x00AD8124+60772]
	(No symbol) [0x00900683]
	(No symbol) [0x00948660]
	(No symbol) [0x009489FB]
	(No symbol) [0x00991022]
	(No symbol) [0x0096D094]
	(No symbol) [0x0098E824]
	(No symbol) [0x0096CE46]
	(No symbol) [0x0093C5D3]
	(No symbol) [0x0093D424]
	GetHandleVerifier [0x00D1BBC3+2435075]
	GetHandleVerifier [0x00D17163+2416035]
	GetHandleVerifier [0x00D3350C+2531660]
	GetHandleVerifier [0x00AEF1B5+155125]
	GetHandleVerifier [0x00AF5B5D+182173]
	GetHandleVerifier [0x00ADF9B8+91640]
	GetHandleVerifier [0x00ADFB60+92064]
	GetHandleVerifier [0x00ACA620+4704]
	BaseThreadInitThunk [0x76AA7BA9+25]
	RtlInitializeExceptionChain [0x77AEC2EB+107]
	RtlClearBits [0x77AEC26F+191]

2025-04-13 17:48:58,956 - INFO - JavaScript Save button result: Clicked the best Save button: 
                                Save
                            
2025-04-13 17:49:03,647 - INFO - JavaScript sonucu: Price Unit değeri 1 olarak ayarlandı
2025-04-13 17:49:06,924 - INFO - Attempting to click the Save button in the top right corner
2025-04-13 17:49:17,066 - WARNING - First approach failed: Message: 
Stacktrace:
	GetHandleVerifier [0x00AD80E3+60707]
	GetHandleVerifier [0x00AD8124+60772]
	(No symbol) [0x00900683]
	(No symbol) [0x00948660]
	(No symbol) [0x009489FB]
	(No symbol) [0x00991022]
	(No symbol) [0x0096D094]
	(No symbol) [0x0098E824]
	(No symbol) [0x0096CE46]
	(No symbol) [0x0093C5D3]
	(No symbol) [0x0093D424]
	GetHandleVerifier [0x00D1BBC3+2435075]
	GetHandleVerifier [0x00D17163+2416035]
	GetHandleVerifier [0x00D3350C+2531660]
	GetHandleVerifier [0x00AEF1B5+155125]
	GetHandleVerifier [0x00AF5B5D+182173]
	GetHandleVerifier [0x00ADF9B8+91640]
	GetHandleVerifier [0x00ADFB60+92064]
	GetHandleVerifier [0x00ACA620+4704]
	BaseThreadInitThunk [0x76AA7BA9+25]
	RtlInitializeExceptionChain [0x77AEC2EB+107]
	RtlClearBits [0x77AEC26F+191]

2025-04-13 17:49:17,103 - INFO - JavaScript Save button result: Clicked the best Save button: 
                                Save
                            
2025-04-13 17:49:21,797 - INFO - JavaScript sonucu: Price Unit değeri 1 olarak ayarlandı
2025-04-13 17:49:25,070 - INFO - Attempting to click the Save button in the top right corner
2025-04-13 17:49:35,220 - WARNING - First approach failed: Message: 
Stacktrace:
	GetHandleVerifier [0x00AD80E3+60707]
	GetHandleVerifier [0x00AD8124+60772]
	(No symbol) [0x00900683]
	(No symbol) [0x00948660]
	(No symbol) [0x009489FB]
	(No symbol) [0x00991022]
	(No symbol) [0x0096D094]
	(No symbol) [0x0098E824]
	(No symbol) [0x0096CE46]
	(No symbol) [0x0093C5D3]
	(No symbol) [0x0093D424]
	GetHandleVerifier [0x00D1BBC3+2435075]
	GetHandleVerifier [0x00D17163+2416035]
	GetHandleVerifier [0x00D3350C+2531660]
	GetHandleVerifier [0x00AEF1B5+155125]
	GetHandleVerifier [0x00AF5B5D+182173]
	GetHandleVerifier [0x00ADF9B8+91640]
	GetHandleVerifier [0x00ADFB60+92064]
	GetHandleVerifier [0x00ACA620+4704]
	BaseThreadInitThunk [0x76AA7BA9+25]
	RtlInitializeExceptionChain [0x77AEC2EB+107]
	RtlClearBits [0x77AEC26F+191]

2025-04-13 17:49:35,260 - INFO - JavaScript Save button result: Clicked the best Save button: 
                                Save
                            
2025-04-13 17:49:39,923 - INFO - JavaScript sonucu: Price Unit değeri 1 olarak ayarlandı
2025-04-13 17:49:43,223 - INFO - Attempting to click the Save button in the top right corner
2025-04-13 17:49:53,371 - WARNING - First approach failed: Message: 
Stacktrace:
	GetHandleVerifier [0x00AD80E3+60707]
	GetHandleVerifier [0x00AD8124+60772]
	(No symbol) [0x00900683]
	(No symbol) [0x00948660]
	(No symbol) [0x009489FB]
	(No symbol) [0x00991022]
	(No symbol) [0x0096D094]
	(No symbol) [0x0098E824]
	(No symbol) [0x0096CE46]
	(No symbol) [0x0093C5D3]
	(No symbol) [0x0093D424]
	GetHandleVerifier [0x00D1BBC3+2435075]
	GetHandleVerifier [0x00D17163+2416035]
	GetHandleVerifier [0x00D3350C+2531660]
	GetHandleVerifier [0x00AEF1B5+155125]
	GetHandleVerifier [0x00AF5B5D+182173]
	GetHandleVerifier [0x00ADF9B8+91640]
	GetHandleVerifier [0x00ADFB60+92064]
	GetHandleVerifier [0x00ACA620+4704]
	BaseThreadInitThunk [0x76AA7BA9+25]
	RtlInitializeExceptionChain [0x77AEC2EB+107]
	RtlClearBits [0x77AEC26F+191]

2025-04-13 17:49:53,409 - INFO - JavaScript Save button result: Clicked the best Save button: 
                                Save
                            
