2025-04-13 18:05:51,300 - INFO - Logging initialized. Log file: C:\Users\g.yilmaz\Desktop\Magento_otomation\Done\logs\printnet_automation_20250413_180551.log
2025-04-13 18:05:51,302 - INFO - Logging initialized. Log file: C:\Users\g.yilmaz\Desktop\Magento_otomation\Done\logs\skynet_fixed_price_20250413_180551.log
2025-04-13 18:05:51,303 - INFO - Logging initialized. Log file: C:\Users\g.yilmaz\Desktop\Magento_otomation\Done\logs\printnet_fixed_price_20250413_180551.log
2025-04-13 18:05:51,317 - INFO - Logging initialized. Log file: C:\Users\g.yilmaz\Desktop\Magento_otomation\Done\logs\skynet_page_options_20250413_180551.log
2025-04-13 18:05:54,523 - INFO - Toplam 1 ürün eklenecek.
2025-04-13 18:05:54,523 - INFO - ====== WebDriver manager ======
2025-04-13 18:05:55,519 - INFO - Get LATEST chromedriver version for google-chrome
2025-04-13 18:05:55,610 - INFO - Get LATEST chromedriver version for google-chrome
2025-04-13 18:05:55,727 - INFO - Driver [C:\Users\g.yilmaz\.wdm\drivers\chromedriver\win64\135.0.7049.84\chromedriver-win32/chromedriver.exe] found in cache
2025-04-13 18:05:56,769 - INFO - Chrome WebDriver initialized successfully
2025-04-13 18:05:56,773 - INFO - Navigating to https://skynet.networkhero.eu/y5id_dashboard/admin/
2025-04-13 18:05:58,671 - INFO - Username entered
2025-04-13 18:05:58,746 - INFO - Password entered
2025-04-13 18:05:59,556 - INFO - Login button clicked
2025-04-13 18:05:59,558 - INFO - Waiting for you to enter Google Authenticator code...
2025-04-13 18:06:07,608 - INFO - Login successful
2025-04-13 18:06:07,608 - INFO - Clicking on CLOUDLAB icon using the Catalog approach...
2025-04-13 18:06:07,648 - INFO - Clicked on CLOUDLAB icon using Catalog approach
2025-04-13 18:06:07,649 - INFO - Successfully clicked on CloudLab
2025-04-13 18:06:07,649 - INFO - Clicking on Page Options submenu...
2025-04-13 18:06:08,828 - INFO - Clicked on Page Options using XPath approach
2025-04-13 18:06:08,836 - INFO - Successfully navigated to Page Options page
2025-04-13 18:06:08,837 - INFO - Successfully clicked on Page Options
2025-04-13 18:06:08,837 - INFO - Looking for Code search field
2025-04-13 18:06:08,910 - INFO - Entered 'paper_wmd' in Code search field
2025-04-13 18:06:09,948 - WARNING - Could not find search button, trying to press Enter instead: Message: 

2025-04-13 18:06:09,976 - INFO - Pressed Enter to search
2025-04-13 18:06:09,976 - INFO - Looking for the second Material option in search results
2025-04-13 18:06:09,987 - INFO - Found 20 rows in the search results
2025-04-13 18:06:10,108 - WARNING - Error processing row: Message: stale element reference: stale element not found in the current frame
  (Session info: chrome=135.0.7049.85); For documentation on this error, please visit: https://www.selenium.dev/documentation/webdriver/troubleshooting/errors#stale-element-reference-exception
Stacktrace:
	GetHandleVerifier [0x00AD80E3+60707]
	GetHandleVerifier [0x00AD8124+60772]
	(No symbol) [0x00900683]
	(No symbol) [0x00906DE7]
	(No symbol) [0x009090DA]
	(No symbol) [0x00909157]
	(No symbol) [0x00947EF4]
	(No symbol) [0x009489FB]
	(No symbol) [0x0093E131]
	(No symbol) [0x0096D094]
	(No symbol) [0x0093DCA4]
	(No symbol) [0x0096D2C4]
	(No symbol) [0x0098E824]
	(No symbol) [0x0096CE46]
	(No symbol) [0x0093C5D3]
	(No symbol) [0x0093D424]
	GetHandleVerifier [0x00D1BBC3+2435075]
	GetHandleVerifier [0x00D17163+2416035]
	GetHandleVerifier [0x00D3350C+2531660]
	GetHandleVerifier [0x00AEF1B5+155125]
	GetHandleVerifier [0x00AF5B5D+182173]
	GetHandleVerifier [0x00ADF9B8+91640]
	GetHandleVerifier [0x00ADFB60+92064]
	GetHandleVerifier [0x00ACA620+4704]
	BaseThreadInitThunk [0x76AA7BA9+25]
	RtlInitializeExceptionChain [0x77AEC2EB+107]
	RtlClearBits [0x77AEC26F+191]

2025-04-13 18:06:10,114 - WARNING - Error processing row: Message: stale element reference: stale element not found in the current frame
  (Session info: chrome=135.0.7049.85); For documentation on this error, please visit: https://www.selenium.dev/documentation/webdriver/troubleshooting/errors#stale-element-reference-exception
Stacktrace:
	GetHandleVerifier [0x00AD80E3+60707]
	GetHandleVerifier [0x00AD8124+60772]
	(No symbol) [0x00900683]
	(No symbol) [0x00906DE7]
	(No symbol) [0x009090DA]
	(No symbol) [0x00909157]
	(No symbol) [0x00947EF4]
	(No symbol) [0x009489FB]
	(No symbol) [0x0093E131]
	(No symbol) [0x0096D094]
	(No symbol) [0x0093DCA4]
	(No symbol) [0x0096D2C4]
	(No symbol) [0x0098E824]
	(No symbol) [0x0096CE46]
	(No symbol) [0x0093C5D3]
	(No symbol) [0x0093D424]
	GetHandleVerifier [0x00D1BBC3+2435075]
	GetHandleVerifier [0x00D17163+2416035]
	GetHandleVerifier [0x00D3350C+2531660]
	GetHandleVerifier [0x00AEF1B5+155125]
	GetHandleVerifier [0x00AF5B5D+182173]
	GetHandleVerifier [0x00ADF9B8+91640]
	GetHandleVerifier [0x00ADFB60+92064]
	GetHandleVerifier [0x00ACA620+4704]
	BaseThreadInitThunk [0x76AA7BA9+25]
	RtlInitializeExceptionChain [0x77AEC2EB+107]
	RtlClearBits [0x77AEC26F+191]

2025-04-13 18:06:10,124 - WARNING - Error processing row: Message: stale element reference: stale element not found in the current frame
  (Session info: chrome=135.0.7049.85); For documentation on this error, please visit: https://www.selenium.dev/documentation/webdriver/troubleshooting/errors#stale-element-reference-exception
Stacktrace:
	GetHandleVerifier [0x00AD80E3+60707]
	GetHandleVerifier [0x00AD8124+60772]
	(No symbol) [0x00900683]
	(No symbol) [0x00906DE7]
	(No symbol) [0x009090DA]
	(No symbol) [0x00909157]
	(No symbol) [0x00947EF4]
	(No symbol) [0x009489FB]
	(No symbol) [0x0093E131]
	(No symbol) [0x0096D094]
	(No symbol) [0x0093DCA4]
	(No symbol) [0x0096D2C4]
	(No symbol) [0x0098E824]
	(No symbol) [0x0096CE46]
	(No symbol) [0x0093C5D3]
	(No symbol) [0x0093D424]
	GetHandleVerifier [0x00D1BBC3+2435075]
	GetHandleVerifier [0x00D17163+2416035]
	GetHandleVerifier [0x00D3350C+2531660]
	GetHandleVerifier [0x00AEF1B5+155125]
	GetHandleVerifier [0x00AF5B5D+182173]
	GetHandleVerifier [0x00ADF9B8+91640]
	GetHandleVerifier [0x00ADFB60+92064]
	GetHandleVerifier [0x00ACA620+4704]
	BaseThreadInitThunk [0x76AA7BA9+25]
	RtlInitializeExceptionChain [0x77AEC2EB+107]
	RtlClearBits [0x77AEC26F+191]

2025-04-13 18:06:10,132 - WARNING - Error processing row: Message: stale element reference: stale element not found in the current frame
  (Session info: chrome=135.0.7049.85); For documentation on this error, please visit: https://www.selenium.dev/documentation/webdriver/troubleshooting/errors#stale-element-reference-exception
Stacktrace:
	GetHandleVerifier [0x00AD80E3+60707]
	GetHandleVerifier [0x00AD8124+60772]
	(No symbol) [0x00900683]
	(No symbol) [0x00906DE7]
	(No symbol) [0x009090DA]
	(No symbol) [0x00909157]
	(No symbol) [0x00947EF4]
	(No symbol) [0x009489FB]
	(No symbol) [0x0093E131]
	(No symbol) [0x0096D094]
	(No symbol) [0x0093DCA4]
	(No symbol) [0x0096D2C4]
	(No symbol) [0x0098E824]
	(No symbol) [0x0096CE46]
	(No symbol) [0x0093C5D3]
	(No symbol) [0x0093D424]
	GetHandleVerifier [0x00D1BBC3+2435075]
	GetHandleVerifier [0x00D17163+2416035]
	GetHandleVerifier [0x00D3350C+2531660]
	GetHandleVerifier [0x00AEF1B5+155125]
	GetHandleVerifier [0x00AF5B5D+182173]
	GetHandleVerifier [0x00ADF9B8+91640]
	GetHandleVerifier [0x00ADFB60+92064]
	GetHandleVerifier [0x00ACA620+4704]
	BaseThreadInitThunk [0x76AA7BA9+25]
	RtlInitializeExceptionChain [0x77AEC2EB+107]
	RtlClearBits [0x77AEC26F+191]

2025-04-13 18:06:10,138 - WARNING - Error processing row: Message: stale element reference: stale element not found in the current frame
  (Session info: chrome=135.0.7049.85); For documentation on this error, please visit: https://www.selenium.dev/documentation/webdriver/troubleshooting/errors#stale-element-reference-exception
Stacktrace:
	GetHandleVerifier [0x00AD80E3+60707]
	GetHandleVerifier [0x00AD8124+60772]
	(No symbol) [0x00900683]
	(No symbol) [0x00906DE7]
	(No symbol) [0x009090DA]
	(No symbol) [0x00909157]
	(No symbol) [0x00947EF4]
	(No symbol) [0x009489FB]
	(No symbol) [0x0093E131]
	(No symbol) [0x0096D094]
	(No symbol) [0x0093DCA4]
	(No symbol) [0x0096D2C4]
	(No symbol) [0x0098E824]
	(No symbol) [0x0096CE46]
	(No symbol) [0x0093C5D3]
	(No symbol) [0x0093D424]
	GetHandleVerifier [0x00D1BBC3+2435075]
	GetHandleVerifier [0x00D17163+2416035]
	GetHandleVerifier [0x00D3350C+2531660]
	GetHandleVerifier [0x00AEF1B5+155125]
	GetHandleVerifier [0x00AF5B5D+182173]
	GetHandleVerifier [0x00ADF9B8+91640]
	GetHandleVerifier [0x00ADFB60+92064]
	GetHandleVerifier [0x00ACA620+4704]
	BaseThreadInitThunk [0x76AA7BA9+25]
	RtlInitializeExceptionChain [0x77AEC2EB+107]
	RtlClearBits [0x77AEC26F+191]

2025-04-13 18:06:10,145 - WARNING - Error processing row: Message: stale element reference: stale element not found in the current frame
  (Session info: chrome=135.0.7049.85); For documentation on this error, please visit: https://www.selenium.dev/documentation/webdriver/troubleshooting/errors#stale-element-reference-exception
Stacktrace:
	GetHandleVerifier [0x00AD80E3+60707]
	GetHandleVerifier [0x00AD8124+60772]
	(No symbol) [0x00900683]
	(No symbol) [0x00906DE7]
	(No symbol) [0x009090DA]
	(No symbol) [0x00909157]
	(No symbol) [0x00947EF4]
	(No symbol) [0x009489FB]
	(No symbol) [0x0093E131]
	(No symbol) [0x0096D094]
	(No symbol) [0x0093DCA4]
	(No symbol) [0x0096D2C4]
	(No symbol) [0x0098E824]
	(No symbol) [0x0096CE46]
	(No symbol) [0x0093C5D3]
	(No symbol) [0x0093D424]
	GetHandleVerifier [0x00D1BBC3+2435075]
	GetHandleVerifier [0x00D17163+2416035]
	GetHandleVerifier [0x00D3350C+2531660]
	GetHandleVerifier [0x00AEF1B5+155125]
	GetHandleVerifier [0x00AF5B5D+182173]
	GetHandleVerifier [0x00ADF9B8+91640]
	GetHandleVerifier [0x00ADFB60+92064]
	GetHandleVerifier [0x00ACA620+4704]
	BaseThreadInitThunk [0x76AA7BA9+25]
	RtlInitializeExceptionChain [0x77AEC2EB+107]
	RtlClearBits [0x77AEC26F+191]

2025-04-13 18:06:10,152 - WARNING - Error processing row: Message: stale element reference: stale element not found in the current frame
  (Session info: chrome=135.0.7049.85); For documentation on this error, please visit: https://www.selenium.dev/documentation/webdriver/troubleshooting/errors#stale-element-reference-exception
Stacktrace:
	GetHandleVerifier [0x00AD80E3+60707]
	GetHandleVerifier [0x00AD8124+60772]
	(No symbol) [0x00900683]
	(No symbol) [0x00906DE7]
	(No symbol) [0x009090DA]
	(No symbol) [0x00909157]
	(No symbol) [0x00947EF4]
	(No symbol) [0x009489FB]
	(No symbol) [0x0093E131]
	(No symbol) [0x0096D094]
	(No symbol) [0x0093DCA4]
	(No symbol) [0x0096D2C4]
	(No symbol) [0x0098E824]
	(No symbol) [0x0096CE46]
	(No symbol) [0x0093C5D3]
	(No symbol) [0x0093D424]
	GetHandleVerifier [0x00D1BBC3+2435075]
	GetHandleVerifier [0x00D17163+2416035]
	GetHandleVerifier [0x00D3350C+2531660]
	GetHandleVerifier [0x00AEF1B5+155125]
	GetHandleVerifier [0x00AF5B5D+182173]
	GetHandleVerifier [0x00ADF9B8+91640]
	GetHandleVerifier [0x00ADFB60+92064]
	GetHandleVerifier [0x00ACA620+4704]
	BaseThreadInitThunk [0x76AA7BA9+25]
	RtlInitializeExceptionChain [0x77AEC2EB+107]
	RtlClearBits [0x77AEC26F+191]

2025-04-13 18:06:10,160 - WARNING - Error processing row: Message: stale element reference: stale element not found in the current frame
  (Session info: chrome=135.0.7049.85); For documentation on this error, please visit: https://www.selenium.dev/documentation/webdriver/troubleshooting/errors#stale-element-reference-exception
Stacktrace:
	GetHandleVerifier [0x00AD80E3+60707]
	GetHandleVerifier [0x00AD8124+60772]
	(No symbol) [0x00900683]
	(No symbol) [0x00906DE7]
	(No symbol) [0x009090DA]
	(No symbol) [0x00909157]
	(No symbol) [0x00947EF4]
	(No symbol) [0x009489FB]
	(No symbol) [0x0093E131]
	(No symbol) [0x0096D094]
	(No symbol) [0x0093DCA4]
	(No symbol) [0x0096D2C4]
	(No symbol) [0x0098E824]
	(No symbol) [0x0096CE46]
	(No symbol) [0x0093C5D3]
	(No symbol) [0x0093D424]
	GetHandleVerifier [0x00D1BBC3+2435075]
	GetHandleVerifier [0x00D17163+2416035]
	GetHandleVerifier [0x00D3350C+2531660]
	GetHandleVerifier [0x00AEF1B5+155125]
	GetHandleVerifier [0x00AF5B5D+182173]
	GetHandleVerifier [0x00ADF9B8+91640]
	GetHandleVerifier [0x00ADFB60+92064]
	GetHandleVerifier [0x00ACA620+4704]
	BaseThreadInitThunk [0x76AA7BA9+25]
	RtlInitializeExceptionChain [0x77AEC2EB+107]
	RtlClearBits [0x77AEC26F+191]

2025-04-13 18:06:10,167 - WARNING - Error processing row: Message: stale element reference: stale element not found in the current frame
  (Session info: chrome=135.0.7049.85); For documentation on this error, please visit: https://www.selenium.dev/documentation/webdriver/troubleshooting/errors#stale-element-reference-exception
Stacktrace:
	GetHandleVerifier [0x00AD80E3+60707]
	GetHandleVerifier [0x00AD8124+60772]
	(No symbol) [0x00900683]
	(No symbol) [0x00906DE7]
	(No symbol) [0x009090DA]
	(No symbol) [0x00909157]
	(No symbol) [0x00947EF4]
	(No symbol) [0x009489FB]
	(No symbol) [0x0093E131]
	(No symbol) [0x0096D094]
	(No symbol) [0x0093DCA4]
	(No symbol) [0x0096D2C4]
	(No symbol) [0x0098E824]
	(No symbol) [0x0096CE46]
	(No symbol) [0x0093C5D3]
	(No symbol) [0x0093D424]
	GetHandleVerifier [0x00D1BBC3+2435075]
	GetHandleVerifier [0x00D17163+2416035]
	GetHandleVerifier [0x00D3350C+2531660]
	GetHandleVerifier [0x00AEF1B5+155125]
	GetHandleVerifier [0x00AF5B5D+182173]
	GetHandleVerifier [0x00ADF9B8+91640]
	GetHandleVerifier [0x00ADFB60+92064]
	GetHandleVerifier [0x00ACA620+4704]
	BaseThreadInitThunk [0x76AA7BA9+25]
	RtlInitializeExceptionChain [0x77AEC2EB+107]
	RtlClearBits [0x77AEC26F+191]

2025-04-13 18:06:10,174 - WARNING - Error processing row: Message: stale element reference: stale element not found in the current frame
  (Session info: chrome=135.0.7049.85); For documentation on this error, please visit: https://www.selenium.dev/documentation/webdriver/troubleshooting/errors#stale-element-reference-exception
Stacktrace:
	GetHandleVerifier [0x00AD80E3+60707]
	GetHandleVerifier [0x00AD8124+60772]
	(No symbol) [0x00900683]
	(No symbol) [0x00906DE7]
	(No symbol) [0x009090DA]
	(No symbol) [0x00909157]
	(No symbol) [0x00947EF4]
	(No symbol) [0x009489FB]
	(No symbol) [0x0093E131]
	(No symbol) [0x0096D094]
	(No symbol) [0x0093DCA4]
	(No symbol) [0x0096D2C4]
	(No symbol) [0x0098E824]
	(No symbol) [0x0096CE46]
	(No symbol) [0x0093C5D3]
	(No symbol) [0x0093D424]
	GetHandleVerifier [0x00D1BBC3+2435075]
	GetHandleVerifier [0x00D17163+2416035]
	GetHandleVerifier [0x00D3350C+2531660]
	GetHandleVerifier [0x00AEF1B5+155125]
	GetHandleVerifier [0x00AF5B5D+182173]
	GetHandleVerifier [0x00ADF9B8+91640]
	GetHandleVerifier [0x00ADFB60+92064]
	GetHandleVerifier [0x00ACA620+4704]
	BaseThreadInitThunk [0x76AA7BA9+25]
	RtlInitializeExceptionChain [0x77AEC2EB+107]
	RtlClearBits [0x77AEC26F+191]

2025-04-13 18:06:10,180 - WARNING - Error processing row: Message: stale element reference: stale element not found in the current frame
  (Session info: chrome=135.0.7049.85); For documentation on this error, please visit: https://www.selenium.dev/documentation/webdriver/troubleshooting/errors#stale-element-reference-exception
Stacktrace:
	GetHandleVerifier [0x00AD80E3+60707]
	GetHandleVerifier [0x00AD8124+60772]
	(No symbol) [0x00900683]
	(No symbol) [0x00906DE7]
	(No symbol) [0x009090DA]
	(No symbol) [0x00909157]
	(No symbol) [0x00947EF4]
	(No symbol) [0x009489FB]
	(No symbol) [0x0093E131]
	(No symbol) [0x0096D094]
	(No symbol) [0x0093DCA4]
	(No symbol) [0x0096D2C4]
	(No symbol) [0x0098E824]
	(No symbol) [0x0096CE46]
	(No symbol) [0x0093C5D3]
	(No symbol) [0x0093D424]
	GetHandleVerifier [0x00D1BBC3+2435075]
	GetHandleVerifier [0x00D17163+2416035]
	GetHandleVerifier [0x00D3350C+2531660]
	GetHandleVerifier [0x00AEF1B5+155125]
	GetHandleVerifier [0x00AF5B5D+182173]
	GetHandleVerifier [0x00ADF9B8+91640]
	GetHandleVerifier [0x00ADFB60+92064]
	GetHandleVerifier [0x00ACA620+4704]
	BaseThreadInitThunk [0x76AA7BA9+25]
	RtlInitializeExceptionChain [0x77AEC2EB+107]
	RtlClearBits [0x77AEC26F+191]

2025-04-13 18:06:10,188 - WARNING - Error processing row: Message: stale element reference: stale element not found in the current frame
  (Session info: chrome=135.0.7049.85); For documentation on this error, please visit: https://www.selenium.dev/documentation/webdriver/troubleshooting/errors#stale-element-reference-exception
Stacktrace:
	GetHandleVerifier [0x00AD80E3+60707]
	GetHandleVerifier [0x00AD8124+60772]
	(No symbol) [0x00900683]
	(No symbol) [0x00906DE7]
	(No symbol) [0x009090DA]
	(No symbol) [0x00909157]
	(No symbol) [0x00947EF4]
	(No symbol) [0x009489FB]
	(No symbol) [0x0093E131]
	(No symbol) [0x0096D094]
	(No symbol) [0x0093DCA4]
	(No symbol) [0x0096D2C4]
	(No symbol) [0x0098E824]
	(No symbol) [0x0096CE46]
	(No symbol) [0x0093C5D3]
	(No symbol) [0x0093D424]
	GetHandleVerifier [0x00D1BBC3+2435075]
	GetHandleVerifier [0x00D17163+2416035]
	GetHandleVerifier [0x00D3350C+2531660]
	GetHandleVerifier [0x00AEF1B5+155125]
	GetHandleVerifier [0x00AF5B5D+182173]
	GetHandleVerifier [0x00ADF9B8+91640]
	GetHandleVerifier [0x00ADFB60+92064]
	GetHandleVerifier [0x00ACA620+4704]
	BaseThreadInitThunk [0x76AA7BA9+25]
	RtlInitializeExceptionChain [0x77AEC2EB+107]
	RtlClearBits [0x77AEC26F+191]

2025-04-13 18:06:10,195 - WARNING - Error processing row: Message: stale element reference: stale element not found in the current frame
  (Session info: chrome=135.0.7049.85); For documentation on this error, please visit: https://www.selenium.dev/documentation/webdriver/troubleshooting/errors#stale-element-reference-exception
Stacktrace:
	GetHandleVerifier [0x00AD80E3+60707]
	GetHandleVerifier [0x00AD8124+60772]
	(No symbol) [0x00900683]
	(No symbol) [0x00906DE7]
	(No symbol) [0x009090DA]
	(No symbol) [0x00909157]
	(No symbol) [0x00947EF4]
	(No symbol) [0x009489FB]
	(No symbol) [0x0093E131]
	(No symbol) [0x0096D094]
	(No symbol) [0x0093DCA4]
	(No symbol) [0x0096D2C4]
	(No symbol) [0x0098E824]
	(No symbol) [0x0096CE46]
	(No symbol) [0x0093C5D3]
	(No symbol) [0x0093D424]
	GetHandleVerifier [0x00D1BBC3+2435075]
	GetHandleVerifier [0x00D17163+2416035]
	GetHandleVerifier [0x00D3350C+2531660]
	GetHandleVerifier [0x00AEF1B5+155125]
	GetHandleVerifier [0x00AF5B5D+182173]
	GetHandleVerifier [0x00ADF9B8+91640]
	GetHandleVerifier [0x00ADFB60+92064]
	GetHandleVerifier [0x00ACA620+4704]
	BaseThreadInitThunk [0x76AA7BA9+25]
	RtlInitializeExceptionChain [0x77AEC2EB+107]
	RtlClearBits [0x77AEC26F+191]

2025-04-13 18:06:10,204 - WARNING - Error processing row: Message: stale element reference: stale element not found in the current frame
  (Session info: chrome=135.0.7049.85); For documentation on this error, please visit: https://www.selenium.dev/documentation/webdriver/troubleshooting/errors#stale-element-reference-exception
Stacktrace:
	GetHandleVerifier [0x00AD80E3+60707]
	GetHandleVerifier [0x00AD8124+60772]
	(No symbol) [0x00900683]
	(No symbol) [0x00906DE7]
	(No symbol) [0x009090DA]
	(No symbol) [0x00909157]
	(No symbol) [0x00947EF4]
	(No symbol) [0x009489FB]
	(No symbol) [0x0093E131]
	(No symbol) [0x0096D094]
	(No symbol) [0x0093DCA4]
	(No symbol) [0x0096D2C4]
	(No symbol) [0x0098E824]
	(No symbol) [0x0096CE46]
	(No symbol) [0x0093C5D3]
	(No symbol) [0x0093D424]
	GetHandleVerifier [0x00D1BBC3+2435075]
	GetHandleVerifier [0x00D17163+2416035]
	GetHandleVerifier [0x00D3350C+2531660]
	GetHandleVerifier [0x00AEF1B5+155125]
	GetHandleVerifier [0x00AF5B5D+182173]
	GetHandleVerifier [0x00ADF9B8+91640]
	GetHandleVerifier [0x00ADFB60+92064]
	GetHandleVerifier [0x00ACA620+4704]
	BaseThreadInitThunk [0x76AA7BA9+25]
	RtlInitializeExceptionChain [0x77AEC2EB+107]
	RtlClearBits [0x77AEC26F+191]

2025-04-13 18:06:10,211 - WARNING - Error processing row: Message: stale element reference: stale element not found in the current frame
  (Session info: chrome=135.0.7049.85); For documentation on this error, please visit: https://www.selenium.dev/documentation/webdriver/troubleshooting/errors#stale-element-reference-exception
Stacktrace:
	GetHandleVerifier [0x00AD80E3+60707]
	GetHandleVerifier [0x00AD8124+60772]
	(No symbol) [0x00900683]
	(No symbol) [0x00906DE7]
	(No symbol) [0x009090DA]
	(No symbol) [0x00909157]
	(No symbol) [0x00947EF4]
	(No symbol) [0x009489FB]
	(No symbol) [0x0093E131]
	(No symbol) [0x0096D094]
	(No symbol) [0x0093DCA4]
	(No symbol) [0x0096D2C4]
	(No symbol) [0x0098E824]
	(No symbol) [0x0096CE46]
	(No symbol) [0x0093C5D3]
	(No symbol) [0x0093D424]
	GetHandleVerifier [0x00D1BBC3+2435075]
	GetHandleVerifier [0x00D17163+2416035]
	GetHandleVerifier [0x00D3350C+2531660]
	GetHandleVerifier [0x00AEF1B5+155125]
	GetHandleVerifier [0x00AF5B5D+182173]
	GetHandleVerifier [0x00ADF9B8+91640]
	GetHandleVerifier [0x00ADFB60+92064]
	GetHandleVerifier [0x00ACA620+4704]
	BaseThreadInitThunk [0x76AA7BA9+25]
	RtlInitializeExceptionChain [0x77AEC2EB+107]
	RtlClearBits [0x77AEC26F+191]

2025-04-13 18:06:10,218 - WARNING - Error processing row: Message: stale element reference: stale element not found in the current frame
  (Session info: chrome=135.0.7049.85); For documentation on this error, please visit: https://www.selenium.dev/documentation/webdriver/troubleshooting/errors#stale-element-reference-exception
Stacktrace:
	GetHandleVerifier [0x00AD80E3+60707]
	GetHandleVerifier [0x00AD8124+60772]
	(No symbol) [0x00900683]
	(No symbol) [0x00906DE7]
	(No symbol) [0x009090DA]
	(No symbol) [0x00909157]
	(No symbol) [0x00947EF4]
	(No symbol) [0x009489FB]
	(No symbol) [0x0093E131]
	(No symbol) [0x0096D094]
	(No symbol) [0x0093DCA4]
	(No symbol) [0x0096D2C4]
	(No symbol) [0x0098E824]
	(No symbol) [0x0096CE46]
	(No symbol) [0x0093C5D3]
	(No symbol) [0x0093D424]
	GetHandleVerifier [0x00D1BBC3+2435075]
	GetHandleVerifier [0x00D17163+2416035]
	GetHandleVerifier [0x00D3350C+2531660]
	GetHandleVerifier [0x00AEF1B5+155125]
	GetHandleVerifier [0x00AF5B5D+182173]
	GetHandleVerifier [0x00ADF9B8+91640]
	GetHandleVerifier [0x00ADFB60+92064]
	GetHandleVerifier [0x00ACA620+4704]
	BaseThreadInitThunk [0x76AA7BA9+25]
	RtlInitializeExceptionChain [0x77AEC2EB+107]
	RtlClearBits [0x77AEC26F+191]

2025-04-13 18:06:10,219 - WARNING - Not enough rows found in search results
2025-04-13 18:06:10,462 - INFO - Clicked on the first available Material element
2025-04-13 18:06:10,463 - INFO - Successfully completed search and click workflow
2025-04-13 18:06:10,463 - INFO - Looking for Page Option Values section
2025-04-13 18:06:10,476 - INFO - Scrolling down to find Page Option Values
2025-04-13 18:06:11,553 - INFO - Clicked on Page Option Values section
2025-04-13 18:06:16,826 - INFO - Successfully found and clicked button via JavaScript: Clicked button: 
    add new value

2025-04-13 18:06:16,826 - INFO - Successfully clicked on Page Option Values and Add new Value
2025-04-13 18:06:16,827 - INFO - Parsed 4 materials from name value: ['0,36 mm starker Bilderdruckkarton 350g matt für 1mm Mappen-Füllhöhe (zertifiziert mit FSC-Siegel), mittlere Steifigkeit', '0,36 mm starker Bilderdruckkarton 350g matt für 3mm Mappen-Füllhöhe (zertifiziert mit FSC-Siegel), mittlere Steifigkeit', '0,36 mm starker Bilderdruckkarton 350g matt für 5mm Mappen-Füllhöhe (zertifiziert mit FSC-Siegel), mittlere Steifigkeit', '0,36 mm starker Bilderdruckkarton 350g matt für 10mm Mappen-Füllhöhe (zertifiziert mit FSC-Siegel), mittlere Steifigkeit']
2025-04-13 18:06:16,827 - INFO - Parsed 4 materials from code value: ['mappe_a4_2t_3l_44_folie_softfeel_0_36mm_bilderdruckkarton_350g_1mm_matt_fsc', 'mappe_a4_2t_3l_44_folie_softfeel_0_36mm_bilderdruckkarton_350g_3mm_matt_fsc', 'mappe_a4_2t_3l_44_folie_softfeel_0_36mm_bilderdruckkarton_350g_5mm_matt_fsc', 'mappe_a4_2t_3l_44_folie_softfeel_0_36mm_bilderdruckkarton_350g_10mm_matt_fsc']
2025-04-13 18:06:16,827 - INFO - Processing material 1/4: Name=0,36 mm starker Bilderdruckkarton 350g matt für 1mm Mappen-Füllhöhe (zertifiziert mit FSC-Siegel), mittlere Steifigkeit, Code=mappe_a4_2t_3l_44_folie_softfeel_0_36mm_bilderdruckkarton_350g_1mm_matt_fsc, Position=0
2025-04-13 18:06:19,135 - INFO - JavaScript fill result for material 1: {'codeFieldFound': True, 'codeFieldValue': 'mappe_a4_2t_3l_44_folie_softfeel_0_36mm_bilderdruckkarton_350g_1mm_matt_fsc', 'nameFieldFound': True, 'nameFieldValue': '0,36 mm starker Bilderdruckkarton 350g matt für 1mm Mappen-Füllhöhe (zertifiziert mit FSC-Siegel), mittlere Steifigkeit', 'positionFieldFound': True, 'positionFieldValue': '0'}
2025-04-13 18:06:20,216 - INFO - Starting popup modal Save button click function
2025-04-13 18:06:20,228 - INFO - Found modal popup
2025-04-13 18:06:20,236 - WARNING - Could not find Save button in modal: Message: no such element: Unable to locate element: {"method":"css selector","selector":"button#save, button.action-primary, button[title='Save'], button.primary"}
  (Session info: chrome=135.0.7049.85); For documentation on this error, please visit: https://www.selenium.dev/documentation/webdriver/troubleshooting/errors#no-such-element-exception
Stacktrace:
	GetHandleVerifier [0x00AD80E3+60707]
	GetHandleVerifier [0x00AD8124+60772]
	(No symbol) [0x00900683]
	(No symbol) [0x00948660]
	(No symbol) [0x009489FB]
	(No symbol) [0x0093DD81]
	(No symbol) [0x0096D094]
	(No symbol) [0x0093DCA4]
	(No symbol) [0x0096D2C4]
	(No symbol) [0x0098E824]
	(No symbol) [0x0096CE46]
	(No symbol) [0x0093C5D3]
	(No symbol) [0x0093D424]
	GetHandleVerifier [0x00D1BBC3+2435075]
	GetHandleVerifier [0x00D17163+2416035]
	GetHandleVerifier [0x00D3350C+2531660]
	GetHandleVerifier [0x00AEF1B5+155125]
	GetHandleVerifier [0x00AF5B5D+182173]
	GetHandleVerifier [0x00ADF9B8+91640]
	GetHandleVerifier [0x00ADFB60+92064]
	GetHandleVerifier [0x00ACA620+4704]
	BaseThreadInitThunk [0x76AA7BA9+25]
	RtlInitializeExceptionChain [0x77AEC2EB+107]
	RtlClearBits [0x77AEC26F+191]

2025-04-13 18:06:20,264 - WARNING - Title-based approach failed: Message: no such element: Unable to locate element: {"method":"xpath","selector":"//div[contains(text(), 'Page Option Value')]"}
  (Session info: chrome=135.0.7049.85); For documentation on this error, please visit: https://www.selenium.dev/documentation/webdriver/troubleshooting/errors#no-such-element-exception
Stacktrace:
	GetHandleVerifier [0x00AD80E3+60707]
	GetHandleVerifier [0x00AD8124+60772]
	(No symbol) [0x00900683]
	(No symbol) [0x00948660]
	(No symbol) [0x009489FB]
	(No symbol) [0x00991022]
	(No symbol) [0x0096D094]
	(No symbol) [0x0098E824]
	(No symbol) [0x0096CE46]
	(No symbol) [0x0093C5D3]
	(No symbol) [0x0093D424]
	GetHandleVerifier [0x00D1BBC3+2435075]
	GetHandleVerifier [0x00D17163+2416035]
	GetHandleVerifier [0x00D3350C+2531660]
	GetHandleVerifier [0x00AEF1B5+155125]
	GetHandleVerifier [0x00AF5B5D+182173]
	GetHandleVerifier [0x00ADF9B8+91640]
	GetHandleVerifier [0x00ADFB60+92064]
	GetHandleVerifier [0x00ACA620+4704]
	BaseThreadInitThunk [0x76AA7BA9+25]
	RtlInitializeExceptionChain [0x77AEC2EB+107]
	RtlClearBits [0x77AEC26F+191]

2025-04-13 18:06:20,275 - WARNING - JavaScript approach could not find modal Save button
2025-04-13 18:06:20,275 - INFO - Looking for most recently added Save button
2025-04-13 18:06:21,521 - INFO - Clicked most recently added Save button
2025-04-13 18:06:21,521 - INFO - Successfully saved material 1
2025-04-13 18:06:23,522 - INFO - Processing material 2/4: Name=0,36 mm starker Bilderdruckkarton 350g matt für 3mm Mappen-Füllhöhe (zertifiziert mit FSC-Siegel), mittlere Steifigkeit, Code=mappe_a4_2t_3l_44_folie_softfeel_0_36mm_bilderdruckkarton_350g_3mm_matt_fsc, Position=0
2025-04-13 18:06:23,522 - INFO - Refreshing page for material 2
2025-04-13 18:06:24,288 - INFO - Page refreshed successfully
2025-04-13 18:06:24,288 - INFO - Looking for Page Option Values section
2025-04-13 18:06:24,306 - INFO - Scrolling down to find Page Option Values
2025-04-13 18:06:25,355 - INFO - Clicked on Page Option Values section
2025-04-13 18:06:30,412 - INFO - Successfully found and clicked button via JavaScript: Clicked button: 
    add new value

2025-04-13 18:06:34,513 - INFO - JavaScript fill result for material 2: {'codeFieldFound': True, 'codeFieldValue': 'mappe_a4_2t_3l_44_folie_softfeel_0_36mm_bilderdruckkarton_350g_3mm_matt_fsc', 'nameFieldFound': True, 'nameFieldValue': '0,36 mm starker Bilderdruckkarton 350g matt für 3mm Mappen-Füllhöhe (zertifiziert mit FSC-Siegel), mittlere Steifigkeit', 'positionFieldFound': True, 'positionFieldValue': '0'}
2025-04-13 18:06:35,589 - INFO - Starting popup modal Save button click function
2025-04-13 18:06:35,598 - INFO - Found modal popup
2025-04-13 18:06:35,605 - WARNING - Could not find Save button in modal: Message: no such element: Unable to locate element: {"method":"css selector","selector":"button#save, button.action-primary, button[title='Save'], button.primary"}
  (Session info: chrome=135.0.7049.85); For documentation on this error, please visit: https://www.selenium.dev/documentation/webdriver/troubleshooting/errors#no-such-element-exception
Stacktrace:
	GetHandleVerifier [0x00AD80E3+60707]
	GetHandleVerifier [0x00AD8124+60772]
	(No symbol) [0x00900683]
	(No symbol) [0x00948660]
	(No symbol) [0x009489FB]
	(No symbol) [0x0093DD81]
	(No symbol) [0x0096D094]
	(No symbol) [0x0093DCA4]
	(No symbol) [0x0096D2C4]
	(No symbol) [0x0098E824]
	(No symbol) [0x0096CE46]
	(No symbol) [0x0093C5D3]
	(No symbol) [0x0093D424]
	GetHandleVerifier [0x00D1BBC3+2435075]
	GetHandleVerifier [0x00D17163+2416035]
	GetHandleVerifier [0x00D3350C+2531660]
	GetHandleVerifier [0x00AEF1B5+155125]
	GetHandleVerifier [0x00AF5B5D+182173]
	GetHandleVerifier [0x00ADF9B8+91640]
	GetHandleVerifier [0x00ADFB60+92064]
	GetHandleVerifier [0x00ACA620+4704]
	BaseThreadInitThunk [0x76AA7BA9+25]
	RtlInitializeExceptionChain [0x77AEC2EB+107]
	RtlClearBits [0x77AEC26F+191]

2025-04-13 18:06:35,627 - WARNING - Title-based approach failed: Message: no such element: Unable to locate element: {"method":"xpath","selector":"//div[contains(text(), 'Page Option Value')]"}
  (Session info: chrome=135.0.7049.85); For documentation on this error, please visit: https://www.selenium.dev/documentation/webdriver/troubleshooting/errors#no-such-element-exception
Stacktrace:
	GetHandleVerifier [0x00AD80E3+60707]
	GetHandleVerifier [0x00AD8124+60772]
	(No symbol) [0x00900683]
	(No symbol) [0x00948660]
	(No symbol) [0x009489FB]
	(No symbol) [0x00991022]
	(No symbol) [0x0096D094]
	(No symbol) [0x0098E824]
	(No symbol) [0x0096CE46]
	(No symbol) [0x0093C5D3]
	(No symbol) [0x0093D424]
	GetHandleVerifier [0x00D1BBC3+2435075]
	GetHandleVerifier [0x00D17163+2416035]
	GetHandleVerifier [0x00D3350C+2531660]
	GetHandleVerifier [0x00AEF1B5+155125]
	GetHandleVerifier [0x00AF5B5D+182173]
	GetHandleVerifier [0x00ADF9B8+91640]
	GetHandleVerifier [0x00ADFB60+92064]
	GetHandleVerifier [0x00ACA620+4704]
	BaseThreadInitThunk [0x76AA7BA9+25]
	RtlInitializeExceptionChain [0x77AEC2EB+107]
	RtlClearBits [0x77AEC26F+191]

2025-04-13 18:06:35,636 - WARNING - JavaScript approach could not find modal Save button
2025-04-13 18:06:35,636 - INFO - Looking for most recently added Save button
2025-04-13 18:06:36,819 - INFO - Clicked most recently added Save button
2025-04-13 18:06:36,821 - INFO - Successfully saved material 2
2025-04-13 18:06:38,821 - INFO - Processing material 3/4: Name=0,36 mm starker Bilderdruckkarton 350g matt für 5mm Mappen-Füllhöhe (zertifiziert mit FSC-Siegel), mittlere Steifigkeit, Code=mappe_a4_2t_3l_44_folie_softfeel_0_36mm_bilderdruckkarton_350g_5mm_matt_fsc, Position=0
2025-04-13 18:06:38,821 - INFO - Refreshing page for material 3
2025-04-13 18:06:39,655 - INFO - Page refreshed successfully
2025-04-13 18:06:39,655 - INFO - Looking for Page Option Values section
2025-04-13 18:06:39,675 - INFO - Scrolling down to find Page Option Values
2025-04-13 18:06:40,727 - INFO - Clicked on Page Option Values section
2025-04-13 18:06:45,827 - INFO - Successfully found and clicked button via JavaScript: Clicked button: 
    add new value

2025-04-13 18:06:49,916 - INFO - JavaScript fill result for material 3: {'codeFieldFound': True, 'codeFieldValue': 'mappe_a4_2t_3l_44_folie_softfeel_0_36mm_bilderdruckkarton_350g_5mm_matt_fsc', 'nameFieldFound': True, 'nameFieldValue': '0,36 mm starker Bilderdruckkarton 350g matt für 5mm Mappen-Füllhöhe (zertifiziert mit FSC-Siegel), mittlere Steifigkeit', 'positionFieldFound': True, 'positionFieldValue': '0'}
2025-04-13 18:06:50,992 - INFO - Starting popup modal Save button click function
2025-04-13 18:06:51,001 - INFO - Found modal popup
2025-04-13 18:06:51,007 - WARNING - Could not find Save button in modal: Message: no such element: Unable to locate element: {"method":"css selector","selector":"button#save, button.action-primary, button[title='Save'], button.primary"}
  (Session info: chrome=135.0.7049.85); For documentation on this error, please visit: https://www.selenium.dev/documentation/webdriver/troubleshooting/errors#no-such-element-exception
Stacktrace:
	GetHandleVerifier [0x00AD80E3+60707]
	GetHandleVerifier [0x00AD8124+60772]
	(No symbol) [0x00900683]
	(No symbol) [0x00948660]
	(No symbol) [0x009489FB]
	(No symbol) [0x0093DD81]
	(No symbol) [0x0096D094]
	(No symbol) [0x0093DCA4]
	(No symbol) [0x0096D2C4]
	(No symbol) [0x0098E824]
	(No symbol) [0x0096CE46]
	(No symbol) [0x0093C5D3]
	(No symbol) [0x0093D424]
	GetHandleVerifier [0x00D1BBC3+2435075]
	GetHandleVerifier [0x00D17163+2416035]
	GetHandleVerifier [0x00D3350C+2531660]
	GetHandleVerifier [0x00AEF1B5+155125]
	GetHandleVerifier [0x00AF5B5D+182173]
	GetHandleVerifier [0x00ADF9B8+91640]
	GetHandleVerifier [0x00ADFB60+92064]
	GetHandleVerifier [0x00ACA620+4704]
	BaseThreadInitThunk [0x76AA7BA9+25]
	RtlInitializeExceptionChain [0x77AEC2EB+107]
	RtlClearBits [0x77AEC26F+191]

2025-04-13 18:06:51,025 - WARNING - Title-based approach failed: Message: no such element: Unable to locate element: {"method":"xpath","selector":"//div[contains(text(), 'Page Option Value')]"}
  (Session info: chrome=135.0.7049.85); For documentation on this error, please visit: https://www.selenium.dev/documentation/webdriver/troubleshooting/errors#no-such-element-exception
Stacktrace:
	GetHandleVerifier [0x00AD80E3+60707]
	GetHandleVerifier [0x00AD8124+60772]
	(No symbol) [0x00900683]
	(No symbol) [0x00948660]
	(No symbol) [0x009489FB]
	(No symbol) [0x00991022]
	(No symbol) [0x0096D094]
	(No symbol) [0x0098E824]
	(No symbol) [0x0096CE46]
	(No symbol) [0x0093C5D3]
	(No symbol) [0x0093D424]
	GetHandleVerifier [0x00D1BBC3+2435075]
	GetHandleVerifier [0x00D17163+2416035]
	GetHandleVerifier [0x00D3350C+2531660]
	GetHandleVerifier [0x00AEF1B5+155125]
	GetHandleVerifier [0x00AF5B5D+182173]
	GetHandleVerifier [0x00ADF9B8+91640]
	GetHandleVerifier [0x00ADFB60+92064]
	GetHandleVerifier [0x00ACA620+4704]
	BaseThreadInitThunk [0x76AA7BA9+25]
	RtlInitializeExceptionChain [0x77AEC2EB+107]
	RtlClearBits [0x77AEC26F+191]

2025-04-13 18:06:51,033 - WARNING - JavaScript approach could not find modal Save button
2025-04-13 18:06:51,035 - INFO - Looking for most recently added Save button
2025-04-13 18:06:51,558 - INFO - Clicked most recently added Save button
2025-04-13 18:06:51,559 - INFO - Successfully saved material 3
2025-04-13 18:06:53,559 - INFO - Processing material 4/4: Name=0,36 mm starker Bilderdruckkarton 350g matt für 10mm Mappen-Füllhöhe (zertifiziert mit FSC-Siegel), mittlere Steifigkeit, Code=mappe_a4_2t_3l_44_folie_softfeel_0_36mm_bilderdruckkarton_350g_10mm_matt_fsc, Position=0
2025-04-13 18:06:53,559 - INFO - Refreshing page for material 4
2025-04-13 18:06:53,934 - INFO - Page refreshed successfully
2025-04-13 18:06:53,935 - INFO - Looking for Page Option Values section
2025-04-13 18:06:53,949 - INFO - Scrolling down to find Page Option Values
2025-04-13 18:06:55,004 - INFO - Clicked on Page Option Values section
2025-04-13 18:07:00,271 - INFO - Successfully found and clicked button via JavaScript: Clicked button: 
    add new value

2025-04-13 18:07:04,357 - INFO - JavaScript fill result for material 4: {'codeFieldFound': True, 'codeFieldValue': 'mappe_a4_2t_3l_44_folie_softfeel_0_36mm_bilderdruckkarton_350g_10mm_matt_fsc', 'nameFieldFound': True, 'nameFieldValue': '0,36 mm starker Bilderdruckkarton 350g matt für 10mm Mappen-Füllhöhe (zertifiziert mit FSC-Siegel), mittlere Steifigkeit', 'positionFieldFound': True, 'positionFieldValue': '0'}
2025-04-13 18:07:05,440 - INFO - Starting popup modal Save button click function
2025-04-13 18:07:05,449 - INFO - Found modal popup
2025-04-13 18:07:05,456 - WARNING - Could not find Save button in modal: Message: no such element: Unable to locate element: {"method":"css selector","selector":"button#save, button.action-primary, button[title='Save'], button.primary"}
  (Session info: chrome=135.0.7049.85); For documentation on this error, please visit: https://www.selenium.dev/documentation/webdriver/troubleshooting/errors#no-such-element-exception
Stacktrace:
	GetHandleVerifier [0x00AD80E3+60707]
	GetHandleVerifier [0x00AD8124+60772]
	(No symbol) [0x00900683]
	(No symbol) [0x00948660]
	(No symbol) [0x009489FB]
	(No symbol) [0x0093DD81]
	(No symbol) [0x0096D094]
	(No symbol) [0x0093DCA4]
	(No symbol) [0x0096D2C4]
	(No symbol) [0x0098E824]
	(No symbol) [0x0096CE46]
	(No symbol) [0x0093C5D3]
	(No symbol) [0x0093D424]
	GetHandleVerifier [0x00D1BBC3+2435075]
	GetHandleVerifier [0x00D17163+2416035]
	GetHandleVerifier [0x00D3350C+2531660]
	GetHandleVerifier [0x00AEF1B5+155125]
	GetHandleVerifier [0x00AF5B5D+182173]
	GetHandleVerifier [0x00ADF9B8+91640]
	GetHandleVerifier [0x00ADFB60+92064]
	GetHandleVerifier [0x00ACA620+4704]
	BaseThreadInitThunk [0x76AA7BA9+25]
	RtlInitializeExceptionChain [0x77AEC2EB+107]
	RtlClearBits [0x77AEC26F+191]

2025-04-13 18:07:05,477 - WARNING - Title-based approach failed: Message: no such element: Unable to locate element: {"method":"xpath","selector":"//div[contains(text(), 'Page Option Value')]"}
  (Session info: chrome=135.0.7049.85); For documentation on this error, please visit: https://www.selenium.dev/documentation/webdriver/troubleshooting/errors#no-such-element-exception
Stacktrace:
	GetHandleVerifier [0x00AD80E3+60707]
	GetHandleVerifier [0x00AD8124+60772]
	(No symbol) [0x00900683]
	(No symbol) [0x00948660]
	(No symbol) [0x009489FB]
	(No symbol) [0x00991022]
	(No symbol) [0x0096D094]
	(No symbol) [0x0098E824]
	(No symbol) [0x0096CE46]
	(No symbol) [0x0093C5D3]
	(No symbol) [0x0093D424]
	GetHandleVerifier [0x00D1BBC3+2435075]
	GetHandleVerifier [0x00D17163+2416035]
	GetHandleVerifier [0x00D3350C+2531660]
	GetHandleVerifier [0x00AEF1B5+155125]
	GetHandleVerifier [0x00AF5B5D+182173]
	GetHandleVerifier [0x00ADF9B8+91640]
	GetHandleVerifier [0x00ADFB60+92064]
	GetHandleVerifier [0x00ACA620+4704]
	BaseThreadInitThunk [0x76AA7BA9+25]
	RtlInitializeExceptionChain [0x77AEC2EB+107]
	RtlClearBits [0x77AEC26F+191]

2025-04-13 18:07:05,485 - WARNING - JavaScript approach could not find modal Save button
2025-04-13 18:07:05,486 - INFO - Looking for most recently added Save button
2025-04-13 18:07:06,624 - INFO - Clicked most recently added Save button
2025-04-13 18:07:06,624 - INFO - Successfully saved material 4
2025-04-13 18:07:08,625 - INFO - All materials processed, now clicking main save
2025-04-13 18:07:08,625 - INFO - Refreshing page...
2025-04-13 18:07:09,474 - INFO - Page refreshed successfully
2025-04-13 18:07:10,522 - INFO - Clicked main Save button in top-right corner
2025-04-13 18:07:11,523 - INFO - Successfully saved all page option values
2025-04-13 18:07:11,523 - INFO - Successfully filled and saved the form
2025-04-13 18:07:11,523 - INFO - Starting popup modal Save button click function
2025-04-13 18:07:11,529 - INFO - Found modal popup
2025-04-13 18:07:11,535 - WARNING - Could not find Save button in modal: Message: no such element: Unable to locate element: {"method":"css selector","selector":"button#save, button.action-primary, button[title='Save'], button.primary"}
  (Session info: chrome=135.0.7049.85); For documentation on this error, please visit: https://www.selenium.dev/documentation/webdriver/troubleshooting/errors#no-such-element-exception
Stacktrace:
	GetHandleVerifier [0x00AD80E3+60707]
	GetHandleVerifier [0x00AD8124+60772]
	(No symbol) [0x00900683]
	(No symbol) [0x00948660]
	(No symbol) [0x009489FB]
	(No symbol) [0x0093DD81]
	(No symbol) [0x0096D094]
	(No symbol) [0x0093DCA4]
	(No symbol) [0x0096D2C4]
	(No symbol) [0x0098E824]
	(No symbol) [0x0096CE46]
	(No symbol) [0x0093C5D3]
	(No symbol) [0x0093D424]
	GetHandleVerifier [0x00D1BBC3+2435075]
	GetHandleVerifier [0x00D17163+2416035]
	GetHandleVerifier [0x00D3350C+2531660]
	GetHandleVerifier [0x00AEF1B5+155125]
	GetHandleVerifier [0x00AF5B5D+182173]
	GetHandleVerifier [0x00ADF9B8+91640]
	GetHandleVerifier [0x00ADFB60+92064]
	GetHandleVerifier [0x00ACA620+4704]
	BaseThreadInitThunk [0x76AA7BA9+25]
	RtlInitializeExceptionChain [0x77AEC2EB+107]
	RtlClearBits [0x77AEC26F+191]

2025-04-13 18:07:11,540 - WARNING - Title-based approach failed: Message: no such element: Unable to locate element: {"method":"xpath","selector":"//div[contains(text(), 'Page Option Value')]"}
  (Session info: chrome=135.0.7049.85); For documentation on this error, please visit: https://www.selenium.dev/documentation/webdriver/troubleshooting/errors#no-such-element-exception
Stacktrace:
	GetHandleVerifier [0x00AD80E3+60707]
	GetHandleVerifier [0x00AD8124+60772]
	(No symbol) [0x00900683]
	(No symbol) [0x00948660]
	(No symbol) [0x009489FB]
	(No symbol) [0x00991022]
	(No symbol) [0x0096D094]
	(No symbol) [0x0098E824]
	(No symbol) [0x0096CE46]
	(No symbol) [0x0093C5D3]
	(No symbol) [0x0093D424]
	GetHandleVerifier [0x00D1BBC3+2435075]
	GetHandleVerifier [0x00D17163+2416035]
	GetHandleVerifier [0x00D3350C+2531660]
	GetHandleVerifier [0x00AEF1B5+155125]
	GetHandleVerifier [0x00AF5B5D+182173]
	GetHandleVerifier [0x00ADF9B8+91640]
	GetHandleVerifier [0x00ADFB60+92064]
	GetHandleVerifier [0x00ACA620+4704]
	BaseThreadInitThunk [0x76AA7BA9+25]
	RtlInitializeExceptionChain [0x77AEC2EB+107]
	RtlClearBits [0x77AEC26F+191]

2025-04-13 18:07:11,545 - WARNING - JavaScript approach could not find modal Save button
2025-04-13 18:07:11,546 - INFO - Looking for most recently added Save button
2025-04-13 18:07:11,550 - WARNING - No Save buttons found
2025-04-13 18:07:11,552 - INFO - Successfully clicked modal save button.
2025-04-13 18:07:11,552 - INFO - Refreshing page...
2025-04-13 18:07:11,756 - INFO - Page refreshed successfully
2025-04-13 18:07:12,982 - INFO - Clicked main Save button in top-right corner
2025-04-13 18:07:13,982 - INFO - Successfully clicked modal save button.
2025-04-13 18:07:13,982 - INFO - Starting process to add a new product part from CSV
2025-04-13 18:07:13,982 - INFO - Clicking on CLOUDLAB icon using the Catalog approach...
2025-04-13 18:07:14,019 - INFO - Clicked on CLOUDLAB icon using Catalog approach
2025-04-13 18:07:16,020 - INFO - Clicking on Product Parts submenu using Catalog Products approach...
2025-04-13 18:07:31,226 - WARNING - Catalog approach failed for Product Parts: Message: 
Stacktrace:
	GetHandleVerifier [0x00AD80E3+60707]
	GetHandleVerifier [0x00AD8124+60772]
	(No symbol) [0x00900683]
	(No symbol) [0x00948660]
	(No symbol) [0x009489FB]
	(No symbol) [0x00991022]
	(No symbol) [0x0096D094]
	(No symbol) [0x0098E824]
	(No symbol) [0x0096CE46]
	(No symbol) [0x0093C5D3]
	(No symbol) [0x0093D424]
	GetHandleVerifier [0x00D1BBC3+2435075]
	GetHandleVerifier [0x00D17163+2416035]
	GetHandleVerifier [0x00D3350C+2531660]
	GetHandleVerifier [0x00AEF1B5+155125]
	GetHandleVerifier [0x00AF5B5D+182173]
	GetHandleVerifier [0x00ADF9B8+91640]
	GetHandleVerifier [0x00ADFB60+92064]
	GetHandleVerifier [0x00ACA620+4704]
	BaseThreadInitThunk [0x76AA7BA9+25]
	RtlInitializeExceptionChain [0x77AEC2EB+107]
	RtlClearBits [0x77AEC26F+191]

2025-04-13 18:07:32,942 - INFO - Clicked on Product Parts by text
2025-04-13 18:07:33,957 - INFO - Successfully navigated to Product Parts page
2025-04-13 18:07:33,957 - INFO - Clicking on Add New Part button
2025-04-13 18:07:38,127 - INFO - Clicked on Add New Part button using CSS class
2025-04-13 18:07:38,128 - INFO - Waiting  seconds for the form to load completely...
2025-04-13 18:07:43,131 - INFO - Filling Name field
2025-04-13 18:07:43,307 - INFO - Filled Name field with: Mappe für DIN A4 2-teilig mit 3 Laschen, 4/4 farbig (Außenseite bedruckt), mit Softfeel-Folie kaschiert
2025-04-13 18:07:44,308 - INFO - Filling Code field with enhanced approach
2025-04-13 18:07:44,570 - INFO - Filled Code field with: mappe_fuer_din_a4_2_teilig_mit_3_laschen_4_4_farbig_aussenseite_bedruckt_mit_softfeel_folie_kaschiert and triggered validation
2025-04-13 18:07:44,570 - INFO - Attempting to select Material dropdown
2025-04-13 18:07:44,570 - INFO - Attempting to select materials from CSV
2025-04-13 18:07:44,571 - INFO - Found materials from CSV: ['mappe_a4_2t_3l_44_folie_softfeel_0_36mm_bilderdruckkarton_350g_1mm_matt_fsc', 'mappe_a4_2t_3l_44_folie_softfeel_0_36mm_bilderdruckkarton_350g_3mm_matt_fsc', 'mappe_a4_2t_3l_44_folie_softfeel_0_36mm_bilderdruckkarton_350g_5mm_matt_fsc', 'mappe_a4_2t_3l_44_folie_softfeel_0_36mm_bilderdruckkarton_350g_10mm_matt_fsc']
2025-04-13 18:07:45,593 - INFO - Found Öffnung element, now looking for Material field below it
2025-04-13 18:07:46,643 - INFO - Found Material element, now looking for select element
2025-04-13 18:07:46,678 - INFO - Found Material select element
2025-04-13 18:07:46,708 - INFO - JavaScript selection result: Selected 4 options: ['0,36 mm starker Bilderdruckkarton 350g matt für 1mm Mappen-Füllhöhe (zertifiziert mit FSC-Siegel), mittlere Steifigkeit (mappe_a4_2t_3l_44_folie_softfeel_0_36mm_bilderdruckkarton_350g_1mm_matt_fsc)', '0,36 mm starker Bilderdruckkarton 350g matt für 3mm Mappen-Füllhöhe (zertifiziert mit FSC-Siegel), mittlere Steifigkeit (mappe_a4_2t_3l_44_folie_softfeel_0_36mm_bilderdruckkarton_350g_3mm_matt_fsc)', '0,36 mm starker Bilderdruckkarton 350g matt für 5mm Mappen-Füllhöhe (zertifiziert mit FSC-Siegel), mittlere Steifigkeit (mappe_a4_2t_3l_44_folie_softfeel_0_36mm_bilderdruckkarton_350g_5mm_matt_fsc)', '0,36 mm starker Bilderdruckkarton 350g matt für 10mm Mappen-Füllhöhe (zertifiziert mit FSC-Siegel), mittlere Steifigkeit (mappe_a4_2t_3l_44_folie_softfeel_0_36mm_bilderdruckkarton_350g_10mm_matt_fsc)']
2025-04-13 18:07:46,708 - INFO - Successfully selected last option in Material dropdown
2025-04-13 18:07:51,709 - INFO - Clicking Save button
2025-04-13 18:07:52,942 - INFO - Clicked Save button via CSS selector
2025-04-13 18:07:52,942 - INFO - Waiting 10 seconds after save...
2025-04-13 18:08:02,943 - INFO - Product part save process completed
2025-04-13 18:08:02,943 - INFO - Successfully added a new product part for product 1
2025-04-13 18:08:02,943 - INFO - Clicking on Catalog icon...
2025-04-13 18:08:05,181 - INFO - Clicking on Products submenu...
2025-04-13 18:08:08,476 - INFO - Clicking on Add Product button...
2025-04-13 18:08:13,454 - INFO - Navigated to Add Product page
2025-04-13 18:08:13,835 - INFO - Product name entered: Mappe für DIN A4 2-teilig mit 3 Laschen, 4/4 farbig (Außenseite bedruckt), mit Softfeel-Folie kaschiert
2025-04-13 18:08:13,939 - INFO - SKU entered: 1004378
2025-04-13 18:08:14,046 - INFO - Price entered: 1.00
2025-04-13 18:08:14,204 - INFO - Quantity entered: 99999999
2025-04-13 18:08:14,204 - INFO - Successfully filled basic info for product: Mappe für DIN A4 2-teilig mit 3 Laschen, 4/4 farbig (Außenseite bedruckt), mit Softfeel-Folie kaschiert
2025-04-13 18:08:14,204 - INFO - Setting 'Is Meter Price' to: Yes
2025-04-13 18:08:14,225 - INFO - Toggle result: Changed 'Is Meter Price' to: Yes
2025-04-13 18:08:14,232 - INFO - Final scroll position: 879.2000122070312px
2025-04-13 18:08:14,232 - ERROR - Failed to set 'Is Meter Price': name 'current_scroll_y' is not defined
2025-04-13 18:08:14,232 - INFO - Attempting final fallback method
2025-04-13 18:08:16,313 - INFO - Clicked toggle using fallback method
2025-04-13 18:08:16,313 - INFO - Selecting Producer: wmd.networkhero.eu with simplified approach
2025-04-13 18:08:17,340 - INFO - JavaScript producer selection result: Selected wmd.networkhero.eu using standard dropdown via JS
2025-04-13 18:08:17,340 - INFO - Setting 'Disable pickup' to: Yes
2025-04-13 18:08:17,348 - INFO - Initial scroll position: 1135.199951171875px
2025-04-13 18:08:18,865 - INFO - Current scroll position after positioning: 2268.800048828125px
2025-04-13 18:08:18,881 - INFO - Toggle result: Changed 'Disable pickup' to: Yes
2025-04-13 18:08:18,886 - INFO - Final scroll position: 2268.800048828125px
2025-04-13 18:08:18,898 - INFO - Validation confirmed 'Disable pickup' setting was applied correctly
2025-04-13 18:08:18,898 - INFO - Scrolling down to find Websites section
2025-04-13 18:08:19,942 - INFO - Expanded Websites section
2025-04-13 18:08:21,968 - INFO - Selected website: Selling Website
2025-04-13 18:08:21,991 - INFO - Selected website: Networkhero
2025-04-13 18:08:21,991 - INFO - Completed website selection
2025-04-13 18:08:21,991 - INFO - Updating Product Type to: Upload + Personalization + Configuration using producer-style approach
2025-04-13 18:08:23,036 - INFO - Clicked Web2Print Settings
2025-04-13 18:08:26,088 - INFO - Clicked General tab
2025-04-13 18:08:28,089 - INFO - Selecting Product Type: Upload + Personalization + Configuration with producer-style approach
2025-04-13 18:08:29,125 - INFO - JavaScript Product Type selection result: Selected Upload + Personalization + Configuration using standard select
2025-04-13 18:08:29,125 - INFO - Setting Price Calculation to Fixed in Matrix tab
2025-04-13 18:08:30,179 - INFO - Clicked Matrix tab
2025-04-13 18:08:32,180 - INFO - Looking for Price Calculation field
2025-04-13 18:08:32,191 - INFO - JavaScript Price Calculation selection result: Selected Fixed using standard select
2025-04-13 18:08:32,191 - INFO - Selecting weekdays in Production Days multiselect
2025-04-13 18:08:33,234 - INFO - Clicked Others tab
2025-04-13 18:08:36,241 - INFO - Approaching Production Days with direct ID
2025-04-13 18:08:46,374 - WARNING - Direct ID approach failed: Message: 
Stacktrace:
	GetHandleVerifier [0x00AD80E3+60707]
	GetHandleVerifier [0x00AD8124+60772]
	(No symbol) [0x00900683]
	(No symbol) [0x00948660]
	(No symbol) [0x009489FB]
	(No symbol) [0x00991022]
	(No symbol) [0x0096D094]
	(No symbol) [0x0098E824]
	(No symbol) [0x0096CE46]
	(No symbol) [0x0093C5D3]
	(No symbol) [0x0093D424]
	GetHandleVerifier [0x00D1BBC3+2435075]
	GetHandleVerifier [0x00D17163+2416035]
	GetHandleVerifier [0x00D3350C+2531660]
	GetHandleVerifier [0x00AEF1B5+155125]
	GetHandleVerifier [0x00AF5B5D+182173]
	GetHandleVerifier [0x00ADF9B8+91640]
	GetHandleVerifier [0x00ADFB60+92064]
	GetHandleVerifier [0x00ACA620+4704]
	BaseThreadInitThunk [0x76AA7BA9+25]
	RtlInitializeExceptionChain [0x77AEC2EB+107]
	RtlClearBits [0x77AEC26F+191]

2025-04-13 18:08:46,375 - INFO - Approaching Production Days via label
2025-04-13 18:08:47,424 - WARNING - Label approach failed: Message: no such element: Unable to locate element: {"method":"css selector","selector":"select.admin__control-multiselect, select[multiple]"}
  (Session info: chrome=135.0.7049.85); For documentation on this error, please visit: https://www.selenium.dev/documentation/webdriver/troubleshooting/errors#no-such-element-exception
Stacktrace:
	GetHandleVerifier [0x00AD80E3+60707]
	GetHandleVerifier [0x00AD8124+60772]
	(No symbol) [0x00900683]
	(No symbol) [0x00948660]
	(No symbol) [0x009489FB]
	(No symbol) [0x0093DD81]
	(No symbol) [0x0096D094]
	(No symbol) [0x0093DCA4]
	(No symbol) [0x0096D2C4]
	(No symbol) [0x0098E824]
	(No symbol) [0x0096CE46]
	(No symbol) [0x0093C5D3]
	(No symbol) [0x0093D424]
	GetHandleVerifier [0x00D1BBC3+2435075]
	GetHandleVerifier [0x00D17163+2416035]
	GetHandleVerifier [0x00D3350C+2531660]
	GetHandleVerifier [0x00AEF1B5+155125]
	GetHandleVerifier [0x00AF5B5D+182173]
	GetHandleVerifier [0x00ADF9B8+91640]
	GetHandleVerifier [0x00ADFB60+92064]
	GetHandleVerifier [0x00ACA620+4704]
	BaseThreadInitThunk [0x76AA7BA9+25]
	RtlInitializeExceptionChain [0x77AEC2EB+107]
	RtlClearBits [0x77AEC26F+191]

2025-04-13 18:08:47,425 - INFO - Trying all multiselects approach
2025-04-13 18:08:47,433 - INFO - Found 1 multiselects
2025-04-13 18:08:48,448 - INFO - JavaScript multiselect 1 result: {'selected': ['Monday', 'Tuesday', 'Wednesday', 'Thursday', 'Friday'], 'success': True}
2025-04-13 18:08:48,448 - INFO - Successfully selected weekdays in multiselect 1
2025-04-13 18:08:48,448 - INFO - Configuring Delivery section with final optimized approach
2025-04-13 18:08:49,981 - INFO - Expansion result: Clicked to expand delivery section
2025-04-13 18:08:51,982 - INFO - Setting VPE value to 9999
2025-04-13 18:08:51,982 - INFO - Setting VPE value to 9999 using optimized method
2025-04-13 18:08:51,991 - INFO - DOM manipulation result: Set VPE value to 9999 via DOM manipulation
2025-04-13 18:08:51,991 - INFO - Selecting VPE Type: Stock
2025-04-13 18:08:51,991 - INFO - Selecting VPE Type: Stock using producer-style approach
2025-04-13 18:08:56,029 - INFO - VPE Type field structure: {'found': True, 'labelRect': {'bottom': 332.63751220703125, 'height': 0, 'left': 392.9875183105469, 'right': 453.7000198364258, 'toJSON': {}, 'top': 332.63751220703125, 'width': 60.712501525878906, 'x': 392.9875183105469, 'y': 332.63751220703125}, 'structure': {'dropdownLikeCount': 0, 'fieldClasses': 'admin__field', 'firstSelectClasses': 'admin__control-select', 'firstSelectId': 'Q7QIRPO', 'firstSelectOptions': ['LFM - Running Meter', 'm²', 'Stock'], 'hasField': True, 'hasMultiselect': False, 'selectCount': 1}}
2025-04-13 18:08:56,029 - INFO - Found traditional select for VPE Type
2025-04-13 18:08:56,035 - INFO - Select result: Selected Stock from VPE Type select
2025-04-13 18:08:56,035 - INFO - Selecting 'Fix Products' option
2025-04-13 18:08:56,042 - INFO - Fix Products selection result: Selected Fix Products option
2025-04-13 18:08:56,042 - INFO - Successfully configured Delivery section
2025-04-13 18:08:56,043 - INFO - Configuring Print Product Setup with CTRL+click for multiple selection
2025-04-13 18:08:57,091 - INFO - Clicked Print Product Setup
2025-04-13 18:08:59,092 - INFO - Attempting to select the last option in Product Parts list
2025-04-13 18:08:59,109 - INFO - Found Product Parts select element using XPath: //span[text()='Product Parts']/ancestor::div[contains(@class, 'field')]//select
2025-04-13 18:09:04,443 - INFO - Selecting last option (index 1143) of 1144 total options
2025-04-13 18:09:07,872 - INFO - Selected last option by index: 1143
2025-04-13 18:09:12,401 - INFO - Successfully selected: Mappe für DIN A4 2-teilig mit 3 Laschen, 4/4 farbig (Außenseite bedruckt), mit Softfeel-Folie kaschiert ( mappe_fuer_din_a4_2_teilig_mit_3_laschen_4_4_farbig_aussenseite_bedruckt_mit_softfeel_folie_kaschiert )
2025-04-13 18:09:12,408 - INFO - Textarea values set result: {'dateityp': False, 'datencheck': True}
2025-04-13 18:09:12,408 - INFO - Trying multiselect approach with CTRL+click
2025-04-13 18:09:13,476 - INFO - Clicked Standard option
2025-04-13 18:09:14,750 - INFO - CTRL+Clicked Profidatencheck option
2025-04-13 18:09:16,811 - INFO - Clicked PDF-file option
2025-04-13 18:09:18,091 - INFO - CTRL+Clicked Image option
2025-04-13 18:09:19,092 - INFO - Configuring additional settings with improved approach
2025-04-13 18:09:19,092 - INFO - Configuring Lieferung field
2025-04-13 18:09:20,131 - INFO - Lieferung selection result: {'selected': ['Standard ( production_standard )', 'Express ( production_express )', 'Standard Plus ( production_standard_plus )'], 'success': True}
2025-04-13 18:09:20,131 - INFO - Configuring Anzahl field
2025-04-13 18:09:21,702 - INFO - Selected quantity_1
2025-04-13 18:09:22,290 - INFO - Selected quantity_1 using Select class
2025-04-13 18:09:22,290 - INFO - Configuring Proof Group field
2025-04-13 18:09:23,838 - INFO - Selected proof_group_digital
2025-04-13 18:09:24,417 - INFO - Selected proof_group_digital using Select class
2025-04-13 18:09:24,417 - INFO - Configuring Product Personalization Template field
2025-04-13 18:09:25,450 - INFO - Template setting result: {'action': 'selected option', 'element': 'select', 'success': True}
2025-04-13 18:09:25,450 - INFO - Clicking the Save button in the top right corner
2025-04-13 18:09:35,612 - WARNING - Standard approach failed: Message: 
Stacktrace:
	GetHandleVerifier [0x00AD80E3+60707]
	GetHandleVerifier [0x00AD8124+60772]
	(No symbol) [0x00900683]
	(No symbol) [0x00948660]
	(No symbol) [0x009489FB]
	(No symbol) [0x00991022]
	(No symbol) [0x0096D094]
	(No symbol) [0x0098E824]
	(No symbol) [0x0096CE46]
	(No symbol) [0x0093C5D3]
	(No symbol) [0x0093D424]
	GetHandleVerifier [0x00D1BBC3+2435075]
	GetHandleVerifier [0x00D17163+2416035]
	GetHandleVerifier [0x00D3350C+2531660]
	GetHandleVerifier [0x00AEF1B5+155125]
	GetHandleVerifier [0x00AF5B5D+182173]
	GetHandleVerifier [0x00ADF9B8+91640]
	GetHandleVerifier [0x00ADFB60+92064]
	GetHandleVerifier [0x00ACA620+4704]
	BaseThreadInitThunk [0x76AA7BA9+25]
	RtlInitializeExceptionChain [0x77AEC2EB+107]
	RtlClearBits [0x77AEC26F+191]

2025-04-13 18:09:35,825 - INFO - JavaScript result: Clicked Save button by text
2025-04-13 18:09:35,825 - INFO - Successfully clicked Save button using JavaScript
2025-04-13 18:09:45,826 - INFO - Successfully saved product 1: Mappe für DIN A4 2-teilig mit 3 Laschen, 4/4 farbig (Außenseite bedruckt), mit Softfeel-Folie kaschiert
2025-04-13 18:09:45,827 - INFO - ====== WebDriver manager ======
2025-04-13 18:09:46,769 - INFO - Get LATEST chromedriver version for google-chrome
2025-04-13 18:09:46,863 - INFO - Get LATEST chromedriver version for google-chrome
2025-04-13 18:09:46,998 - INFO - Driver [C:\Users\g.yilmaz\.wdm\drivers\chromedriver\win64\135.0.7049.84\chromedriver-win32/chromedriver.exe] found in cache
2025-04-13 18:09:48,059 - INFO - Chrome WebDriver initialized successfully
2025-04-13 18:09:48,059 - INFO - Navigating to PrintNet login page: https://printnet.networkhero.eu/dashboard/admin/
2025-04-13 18:09:50,132 - INFO - Username entered
2025-04-13 18:09:50,140 - ERROR - Failed to find password field by ID: Message: no such element: Unable to locate element: {"method":"css selector","selector":"[id="password"]"}
  (Session info: chrome=135.0.7049.85); For documentation on this error, please visit: https://www.selenium.dev/documentation/webdriver/troubleshooting/errors#no-such-element-exception
Stacktrace:
	GetHandleVerifier [0x00AD80E3+60707]
	GetHandleVerifier [0x00AD8124+60772]
	(No symbol) [0x00900683]
	(No symbol) [0x00948660]
	(No symbol) [0x009489FB]
	(No symbol) [0x00991022]
	(No symbol) [0x0096D094]
	(No symbol) [0x0098E824]
	(No symbol) [0x0096CE46]
	(No symbol) [0x0093C5D3]
	(No symbol) [0x0093D424]
	GetHandleVerifier [0x00D1BBC3+2435075]
	GetHandleVerifier [0x00D17163+2416035]
	GetHandleVerifier [0x00D3350C+2531660]
	GetHandleVerifier [0x00AEF1B5+155125]
	GetHandleVerifier [0x00AF5B5D+182173]
	GetHandleVerifier [0x00ADF9B8+91640]
	GetHandleVerifier [0x00ADFB60+92064]
	GetHandleVerifier [0x00ACA620+4704]
	BaseThreadInitThunk [0x76AA7BA9+25]
	RtlInitializeExceptionChain [0x77AEC2EB+107]
	RtlClearBits [0x77AEC26F+191]

2025-04-13 18:09:50,222 - INFO - Password entered using alternative selector
2025-04-13 18:09:53,233 - INFO - Login button clicked
2025-04-13 18:10:07,953 - INFO - Successfully logged in to PrintNet
2025-04-13 18:10:07,953 - INFO - Successfully logged in to PrintNet
2025-04-13 18:10:07,953 - INFO - Processing first product: Mappe für DIN A4 2-teilig mit 3 Laschen, 4/4 farbig (Außenseite bedruckt), mit Softfeel-Folie kaschiert (SKU: 1004378)
2025-04-13 18:10:07,954 - INFO - Clicking on Catalog icon in PrintNet...
2025-04-13 18:10:07,983 - INFO - Clicking on Products submenu in PrintNet...
2025-04-13 18:10:10,046 - INFO - Clicking on Add Product button in PrintNet...
2025-04-13 18:10:11,858 - INFO - Navigated to Add Product page in PrintNet
2025-04-13 18:10:13,777 - INFO - SKU giriliyor: 1004378
2025-04-13 18:10:13,920 - INFO - SKU girildi: 1004378
2025-04-13 18:10:13,920 - INFO - Fiyat giriliyor: 1.00
2025-04-13 18:10:14,030 - INFO - Fiyat girildi: 1.00
2025-04-13 18:10:14,030 - INFO - Miktar giriliyor: 99999999
2025-04-13 18:10:14,171 - INFO - Miktar girildi: 99999999
2025-04-13 18:10:14,174 - INFO - Starting Visibility selection process
2025-04-13 18:10:14,323 - INFO - Successfully selected 'Catalog'
2025-04-13 18:10:15,324 - INFO - Setting 'Is Meter Price' to: Yes
2025-04-13 18:10:15,331 - INFO - Initial scroll position: 499.20001220703125px
2025-04-13 18:10:15,374 - INFO - Current scroll position after positioning: 493.6000061035156px
2025-04-13 18:10:15,389 - INFO - Toggle result: Changed 'Is Meter Price' to: Yes
2025-04-13 18:10:15,394 - INFO - Final scroll position: 493.6000061035156px
2025-04-13 18:10:15,408 - INFO - Validation confirmed 'Is Meter Price' setting was applied correctly
2025-04-13 18:10:15,616 - INFO - bannerheld.at seçildi
2025-04-13 18:10:23,734 - INFO - Updating Product Type to: Upload + Personalization + Configuration using producer-style approach
2025-04-13 18:10:24,766 - INFO - Clicked General tab
2025-04-13 18:10:26,767 - INFO - Selecting Product Type: Upload + Personalization + Configuration with producer-style approach
2025-04-13 18:10:27,804 - INFO - JavaScript Product Type selection result: Selected Upload + Personalization + Configuration using standard select
2025-04-13 18:10:30,879 - INFO - Looking for Price Calculation field
2025-04-13 18:10:30,892 - INFO - JavaScript Price Calculation selection result: Selected Fixed using standard select
2025-04-13 18:10:34,950 - WARNING - Failed to configure Web2Print settings
2025-04-13 18:10:41,106 - INFO - Selecting weekdays in Production Days multiselect
2025-04-13 18:10:42,203 - INFO - Clicked Others tab
2025-04-13 18:10:44,205 - INFO - Trying to select Print Files Options
2025-04-13 18:10:45,226 - INFO - Found Print Files Options area
2025-04-13 18:10:45,240 - INFO - JavaScript selection result: {'selected': ['Upload from Account', 'Send to Graphic Department', 'Send by Email', 'Online Designer'], 'success': True}
2025-04-13 18:10:46,244 - INFO - Trying all multiselects approach
2025-04-13 18:10:46,254 - INFO - Found 3 multiselects
2025-04-13 18:10:47,278 - INFO - JavaScript multiselect 1 result: {'selected': [], 'success': False}
2025-04-13 18:10:48,299 - INFO - JavaScript multiselect 2 result: {'selected': [], 'success': False}
2025-04-13 18:10:49,317 - INFO - JavaScript multiselect 3 result: {'selected': ['Monday', 'Tuesday', 'Wednesday', 'Thursday', 'Friday'], 'success': True}
2025-04-13 18:10:49,317 - INFO - Successfully selected weekdays in multiselect 3
2025-04-13 18:10:49,317 - INFO - Configuring Minimum DPI and Quantity Selectors
2025-04-13 18:10:50,351 - INFO - Set Minimum DPI to 300
2025-04-13 18:10:51,385 - INFO - Use Custom Quantity Selector result: {'action': 'enabled', 'success': True}
2025-04-13 18:10:52,425 - INFO - Use Fixed Price Quantity Selector result: {'action': 'enabled', 'success': True}
2025-04-13 18:10:52,425 - INFO - Configuring Print Product Setup with CTRL+click for multiple selection
2025-04-13 18:10:53,497 - INFO - Clicked Print Product Setup
2025-04-13 18:10:55,498 - INFO - Attempting to select the last option in Product Parts list
2025-04-13 18:10:56,520 - INFO - Found Product Parts select element
2025-04-13 18:11:04,192 - INFO - Selected last option (index 1143) from Product Parts list
2025-04-13 18:11:04,199 - INFO - Textarea values set result: {'dateityp': False, 'datencheck': False}
2025-04-13 18:11:04,199 - INFO - Trying multiselect approach with CTRL+click
2025-04-13 18:11:05,280 - INFO - Clicked Standard option
2025-04-13 18:11:06,567 - INFO - CTRL+Clicked Profidatencheck option
2025-04-13 18:11:08,648 - INFO - Clicked PDF-file option
2025-04-13 18:11:09,936 - INFO - CTRL+Clicked Image option
2025-04-13 18:11:10,937 - INFO - Configuring additional settings with improved approach
2025-04-13 18:11:10,938 - INFO - Configuring Lieferung field
2025-04-13 18:11:11,981 - INFO - Lieferung selection result: {'selected': ['Standard ( production_standard )', 'Express ( production_express )', 'Standard Plus ( production_standard_plus )'], 'success': True}
2025-04-13 18:11:11,981 - INFO - Configuring Anzahl field
2025-04-13 18:11:13,543 - INFO - Selected quantity_1
2025-04-13 18:11:14,146 - INFO - Selected quantity_1 using Select class
2025-04-13 18:11:14,146 - INFO - Configuring Proof Group field
2025-04-13 18:11:15,701 - INFO - Selected proof_group_digital
2025-04-13 18:11:16,285 - INFO - Selected proof_group_digital using Select class
2025-04-13 18:11:16,285 - INFO - Configuring Product Personalization Template field
2025-04-13 18:11:17,318 - INFO - Template setting result: {'action': 'selected option', 'element': 'select', 'success': True}
2025-04-13 18:11:17,318 - INFO - Successfully configured all settings in PrintNet for product: Mappe für DIN A4 2-teilig mit 3 Laschen, 4/4 farbig (Außenseite bedruckt), mit Softfeel-Folie kaschiert
2025-04-13 18:11:17,318 - INFO - Successfully configured product: Mappe für DIN A4 2-teilig mit 3 Laschen, 4/4 farbig (Außenseite bedruckt), mit Softfeel-Folie kaschiert
2025-04-13 18:11:17,318 - INFO - Clicking the Save button in the top right corner
2025-04-13 18:11:27,488 - WARNING - Standard approach failed: Message: 
Stacktrace:
	GetHandleVerifier [0x00AD80E3+60707]
	GetHandleVerifier [0x00AD8124+60772]
	(No symbol) [0x00900683]
	(No symbol) [0x00948660]
	(No symbol) [0x009489FB]
	(No symbol) [0x00991022]
	(No symbol) [0x0096D094]
	(No symbol) [0x0098E824]
	(No symbol) [0x0096CE46]
	(No symbol) [0x0093C5D3]
	(No symbol) [0x0093D424]
	GetHandleVerifier [0x00D1BBC3+2435075]
	GetHandleVerifier [0x00D17163+2416035]
	GetHandleVerifier [0x00D3350C+2531660]
	GetHandleVerifier [0x00AEF1B5+155125]
	GetHandleVerifier [0x00AF5B5D+182173]
	GetHandleVerifier [0x00ADF9B8+91640]
	GetHandleVerifier [0x00ADFB60+92064]
	GetHandleVerifier [0x00ACA620+4704]
	BaseThreadInitThunk [0x76AA7BA9+25]
	RtlInitializeExceptionChain [0x77AEC2EB+107]
	RtlClearBits [0x77AEC26F+191]

2025-04-13 18:11:27,695 - INFO - JavaScript result: Clicked Save button by text
2025-04-13 18:11:27,697 - INFO - Successfully clicked Save button using JavaScript
2025-04-13 18:11:37,697 - INFO - Successfully saved product: Mappe für DIN A4 2-teilig mit 3 Laschen, 4/4 farbig (Außenseite bedruckt), mit Softfeel-Folie kaschiert
2025-04-13 18:11:39,922 - INFO - Browser closed
2025-04-13 18:11:39,922 - INFO - ====== WebDriver manager ======
2025-04-13 18:11:40,871 - INFO - Get LATEST chromedriver version for google-chrome
2025-04-13 18:11:40,961 - INFO - Get LATEST chromedriver version for google-chrome
2025-04-13 18:11:41,059 - INFO - Driver [C:\Users\g.yilmaz\.wdm\drivers\chromedriver\win64\135.0.7049.84\chromedriver-win32/chromedriver.exe] found in cache
2025-04-13 18:11:42,119 - INFO - Navigating to https://skynet.networkhero.eu/y5id_dashboard/admin/
2025-04-13 18:11:44,054 - INFO - Username entered
2025-04-13 18:11:44,140 - INFO - Password entered
2025-04-13 18:11:44,949 - INFO - Login button clicked
2025-04-13 18:11:44,949 - INFO - Waiting for you to enter Google Authenticator code...
2025-04-13 18:11:51,968 - INFO - Login successful
2025-04-13 18:11:51,968 - INFO - Clicking on CLOUDLAB icon using the Catalog approach...
2025-04-13 18:11:51,992 - INFO - Clicked on CLOUDLAB icon using Catalog approach
2025-04-13 18:11:59,823 - INFO - Attempting to click the Save button in the top right corner
2025-04-13 18:12:09,966 - WARNING - First approach failed: Message: 
Stacktrace:
	GetHandleVerifier [0x00AD80E3+60707]
	GetHandleVerifier [0x00AD8124+60772]
	(No symbol) [0x00900683]
	(No symbol) [0x00948660]
	(No symbol) [0x009489FB]
	(No symbol) [0x00991022]
	(No symbol) [0x0096D094]
	(No symbol) [0x0098E824]
	(No symbol) [0x0096CE46]
	(No symbol) [0x0093C5D3]
	(No symbol) [0x0093D424]
	GetHandleVerifier [0x00D1BBC3+2435075]
	GetHandleVerifier [0x00D17163+2416035]
	GetHandleVerifier [0x00D3350C+2531660]
	GetHandleVerifier [0x00AEF1B5+155125]
	GetHandleVerifier [0x00AF5B5D+182173]
	GetHandleVerifier [0x00ADF9B8+91640]
	GetHandleVerifier [0x00ADFB60+92064]
	GetHandleVerifier [0x00ACA620+4704]
	BaseThreadInitThunk [0x76AA7BA9+25]
	RtlInitializeExceptionChain [0x77AEC2EB+107]
	RtlClearBits [0x77AEC26F+191]

2025-04-13 18:12:09,981 - INFO - JavaScript Save button result: Clicked the best Save button: 
                                Save
                            
2025-04-13 18:12:28,866 - INFO - Attempting to click the Save button in the top right corner
2025-04-13 18:12:39,008 - WARNING - First approach failed: Message: 
Stacktrace:
	GetHandleVerifier [0x00AD80E3+60707]
	GetHandleVerifier [0x00AD8124+60772]
	(No symbol) [0x00900683]
	(No symbol) [0x00948660]
	(No symbol) [0x009489FB]
	(No symbol) [0x00991022]
	(No symbol) [0x0096D094]
	(No symbol) [0x0098E824]
	(No symbol) [0x0096CE46]
	(No symbol) [0x0093C5D3]
	(No symbol) [0x0093D424]
	GetHandleVerifier [0x00D1BBC3+2435075]
	GetHandleVerifier [0x00D17163+2416035]
	GetHandleVerifier [0x00D3350C+2531660]
	GetHandleVerifier [0x00AEF1B5+155125]
	GetHandleVerifier [0x00AF5B5D+182173]
	GetHandleVerifier [0x00ADF9B8+91640]
	GetHandleVerifier [0x00ADFB60+92064]
	GetHandleVerifier [0x00ACA620+4704]
	BaseThreadInitThunk [0x76AA7BA9+25]
	RtlInitializeExceptionChain [0x77AEC2EB+107]
	RtlClearBits [0x77AEC26F+191]

2025-04-13 18:12:39,022 - INFO - JavaScript Save button result: Clicked the best Save button: 
                                Save
                            
2025-04-13 18:12:57,988 - INFO - Attempting to click the Save button in the top right corner
2025-04-13 18:13:08,133 - WARNING - First approach failed: Message: 
Stacktrace:
	GetHandleVerifier [0x00AD80E3+60707]
	GetHandleVerifier [0x00AD8124+60772]
	(No symbol) [0x00900683]
	(No symbol) [0x00948660]
	(No symbol) [0x009489FB]
	(No symbol) [0x00991022]
	(No symbol) [0x0096D094]
	(No symbol) [0x0098E824]
	(No symbol) [0x0096CE46]
	(No symbol) [0x0093C5D3]
	(No symbol) [0x0093D424]
	GetHandleVerifier [0x00D1BBC3+2435075]
	GetHandleVerifier [0x00D17163+2416035]
	GetHandleVerifier [0x00D3350C+2531660]
	GetHandleVerifier [0x00AEF1B5+155125]
	GetHandleVerifier [0x00AF5B5D+182173]
	GetHandleVerifier [0x00ADF9B8+91640]
	GetHandleVerifier [0x00ADFB60+92064]
	GetHandleVerifier [0x00ACA620+4704]
	BaseThreadInitThunk [0x76AA7BA9+25]
	RtlInitializeExceptionChain [0x77AEC2EB+107]
	RtlClearBits [0x77AEC26F+191]

2025-04-13 18:13:08,148 - INFO - JavaScript Save button result: Clicked the best Save button: 
                                Save
                            
2025-04-13 18:13:27,045 - INFO - Attempting to click the Save button in the top right corner
2025-04-13 18:13:37,193 - WARNING - First approach failed: Message: 
Stacktrace:
	GetHandleVerifier [0x00AD80E3+60707]
	GetHandleVerifier [0x00AD8124+60772]
	(No symbol) [0x00900683]
	(No symbol) [0x00948660]
	(No symbol) [0x009489FB]
	(No symbol) [0x00991022]
	(No symbol) [0x0096D094]
	(No symbol) [0x0098E824]
	(No symbol) [0x0096CE46]
	(No symbol) [0x0093C5D3]
	(No symbol) [0x0093D424]
	GetHandleVerifier [0x00D1BBC3+2435075]
	GetHandleVerifier [0x00D17163+2416035]
	GetHandleVerifier [0x00D3350C+2531660]
	GetHandleVerifier [0x00AEF1B5+155125]
	GetHandleVerifier [0x00AF5B5D+182173]
	GetHandleVerifier [0x00ADF9B8+91640]
	GetHandleVerifier [0x00ADFB60+92064]
	GetHandleVerifier [0x00ACA620+4704]
	BaseThreadInitThunk [0x76AA7BA9+25]
	RtlInitializeExceptionChain [0x77AEC2EB+107]
	RtlClearBits [0x77AEC26F+191]

2025-04-13 18:13:37,207 - INFO - JavaScript Save button result: Clicked the best Save button: 
                                Save
                            
2025-04-13 18:13:47,378 - INFO - ====== WebDriver manager ======
2025-04-13 18:13:48,336 - INFO - Get LATEST chromedriver version for google-chrome
2025-04-13 18:13:48,433 - INFO - Get LATEST chromedriver version for google-chrome
2025-04-13 18:13:48,524 - INFO - Driver [C:\Users\g.yilmaz\.wdm\drivers\chromedriver\win64\135.0.7049.84\chromedriver-win32/chromedriver.exe] found in cache
2025-04-13 18:13:49,573 - INFO - Navigating to https://printnet.networkhero.eu/dashboard/admin
2025-04-13 18:13:50,969 - INFO - Username entered
2025-04-13 18:13:51,046 - INFO - Password entered
2025-04-13 18:13:54,079 - INFO - Login button clicked
2025-04-13 18:13:54,079 - INFO - Waiting for you to enter Google Authenticator code...
2025-04-13 18:14:05,251 - INFO - Login successful
2025-04-13 18:14:05,251 - INFO - Clicking on CLOUDLAB icon using the Catalog approach...
2025-04-13 18:14:05,286 - INFO - Clicked on CLOUDLAB icon using Catalog approach
2025-04-13 18:14:12,204 - INFO - Attempting to click the Save button in the top right corner
2025-04-13 18:14:22,353 - WARNING - First approach failed: Message: 
Stacktrace:
	GetHandleVerifier [0x00AD80E3+60707]
	GetHandleVerifier [0x00AD8124+60772]
	(No symbol) [0x00900683]
	(No symbol) [0x00948660]
	(No symbol) [0x009489FB]
	(No symbol) [0x00991022]
	(No symbol) [0x0096D094]
	(No symbol) [0x0098E824]
	(No symbol) [0x0096CE46]
	(No symbol) [0x0093C5D3]
	(No symbol) [0x0093D424]
	GetHandleVerifier [0x00D1BBC3+2435075]
	GetHandleVerifier [0x00D17163+2416035]
	GetHandleVerifier [0x00D3350C+2531660]
	GetHandleVerifier [0x00AEF1B5+155125]
	GetHandleVerifier [0x00AF5B5D+182173]
	GetHandleVerifier [0x00ADF9B8+91640]
	GetHandleVerifier [0x00ADFB60+92064]
	GetHandleVerifier [0x00ACA620+4704]
	BaseThreadInitThunk [0x76AA7BA9+25]
	RtlInitializeExceptionChain [0x77AEC2EB+107]
	RtlClearBits [0x77AEC26F+191]

2025-04-13 18:14:22,375 - INFO - JavaScript Save button result: Clicked the best Save button: 
                                Save
                            
2025-04-13 18:14:34,706 - INFO - Attempting to click the Save button in the top right corner
2025-04-13 18:14:44,850 - WARNING - First approach failed: Message: 
Stacktrace:
	GetHandleVerifier [0x00AD80E3+60707]
	GetHandleVerifier [0x00AD8124+60772]
	(No symbol) [0x00900683]
	(No symbol) [0x00948660]
	(No symbol) [0x009489FB]
	(No symbol) [0x00991022]
	(No symbol) [0x0096D094]
	(No symbol) [0x0098E824]
	(No symbol) [0x0096CE46]
	(No symbol) [0x0093C5D3]
	(No symbol) [0x0093D424]
	GetHandleVerifier [0x00D1BBC3+2435075]
	GetHandleVerifier [0x00D17163+2416035]
	GetHandleVerifier [0x00D3350C+2531660]
	GetHandleVerifier [0x00AEF1B5+155125]
	GetHandleVerifier [0x00AF5B5D+182173]
	GetHandleVerifier [0x00ADF9B8+91640]
	GetHandleVerifier [0x00ADFB60+92064]
	GetHandleVerifier [0x00ACA620+4704]
	BaseThreadInitThunk [0x76AA7BA9+25]
	RtlInitializeExceptionChain [0x77AEC2EB+107]
	RtlClearBits [0x77AEC26F+191]

2025-04-13 18:14:44,873 - INFO - JavaScript Save button result: Clicked the best Save button: 
                                Save
                            
2025-04-13 18:14:53,066 - INFO - Attempting to click the Save button in the top right corner
2025-04-13 18:15:03,209 - WARNING - First approach failed: Message: 
Stacktrace:
	GetHandleVerifier [0x00AD80E3+60707]
	GetHandleVerifier [0x00AD8124+60772]
	(No symbol) [0x00900683]
	(No symbol) [0x00948660]
	(No symbol) [0x009489FB]
	(No symbol) [0x00991022]
	(No symbol) [0x0096D094]
	(No symbol) [0x0098E824]
	(No symbol) [0x0096CE46]
	(No symbol) [0x0093C5D3]
	(No symbol) [0x0093D424]
	GetHandleVerifier [0x00D1BBC3+2435075]
	GetHandleVerifier [0x00D17163+2416035]
	GetHandleVerifier [0x00D3350C+2531660]
	GetHandleVerifier [0x00AEF1B5+155125]
	GetHandleVerifier [0x00AF5B5D+182173]
	GetHandleVerifier [0x00ADF9B8+91640]
	GetHandleVerifier [0x00ADFB60+92064]
	GetHandleVerifier [0x00ACA620+4704]
	BaseThreadInitThunk [0x76AA7BA9+25]
	RtlInitializeExceptionChain [0x77AEC2EB+107]
	RtlClearBits [0x77AEC26F+191]

2025-04-13 18:15:03,231 - INFO - JavaScript Save button result: Clicked the best Save button: 
                                Save
                            
2025-04-13 18:15:11,366 - INFO - Attempting to click the Save button in the top right corner
2025-04-13 18:15:21,514 - WARNING - First approach failed: Message: 
Stacktrace:
	GetHandleVerifier [0x00AD80E3+60707]
	GetHandleVerifier [0x00AD8124+60772]
	(No symbol) [0x00900683]
	(No symbol) [0x00948660]
	(No symbol) [0x009489FB]
	(No symbol) [0x00991022]
	(No symbol) [0x0096D094]
	(No symbol) [0x0098E824]
	(No symbol) [0x0096CE46]
	(No symbol) [0x0093C5D3]
	(No symbol) [0x0093D424]
	GetHandleVerifier [0x00D1BBC3+2435075]
	GetHandleVerifier [0x00D17163+2416035]
	GetHandleVerifier [0x00D3350C+2531660]
	GetHandleVerifier [0x00AEF1B5+155125]
	GetHandleVerifier [0x00AF5B5D+182173]
	GetHandleVerifier [0x00ADF9B8+91640]
	GetHandleVerifier [0x00ADFB60+92064]
	GetHandleVerifier [0x00ACA620+4704]
	BaseThreadInitThunk [0x76AA7BA9+25]
	RtlInitializeExceptionChain [0x77AEC2EB+107]
	RtlClearBits [0x77AEC26F+191]

2025-04-13 18:15:21,536 - INFO - JavaScript Save button result: Clicked the best Save button: 
                                Save
                            
2025-04-13 18:15:33,290 - INFO - Browser closed
