2025-04-11 09:28:57,834 - INFO - Logging initialized. Log file: C:\Users\g.yilmaz\Desktop\Magento_otomation\Done\logs\printnet_automation_20250411_092857.log
2025-04-11 09:28:57,835 - INFO - ====== WebDriver manager ======
2025-04-11 09:28:58,778 - INFO - Get LATEST chromedriver version for google-chrome
2025-04-11 09:28:58,837 - INFO - Get LATEST chromedriver version for google-chrome
2025-04-11 09:28:58,908 - INFO - Driver [C:\Users\g.yilmaz\.wdm\drivers\chromedriver\win64\135.0.7049.84\chromedriver-win32/chromedriver.exe] found in cache
2025-04-11 09:28:59,942 - INFO - Chrome WebDriver initialized successfully
2025-04-11 09:28:59,942 - INFO - Navigating to PrintNet login page: https://printnet.networkhero.eu/dashboard/admin/
2025-04-11 09:29:00,642 - INFO - Username entered
2025-04-11 09:29:00,651 - ERROR - Failed to find password field by ID: Message: no such element: Unable to locate element: {"method":"css selector","selector":"[id="password"]"}
  (Session info: chrome=135.0.7049.85); For documentation on this error, please visit: https://www.selenium.dev/documentation/webdriver/troubleshooting/errors#no-such-element-exception
Stacktrace:
	GetHandleVerifier [0x012480E3+60707]
	GetHandleVerifier [0x01248124+60772]
	(No symbol) [0x01070683]
	(No symbol) [0x010B8660]
	(No symbol) [0x010B89FB]
	(No symbol) [0x01101022]
	(No symbol) [0x010DD094]
	(No symbol) [0x010FE824]
	(No symbol) [0x010DCE46]
	(No symbol) [0x010AC5D3]
	(No symbol) [0x010AD424]
	GetHandleVerifier [0x0148BBC3+2435075]
	GetHandleVerifier [0x01487163+2416035]
	GetHandleVerifier [0x014A350C+2531660]
	GetHandleVerifier [0x0125F1B5+155125]
	GetHandleVerifier [0x01265B5D+182173]
	GetHandleVerifier [0x0124F9B8+91640]
	GetHandleVerifier [0x0124FB60+92064]
	GetHandleVerifier [0x0123A620+4704]
	BaseThreadInitThunk [0x75897BA9+25]
	RtlInitializeExceptionChain [0x7765C2EB+107]
	RtlClearBits [0x7765C26F+191]

2025-04-11 09:29:00,725 - INFO - Password entered using alternative selector
2025-04-11 09:29:02,894 - INFO - Login button clicked
2025-04-11 09:29:13,876 - INFO - Successfully logged in to PrintNet
2025-04-11 09:29:13,877 - INFO - Successfully logged in to PrintNet
2025-04-11 09:29:13,877 - INFO - Processing product 1: Mappe für DIN A4 2-teilig, 4/4 farbig (Außenseite bedruckt) (SKU: 1004353)
2025-04-11 09:29:13,877 - INFO - Clicking on Catalog icon in PrintNet...
2025-04-11 09:29:13,918 - INFO - Clicking on Products submenu in PrintNet...
2025-04-11 09:29:14,753 - INFO - Clicking on Add Product button in PrintNet...
2025-04-11 09:29:15,904 - INFO - Navigated to Add Product page in PrintNet
2025-04-11 09:29:16,991 - INFO - SKU giriliyor: 1004353
2025-04-11 09:29:17,103 - INFO - SKU girildi: 1004353
2025-04-11 09:29:17,104 - INFO - Fiyat giriliyor: 1.00
2025-04-11 09:29:17,222 - INFO - Fiyat girildi: 1.00
2025-04-11 09:29:17,222 - INFO - Miktar giriliyor: 99999999
2025-04-11 09:29:17,290 - INFO - Miktar girildi: 99999999
2025-04-11 09:29:17,294 - INFO - Setting 'Is Meter Price' to: Yes
2025-04-11 09:29:17,302 - INFO - Initial scroll position: 0px
2025-04-11 09:29:17,329 - INFO - Current scroll position after positioning: 496px
2025-04-11 09:29:17,429 - INFO - Toggle result: Changed 'Is Meter Price' to: Yes
2025-04-11 09:29:17,488 - INFO - Final scroll position: 496px
2025-04-11 09:29:17,499 - INFO - Validation confirmed 'Is Meter Price' setting was applied correctly
2025-04-11 09:29:17,764 - INFO - bannerheld.at seçildi
2025-04-11 09:29:26,276 - INFO - Updating Product Type to: Upload + Personalization + Configuration using producer-style approach
2025-04-11 09:29:27,316 - INFO - Clicked General tab
2025-04-11 09:29:29,317 - INFO - Selecting Product Type: Upload + Personalization + Configuration with producer-style approach
2025-04-11 09:29:30,356 - INFO - JavaScript Product Type selection result: Selected Upload + Personalization + Configuration using standard select
2025-04-11 09:29:33,437 - INFO - Looking for Price Calculation field
2025-04-11 09:29:33,452 - INFO - JavaScript Price Calculation selection result: Selected Fixed using standard select
2025-04-11 09:29:37,515 - WARNING - Failed to configure Web2Print settings
2025-04-11 09:29:43,668 - INFO - Selecting weekdays in Production Days multiselect
2025-04-11 09:29:44,747 - INFO - Clicked Others tab
2025-04-11 09:29:46,748 - INFO - Trying to select Print Files Options
2025-04-11 09:29:47,775 - INFO - Found Print Files Options area
2025-04-11 09:29:47,786 - INFO - JavaScript selection result: {'selected': ['Upload from Account', 'Send to Graphic Department', 'Send by Email', 'Online Designer'], 'success': True}
2025-04-11 09:29:48,790 - INFO - Trying all multiselects approach
2025-04-11 09:29:48,810 - INFO - Found 3 multiselects
2025-04-11 09:29:49,823 - INFO - JavaScript multiselect 1 result: {'selected': [], 'success': False}
2025-04-11 09:29:50,843 - INFO - JavaScript multiselect 2 result: {'selected': [], 'success': False}
2025-04-11 09:29:51,858 - INFO - JavaScript multiselect 3 result: {'selected': ['Monday', 'Tuesday', 'Wednesday', 'Thursday', 'Friday'], 'success': True}
2025-04-11 09:29:51,858 - INFO - Successfully selected weekdays in multiselect 3
2025-04-11 09:29:51,858 - INFO - Configuring Minimum DPI and Quantity Selectors
2025-04-11 09:29:52,888 - INFO - Set Minimum DPI to 300
2025-04-11 09:29:53,921 - INFO - Use Custom Quantity Selector result: {'action': 'enabled', 'success': True}
2025-04-11 09:29:54,952 - INFO - Use Fixed Price Quantity Selector result: {'action': 'enabled', 'success': True}
2025-04-11 09:29:54,952 - INFO - Configuring Print Product Setup with CTRL+click for multiple selection
2025-04-11 09:29:56,027 - INFO - Clicked Print Product Setup
2025-04-11 09:29:58,028 - INFO - Attempting to select the last option in Product Parts list
2025-04-11 09:29:59,048 - INFO - Found Product Parts select element
2025-04-11 09:30:09,373 - INFO - Selected last option (index 1120) from Product Parts list
2025-04-11 09:30:09,378 - INFO - Textarea values set result: {'dateityp': False, 'datencheck': False}
2025-04-11 09:30:09,378 - INFO - Trying multiselect approach with CTRL+click
2025-04-11 09:30:10,473 - INFO - Clicked Standard option
2025-04-11 09:30:11,762 - INFO - CTRL+Clicked Profidatencheck option
2025-04-11 09:30:13,844 - INFO - Clicked PDF-file option
2025-04-11 09:30:15,118 - INFO - CTRL+Clicked Image option
2025-04-11 09:30:16,119 - INFO - Configuring additional settings with improved approach
2025-04-11 09:30:16,119 - INFO - Configuring Lieferung field
2025-04-11 09:30:17,162 - INFO - Lieferung selection result: {'selected': ['Standard ( production_standard )', 'Express ( production_express )', 'Standard Plus ( production_standard_plus )'], 'success': True}
2025-04-11 09:30:17,163 - INFO - Configuring Anzahl field
2025-04-11 09:30:18,723 - INFO - Selected quantity_1
2025-04-11 09:30:19,322 - INFO - Selected quantity_1 using Select class
2025-04-11 09:30:19,324 - INFO - Configuring Proof Group field
2025-04-11 09:30:20,890 - INFO - Selected proof_group_digital
2025-04-11 09:30:21,475 - INFO - Selected proof_group_digital using Select class
2025-04-11 09:30:21,475 - INFO - Configuring Product Personalization Template field
2025-04-11 09:30:22,505 - INFO - Template setting result: {'action': 'selected option', 'element': 'select', 'success': True}
2025-04-11 09:30:22,505 - INFO - Successfully configured all settings in PrintNet for product: Mappe für DIN A4 2-teilig, 4/4 farbig (Außenseite bedruckt)
2025-04-11 09:30:22,505 - INFO - Successfully configured product: Mappe für DIN A4 2-teilig, 4/4 farbig (Außenseite bedruckt)
2025-04-11 09:30:22,505 - INFO - Clicking the Save button in the top right corner
2025-04-11 09:30:32,743 - WARNING - Standard approach failed: Message: 
Stacktrace:
	GetHandleVerifier [0x012480E3+60707]
	GetHandleVerifier [0x01248124+60772]
	(No symbol) [0x01070683]
	(No symbol) [0x010B8660]
	(No symbol) [0x010B89FB]
	(No symbol) [0x01101022]
	(No symbol) [0x010DD094]
	(No symbol) [0x010FE824]
	(No symbol) [0x010DCE46]
	(No symbol) [0x010AC5D3]
	(No symbol) [0x010AD424]
	GetHandleVerifier [0x0148BBC3+2435075]
	GetHandleVerifier [0x01487163+2416035]
	GetHandleVerifier [0x014A350C+2531660]
	GetHandleVerifier [0x0125F1B5+155125]
	GetHandleVerifier [0x01265B5D+182173]
	GetHandleVerifier [0x0124F9B8+91640]
	GetHandleVerifier [0x0124FB60+92064]
	GetHandleVerifier [0x0123A620+4704]
	BaseThreadInitThunk [0x75897BA9+25]
	RtlInitializeExceptionChain [0x7765C2EB+107]
	RtlClearBits [0x7765C26F+191]

2025-04-11 09:30:32,974 - INFO - JavaScript result: Clicked Save button by text
2025-04-11 09:30:32,974 - INFO - Successfully clicked Save button using JavaScript
2025-04-11 09:30:42,975 - INFO - Successfully saved product: Mappe für DIN A4 2-teilig, 4/4 farbig (Außenseite bedruckt)
2025-04-11 09:30:44,975 - INFO - Processing product 2: Mappe für DIN A4 2-teilig, 4/4 farbig (Außenseite bedruckt), mit Hochglanz-UV-Lack (SKU: 1004354)
2025-04-11 09:30:44,975 - INFO - Clicking on Catalog icon in PrintNet...
2025-04-11 09:30:45,009 - INFO - Clicking on Products submenu in PrintNet...
2025-04-11 09:30:45,703 - INFO - Clicking on Add Product button in PrintNet...
2025-04-11 09:30:46,648 - INFO - Navigated to Add Product page in PrintNet
2025-04-11 09:30:47,540 - INFO - SKU giriliyor: 1004354
2025-04-11 09:30:47,630 - INFO - SKU girildi: 1004354
2025-04-11 09:30:47,630 - INFO - Fiyat giriliyor: 1.00
2025-04-11 09:30:47,733 - INFO - Fiyat girildi: 1.00
2025-04-11 09:30:47,733 - INFO - Miktar giriliyor: 99999999
2025-04-11 09:30:47,790 - INFO - Miktar girildi: 99999999
2025-04-11 09:30:47,792 - INFO - Setting 'Is Meter Price' to: Yes
2025-04-11 09:30:47,898 - INFO - Initial scroll position: 16px
2025-04-11 09:30:47,913 - INFO - Current scroll position after positioning: 547px
2025-04-11 09:30:47,966 - INFO - Toggle result: Changed 'Is Meter Price' to: Yes
2025-04-11 09:30:48,004 - INFO - Final scroll position: 547px
2025-04-11 09:30:48,014 - INFO - Validation confirmed 'Is Meter Price' setting was applied correctly
2025-04-11 09:30:48,146 - INFO - bannerheld.at seçildi
