2025-04-11 15:58:44,233 - INFO - Logging initialized. Log file: C:\Users\g.yilmaz\Desktop\Magento_otomation\Done\logs\printnet_automation_20250411_155844.log
2025-04-11 15:58:44,236 - INFO - Logging initialized. Log file: C:\Users\g.yilmaz\Desktop\Magento_otomation\Done\logs\skynet_fixed_price_20250411_155844.log
2025-04-11 15:58:44,248 - INFO - Logging initialized. Log file: C:\Users\g.yilmaz\Desktop\Magento_otomation\Done\logs\printnet_fixed_price_20250411_155844.log
2025-04-11 15:58:44,263 - INFO - Logging initialized. Log file: C:\Users\g.yilmaz\Desktop\Magento_otomation\Done\logs\skynet_page_options_20250411_155844.log
2025-04-11 15:58:46,024 - INFO - Toplam 2 ürün eklenecek.
2025-04-11 15:58:46,024 - INFO - ====== WebDriver manager ======
2025-04-11 15:58:47,008 - INFO - Get LATEST chromedriver version for google-chrome
2025-04-11 15:58:47,073 - INFO - Get LATEST chromedriver version for google-chrome
2025-04-11 15:58:47,130 - INFO - Driver [C:\Users\g.yilmaz\.wdm\drivers\chromedriver\win64\135.0.7049.84\chromedriver-win32/chromedriver.exe] found in cache
2025-04-11 15:58:48,179 - INFO - Chrome WebDriver initialized successfully
2025-04-11 15:58:48,182 - INFO - Navigating to https://skynet.networkhero.eu/y5id_dashboard/admin/
2025-04-11 15:58:48,942 - INFO - Username entered
2025-04-11 15:58:49,033 - INFO - Password entered
2025-04-11 15:58:49,454 - INFO - Login button clicked
2025-04-11 15:58:49,454 - INFO - Waiting for you to enter Google Authenticator code...
2025-04-11 15:58:59,892 - INFO - Login successful
2025-04-11 15:58:59,892 - INFO - Clicking on CLOUDLAB icon using the Catalog approach...
2025-04-11 15:58:59,942 - INFO - Clicked on CLOUDLAB icon using Catalog approach
2025-04-11 15:58:59,942 - INFO - Successfully clicked on CloudLab
2025-04-11 15:58:59,942 - INFO - Clicking on Page Options submenu...
2025-04-11 15:59:00,226 - INFO - Clicked on Page Options using XPath approach
2025-04-11 15:59:00,248 - INFO - Successfully navigated to Page Options page
2025-04-11 15:59:00,248 - INFO - Successfully clicked on Page Options
2025-04-11 15:59:00,248 - INFO - Looking for Code search field
2025-04-11 15:59:00,347 - INFO - Entered 'paper_wmd' in Code search field
2025-04-11 15:59:01,443 - WARNING - Could not find search button, trying to press Enter instead: Message: 

2025-04-11 15:59:01,464 - INFO - Pressed Enter to search
2025-04-11 15:59:01,464 - INFO - Looking for the second Material option in search results
2025-04-11 15:59:01,508 - INFO - Found 20 rows in the search results
2025-04-11 15:59:01,590 - WARNING - Error processing row: Message: stale element reference: stale element not found in the current frame
  (Session info: chrome=135.0.7049.85); For documentation on this error, please visit: https://www.selenium.dev/documentation/webdriver/troubleshooting/errors#stale-element-reference-exception
Stacktrace:
	GetHandleVerifier [0x012480E3+60707]
	GetHandleVerifier [0x01248124+60772]
	(No symbol) [0x01070683]
	(No symbol) [0x01076DE7]
	(No symbol) [0x010790DA]
	(No symbol) [0x01079157]
	(No symbol) [0x010B7EF4]
	(No symbol) [0x010B89FB]
	(No symbol) [0x010AE131]
	(No symbol) [0x010DD094]
	(No symbol) [0x010ADCA4]
	(No symbol) [0x010DD2C4]
	(No symbol) [0x010FE824]
	(No symbol) [0x010DCE46]
	(No symbol) [0x010AC5D3]
	(No symbol) [0x010AD424]
	GetHandleVerifier [0x0148BBC3+2435075]
	GetHandleVerifier [0x01487163+2416035]
	GetHandleVerifier [0x014A350C+2531660]
	GetHandleVerifier [0x0125F1B5+155125]
	GetHandleVerifier [0x01265B5D+182173]
	GetHandleVerifier [0x0124F9B8+91640]
	GetHandleVerifier [0x0124FB60+92064]
	GetHandleVerifier [0x0123A620+4704]
	BaseThreadInitThunk [0x75897BA9+25]
	RtlInitializeExceptionChain [0x7765C2EB+107]
	RtlClearBits [0x7765C26F+191]

2025-04-11 15:59:01,596 - WARNING - Error processing row: Message: stale element reference: stale element not found in the current frame
  (Session info: chrome=135.0.7049.85); For documentation on this error, please visit: https://www.selenium.dev/documentation/webdriver/troubleshooting/errors#stale-element-reference-exception
Stacktrace:
	GetHandleVerifier [0x012480E3+60707]
	GetHandleVerifier [0x01248124+60772]
	(No symbol) [0x01070683]
	(No symbol) [0x01076DE7]
	(No symbol) [0x010790DA]
	(No symbol) [0x01079157]
	(No symbol) [0x010B7EF4]
	(No symbol) [0x010B89FB]
	(No symbol) [0x010AE131]
	(No symbol) [0x010DD094]
	(No symbol) [0x010ADCA4]
	(No symbol) [0x010DD2C4]
	(No symbol) [0x010FE824]
	(No symbol) [0x010DCE46]
	(No symbol) [0x010AC5D3]
	(No symbol) [0x010AD424]
	GetHandleVerifier [0x0148BBC3+2435075]
	GetHandleVerifier [0x01487163+2416035]
	GetHandleVerifier [0x014A350C+2531660]
	GetHandleVerifier [0x0125F1B5+155125]
	GetHandleVerifier [0x01265B5D+182173]
	GetHandleVerifier [0x0124F9B8+91640]
	GetHandleVerifier [0x0124FB60+92064]
	GetHandleVerifier [0x0123A620+4704]
	BaseThreadInitThunk [0x75897BA9+25]
	RtlInitializeExceptionChain [0x7765C2EB+107]
	RtlClearBits [0x7765C26F+191]

2025-04-11 15:59:01,603 - WARNING - Error processing row: Message: stale element reference: stale element not found in the current frame
  (Session info: chrome=135.0.7049.85); For documentation on this error, please visit: https://www.selenium.dev/documentation/webdriver/troubleshooting/errors#stale-element-reference-exception
Stacktrace:
	GetHandleVerifier [0x012480E3+60707]
	GetHandleVerifier [0x01248124+60772]
	(No symbol) [0x01070683]
	(No symbol) [0x01076DE7]
	(No symbol) [0x010790DA]
	(No symbol) [0x01079157]
	(No symbol) [0x010B7EF4]
	(No symbol) [0x010B89FB]
	(No symbol) [0x010AE131]
	(No symbol) [0x010DD094]
	(No symbol) [0x010ADCA4]
	(No symbol) [0x010DD2C4]
	(No symbol) [0x010FE824]
	(No symbol) [0x010DCE46]
	(No symbol) [0x010AC5D3]
	(No symbol) [0x010AD424]
	GetHandleVerifier [0x0148BBC3+2435075]
	GetHandleVerifier [0x01487163+2416035]
	GetHandleVerifier [0x014A350C+2531660]
	GetHandleVerifier [0x0125F1B5+155125]
	GetHandleVerifier [0x01265B5D+182173]
	GetHandleVerifier [0x0124F9B8+91640]
	GetHandleVerifier [0x0124FB60+92064]
	GetHandleVerifier [0x0123A620+4704]
	BaseThreadInitThunk [0x75897BA9+25]
	RtlInitializeExceptionChain [0x7765C2EB+107]
	RtlClearBits [0x7765C26F+191]

2025-04-11 15:59:01,615 - WARNING - Error processing row: Message: stale element reference: stale element not found in the current frame
  (Session info: chrome=135.0.7049.85); For documentation on this error, please visit: https://www.selenium.dev/documentation/webdriver/troubleshooting/errors#stale-element-reference-exception
Stacktrace:
	GetHandleVerifier [0x012480E3+60707]
	GetHandleVerifier [0x01248124+60772]
	(No symbol) [0x01070683]
	(No symbol) [0x01076DE7]
	(No symbol) [0x010790DA]
	(No symbol) [0x01079157]
	(No symbol) [0x010B7EF4]
	(No symbol) [0x010B89FB]
	(No symbol) [0x010AE131]
	(No symbol) [0x010DD094]
	(No symbol) [0x010ADCA4]
	(No symbol) [0x010DD2C4]
	(No symbol) [0x010FE824]
	(No symbol) [0x010DCE46]
	(No symbol) [0x010AC5D3]
	(No symbol) [0x010AD424]
	GetHandleVerifier [0x0148BBC3+2435075]
	GetHandleVerifier [0x01487163+2416035]
	GetHandleVerifier [0x014A350C+2531660]
	GetHandleVerifier [0x0125F1B5+155125]
	GetHandleVerifier [0x01265B5D+182173]
	GetHandleVerifier [0x0124F9B8+91640]
	GetHandleVerifier [0x0124FB60+92064]
	GetHandleVerifier [0x0123A620+4704]
	BaseThreadInitThunk [0x75897BA9+25]
	RtlInitializeExceptionChain [0x7765C2EB+107]
	RtlClearBits [0x7765C26F+191]

2025-04-11 15:59:01,626 - WARNING - Error processing row: Message: stale element reference: stale element not found in the current frame
  (Session info: chrome=135.0.7049.85); For documentation on this error, please visit: https://www.selenium.dev/documentation/webdriver/troubleshooting/errors#stale-element-reference-exception
Stacktrace:
	GetHandleVerifier [0x012480E3+60707]
	GetHandleVerifier [0x01248124+60772]
	(No symbol) [0x01070683]
	(No symbol) [0x01076DE7]
	(No symbol) [0x010790DA]
	(No symbol) [0x01079157]
	(No symbol) [0x010B7EF4]
	(No symbol) [0x010B89FB]
	(No symbol) [0x010AE131]
	(No symbol) [0x010DD094]
	(No symbol) [0x010ADCA4]
	(No symbol) [0x010DD2C4]
	(No symbol) [0x010FE824]
	(No symbol) [0x010DCE46]
	(No symbol) [0x010AC5D3]
	(No symbol) [0x010AD424]
	GetHandleVerifier [0x0148BBC3+2435075]
	GetHandleVerifier [0x01487163+2416035]
	GetHandleVerifier [0x014A350C+2531660]
	GetHandleVerifier [0x0125F1B5+155125]
	GetHandleVerifier [0x01265B5D+182173]
	GetHandleVerifier [0x0124F9B8+91640]
	GetHandleVerifier [0x0124FB60+92064]
	GetHandleVerifier [0x0123A620+4704]
	BaseThreadInitThunk [0x75897BA9+25]
	RtlInitializeExceptionChain [0x7765C2EB+107]
	RtlClearBits [0x7765C26F+191]

2025-04-11 15:59:01,635 - WARNING - Error processing row: Message: stale element reference: stale element not found in the current frame
  (Session info: chrome=135.0.7049.85); For documentation on this error, please visit: https://www.selenium.dev/documentation/webdriver/troubleshooting/errors#stale-element-reference-exception
Stacktrace:
	GetHandleVerifier [0x012480E3+60707]
	GetHandleVerifier [0x01248124+60772]
	(No symbol) [0x01070683]
	(No symbol) [0x01076DE7]
	(No symbol) [0x010790DA]
	(No symbol) [0x01079157]
	(No symbol) [0x010B7EF4]
	(No symbol) [0x010B89FB]
	(No symbol) [0x010AE131]
	(No symbol) [0x010DD094]
	(No symbol) [0x010ADCA4]
	(No symbol) [0x010DD2C4]
	(No symbol) [0x010FE824]
	(No symbol) [0x010DCE46]
	(No symbol) [0x010AC5D3]
	(No symbol) [0x010AD424]
	GetHandleVerifier [0x0148BBC3+2435075]
	GetHandleVerifier [0x01487163+2416035]
	GetHandleVerifier [0x014A350C+2531660]
	GetHandleVerifier [0x0125F1B5+155125]
	GetHandleVerifier [0x01265B5D+182173]
	GetHandleVerifier [0x0124F9B8+91640]
	GetHandleVerifier [0x0124FB60+92064]
	GetHandleVerifier [0x0123A620+4704]
	BaseThreadInitThunk [0x75897BA9+25]
	RtlInitializeExceptionChain [0x7765C2EB+107]
	RtlClearBits [0x7765C26F+191]

2025-04-11 15:59:01,644 - WARNING - Error processing row: Message: stale element reference: stale element not found in the current frame
  (Session info: chrome=135.0.7049.85); For documentation on this error, please visit: https://www.selenium.dev/documentation/webdriver/troubleshooting/errors#stale-element-reference-exception
Stacktrace:
	GetHandleVerifier [0x012480E3+60707]
	GetHandleVerifier [0x01248124+60772]
	(No symbol) [0x01070683]
	(No symbol) [0x01076DE7]
	(No symbol) [0x010790DA]
	(No symbol) [0x01079157]
	(No symbol) [0x010B7EF4]
	(No symbol) [0x010B89FB]
	(No symbol) [0x010AE131]
	(No symbol) [0x010DD094]
	(No symbol) [0x010ADCA4]
	(No symbol) [0x010DD2C4]
	(No symbol) [0x010FE824]
	(No symbol) [0x010DCE46]
	(No symbol) [0x010AC5D3]
	(No symbol) [0x010AD424]
	GetHandleVerifier [0x0148BBC3+2435075]
	GetHandleVerifier [0x01487163+2416035]
	GetHandleVerifier [0x014A350C+2531660]
	GetHandleVerifier [0x0125F1B5+155125]
	GetHandleVerifier [0x01265B5D+182173]
	GetHandleVerifier [0x0124F9B8+91640]
	GetHandleVerifier [0x0124FB60+92064]
	GetHandleVerifier [0x0123A620+4704]
	BaseThreadInitThunk [0x75897BA9+25]
	RtlInitializeExceptionChain [0x7765C2EB+107]
	RtlClearBits [0x7765C26F+191]

2025-04-11 15:59:01,650 - WARNING - Error processing row: Message: stale element reference: stale element not found in the current frame
  (Session info: chrome=135.0.7049.85); For documentation on this error, please visit: https://www.selenium.dev/documentation/webdriver/troubleshooting/errors#stale-element-reference-exception
Stacktrace:
	GetHandleVerifier [0x012480E3+60707]
	GetHandleVerifier [0x01248124+60772]
	(No symbol) [0x01070683]
	(No symbol) [0x01076DE7]
	(No symbol) [0x010790DA]
	(No symbol) [0x01079157]
	(No symbol) [0x010B7EF4]
	(No symbol) [0x010B89FB]
	(No symbol) [0x010AE131]
	(No symbol) [0x010DD094]
	(No symbol) [0x010ADCA4]
	(No symbol) [0x010DD2C4]
	(No symbol) [0x010FE824]
	(No symbol) [0x010DCE46]
	(No symbol) [0x010AC5D3]
	(No symbol) [0x010AD424]
	GetHandleVerifier [0x0148BBC3+2435075]
	GetHandleVerifier [0x01487163+2416035]
	GetHandleVerifier [0x014A350C+2531660]
	GetHandleVerifier [0x0125F1B5+155125]
	GetHandleVerifier [0x01265B5D+182173]
	GetHandleVerifier [0x0124F9B8+91640]
	GetHandleVerifier [0x0124FB60+92064]
	GetHandleVerifier [0x0123A620+4704]
	BaseThreadInitThunk [0x75897BA9+25]
	RtlInitializeExceptionChain [0x7765C2EB+107]
	RtlClearBits [0x7765C26F+191]

2025-04-11 15:59:01,658 - WARNING - Error processing row: Message: stale element reference: stale element not found in the current frame
  (Session info: chrome=135.0.7049.85); For documentation on this error, please visit: https://www.selenium.dev/documentation/webdriver/troubleshooting/errors#stale-element-reference-exception
Stacktrace:
	GetHandleVerifier [0x012480E3+60707]
	GetHandleVerifier [0x01248124+60772]
	(No symbol) [0x01070683]
	(No symbol) [0x01076DE7]
	(No symbol) [0x010790DA]
	(No symbol) [0x01079157]
	(No symbol) [0x010B7EF4]
	(No symbol) [0x010B89FB]
	(No symbol) [0x010AE131]
	(No symbol) [0x010DD094]
	(No symbol) [0x010ADCA4]
	(No symbol) [0x010DD2C4]
	(No symbol) [0x010FE824]
	(No symbol) [0x010DCE46]
	(No symbol) [0x010AC5D3]
	(No symbol) [0x010AD424]
	GetHandleVerifier [0x0148BBC3+2435075]
	GetHandleVerifier [0x01487163+2416035]
	GetHandleVerifier [0x014A350C+2531660]
	GetHandleVerifier [0x0125F1B5+155125]
	GetHandleVerifier [0x01265B5D+182173]
	GetHandleVerifier [0x0124F9B8+91640]
	GetHandleVerifier [0x0124FB60+92064]
	GetHandleVerifier [0x0123A620+4704]
	BaseThreadInitThunk [0x75897BA9+25]
	RtlInitializeExceptionChain [0x7765C2EB+107]
	RtlClearBits [0x7765C26F+191]

2025-04-11 15:59:01,664 - WARNING - Error processing row: Message: stale element reference: stale element not found in the current frame
  (Session info: chrome=135.0.7049.85); For documentation on this error, please visit: https://www.selenium.dev/documentation/webdriver/troubleshooting/errors#stale-element-reference-exception
Stacktrace:
	GetHandleVerifier [0x012480E3+60707]
	GetHandleVerifier [0x01248124+60772]
	(No symbol) [0x01070683]
	(No symbol) [0x01076DE7]
	(No symbol) [0x010790DA]
	(No symbol) [0x01079157]
	(No symbol) [0x010B7EF4]
	(No symbol) [0x010B89FB]
	(No symbol) [0x010AE131]
	(No symbol) [0x010DD094]
	(No symbol) [0x010ADCA4]
	(No symbol) [0x010DD2C4]
	(No symbol) [0x010FE824]
	(No symbol) [0x010DCE46]
	(No symbol) [0x010AC5D3]
	(No symbol) [0x010AD424]
	GetHandleVerifier [0x0148BBC3+2435075]
	GetHandleVerifier [0x01487163+2416035]
	GetHandleVerifier [0x014A350C+2531660]
	GetHandleVerifier [0x0125F1B5+155125]
	GetHandleVerifier [0x01265B5D+182173]
	GetHandleVerifier [0x0124F9B8+91640]
	GetHandleVerifier [0x0124FB60+92064]
	GetHandleVerifier [0x0123A620+4704]
	BaseThreadInitThunk [0x75897BA9+25]
	RtlInitializeExceptionChain [0x7765C2EB+107]
	RtlClearBits [0x7765C26F+191]

2025-04-11 15:59:01,671 - WARNING - Error processing row: Message: stale element reference: stale element not found in the current frame
  (Session info: chrome=135.0.7049.85); For documentation on this error, please visit: https://www.selenium.dev/documentation/webdriver/troubleshooting/errors#stale-element-reference-exception
Stacktrace:
	GetHandleVerifier [0x012480E3+60707]
	GetHandleVerifier [0x01248124+60772]
	(No symbol) [0x01070683]
	(No symbol) [0x01076DE7]
	(No symbol) [0x010790DA]
	(No symbol) [0x01079157]
	(No symbol) [0x010B7EF4]
	(No symbol) [0x010B89FB]
	(No symbol) [0x010AE131]
	(No symbol) [0x010DD094]
	(No symbol) [0x010ADCA4]
	(No symbol) [0x010DD2C4]
	(No symbol) [0x010FE824]
	(No symbol) [0x010DCE46]
	(No symbol) [0x010AC5D3]
	(No symbol) [0x010AD424]
	GetHandleVerifier [0x0148BBC3+2435075]
	GetHandleVerifier [0x01487163+2416035]
	GetHandleVerifier [0x014A350C+2531660]
	GetHandleVerifier [0x0125F1B5+155125]
	GetHandleVerifier [0x01265B5D+182173]
	GetHandleVerifier [0x0124F9B8+91640]
	GetHandleVerifier [0x0124FB60+92064]
	GetHandleVerifier [0x0123A620+4704]
	BaseThreadInitThunk [0x75897BA9+25]
	RtlInitializeExceptionChain [0x7765C2EB+107]
	RtlClearBits [0x7765C26F+191]

2025-04-11 15:59:01,678 - WARNING - Error processing row: Message: stale element reference: stale element not found in the current frame
  (Session info: chrome=135.0.7049.85); For documentation on this error, please visit: https://www.selenium.dev/documentation/webdriver/troubleshooting/errors#stale-element-reference-exception
Stacktrace:
	GetHandleVerifier [0x012480E3+60707]
	GetHandleVerifier [0x01248124+60772]
	(No symbol) [0x01070683]
	(No symbol) [0x01076DE7]
	(No symbol) [0x010790DA]
	(No symbol) [0x01079157]
	(No symbol) [0x010B7EF4]
	(No symbol) [0x010B89FB]
	(No symbol) [0x010AE131]
	(No symbol) [0x010DD094]
	(No symbol) [0x010ADCA4]
	(No symbol) [0x010DD2C4]
	(No symbol) [0x010FE824]
	(No symbol) [0x010DCE46]
	(No symbol) [0x010AC5D3]
	(No symbol) [0x010AD424]
	GetHandleVerifier [0x0148BBC3+2435075]
	GetHandleVerifier [0x01487163+2416035]
	GetHandleVerifier [0x014A350C+2531660]
	GetHandleVerifier [0x0125F1B5+155125]
	GetHandleVerifier [0x01265B5D+182173]
	GetHandleVerifier [0x0124F9B8+91640]
	GetHandleVerifier [0x0124FB60+92064]
	GetHandleVerifier [0x0123A620+4704]
	BaseThreadInitThunk [0x75897BA9+25]
	RtlInitializeExceptionChain [0x7765C2EB+107]
	RtlClearBits [0x7765C26F+191]

2025-04-11 15:59:01,684 - WARNING - Error processing row: Message: stale element reference: stale element not found in the current frame
  (Session info: chrome=135.0.7049.85); For documentation on this error, please visit: https://www.selenium.dev/documentation/webdriver/troubleshooting/errors#stale-element-reference-exception
Stacktrace:
	GetHandleVerifier [0x012480E3+60707]
	GetHandleVerifier [0x01248124+60772]
	(No symbol) [0x01070683]
	(No symbol) [0x01076DE7]
	(No symbol) [0x010790DA]
	(No symbol) [0x01079157]
	(No symbol) [0x010B7EF4]
	(No symbol) [0x010B89FB]
	(No symbol) [0x010AE131]
	(No symbol) [0x010DD094]
	(No symbol) [0x010ADCA4]
	(No symbol) [0x010DD2C4]
	(No symbol) [0x010FE824]
	(No symbol) [0x010DCE46]
	(No symbol) [0x010AC5D3]
	(No symbol) [0x010AD424]
	GetHandleVerifier [0x0148BBC3+2435075]
	GetHandleVerifier [0x01487163+2416035]
	GetHandleVerifier [0x014A350C+2531660]
	GetHandleVerifier [0x0125F1B5+155125]
	GetHandleVerifier [0x01265B5D+182173]
	GetHandleVerifier [0x0124F9B8+91640]
	GetHandleVerifier [0x0124FB60+92064]
	GetHandleVerifier [0x0123A620+4704]
	BaseThreadInitThunk [0x75897BA9+25]
	RtlInitializeExceptionChain [0x7765C2EB+107]
	RtlClearBits [0x7765C26F+191]

2025-04-11 15:59:01,692 - WARNING - Error processing row: Message: stale element reference: stale element not found in the current frame
  (Session info: chrome=135.0.7049.85); For documentation on this error, please visit: https://www.selenium.dev/documentation/webdriver/troubleshooting/errors#stale-element-reference-exception
Stacktrace:
	GetHandleVerifier [0x012480E3+60707]
	GetHandleVerifier [0x01248124+60772]
	(No symbol) [0x01070683]
	(No symbol) [0x01076DE7]
	(No symbol) [0x010790DA]
	(No symbol) [0x01079157]
	(No symbol) [0x010B7EF4]
	(No symbol) [0x010B89FB]
	(No symbol) [0x010AE131]
	(No symbol) [0x010DD094]
	(No symbol) [0x010ADCA4]
	(No symbol) [0x010DD2C4]
	(No symbol) [0x010FE824]
	(No symbol) [0x010DCE46]
	(No symbol) [0x010AC5D3]
	(No symbol) [0x010AD424]
	GetHandleVerifier [0x0148BBC3+2435075]
	GetHandleVerifier [0x01487163+2416035]
	GetHandleVerifier [0x014A350C+2531660]
	GetHandleVerifier [0x0125F1B5+155125]
	GetHandleVerifier [0x01265B5D+182173]
	GetHandleVerifier [0x0124F9B8+91640]
	GetHandleVerifier [0x0124FB60+92064]
	GetHandleVerifier [0x0123A620+4704]
	BaseThreadInitThunk [0x75897BA9+25]
	RtlInitializeExceptionChain [0x7765C2EB+107]
	RtlClearBits [0x7765C26F+191]

2025-04-11 15:59:01,699 - WARNING - Error processing row: Message: stale element reference: stale element not found in the current frame
  (Session info: chrome=135.0.7049.85); For documentation on this error, please visit: https://www.selenium.dev/documentation/webdriver/troubleshooting/errors#stale-element-reference-exception
Stacktrace:
	GetHandleVerifier [0x012480E3+60707]
	GetHandleVerifier [0x01248124+60772]
	(No symbol) [0x01070683]
	(No symbol) [0x01076DE7]
	(No symbol) [0x010790DA]
	(No symbol) [0x01079157]
	(No symbol) [0x010B7EF4]
	(No symbol) [0x010B89FB]
	(No symbol) [0x010AE131]
	(No symbol) [0x010DD094]
	(No symbol) [0x010ADCA4]
	(No symbol) [0x010DD2C4]
	(No symbol) [0x010FE824]
	(No symbol) [0x010DCE46]
	(No symbol) [0x010AC5D3]
	(No symbol) [0x010AD424]
	GetHandleVerifier [0x0148BBC3+2435075]
	GetHandleVerifier [0x01487163+2416035]
	GetHandleVerifier [0x014A350C+2531660]
	GetHandleVerifier [0x0125F1B5+155125]
	GetHandleVerifier [0x01265B5D+182173]
	GetHandleVerifier [0x0124F9B8+91640]
	GetHandleVerifier [0x0124FB60+92064]
	GetHandleVerifier [0x0123A620+4704]
	BaseThreadInitThunk [0x75897BA9+25]
	RtlInitializeExceptionChain [0x7765C2EB+107]
	RtlClearBits [0x7765C26F+191]

2025-04-11 15:59:01,707 - WARNING - Error processing row: Message: stale element reference: stale element not found in the current frame
  (Session info: chrome=135.0.7049.85); For documentation on this error, please visit: https://www.selenium.dev/documentation/webdriver/troubleshooting/errors#stale-element-reference-exception
Stacktrace:
	GetHandleVerifier [0x012480E3+60707]
	GetHandleVerifier [0x01248124+60772]
	(No symbol) [0x01070683]
	(No symbol) [0x01076DE7]
	(No symbol) [0x010790DA]
	(No symbol) [0x01079157]
	(No symbol) [0x010B7EF4]
	(No symbol) [0x010B89FB]
	(No symbol) [0x010AE131]
	(No symbol) [0x010DD094]
	(No symbol) [0x010ADCA4]
	(No symbol) [0x010DD2C4]
	(No symbol) [0x010FE824]
	(No symbol) [0x010DCE46]
	(No symbol) [0x010AC5D3]
	(No symbol) [0x010AD424]
	GetHandleVerifier [0x0148BBC3+2435075]
	GetHandleVerifier [0x01487163+2416035]
	GetHandleVerifier [0x014A350C+2531660]
	GetHandleVerifier [0x0125F1B5+155125]
	GetHandleVerifier [0x01265B5D+182173]
	GetHandleVerifier [0x0124F9B8+91640]
	GetHandleVerifier [0x0124FB60+92064]
	GetHandleVerifier [0x0123A620+4704]
	BaseThreadInitThunk [0x75897BA9+25]
	RtlInitializeExceptionChain [0x7765C2EB+107]
	RtlClearBits [0x7765C26F+191]

2025-04-11 15:59:01,714 - WARNING - Error processing row: Message: stale element reference: stale element not found in the current frame
  (Session info: chrome=135.0.7049.85); For documentation on this error, please visit: https://www.selenium.dev/documentation/webdriver/troubleshooting/errors#stale-element-reference-exception
Stacktrace:
	GetHandleVerifier [0x012480E3+60707]
	GetHandleVerifier [0x01248124+60772]
	(No symbol) [0x01070683]
	(No symbol) [0x01076DE7]
	(No symbol) [0x010790DA]
	(No symbol) [0x01079157]
	(No symbol) [0x010B7EF4]
	(No symbol) [0x010B89FB]
	(No symbol) [0x010AE131]
	(No symbol) [0x010DD094]
	(No symbol) [0x010ADCA4]
	(No symbol) [0x010DD2C4]
	(No symbol) [0x010FE824]
	(No symbol) [0x010DCE46]
	(No symbol) [0x010AC5D3]
	(No symbol) [0x010AD424]
	GetHandleVerifier [0x0148BBC3+2435075]
	GetHandleVerifier [0x01487163+2416035]
	GetHandleVerifier [0x014A350C+2531660]
	GetHandleVerifier [0x0125F1B5+155125]
	GetHandleVerifier [0x01265B5D+182173]
	GetHandleVerifier [0x0124F9B8+91640]
	GetHandleVerifier [0x0124FB60+92064]
	GetHandleVerifier [0x0123A620+4704]
	BaseThreadInitThunk [0x75897BA9+25]
	RtlInitializeExceptionChain [0x7765C2EB+107]
	RtlClearBits [0x7765C26F+191]

2025-04-11 15:59:01,720 - WARNING - Error processing row: Message: stale element reference: stale element not found in the current frame
  (Session info: chrome=135.0.7049.85); For documentation on this error, please visit: https://www.selenium.dev/documentation/webdriver/troubleshooting/errors#stale-element-reference-exception
Stacktrace:
	GetHandleVerifier [0x012480E3+60707]
	GetHandleVerifier [0x01248124+60772]
	(No symbol) [0x01070683]
	(No symbol) [0x01076DE7]
	(No symbol) [0x010790DA]
	(No symbol) [0x01079157]
	(No symbol) [0x010B7EF4]
	(No symbol) [0x010B89FB]
	(No symbol) [0x010AE131]
	(No symbol) [0x010DD094]
	(No symbol) [0x010ADCA4]
	(No symbol) [0x010DD2C4]
	(No symbol) [0x010FE824]
	(No symbol) [0x010DCE46]
	(No symbol) [0x010AC5D3]
	(No symbol) [0x010AD424]
	GetHandleVerifier [0x0148BBC3+2435075]
	GetHandleVerifier [0x01487163+2416035]
	GetHandleVerifier [0x014A350C+2531660]
	GetHandleVerifier [0x0125F1B5+155125]
	GetHandleVerifier [0x01265B5D+182173]
	GetHandleVerifier [0x0124F9B8+91640]
	GetHandleVerifier [0x0124FB60+92064]
	GetHandleVerifier [0x0123A620+4704]
	BaseThreadInitThunk [0x75897BA9+25]
	RtlInitializeExceptionChain [0x7765C2EB+107]
	RtlClearBits [0x7765C26F+191]

2025-04-11 15:59:01,726 - WARNING - Error processing row: Message: stale element reference: stale element not found in the current frame
  (Session info: chrome=135.0.7049.85); For documentation on this error, please visit: https://www.selenium.dev/documentation/webdriver/troubleshooting/errors#stale-element-reference-exception
Stacktrace:
	GetHandleVerifier [0x012480E3+60707]
	GetHandleVerifier [0x01248124+60772]
	(No symbol) [0x01070683]
	(No symbol) [0x01076DE7]
	(No symbol) [0x010790DA]
	(No symbol) [0x01079157]
	(No symbol) [0x010B7EF4]
	(No symbol) [0x010B89FB]
	(No symbol) [0x010AE131]
	(No symbol) [0x010DD094]
	(No symbol) [0x010ADCA4]
	(No symbol) [0x010DD2C4]
	(No symbol) [0x010FE824]
	(No symbol) [0x010DCE46]
	(No symbol) [0x010AC5D3]
	(No symbol) [0x010AD424]
	GetHandleVerifier [0x0148BBC3+2435075]
	GetHandleVerifier [0x01487163+2416035]
	GetHandleVerifier [0x014A350C+2531660]
	GetHandleVerifier [0x0125F1B5+155125]
	GetHandleVerifier [0x01265B5D+182173]
	GetHandleVerifier [0x0124F9B8+91640]
	GetHandleVerifier [0x0124FB60+92064]
	GetHandleVerifier [0x0123A620+4704]
	BaseThreadInitThunk [0x75897BA9+25]
	RtlInitializeExceptionChain [0x7765C2EB+107]
	RtlClearBits [0x7765C26F+191]

2025-04-11 15:59:01,728 - WARNING - Not enough rows found in search results
2025-04-11 15:59:01,968 - INFO - Clicked on the first available Material element
2025-04-11 15:59:01,968 - INFO - Successfully completed search and click workflow
2025-04-11 15:59:01,968 - INFO - Looking for Page Option Values section
2025-04-11 15:59:01,994 - INFO - Scrolling down to find Page Option Values
2025-04-11 15:59:03,066 - INFO - Clicked on Page Option Values section
2025-04-11 15:59:08,086 - INFO - Successfully found and clicked button via JavaScript: Clicked button: 
    add new value

2025-04-11 15:59:08,086 - INFO - Successfully clicked on Page Option Values and Add new Value
2025-04-11 15:59:08,086 - INFO - Parsed 1 materials from name value: ['0,40 mm starker Chromokarton 255g für 1mm Mappen-Füllhöhe (zertifiziert mit PEFC-Siegel für Nachhaltigkeit), hohe Steifigkeit mit 1,6-fachem Volumen,\n2- 0,40 mm starker Chromokarton 255g für 3mm Mappen-Füllhöhe (zertifiziert mit PEFC-Siegel für Nachhaltigkeit), hohe Steifigkeit mit 1,6-fachem Volumen,\n3- 0,40 mm starker Chromokarton 255g für 5mm Mappen-Füllhöhe (zertifiziert mit PEFC-Siegel für Nachhaltigkeit), hohe Steifigkeit mit 1,6-fachem Volumen,\n4- 0,40 mm starker Chromokarton 255g für 10mm Mappen-Füllhöhe (zertifiziert mit PEFC-Siegel für Nachhaltigkeit), hohe Steifigkeit mit 1,6-fachem Volumen,\n5- 0,36 mm starker Bilderdruckkarton 350g matt für 1mm Mappen-Füllhöhe (zertifiziert mit FSC-Siegel), mittlere Steifigkeit,\n6- 0,36 mm starker Bilderdruckkarton 350g matt für 3mm Mappen-Füllhöhe (zertifiziert mit FSC-Siegel), mittlere Steifigkeit,\n7- 0,36 mm starker Bilderdruckkarton 350g matt für 5mm Mappen-Füllhöhe (zertifiziert mit FSC-Siegel), mittlere Steifigkeit,\n8- 0,36 mm starker Bilderdruckkarton 350g matt für 10mm Mappen-Füllhöhe (zertifiziert mit FSC-Siegel), mittlere Steifigkeit']
2025-04-11 15:59:08,088 - INFO - Parsed 8 materials from code value: ['mappe_a4_2t_2l_44_uvlack_0_40mm_chromokarton_255g_1mm_pefc_1_6vol', 'mappe_a4_2t_2l_44_uvlack_0_40mm_chromokarton_255g_3mm_pefc_1_6vol', 'mappe_a4_2t_2l_44_uvlack_0_40mm_chromokarton_255g_5mm_pefc_1_6vol', 'mappe_a4_2t_2l_44_uvlack_0_40mm_chromokarton_255g_10mm_pefc_1_6vol', 'mappe_a4_2t_2l_44_uvlack_0_36mm_bilderdruckkarton_350g_1mm_matt_fsc', 'mappe_a4_2t_2l_44_uvlack_0_36mm_bilderdruckkarton_350g_3mm_matt_fsc', 'mappe_a4_2t_2l_44_uvlack_0_36mm_bilderdruckkarton_350g_5mm_matt_fsc', 'mappe_a4_2t_2l_44_uvlack_0_36mm_bilderdruckkarton_350g_10mm_matt_fsc']
2025-04-11 15:59:08,088 - INFO - Processing material 1/1: Name=0,40 mm starker Chromokarton 255g für 1mm Mappen-Füllhöhe (zertifiziert mit PEFC-Siegel für Nachhaltigkeit), hohe Steifigkeit mit 1,6-fachem Volumen,
2- 0,40 mm starker Chromokarton 255g für 3mm Mappen-Füllhöhe (zertifiziert mit PEFC-Siegel für Nachhaltigkeit), hohe Steifigkeit mit 1,6-fachem Volumen,
3- 0,40 mm starker Chromokarton 255g für 5mm Mappen-Füllhöhe (zertifiziert mit PEFC-Siegel für Nachhaltigkeit), hohe Steifigkeit mit 1,6-fachem Volumen,
4- 0,40 mm starker Chromokarton 255g für 10mm Mappen-Füllhöhe (zertifiziert mit PEFC-Siegel für Nachhaltigkeit), hohe Steifigkeit mit 1,6-fachem Volumen,
5- 0,36 mm starker Bilderdruckkarton 350g matt für 1mm Mappen-Füllhöhe (zertifiziert mit FSC-Siegel), mittlere Steifigkeit,
6- 0,36 mm starker Bilderdruckkarton 350g matt für 3mm Mappen-Füllhöhe (zertifiziert mit FSC-Siegel), mittlere Steifigkeit,
7- 0,36 mm starker Bilderdruckkarton 350g matt für 5mm Mappen-Füllhöhe (zertifiziert mit FSC-Siegel), mittlere Steifigkeit,
8- 0,36 mm starker Bilderdruckkarton 350g matt für 10mm Mappen-Füllhöhe (zertifiziert mit FSC-Siegel), mittlere Steifigkeit, Code=mappe_a4_2t_2l_44_uvlack_0_40mm_chromokarton_255g_1mm_pefc_1_6vol, Position=0
2025-04-11 15:59:10,222 - INFO - JavaScript fill result for material 1: {'codeFieldFound': True, 'codeFieldValue': 'mappe_a4_2t_2l_44_uvlack_0_40mm_chromokarton_255g_1mm_pefc_1_6vol', 'nameFieldFound': True, 'nameFieldValue': '0,40 mm starker Chromokarton 255g für 1mm Mappen-Füllhöhe (zertifiziert mit PEFC-Siegel für Nachhaltigkeit), hohe Steifigkeit mit 1,6-fachem Volumen,2- 0,40 mm starker Chromokarton 255g für 3mm Mappen-Füllhöhe (zertifiziert mit PEFC-Siegel für Nachhaltigkeit), hohe Steifigkeit mit 1,6-fachem Volumen,3- 0,40 mm starker Chromokarton 255g für 5mm Mappen-Füllhöhe (zertifiziert mit PEFC-Siegel für Nachhaltigkeit), hohe Steifigkeit mit 1,6-fachem Volumen,4- 0,40 mm starker Chromokarton 255g für 10mm Mappen-Füllhöhe (zertifiziert mit PEFC-Siegel für Nachhaltigkeit), hohe Steifigkeit mit 1,6-fachem Volumen,5- 0,36 mm starker Bilderdruckkarton 350g matt für 1mm Mappen-Füllhöhe (zertifiziert mit FSC-Siegel), mittlere Steifigkeit,6- 0,36 mm starker Bilderdruckkarton 350g matt für 3mm Mappen-Füllhöhe (zertifiziert mit FSC-Siegel), mittlere Steifigkeit,7- 0,36 mm starker Bilderdruckkarton 350g matt für 5mm Mappen-Füllhöhe (zertifiziert mit FSC-Siegel), mittlere Steifigkeit,8- 0,36 mm starker Bilderdruckkarton 350g matt für 10mm Mappen-Füllhöhe (zertifiziert mit FSC-Siegel), mittlere Steifigkeit', 'positionFieldFound': True, 'positionFieldValue': '0'}
2025-04-11 15:59:11,329 - INFO - Starting popup modal Save button click function
2025-04-11 15:59:11,340 - INFO - Found modal popup
2025-04-11 15:59:11,348 - WARNING - Could not find Save button in modal: Message: no such element: Unable to locate element: {"method":"css selector","selector":"button#save, button.action-primary, button[title='Save'], button.primary"}
  (Session info: chrome=135.0.7049.85); For documentation on this error, please visit: https://www.selenium.dev/documentation/webdriver/troubleshooting/errors#no-such-element-exception
Stacktrace:
	GetHandleVerifier [0x012480E3+60707]
	GetHandleVerifier [0x01248124+60772]
	(No symbol) [0x01070683]
	(No symbol) [0x010B8660]
	(No symbol) [0x010B89FB]
	(No symbol) [0x010ADD81]
	(No symbol) [0x010DD094]
	(No symbol) [0x010ADCA4]
	(No symbol) [0x010DD2C4]
	(No symbol) [0x010FE824]
	(No symbol) [0x010DCE46]
	(No symbol) [0x010AC5D3]
	(No symbol) [0x010AD424]
	GetHandleVerifier [0x0148BBC3+2435075]
	GetHandleVerifier [0x01487163+2416035]
	GetHandleVerifier [0x014A350C+2531660]
	GetHandleVerifier [0x0125F1B5+155125]
	GetHandleVerifier [0x01265B5D+182173]
	GetHandleVerifier [0x0124F9B8+91640]
	GetHandleVerifier [0x0124FB60+92064]
	GetHandleVerifier [0x0123A620+4704]
	BaseThreadInitThunk [0x75897BA9+25]
	RtlInitializeExceptionChain [0x7765C2EB+107]
	RtlClearBits [0x7765C26F+191]

2025-04-11 15:59:11,368 - WARNING - Title-based approach failed: Message: no such element: Unable to locate element: {"method":"xpath","selector":"//div[contains(text(), 'Page Option Value')]"}
  (Session info: chrome=135.0.7049.85); For documentation on this error, please visit: https://www.selenium.dev/documentation/webdriver/troubleshooting/errors#no-such-element-exception
Stacktrace:
	GetHandleVerifier [0x012480E3+60707]
	GetHandleVerifier [0x01248124+60772]
	(No symbol) [0x01070683]
	(No symbol) [0x010B8660]
	(No symbol) [0x010B89FB]
	(No symbol) [0x01101022]
	(No symbol) [0x010DD094]
	(No symbol) [0x010FE824]
	(No symbol) [0x010DCE46]
	(No symbol) [0x010AC5D3]
	(No symbol) [0x010AD424]
	GetHandleVerifier [0x0148BBC3+2435075]
	GetHandleVerifier [0x01487163+2416035]
	GetHandleVerifier [0x014A350C+2531660]
	GetHandleVerifier [0x0125F1B5+155125]
	GetHandleVerifier [0x01265B5D+182173]
	GetHandleVerifier [0x0124F9B8+91640]
	GetHandleVerifier [0x0124FB60+92064]
	GetHandleVerifier [0x0123A620+4704]
	BaseThreadInitThunk [0x75897BA9+25]
	RtlInitializeExceptionChain [0x7765C2EB+107]
	RtlClearBits [0x7765C26F+191]

2025-04-11 15:59:11,378 - WARNING - JavaScript approach could not find modal Save button
2025-04-11 15:59:11,378 - INFO - Looking for most recently added Save button
2025-04-11 15:59:11,879 - INFO - Clicked most recently added Save button
2025-04-11 15:59:11,879 - INFO - Successfully saved material 1
2025-04-11 15:59:13,880 - INFO - All materials processed, now clicking main save
2025-04-11 15:59:13,880 - INFO - Refreshing page...
2025-04-11 15:59:14,169 - INFO - Page refreshed successfully
2025-04-11 15:59:15,201 - INFO - Clicked main Save button in top-right corner
2025-04-11 15:59:16,202 - INFO - Successfully saved all page option values
2025-04-11 15:59:16,202 - INFO - Successfully filled and saved the form
2025-04-11 15:59:16,202 - INFO - Starting popup modal Save button click function
2025-04-11 15:59:16,208 - INFO - Found modal popup
2025-04-11 15:59:16,213 - WARNING - Could not find Save button in modal: Message: no such element: Unable to locate element: {"method":"css selector","selector":"button#save, button.action-primary, button[title='Save'], button.primary"}
  (Session info: chrome=135.0.7049.85); For documentation on this error, please visit: https://www.selenium.dev/documentation/webdriver/troubleshooting/errors#no-such-element-exception
Stacktrace:
	GetHandleVerifier [0x012480E3+60707]
	GetHandleVerifier [0x01248124+60772]
	(No symbol) [0x01070683]
	(No symbol) [0x010B8660]
	(No symbol) [0x010B89FB]
	(No symbol) [0x010ADD81]
	(No symbol) [0x010DD094]
	(No symbol) [0x010ADCA4]
	(No symbol) [0x010DD2C4]
	(No symbol) [0x010FE824]
	(No symbol) [0x010DCE46]
	(No symbol) [0x010AC5D3]
	(No symbol) [0x010AD424]
	GetHandleVerifier [0x0148BBC3+2435075]
	GetHandleVerifier [0x01487163+2416035]
	GetHandleVerifier [0x014A350C+2531660]
	GetHandleVerifier [0x0125F1B5+155125]
	GetHandleVerifier [0x01265B5D+182173]
	GetHandleVerifier [0x0124F9B8+91640]
	GetHandleVerifier [0x0124FB60+92064]
	GetHandleVerifier [0x0123A620+4704]
	BaseThreadInitThunk [0x75897BA9+25]
	RtlInitializeExceptionChain [0x7765C2EB+107]
	RtlClearBits [0x7765C26F+191]

2025-04-11 15:59:16,220 - WARNING - Title-based approach failed: Message: no such element: Unable to locate element: {"method":"xpath","selector":"//div[contains(text(), 'Page Option Value')]"}
  (Session info: chrome=135.0.7049.85); For documentation on this error, please visit: https://www.selenium.dev/documentation/webdriver/troubleshooting/errors#no-such-element-exception
Stacktrace:
	GetHandleVerifier [0x012480E3+60707]
	GetHandleVerifier [0x01248124+60772]
	(No symbol) [0x01070683]
	(No symbol) [0x010B8660]
	(No symbol) [0x010B89FB]
	(No symbol) [0x01101022]
	(No symbol) [0x010DD094]
	(No symbol) [0x010FE824]
	(No symbol) [0x010DCE46]
	(No symbol) [0x010AC5D3]
	(No symbol) [0x010AD424]
	GetHandleVerifier [0x0148BBC3+2435075]
	GetHandleVerifier [0x01487163+2416035]
	GetHandleVerifier [0x014A350C+2531660]
	GetHandleVerifier [0x0125F1B5+155125]
	GetHandleVerifier [0x01265B5D+182173]
	GetHandleVerifier [0x0124F9B8+91640]
	GetHandleVerifier [0x0124FB60+92064]
	GetHandleVerifier [0x0123A620+4704]
	BaseThreadInitThunk [0x75897BA9+25]
	RtlInitializeExceptionChain [0x7765C2EB+107]
	RtlClearBits [0x7765C26F+191]

2025-04-11 15:59:16,223 - WARNING - JavaScript approach could not find modal Save button
2025-04-11 15:59:16,223 - INFO - Looking for most recently added Save button
2025-04-11 15:59:16,228 - WARNING - No Save buttons found
2025-04-11 15:59:16,228 - INFO - Successfully clicked modal save button.
2025-04-11 15:59:16,228 - INFO - Refreshing page...
2025-04-11 15:59:16,423 - INFO - Page refreshed successfully
2025-04-11 15:59:17,621 - INFO - Clicked main Save button in top-right corner
2025-04-11 15:59:18,622 - INFO - Successfully clicked modal save button.
2025-04-11 15:59:18,622 - INFO - Starting process to add a new product part from CSV
2025-04-11 15:59:18,622 - INFO - Clicking on CLOUDLAB icon using the Catalog approach...
2025-04-11 15:59:18,649 - INFO - Clicked on CLOUDLAB icon using Catalog approach
2025-04-11 15:59:20,650 - INFO - Clicking on Product Parts submenu using Catalog Products approach...
2025-04-11 15:59:35,860 - WARNING - Catalog approach failed for Product Parts: Message: 
Stacktrace:
	GetHandleVerifier [0x012480E3+60707]
	GetHandleVerifier [0x01248124+60772]
	(No symbol) [0x01070683]
	(No symbol) [0x010B8660]
	(No symbol) [0x010B89FB]
	(No symbol) [0x01101022]
	(No symbol) [0x010DD094]
	(No symbol) [0x010FE824]
	(No symbol) [0x010DCE46]
	(No symbol) [0x010AC5D3]
	(No symbol) [0x010AD424]
	GetHandleVerifier [0x0148BBC3+2435075]
	GetHandleVerifier [0x01487163+2416035]
	GetHandleVerifier [0x014A350C+2531660]
	GetHandleVerifier [0x0125F1B5+155125]
	GetHandleVerifier [0x01265B5D+182173]
	GetHandleVerifier [0x0124F9B8+91640]
	GetHandleVerifier [0x0124FB60+92064]
	GetHandleVerifier [0x0123A620+4704]
	BaseThreadInitThunk [0x75897BA9+25]
	RtlInitializeExceptionChain [0x7765C2EB+107]
	RtlClearBits [0x7765C26F+191]

2025-04-11 15:59:37,466 - INFO - Clicked on Product Parts by text
2025-04-11 15:59:38,541 - INFO - Successfully navigated to Product Parts page
2025-04-11 15:59:38,541 - INFO - Clicking on Add New Part button
