2025-04-11 13:02:37,372 - INFO - Logging initialized. Log file: C:\Users\g.yilmaz\Desktop\Magento_otomation\Done\logs\printnet_automation_20250411_130237.log
2025-04-11 13:02:37,375 - INFO - Logging initialized. Log file: C:\Users\g.yilmaz\Desktop\Magento_otomation\Done\logs\skynet_fixed_price_20250411_130237.log
2025-04-11 13:02:37,377 - INFO - Logging initialized. Log file: C:\Users\g.yilmaz\Desktop\Magento_otomation\Done\logs\printnet_fixed_price_20250411_130237.log
2025-04-11 13:02:37,460 - INFO - Logging initialized. Log file: C:\Users\g.yilmaz\Desktop\Magento_otomation\Done\logs\skynet_page_options_20250411_130237.log
2025-04-11 13:02:43,230 - INFO - Toplam 1 ürün eklenecek.
2025-04-11 13:02:43,230 - INFO - ====== WebDriver manager ======
2025-04-11 13:02:44,201 - INFO - Get LATEST chromedriver version for google-chrome
2025-04-11 13:02:44,259 - INFO - Get LATEST chromedriver version for google-chrome
2025-04-11 13:02:44,323 - INFO - Driver [C:\Users\g.yilmaz\.wdm\drivers\chromedriver\win64\135.0.7049.84\chromedriver-win32/chromedriver.exe] found in cache
2025-04-11 13:02:45,366 - INFO - Chrome WebDriver initialized successfully
2025-04-11 13:02:45,370 - INFO - Navigating to https://skynet.networkhero.eu/y5id_dashboard/admin/
2025-04-11 13:02:46,123 - INFO - Username entered
2025-04-11 13:02:46,253 - INFO - Password entered
2025-04-11 13:02:46,678 - INFO - Login button clicked
2025-04-11 13:02:46,680 - INFO - Waiting for you to enter Google Authenticator code...
2025-04-11 13:02:56,449 - INFO - Login successful
2025-04-11 13:02:56,449 - INFO - Clicking on CLOUDLAB icon using the Catalog approach...
2025-04-11 13:02:56,503 - INFO - Clicked on CLOUDLAB icon using Catalog approach
2025-04-11 13:02:56,503 - INFO - Successfully clicked on CloudLab
2025-04-11 13:02:56,503 - INFO - Clicking on Page Options submenu...
2025-04-11 13:02:56,783 - INFO - Clicked on Page Options using XPath approach
2025-04-11 13:02:56,824 - INFO - Successfully navigated to Page Options page
2025-04-11 13:02:56,824 - INFO - Successfully clicked on Page Options
2025-04-11 13:02:56,824 - INFO - Looking for Code search field
2025-04-11 13:02:56,950 - INFO - Entered 'paper_wmd' in Code search field
2025-04-11 13:02:58,020 - WARNING - Could not find search button, trying to press Enter instead: Message: 

2025-04-11 13:02:58,056 - INFO - Pressed Enter to search
2025-04-11 13:02:58,056 - INFO - Looking for the second Material option in search results
2025-04-11 13:02:58,069 - INFO - Found 20 rows in the search results
2025-04-11 13:02:58,183 - WARNING - Error processing row: Message: stale element reference: stale element not found in the current frame
  (Session info: chrome=135.0.7049.85); For documentation on this error, please visit: https://www.selenium.dev/documentation/webdriver/troubleshooting/errors#stale-element-reference-exception
Stacktrace:
	GetHandleVerifier [0x012480E3+60707]
	GetHandleVerifier [0x01248124+60772]
	(No symbol) [0x01070683]
	(No symbol) [0x01076DE7]
	(No symbol) [0x010790DA]
	(No symbol) [0x01079157]
	(No symbol) [0x010B336E]
	(No symbol) [0x010DD04C]
	(No symbol) [0x010ADCA4]
	(No symbol) [0x010DD2C4]
	(No symbol) [0x010FE824]
	(No symbol) [0x010DCE46]
	(No symbol) [0x010AC5D3]
	(No symbol) [0x010AD424]
	GetHandleVerifier [0x0148BBC3+2435075]
	GetHandleVerifier [0x01487163+2416035]
	GetHandleVerifier [0x014A350C+2531660]
	GetHandleVerifier [0x0125F1B5+155125]
	GetHandleVerifier [0x01265B5D+182173]
	GetHandleVerifier [0x0124F9B8+91640]
	GetHandleVerifier [0x0124FB60+92064]
	GetHandleVerifier [0x0123A620+4704]
	BaseThreadInitThunk [0x75897BA9+25]
	RtlInitializeExceptionChain [0x7765C2EB+107]
	RtlClearBits [0x7765C26F+191]

2025-04-11 13:02:58,191 - WARNING - Error processing row: Message: stale element reference: stale element not found in the current frame
  (Session info: chrome=135.0.7049.85); For documentation on this error, please visit: https://www.selenium.dev/documentation/webdriver/troubleshooting/errors#stale-element-reference-exception
Stacktrace:
	GetHandleVerifier [0x012480E3+60707]
	GetHandleVerifier [0x01248124+60772]
	(No symbol) [0x01070683]
	(No symbol) [0x01076DE7]
	(No symbol) [0x010790DA]
	(No symbol) [0x01079157]
	(No symbol) [0x010B7EF4]
	(No symbol) [0x010B89FB]
	(No symbol) [0x010AE131]
	(No symbol) [0x010DD094]
	(No symbol) [0x010ADCA4]
	(No symbol) [0x010DD2C4]
	(No symbol) [0x010FE824]
	(No symbol) [0x010DCE46]
	(No symbol) [0x010AC5D3]
	(No symbol) [0x010AD424]
	GetHandleVerifier [0x0148BBC3+2435075]
	GetHandleVerifier [0x01487163+2416035]
	GetHandleVerifier [0x014A350C+2531660]
	GetHandleVerifier [0x0125F1B5+155125]
	GetHandleVerifier [0x01265B5D+182173]
	GetHandleVerifier [0x0124F9B8+91640]
	GetHandleVerifier [0x0124FB60+92064]
	GetHandleVerifier [0x0123A620+4704]
	BaseThreadInitThunk [0x75897BA9+25]
	RtlInitializeExceptionChain [0x7765C2EB+107]
	RtlClearBits [0x7765C26F+191]

2025-04-11 13:02:58,199 - WARNING - Error processing row: Message: stale element reference: stale element not found in the current frame
  (Session info: chrome=135.0.7049.85); For documentation on this error, please visit: https://www.selenium.dev/documentation/webdriver/troubleshooting/errors#stale-element-reference-exception
Stacktrace:
	GetHandleVerifier [0x012480E3+60707]
	GetHandleVerifier [0x01248124+60772]
	(No symbol) [0x01070683]
	(No symbol) [0x01076DE7]
	(No symbol) [0x010790DA]
	(No symbol) [0x01079157]
	(No symbol) [0x010B7EF4]
	(No symbol) [0x010B89FB]
	(No symbol) [0x010AE131]
	(No symbol) [0x010DD094]
	(No symbol) [0x010ADCA4]
	(No symbol) [0x010DD2C4]
	(No symbol) [0x010FE824]
	(No symbol) [0x010DCE46]
	(No symbol) [0x010AC5D3]
	(No symbol) [0x010AD424]
	GetHandleVerifier [0x0148BBC3+2435075]
	GetHandleVerifier [0x01487163+2416035]
	GetHandleVerifier [0x014A350C+2531660]
	GetHandleVerifier [0x0125F1B5+155125]
	GetHandleVerifier [0x01265B5D+182173]
	GetHandleVerifier [0x0124F9B8+91640]
	GetHandleVerifier [0x0124FB60+92064]
	GetHandleVerifier [0x0123A620+4704]
	BaseThreadInitThunk [0x75897BA9+25]
	RtlInitializeExceptionChain [0x7765C2EB+107]
	RtlClearBits [0x7765C26F+191]

2025-04-11 13:02:58,208 - WARNING - Error processing row: Message: stale element reference: stale element not found in the current frame
  (Session info: chrome=135.0.7049.85); For documentation on this error, please visit: https://www.selenium.dev/documentation/webdriver/troubleshooting/errors#stale-element-reference-exception
Stacktrace:
	GetHandleVerifier [0x012480E3+60707]
	GetHandleVerifier [0x01248124+60772]
	(No symbol) [0x01070683]
	(No symbol) [0x01076DE7]
	(No symbol) [0x010790DA]
	(No symbol) [0x01079157]
	(No symbol) [0x010B7EF4]
	(No symbol) [0x010B89FB]
	(No symbol) [0x010AE131]
	(No symbol) [0x010DD094]
	(No symbol) [0x010ADCA4]
	(No symbol) [0x010DD2C4]
	(No symbol) [0x010FE824]
	(No symbol) [0x010DCE46]
	(No symbol) [0x010AC5D3]
	(No symbol) [0x010AD424]
	GetHandleVerifier [0x0148BBC3+2435075]
	GetHandleVerifier [0x01487163+2416035]
	GetHandleVerifier [0x014A350C+2531660]
	GetHandleVerifier [0x0125F1B5+155125]
	GetHandleVerifier [0x01265B5D+182173]
	GetHandleVerifier [0x0124F9B8+91640]
	GetHandleVerifier [0x0124FB60+92064]
	GetHandleVerifier [0x0123A620+4704]
	BaseThreadInitThunk [0x75897BA9+25]
	RtlInitializeExceptionChain [0x7765C2EB+107]
	RtlClearBits [0x7765C26F+191]

2025-04-11 13:02:58,215 - WARNING - Error processing row: Message: stale element reference: stale element not found in the current frame
  (Session info: chrome=135.0.7049.85); For documentation on this error, please visit: https://www.selenium.dev/documentation/webdriver/troubleshooting/errors#stale-element-reference-exception
Stacktrace:
	GetHandleVerifier [0x012480E3+60707]
	GetHandleVerifier [0x01248124+60772]
	(No symbol) [0x01070683]
	(No symbol) [0x01076DE7]
	(No symbol) [0x010790DA]
	(No symbol) [0x01079157]
	(No symbol) [0x010B7EF4]
	(No symbol) [0x010B89FB]
	(No symbol) [0x010AE131]
	(No symbol) [0x010DD094]
	(No symbol) [0x010ADCA4]
	(No symbol) [0x010DD2C4]
	(No symbol) [0x010FE824]
	(No symbol) [0x010DCE46]
	(No symbol) [0x010AC5D3]
	(No symbol) [0x010AD424]
	GetHandleVerifier [0x0148BBC3+2435075]
	GetHandleVerifier [0x01487163+2416035]
	GetHandleVerifier [0x014A350C+2531660]
	GetHandleVerifier [0x0125F1B5+155125]
	GetHandleVerifier [0x01265B5D+182173]
	GetHandleVerifier [0x0124F9B8+91640]
	GetHandleVerifier [0x0124FB60+92064]
	GetHandleVerifier [0x0123A620+4704]
	BaseThreadInitThunk [0x75897BA9+25]
	RtlInitializeExceptionChain [0x7765C2EB+107]
	RtlClearBits [0x7765C26F+191]

2025-04-11 13:02:58,221 - WARNING - Error processing row: Message: stale element reference: stale element not found in the current frame
  (Session info: chrome=135.0.7049.85); For documentation on this error, please visit: https://www.selenium.dev/documentation/webdriver/troubleshooting/errors#stale-element-reference-exception
Stacktrace:
	GetHandleVerifier [0x012480E3+60707]
	GetHandleVerifier [0x01248124+60772]
	(No symbol) [0x01070683]
	(No symbol) [0x01076DE7]
	(No symbol) [0x010790DA]
	(No symbol) [0x01079157]
	(No symbol) [0x010B7EF4]
	(No symbol) [0x010B89FB]
	(No symbol) [0x010AE131]
	(No symbol) [0x010DD094]
	(No symbol) [0x010ADCA4]
	(No symbol) [0x010DD2C4]
	(No symbol) [0x010FE824]
	(No symbol) [0x010DCE46]
	(No symbol) [0x010AC5D3]
	(No symbol) [0x010AD424]
	GetHandleVerifier [0x0148BBC3+2435075]
	GetHandleVerifier [0x01487163+2416035]
	GetHandleVerifier [0x014A350C+2531660]
	GetHandleVerifier [0x0125F1B5+155125]
	GetHandleVerifier [0x01265B5D+182173]
	GetHandleVerifier [0x0124F9B8+91640]
	GetHandleVerifier [0x0124FB60+92064]
	GetHandleVerifier [0x0123A620+4704]
	BaseThreadInitThunk [0x75897BA9+25]
	RtlInitializeExceptionChain [0x7765C2EB+107]
	RtlClearBits [0x7765C26F+191]

2025-04-11 13:02:58,227 - WARNING - Error processing row: Message: stale element reference: stale element not found in the current frame
  (Session info: chrome=135.0.7049.85); For documentation on this error, please visit: https://www.selenium.dev/documentation/webdriver/troubleshooting/errors#stale-element-reference-exception
Stacktrace:
	GetHandleVerifier [0x012480E3+60707]
	GetHandleVerifier [0x01248124+60772]
	(No symbol) [0x01070683]
	(No symbol) [0x01076DE7]
	(No symbol) [0x010790DA]
	(No symbol) [0x01079157]
	(No symbol) [0x010B7EF4]
	(No symbol) [0x010B89FB]
	(No symbol) [0x010AE131]
	(No symbol) [0x010DD094]
	(No symbol) [0x010ADCA4]
	(No symbol) [0x010DD2C4]
	(No symbol) [0x010FE824]
	(No symbol) [0x010DCE46]
	(No symbol) [0x010AC5D3]
	(No symbol) [0x010AD424]
	GetHandleVerifier [0x0148BBC3+2435075]
	GetHandleVerifier [0x01487163+2416035]
	GetHandleVerifier [0x014A350C+2531660]
	GetHandleVerifier [0x0125F1B5+155125]
	GetHandleVerifier [0x01265B5D+182173]
	GetHandleVerifier [0x0124F9B8+91640]
	GetHandleVerifier [0x0124FB60+92064]
	GetHandleVerifier [0x0123A620+4704]
	BaseThreadInitThunk [0x75897BA9+25]
	RtlInitializeExceptionChain [0x7765C2EB+107]
	RtlClearBits [0x7765C26F+191]

2025-04-11 13:02:58,235 - WARNING - Error processing row: Message: stale element reference: stale element not found in the current frame
  (Session info: chrome=135.0.7049.85); For documentation on this error, please visit: https://www.selenium.dev/documentation/webdriver/troubleshooting/errors#stale-element-reference-exception
Stacktrace:
	GetHandleVerifier [0x012480E3+60707]
	GetHandleVerifier [0x01248124+60772]
	(No symbol) [0x01070683]
	(No symbol) [0x01076DE7]
	(No symbol) [0x010790DA]
	(No symbol) [0x01079157]
	(No symbol) [0x010B7EF4]
	(No symbol) [0x010B89FB]
	(No symbol) [0x010AE131]
	(No symbol) [0x010DD094]
	(No symbol) [0x010ADCA4]
	(No symbol) [0x010DD2C4]
	(No symbol) [0x010FE824]
	(No symbol) [0x010DCE46]
	(No symbol) [0x010AC5D3]
	(No symbol) [0x010AD424]
	GetHandleVerifier [0x0148BBC3+2435075]
	GetHandleVerifier [0x01487163+2416035]
	GetHandleVerifier [0x014A350C+2531660]
	GetHandleVerifier [0x0125F1B5+155125]
	GetHandleVerifier [0x01265B5D+182173]
	GetHandleVerifier [0x0124F9B8+91640]
	GetHandleVerifier [0x0124FB60+92064]
	GetHandleVerifier [0x0123A620+4704]
	BaseThreadInitThunk [0x75897BA9+25]
	RtlInitializeExceptionChain [0x7765C2EB+107]
	RtlClearBits [0x7765C26F+191]

2025-04-11 13:02:58,240 - WARNING - Error processing row: Message: stale element reference: stale element not found in the current frame
  (Session info: chrome=135.0.7049.85); For documentation on this error, please visit: https://www.selenium.dev/documentation/webdriver/troubleshooting/errors#stale-element-reference-exception
Stacktrace:
	GetHandleVerifier [0x012480E3+60707]
	GetHandleVerifier [0x01248124+60772]
	(No symbol) [0x01070683]
	(No symbol) [0x01076DE7]
	(No symbol) [0x010790DA]
	(No symbol) [0x01079157]
	(No symbol) [0x010B7EF4]
	(No symbol) [0x010B89FB]
	(No symbol) [0x010AE131]
	(No symbol) [0x010DD094]
	(No symbol) [0x010ADCA4]
	(No symbol) [0x010DD2C4]
	(No symbol) [0x010FE824]
	(No symbol) [0x010DCE46]
	(No symbol) [0x010AC5D3]
	(No symbol) [0x010AD424]
	GetHandleVerifier [0x0148BBC3+2435075]
	GetHandleVerifier [0x01487163+2416035]
	GetHandleVerifier [0x014A350C+2531660]
	GetHandleVerifier [0x0125F1B5+155125]
	GetHandleVerifier [0x01265B5D+182173]
	GetHandleVerifier [0x0124F9B8+91640]
	GetHandleVerifier [0x0124FB60+92064]
	GetHandleVerifier [0x0123A620+4704]
	BaseThreadInitThunk [0x75897BA9+25]
	RtlInitializeExceptionChain [0x7765C2EB+107]
	RtlClearBits [0x7765C26F+191]

2025-04-11 13:02:58,247 - WARNING - Error processing row: Message: stale element reference: stale element not found in the current frame
  (Session info: chrome=135.0.7049.85); For documentation on this error, please visit: https://www.selenium.dev/documentation/webdriver/troubleshooting/errors#stale-element-reference-exception
Stacktrace:
	GetHandleVerifier [0x012480E3+60707]
	GetHandleVerifier [0x01248124+60772]
	(No symbol) [0x01070683]
	(No symbol) [0x01076DE7]
	(No symbol) [0x010790DA]
	(No symbol) [0x01079157]
	(No symbol) [0x010B7EF4]
	(No symbol) [0x010B89FB]
	(No symbol) [0x010AE131]
	(No symbol) [0x010DD094]
	(No symbol) [0x010ADCA4]
	(No symbol) [0x010DD2C4]
	(No symbol) [0x010FE824]
	(No symbol) [0x010DCE46]
	(No symbol) [0x010AC5D3]
	(No symbol) [0x010AD424]
	GetHandleVerifier [0x0148BBC3+2435075]
	GetHandleVerifier [0x01487163+2416035]
	GetHandleVerifier [0x014A350C+2531660]
	GetHandleVerifier [0x0125F1B5+155125]
	GetHandleVerifier [0x01265B5D+182173]
	GetHandleVerifier [0x0124F9B8+91640]
	GetHandleVerifier [0x0124FB60+92064]
	GetHandleVerifier [0x0123A620+4704]
	BaseThreadInitThunk [0x75897BA9+25]
	RtlInitializeExceptionChain [0x7765C2EB+107]
	RtlClearBits [0x7765C26F+191]

2025-04-11 13:02:58,253 - WARNING - Error processing row: Message: stale element reference: stale element not found in the current frame
  (Session info: chrome=135.0.7049.85); For documentation on this error, please visit: https://www.selenium.dev/documentation/webdriver/troubleshooting/errors#stale-element-reference-exception
Stacktrace:
	GetHandleVerifier [0x012480E3+60707]
	GetHandleVerifier [0x01248124+60772]
	(No symbol) [0x01070683]
	(No symbol) [0x01076DE7]
	(No symbol) [0x010790DA]
	(No symbol) [0x01079157]
	(No symbol) [0x010B7EF4]
	(No symbol) [0x010B89FB]
	(No symbol) [0x010AE131]
	(No symbol) [0x010DD094]
	(No symbol) [0x010ADCA4]
	(No symbol) [0x010DD2C4]
	(No symbol) [0x010FE824]
	(No symbol) [0x010DCE46]
	(No symbol) [0x010AC5D3]
	(No symbol) [0x010AD424]
	GetHandleVerifier [0x0148BBC3+2435075]
	GetHandleVerifier [0x01487163+2416035]
	GetHandleVerifier [0x014A350C+2531660]
	GetHandleVerifier [0x0125F1B5+155125]
	GetHandleVerifier [0x01265B5D+182173]
	GetHandleVerifier [0x0124F9B8+91640]
	GetHandleVerifier [0x0124FB60+92064]
	GetHandleVerifier [0x0123A620+4704]
	BaseThreadInitThunk [0x75897BA9+25]
	RtlInitializeExceptionChain [0x7765C2EB+107]
	RtlClearBits [0x7765C26F+191]

2025-04-11 13:02:58,257 - WARNING - Error processing row: Message: stale element reference: stale element not found in the current frame
  (Session info: chrome=135.0.7049.85); For documentation on this error, please visit: https://www.selenium.dev/documentation/webdriver/troubleshooting/errors#stale-element-reference-exception
Stacktrace:
	GetHandleVerifier [0x012480E3+60707]
	GetHandleVerifier [0x01248124+60772]
	(No symbol) [0x01070683]
	(No symbol) [0x01076DE7]
	(No symbol) [0x010790DA]
	(No symbol) [0x01079157]
	(No symbol) [0x010B7EF4]
	(No symbol) [0x010B89FB]
	(No symbol) [0x010AE131]
	(No symbol) [0x010DD094]
	(No symbol) [0x010ADCA4]
	(No symbol) [0x010DD2C4]
	(No symbol) [0x010FE824]
	(No symbol) [0x010DCE46]
	(No symbol) [0x010AC5D3]
	(No symbol) [0x010AD424]
	GetHandleVerifier [0x0148BBC3+2435075]
	GetHandleVerifier [0x01487163+2416035]
	GetHandleVerifier [0x014A350C+2531660]
	GetHandleVerifier [0x0125F1B5+155125]
	GetHandleVerifier [0x01265B5D+182173]
	GetHandleVerifier [0x0124F9B8+91640]
	GetHandleVerifier [0x0124FB60+92064]
	GetHandleVerifier [0x0123A620+4704]
	BaseThreadInitThunk [0x75897BA9+25]
	RtlInitializeExceptionChain [0x7765C2EB+107]
	RtlClearBits [0x7765C26F+191]

2025-04-11 13:02:58,264 - WARNING - Error processing row: Message: stale element reference: stale element not found in the current frame
  (Session info: chrome=135.0.7049.85); For documentation on this error, please visit: https://www.selenium.dev/documentation/webdriver/troubleshooting/errors#stale-element-reference-exception
Stacktrace:
	GetHandleVerifier [0x012480E3+60707]
	GetHandleVerifier [0x01248124+60772]
	(No symbol) [0x01070683]
	(No symbol) [0x01076DE7]
	(No symbol) [0x010790DA]
	(No symbol) [0x01079157]
	(No symbol) [0x010B7EF4]
	(No symbol) [0x010B89FB]
	(No symbol) [0x010AE131]
	(No symbol) [0x010DD094]
	(No symbol) [0x010ADCA4]
	(No symbol) [0x010DD2C4]
	(No symbol) [0x010FE824]
	(No symbol) [0x010DCE46]
	(No symbol) [0x010AC5D3]
	(No symbol) [0x010AD424]
	GetHandleVerifier [0x0148BBC3+2435075]
	GetHandleVerifier [0x01487163+2416035]
	GetHandleVerifier [0x014A350C+2531660]
	GetHandleVerifier [0x0125F1B5+155125]
	GetHandleVerifier [0x01265B5D+182173]
	GetHandleVerifier [0x0124F9B8+91640]
	GetHandleVerifier [0x0124FB60+92064]
	GetHandleVerifier [0x0123A620+4704]
	BaseThreadInitThunk [0x75897BA9+25]
	RtlInitializeExceptionChain [0x7765C2EB+107]
	RtlClearBits [0x7765C26F+191]

2025-04-11 13:02:58,270 - WARNING - Error processing row: Message: stale element reference: stale element not found in the current frame
  (Session info: chrome=135.0.7049.85); For documentation on this error, please visit: https://www.selenium.dev/documentation/webdriver/troubleshooting/errors#stale-element-reference-exception
Stacktrace:
	GetHandleVerifier [0x012480E3+60707]
	GetHandleVerifier [0x01248124+60772]
	(No symbol) [0x01070683]
	(No symbol) [0x01076DE7]
	(No symbol) [0x010790DA]
	(No symbol) [0x01079157]
	(No symbol) [0x010B7EF4]
	(No symbol) [0x010B89FB]
	(No symbol) [0x010AE131]
	(No symbol) [0x010DD094]
	(No symbol) [0x010ADCA4]
	(No symbol) [0x010DD2C4]
	(No symbol) [0x010FE824]
	(No symbol) [0x010DCE46]
	(No symbol) [0x010AC5D3]
	(No symbol) [0x010AD424]
	GetHandleVerifier [0x0148BBC3+2435075]
	GetHandleVerifier [0x01487163+2416035]
	GetHandleVerifier [0x014A350C+2531660]
	GetHandleVerifier [0x0125F1B5+155125]
	GetHandleVerifier [0x01265B5D+182173]
	GetHandleVerifier [0x0124F9B8+91640]
	GetHandleVerifier [0x0124FB60+92064]
	GetHandleVerifier [0x0123A620+4704]
	BaseThreadInitThunk [0x75897BA9+25]
	RtlInitializeExceptionChain [0x7765C2EB+107]
	RtlClearBits [0x7765C26F+191]

2025-04-11 13:02:58,275 - WARNING - Error processing row: Message: stale element reference: stale element not found in the current frame
  (Session info: chrome=135.0.7049.85); For documentation on this error, please visit: https://www.selenium.dev/documentation/webdriver/troubleshooting/errors#stale-element-reference-exception
Stacktrace:
	GetHandleVerifier [0x012480E3+60707]
	GetHandleVerifier [0x01248124+60772]
	(No symbol) [0x01070683]
	(No symbol) [0x01076DE7]
	(No symbol) [0x010790DA]
	(No symbol) [0x01079157]
	(No symbol) [0x010B7EF4]
	(No symbol) [0x010B89FB]
	(No symbol) [0x010AE131]
	(No symbol) [0x010DD094]
	(No symbol) [0x010ADCA4]
	(No symbol) [0x010DD2C4]
	(No symbol) [0x010FE824]
	(No symbol) [0x010DCE46]
	(No symbol) [0x010AC5D3]
	(No symbol) [0x010AD424]
	GetHandleVerifier [0x0148BBC3+2435075]
	GetHandleVerifier [0x01487163+2416035]
	GetHandleVerifier [0x014A350C+2531660]
	GetHandleVerifier [0x0125F1B5+155125]
	GetHandleVerifier [0x01265B5D+182173]
	GetHandleVerifier [0x0124F9B8+91640]
	GetHandleVerifier [0x0124FB60+92064]
	GetHandleVerifier [0x0123A620+4704]
	BaseThreadInitThunk [0x75897BA9+25]
	RtlInitializeExceptionChain [0x7765C2EB+107]
	RtlClearBits [0x7765C26F+191]

2025-04-11 13:02:58,286 - WARNING - Error processing row: Message: stale element reference: stale element not found in the current frame
  (Session info: chrome=135.0.7049.85); For documentation on this error, please visit: https://www.selenium.dev/documentation/webdriver/troubleshooting/errors#stale-element-reference-exception
Stacktrace:
	GetHandleVerifier [0x012480E3+60707]
	GetHandleVerifier [0x01248124+60772]
	(No symbol) [0x01070683]
	(No symbol) [0x01076DE7]
	(No symbol) [0x010790DA]
	(No symbol) [0x01079157]
	(No symbol) [0x010B7EF4]
	(No symbol) [0x010B89FB]
	(No symbol) [0x010AE131]
	(No symbol) [0x010DD094]
	(No symbol) [0x010ADCA4]
	(No symbol) [0x010DD2C4]
	(No symbol) [0x010FE824]
	(No symbol) [0x010DCE46]
	(No symbol) [0x010AC5D3]
	(No symbol) [0x010AD424]
	GetHandleVerifier [0x0148BBC3+2435075]
	GetHandleVerifier [0x01487163+2416035]
	GetHandleVerifier [0x014A350C+2531660]
	GetHandleVerifier [0x0125F1B5+155125]
	GetHandleVerifier [0x01265B5D+182173]
	GetHandleVerifier [0x0124F9B8+91640]
	GetHandleVerifier [0x0124FB60+92064]
	GetHandleVerifier [0x0123A620+4704]
	BaseThreadInitThunk [0x75897BA9+25]
	RtlInitializeExceptionChain [0x7765C2EB+107]
	RtlClearBits [0x7765C26F+191]

2025-04-11 13:02:58,293 - WARNING - Error processing row: Message: stale element reference: stale element not found in the current frame
  (Session info: chrome=135.0.7049.85); For documentation on this error, please visit: https://www.selenium.dev/documentation/webdriver/troubleshooting/errors#stale-element-reference-exception
Stacktrace:
	GetHandleVerifier [0x012480E3+60707]
	GetHandleVerifier [0x01248124+60772]
	(No symbol) [0x01070683]
	(No symbol) [0x01076DE7]
	(No symbol) [0x010790DA]
	(No symbol) [0x01079157]
	(No symbol) [0x010B7EF4]
	(No symbol) [0x010B89FB]
	(No symbol) [0x010AE131]
	(No symbol) [0x010DD094]
	(No symbol) [0x010ADCA4]
	(No symbol) [0x010DD2C4]
	(No symbol) [0x010FE824]
	(No symbol) [0x010DCE46]
	(No symbol) [0x010AC5D3]
	(No symbol) [0x010AD424]
	GetHandleVerifier [0x0148BBC3+2435075]
	GetHandleVerifier [0x01487163+2416035]
	GetHandleVerifier [0x014A350C+2531660]
	GetHandleVerifier [0x0125F1B5+155125]
	GetHandleVerifier [0x01265B5D+182173]
	GetHandleVerifier [0x0124F9B8+91640]
	GetHandleVerifier [0x0124FB60+92064]
	GetHandleVerifier [0x0123A620+4704]
	BaseThreadInitThunk [0x75897BA9+25]
	RtlInitializeExceptionChain [0x7765C2EB+107]
	RtlClearBits [0x7765C26F+191]

2025-04-11 13:02:58,294 - WARNING - Not enough rows found in search results
2025-04-11 13:02:58,529 - INFO - Clicked on the first available Material element
2025-04-11 13:02:58,530 - INFO - Successfully completed search and click workflow
2025-04-11 13:02:58,530 - INFO - Looking for Page Option Values section
2025-04-11 13:02:58,550 - INFO - Scrolling down to find Page Option Values
2025-04-11 13:02:59,620 - INFO - Clicked on Page Option Values section
2025-04-11 13:03:05,143 - INFO - Successfully found and clicked button via JavaScript: Clicked button: 
    add new value

2025-04-11 13:03:05,144 - INFO - Successfully clicked on Page Option Values and Add new Value
2025-04-11 13:03:05,145 - INFO - Parsed 4 materials from name value: ['0,40 mm starker Chromokarton 255g (zertifiziert mit PEFC-Siegel für Nachhaltigkeit), hohe Steifigkeit mit 1,6-fachem Volumen', '0,36 mm starker Bilderdruckkarton 350g matt (zertifiziert mit FSC-Siegel), mittlere Steifigkeit', '0,36 mm starker Naturkarton 300g hochweiß (zertifiziert mit FSC-Siegel), hohe Steifigkeit mit 1,3-fachem Volumen', '0,36 mm starker Recyclingkarton 300g weiß (zertifiziert mit Blauer Engel und EU Ecolabel), mittlere Steifigkeit mit 1,25-fachem Volumen']
2025-04-11 13:03:05,145 - INFO - Parsed 4 materials from code value: ['mappe_a4_2t_44_praegung_gold_0_40mm_chromokarton_255g_pefc_1_6vol', 'mappe_a4_2t_44_praegung_gold_0_36mm_bilderdruckkarton_350g_matt_fsc', 'mappe_a4_2t_44_praegung_gold_0_36mm_naturkarton_300g_hochweiss_fsc_1_3vol', 'mappe_a4_2t_44_praegung_gold_0_36mm_recyclingkarton_300g_weiss_blauer_engel_eu_1_25vol']
2025-04-11 13:03:05,145 - INFO - Processing material 1/4: Name=0,40 mm starker Chromokarton 255g (zertifiziert mit PEFC-Siegel für Nachhaltigkeit), hohe Steifigkeit mit 1,6-fachem Volumen, Code=mappe_a4_2t_44_praegung_gold_0_40mm_chromokarton_255g_pefc_1_6vol, Position=0
2025-04-11 13:03:07,289 - INFO - JavaScript fill result for material 1: {'codeFieldFound': True, 'codeFieldValue': 'mappe_a4_2t_44_praegung_gold_0_40mm_chromokarton_255g_pefc_1_6vol', 'nameFieldFound': True, 'nameFieldValue': '0,40 mm starker Chromokarton 255g (zertifiziert mit PEFC-Siegel für Nachhaltigkeit), hohe Steifigkeit mit 1,6-fachem Volumen', 'positionFieldFound': True, 'positionFieldValue': '0'}
2025-04-11 13:03:08,402 - INFO - Starting popup modal Save button click function
2025-04-11 13:03:08,415 - INFO - Found modal popup
2025-04-11 13:03:08,424 - WARNING - Could not find Save button in modal: Message: no such element: Unable to locate element: {"method":"css selector","selector":"button#save, button.action-primary, button[title='Save'], button.primary"}
  (Session info: chrome=135.0.7049.85); For documentation on this error, please visit: https://www.selenium.dev/documentation/webdriver/troubleshooting/errors#no-such-element-exception
Stacktrace:
	GetHandleVerifier [0x012480E3+60707]
	GetHandleVerifier [0x01248124+60772]
	(No symbol) [0x01070683]
	(No symbol) [0x010B8660]
	(No symbol) [0x010B89FB]
	(No symbol) [0x010ADD81]
	(No symbol) [0x010DD094]
	(No symbol) [0x010ADCA4]
	(No symbol) [0x010DD2C4]
	(No symbol) [0x010FE824]
	(No symbol) [0x010DCE46]
	(No symbol) [0x010AC5D3]
	(No symbol) [0x010AD424]
	GetHandleVerifier [0x0148BBC3+2435075]
	GetHandleVerifier [0x01487163+2416035]
	GetHandleVerifier [0x014A350C+2531660]
	GetHandleVerifier [0x0125F1B5+155125]
	GetHandleVerifier [0x01265B5D+182173]
	GetHandleVerifier [0x0124F9B8+91640]
	GetHandleVerifier [0x0124FB60+92064]
	GetHandleVerifier [0x0123A620+4704]
	BaseThreadInitThunk [0x75897BA9+25]
	RtlInitializeExceptionChain [0x7765C2EB+107]
	RtlClearBits [0x7765C26F+191]

2025-04-11 13:03:08,447 - WARNING - Title-based approach failed: Message: no such element: Unable to locate element: {"method":"xpath","selector":"//div[contains(text(), 'Page Option Value')]"}
  (Session info: chrome=135.0.7049.85); For documentation on this error, please visit: https://www.selenium.dev/documentation/webdriver/troubleshooting/errors#no-such-element-exception
Stacktrace:
	GetHandleVerifier [0x012480E3+60707]
	GetHandleVerifier [0x01248124+60772]
	(No symbol) [0x01070683]
	(No symbol) [0x010B8660]
	(No symbol) [0x010B89FB]
	(No symbol) [0x01101022]
	(No symbol) [0x010DD094]
	(No symbol) [0x010FE824]
	(No symbol) [0x010DCE46]
	(No symbol) [0x010AC5D3]
	(No symbol) [0x010AD424]
	GetHandleVerifier [0x0148BBC3+2435075]
	GetHandleVerifier [0x01487163+2416035]
	GetHandleVerifier [0x014A350C+2531660]
	GetHandleVerifier [0x0125F1B5+155125]
	GetHandleVerifier [0x01265B5D+182173]
	GetHandleVerifier [0x0124F9B8+91640]
	GetHandleVerifier [0x0124FB60+92064]
	GetHandleVerifier [0x0123A620+4704]
	BaseThreadInitThunk [0x75897BA9+25]
	RtlInitializeExceptionChain [0x7765C2EB+107]
	RtlClearBits [0x7765C26F+191]

2025-04-11 13:03:08,457 - WARNING - JavaScript approach could not find modal Save button
2025-04-11 13:03:08,457 - INFO - Looking for most recently added Save button
2025-04-11 13:03:09,534 - INFO - Clicked most recently added Save button
2025-04-11 13:03:09,534 - INFO - Successfully saved material 1
2025-04-11 13:03:11,535 - INFO - Processing material 2/4: Name=0,36 mm starker Bilderdruckkarton 350g matt (zertifiziert mit FSC-Siegel), mittlere Steifigkeit, Code=mappe_a4_2t_44_praegung_gold_0_36mm_bilderdruckkarton_350g_matt_fsc, Position=0
2025-04-11 13:03:11,535 - INFO - Refreshing page for material 2
2025-04-11 13:03:12,124 - INFO - Page refreshed successfully
2025-04-11 13:03:12,124 - INFO - Looking for Page Option Values section
2025-04-11 13:03:12,148 - INFO - Scrolling down to find Page Option Values
2025-04-11 13:03:13,213 - INFO - Clicked on Page Option Values section
2025-04-11 13:03:18,443 - INFO - Successfully found and clicked button via JavaScript: Clicked button: 
    add new value

2025-04-11 13:03:22,549 - INFO - JavaScript fill result for material 2: {'codeFieldFound': True, 'codeFieldValue': 'mappe_a4_2t_44_praegung_gold_0_36mm_bilderdruckkarton_350g_matt_fsc', 'nameFieldFound': True, 'nameFieldValue': '0,36 mm starker Bilderdruckkarton 350g matt (zertifiziert mit FSC-Siegel), mittlere Steifigkeit', 'positionFieldFound': True, 'positionFieldValue': '0'}
2025-04-11 13:03:23,658 - INFO - Starting popup modal Save button click function
2025-04-11 13:03:23,671 - INFO - Found modal popup
2025-04-11 13:03:23,677 - WARNING - Could not find Save button in modal: Message: no such element: Unable to locate element: {"method":"css selector","selector":"button#save, button.action-primary, button[title='Save'], button.primary"}
  (Session info: chrome=135.0.7049.85); For documentation on this error, please visit: https://www.selenium.dev/documentation/webdriver/troubleshooting/errors#no-such-element-exception
Stacktrace:
	GetHandleVerifier [0x012480E3+60707]
	GetHandleVerifier [0x01248124+60772]
	(No symbol) [0x01070683]
	(No symbol) [0x010B8660]
	(No symbol) [0x010B89FB]
	(No symbol) [0x010ADD81]
	(No symbol) [0x010DD094]
	(No symbol) [0x010ADCA4]
	(No symbol) [0x010DD2C4]
	(No symbol) [0x010FE824]
	(No symbol) [0x010DCE46]
	(No symbol) [0x010AC5D3]
	(No symbol) [0x010AD424]
	GetHandleVerifier [0x0148BBC3+2435075]
	GetHandleVerifier [0x01487163+2416035]
	GetHandleVerifier [0x014A350C+2531660]
	GetHandleVerifier [0x0125F1B5+155125]
	GetHandleVerifier [0x01265B5D+182173]
	GetHandleVerifier [0x0124F9B8+91640]
	GetHandleVerifier [0x0124FB60+92064]
	GetHandleVerifier [0x0123A620+4704]
	BaseThreadInitThunk [0x75897BA9+25]
	RtlInitializeExceptionChain [0x7765C2EB+107]
	RtlClearBits [0x7765C26F+191]

2025-04-11 13:03:23,693 - WARNING - Title-based approach failed: Message: no such element: Unable to locate element: {"method":"xpath","selector":"//div[contains(text(), 'Page Option Value')]"}
  (Session info: chrome=135.0.7049.85); For documentation on this error, please visit: https://www.selenium.dev/documentation/webdriver/troubleshooting/errors#no-such-element-exception
Stacktrace:
	GetHandleVerifier [0x012480E3+60707]
	GetHandleVerifier [0x01248124+60772]
	(No symbol) [0x01070683]
	(No symbol) [0x010B8660]
	(No symbol) [0x010B89FB]
	(No symbol) [0x01101022]
	(No symbol) [0x010DD094]
	(No symbol) [0x010FE824]
	(No symbol) [0x010DCE46]
	(No symbol) [0x010AC5D3]
	(No symbol) [0x010AD424]
	GetHandleVerifier [0x0148BBC3+2435075]
	GetHandleVerifier [0x01487163+2416035]
	GetHandleVerifier [0x014A350C+2531660]
	GetHandleVerifier [0x0125F1B5+155125]
	GetHandleVerifier [0x01265B5D+182173]
	GetHandleVerifier [0x0124F9B8+91640]
	GetHandleVerifier [0x0124FB60+92064]
	GetHandleVerifier [0x0123A620+4704]
	BaseThreadInitThunk [0x75897BA9+25]
	RtlInitializeExceptionChain [0x7765C2EB+107]
	RtlClearBits [0x7765C26F+191]

2025-04-11 13:03:23,704 - WARNING - JavaScript approach could not find modal Save button
2025-04-11 13:03:23,704 - INFO - Looking for most recently added Save button
2025-04-11 13:03:24,784 - INFO - Clicked most recently added Save button
2025-04-11 13:03:24,784 - INFO - Successfully saved material 2
2025-04-11 13:03:26,785 - INFO - Processing material 3/4: Name=0,36 mm starker Naturkarton 300g hochweiß (zertifiziert mit FSC-Siegel), hohe Steifigkeit mit 1,3-fachem Volumen, Code=mappe_a4_2t_44_praegung_gold_0_36mm_naturkarton_300g_hochweiss_fsc_1_3vol, Position=0
2025-04-11 13:03:26,785 - INFO - Refreshing page for material 3
2025-04-11 13:03:27,306 - INFO - Page refreshed successfully
2025-04-11 13:03:27,306 - INFO - Looking for Page Option Values section
2025-04-11 13:03:27,314 - INFO - Scrolling down to find Page Option Values
2025-04-11 13:03:28,385 - INFO - Clicked on Page Option Values section
2025-04-11 13:03:33,215 - INFO - Successfully found and clicked button via JavaScript: Clicked button: 
    add new value

2025-04-11 13:03:37,337 - INFO - JavaScript fill result for material 3: {'codeFieldFound': True, 'codeFieldValue': 'mappe_a4_2t_44_praegung_gold_0_36mm_naturkarton_300g_hochweiss_fsc_1_3vol', 'nameFieldFound': True, 'nameFieldValue': '0,36 mm starker Naturkarton 300g hochweiß (zertifiziert mit FSC-Siegel), hohe Steifigkeit mit 1,3-fachem Volumen', 'positionFieldFound': True, 'positionFieldValue': '0'}
2025-04-11 13:03:38,439 - INFO - Starting popup modal Save button click function
2025-04-11 13:03:38,449 - INFO - Found modal popup
2025-04-11 13:03:38,455 - WARNING - Could not find Save button in modal: Message: no such element: Unable to locate element: {"method":"css selector","selector":"button#save, button.action-primary, button[title='Save'], button.primary"}
  (Session info: chrome=135.0.7049.85); For documentation on this error, please visit: https://www.selenium.dev/documentation/webdriver/troubleshooting/errors#no-such-element-exception
Stacktrace:
	GetHandleVerifier [0x012480E3+60707]
	GetHandleVerifier [0x01248124+60772]
	(No symbol) [0x01070683]
	(No symbol) [0x010B8660]
	(No symbol) [0x010B89FB]
	(No symbol) [0x010ADD81]
	(No symbol) [0x010DD094]
	(No symbol) [0x010ADCA4]
	(No symbol) [0x010DD2C4]
	(No symbol) [0x010FE824]
	(No symbol) [0x010DCE46]
	(No symbol) [0x010AC5D3]
	(No symbol) [0x010AD424]
	GetHandleVerifier [0x0148BBC3+2435075]
	GetHandleVerifier [0x01487163+2416035]
	GetHandleVerifier [0x014A350C+2531660]
	GetHandleVerifier [0x0125F1B5+155125]
	GetHandleVerifier [0x01265B5D+182173]
	GetHandleVerifier [0x0124F9B8+91640]
	GetHandleVerifier [0x0124FB60+92064]
	GetHandleVerifier [0x0123A620+4704]
	BaseThreadInitThunk [0x75897BA9+25]
	RtlInitializeExceptionChain [0x7765C2EB+107]
	RtlClearBits [0x7765C26F+191]

2025-04-11 13:03:38,473 - WARNING - Title-based approach failed: Message: no such element: Unable to locate element: {"method":"xpath","selector":"//div[contains(text(), 'Page Option Value')]"}
  (Session info: chrome=135.0.7049.85); For documentation on this error, please visit: https://www.selenium.dev/documentation/webdriver/troubleshooting/errors#no-such-element-exception
Stacktrace:
	GetHandleVerifier [0x012480E3+60707]
	GetHandleVerifier [0x01248124+60772]
	(No symbol) [0x01070683]
	(No symbol) [0x010B8660]
	(No symbol) [0x010B89FB]
	(No symbol) [0x01101022]
	(No symbol) [0x010DD094]
	(No symbol) [0x010FE824]
	(No symbol) [0x010DCE46]
	(No symbol) [0x010AC5D3]
	(No symbol) [0x010AD424]
	GetHandleVerifier [0x0148BBC3+2435075]
	GetHandleVerifier [0x01487163+2416035]
	GetHandleVerifier [0x014A350C+2531660]
	GetHandleVerifier [0x0125F1B5+155125]
	GetHandleVerifier [0x01265B5D+182173]
	GetHandleVerifier [0x0124F9B8+91640]
	GetHandleVerifier [0x0124FB60+92064]
	GetHandleVerifier [0x0123A620+4704]
	BaseThreadInitThunk [0x75897BA9+25]
	RtlInitializeExceptionChain [0x7765C2EB+107]
	RtlClearBits [0x7765C26F+191]

2025-04-11 13:03:38,481 - WARNING - JavaScript approach could not find modal Save button
2025-04-11 13:03:38,481 - INFO - Looking for most recently added Save button
2025-04-11 13:03:39,596 - INFO - Clicked most recently added Save button
2025-04-11 13:03:39,596 - INFO - Successfully saved material 3
2025-04-11 13:03:41,597 - INFO - Processing material 4/4: Name=0,36 mm starker Recyclingkarton 300g weiß (zertifiziert mit Blauer Engel und EU Ecolabel), mittlere Steifigkeit mit 1,25-fachem Volumen, Code=mappe_a4_2t_44_praegung_gold_0_36mm_recyclingkarton_300g_weiss_blauer_engel_eu_1_25vol, Position=0
2025-04-11 13:03:41,597 - INFO - Refreshing page for material 4
2025-04-11 13:03:42,066 - INFO - Page refreshed successfully
2025-04-11 13:03:42,066 - INFO - Looking for Page Option Values section
2025-04-11 13:03:42,076 - INFO - Scrolling down to find Page Option Values
2025-04-11 13:03:43,136 - INFO - Clicked on Page Option Values section
2025-04-11 13:03:47,941 - INFO - Successfully found and clicked button via JavaScript: Clicked button: 
    add new value

2025-04-11 13:03:52,043 - INFO - JavaScript fill result for material 4: {'codeFieldFound': True, 'codeFieldValue': 'mappe_a4_2t_44_praegung_gold_0_36mm_recyclingkarton_300g_weiss_blauer_engel_eu_1_25vol', 'nameFieldFound': True, 'nameFieldValue': '0,36 mm starker Recyclingkarton 300g weiß (zertifiziert mit Blauer Engel und EU Ecolabel), mittlere Steifigkeit mit 1,25-fachem Volumen', 'positionFieldFound': True, 'positionFieldValue': '0'}
2025-04-11 13:03:53,135 - INFO - Starting popup modal Save button click function
2025-04-11 13:03:53,144 - INFO - Found modal popup
2025-04-11 13:03:53,151 - WARNING - Could not find Save button in modal: Message: no such element: Unable to locate element: {"method":"css selector","selector":"button#save, button.action-primary, button[title='Save'], button.primary"}
  (Session info: chrome=135.0.7049.85); For documentation on this error, please visit: https://www.selenium.dev/documentation/webdriver/troubleshooting/errors#no-such-element-exception
Stacktrace:
	GetHandleVerifier [0x012480E3+60707]
	GetHandleVerifier [0x01248124+60772]
	(No symbol) [0x01070683]
	(No symbol) [0x010B8660]
	(No symbol) [0x010B89FB]
	(No symbol) [0x010ADD81]
	(No symbol) [0x010DD094]
	(No symbol) [0x010ADCA4]
	(No symbol) [0x010DD2C4]
	(No symbol) [0x010FE824]
	(No symbol) [0x010DCE46]
	(No symbol) [0x010AC5D3]
	(No symbol) [0x010AD424]
	GetHandleVerifier [0x0148BBC3+2435075]
	GetHandleVerifier [0x01487163+2416035]
	GetHandleVerifier [0x014A350C+2531660]
	GetHandleVerifier [0x0125F1B5+155125]
	GetHandleVerifier [0x01265B5D+182173]
	GetHandleVerifier [0x0124F9B8+91640]
	GetHandleVerifier [0x0124FB60+92064]
	GetHandleVerifier [0x0123A620+4704]
	BaseThreadInitThunk [0x75897BA9+25]
	RtlInitializeExceptionChain [0x7765C2EB+107]
	RtlClearBits [0x7765C26F+191]

2025-04-11 13:03:53,169 - WARNING - Title-based approach failed: Message: no such element: Unable to locate element: {"method":"xpath","selector":"//div[contains(text(), 'Page Option Value')]"}
  (Session info: chrome=135.0.7049.85); For documentation on this error, please visit: https://www.selenium.dev/documentation/webdriver/troubleshooting/errors#no-such-element-exception
Stacktrace:
	GetHandleVerifier [0x012480E3+60707]
	GetHandleVerifier [0x01248124+60772]
	(No symbol) [0x01070683]
	(No symbol) [0x010B8660]
	(No symbol) [0x010B89FB]
	(No symbol) [0x01101022]
	(No symbol) [0x010DD094]
	(No symbol) [0x010FE824]
	(No symbol) [0x010DCE46]
	(No symbol) [0x010AC5D3]
	(No symbol) [0x010AD424]
	GetHandleVerifier [0x0148BBC3+2435075]
	GetHandleVerifier [0x01487163+2416035]
	GetHandleVerifier [0x014A350C+2531660]
	GetHandleVerifier [0x0125F1B5+155125]
	GetHandleVerifier [0x01265B5D+182173]
	GetHandleVerifier [0x0124F9B8+91640]
	GetHandleVerifier [0x0124FB60+92064]
	GetHandleVerifier [0x0123A620+4704]
	BaseThreadInitThunk [0x75897BA9+25]
	RtlInitializeExceptionChain [0x7765C2EB+107]
	RtlClearBits [0x7765C26F+191]

2025-04-11 13:03:53,177 - WARNING - JavaScript approach could not find modal Save button
2025-04-11 13:03:53,178 - INFO - Looking for most recently added Save button
2025-04-11 13:03:54,234 - INFO - Clicked most recently added Save button
2025-04-11 13:03:54,234 - INFO - Successfully saved material 4
2025-04-11 13:03:56,236 - INFO - All materials processed, now clicking main save
2025-04-11 13:03:56,236 - INFO - Refreshing page...
2025-04-11 13:03:56,654 - INFO - Page refreshed successfully
2025-04-11 13:03:57,691 - INFO - Clicked main Save button in top-right corner
2025-04-11 13:03:58,693 - INFO - Successfully saved all page option values
2025-04-11 13:03:58,693 - INFO - Successfully filled and saved the form
2025-04-11 13:03:58,693 - INFO - Starting popup modal Save button click function
2025-04-11 13:03:58,698 - INFO - Found modal popup
2025-04-11 13:03:58,706 - WARNING - Could not find Save button in modal: Message: no such element: Unable to locate element: {"method":"css selector","selector":"button#save, button.action-primary, button[title='Save'], button.primary"}
  (Session info: chrome=135.0.7049.85); For documentation on this error, please visit: https://www.selenium.dev/documentation/webdriver/troubleshooting/errors#no-such-element-exception
Stacktrace:
	GetHandleVerifier [0x012480E3+60707]
	GetHandleVerifier [0x01248124+60772]
	(No symbol) [0x01070683]
	(No symbol) [0x010B8660]
	(No symbol) [0x010B89FB]
	(No symbol) [0x010ADD81]
	(No symbol) [0x010DD094]
	(No symbol) [0x010ADCA4]
	(No symbol) [0x010DD2C4]
	(No symbol) [0x010FE824]
	(No symbol) [0x010DCE46]
	(No symbol) [0x010AC5D3]
	(No symbol) [0x010AD424]
	GetHandleVerifier [0x0148BBC3+2435075]
	GetHandleVerifier [0x01487163+2416035]
	GetHandleVerifier [0x014A350C+2531660]
	GetHandleVerifier [0x0125F1B5+155125]
	GetHandleVerifier [0x01265B5D+182173]
	GetHandleVerifier [0x0124F9B8+91640]
	GetHandleVerifier [0x0124FB60+92064]
	GetHandleVerifier [0x0123A620+4704]
	BaseThreadInitThunk [0x75897BA9+25]
	RtlInitializeExceptionChain [0x7765C2EB+107]
	RtlClearBits [0x7765C26F+191]

2025-04-11 13:03:58,713 - WARNING - Title-based approach failed: Message: no such element: Unable to locate element: {"method":"xpath","selector":"//div[contains(text(), 'Page Option Value')]"}
  (Session info: chrome=135.0.7049.85); For documentation on this error, please visit: https://www.selenium.dev/documentation/webdriver/troubleshooting/errors#no-such-element-exception
Stacktrace:
	GetHandleVerifier [0x012480E3+60707]
	GetHandleVerifier [0x01248124+60772]
	(No symbol) [0x01070683]
	(No symbol) [0x010B8660]
	(No symbol) [0x010B89FB]
	(No symbol) [0x01101022]
	(No symbol) [0x010DD094]
	(No symbol) [0x010FE824]
	(No symbol) [0x010DCE46]
	(No symbol) [0x010AC5D3]
	(No symbol) [0x010AD424]
	GetHandleVerifier [0x0148BBC3+2435075]
	GetHandleVerifier [0x01487163+2416035]
	GetHandleVerifier [0x014A350C+2531660]
	GetHandleVerifier [0x0125F1B5+155125]
	GetHandleVerifier [0x01265B5D+182173]
	GetHandleVerifier [0x0124F9B8+91640]
	GetHandleVerifier [0x0124FB60+92064]
	GetHandleVerifier [0x0123A620+4704]
	BaseThreadInitThunk [0x75897BA9+25]
	RtlInitializeExceptionChain [0x7765C2EB+107]
	RtlClearBits [0x7765C26F+191]

2025-04-11 13:03:58,717 - WARNING - JavaScript approach could not find modal Save button
2025-04-11 13:03:58,717 - INFO - Looking for most recently added Save button
2025-04-11 13:03:58,722 - WARNING - No Save buttons found
2025-04-11 13:03:58,722 - INFO - Successfully clicked modal save button.
2025-04-11 13:03:58,722 - INFO - Refreshing page...
2025-04-11 13:03:58,926 - INFO - Page refreshed successfully
2025-04-11 13:04:00,153 - INFO - Clicked main Save button in top-right corner
2025-04-11 13:04:01,154 - INFO - Successfully clicked modal save button.
2025-04-11 13:04:01,154 - INFO - Starting process to add a new product part from CSV
2025-04-11 13:04:01,154 - INFO - Clicking on CLOUDLAB icon using the Catalog approach...
2025-04-11 13:04:01,175 - INFO - Clicked on CLOUDLAB icon using Catalog approach
2025-04-11 13:04:03,176 - INFO - Clicking on Product Parts submenu using Catalog Products approach...
2025-04-11 13:04:18,392 - WARNING - Catalog approach failed for Product Parts: Message: 
Stacktrace:
	GetHandleVerifier [0x012480E3+60707]
	GetHandleVerifier [0x01248124+60772]
	(No symbol) [0x01070683]
	(No symbol) [0x010B8660]
	(No symbol) [0x010B89FB]
	(No symbol) [0x01101022]
	(No symbol) [0x010DD094]
	(No symbol) [0x010FE824]
	(No symbol) [0x010DCE46]
	(No symbol) [0x010AC5D3]
	(No symbol) [0x010AD424]
	GetHandleVerifier [0x0148BBC3+2435075]
	GetHandleVerifier [0x01487163+2416035]
	GetHandleVerifier [0x014A350C+2531660]
	GetHandleVerifier [0x0125F1B5+155125]
	GetHandleVerifier [0x01265B5D+182173]
	GetHandleVerifier [0x0124F9B8+91640]
	GetHandleVerifier [0x0124FB60+92064]
	GetHandleVerifier [0x0123A620+4704]
	BaseThreadInitThunk [0x75897BA9+25]
	RtlInitializeExceptionChain [0x7765C2EB+107]
	RtlClearBits [0x7765C26F+191]

2025-04-11 13:04:20,022 - INFO - Clicked on Product Parts by text
2025-04-11 13:04:23,106 - INFO - Successfully navigated to Product Parts page
2025-04-11 13:04:23,106 - INFO - Clicking on Add New Part button
2025-04-11 13:04:26,108 - INFO - Clicked on Add New Part button using CSS class
2025-04-11 13:04:26,108 - INFO - Waiting 10 seconds for the form to load completely...
2025-04-11 13:04:36,112 - INFO - Filling Name field
2025-04-11 13:04:36,306 - INFO - Filled Name field with: Mappe für DIN A4 2-teilig, 4/4 farbig (Außenseite bedruckt), mit Heißfolienprägung Gold
2025-04-11 13:04:37,308 - INFO - Filling Code field with enhanced approach
2025-04-11 13:04:37,505 - INFO - Filled Code field with: mappe_fuer_din_a4_2_teilig_4_4_farbig_aussenseite_bedruckt_mit_heissfolienpraegung_gold and triggered validation
2025-04-11 13:04:37,505 - INFO - Attempting to select Material dropdown
2025-04-11 13:04:37,505 - INFO - Attempting to select materials from CSV
2025-04-11 13:04:37,506 - INFO - Found materials from CSV: ['mappe_a4_2t_44_praegung_gold_0_40mm_chromokarton_255g_pefc_1_6vol', 'mappe_a4_2t_44_praegung_gold_0_36mm_recyclingkarton_300g_weiss_blauer_engel_eu_1_25vol']
2025-04-11 13:04:38,533 - INFO - Found Öffnung element, now looking for Material field below it
2025-04-11 13:04:39,588 - INFO - Found Material element, now looking for select element
2025-04-11 13:04:39,640 - INFO - Found Material select element
2025-04-11 13:04:39,737 - INFO - JavaScript selection result: Selected 2 options: ['0,40 mm starker Chromokarton 255g (zertifiziert mit PEFC-Siegel für Nachhaltigkeit), hohe Steifigkeit mit 1,6-fachem Volumen (mappe_a4_2t_44_praegung_gold_0_40mm_chromokarton_255g_pefc_1_6vol)', '0,36 mm starker Recyclingkarton 300g weiß (zertifiziert mit Blauer Engel und EU Ecolabel), mittlere Steifigkeit mit 1,25-fachem Volumen (mappe_a4_2t_44_praegung_gold_0_36mm_recyclingkarton_300g_weiss_blauer_engel_eu_1_25vol)']
2025-04-11 13:04:39,738 - INFO - Successfully selected last option in Material dropdown
2025-04-11 13:04:44,739 - INFO - Clicking Save button
2025-04-11 13:04:45,990 - INFO - Clicked Save button via CSS selector
2025-04-11 13:04:45,991 - INFO - Waiting 10 seconds after save...
2025-04-11 13:04:55,992 - INFO - Product part save process completed
2025-04-11 13:04:55,992 - INFO - Successfully added a new product part for product 1
2025-04-11 13:04:55,992 - INFO - Clicking on Catalog icon...
2025-04-11 13:04:58,021 - INFO - Clicking on Products submenu...
2025-04-11 13:05:01,295 - INFO - Clicking on Add Product button...
2025-04-11 13:05:04,844 - INFO - Navigated to Add Product page
2025-04-11 13:05:05,175 - INFO - Product name entered: Mappe für DIN A4 2-teilig, 4/4 farbig (Außenseite bedruckt), mit Heißfolienprägung Gold
2025-04-11 13:05:05,284 - INFO - SKU entered: 1004360
2025-04-11 13:05:05,382 - INFO - Price entered: 1.00
2025-04-11 13:05:05,449 - INFO - Quantity entered: 99999999
2025-04-11 13:05:05,449 - INFO - Successfully filled basic info for product: Mappe für DIN A4 2-teilig, 4/4 farbig (Außenseite bedruckt), mit Heißfolienprägung Gold
2025-04-11 13:05:05,449 - INFO - Setting 'Is Meter Price' to: Yes
2025-04-11 13:05:05,520 - INFO - Toggle result: Changed 'Is Meter Price' to: Yes
2025-04-11 13:05:05,561 - INFO - Final scroll position: 777px
2025-04-11 13:05:05,561 - ERROR - Failed to set 'Is Meter Price': name 'current_scroll_y' is not defined
2025-04-11 13:05:05,561 - INFO - Attempting final fallback method
2025-04-11 13:05:07,623 - INFO - Clicked toggle using fallback method
2025-04-11 13:05:07,624 - INFO - Selecting Producer: wmd.networkhero.eu with simplified approach
2025-04-11 13:05:08,649 - INFO - JavaScript producer selection result: Selected wmd.networkhero.eu using standard dropdown via JS
2025-04-11 13:05:08,649 - INFO - Setting 'Disable pickup' to: Yes
2025-04-11 13:05:08,655 - INFO - Initial scroll position: 1035px
2025-04-11 13:05:10,168 - INFO - Current scroll position after positioning: 2278px
2025-04-11 13:05:10,191 - INFO - Toggle result: Changed 'Disable pickup' to: Yes
2025-04-11 13:05:10,200 - INFO - Final scroll position: 2278px
2025-04-11 13:05:10,208 - INFO - Validation confirmed 'Disable pickup' setting was applied correctly
2025-04-11 13:05:10,208 - INFO - Scrolling down to find Websites section
2025-04-11 13:05:11,242 - INFO - Expanded Websites section
2025-04-11 13:05:13,267 - INFO - Selected website: Selling Website
2025-04-11 13:05:13,286 - INFO - Selected website: Networkhero
2025-04-11 13:05:13,286 - INFO - Completed website selection
2025-04-11 13:05:13,287 - INFO - Updating Product Type to: Upload + Personalization + Configuration using producer-style approach
2025-04-11 13:05:14,324 - INFO - Clicked Web2Print Settings
2025-04-11 13:05:17,373 - INFO - Clicked General tab
2025-04-11 13:05:19,375 - INFO - Selecting Product Type: Upload + Personalization + Configuration with producer-style approach
2025-04-11 13:05:20,409 - INFO - JavaScript Product Type selection result: Selected Upload + Personalization + Configuration using standard select
2025-04-11 13:05:20,409 - INFO - Setting Price Calculation to Fixed in Matrix tab
2025-04-11 13:05:21,464 - INFO - Clicked Matrix tab
2025-04-11 13:05:23,465 - INFO - Looking for Price Calculation field
2025-04-11 13:05:23,477 - INFO - JavaScript Price Calculation selection result: Selected Fixed using standard select
2025-04-11 13:05:23,478 - INFO - Selecting weekdays in Production Days multiselect
2025-04-11 13:05:24,582 - INFO - Clicked Others tab
2025-04-11 13:05:27,589 - INFO - Approaching Production Days with direct ID
2025-04-11 13:05:37,727 - WARNING - Direct ID approach failed: Message: 
Stacktrace:
	GetHandleVerifier [0x012480E3+60707]
	GetHandleVerifier [0x01248124+60772]
	(No symbol) [0x01070683]
	(No symbol) [0x010B8660]
	(No symbol) [0x010B89FB]
	(No symbol) [0x01101022]
	(No symbol) [0x010DD094]
	(No symbol) [0x010FE824]
	(No symbol) [0x010DCE46]
	(No symbol) [0x010AC5D3]
	(No symbol) [0x010AD424]
	GetHandleVerifier [0x0148BBC3+2435075]
	GetHandleVerifier [0x01487163+2416035]
	GetHandleVerifier [0x014A350C+2531660]
	GetHandleVerifier [0x0125F1B5+155125]
	GetHandleVerifier [0x01265B5D+182173]
	GetHandleVerifier [0x0124F9B8+91640]
	GetHandleVerifier [0x0124FB60+92064]
	GetHandleVerifier [0x0123A620+4704]
	BaseThreadInitThunk [0x75897BA9+25]
	RtlInitializeExceptionChain [0x7765C2EB+107]
	RtlClearBits [0x7765C26F+191]

2025-04-11 13:05:37,727 - INFO - Approaching Production Days via label
2025-04-11 13:05:38,774 - WARNING - Label approach failed: Message: no such element: Unable to locate element: {"method":"css selector","selector":"select.admin__control-multiselect, select[multiple]"}
  (Session info: chrome=135.0.7049.85); For documentation on this error, please visit: https://www.selenium.dev/documentation/webdriver/troubleshooting/errors#no-such-element-exception
Stacktrace:
	GetHandleVerifier [0x012480E3+60707]
	GetHandleVerifier [0x01248124+60772]
	(No symbol) [0x01070683]
	(No symbol) [0x010B8660]
	(No symbol) [0x010B89FB]
	(No symbol) [0x010ADD81]
	(No symbol) [0x010DD094]
	(No symbol) [0x010ADCA4]
	(No symbol) [0x010DD2C4]
	(No symbol) [0x010FE824]
	(No symbol) [0x010DCE46]
	(No symbol) [0x010AC5D3]
	(No symbol) [0x010AD424]
	GetHandleVerifier [0x0148BBC3+2435075]
	GetHandleVerifier [0x01487163+2416035]
	GetHandleVerifier [0x014A350C+2531660]
	GetHandleVerifier [0x0125F1B5+155125]
	GetHandleVerifier [0x01265B5D+182173]
	GetHandleVerifier [0x0124F9B8+91640]
	GetHandleVerifier [0x0124FB60+92064]
	GetHandleVerifier [0x0123A620+4704]
	BaseThreadInitThunk [0x75897BA9+25]
	RtlInitializeExceptionChain [0x7765C2EB+107]
	RtlClearBits [0x7765C26F+191]

2025-04-11 13:05:38,774 - INFO - Trying all multiselects approach
2025-04-11 13:05:38,782 - INFO - Found 1 multiselects
2025-04-11 13:05:39,801 - INFO - JavaScript multiselect 1 result: {'selected': ['Monday', 'Tuesday', 'Wednesday', 'Thursday', 'Friday'], 'success': True}
2025-04-11 13:05:39,801 - INFO - Successfully selected weekdays in multiselect 1
2025-04-11 13:05:39,801 - INFO - Configuring Delivery section with final optimized approach
2025-04-11 13:05:41,333 - INFO - Expansion result: Clicked to expand delivery section
2025-04-11 13:05:43,334 - INFO - Setting VPE value to 9999
2025-04-11 13:05:43,334 - INFO - Setting VPE value to 9999 using optimized method
2025-04-11 13:05:43,341 - INFO - DOM manipulation result: Set VPE value to 9999 via DOM manipulation
2025-04-11 13:05:43,341 - INFO - Selecting VPE Type: Stock
2025-04-11 13:05:43,342 - INFO - Selecting VPE Type: Stock using producer-style approach
2025-04-11 13:05:47,376 - INFO - VPE Type field structure: {'found': True, 'labelRect': {'bottom': 547.515625, 'height': 0, 'left': 489.03125, 'right': 549.75, 'toJSON': {}, 'top': 547.515625, 'width': 60.71875, 'x': 489.03125, 'y': 547.515625}, 'structure': {'dropdownLikeCount': 0, 'fieldClasses': 'admin__field', 'firstSelectClasses': 'admin__control-select', 'firstSelectId': 'M6BFT1B', 'firstSelectOptions': ['LFM - Running Meter', 'm²', 'Stock'], 'hasField': True, 'hasMultiselect': False, 'selectCount': 1}}
2025-04-11 13:05:47,377 - INFO - Found traditional select for VPE Type
2025-04-11 13:05:47,383 - INFO - Select result: Selected Stock from VPE Type select
2025-04-11 13:05:47,383 - INFO - Selecting 'Fix Products' option
2025-04-11 13:05:47,389 - INFO - Fix Products selection result: Selected Fix Products option
2025-04-11 13:05:47,389 - INFO - Successfully configured Delivery section
2025-04-11 13:05:47,389 - INFO - Configuring Print Product Setup with CTRL+click for multiple selection
2025-04-11 13:05:48,439 - INFO - Clicked Print Product Setup
2025-04-11 13:05:50,441 - INFO - Attempting to select the last option in Product Parts list
2025-04-11 13:05:50,456 - INFO - Found Product Parts select element using XPath: //span[text()='Product Parts']/ancestor::div[contains(@class, 'field')]//select
2025-04-11 13:05:56,056 - INFO - Selecting last option (index 1126) of 1127 total options
2025-04-11 13:05:59,684 - INFO - Selected last option by index: 1126
2025-04-11 13:06:04,114 - INFO - Successfully selected: Mappe für DIN A4 2-teilig, 4/4 farbig (Außenseite bedruckt), mit Heißfolienprägung Gold ( mappe_fuer_din_a4_2_teilig_4_4_farbig_aussenseite_bedruckt_mit_heissfolienpraegung_gold )
2025-04-11 13:06:04,121 - INFO - Textarea values set result: {'dateityp': False, 'datencheck': True}
2025-04-11 13:06:04,121 - INFO - Trying multiselect approach with CTRL+click
2025-04-11 13:06:05,189 - INFO - Clicked Standard option
2025-04-11 13:06:06,494 - INFO - CTRL+Clicked Profidatencheck option
2025-04-11 13:06:08,558 - INFO - Clicked PDF-file option
2025-04-11 13:06:09,831 - INFO - CTRL+Clicked Image option
2025-04-11 13:06:10,833 - INFO - Configuring additional settings with improved approach
2025-04-11 13:06:10,833 - INFO - Configuring Lieferung field
2025-04-11 13:06:11,875 - INFO - Lieferung selection result: {'selected': ['Standard ( production_standard )', 'Express ( production_express )', 'Standard Plus ( production_standard_plus )'], 'success': True}
2025-04-11 13:06:11,875 - INFO - Configuring Anzahl field
2025-04-11 13:06:13,425 - INFO - Selected quantity_1
2025-04-11 13:06:14,016 - INFO - Selected quantity_1 using Select class
2025-04-11 13:06:14,016 - INFO - Configuring Proof Group field
2025-04-11 13:06:15,569 - INFO - Selected proof_group_digital
2025-04-11 13:06:16,150 - INFO - Selected proof_group_digital using Select class
2025-04-11 13:06:16,150 - INFO - Configuring Product Personalization Template field
2025-04-11 13:06:17,178 - INFO - Template setting result: {'action': 'selected option', 'element': 'select', 'success': True}
2025-04-11 13:06:17,178 - INFO - Clicking the Save button in the top right corner
2025-04-11 13:06:27,346 - WARNING - Standard approach failed: Message: 
Stacktrace:
	GetHandleVerifier [0x012480E3+60707]
	GetHandleVerifier [0x01248124+60772]
	(No symbol) [0x01070683]
	(No symbol) [0x010B8660]
	(No symbol) [0x010B89FB]
	(No symbol) [0x01101022]
	(No symbol) [0x010DD094]
	(No symbol) [0x010FE824]
	(No symbol) [0x010DCE46]
	(No symbol) [0x010AC5D3]
	(No symbol) [0x010AD424]
	GetHandleVerifier [0x0148BBC3+2435075]
	GetHandleVerifier [0x01487163+2416035]
	GetHandleVerifier [0x014A350C+2531660]
	GetHandleVerifier [0x0125F1B5+155125]
	GetHandleVerifier [0x01265B5D+182173]
	GetHandleVerifier [0x0124F9B8+91640]
	GetHandleVerifier [0x0124FB60+92064]
	GetHandleVerifier [0x0123A620+4704]
	BaseThreadInitThunk [0x75897BA9+25]
	RtlInitializeExceptionChain [0x7765C2EB+107]
	RtlClearBits [0x7765C26F+191]

2025-04-11 13:06:27,583 - INFO - JavaScript result: Clicked Save button by text
2025-04-11 13:06:27,583 - INFO - Successfully clicked Save button using JavaScript
2025-04-11 13:06:37,584 - INFO - Successfully saved product 1: Mappe für DIN A4 2-teilig, 4/4 farbig (Außenseite bedruckt), mit Heißfolienprägung Gold
2025-04-11 13:06:37,584 - INFO - ====== WebDriver manager ======
2025-04-11 13:06:38,548 - INFO - Get LATEST chromedriver version for google-chrome
2025-04-11 13:06:38,604 - INFO - Get LATEST chromedriver version for google-chrome
2025-04-11 13:06:38,652 - INFO - Driver [C:\Users\g.yilmaz\.wdm\drivers\chromedriver\win64\135.0.7049.84\chromedriver-win32/chromedriver.exe] found in cache
2025-04-11 13:06:39,707 - INFO - Chrome WebDriver initialized successfully
2025-04-11 13:06:39,708 - INFO - Navigating to PrintNet login page: https://printnet.networkhero.eu/dashboard/admin/
2025-04-11 13:06:40,401 - INFO - Username entered
2025-04-11 13:06:40,412 - ERROR - Failed to find password field by ID: Message: no such element: Unable to locate element: {"method":"css selector","selector":"[id="password"]"}
  (Session info: chrome=135.0.7049.85); For documentation on this error, please visit: https://www.selenium.dev/documentation/webdriver/troubleshooting/errors#no-such-element-exception
Stacktrace:
	GetHandleVerifier [0x012480E3+60707]
	GetHandleVerifier [0x01248124+60772]
	(No symbol) [0x01070683]
	(No symbol) [0x010B8660]
	(No symbol) [0x010B89FB]
	(No symbol) [0x01101022]
	(No symbol) [0x010DD094]
	(No symbol) [0x010FE824]
	(No symbol) [0x010DCE46]
	(No symbol) [0x010AC5D3]
	(No symbol) [0x010AD424]
	GetHandleVerifier [0x0148BBC3+2435075]
	GetHandleVerifier [0x01487163+2416035]
	GetHandleVerifier [0x014A350C+2531660]
	GetHandleVerifier [0x0125F1B5+155125]
	GetHandleVerifier [0x01265B5D+182173]
	GetHandleVerifier [0x0124F9B8+91640]
	GetHandleVerifier [0x0124FB60+92064]
	GetHandleVerifier [0x0123A620+4704]
	BaseThreadInitThunk [0x75897BA9+25]
	RtlInitializeExceptionChain [0x7765C2EB+107]
	RtlClearBits [0x7765C26F+191]

2025-04-11 13:06:40,474 - INFO - Password entered using alternative selector
2025-04-11 13:06:42,590 - INFO - Login button clicked
2025-04-11 13:06:53,364 - INFO - Successfully logged in to PrintNet
2025-04-11 13:06:53,364 - INFO - Successfully logged in to PrintNet
2025-04-11 13:06:53,365 - INFO - Processing first product: Mappe für DIN A4 2-teilig, 4/4 farbig (Außenseite bedruckt), mit Heißfolienprägung Gold (SKU: 1004360)
2025-04-11 13:06:53,365 - INFO - Clicking on Catalog icon in PrintNet...
2025-04-11 13:06:53,396 - INFO - Clicking on Products submenu in PrintNet...
2025-04-11 13:06:54,214 - INFO - Clicking on Add Product button in PrintNet...
2025-04-11 13:06:55,257 - INFO - Navigated to Add Product page in PrintNet
2025-04-11 13:06:56,730 - INFO - SKU giriliyor: 1004360
2025-04-11 13:06:56,857 - INFO - SKU girildi: 1004360
2025-04-11 13:06:56,857 - INFO - Fiyat giriliyor: 1.00
2025-04-11 13:06:56,963 - INFO - Fiyat girildi: 1.00
2025-04-11 13:06:56,963 - INFO - Miktar giriliyor: 99999999
2025-04-11 13:06:57,100 - INFO - Miktar girildi: 99999999
2025-04-11 13:06:57,103 - INFO - Starting Visibility selection process
2025-04-11 13:06:57,241 - INFO - Successfully selected 'Catalog'
2025-04-11 13:06:58,241 - INFO - Setting 'Is Meter Price' to: Yes
2025-04-11 13:06:58,249 - INFO - Initial scroll position: 727px
2025-04-11 13:06:58,292 - INFO - Current scroll position after positioning: 547px
2025-04-11 13:06:58,311 - INFO - Toggle result: Changed 'Is Meter Price' to: Yes
2025-04-11 13:06:58,315 - INFO - Final scroll position: 547px
2025-04-11 13:06:58,327 - INFO - Validation confirmed 'Is Meter Price' setting was applied correctly
2025-04-11 13:06:58,516 - INFO - bannerheld.at seçildi
2025-04-11 13:07:06,555 - INFO - Updating Product Type to: Upload + Personalization + Configuration using producer-style approach
2025-04-11 13:07:07,589 - INFO - Clicked General tab
2025-04-11 13:07:09,590 - INFO - Selecting Product Type: Upload + Personalization + Configuration with producer-style approach
2025-04-11 13:07:10,625 - INFO - JavaScript Product Type selection result: Selected Upload + Personalization + Configuration using standard select
2025-04-11 13:07:13,691 - INFO - Looking for Price Calculation field
2025-04-11 13:07:13,705 - INFO - JavaScript Price Calculation selection result: Selected Fixed using standard select
2025-04-11 13:07:17,764 - WARNING - Failed to configure Web2Print settings
2025-04-11 13:07:23,908 - INFO - Selecting weekdays in Production Days multiselect
2025-04-11 13:07:24,979 - INFO - Clicked Others tab
2025-04-11 13:07:26,981 - INFO - Trying to select Print Files Options
2025-04-11 13:07:28,001 - INFO - Found Print Files Options area
2025-04-11 13:07:28,016 - INFO - JavaScript selection result: {'selected': ['Upload from Account', 'Send to Graphic Department', 'Send by Email', 'Online Designer'], 'success': True}
2025-04-11 13:07:29,020 - INFO - Trying all multiselects approach
2025-04-11 13:07:29,024 - INFO - Found 3 multiselects
2025-04-11 13:07:30,055 - INFO - JavaScript multiselect 1 result: {'selected': [], 'success': False}
2025-04-11 13:07:31,075 - INFO - JavaScript multiselect 2 result: {'selected': [], 'success': False}
2025-04-11 13:07:32,092 - INFO - JavaScript multiselect 3 result: {'selected': ['Monday', 'Tuesday', 'Wednesday', 'Thursday', 'Friday'], 'success': True}
2025-04-11 13:07:32,094 - INFO - Successfully selected weekdays in multiselect 3
2025-04-11 13:07:32,094 - INFO - Configuring Minimum DPI and Quantity Selectors
2025-04-11 13:07:33,124 - INFO - Set Minimum DPI to 300
2025-04-11 13:07:34,156 - INFO - Use Custom Quantity Selector result: {'action': 'enabled', 'success': True}
2025-04-11 13:07:35,190 - INFO - Use Fixed Price Quantity Selector result: {'action': 'enabled', 'success': True}
2025-04-11 13:07:35,190 - INFO - Configuring Print Product Setup with CTRL+click for multiple selection
2025-04-11 13:07:36,254 - INFO - Clicked Print Product Setup
2025-04-11 13:07:38,256 - INFO - Attempting to select the last option in Product Parts list
2025-04-11 13:07:39,276 - INFO - Found Product Parts select element
2025-04-11 13:07:46,951 - INFO - Selected last option (index 1126) from Product Parts list
2025-04-11 13:07:46,958 - INFO - Textarea values set result: {'dateityp': False, 'datencheck': False}
2025-04-11 13:07:46,958 - INFO - Trying multiselect approach with CTRL+click
2025-04-11 13:07:48,030 - INFO - Clicked Standard option
2025-04-11 13:07:49,317 - INFO - CTRL+Clicked Profidatencheck option
2025-04-11 13:07:51,407 - INFO - Clicked PDF-file option
2025-04-11 13:07:52,688 - INFO - CTRL+Clicked Image option
2025-04-11 13:07:53,689 - INFO - Configuring additional settings with improved approach
2025-04-11 13:07:53,689 - INFO - Configuring Lieferung field
2025-04-11 13:07:54,734 - INFO - Lieferung selection result: {'selected': ['Standard ( production_standard )', 'Express ( production_express )', 'Standard Plus ( production_standard_plus )'], 'success': True}
2025-04-11 13:07:54,734 - INFO - Configuring Anzahl field
2025-04-11 13:07:56,293 - INFO - Selected quantity_1
2025-04-11 13:07:56,883 - INFO - Selected quantity_1 using Select class
2025-04-11 13:07:56,883 - INFO - Configuring Proof Group field
2025-04-11 13:07:58,432 - INFO - Selected proof_group_digital
2025-04-11 13:07:59,009 - INFO - Selected proof_group_digital using Select class
2025-04-11 13:07:59,009 - INFO - Configuring Product Personalization Template field
2025-04-11 13:08:00,038 - INFO - Template setting result: {'action': 'selected option', 'element': 'select', 'success': True}
2025-04-11 13:08:00,038 - INFO - Successfully configured all settings in PrintNet for product: Mappe für DIN A4 2-teilig, 4/4 farbig (Außenseite bedruckt), mit Heißfolienprägung Gold
2025-04-11 13:08:00,038 - INFO - Successfully configured product: Mappe für DIN A4 2-teilig, 4/4 farbig (Außenseite bedruckt), mit Heißfolienprägung Gold
2025-04-11 13:08:00,038 - INFO - Clicking the Save button in the top right corner
2025-04-11 13:08:10,208 - WARNING - Standard approach failed: Message: 
Stacktrace:
	GetHandleVerifier [0x012480E3+60707]
	GetHandleVerifier [0x01248124+60772]
	(No symbol) [0x01070683]
	(No symbol) [0x010B8660]
	(No symbol) [0x010B89FB]
	(No symbol) [0x01101022]
	(No symbol) [0x010DD094]
	(No symbol) [0x010FE824]
	(No symbol) [0x010DCE46]
	(No symbol) [0x010AC5D3]
	(No symbol) [0x010AD424]
	GetHandleVerifier [0x0148BBC3+2435075]
	GetHandleVerifier [0x01487163+2416035]
	GetHandleVerifier [0x014A350C+2531660]
	GetHandleVerifier [0x0125F1B5+155125]
	GetHandleVerifier [0x01265B5D+182173]
	GetHandleVerifier [0x0124F9B8+91640]
	GetHandleVerifier [0x0124FB60+92064]
	GetHandleVerifier [0x0123A620+4704]
	BaseThreadInitThunk [0x75897BA9+25]
	RtlInitializeExceptionChain [0x7765C2EB+107]
	RtlClearBits [0x7765C26F+191]

2025-04-11 13:08:10,410 - INFO - JavaScript result: Clicked Save button by text
2025-04-11 13:08:10,410 - INFO - Successfully clicked Save button using JavaScript
2025-04-11 13:08:20,410 - INFO - Successfully saved product: Mappe für DIN A4 2-teilig, 4/4 farbig (Außenseite bedruckt), mit Heißfolienprägung Gold
2025-04-11 13:08:22,604 - INFO - Browser closed
2025-04-11 13:08:22,604 - INFO - ====== WebDriver manager ======
2025-04-11 13:08:23,547 - INFO - Get LATEST chromedriver version for google-chrome
2025-04-11 13:08:23,610 - INFO - Get LATEST chromedriver version for google-chrome
2025-04-11 13:08:23,682 - INFO - Driver [C:\Users\g.yilmaz\.wdm\drivers\chromedriver\win64\135.0.7049.84\chromedriver-win32/chromedriver.exe] found in cache
2025-04-11 13:08:24,710 - INFO - Navigating to https://skynet.networkhero.eu/y5id_dashboard/admin/
2025-04-11 13:08:25,476 - INFO - Username entered
2025-04-11 13:08:25,551 - INFO - Password entered
2025-04-11 13:08:25,982 - INFO - Login button clicked
2025-04-11 13:08:25,983 - INFO - Waiting for you to enter Google Authenticator code...
2025-04-11 13:08:36,119 - INFO - Login successful
2025-04-11 13:08:36,119 - INFO - Clicking on CLOUDLAB icon using the Catalog approach...
2025-04-11 13:08:36,145 - INFO - Clicked on CLOUDLAB icon using Catalog approach
2025-04-11 13:08:43,845 - INFO - Attempting to click the Save button in the top right corner
2025-04-11 13:08:54,001 - WARNING - First approach failed: Message: 
Stacktrace:
	GetHandleVerifier [0x012480E3+60707]
	GetHandleVerifier [0x01248124+60772]
	(No symbol) [0x01070683]
	(No symbol) [0x010B8660]
	(No symbol) [0x010B89FB]
	(No symbol) [0x01101022]
	(No symbol) [0x010DD094]
	(No symbol) [0x010FE824]
	(No symbol) [0x010DCE46]
	(No symbol) [0x010AC5D3]
	(No symbol) [0x010AD424]
	GetHandleVerifier [0x0148BBC3+2435075]
	GetHandleVerifier [0x01487163+2416035]
	GetHandleVerifier [0x014A350C+2531660]
	GetHandleVerifier [0x0125F1B5+155125]
	GetHandleVerifier [0x01265B5D+182173]
	GetHandleVerifier [0x0124F9B8+91640]
	GetHandleVerifier [0x0124FB60+92064]
	GetHandleVerifier [0x0123A620+4704]
	BaseThreadInitThunk [0x75897BA9+25]
	RtlInitializeExceptionChain [0x7765C2EB+107]
	RtlClearBits [0x7765C26F+191]

2025-04-11 13:08:54,008 - INFO - JavaScript Save button result: Clicked the best Save button: 
                                Save
                            
2025-04-11 13:09:12,829 - INFO - Attempting to click the Save button in the top right corner
2025-04-11 13:09:22,985 - WARNING - First approach failed: Message: 
Stacktrace:
	GetHandleVerifier [0x012480E3+60707]
	GetHandleVerifier [0x01248124+60772]
	(No symbol) [0x01070683]
	(No symbol) [0x010B8660]
	(No symbol) [0x010B89FB]
	(No symbol) [0x01101022]
	(No symbol) [0x010DD094]
	(No symbol) [0x010FE824]
	(No symbol) [0x010DCE46]
	(No symbol) [0x010AC5D3]
	(No symbol) [0x010AD424]
	GetHandleVerifier [0x0148BBC3+2435075]
	GetHandleVerifier [0x01487163+2416035]
	GetHandleVerifier [0x014A350C+2531660]
	GetHandleVerifier [0x0125F1B5+155125]
	GetHandleVerifier [0x01265B5D+182173]
	GetHandleVerifier [0x0124F9B8+91640]
	GetHandleVerifier [0x0124FB60+92064]
	GetHandleVerifier [0x0123A620+4704]
	BaseThreadInitThunk [0x75897BA9+25]
	RtlInitializeExceptionChain [0x7765C2EB+107]
	RtlClearBits [0x7765C26F+191]

2025-04-11 13:09:22,995 - INFO - JavaScript Save button result: Clicked the best Save button: 
                                Save
                            
2025-04-11 13:09:41,955 - INFO - Attempting to click the Save button in the top right corner
2025-04-11 13:09:52,115 - WARNING - First approach failed: Message: 
Stacktrace:
	GetHandleVerifier [0x012480E3+60707]
	GetHandleVerifier [0x01248124+60772]
	(No symbol) [0x01070683]
	(No symbol) [0x010B8660]
	(No symbol) [0x010B89FB]
	(No symbol) [0x01101022]
	(No symbol) [0x010DD094]
	(No symbol) [0x010FE824]
	(No symbol) [0x010DCE46]
	(No symbol) [0x010AC5D3]
	(No symbol) [0x010AD424]
	GetHandleVerifier [0x0148BBC3+2435075]
	GetHandleVerifier [0x01487163+2416035]
	GetHandleVerifier [0x014A350C+2531660]
	GetHandleVerifier [0x0125F1B5+155125]
	GetHandleVerifier [0x01265B5D+182173]
	GetHandleVerifier [0x0124F9B8+91640]
	GetHandleVerifier [0x0124FB60+92064]
	GetHandleVerifier [0x0123A620+4704]
	BaseThreadInitThunk [0x75897BA9+25]
	RtlInitializeExceptionChain [0x7765C2EB+107]
	RtlClearBits [0x7765C26F+191]

2025-04-11 13:09:52,127 - INFO - JavaScript Save button result: Clicked the best Save button: 
                                Save
                            
2025-04-11 13:10:11,038 - INFO - Attempting to click the Save button in the top right corner
2025-04-11 13:10:21,193 - WARNING - First approach failed: Message: 
Stacktrace:
	GetHandleVerifier [0x012480E3+60707]
	GetHandleVerifier [0x01248124+60772]
	(No symbol) [0x01070683]
	(No symbol) [0x010B8660]
	(No symbol) [0x010B89FB]
	(No symbol) [0x01101022]
	(No symbol) [0x010DD094]
	(No symbol) [0x010FE824]
	(No symbol) [0x010DCE46]
	(No symbol) [0x010AC5D3]
	(No symbol) [0x010AD424]
	GetHandleVerifier [0x0148BBC3+2435075]
	GetHandleVerifier [0x01487163+2416035]
	GetHandleVerifier [0x014A350C+2531660]
	GetHandleVerifier [0x0125F1B5+155125]
	GetHandleVerifier [0x01265B5D+182173]
	GetHandleVerifier [0x0124F9B8+91640]
	GetHandleVerifier [0x0124FB60+92064]
	GetHandleVerifier [0x0123A620+4704]
	BaseThreadInitThunk [0x75897BA9+25]
	RtlInitializeExceptionChain [0x7765C2EB+107]
	RtlClearBits [0x7765C26F+191]

2025-04-11 13:10:21,200 - INFO - JavaScript Save button result: Clicked the best Save button: 
                                Save
                            
2025-04-11 13:10:31,450 - INFO - ====== WebDriver manager ======
2025-04-11 13:10:32,390 - INFO - Get LATEST chromedriver version for google-chrome
2025-04-11 13:10:32,448 - INFO - Get LATEST chromedriver version for google-chrome
2025-04-11 13:10:32,501 - INFO - Driver [C:\Users\g.yilmaz\.wdm\drivers\chromedriver\win64\135.0.7049.84\chromedriver-win32/chromedriver.exe] found in cache
2025-04-11 13:10:33,543 - INFO - Navigating to https://printnet.networkhero.eu/dashboard/admin
2025-04-11 13:10:34,276 - INFO - Username entered
2025-04-11 13:10:34,351 - INFO - Password entered
2025-04-11 13:10:36,456 - INFO - Login button clicked
2025-04-11 13:10:36,456 - INFO - Waiting for you to enter Google Authenticator code...
2025-04-11 13:10:41,871 - INFO - Login successful
2025-04-11 13:10:41,871 - INFO - Clicking on CLOUDLAB icon using the Catalog approach...
2025-04-11 13:10:41,930 - INFO - Clicked on CLOUDLAB icon using Catalog approach
2025-04-11 13:10:48,646 - INFO - Attempting to click the Save button in the top right corner
2025-04-11 13:10:58,808 - WARNING - First approach failed: Message: 
Stacktrace:
	GetHandleVerifier [0x012480E3+60707]
	GetHandleVerifier [0x01248124+60772]
	(No symbol) [0x01070683]
	(No symbol) [0x010B8660]
	(No symbol) [0x010B89FB]
	(No symbol) [0x01101022]
	(No symbol) [0x010DD094]
	(No symbol) [0x010FE824]
	(No symbol) [0x010DCE46]
	(No symbol) [0x010AC5D3]
	(No symbol) [0x010AD424]
	GetHandleVerifier [0x0148BBC3+2435075]
	GetHandleVerifier [0x01487163+2416035]
	GetHandleVerifier [0x014A350C+2531660]
	GetHandleVerifier [0x0125F1B5+155125]
	GetHandleVerifier [0x01265B5D+182173]
	GetHandleVerifier [0x0124F9B8+91640]
	GetHandleVerifier [0x0124FB60+92064]
	GetHandleVerifier [0x0123A620+4704]
	BaseThreadInitThunk [0x75897BA9+25]
	RtlInitializeExceptionChain [0x7765C2EB+107]
	RtlClearBits [0x7765C26F+191]

2025-04-11 13:10:58,827 - INFO - JavaScript Save button result: Clicked the best Save button: 
                                Save
                            
2025-04-11 13:11:12,670 - INFO - Attempting to click the Save button in the top right corner
2025-04-11 13:11:22,832 - WARNING - First approach failed: Message: 
Stacktrace:
	GetHandleVerifier [0x012480E3+60707]
	GetHandleVerifier [0x01248124+60772]
	(No symbol) [0x01070683]
	(No symbol) [0x010B8660]
	(No symbol) [0x010B89FB]
	(No symbol) [0x01101022]
	(No symbol) [0x010DD094]
	(No symbol) [0x010FE824]
	(No symbol) [0x010DCE46]
	(No symbol) [0x010AC5D3]
	(No symbol) [0x010AD424]
	GetHandleVerifier [0x0148BBC3+2435075]
	GetHandleVerifier [0x01487163+2416035]
	GetHandleVerifier [0x014A350C+2531660]
	GetHandleVerifier [0x0125F1B5+155125]
	GetHandleVerifier [0x01265B5D+182173]
	GetHandleVerifier [0x0124F9B8+91640]
	GetHandleVerifier [0x0124FB60+92064]
	GetHandleVerifier [0x0123A620+4704]
	BaseThreadInitThunk [0x75897BA9+25]
	RtlInitializeExceptionChain [0x7765C2EB+107]
	RtlClearBits [0x7765C26F+191]

2025-04-11 13:11:22,852 - INFO - JavaScript Save button result: Clicked the best Save button: 
                                Save
                            
2025-04-11 13:11:32,474 - INFO - Attempting to click the Save button in the top right corner
2025-04-11 13:11:42,625 - WARNING - First approach failed: Message: 
Stacktrace:
	GetHandleVerifier [0x012480E3+60707]
	GetHandleVerifier [0x01248124+60772]
	(No symbol) [0x01070683]
	(No symbol) [0x010B8660]
	(No symbol) [0x010B89FB]
	(No symbol) [0x01101022]
	(No symbol) [0x010DD094]
	(No symbol) [0x010FE824]
	(No symbol) [0x010DCE46]
	(No symbol) [0x010AC5D3]
	(No symbol) [0x010AD424]
	GetHandleVerifier [0x0148BBC3+2435075]
	GetHandleVerifier [0x01487163+2416035]
	GetHandleVerifier [0x014A350C+2531660]
	GetHandleVerifier [0x0125F1B5+155125]
	GetHandleVerifier [0x01265B5D+182173]
	GetHandleVerifier [0x0124F9B8+91640]
	GetHandleVerifier [0x0124FB60+92064]
	GetHandleVerifier [0x0123A620+4704]
	BaseThreadInitThunk [0x75897BA9+25]
	RtlInitializeExceptionChain [0x7765C2EB+107]
	RtlClearBits [0x7765C26F+191]

2025-04-11 13:11:42,653 - INFO - JavaScript Save button result: Clicked the best Save button: 
                                Save
                            
2025-04-11 13:11:52,294 - INFO - Attempting to click the Save button in the top right corner
2025-04-11 13:12:02,482 - WARNING - First approach failed: Message: 
Stacktrace:
	GetHandleVerifier [0x012480E3+60707]
	GetHandleVerifier [0x01248124+60772]
	(No symbol) [0x01070683]
	(No symbol) [0x010B8660]
	(No symbol) [0x010B89FB]
	(No symbol) [0x01101022]
	(No symbol) [0x010DD094]
	(No symbol) [0x010FE824]
	(No symbol) [0x010DCE46]
	(No symbol) [0x010AC5D3]
	(No symbol) [0x010AD424]
	GetHandleVerifier [0x0148BBC3+2435075]
	GetHandleVerifier [0x01487163+2416035]
	GetHandleVerifier [0x014A350C+2531660]
	GetHandleVerifier [0x0125F1B5+155125]
	GetHandleVerifier [0x01265B5D+182173]
	GetHandleVerifier [0x0124F9B8+91640]
	GetHandleVerifier [0x0124FB60+92064]
	GetHandleVerifier [0x0123A620+4704]
	BaseThreadInitThunk [0x75897BA9+25]
	RtlInitializeExceptionChain [0x7765C2EB+107]
	RtlClearBits [0x7765C26F+191]

2025-04-11 13:12:02,503 - INFO - JavaScript Save button result: Clicked the best Save button: 
                                Save
                            
