2025-04-11 10:18:01,418 - INFO - Logging initialized. Log file: C:\Users\g.yilmaz\Desktop\Magento_otomation\Done\logs\printnet_automation_20250411_101801.log
2025-04-11 10:18:01,418 - INFO - ====== WebDriver manager ======
2025-04-11 10:18:02,393 - INFO - Get LATEST chromedriver version for google-chrome
2025-04-11 10:18:02,464 - INFO - Get LATEST chromedriver version for google-chrome
2025-04-11 10:18:02,533 - INFO - Driver [C:\Users\g.yilmaz\.wdm\drivers\chromedriver\win64\135.0.7049.84\chromedriver-win32/chromedriver.exe] found in cache
2025-04-11 10:18:03,566 - INFO - Chrome WebDriver initialized successfully
2025-04-11 10:18:03,566 - INFO - Navigating to PrintNet login page: https://printnet.networkhero.eu/dashboard/admin/
2025-04-11 10:18:04,263 - INFO - Username entered
2025-04-11 10:18:04,271 - ERROR - Failed to find password field by ID: Message: no such element: Unable to locate element: {"method":"css selector","selector":"[id="password"]"}
  (Session info: chrome=135.0.7049.85); For documentation on this error, please visit: https://www.selenium.dev/documentation/webdriver/troubleshooting/errors#no-such-element-exception
Stacktrace:
	GetHandleVerifier [0x012480E3+60707]
	GetHandleVerifier [0x01248124+60772]
	(No symbol) [0x01070683]
	(No symbol) [0x010B8660]
	(No symbol) [0x010B89FB]
	(No symbol) [0x01101022]
	(No symbol) [0x010DD094]
	(No symbol) [0x010FE824]
	(No symbol) [0x010DCE46]
	(No symbol) [0x010AC5D3]
	(No symbol) [0x010AD424]
	GetHandleVerifier [0x0148BBC3+2435075]
	GetHandleVerifier [0x01487163+2416035]
	GetHandleVerifier [0x014A350C+2531660]
	GetHandleVerifier [0x0125F1B5+155125]
	GetHandleVerifier [0x01265B5D+182173]
	GetHandleVerifier [0x0124F9B8+91640]
	GetHandleVerifier [0x0124FB60+92064]
	GetHandleVerifier [0x0123A620+4704]
	BaseThreadInitThunk [0x75897BA9+25]
	RtlInitializeExceptionChain [0x7765C2EB+107]
	RtlClearBits [0x7765C26F+191]

2025-04-11 10:18:04,347 - INFO - Password entered using alternative selector
2025-04-11 10:18:06,481 - INFO - Login button clicked
2025-04-11 10:18:12,307 - INFO - Successfully logged in to PrintNet
2025-04-11 10:18:12,307 - INFO - Successfully logged in to PrintNet
2025-04-11 10:18:12,309 - INFO - Processing last product: Mappe für Quadrat 21x21cm 2-teilig mit 3 Laschen, 4/4 farbig (Außenseite bedruckt), mit Heißfolienprägung Silber (SKU: 1004551)
2025-04-11 10:18:12,310 - INFO - Clicking on Catalog icon in PrintNet...
2025-04-11 10:18:12,395 - INFO - Clicking on Products submenu in PrintNet...
2025-04-11 10:18:13,272 - INFO - Clicking on Add Product button in PrintNet...
2025-04-11 10:18:14,391 - INFO - Navigated to Add Product page in PrintNet
2025-04-11 10:18:15,814 - INFO - SKU giriliyor: 1004551
2025-04-11 10:18:15,919 - INFO - SKU girildi: 1004551
2025-04-11 10:18:15,919 - INFO - Fiyat giriliyor: 1.00
2025-04-11 10:18:16,020 - INFO - Fiyat girildi: 1.00
2025-04-11 10:18:16,020 - INFO - Miktar giriliyor: 99999999
2025-04-11 10:18:16,187 - INFO - Miktar girildi: 99999999
2025-04-11 10:18:16,188 - INFO - Attempting to set Visibility to 'Catalog'
2025-04-11 10:18:33,556 - ERROR - Could not find 'Catalog' option
2025-04-11 10:18:33,556 - ERROR - Failed catalog
2025-04-11 10:18:33,556 - ERROR - Failed to configure product: Mappe für Quadrat 21x21cm 2-teilig mit 3 Laschen, 4/4 farbig (Außenseite bedruckt), mit Heißfolienprägung Silber
2025-04-11 10:18:35,770 - INFO - Browser closed
