2025-04-11 10:28:27,057 - INFO - Logging initialized. Log file: C:\Users\g.yilmaz\Desktop\Magento_otomation\Done\logs\printnet_automation_20250411_102827.log
2025-04-11 10:28:27,057 - INFO - ====== WebDriver manager ======
2025-04-11 10:28:28,032 - INFO - Get LATEST chromedriver version for google-chrome
2025-04-11 10:28:28,106 - INFO - Get LATEST chromedriver version for google-chrome
2025-04-11 10:28:28,162 - INFO - Driver [C:\Users\g.yilmaz\.wdm\drivers\chromedriver\win64\135.0.7049.84\chromedriver-win32/chromedriver.exe] found in cache
2025-04-11 10:28:29,197 - INFO - Chrome WebDriver initialized successfully
2025-04-11 10:28:29,198 - INFO - Navigating to PrintNet login page: https://printnet.networkhero.eu/dashboard/admin/
2025-04-11 10:28:29,885 - INFO - Username entered
2025-04-11 10:28:29,897 - ERROR - Failed to find password field by ID: Message: no such element: Unable to locate element: {"method":"css selector","selector":"[id="password"]"}
  (Session info: chrome=135.0.7049.85); For documentation on this error, please visit: https://www.selenium.dev/documentation/webdriver/troubleshooting/errors#no-such-element-exception
Stacktrace:
	GetHandleVerifier [0x012480E3+60707]
	GetHandleVerifier [0x01248124+60772]
	(No symbol) [0x01070683]
	(No symbol) [0x010B8660]
	(No symbol) [0x010B89FB]
	(No symbol) [0x01101022]
	(No symbol) [0x010DD094]
	(No symbol) [0x010FE824]
	(No symbol) [0x010DCE46]
	(No symbol) [0x010AC5D3]
	(No symbol) [0x010AD424]
	GetHandleVerifier [0x0148BBC3+2435075]
	GetHandleVerifier [0x01487163+2416035]
	GetHandleVerifier [0x014A350C+2531660]
	GetHandleVerifier [0x0125F1B5+155125]
	GetHandleVerifier [0x01265B5D+182173]
	GetHandleVerifier [0x0124F9B8+91640]
	GetHandleVerifier [0x0124FB60+92064]
	GetHandleVerifier [0x0123A620+4704]
	BaseThreadInitThunk [0x75897BA9+25]
	RtlInitializeExceptionChain [0x7765C2EB+107]
	RtlClearBits [0x7765C26F+191]

2025-04-11 10:28:29,967 - INFO - Password entered using alternative selector
2025-04-11 10:28:32,068 - INFO - Login button clicked
2025-04-11 10:28:42,152 - INFO - Successfully logged in to PrintNet
2025-04-11 10:28:42,152 - INFO - Successfully logged in to PrintNet
2025-04-11 10:28:42,154 - INFO - Processing last product: Mappe für Quadrat 21x21cm 2-teilig mit 3 Laschen, 4/4 farbig (Außenseite bedruckt), mit Heißfolienprägung Silber (SKU: 1004551)
2025-04-11 10:28:42,154 - INFO - Clicking on Catalog icon in PrintNet...
2025-04-11 10:28:42,194 - INFO - Clicking on Products submenu in PrintNet...
2025-04-11 10:28:43,019 - INFO - Clicking on Add Product button in PrintNet...
2025-04-11 10:28:44,020 - INFO - Navigated to Add Product page in PrintNet
2025-04-11 10:28:45,121 - INFO - SKU giriliyor: 1004551
2025-04-11 10:28:45,255 - INFO - SKU girildi: 1004551
2025-04-11 10:28:45,255 - INFO - Fiyat giriliyor: 1.00
2025-04-11 10:28:45,350 - INFO - Fiyat girildi: 1.00
2025-04-11 10:28:45,351 - INFO - Miktar giriliyor: 99999999
2025-04-11 10:28:45,409 - INFO - Miktar girildi: 99999999
2025-04-11 10:28:45,409 - INFO - Starting Visibility selection process
2025-04-11 10:28:57,311 - WARNING - Retrying (Retry(total=2, connect=None, read=None, redirect=None, status=None)) after connection broken by 'NewConnectionError('<urllib3.connection.HTTPConnection object at 0x00000211B7C96090>: Failed to establish a new connection: [WinError 10061] Es konnte keine Verbindung hergestellt werden, da der Zielcomputer die Verbindung verweigerte')': /session/23c2c4d31a24eb5b30cb6db1a1120bd0/execute/sync
2025-04-11 10:29:01,352 - WARNING - Retrying (Retry(total=1, connect=None, read=None, redirect=None, status=None)) after connection broken by 'NewConnectionError('<urllib3.connection.HTTPConnection object at 0x00000211B7C963F0>: Failed to establish a new connection: [WinError 10061] Es konnte keine Verbindung hergestellt werden, da der Zielcomputer die Verbindung verweigerte')': /session/23c2c4d31a24eb5b30cb6db1a1120bd0/execute/sync
2025-04-11 10:29:05,442 - WARNING - Retrying (Retry(total=0, connect=None, read=None, redirect=None, status=None)) after connection broken by 'NewConnectionError('<urllib3.connection.HTTPConnection object at 0x00000211B7C965D0>: Failed to establish a new connection: [WinError 10061] Es konnte keine Verbindung hergestellt werden, da der Zielcomputer die Verbindung verweigerte')': /session/23c2c4d31a24eb5b30cb6db1a1120bd0/execute/sync
2025-04-11 10:29:09,512 - ERROR - Error in dropdown selection: HTTPConnectionPool(host='localhost', port=56257): Max retries exceeded with url: /session/23c2c4d31a24eb5b30cb6db1a1120bd0/execute/sync (Caused by NewConnectionError('<urllib3.connection.HTTPConnection object at 0x00000211B7C967E0>: Failed to establish a new connection: [WinError 10061] Es konnte keine Verbindung hergestellt werden, da der Zielcomputer die Verbindung verweigerte'))
2025-04-11 10:29:09,512 - ERROR - Failed catalog
2025-04-11 10:29:09,512 - ERROR - Failed to configure product: Mappe für Quadrat 21x21cm 2-teilig mit 3 Laschen, 4/4 farbig (Außenseite bedruckt), mit Heißfolienprägung Silber
2025-04-11 10:29:13,565 - WARNING - Retrying (Retry(total=2, connect=None, read=None, redirect=None, status=None)) after connection broken by 'NewConnectionError('<urllib3.connection.HTTPConnection object at 0x00000211B7C96240>: Failed to establish a new connection: [WinError 10061] Es konnte keine Verbindung hergestellt werden, da der Zielcomputer die Verbindung verweigerte')': /session/23c2c4d31a24eb5b30cb6db1a1120bd0
2025-04-11 10:29:17,604 - WARNING - Retrying (Retry(total=1, connect=None, read=None, redirect=None, status=None)) after connection broken by 'NewConnectionError('<urllib3.connection.HTTPConnection object at 0x00000211B7C96BD0>: Failed to establish a new connection: [WinError 10061] Es konnte keine Verbindung hergestellt werden, da der Zielcomputer die Verbindung verweigerte')': /session/23c2c4d31a24eb5b30cb6db1a1120bd0
2025-04-11 10:29:21,668 - WARNING - Retrying (Retry(total=0, connect=None, read=None, redirect=None, status=None)) after connection broken by 'NewConnectionError('<urllib3.connection.HTTPConnection object at 0x00000211B7C96D80>: Failed to establish a new connection: [WinError 10061] Es konnte keine Verbindung hergestellt werden, da der Zielcomputer die Verbindung verweigerte')': /session/23c2c4d31a24eb5b30cb6db1a1120bd0
2025-04-11 10:29:29,805 - INFO - Browser closed
