2025-04-11 09:43:16,660 - INFO - Logging initialized. Log file: C:\Users\g.yilmaz\Desktop\Magento_otomation\Done\logs\printnet_fixed_price_20250411_094316.log
2025-04-11 09:43:16,660 - INFO - ====== WebDriver manager ======
2025-04-11 09:43:17,644 - INFO - Get LATEST chromedriver version for google-chrome
2025-04-11 09:43:17,716 - INFO - Get LATEST chromedriver version for google-chrome
2025-04-11 09:43:17,772 - INFO - Driver [C:\Users\g.yilmaz\.wdm\drivers\chromedriver\win64\135.0.7049.84\chromedriver-win32/chromedriver.exe] found in cache
2025-04-11 09:43:18,815 - INFO - Navigating to https://printnet.networkhero.eu/dashboard/admin
2025-04-11 09:43:19,499 - INFO - Username entered
2025-04-11 09:43:19,577 - INFO - Password entered
2025-04-11 09:43:21,683 - INFO - Login button clicked
2025-04-11 09:43:21,683 - INFO - Waiting for you to enter Google Authenticator code...
2025-04-11 09:43:37,171 - INFO - Login successful
2025-04-11 09:43:37,171 - INFO - Clicking on CLOUDLAB icon using the Catalog approach...
2025-04-11 09:43:37,231 - INFO - Clicked on CLOUDLAB icon using Catalog approach
2025-04-11 09:43:40,742 - INFO - JavaScript sonucu: Price Unit değeri 1 olarak ayarlandı
2025-04-11 09:43:44,024 - INFO - Attempting to click the Save button in the top right corner
2025-04-11 09:43:54,174 - WARNING - First approach failed: Message: 
Stacktrace:
	GetHandleVerifier [0x012480E3+60707]
	GetHandleVerifier [0x01248124+60772]
	(No symbol) [0x01070683]
	(No symbol) [0x010B8660]
	(No symbol) [0x010B89FB]
	(No symbol) [0x01101022]
	(No symbol) [0x010DD094]
	(No symbol) [0x010FE824]
	(No symbol) [0x010DCE46]
	(No symbol) [0x010AC5D3]
	(No symbol) [0x010AD424]
	GetHandleVerifier [0x0148BBC3+2435075]
	GetHandleVerifier [0x01487163+2416035]
	GetHandleVerifier [0x014A350C+2531660]
	GetHandleVerifier [0x0125F1B5+155125]
	GetHandleVerifier [0x01265B5D+182173]
	GetHandleVerifier [0x0124F9B8+91640]
	GetHandleVerifier [0x0124FB60+92064]
	GetHandleVerifier [0x0123A620+4704]
	BaseThreadInitThunk [0x75897BA9+25]
	RtlInitializeExceptionChain [0x7765C2EB+107]
	RtlClearBits [0x7765C26F+191]

2025-04-11 09:43:54,207 - INFO - JavaScript Save button result: Clicked the best Save button: 
                                Save
                            
2025-04-11 09:44:00,680 - INFO - JavaScript sonucu: Price Unit değeri 1 olarak ayarlandı
2025-04-11 09:44:03,906 - INFO - Attempting to click the Save button in the top right corner
2025-04-11 09:44:14,069 - WARNING - First approach failed: Message: 
Stacktrace:
	GetHandleVerifier [0x012480E3+60707]
	GetHandleVerifier [0x01248124+60772]
	(No symbol) [0x01070683]
	(No symbol) [0x010B8660]
	(No symbol) [0x010B89FB]
	(No symbol) [0x01101022]
	(No symbol) [0x010DD094]
	(No symbol) [0x010FE824]
	(No symbol) [0x010DCE46]
	(No symbol) [0x010AC5D3]
	(No symbol) [0x010AD424]
	GetHandleVerifier [0x0148BBC3+2435075]
	GetHandleVerifier [0x01487163+2416035]
	GetHandleVerifier [0x014A350C+2531660]
	GetHandleVerifier [0x0125F1B5+155125]
	GetHandleVerifier [0x01265B5D+182173]
	GetHandleVerifier [0x0124F9B8+91640]
	GetHandleVerifier [0x0124FB60+92064]
	GetHandleVerifier [0x0123A620+4704]
	BaseThreadInitThunk [0x75897BA9+25]
	RtlInitializeExceptionChain [0x7765C2EB+107]
	RtlClearBits [0x7765C26F+191]

2025-04-11 09:44:14,095 - INFO - JavaScript Save button result: Clicked the best Save button: 
                                Save
                            
2025-04-11 09:44:20,786 - INFO - JavaScript sonucu: Price Unit değeri 1 olarak ayarlandı
2025-04-11 09:44:24,057 - INFO - Attempting to click the Save button in the top right corner
2025-04-11 09:44:34,205 - WARNING - First approach failed: Message: 
Stacktrace:
	GetHandleVerifier [0x012480E3+60707]
	GetHandleVerifier [0x01248124+60772]
	(No symbol) [0x01070683]
	(No symbol) [0x010B8660]
	(No symbol) [0x010B89FB]
	(No symbol) [0x01101022]
	(No symbol) [0x010DD094]
	(No symbol) [0x010FE824]
	(No symbol) [0x010DCE46]
	(No symbol) [0x010AC5D3]
	(No symbol) [0x010AD424]
	GetHandleVerifier [0x0148BBC3+2435075]
	GetHandleVerifier [0x01487163+2416035]
	GetHandleVerifier [0x014A350C+2531660]
	GetHandleVerifier [0x0125F1B5+155125]
	GetHandleVerifier [0x01265B5D+182173]
	GetHandleVerifier [0x0124F9B8+91640]
	GetHandleVerifier [0x0124FB60+92064]
	GetHandleVerifier [0x0123A620+4704]
	BaseThreadInitThunk [0x75897BA9+25]
	RtlInitializeExceptionChain [0x7765C2EB+107]
	RtlClearBits [0x7765C26F+191]

2025-04-11 09:44:34,228 - INFO - JavaScript Save button result: Clicked the best Save button: 
                                Save
                            
2025-04-11 09:44:40,738 - INFO - JavaScript sonucu: Price Unit değeri 1 olarak ayarlandı
2025-04-11 09:44:44,032 - INFO - Attempting to click the Save button in the top right corner
2025-04-11 09:44:54,182 - WARNING - First approach failed: Message: 
Stacktrace:
	GetHandleVerifier [0x012480E3+60707]
	GetHandleVerifier [0x01248124+60772]
	(No symbol) [0x01070683]
	(No symbol) [0x010B8660]
	(No symbol) [0x010B89FB]
	(No symbol) [0x01101022]
	(No symbol) [0x010DD094]
	(No symbol) [0x010FE824]
	(No symbol) [0x010DCE46]
	(No symbol) [0x010AC5D3]
	(No symbol) [0x010AD424]
	GetHandleVerifier [0x0148BBC3+2435075]
	GetHandleVerifier [0x01487163+2416035]
	GetHandleVerifier [0x014A350C+2531660]
	GetHandleVerifier [0x0125F1B5+155125]
	GetHandleVerifier [0x01265B5D+182173]
	GetHandleVerifier [0x0124F9B8+91640]
	GetHandleVerifier [0x0124FB60+92064]
	GetHandleVerifier [0x0123A620+4704]
	BaseThreadInitThunk [0x75897BA9+25]
	RtlInitializeExceptionChain [0x7765C2EB+107]
	RtlClearBits [0x7765C26F+191]

2025-04-11 09:44:54,206 - INFO - JavaScript Save button result: Clicked the best Save button: 
                                Save
                            
