2025-04-11 09:15:10,743 - INFO - Logging initialized. Log file: C:\Users\g.yilmaz\Desktop\Magento_otomation\Done\logs\printnet_automation_20250411_091510.log
2025-04-11 09:15:10,745 - INFO - Logging initialized. Log file: C:\Users\g.yilmaz\Desktop\Magento_otomation\Done\logs\skynet_fixed_price_20250411_091510.log
2025-04-11 09:15:10,746 - INFO - Logging initialized. Log file: C:\Users\g.yilmaz\Desktop\Magento_otomation\Done\logs\printnet_fixed_price_20250411_091510.log
2025-04-11 09:15:10,765 - INFO - Logging initialized. Log file: C:\Users\g.yilmaz\Desktop\Magento_otomation\Done\logs\skynet_page_options_20250411_091510.log
2025-04-11 09:15:10,765 - INFO - ====== WebDriver manager ======
2025-04-11 09:15:11,724 - INFO - Get LATEST chromedriver version for google-chrome
2025-04-11 09:15:11,832 - INFO - Get LATEST chromedriver version for google-chrome
2025-04-11 09:15:11,903 - INFO - Get LATEST chromedriver version for google-chrome
2025-04-11 09:15:12,064 - INFO - WebDriver version 135.0.7049.84 selected
2025-04-11 09:15:12,067 - INFO - Modern chrome version https://storage.googleapis.com/chrome-for-testing-public/135.0.7049.84/win32/chromedriver-win32.zip
2025-04-11 09:15:12,067 - INFO - About to download new driver from https://storage.googleapis.com/chrome-for-testing-public/135.0.7049.84/win32/chromedriver-win32.zip
2025-04-11 09:15:12,158 - INFO - Driver downloading response is 200
2025-04-11 09:15:13,024 - INFO - Get LATEST chromedriver version for google-chrome
2025-04-11 09:15:13,192 - INFO - Driver has been saved in cache [C:\Users\g.yilmaz\.wdm\drivers\chromedriver\win64\135.0.7049.84]
2025-04-11 09:15:14,403 - INFO - Chrome WebDriver initialized successfully
2025-04-11 09:15:14,403 - INFO - Navigating to https://skynet.networkhero.eu/y5id_dashboard/admin/
2025-04-11 09:15:15,247 - INFO - Username entered
2025-04-11 09:15:15,330 - INFO - Password entered
2025-04-11 09:15:15,774 - INFO - Login button clicked
2025-04-11 09:15:15,774 - INFO - Waiting for you to enter Google Authenticator code...
2025-04-11 09:15:26,103 - INFO - Login successful
2025-04-11 09:15:26,104 - INFO - Clicking on CLOUDLAB icon using the Catalog approach...
2025-04-11 09:15:26,117 - INFO - Clicked on CLOUDLAB icon using Catalog approach
2025-04-11 09:15:26,117 - INFO - Successfully clicked on CloudLab
2025-04-11 09:15:26,117 - INFO - Clicking on Page Options submenu...
2025-04-11 09:15:26,440 - INFO - Clicked on Page Options using XPath approach
2025-04-11 09:15:26,457 - INFO - Successfully navigated to Page Options page
2025-04-11 09:15:26,458 - INFO - Successfully clicked on Page Options
2025-04-11 09:15:26,458 - INFO - Looking for Code search field
2025-04-11 09:15:26,610 - INFO - Entered 'paper_wmd' in Code search field
2025-04-11 09:15:27,654 - WARNING - Could not find search button, trying to press Enter instead: Message: 

2025-04-11 09:15:27,686 - INFO - Pressed Enter to search
2025-04-11 09:15:27,686 - INFO - Looking for the second Material option in search results
2025-04-11 09:15:27,696 - INFO - Found 20 rows in the search results
2025-04-11 09:15:27,802 - WARNING - Error processing row: Message: stale element reference: stale element not found in the current frame
  (Session info: chrome=135.0.7049.85); For documentation on this error, please visit: https://www.selenium.dev/documentation/webdriver/troubleshooting/errors#stale-element-reference-exception
Stacktrace:
	GetHandleVerifier [0x011C80E3+60707]
	GetHandleVerifier [0x011C8124+60772]
	(No symbol) [0x00FF0683]
	(No symbol) [0x00FF6DE7]
	(No symbol) [0x00FF90DA]
	(No symbol) [0x00FF9157]
	(No symbol) [0x01037EF4]
	(No symbol) [0x010389FB]
	(No symbol) [0x0102E131]
	(No symbol) [0x0105D094]
	(No symbol) [0x0102DCA4]
	(No symbol) [0x0105D2C4]
	(No symbol) [0x0107E824]
	(No symbol) [0x0105CE46]
	(No symbol) [0x0102C5D3]
	(No symbol) [0x0102D424]
	GetHandleVerifier [0x0140BBC3+2435075]
	GetHandleVerifier [0x01407163+2416035]
	GetHandleVerifier [0x0142350C+2531660]
	GetHandleVerifier [0x011DF1B5+155125]
	GetHandleVerifier [0x011E5B5D+182173]
	GetHandleVerifier [0x011CF9B8+91640]
	GetHandleVerifier [0x011CFB60+92064]
	GetHandleVerifier [0x011BA620+4704]
	BaseThreadInitThunk [0x75897BA9+25]
	RtlInitializeExceptionChain [0x7765C2EB+107]
	RtlClearBits [0x7765C26F+191]

2025-04-11 09:15:27,808 - WARNING - Error processing row: Message: stale element reference: stale element not found in the current frame
  (Session info: chrome=135.0.7049.85); For documentation on this error, please visit: https://www.selenium.dev/documentation/webdriver/troubleshooting/errors#stale-element-reference-exception
Stacktrace:
	GetHandleVerifier [0x011C80E3+60707]
	GetHandleVerifier [0x011C8124+60772]
	(No symbol) [0x00FF0683]
	(No symbol) [0x00FF6DE7]
	(No symbol) [0x00FF90DA]
	(No symbol) [0x00FF9157]
	(No symbol) [0x01037EF4]
	(No symbol) [0x010389FB]
	(No symbol) [0x0102E131]
	(No symbol) [0x0105D094]
	(No symbol) [0x0102DCA4]
	(No symbol) [0x0105D2C4]
	(No symbol) [0x0107E824]
	(No symbol) [0x0105CE46]
	(No symbol) [0x0102C5D3]
	(No symbol) [0x0102D424]
	GetHandleVerifier [0x0140BBC3+2435075]
	GetHandleVerifier [0x01407163+2416035]
	GetHandleVerifier [0x0142350C+2531660]
	GetHandleVerifier [0x011DF1B5+155125]
	GetHandleVerifier [0x011E5B5D+182173]
	GetHandleVerifier [0x011CF9B8+91640]
	GetHandleVerifier [0x011CFB60+92064]
	GetHandleVerifier [0x011BA620+4704]
	BaseThreadInitThunk [0x75897BA9+25]
	RtlInitializeExceptionChain [0x7765C2EB+107]
	RtlClearBits [0x7765C26F+191]

2025-04-11 09:15:27,817 - WARNING - Error processing row: Message: stale element reference: stale element not found in the current frame
  (Session info: chrome=135.0.7049.85); For documentation on this error, please visit: https://www.selenium.dev/documentation/webdriver/troubleshooting/errors#stale-element-reference-exception
Stacktrace:
	GetHandleVerifier [0x011C80E3+60707]
	GetHandleVerifier [0x011C8124+60772]
	(No symbol) [0x00FF0683]
	(No symbol) [0x00FF6DE7]
	(No symbol) [0x00FF90DA]
	(No symbol) [0x00FF9157]
	(No symbol) [0x01037EF4]
	(No symbol) [0x010389FB]
	(No symbol) [0x0102E131]
	(No symbol) [0x0105D094]
	(No symbol) [0x0102DCA4]
	(No symbol) [0x0105D2C4]
	(No symbol) [0x0107E824]
	(No symbol) [0x0105CE46]
	(No symbol) [0x0102C5D3]
	(No symbol) [0x0102D424]
	GetHandleVerifier [0x0140BBC3+2435075]
	GetHandleVerifier [0x01407163+2416035]
	GetHandleVerifier [0x0142350C+2531660]
	GetHandleVerifier [0x011DF1B5+155125]
	GetHandleVerifier [0x011E5B5D+182173]
	GetHandleVerifier [0x011CF9B8+91640]
	GetHandleVerifier [0x011CFB60+92064]
	GetHandleVerifier [0x011BA620+4704]
	BaseThreadInitThunk [0x75897BA9+25]
	RtlInitializeExceptionChain [0x7765C2EB+107]
	RtlClearBits [0x7765C26F+191]

2025-04-11 09:15:27,821 - WARNING - Error processing row: Message: stale element reference: stale element not found in the current frame
  (Session info: chrome=135.0.7049.85); For documentation on this error, please visit: https://www.selenium.dev/documentation/webdriver/troubleshooting/errors#stale-element-reference-exception
Stacktrace:
	GetHandleVerifier [0x011C80E3+60707]
	GetHandleVerifier [0x011C8124+60772]
	(No symbol) [0x00FF0683]
	(No symbol) [0x00FF6DE7]
	(No symbol) [0x00FF90DA]
	(No symbol) [0x00FF9157]
	(No symbol) [0x01037EF4]
	(No symbol) [0x010389FB]
	(No symbol) [0x0102E131]
	(No symbol) [0x0105D094]
	(No symbol) [0x0102DCA4]
	(No symbol) [0x0105D2C4]
	(No symbol) [0x0107E824]
	(No symbol) [0x0105CE46]
	(No symbol) [0x0102C5D3]
	(No symbol) [0x0102D424]
	GetHandleVerifier [0x0140BBC3+2435075]
	GetHandleVerifier [0x01407163+2416035]
	GetHandleVerifier [0x0142350C+2531660]
	GetHandleVerifier [0x011DF1B5+155125]
	GetHandleVerifier [0x011E5B5D+182173]
	GetHandleVerifier [0x011CF9B8+91640]
	GetHandleVerifier [0x011CFB60+92064]
	GetHandleVerifier [0x011BA620+4704]
	BaseThreadInitThunk [0x75897BA9+25]
	RtlInitializeExceptionChain [0x7765C2EB+107]
	RtlClearBits [0x7765C26F+191]

2025-04-11 09:15:27,829 - WARNING - Error processing row: Message: stale element reference: stale element not found in the current frame
  (Session info: chrome=135.0.7049.85); For documentation on this error, please visit: https://www.selenium.dev/documentation/webdriver/troubleshooting/errors#stale-element-reference-exception
Stacktrace:
	GetHandleVerifier [0x011C80E3+60707]
	GetHandleVerifier [0x011C8124+60772]
	(No symbol) [0x00FF0683]
	(No symbol) [0x00FF6DE7]
	(No symbol) [0x00FF90DA]
	(No symbol) [0x00FF9157]
	(No symbol) [0x01037EF4]
	(No symbol) [0x010389FB]
	(No symbol) [0x0102E131]
	(No symbol) [0x0105D094]
	(No symbol) [0x0102DCA4]
	(No symbol) [0x0105D2C4]
	(No symbol) [0x0107E824]
	(No symbol) [0x0105CE46]
	(No symbol) [0x0102C5D3]
	(No symbol) [0x0102D424]
	GetHandleVerifier [0x0140BBC3+2435075]
	GetHandleVerifier [0x01407163+2416035]
	GetHandleVerifier [0x0142350C+2531660]
	GetHandleVerifier [0x011DF1B5+155125]
	GetHandleVerifier [0x011E5B5D+182173]
	GetHandleVerifier [0x011CF9B8+91640]
	GetHandleVerifier [0x011CFB60+92064]
	GetHandleVerifier [0x011BA620+4704]
	BaseThreadInitThunk [0x75897BA9+25]
	RtlInitializeExceptionChain [0x7765C2EB+107]
	RtlClearBits [0x7765C26F+191]

2025-04-11 09:15:27,836 - WARNING - Error processing row: Message: stale element reference: stale element not found in the current frame
  (Session info: chrome=135.0.7049.85); For documentation on this error, please visit: https://www.selenium.dev/documentation/webdriver/troubleshooting/errors#stale-element-reference-exception
Stacktrace:
	GetHandleVerifier [0x011C80E3+60707]
	GetHandleVerifier [0x011C8124+60772]
	(No symbol) [0x00FF0683]
	(No symbol) [0x00FF6DE7]
	(No symbol) [0x00FF90DA]
	(No symbol) [0x00FF9157]
	(No symbol) [0x01037EF4]
	(No symbol) [0x010389FB]
	(No symbol) [0x0102E131]
	(No symbol) [0x0105D094]
	(No symbol) [0x0102DCA4]
	(No symbol) [0x0105D2C4]
	(No symbol) [0x0107E824]
	(No symbol) [0x0105CE46]
	(No symbol) [0x0102C5D3]
	(No symbol) [0x0102D424]
	GetHandleVerifier [0x0140BBC3+2435075]
	GetHandleVerifier [0x01407163+2416035]
	GetHandleVerifier [0x0142350C+2531660]
	GetHandleVerifier [0x011DF1B5+155125]
	GetHandleVerifier [0x011E5B5D+182173]
	GetHandleVerifier [0x011CF9B8+91640]
	GetHandleVerifier [0x011CFB60+92064]
	GetHandleVerifier [0x011BA620+4704]
	BaseThreadInitThunk [0x75897BA9+25]
	RtlInitializeExceptionChain [0x7765C2EB+107]
	RtlClearBits [0x7765C26F+191]

2025-04-11 09:15:27,842 - WARNING - Error processing row: Message: stale element reference: stale element not found in the current frame
  (Session info: chrome=135.0.7049.85); For documentation on this error, please visit: https://www.selenium.dev/documentation/webdriver/troubleshooting/errors#stale-element-reference-exception
Stacktrace:
	GetHandleVerifier [0x011C80E3+60707]
	GetHandleVerifier [0x011C8124+60772]
	(No symbol) [0x00FF0683]
	(No symbol) [0x00FF6DE7]
	(No symbol) [0x00FF90DA]
	(No symbol) [0x00FF9157]
	(No symbol) [0x01037EF4]
	(No symbol) [0x010389FB]
	(No symbol) [0x0102E131]
	(No symbol) [0x0105D094]
	(No symbol) [0x0102DCA4]
	(No symbol) [0x0105D2C4]
	(No symbol) [0x0107E824]
	(No symbol) [0x0105CE46]
	(No symbol) [0x0102C5D3]
	(No symbol) [0x0102D424]
	GetHandleVerifier [0x0140BBC3+2435075]
	GetHandleVerifier [0x01407163+2416035]
	GetHandleVerifier [0x0142350C+2531660]
	GetHandleVerifier [0x011DF1B5+155125]
	GetHandleVerifier [0x011E5B5D+182173]
	GetHandleVerifier [0x011CF9B8+91640]
	GetHandleVerifier [0x011CFB60+92064]
	GetHandleVerifier [0x011BA620+4704]
	BaseThreadInitThunk [0x75897BA9+25]
	RtlInitializeExceptionChain [0x7765C2EB+107]
	RtlClearBits [0x7765C26F+191]

2025-04-11 09:15:27,849 - WARNING - Error processing row: Message: stale element reference: stale element not found in the current frame
  (Session info: chrome=135.0.7049.85); For documentation on this error, please visit: https://www.selenium.dev/documentation/webdriver/troubleshooting/errors#stale-element-reference-exception
Stacktrace:
	GetHandleVerifier [0x011C80E3+60707]
	GetHandleVerifier [0x011C8124+60772]
	(No symbol) [0x00FF0683]
	(No symbol) [0x00FF6DE7]
	(No symbol) [0x00FF90DA]
	(No symbol) [0x00FF9157]
	(No symbol) [0x01037EF4]
	(No symbol) [0x010389FB]
	(No symbol) [0x0102E131]
	(No symbol) [0x0105D094]
	(No symbol) [0x0102DCA4]
	(No symbol) [0x0105D2C4]
	(No symbol) [0x0107E824]
	(No symbol) [0x0105CE46]
	(No symbol) [0x0102C5D3]
	(No symbol) [0x0102D424]
	GetHandleVerifier [0x0140BBC3+2435075]
	GetHandleVerifier [0x01407163+2416035]
	GetHandleVerifier [0x0142350C+2531660]
	GetHandleVerifier [0x011DF1B5+155125]
	GetHandleVerifier [0x011E5B5D+182173]
	GetHandleVerifier [0x011CF9B8+91640]
	GetHandleVerifier [0x011CFB60+92064]
	GetHandleVerifier [0x011BA620+4704]
	BaseThreadInitThunk [0x75897BA9+25]
	RtlInitializeExceptionChain [0x7765C2EB+107]
	RtlClearBits [0x7765C26F+191]

2025-04-11 09:15:27,856 - WARNING - Error processing row: Message: stale element reference: stale element not found in the current frame
  (Session info: chrome=135.0.7049.85); For documentation on this error, please visit: https://www.selenium.dev/documentation/webdriver/troubleshooting/errors#stale-element-reference-exception
Stacktrace:
	GetHandleVerifier [0x011C80E3+60707]
	GetHandleVerifier [0x011C8124+60772]
	(No symbol) [0x00FF0683]
	(No symbol) [0x00FF6DE7]
	(No symbol) [0x00FF90DA]
	(No symbol) [0x00FF9157]
	(No symbol) [0x01037EF4]
	(No symbol) [0x010389FB]
	(No symbol) [0x0102E131]
	(No symbol) [0x0105D094]
	(No symbol) [0x0102DCA4]
	(No symbol) [0x0105D2C4]
	(No symbol) [0x0107E824]
	(No symbol) [0x0105CE46]
	(No symbol) [0x0102C5D3]
	(No symbol) [0x0102D424]
	GetHandleVerifier [0x0140BBC3+2435075]
	GetHandleVerifier [0x01407163+2416035]
	GetHandleVerifier [0x0142350C+2531660]
	GetHandleVerifier [0x011DF1B5+155125]
	GetHandleVerifier [0x011E5B5D+182173]
	GetHandleVerifier [0x011CF9B8+91640]
	GetHandleVerifier [0x011CFB60+92064]
	GetHandleVerifier [0x011BA620+4704]
	BaseThreadInitThunk [0x75897BA9+25]
	RtlInitializeExceptionChain [0x7765C2EB+107]
	RtlClearBits [0x7765C26F+191]

2025-04-11 09:15:27,861 - WARNING - Error processing row: Message: stale element reference: stale element not found in the current frame
  (Session info: chrome=135.0.7049.85); For documentation on this error, please visit: https://www.selenium.dev/documentation/webdriver/troubleshooting/errors#stale-element-reference-exception
Stacktrace:
	GetHandleVerifier [0x011C80E3+60707]
	GetHandleVerifier [0x011C8124+60772]
	(No symbol) [0x00FF0683]
	(No symbol) [0x00FF6DE7]
	(No symbol) [0x00FF90DA]
	(No symbol) [0x00FF9157]
	(No symbol) [0x01037EF4]
	(No symbol) [0x010389FB]
	(No symbol) [0x0102E131]
	(No symbol) [0x0105D094]
	(No symbol) [0x0102DCA4]
	(No symbol) [0x0105D2C4]
	(No symbol) [0x0107E824]
	(No symbol) [0x0105CE46]
	(No symbol) [0x0102C5D3]
	(No symbol) [0x0102D424]
	GetHandleVerifier [0x0140BBC3+2435075]
	GetHandleVerifier [0x01407163+2416035]
	GetHandleVerifier [0x0142350C+2531660]
	GetHandleVerifier [0x011DF1B5+155125]
	GetHandleVerifier [0x011E5B5D+182173]
	GetHandleVerifier [0x011CF9B8+91640]
	GetHandleVerifier [0x011CFB60+92064]
	GetHandleVerifier [0x011BA620+4704]
	BaseThreadInitThunk [0x75897BA9+25]
	RtlInitializeExceptionChain [0x7765C2EB+107]
	RtlClearBits [0x7765C26F+191]

2025-04-11 09:15:27,869 - WARNING - Error processing row: Message: stale element reference: stale element not found in the current frame
  (Session info: chrome=135.0.7049.85); For documentation on this error, please visit: https://www.selenium.dev/documentation/webdriver/troubleshooting/errors#stale-element-reference-exception
Stacktrace:
	GetHandleVerifier [0x011C80E3+60707]
	GetHandleVerifier [0x011C8124+60772]
	(No symbol) [0x00FF0683]
	(No symbol) [0x00FF6DE7]
	(No symbol) [0x00FF90DA]
	(No symbol) [0x00FF9157]
	(No symbol) [0x01037EF4]
	(No symbol) [0x010389FB]
	(No symbol) [0x0102E131]
	(No symbol) [0x0105D094]
	(No symbol) [0x0102DCA4]
	(No symbol) [0x0105D2C4]
	(No symbol) [0x0107E824]
	(No symbol) [0x0105CE46]
	(No symbol) [0x0102C5D3]
	(No symbol) [0x0102D424]
	GetHandleVerifier [0x0140BBC3+2435075]
	GetHandleVerifier [0x01407163+2416035]
	GetHandleVerifier [0x0142350C+2531660]
	GetHandleVerifier [0x011DF1B5+155125]
	GetHandleVerifier [0x011E5B5D+182173]
	GetHandleVerifier [0x011CF9B8+91640]
	GetHandleVerifier [0x011CFB60+92064]
	GetHandleVerifier [0x011BA620+4704]
	BaseThreadInitThunk [0x75897BA9+25]
	RtlInitializeExceptionChain [0x7765C2EB+107]
	RtlClearBits [0x7765C26F+191]

2025-04-11 09:15:27,873 - WARNING - Error processing row: Message: stale element reference: stale element not found in the current frame
  (Session info: chrome=135.0.7049.85); For documentation on this error, please visit: https://www.selenium.dev/documentation/webdriver/troubleshooting/errors#stale-element-reference-exception
Stacktrace:
	GetHandleVerifier [0x011C80E3+60707]
	GetHandleVerifier [0x011C8124+60772]
	(No symbol) [0x00FF0683]
	(No symbol) [0x00FF6DE7]
	(No symbol) [0x00FF90DA]
	(No symbol) [0x00FF9157]
	(No symbol) [0x01037EF4]
	(No symbol) [0x010389FB]
	(No symbol) [0x0102E131]
	(No symbol) [0x0105D094]
	(No symbol) [0x0102DCA4]
	(No symbol) [0x0105D2C4]
	(No symbol) [0x0107E824]
	(No symbol) [0x0105CE46]
	(No symbol) [0x0102C5D3]
	(No symbol) [0x0102D424]
	GetHandleVerifier [0x0140BBC3+2435075]
	GetHandleVerifier [0x01407163+2416035]
	GetHandleVerifier [0x0142350C+2531660]
	GetHandleVerifier [0x011DF1B5+155125]
	GetHandleVerifier [0x011E5B5D+182173]
	GetHandleVerifier [0x011CF9B8+91640]
	GetHandleVerifier [0x011CFB60+92064]
	GetHandleVerifier [0x011BA620+4704]
	BaseThreadInitThunk [0x75897BA9+25]
	RtlInitializeExceptionChain [0x7765C2EB+107]
	RtlClearBits [0x7765C26F+191]

2025-04-11 09:15:27,881 - WARNING - Error processing row: Message: stale element reference: stale element not found in the current frame
  (Session info: chrome=135.0.7049.85); For documentation on this error, please visit: https://www.selenium.dev/documentation/webdriver/troubleshooting/errors#stale-element-reference-exception
Stacktrace:
	GetHandleVerifier [0x011C80E3+60707]
	GetHandleVerifier [0x011C8124+60772]
	(No symbol) [0x00FF0683]
	(No symbol) [0x00FF6DE7]
	(No symbol) [0x00FF90DA]
	(No symbol) [0x00FF9157]
	(No symbol) [0x01037EF4]
	(No symbol) [0x010389FB]
	(No symbol) [0x0102E131]
	(No symbol) [0x0105D094]
	(No symbol) [0x0102DCA4]
	(No symbol) [0x0105D2C4]
	(No symbol) [0x0107E824]
	(No symbol) [0x0105CE46]
	(No symbol) [0x0102C5D3]
	(No symbol) [0x0102D424]
	GetHandleVerifier [0x0140BBC3+2435075]
	GetHandleVerifier [0x01407163+2416035]
	GetHandleVerifier [0x0142350C+2531660]
	GetHandleVerifier [0x011DF1B5+155125]
	GetHandleVerifier [0x011E5B5D+182173]
	GetHandleVerifier [0x011CF9B8+91640]
	GetHandleVerifier [0x011CFB60+92064]
	GetHandleVerifier [0x011BA620+4704]
	BaseThreadInitThunk [0x75897BA9+25]
	RtlInitializeExceptionChain [0x7765C2EB+107]
	RtlClearBits [0x7765C26F+191]

2025-04-11 09:15:27,886 - WARNING - Error processing row: Message: stale element reference: stale element not found in the current frame
  (Session info: chrome=135.0.7049.85); For documentation on this error, please visit: https://www.selenium.dev/documentation/webdriver/troubleshooting/errors#stale-element-reference-exception
Stacktrace:
	GetHandleVerifier [0x011C80E3+60707]
	GetHandleVerifier [0x011C8124+60772]
	(No symbol) [0x00FF0683]
	(No symbol) [0x00FF6DE7]
	(No symbol) [0x00FF90DA]
	(No symbol) [0x00FF9157]
	(No symbol) [0x01037EF4]
	(No symbol) [0x010389FB]
	(No symbol) [0x0102E131]
	(No symbol) [0x0105D094]
	(No symbol) [0x0102DCA4]
	(No symbol) [0x0105D2C4]
	(No symbol) [0x0107E824]
	(No symbol) [0x0105CE46]
	(No symbol) [0x0102C5D3]
	(No symbol) [0x0102D424]
	GetHandleVerifier [0x0140BBC3+2435075]
	GetHandleVerifier [0x01407163+2416035]
	GetHandleVerifier [0x0142350C+2531660]
	GetHandleVerifier [0x011DF1B5+155125]
	GetHandleVerifier [0x011E5B5D+182173]
	GetHandleVerifier [0x011CF9B8+91640]
	GetHandleVerifier [0x011CFB60+92064]
	GetHandleVerifier [0x011BA620+4704]
	BaseThreadInitThunk [0x75897BA9+25]
	RtlInitializeExceptionChain [0x7765C2EB+107]
	RtlClearBits [0x7765C26F+191]

2025-04-11 09:15:27,892 - WARNING - Error processing row: Message: stale element reference: stale element not found in the current frame
  (Session info: chrome=135.0.7049.85); For documentation on this error, please visit: https://www.selenium.dev/documentation/webdriver/troubleshooting/errors#stale-element-reference-exception
Stacktrace:
	GetHandleVerifier [0x011C80E3+60707]
	GetHandleVerifier [0x011C8124+60772]
	(No symbol) [0x00FF0683]
	(No symbol) [0x00FF6DE7]
	(No symbol) [0x00FF90DA]
	(No symbol) [0x00FF9157]
	(No symbol) [0x01037EF4]
	(No symbol) [0x010389FB]
	(No symbol) [0x0102E131]
	(No symbol) [0x0105D094]
	(No symbol) [0x0102DCA4]
	(No symbol) [0x0105D2C4]
	(No symbol) [0x0107E824]
	(No symbol) [0x0105CE46]
	(No symbol) [0x0102C5D3]
	(No symbol) [0x0102D424]
	GetHandleVerifier [0x0140BBC3+2435075]
	GetHandleVerifier [0x01407163+2416035]
	GetHandleVerifier [0x0142350C+2531660]
	GetHandleVerifier [0x011DF1B5+155125]
	GetHandleVerifier [0x011E5B5D+182173]
	GetHandleVerifier [0x011CF9B8+91640]
	GetHandleVerifier [0x011CFB60+92064]
	GetHandleVerifier [0x011BA620+4704]
	BaseThreadInitThunk [0x75897BA9+25]
	RtlInitializeExceptionChain [0x7765C2EB+107]
	RtlClearBits [0x7765C26F+191]

2025-04-11 09:15:27,900 - WARNING - Error processing row: Message: stale element reference: stale element not found in the current frame
  (Session info: chrome=135.0.7049.85); For documentation on this error, please visit: https://www.selenium.dev/documentation/webdriver/troubleshooting/errors#stale-element-reference-exception
Stacktrace:
	GetHandleVerifier [0x011C80E3+60707]
	GetHandleVerifier [0x011C8124+60772]
	(No symbol) [0x00FF0683]
	(No symbol) [0x00FF6DE7]
	(No symbol) [0x00FF90DA]
	(No symbol) [0x00FF9157]
	(No symbol) [0x01037EF4]
	(No symbol) [0x010389FB]
	(No symbol) [0x0102E131]
	(No symbol) [0x0105D094]
	(No symbol) [0x0102DCA4]
	(No symbol) [0x0105D2C4]
	(No symbol) [0x0107E824]
	(No symbol) [0x0105CE46]
	(No symbol) [0x0102C5D3]
	(No symbol) [0x0102D424]
	GetHandleVerifier [0x0140BBC3+2435075]
	GetHandleVerifier [0x01407163+2416035]
	GetHandleVerifier [0x0142350C+2531660]
	GetHandleVerifier [0x011DF1B5+155125]
	GetHandleVerifier [0x011E5B5D+182173]
	GetHandleVerifier [0x011CF9B8+91640]
	GetHandleVerifier [0x011CFB60+92064]
	GetHandleVerifier [0x011BA620+4704]
	BaseThreadInitThunk [0x75897BA9+25]
	RtlInitializeExceptionChain [0x7765C2EB+107]
	RtlClearBits [0x7765C26F+191]

2025-04-11 09:15:27,900 - WARNING - Not enough rows found in search results
2025-04-11 09:15:28,092 - INFO - Clicked on the first available Material element
2025-04-11 09:15:28,092 - INFO - Successfully completed search and click workflow
2025-04-11 09:15:28,093 - INFO - Looking for Page Option Values section
2025-04-11 09:15:28,118 - INFO - Scrolling down to find Page Option Values
2025-04-11 09:15:29,191 - INFO - Clicked on Page Option Values section
2025-04-11 09:15:34,022 - INFO - Successfully found and clicked button via JavaScript: Clicked button: 
    add new value

2025-04-11 09:15:34,022 - INFO - Successfully clicked on Page Option Values and Add new Value
2025-04-11 09:15:34,024 - INFO - Parsed 11 materials from name value: ['0', 'mm starker Chromokarton 255g (zertifiziert mit PEFC-Siegel für Nachhaltigkeit)', 'fachem Volumen', '0', 'mm starker Bilderdruckkarton 350g matt (zertifiziert mit FSC-Siegel)', '0', 'mm starker Naturkarton 300g hochweiß (zertifiziert mit FSC-Siegel)', 'fachem Volumen', '0', 'mm starker Recyclingkarton 300g weiß (zertifiziert mit Blauer Engel und EU Ecolabel)', 'fachem Volumen']
2025-04-11 09:15:34,024 - INFO - Parsed 4 materials from code value: ['mappe_a4_2t_44_0_40mm_chromokarton_255g_pefc_1_6vol', 'mappe_a4_2t_44_0_36mm_bilderdruckkarton_350g_matt_fsc', 'mappe_a4_2t_44_0_36mm_naturkarton_300g_hochweiss_fsc_1_3vol', 'mappe_a4_2t_44_0_36mm_recyclingkarton_300g_weiss_blauer_engel_eu_1_25vol']
2025-04-11 09:15:34,030 - INFO - Processing material 1/4: Name=0, Code=mappe_a4_2t_44_0_40mm_chromokarton_255g_pefc_1_6vol, Position=0
2025-04-11 09:15:36,150 - INFO - JavaScript fill result for material 1: {'codeFieldFound': True, 'codeFieldValue': 'mappe_a4_2t_44_0_40mm_chromokarton_255g_pefc_1_6vol', 'nameFieldFound': True, 'nameFieldValue': '0', 'positionFieldFound': True, 'positionFieldValue': '0'}
2025-04-11 09:15:37,277 - INFO - Starting popup modal Save button click function
2025-04-11 09:15:37,289 - INFO - Found modal popup
2025-04-11 09:15:37,298 - WARNING - Could not find Save button in modal: Message: no such element: Unable to locate element: {"method":"css selector","selector":"button#save, button.action-primary, button[title='Save'], button.primary"}
  (Session info: chrome=135.0.7049.85); For documentation on this error, please visit: https://www.selenium.dev/documentation/webdriver/troubleshooting/errors#no-such-element-exception
Stacktrace:
	GetHandleVerifier [0x011C80E3+60707]
	GetHandleVerifier [0x011C8124+60772]
	(No symbol) [0x00FF0683]
	(No symbol) [0x01038660]
	(No symbol) [0x010389FB]
	(No symbol) [0x0102DD81]
	(No symbol) [0x0105D094]
	(No symbol) [0x0102DCA4]
	(No symbol) [0x0105D2C4]
	(No symbol) [0x0107E824]
	(No symbol) [0x0105CE46]
	(No symbol) [0x0102C5D3]
	(No symbol) [0x0102D424]
	GetHandleVerifier [0x0140BBC3+2435075]
	GetHandleVerifier [0x01407163+2416035]
	GetHandleVerifier [0x0142350C+2531660]
	GetHandleVerifier [0x011DF1B5+155125]
	GetHandleVerifier [0x011E5B5D+182173]
	GetHandleVerifier [0x011CF9B8+91640]
	GetHandleVerifier [0x011CFB60+92064]
	GetHandleVerifier [0x011BA620+4704]
	BaseThreadInitThunk [0x75897BA9+25]
	RtlInitializeExceptionChain [0x7765C2EB+107]
	RtlClearBits [0x7765C26F+191]

2025-04-11 09:15:37,322 - WARNING - Title-based approach failed: Message: no such element: Unable to locate element: {"method":"xpath","selector":"//div[contains(text(), 'Page Option Value')]"}
  (Session info: chrome=135.0.7049.85); For documentation on this error, please visit: https://www.selenium.dev/documentation/webdriver/troubleshooting/errors#no-such-element-exception
Stacktrace:
	GetHandleVerifier [0x011C80E3+60707]
	GetHandleVerifier [0x011C8124+60772]
	(No symbol) [0x00FF0683]
	(No symbol) [0x01038660]
	(No symbol) [0x010389FB]
	(No symbol) [0x01081022]
	(No symbol) [0x0105D094]
	(No symbol) [0x0107E824]
	(No symbol) [0x0105CE46]
	(No symbol) [0x0102C5D3]
	(No symbol) [0x0102D424]
	GetHandleVerifier [0x0140BBC3+2435075]
	GetHandleVerifier [0x01407163+2416035]
	GetHandleVerifier [0x0142350C+2531660]
	GetHandleVerifier [0x011DF1B5+155125]
	GetHandleVerifier [0x011E5B5D+182173]
	GetHandleVerifier [0x011CF9B8+91640]
	GetHandleVerifier [0x011CFB60+92064]
	GetHandleVerifier [0x011BA620+4704]
	BaseThreadInitThunk [0x75897BA9+25]
	RtlInitializeExceptionChain [0x7765C2EB+107]
	RtlClearBits [0x7765C26F+191]

2025-04-11 09:15:37,335 - WARNING - JavaScript approach could not find modal Save button
2025-04-11 09:15:37,335 - INFO - Looking for most recently added Save button
2025-04-11 09:15:38,388 - INFO - Clicked most recently added Save button
2025-04-11 09:15:38,388 - INFO - Successfully saved material 1
2025-04-11 09:15:40,390 - INFO - Processing material 2/4: Name=mm starker Chromokarton 255g (zertifiziert mit PEFC-Siegel für Nachhaltigkeit), Code=mappe_a4_2t_44_0_36mm_bilderdruckkarton_350g_matt_fsc, Position=0
2025-04-11 09:15:40,390 - INFO - Refreshing page for material 2
2025-04-11 09:15:40,844 - INFO - Page refreshed successfully
2025-04-11 09:15:40,845 - INFO - Looking for Page Option Values section
2025-04-11 09:15:40,849 - INFO - Scrolling down to find Page Option Values
