2025-04-11 15:10:51,963 - INFO - Logging initialized. Log file: C:\Users\g.yilmaz\Desktop\Magento_otomation\Done\logs\printnet_automation_20250411_151051.log
2025-04-11 15:10:51,973 - INFO - Logging initialized. Log file: C:\Users\g.yilmaz\Desktop\Magento_otomation\Done\logs\skynet_fixed_price_20250411_151051.log
2025-04-11 15:10:51,976 - INFO - Logging initialized. Log file: C:\Users\g.yilmaz\Desktop\Magento_otomation\Done\logs\printnet_fixed_price_20250411_151051.log
2025-04-11 15:10:51,989 - INFO - Logging initialized. Log file: C:\Users\g.yilmaz\Desktop\Magento_otomation\Done\logs\skynet_page_options_20250411_151051.log
2025-04-11 15:10:53,674 - INFO - Toplam 1 ürün eklenecek.
2025-04-11 15:10:53,674 - INFO - ====== WebDriver manager ======
2025-04-11 15:10:54,645 - INFO - Get LATEST chromedriver version for google-chrome
2025-04-11 15:10:54,712 - INFO - Get LATEST chromedriver version for google-chrome
2025-04-11 15:10:54,770 - INFO - Driver [C:\Users\g.yilmaz\.wdm\drivers\chromedriver\win64\135.0.7049.84\chromedriver-win32/chromedriver.exe] found in cache
2025-04-11 15:10:55,816 - INFO - Chrome WebDriver initialized successfully
2025-04-11 15:10:55,816 - INFO - Navigating to https://skynet.networkhero.eu/y5id_dashboard/admin/
2025-04-11 15:10:56,555 - INFO - Username entered
2025-04-11 15:10:56,638 - INFO - Password entered
2025-04-11 15:10:57,062 - INFO - Login button clicked
2025-04-11 15:10:57,063 - INFO - Waiting for you to enter Google Authenticator code...
2025-04-11 15:11:10,672 - INFO - Login successful
2025-04-11 15:11:10,673 - INFO - Clicking on CLOUDLAB icon using the Catalog approach...
2025-04-11 15:11:10,711 - INFO - Clicked on CLOUDLAB icon using Catalog approach
2025-04-11 15:11:10,711 - INFO - Successfully clicked on CloudLab
2025-04-11 15:11:10,711 - INFO - Clicking on Page Options submenu...
2025-04-11 15:11:11,036 - INFO - Clicked on Page Options using XPath approach
2025-04-11 15:11:11,055 - INFO - Successfully navigated to Page Options page
2025-04-11 15:11:11,055 - INFO - Successfully clicked on Page Options
2025-04-11 15:11:11,055 - INFO - Looking for Code search field
2025-04-11 15:11:11,197 - INFO - Entered 'paper_wmd' in Code search field
2025-04-11 15:11:12,238 - WARNING - Could not find search button, trying to press Enter instead: Message: 

2025-04-11 15:11:12,280 - INFO - Pressed Enter to search
2025-04-11 15:11:12,280 - INFO - Looking for the second Material option in search results
2025-04-11 15:11:12,303 - INFO - Found 20 rows in the search results
2025-04-11 15:11:12,388 - WARNING - Error processing row: Message: stale element reference: stale element not found in the current frame
  (Session info: chrome=135.0.7049.85); For documentation on this error, please visit: https://www.selenium.dev/documentation/webdriver/troubleshooting/errors#stale-element-reference-exception
Stacktrace:
	GetHandleVerifier [0x012480E3+60707]
	GetHandleVerifier [0x01248124+60772]
	(No symbol) [0x01070683]
	(No symbol) [0x01076DE7]
	(No symbol) [0x010790DA]
	(No symbol) [0x01079157]
	(No symbol) [0x010B336E]
	(No symbol) [0x010DD04C]
	(No symbol) [0x010ADCA4]
	(No symbol) [0x010DD2C4]
	(No symbol) [0x010FE824]
	(No symbol) [0x010DCE46]
	(No symbol) [0x010AC5D3]
	(No symbol) [0x010AD424]
	GetHandleVerifier [0x0148BBC3+2435075]
	GetHandleVerifier [0x01487163+2416035]
	GetHandleVerifier [0x014A350C+2531660]
	GetHandleVerifier [0x0125F1B5+155125]
	GetHandleVerifier [0x01265B5D+182173]
	GetHandleVerifier [0x0124F9B8+91640]
	GetHandleVerifier [0x0124FB60+92064]
	GetHandleVerifier [0x0123A620+4704]
	BaseThreadInitThunk [0x75897BA9+25]
	RtlInitializeExceptionChain [0x7765C2EB+107]
	RtlClearBits [0x7765C26F+191]

2025-04-11 15:11:12,405 - WARNING - Error processing row: Message: stale element reference: stale element not found in the current frame
  (Session info: chrome=135.0.7049.85); For documentation on this error, please visit: https://www.selenium.dev/documentation/webdriver/troubleshooting/errors#stale-element-reference-exception
Stacktrace:
	GetHandleVerifier [0x012480E3+60707]
	GetHandleVerifier [0x01248124+60772]
	(No symbol) [0x01070683]
	(No symbol) [0x01076DE7]
	(No symbol) [0x010790DA]
	(No symbol) [0x01079157]
	(No symbol) [0x010B7EF4]
	(No symbol) [0x010B89FB]
	(No symbol) [0x010AE131]
	(No symbol) [0x010DD094]
	(No symbol) [0x010ADCA4]
	(No symbol) [0x010DD2C4]
	(No symbol) [0x010FE824]
	(No symbol) [0x010DCE46]
	(No symbol) [0x010AC5D3]
	(No symbol) [0x010AD424]
	GetHandleVerifier [0x0148BBC3+2435075]
	GetHandleVerifier [0x01487163+2416035]
	GetHandleVerifier [0x014A350C+2531660]
	GetHandleVerifier [0x0125F1B5+155125]
	GetHandleVerifier [0x01265B5D+182173]
	GetHandleVerifier [0x0124F9B8+91640]
	GetHandleVerifier [0x0124FB60+92064]
	GetHandleVerifier [0x0123A620+4704]
	BaseThreadInitThunk [0x75897BA9+25]
	RtlInitializeExceptionChain [0x7765C2EB+107]
	RtlClearBits [0x7765C26F+191]

2025-04-11 15:11:12,411 - WARNING - Error processing row: Message: stale element reference: stale element not found in the current frame
  (Session info: chrome=135.0.7049.85); For documentation on this error, please visit: https://www.selenium.dev/documentation/webdriver/troubleshooting/errors#stale-element-reference-exception
Stacktrace:
	GetHandleVerifier [0x012480E3+60707]
	GetHandleVerifier [0x01248124+60772]
	(No symbol) [0x01070683]
	(No symbol) [0x01076DE7]
	(No symbol) [0x010790DA]
	(No symbol) [0x01079157]
	(No symbol) [0x010B7EF4]
	(No symbol) [0x010B89FB]
	(No symbol) [0x010AE131]
	(No symbol) [0x010DD094]
	(No symbol) [0x010ADCA4]
	(No symbol) [0x010DD2C4]
	(No symbol) [0x010FE824]
	(No symbol) [0x010DCE46]
	(No symbol) [0x010AC5D3]
	(No symbol) [0x010AD424]
	GetHandleVerifier [0x0148BBC3+2435075]
	GetHandleVerifier [0x01487163+2416035]
	GetHandleVerifier [0x014A350C+2531660]
	GetHandleVerifier [0x0125F1B5+155125]
	GetHandleVerifier [0x01265B5D+182173]
	GetHandleVerifier [0x0124F9B8+91640]
	GetHandleVerifier [0x0124FB60+92064]
	GetHandleVerifier [0x0123A620+4704]
	BaseThreadInitThunk [0x75897BA9+25]
	RtlInitializeExceptionChain [0x7765C2EB+107]
	RtlClearBits [0x7765C26F+191]

2025-04-11 15:11:12,418 - WARNING - Error processing row: Message: stale element reference: stale element not found in the current frame
  (Session info: chrome=135.0.7049.85); For documentation on this error, please visit: https://www.selenium.dev/documentation/webdriver/troubleshooting/errors#stale-element-reference-exception
Stacktrace:
	GetHandleVerifier [0x012480E3+60707]
	GetHandleVerifier [0x01248124+60772]
	(No symbol) [0x01070683]
	(No symbol) [0x01076DE7]
	(No symbol) [0x010790DA]
	(No symbol) [0x01079157]
	(No symbol) [0x010B7EF4]
	(No symbol) [0x010B89FB]
	(No symbol) [0x010AE131]
	(No symbol) [0x010DD094]
	(No symbol) [0x010ADCA4]
	(No symbol) [0x010DD2C4]
	(No symbol) [0x010FE824]
	(No symbol) [0x010DCE46]
	(No symbol) [0x010AC5D3]
	(No symbol) [0x010AD424]
	GetHandleVerifier [0x0148BBC3+2435075]
	GetHandleVerifier [0x01487163+2416035]
	GetHandleVerifier [0x014A350C+2531660]
	GetHandleVerifier [0x0125F1B5+155125]
	GetHandleVerifier [0x01265B5D+182173]
	GetHandleVerifier [0x0124F9B8+91640]
	GetHandleVerifier [0x0124FB60+92064]
	GetHandleVerifier [0x0123A620+4704]
	BaseThreadInitThunk [0x75897BA9+25]
	RtlInitializeExceptionChain [0x7765C2EB+107]
	RtlClearBits [0x7765C26F+191]

2025-04-11 15:11:12,424 - WARNING - Error processing row: Message: stale element reference: stale element not found in the current frame
  (Session info: chrome=135.0.7049.85); For documentation on this error, please visit: https://www.selenium.dev/documentation/webdriver/troubleshooting/errors#stale-element-reference-exception
Stacktrace:
	GetHandleVerifier [0x012480E3+60707]
	GetHandleVerifier [0x01248124+60772]
	(No symbol) [0x01070683]
	(No symbol) [0x01076DE7]
	(No symbol) [0x010790DA]
	(No symbol) [0x01079157]
	(No symbol) [0x010B7EF4]
	(No symbol) [0x010B89FB]
	(No symbol) [0x010AE131]
	(No symbol) [0x010DD094]
	(No symbol) [0x010ADCA4]
	(No symbol) [0x010DD2C4]
	(No symbol) [0x010FE824]
	(No symbol) [0x010DCE46]
	(No symbol) [0x010AC5D3]
	(No symbol) [0x010AD424]
	GetHandleVerifier [0x0148BBC3+2435075]
	GetHandleVerifier [0x01487163+2416035]
	GetHandleVerifier [0x014A350C+2531660]
	GetHandleVerifier [0x0125F1B5+155125]
	GetHandleVerifier [0x01265B5D+182173]
	GetHandleVerifier [0x0124F9B8+91640]
	GetHandleVerifier [0x0124FB60+92064]
	GetHandleVerifier [0x0123A620+4704]
	BaseThreadInitThunk [0x75897BA9+25]
	RtlInitializeExceptionChain [0x7765C2EB+107]
	RtlClearBits [0x7765C26F+191]

2025-04-11 15:11:12,431 - WARNING - Error processing row: Message: stale element reference: stale element not found in the current frame
  (Session info: chrome=135.0.7049.85); For documentation on this error, please visit: https://www.selenium.dev/documentation/webdriver/troubleshooting/errors#stale-element-reference-exception
Stacktrace:
	GetHandleVerifier [0x012480E3+60707]
	GetHandleVerifier [0x01248124+60772]
	(No symbol) [0x01070683]
	(No symbol) [0x01076DE7]
	(No symbol) [0x010790DA]
	(No symbol) [0x01079157]
	(No symbol) [0x010B7EF4]
	(No symbol) [0x010B89FB]
	(No symbol) [0x010AE131]
	(No symbol) [0x010DD094]
	(No symbol) [0x010ADCA4]
	(No symbol) [0x010DD2C4]
	(No symbol) [0x010FE824]
	(No symbol) [0x010DCE46]
	(No symbol) [0x010AC5D3]
	(No symbol) [0x010AD424]
	GetHandleVerifier [0x0148BBC3+2435075]
	GetHandleVerifier [0x01487163+2416035]
	GetHandleVerifier [0x014A350C+2531660]
	GetHandleVerifier [0x0125F1B5+155125]
	GetHandleVerifier [0x01265B5D+182173]
	GetHandleVerifier [0x0124F9B8+91640]
	GetHandleVerifier [0x0124FB60+92064]
	GetHandleVerifier [0x0123A620+4704]
	BaseThreadInitThunk [0x75897BA9+25]
	RtlInitializeExceptionChain [0x7765C2EB+107]
	RtlClearBits [0x7765C26F+191]

2025-04-11 15:11:12,438 - WARNING - Error processing row: Message: stale element reference: stale element not found in the current frame
  (Session info: chrome=135.0.7049.85); For documentation on this error, please visit: https://www.selenium.dev/documentation/webdriver/troubleshooting/errors#stale-element-reference-exception
Stacktrace:
	GetHandleVerifier [0x012480E3+60707]
	GetHandleVerifier [0x01248124+60772]
	(No symbol) [0x01070683]
	(No symbol) [0x01076DE7]
	(No symbol) [0x010790DA]
	(No symbol) [0x01079157]
	(No symbol) [0x010B7EF4]
	(No symbol) [0x010B89FB]
	(No symbol) [0x010AE131]
	(No symbol) [0x010DD094]
	(No symbol) [0x010ADCA4]
	(No symbol) [0x010DD2C4]
	(No symbol) [0x010FE824]
	(No symbol) [0x010DCE46]
	(No symbol) [0x010AC5D3]
	(No symbol) [0x010AD424]
	GetHandleVerifier [0x0148BBC3+2435075]
	GetHandleVerifier [0x01487163+2416035]
	GetHandleVerifier [0x014A350C+2531660]
	GetHandleVerifier [0x0125F1B5+155125]
	GetHandleVerifier [0x01265B5D+182173]
	GetHandleVerifier [0x0124F9B8+91640]
	GetHandleVerifier [0x0124FB60+92064]
	GetHandleVerifier [0x0123A620+4704]
	BaseThreadInitThunk [0x75897BA9+25]
	RtlInitializeExceptionChain [0x7765C2EB+107]
	RtlClearBits [0x7765C26F+191]

2025-04-11 15:11:12,445 - WARNING - Error processing row: Message: stale element reference: stale element not found in the current frame
  (Session info: chrome=135.0.7049.85); For documentation on this error, please visit: https://www.selenium.dev/documentation/webdriver/troubleshooting/errors#stale-element-reference-exception
Stacktrace:
	GetHandleVerifier [0x012480E3+60707]
	GetHandleVerifier [0x01248124+60772]
	(No symbol) [0x01070683]
	(No symbol) [0x01076DE7]
	(No symbol) [0x010790DA]
	(No symbol) [0x01079157]
	(No symbol) [0x010B7EF4]
	(No symbol) [0x010B89FB]
	(No symbol) [0x010AE131]
	(No symbol) [0x010DD094]
	(No symbol) [0x010ADCA4]
	(No symbol) [0x010DD2C4]
	(No symbol) [0x010FE824]
	(No symbol) [0x010DCE46]
	(No symbol) [0x010AC5D3]
	(No symbol) [0x010AD424]
	GetHandleVerifier [0x0148BBC3+2435075]
	GetHandleVerifier [0x01487163+2416035]
	GetHandleVerifier [0x014A350C+2531660]
	GetHandleVerifier [0x0125F1B5+155125]
	GetHandleVerifier [0x01265B5D+182173]
	GetHandleVerifier [0x0124F9B8+91640]
	GetHandleVerifier [0x0124FB60+92064]
	GetHandleVerifier [0x0123A620+4704]
	BaseThreadInitThunk [0x75897BA9+25]
	RtlInitializeExceptionChain [0x7765C2EB+107]
	RtlClearBits [0x7765C26F+191]

2025-04-11 15:11:12,451 - WARNING - Error processing row: Message: stale element reference: stale element not found in the current frame
  (Session info: chrome=135.0.7049.85); For documentation on this error, please visit: https://www.selenium.dev/documentation/webdriver/troubleshooting/errors#stale-element-reference-exception
Stacktrace:
	GetHandleVerifier [0x012480E3+60707]
	GetHandleVerifier [0x01248124+60772]
	(No symbol) [0x01070683]
	(No symbol) [0x01076DE7]
	(No symbol) [0x010790DA]
	(No symbol) [0x01079157]
	(No symbol) [0x010B7EF4]
	(No symbol) [0x010B89FB]
	(No symbol) [0x010AE131]
	(No symbol) [0x010DD094]
	(No symbol) [0x010ADCA4]
	(No symbol) [0x010DD2C4]
	(No symbol) [0x010FE824]
	(No symbol) [0x010DCE46]
	(No symbol) [0x010AC5D3]
	(No symbol) [0x010AD424]
	GetHandleVerifier [0x0148BBC3+2435075]
	GetHandleVerifier [0x01487163+2416035]
	GetHandleVerifier [0x014A350C+2531660]
	GetHandleVerifier [0x0125F1B5+155125]
	GetHandleVerifier [0x01265B5D+182173]
	GetHandleVerifier [0x0124F9B8+91640]
	GetHandleVerifier [0x0124FB60+92064]
	GetHandleVerifier [0x0123A620+4704]
	BaseThreadInitThunk [0x75897BA9+25]
	RtlInitializeExceptionChain [0x7765C2EB+107]
	RtlClearBits [0x7765C26F+191]

2025-04-11 15:11:12,456 - WARNING - Error processing row: Message: stale element reference: stale element not found in the current frame
  (Session info: chrome=135.0.7049.85); For documentation on this error, please visit: https://www.selenium.dev/documentation/webdriver/troubleshooting/errors#stale-element-reference-exception
Stacktrace:
	GetHandleVerifier [0x012480E3+60707]
	GetHandleVerifier [0x01248124+60772]
	(No symbol) [0x01070683]
	(No symbol) [0x01076DE7]
	(No symbol) [0x010790DA]
	(No symbol) [0x01079157]
	(No symbol) [0x010B7EF4]
	(No symbol) [0x010B89FB]
	(No symbol) [0x010AE131]
	(No symbol) [0x010DD094]
	(No symbol) [0x010ADCA4]
	(No symbol) [0x010DD2C4]
	(No symbol) [0x010FE824]
	(No symbol) [0x010DCE46]
	(No symbol) [0x010AC5D3]
	(No symbol) [0x010AD424]
	GetHandleVerifier [0x0148BBC3+2435075]
	GetHandleVerifier [0x01487163+2416035]
	GetHandleVerifier [0x014A350C+2531660]
	GetHandleVerifier [0x0125F1B5+155125]
	GetHandleVerifier [0x01265B5D+182173]
	GetHandleVerifier [0x0124F9B8+91640]
	GetHandleVerifier [0x0124FB60+92064]
	GetHandleVerifier [0x0123A620+4704]
	BaseThreadInitThunk [0x75897BA9+25]
	RtlInitializeExceptionChain [0x7765C2EB+107]
	RtlClearBits [0x7765C26F+191]

2025-04-11 15:11:12,462 - WARNING - Error processing row: Message: stale element reference: stale element not found in the current frame
  (Session info: chrome=135.0.7049.85); For documentation on this error, please visit: https://www.selenium.dev/documentation/webdriver/troubleshooting/errors#stale-element-reference-exception
Stacktrace:
	GetHandleVerifier [0x012480E3+60707]
	GetHandleVerifier [0x01248124+60772]
	(No symbol) [0x01070683]
	(No symbol) [0x01076DE7]
	(No symbol) [0x010790DA]
	(No symbol) [0x01079157]
	(No symbol) [0x010B7EF4]
	(No symbol) [0x010B89FB]
	(No symbol) [0x010AE131]
	(No symbol) [0x010DD094]
	(No symbol) [0x010ADCA4]
	(No symbol) [0x010DD2C4]
	(No symbol) [0x010FE824]
	(No symbol) [0x010DCE46]
	(No symbol) [0x010AC5D3]
	(No symbol) [0x010AD424]
	GetHandleVerifier [0x0148BBC3+2435075]
	GetHandleVerifier [0x01487163+2416035]
	GetHandleVerifier [0x014A350C+2531660]
	GetHandleVerifier [0x0125F1B5+155125]
	GetHandleVerifier [0x01265B5D+182173]
	GetHandleVerifier [0x0124F9B8+91640]
	GetHandleVerifier [0x0124FB60+92064]
	GetHandleVerifier [0x0123A620+4704]
	BaseThreadInitThunk [0x75897BA9+25]
	RtlInitializeExceptionChain [0x7765C2EB+107]
	RtlClearBits [0x7765C26F+191]

2025-04-11 15:11:12,469 - WARNING - Error processing row: Message: stale element reference: stale element not found in the current frame
  (Session info: chrome=135.0.7049.85); For documentation on this error, please visit: https://www.selenium.dev/documentation/webdriver/troubleshooting/errors#stale-element-reference-exception
Stacktrace:
	GetHandleVerifier [0x012480E3+60707]
	GetHandleVerifier [0x01248124+60772]
	(No symbol) [0x01070683]
	(No symbol) [0x01076DE7]
	(No symbol) [0x010790DA]
	(No symbol) [0x01079157]
	(No symbol) [0x010B7EF4]
	(No symbol) [0x010B89FB]
	(No symbol) [0x010AE131]
	(No symbol) [0x010DD094]
	(No symbol) [0x010ADCA4]
	(No symbol) [0x010DD2C4]
	(No symbol) [0x010FE824]
	(No symbol) [0x010DCE46]
	(No symbol) [0x010AC5D3]
	(No symbol) [0x010AD424]
	GetHandleVerifier [0x0148BBC3+2435075]
	GetHandleVerifier [0x01487163+2416035]
	GetHandleVerifier [0x014A350C+2531660]
	GetHandleVerifier [0x0125F1B5+155125]
	GetHandleVerifier [0x01265B5D+182173]
	GetHandleVerifier [0x0124F9B8+91640]
	GetHandleVerifier [0x0124FB60+92064]
	GetHandleVerifier [0x0123A620+4704]
	BaseThreadInitThunk [0x75897BA9+25]
	RtlInitializeExceptionChain [0x7765C2EB+107]
	RtlClearBits [0x7765C26F+191]

2025-04-11 15:11:12,474 - WARNING - Error processing row: Message: stale element reference: stale element not found in the current frame
  (Session info: chrome=135.0.7049.85); For documentation on this error, please visit: https://www.selenium.dev/documentation/webdriver/troubleshooting/errors#stale-element-reference-exception
Stacktrace:
	GetHandleVerifier [0x012480E3+60707]
	GetHandleVerifier [0x01248124+60772]
	(No symbol) [0x01070683]
	(No symbol) [0x01076DE7]
	(No symbol) [0x010790DA]
	(No symbol) [0x01079157]
	(No symbol) [0x010B7EF4]
	(No symbol) [0x010B89FB]
	(No symbol) [0x010AE131]
	(No symbol) [0x010DD094]
	(No symbol) [0x010ADCA4]
	(No symbol) [0x010DD2C4]
	(No symbol) [0x010FE824]
	(No symbol) [0x010DCE46]
	(No symbol) [0x010AC5D3]
	(No symbol) [0x010AD424]
	GetHandleVerifier [0x0148BBC3+2435075]
	GetHandleVerifier [0x01487163+2416035]
	GetHandleVerifier [0x014A350C+2531660]
	GetHandleVerifier [0x0125F1B5+155125]
	GetHandleVerifier [0x01265B5D+182173]
	GetHandleVerifier [0x0124F9B8+91640]
	GetHandleVerifier [0x0124FB60+92064]
	GetHandleVerifier [0x0123A620+4704]
	BaseThreadInitThunk [0x75897BA9+25]
	RtlInitializeExceptionChain [0x7765C2EB+107]
	RtlClearBits [0x7765C26F+191]

2025-04-11 15:11:12,481 - WARNING - Error processing row: Message: stale element reference: stale element not found in the current frame
  (Session info: chrome=135.0.7049.85); For documentation on this error, please visit: https://www.selenium.dev/documentation/webdriver/troubleshooting/errors#stale-element-reference-exception
Stacktrace:
	GetHandleVerifier [0x012480E3+60707]
	GetHandleVerifier [0x01248124+60772]
	(No symbol) [0x01070683]
	(No symbol) [0x01076DE7]
	(No symbol) [0x010790DA]
	(No symbol) [0x01079157]
	(No symbol) [0x010B7EF4]
	(No symbol) [0x010B89FB]
	(No symbol) [0x010AE131]
	(No symbol) [0x010DD094]
	(No symbol) [0x010ADCA4]
	(No symbol) [0x010DD2C4]
	(No symbol) [0x010FE824]
	(No symbol) [0x010DCE46]
	(No symbol) [0x010AC5D3]
	(No symbol) [0x010AD424]
	GetHandleVerifier [0x0148BBC3+2435075]
	GetHandleVerifier [0x01487163+2416035]
	GetHandleVerifier [0x014A350C+2531660]
	GetHandleVerifier [0x0125F1B5+155125]
	GetHandleVerifier [0x01265B5D+182173]
	GetHandleVerifier [0x0124F9B8+91640]
	GetHandleVerifier [0x0124FB60+92064]
	GetHandleVerifier [0x0123A620+4704]
	BaseThreadInitThunk [0x75897BA9+25]
	RtlInitializeExceptionChain [0x7765C2EB+107]
	RtlClearBits [0x7765C26F+191]

2025-04-11 15:11:12,487 - WARNING - Error processing row: Message: stale element reference: stale element not found in the current frame
  (Session info: chrome=135.0.7049.85); For documentation on this error, please visit: https://www.selenium.dev/documentation/webdriver/troubleshooting/errors#stale-element-reference-exception
Stacktrace:
	GetHandleVerifier [0x012480E3+60707]
	GetHandleVerifier [0x01248124+60772]
	(No symbol) [0x01070683]
	(No symbol) [0x01076DE7]
	(No symbol) [0x010790DA]
	(No symbol) [0x01079157]
	(No symbol) [0x010B7EF4]
	(No symbol) [0x010B89FB]
	(No symbol) [0x010AE131]
	(No symbol) [0x010DD094]
	(No symbol) [0x010ADCA4]
	(No symbol) [0x010DD2C4]
	(No symbol) [0x010FE824]
	(No symbol) [0x010DCE46]
	(No symbol) [0x010AC5D3]
	(No symbol) [0x010AD424]
	GetHandleVerifier [0x0148BBC3+2435075]
	GetHandleVerifier [0x01487163+2416035]
	GetHandleVerifier [0x014A350C+2531660]
	GetHandleVerifier [0x0125F1B5+155125]
	GetHandleVerifier [0x01265B5D+182173]
	GetHandleVerifier [0x0124F9B8+91640]
	GetHandleVerifier [0x0124FB60+92064]
	GetHandleVerifier [0x0123A620+4704]
	BaseThreadInitThunk [0x75897BA9+25]
	RtlInitializeExceptionChain [0x7765C2EB+107]
	RtlClearBits [0x7765C26F+191]

2025-04-11 15:11:12,492 - WARNING - Error processing row: Message: stale element reference: stale element not found in the current frame
  (Session info: chrome=135.0.7049.85); For documentation on this error, please visit: https://www.selenium.dev/documentation/webdriver/troubleshooting/errors#stale-element-reference-exception
Stacktrace:
	GetHandleVerifier [0x012480E3+60707]
	GetHandleVerifier [0x01248124+60772]
	(No symbol) [0x01070683]
	(No symbol) [0x01076DE7]
	(No symbol) [0x010790DA]
	(No symbol) [0x01079157]
	(No symbol) [0x010B7EF4]
	(No symbol) [0x010B89FB]
	(No symbol) [0x010AE131]
	(No symbol) [0x010DD094]
	(No symbol) [0x010ADCA4]
	(No symbol) [0x010DD2C4]
	(No symbol) [0x010FE824]
	(No symbol) [0x010DCE46]
	(No symbol) [0x010AC5D3]
	(No symbol) [0x010AD424]
	GetHandleVerifier [0x0148BBC3+2435075]
	GetHandleVerifier [0x01487163+2416035]
	GetHandleVerifier [0x014A350C+2531660]
	GetHandleVerifier [0x0125F1B5+155125]
	GetHandleVerifier [0x01265B5D+182173]
	GetHandleVerifier [0x0124F9B8+91640]
	GetHandleVerifier [0x0124FB60+92064]
	GetHandleVerifier [0x0123A620+4704]
	BaseThreadInitThunk [0x75897BA9+25]
	RtlInitializeExceptionChain [0x7765C2EB+107]
	RtlClearBits [0x7765C26F+191]

2025-04-11 15:11:12,498 - WARNING - Error processing row: Message: stale element reference: stale element not found in the current frame
  (Session info: chrome=135.0.7049.85); For documentation on this error, please visit: https://www.selenium.dev/documentation/webdriver/troubleshooting/errors#stale-element-reference-exception
Stacktrace:
	GetHandleVerifier [0x012480E3+60707]
	GetHandleVerifier [0x01248124+60772]
	(No symbol) [0x01070683]
	(No symbol) [0x01076DE7]
	(No symbol) [0x010790DA]
	(No symbol) [0x01079157]
	(No symbol) [0x010B7EF4]
	(No symbol) [0x010B89FB]
	(No symbol) [0x010AE131]
	(No symbol) [0x010DD094]
	(No symbol) [0x010ADCA4]
	(No symbol) [0x010DD2C4]
	(No symbol) [0x010FE824]
	(No symbol) [0x010DCE46]
	(No symbol) [0x010AC5D3]
	(No symbol) [0x010AD424]
	GetHandleVerifier [0x0148BBC3+2435075]
	GetHandleVerifier [0x01487163+2416035]
	GetHandleVerifier [0x014A350C+2531660]
	GetHandleVerifier [0x0125F1B5+155125]
	GetHandleVerifier [0x01265B5D+182173]
	GetHandleVerifier [0x0124F9B8+91640]
	GetHandleVerifier [0x0124FB60+92064]
	GetHandleVerifier [0x0123A620+4704]
	BaseThreadInitThunk [0x75897BA9+25]
	RtlInitializeExceptionChain [0x7765C2EB+107]
	RtlClearBits [0x7765C26F+191]

2025-04-11 15:11:12,503 - WARNING - Error processing row: Message: stale element reference: stale element not found in the current frame
  (Session info: chrome=135.0.7049.85); For documentation on this error, please visit: https://www.selenium.dev/documentation/webdriver/troubleshooting/errors#stale-element-reference-exception
Stacktrace:
	GetHandleVerifier [0x012480E3+60707]
	GetHandleVerifier [0x01248124+60772]
	(No symbol) [0x01070683]
	(No symbol) [0x01076DE7]
	(No symbol) [0x010790DA]
	(No symbol) [0x01079157]
	(No symbol) [0x010B7EF4]
	(No symbol) [0x010B89FB]
	(No symbol) [0x010AE131]
	(No symbol) [0x010DD094]
	(No symbol) [0x010ADCA4]
	(No symbol) [0x010DD2C4]
	(No symbol) [0x010FE824]
	(No symbol) [0x010DCE46]
	(No symbol) [0x010AC5D3]
	(No symbol) [0x010AD424]
	GetHandleVerifier [0x0148BBC3+2435075]
	GetHandleVerifier [0x01487163+2416035]
	GetHandleVerifier [0x014A350C+2531660]
	GetHandleVerifier [0x0125F1B5+155125]
	GetHandleVerifier [0x01265B5D+182173]
	GetHandleVerifier [0x0124F9B8+91640]
	GetHandleVerifier [0x0124FB60+92064]
	GetHandleVerifier [0x0123A620+4704]
	BaseThreadInitThunk [0x75897BA9+25]
	RtlInitializeExceptionChain [0x7765C2EB+107]
	RtlClearBits [0x7765C26F+191]

2025-04-11 15:11:12,508 - WARNING - Error processing row: Message: stale element reference: stale element not found in the current frame
  (Session info: chrome=135.0.7049.85); For documentation on this error, please visit: https://www.selenium.dev/documentation/webdriver/troubleshooting/errors#stale-element-reference-exception
Stacktrace:
	GetHandleVerifier [0x012480E3+60707]
	GetHandleVerifier [0x01248124+60772]
	(No symbol) [0x01070683]
	(No symbol) [0x01076DE7]
	(No symbol) [0x010790DA]
	(No symbol) [0x01079157]
	(No symbol) [0x010B7EF4]
	(No symbol) [0x010B89FB]
	(No symbol) [0x010AE131]
	(No symbol) [0x010DD094]
	(No symbol) [0x010ADCA4]
	(No symbol) [0x010DD2C4]
	(No symbol) [0x010FE824]
	(No symbol) [0x010DCE46]
	(No symbol) [0x010AC5D3]
	(No symbol) [0x010AD424]
	GetHandleVerifier [0x0148BBC3+2435075]
	GetHandleVerifier [0x01487163+2416035]
	GetHandleVerifier [0x014A350C+2531660]
	GetHandleVerifier [0x0125F1B5+155125]
	GetHandleVerifier [0x01265B5D+182173]
	GetHandleVerifier [0x0124F9B8+91640]
	GetHandleVerifier [0x0124FB60+92064]
	GetHandleVerifier [0x0123A620+4704]
	BaseThreadInitThunk [0x75897BA9+25]
	RtlInitializeExceptionChain [0x7765C2EB+107]
	RtlClearBits [0x7765C26F+191]

2025-04-11 15:11:12,510 - WARNING - Not enough rows found in search results
2025-04-11 15:11:12,720 - INFO - Clicked on the first available Material element
2025-04-11 15:11:12,720 - INFO - Successfully completed search and click workflow
2025-04-11 15:11:12,720 - INFO - Looking for Page Option Values section
2025-04-11 15:11:12,734 - INFO - Scrolling down to find Page Option Values
2025-04-11 15:11:13,803 - INFO - Clicked on Page Option Values section
2025-04-11 15:11:18,940 - INFO - Successfully found and clicked button via JavaScript: Clicked button: 
    add new value

2025-04-11 15:11:18,940 - INFO - Successfully clicked on Page Option Values and Add new Value
2025-04-11 15:11:18,941 - INFO - Parsed 16 materials from name value: ['zertifiziert mit PEFC-Siegel für Nachhaltigkeit', 'zertifiziert mit PEFC-Siegel für Nachhaltigkeit', 'zertifiziert mit PEFC-Siegel für Nachhaltigkeit', 'zertifiziert mit PEFC-Siegel für Nachhaltigkeit', 'zertifiziert mit FSC-Siegel', 'zertifiziert mit FSC-Siegel', 'zertifiziert mit Blauer Engel und EU Ecolabel', 'zertifiziert mit FSC-Siegel', 'zertifiziert mit FSC-Siegel', 'zertifiziert mit Blauer Engel und EU Ecolabel', 'zertifiziert mit FSC-Siegel', 'zertifiziert mit FSC-Siegel', 'zertifiziert mit Blauer Engel und EU Ecolabel', 'zertifiziert mit FSC-Siegel', 'zertifiziert mit FSC-Siegel', 'zertifiziert mit Blauer Engel und EU Ecolabel']
2025-04-11 15:11:18,941 - INFO - Parsed 16 materials from code value: ['mappe_a4_2t_2l_44_0_40mm_chromokarton_255g_1mm_pefc_1_6vol', 'mappe_a4_2t_2l_44_0_40mm_chromokarton_255g_3mm_pefc_1_6vol', 'mappe_a4_2t_2l_44_0_40mm_chromokarton_255g_5mm_pefc_1_6vol', 'mappe_a4_2t_2l_44_0_40mm_chromokarton_255g_10mm_pefc_1_6vol', 'mappe_a4_2t_2l_44_0_36mm_bilderdruckkarton_350g_1mm_matt_fsc', 'mappe_a4_2t_2l_44_0_36mm_naturkarton_300g_1mm_hochweiss_fsc_1_3vol', 'mappe_a4_2t_2l_44_0_36mm_recyclingkarton_300g_1mm_weiss_blauer_eu_1_25vol', 'mappe_a4_2t_2l_44_0_36mm_bilderdruckkarton_350g_3mm_matt_fsc', 'mappe_a4_2t_2l_44_0_36mm_naturkarton_300g_3mm_hochweiss_fsc_1_3vol', 'mappe_a4_2t_2l_44_0_36mm_recyclingkarton_300g_3mm_weiss_blauer_eu_1_25vol', 'mappe_a4_2t_2l_44_0_36mm_bilderdruckkarton_350g_5mm_matt_fsc', 'mappe_a4_2t_2l_44_0_36mm_naturkarton_300g_5mm_hochweiss_fsc_1_3vol', 'mappe_a4_2t_2l_44_0_36mm_recyclingkarton_300g_5mm_weiss_blauer_eu_1_25vol', 'mappe_a4_2t_2l_44_0_36mm_bilderdruckkarton_350g_10mm_matt_fsc', 'mappe_a4_2t_2l_44_0_36mm_naturkarton_300g_10mm_hochweiss_fsc_1_3vol', 'mappe_a4_2t_2l_44_0_36mm_recyclingkarton_300g_10mm_weiss_blauer_eu_1_25vol']
2025-04-11 15:11:18,942 - INFO - Processing material 1/16: Name=zertifiziert mit PEFC-Siegel für Nachhaltigkeit, Code=mappe_a4_2t_2l_44_0_40mm_chromokarton_255g_1mm_pefc_1_6vol, Position=0
2025-04-11 15:11:21,051 - INFO - JavaScript fill result for material 1: {'codeFieldFound': True, 'codeFieldValue': 'mappe_a4_2t_2l_44_0_40mm_chromokarton_255g_1mm_pefc_1_6vol', 'nameFieldFound': True, 'nameFieldValue': 'zertifiziert mit PEFC-Siegel für Nachhaltigkeit', 'positionFieldFound': True, 'positionFieldValue': '0'}
2025-04-11 15:11:22,156 - INFO - Starting popup modal Save button click function
2025-04-11 15:11:22,167 - INFO - Found modal popup
2025-04-11 15:11:22,176 - WARNING - Could not find Save button in modal: Message: no such element: Unable to locate element: {"method":"css selector","selector":"button#save, button.action-primary, button[title='Save'], button.primary"}
  (Session info: chrome=135.0.7049.85); For documentation on this error, please visit: https://www.selenium.dev/documentation/webdriver/troubleshooting/errors#no-such-element-exception
Stacktrace:
	GetHandleVerifier [0x012480E3+60707]
	GetHandleVerifier [0x01248124+60772]
	(No symbol) [0x01070683]
	(No symbol) [0x010B8660]
	(No symbol) [0x010B89FB]
	(No symbol) [0x010ADD81]
	(No symbol) [0x010DD094]
	(No symbol) [0x010ADCA4]
	(No symbol) [0x010DD2C4]
	(No symbol) [0x010FE824]
	(No symbol) [0x010DCE46]
	(No symbol) [0x010AC5D3]
	(No symbol) [0x010AD424]
	GetHandleVerifier [0x0148BBC3+2435075]
	GetHandleVerifier [0x01487163+2416035]
	GetHandleVerifier [0x014A350C+2531660]
	GetHandleVerifier [0x0125F1B5+155125]
	GetHandleVerifier [0x01265B5D+182173]
	GetHandleVerifier [0x0124F9B8+91640]
	GetHandleVerifier [0x0124FB60+92064]
	GetHandleVerifier [0x0123A620+4704]
	BaseThreadInitThunk [0x75897BA9+25]
	RtlInitializeExceptionChain [0x7765C2EB+107]
	RtlClearBits [0x7765C26F+191]

2025-04-11 15:11:22,194 - WARNING - Title-based approach failed: Message: no such element: Unable to locate element: {"method":"xpath","selector":"//div[contains(text(), 'Page Option Value')]"}
  (Session info: chrome=135.0.7049.85); For documentation on this error, please visit: https://www.selenium.dev/documentation/webdriver/troubleshooting/errors#no-such-element-exception
Stacktrace:
	GetHandleVerifier [0x012480E3+60707]
	GetHandleVerifier [0x01248124+60772]
	(No symbol) [0x01070683]
	(No symbol) [0x010B8660]
	(No symbol) [0x010B89FB]
	(No symbol) [0x01101022]
	(No symbol) [0x010DD094]
	(No symbol) [0x010FE824]
	(No symbol) [0x010DCE46]
	(No symbol) [0x010AC5D3]
	(No symbol) [0x010AD424]
	GetHandleVerifier [0x0148BBC3+2435075]
	GetHandleVerifier [0x01487163+2416035]
	GetHandleVerifier [0x014A350C+2531660]
	GetHandleVerifier [0x0125F1B5+155125]
	GetHandleVerifier [0x01265B5D+182173]
	GetHandleVerifier [0x0124F9B8+91640]
	GetHandleVerifier [0x0124FB60+92064]
	GetHandleVerifier [0x0123A620+4704]
	BaseThreadInitThunk [0x75897BA9+25]
	RtlInitializeExceptionChain [0x7765C2EB+107]
	RtlClearBits [0x7765C26F+191]

2025-04-11 15:11:22,203 - WARNING - JavaScript approach could not find modal Save button
2025-04-11 15:11:22,203 - INFO - Looking for most recently added Save button
2025-04-11 15:11:22,695 - INFO - Clicked most recently added Save button
2025-04-11 15:11:22,695 - INFO - Successfully saved material 1
2025-04-11 15:11:24,696 - INFO - Processing material 2/16: Name=zertifiziert mit PEFC-Siegel für Nachhaltigkeit, Code=mappe_a4_2t_2l_44_0_40mm_chromokarton_255g_3mm_pefc_1_6vol, Position=0
2025-04-11 15:11:24,696 - INFO - Refreshing page for material 2
2025-04-11 15:11:24,995 - INFO - Page refreshed successfully
2025-04-11 15:11:24,995 - INFO - Looking for Page Option Values section
2025-04-11 15:11:25,008 - INFO - Scrolling down to find Page Option Values
2025-04-11 15:11:25,981 - WARNING - Retrying (Retry(total=2, connect=None, read=None, redirect=None, status=None)) after connection broken by 'ConnectionResetError(10054, 'Eine vorhandene Verbindung wurde vom Remotehost geschlossen', None, 10054, None)': /session/f148ebf5b98f17e0a15c3205cdab7911
2025-04-11 15:11:30,009 - WARNING - Retrying (Retry(total=1, connect=None, read=None, redirect=None, status=None)) after connection broken by 'NewConnectionError('<urllib3.connection.HTTPConnection object at 0x000002507FC5DC10>: Failed to establish a new connection: [WinError 10061] Es konnte keine Verbindung hergestellt werden, da der Zielcomputer die Verbindung verweigerte')': /session/f148ebf5b98f17e0a15c3205cdab7911
2025-04-11 15:11:34,092 - WARNING - Retrying (Retry(total=0, connect=None, read=None, redirect=None, status=None)) after connection broken by 'NewConnectionError('<urllib3.connection.HTTPConnection object at 0x000002507FC5D670>: Failed to establish a new connection: [WinError 10061] Es konnte keine Verbindung hergestellt werden, da der Zielcomputer die Verbindung verweigerte')': /session/f148ebf5b98f17e0a15c3205cdab7911
