2025-04-10 15:41:49,351 - INFO - Logging initialized. Log file: C:\Users\g.yilmaz\Desktop\Magento_otomation\Done\logs\printnet_automation_20250410_154149.log
2025-04-10 15:41:49,357 - INFO - Logging initialized. Log file: C:\Users\g.yilmaz\Desktop\Magento_otomation\Done\logs\skynet_fixed_price_20250410_154149.log
2025-04-10 15:41:49,358 - INFO - Logging initialized. Log file: C:\Users\g.yilmaz\Desktop\Magento_otomation\Done\logs\printnet_fixed_price_20250410_154149.log
2025-04-10 15:41:49,374 - INFO - Logging initialized. Log file: C:\Users\g.yilmaz\Desktop\Magento_otomation\Done\logs\skynet_page_options_20250410_154149.log
2025-04-10 15:41:49,374 - INFO - ====== WebDriver manager ======
2025-04-10 15:41:50,322 - INFO - Get LATEST chromedriver version for google-chrome
2025-04-10 15:41:50,402 - INFO - Get LATEST chromedriver version for google-chrome
2025-04-10 15:41:50,467 - INFO - Driver [C:\Users\g.yilmaz\.wdm\drivers\chromedriver\win64\135.0.7049.84\chromedriver-win32/chromedriver.exe] found in cache
2025-04-10 15:41:51,494 - INFO - Chrome WebDriver initialized successfully
2025-04-10 15:41:51,494 - INFO - Navigating to https://skynet.networkhero.eu/y5id_dashboard/admin/
2025-04-10 15:41:52,229 - INFO - Username entered
2025-04-10 15:41:52,314 - INFO - Password entered
2025-04-10 15:41:52,721 - INFO - Login button clicked
2025-04-10 15:41:52,722 - INFO - Waiting for you to enter Google Authenticator code...
2025-04-10 15:42:00,125 - INFO - Login successful
2025-04-10 15:42:00,128 - INFO - Clicking on CLOUDLAB icon using the Catalog approach...
2025-04-10 15:42:00,189 - INFO - Clicked on CLOUDLAB icon using Catalog approach
2025-04-10 15:42:00,189 - INFO - Successfully clicked on CloudLab
2025-04-10 15:42:00,189 - INFO - Clicking on Page Options submenu...
2025-04-10 15:42:00,441 - INFO - Clicked on Page Options using XPath approach
2025-04-10 15:42:00,454 - INFO - Successfully navigated to Page Options page
2025-04-10 15:42:00,454 - INFO - Successfully clicked on Page Options
2025-04-10 15:42:00,454 - INFO - Looking for Code search field
2025-04-10 15:42:00,573 - INFO - Entered 'paper_wmd' in Code search field
2025-04-10 15:42:01,612 - WARNING - Could not find search button, trying to press Enter instead: Message: 

2025-04-10 15:42:01,651 - INFO - Pressed Enter to search
2025-04-10 15:42:01,651 - INFO - Looking for the second Material option in search results
2025-04-10 15:42:01,687 - INFO - Found 20 rows in the search results
2025-04-10 15:42:01,757 - WARNING - Error processing row: Message: stale element reference: stale element not found in the current frame
  (Session info: chrome=135.0.7049.84); For documentation on this error, please visit: https://www.selenium.dev/documentation/webdriver/troubleshooting/errors#stale-element-reference-exception
Stacktrace:
	GetHandleVerifier [0x005A80E3+60707]
	GetHandleVerifier [0x005A8124+60772]
	(No symbol) [0x003D0683]
	(No symbol) [0x003D6DE7]
	(No symbol) [0x003D90DA]
	(No symbol) [0x003D9157]
	(No symbol) [0x0041336E]
	(No symbol) [0x0043D04C]
	(No symbol) [0x0040DCA4]
	(No symbol) [0x0043D2C4]
	(No symbol) [0x0045E824]
	(No symbol) [0x0043CE46]
	(No symbol) [0x0040C5D3]
	(No symbol) [0x0040D424]
	GetHandleVerifier [0x007EBBC3+2435075]
	GetHandleVerifier [0x007E7163+2416035]
	GetHandleVerifier [0x0080350C+2531660]
	GetHandleVerifier [0x005BF1B5+155125]
	GetHandleVerifier [0x005C5B5D+182173]
	GetHandleVerifier [0x005AF9B8+91640]
	GetHandleVerifier [0x005AFB60+92064]
	GetHandleVerifier [0x0059A620+4704]
	BaseThreadInitThunk [0x75897BA9+25]
	RtlInitializeExceptionChain [0x7765C2EB+107]
	RtlClearBits [0x7765C26F+191]

2025-04-10 15:42:01,765 - WARNING - Error processing row: Message: stale element reference: stale element not found in the current frame
  (Session info: chrome=135.0.7049.84); For documentation on this error, please visit: https://www.selenium.dev/documentation/webdriver/troubleshooting/errors#stale-element-reference-exception
Stacktrace:
	GetHandleVerifier [0x005A80E3+60707]
	GetHandleVerifier [0x005A8124+60772]
	(No symbol) [0x003D0683]
	(No symbol) [0x003D6DE7]
	(No symbol) [0x003D90DA]
	(No symbol) [0x003D9157]
	(No symbol) [0x00417EF4]
	(No symbol) [0x004189FB]
	(No symbol) [0x0040E131]
	(No symbol) [0x0043D094]
	(No symbol) [0x0040DCA4]
	(No symbol) [0x0043D2C4]
	(No symbol) [0x0045E824]
	(No symbol) [0x0043CE46]
	(No symbol) [0x0040C5D3]
	(No symbol) [0x0040D424]
	GetHandleVerifier [0x007EBBC3+2435075]
	GetHandleVerifier [0x007E7163+2416035]
	GetHandleVerifier [0x0080350C+2531660]
	GetHandleVerifier [0x005BF1B5+155125]
	GetHandleVerifier [0x005C5B5D+182173]
	GetHandleVerifier [0x005AF9B8+91640]
	GetHandleVerifier [0x005AFB60+92064]
	GetHandleVerifier [0x0059A620+4704]
	BaseThreadInitThunk [0x75897BA9+25]
	RtlInitializeExceptionChain [0x7765C2EB+107]
	RtlClearBits [0x7765C26F+191]

2025-04-10 15:42:01,773 - WARNING - Error processing row: Message: stale element reference: stale element not found in the current frame
  (Session info: chrome=135.0.7049.84); For documentation on this error, please visit: https://www.selenium.dev/documentation/webdriver/troubleshooting/errors#stale-element-reference-exception
Stacktrace:
	GetHandleVerifier [0x005A80E3+60707]
	GetHandleVerifier [0x005A8124+60772]
	(No symbol) [0x003D0683]
	(No symbol) [0x003D6DE7]
	(No symbol) [0x003D90DA]
	(No symbol) [0x003D9157]
	(No symbol) [0x00417EF4]
	(No symbol) [0x004189FB]
	(No symbol) [0x0040E131]
	(No symbol) [0x0043D094]
	(No symbol) [0x0040DCA4]
	(No symbol) [0x0043D2C4]
	(No symbol) [0x0045E824]
	(No symbol) [0x0043CE46]
	(No symbol) [0x0040C5D3]
	(No symbol) [0x0040D424]
	GetHandleVerifier [0x007EBBC3+2435075]
	GetHandleVerifier [0x007E7163+2416035]
	GetHandleVerifier [0x0080350C+2531660]
	GetHandleVerifier [0x005BF1B5+155125]
	GetHandleVerifier [0x005C5B5D+182173]
	GetHandleVerifier [0x005AF9B8+91640]
	GetHandleVerifier [0x005AFB60+92064]
	GetHandleVerifier [0x0059A620+4704]
	BaseThreadInitThunk [0x75897BA9+25]
	RtlInitializeExceptionChain [0x7765C2EB+107]
	RtlClearBits [0x7765C26F+191]

2025-04-10 15:42:01,778 - WARNING - Error processing row: Message: stale element reference: stale element not found in the current frame
  (Session info: chrome=135.0.7049.84); For documentation on this error, please visit: https://www.selenium.dev/documentation/webdriver/troubleshooting/errors#stale-element-reference-exception
Stacktrace:
	GetHandleVerifier [0x005A80E3+60707]
	GetHandleVerifier [0x005A8124+60772]
	(No symbol) [0x003D0683]
	(No symbol) [0x003D6DE7]
	(No symbol) [0x003D90DA]
	(No symbol) [0x003D9157]
	(No symbol) [0x00417EF4]
	(No symbol) [0x004189FB]
	(No symbol) [0x0040E131]
	(No symbol) [0x0043D094]
	(No symbol) [0x0040DCA4]
	(No symbol) [0x0043D2C4]
	(No symbol) [0x0045E824]
	(No symbol) [0x0043CE46]
	(No symbol) [0x0040C5D3]
	(No symbol) [0x0040D424]
	GetHandleVerifier [0x007EBBC3+2435075]
	GetHandleVerifier [0x007E7163+2416035]
	GetHandleVerifier [0x0080350C+2531660]
	GetHandleVerifier [0x005BF1B5+155125]
	GetHandleVerifier [0x005C5B5D+182173]
	GetHandleVerifier [0x005AF9B8+91640]
	GetHandleVerifier [0x005AFB60+92064]
	GetHandleVerifier [0x0059A620+4704]
	BaseThreadInitThunk [0x75897BA9+25]
	RtlInitializeExceptionChain [0x7765C2EB+107]
	RtlClearBits [0x7765C26F+191]

2025-04-10 15:42:01,785 - WARNING - Error processing row: Message: stale element reference: stale element not found in the current frame
  (Session info: chrome=135.0.7049.84); For documentation on this error, please visit: https://www.selenium.dev/documentation/webdriver/troubleshooting/errors#stale-element-reference-exception
Stacktrace:
	GetHandleVerifier [0x005A80E3+60707]
	GetHandleVerifier [0x005A8124+60772]
	(No symbol) [0x003D0683]
	(No symbol) [0x003D6DE7]
	(No symbol) [0x003D90DA]
	(No symbol) [0x003D9157]
	(No symbol) [0x00417EF4]
	(No symbol) [0x004189FB]
	(No symbol) [0x0040E131]
	(No symbol) [0x0043D094]
	(No symbol) [0x0040DCA4]
	(No symbol) [0x0043D2C4]
	(No symbol) [0x0045E824]
	(No symbol) [0x0043CE46]
	(No symbol) [0x0040C5D3]
	(No symbol) [0x0040D424]
	GetHandleVerifier [0x007EBBC3+2435075]
	GetHandleVerifier [0x007E7163+2416035]
	GetHandleVerifier [0x0080350C+2531660]
	GetHandleVerifier [0x005BF1B5+155125]
	GetHandleVerifier [0x005C5B5D+182173]
	GetHandleVerifier [0x005AF9B8+91640]
	GetHandleVerifier [0x005AFB60+92064]
	GetHandleVerifier [0x0059A620+4704]
	BaseThreadInitThunk [0x75897BA9+25]
	RtlInitializeExceptionChain [0x7765C2EB+107]
	RtlClearBits [0x7765C26F+191]

2025-04-10 15:42:01,792 - WARNING - Error processing row: Message: stale element reference: stale element not found in the current frame
  (Session info: chrome=135.0.7049.84); For documentation on this error, please visit: https://www.selenium.dev/documentation/webdriver/troubleshooting/errors#stale-element-reference-exception
Stacktrace:
	GetHandleVerifier [0x005A80E3+60707]
	GetHandleVerifier [0x005A8124+60772]
	(No symbol) [0x003D0683]
	(No symbol) [0x003D6DE7]
	(No symbol) [0x003D90DA]
	(No symbol) [0x003D9157]
	(No symbol) [0x00417EF4]
	(No symbol) [0x004189FB]
	(No symbol) [0x0040E131]
	(No symbol) [0x0043D094]
	(No symbol) [0x0040DCA4]
	(No symbol) [0x0043D2C4]
	(No symbol) [0x0045E824]
	(No symbol) [0x0043CE46]
	(No symbol) [0x0040C5D3]
	(No symbol) [0x0040D424]
	GetHandleVerifier [0x007EBBC3+2435075]
	GetHandleVerifier [0x007E7163+2416035]
	GetHandleVerifier [0x0080350C+2531660]
	GetHandleVerifier [0x005BF1B5+155125]
	GetHandleVerifier [0x005C5B5D+182173]
	GetHandleVerifier [0x005AF9B8+91640]
	GetHandleVerifier [0x005AFB60+92064]
	GetHandleVerifier [0x0059A620+4704]
	BaseThreadInitThunk [0x75897BA9+25]
	RtlInitializeExceptionChain [0x7765C2EB+107]
	RtlClearBits [0x7765C26F+191]

2025-04-10 15:42:01,798 - WARNING - Error processing row: Message: stale element reference: stale element not found in the current frame
  (Session info: chrome=135.0.7049.84); For documentation on this error, please visit: https://www.selenium.dev/documentation/webdriver/troubleshooting/errors#stale-element-reference-exception
Stacktrace:
	GetHandleVerifier [0x005A80E3+60707]
	GetHandleVerifier [0x005A8124+60772]
	(No symbol) [0x003D0683]
	(No symbol) [0x003D6DE7]
	(No symbol) [0x003D90DA]
	(No symbol) [0x003D9157]
	(No symbol) [0x00417EF4]
	(No symbol) [0x004189FB]
	(No symbol) [0x0040E131]
	(No symbol) [0x0043D094]
	(No symbol) [0x0040DCA4]
	(No symbol) [0x0043D2C4]
	(No symbol) [0x0045E824]
	(No symbol) [0x0043CE46]
	(No symbol) [0x0040C5D3]
	(No symbol) [0x0040D424]
	GetHandleVerifier [0x007EBBC3+2435075]
	GetHandleVerifier [0x007E7163+2416035]
	GetHandleVerifier [0x0080350C+2531660]
	GetHandleVerifier [0x005BF1B5+155125]
	GetHandleVerifier [0x005C5B5D+182173]
	GetHandleVerifier [0x005AF9B8+91640]
	GetHandleVerifier [0x005AFB60+92064]
	GetHandleVerifier [0x0059A620+4704]
	BaseThreadInitThunk [0x75897BA9+25]
	RtlInitializeExceptionChain [0x7765C2EB+107]
	RtlClearBits [0x7765C26F+191]

2025-04-10 15:42:01,803 - WARNING - Error processing row: Message: stale element reference: stale element not found in the current frame
  (Session info: chrome=135.0.7049.84); For documentation on this error, please visit: https://www.selenium.dev/documentation/webdriver/troubleshooting/errors#stale-element-reference-exception
Stacktrace:
	GetHandleVerifier [0x005A80E3+60707]
	GetHandleVerifier [0x005A8124+60772]
	(No symbol) [0x003D0683]
	(No symbol) [0x003D6DE7]
	(No symbol) [0x003D90DA]
	(No symbol) [0x003D9157]
	(No symbol) [0x00417EF4]
	(No symbol) [0x004189FB]
	(No symbol) [0x0040E131]
	(No symbol) [0x0043D094]
	(No symbol) [0x0040DCA4]
	(No symbol) [0x0043D2C4]
	(No symbol) [0x0045E824]
	(No symbol) [0x0043CE46]
	(No symbol) [0x0040C5D3]
	(No symbol) [0x0040D424]
	GetHandleVerifier [0x007EBBC3+2435075]
	GetHandleVerifier [0x007E7163+2416035]
	GetHandleVerifier [0x0080350C+2531660]
	GetHandleVerifier [0x005BF1B5+155125]
	GetHandleVerifier [0x005C5B5D+182173]
	GetHandleVerifier [0x005AF9B8+91640]
	GetHandleVerifier [0x005AFB60+92064]
	GetHandleVerifier [0x0059A620+4704]
	BaseThreadInitThunk [0x75897BA9+25]
	RtlInitializeExceptionChain [0x7765C2EB+107]
	RtlClearBits [0x7765C26F+191]

2025-04-10 15:42:01,810 - WARNING - Error processing row: Message: stale element reference: stale element not found in the current frame
  (Session info: chrome=135.0.7049.84); For documentation on this error, please visit: https://www.selenium.dev/documentation/webdriver/troubleshooting/errors#stale-element-reference-exception
Stacktrace:
	GetHandleVerifier [0x005A80E3+60707]
	GetHandleVerifier [0x005A8124+60772]
	(No symbol) [0x003D0683]
	(No symbol) [0x003D6DE7]
	(No symbol) [0x003D90DA]
	(No symbol) [0x003D9157]
	(No symbol) [0x00417EF4]
	(No symbol) [0x004189FB]
	(No symbol) [0x0040E131]
	(No symbol) [0x0043D094]
	(No symbol) [0x0040DCA4]
	(No symbol) [0x0043D2C4]
	(No symbol) [0x0045E824]
	(No symbol) [0x0043CE46]
	(No symbol) [0x0040C5D3]
	(No symbol) [0x0040D424]
	GetHandleVerifier [0x007EBBC3+2435075]
	GetHandleVerifier [0x007E7163+2416035]
	GetHandleVerifier [0x0080350C+2531660]
	GetHandleVerifier [0x005BF1B5+155125]
	GetHandleVerifier [0x005C5B5D+182173]
	GetHandleVerifier [0x005AF9B8+91640]
	GetHandleVerifier [0x005AFB60+92064]
	GetHandleVerifier [0x0059A620+4704]
	BaseThreadInitThunk [0x75897BA9+25]
	RtlInitializeExceptionChain [0x7765C2EB+107]
	RtlClearBits [0x7765C26F+191]

2025-04-10 15:42:01,818 - WARNING - Error processing row: Message: stale element reference: stale element not found in the current frame
  (Session info: chrome=135.0.7049.84); For documentation on this error, please visit: https://www.selenium.dev/documentation/webdriver/troubleshooting/errors#stale-element-reference-exception
Stacktrace:
	GetHandleVerifier [0x005A80E3+60707]
	GetHandleVerifier [0x005A8124+60772]
	(No symbol) [0x003D0683]
	(No symbol) [0x003D6DE7]
	(No symbol) [0x003D90DA]
	(No symbol) [0x003D9157]
	(No symbol) [0x00417EF4]
	(No symbol) [0x004189FB]
	(No symbol) [0x0040E131]
	(No symbol) [0x0043D094]
	(No symbol) [0x0040DCA4]
	(No symbol) [0x0043D2C4]
	(No symbol) [0x0045E824]
	(No symbol) [0x0043CE46]
	(No symbol) [0x0040C5D3]
	(No symbol) [0x0040D424]
	GetHandleVerifier [0x007EBBC3+2435075]
	GetHandleVerifier [0x007E7163+2416035]
	GetHandleVerifier [0x0080350C+2531660]
	GetHandleVerifier [0x005BF1B5+155125]
	GetHandleVerifier [0x005C5B5D+182173]
	GetHandleVerifier [0x005AF9B8+91640]
	GetHandleVerifier [0x005AFB60+92064]
	GetHandleVerifier [0x0059A620+4704]
	BaseThreadInitThunk [0x75897BA9+25]
	RtlInitializeExceptionChain [0x7765C2EB+107]
	RtlClearBits [0x7765C26F+191]

2025-04-10 15:42:01,825 - WARNING - Error processing row: Message: stale element reference: stale element not found in the current frame
  (Session info: chrome=135.0.7049.84); For documentation on this error, please visit: https://www.selenium.dev/documentation/webdriver/troubleshooting/errors#stale-element-reference-exception
Stacktrace:
	GetHandleVerifier [0x005A80E3+60707]
	GetHandleVerifier [0x005A8124+60772]
	(No symbol) [0x003D0683]
	(No symbol) [0x003D6DE7]
	(No symbol) [0x003D90DA]
	(No symbol) [0x003D9157]
	(No symbol) [0x00417EF4]
	(No symbol) [0x004189FB]
	(No symbol) [0x0040E131]
	(No symbol) [0x0043D094]
	(No symbol) [0x0040DCA4]
	(No symbol) [0x0043D2C4]
	(No symbol) [0x0045E824]
	(No symbol) [0x0043CE46]
	(No symbol) [0x0040C5D3]
	(No symbol) [0x0040D424]
	GetHandleVerifier [0x007EBBC3+2435075]
	GetHandleVerifier [0x007E7163+2416035]
	GetHandleVerifier [0x0080350C+2531660]
	GetHandleVerifier [0x005BF1B5+155125]
	GetHandleVerifier [0x005C5B5D+182173]
	GetHandleVerifier [0x005AF9B8+91640]
	GetHandleVerifier [0x005AFB60+92064]
	GetHandleVerifier [0x0059A620+4704]
	BaseThreadInitThunk [0x75897BA9+25]
	RtlInitializeExceptionChain [0x7765C2EB+107]
	RtlClearBits [0x7765C26F+191]

2025-04-10 15:42:01,832 - WARNING - Error processing row: Message: stale element reference: stale element not found in the current frame
  (Session info: chrome=135.0.7049.84); For documentation on this error, please visit: https://www.selenium.dev/documentation/webdriver/troubleshooting/errors#stale-element-reference-exception
Stacktrace:
	GetHandleVerifier [0x005A80E3+60707]
	GetHandleVerifier [0x005A8124+60772]
	(No symbol) [0x003D0683]
	(No symbol) [0x003D6DE7]
	(No symbol) [0x003D90DA]
	(No symbol) [0x003D9157]
	(No symbol) [0x00417EF4]
	(No symbol) [0x004189FB]
	(No symbol) [0x0040E131]
	(No symbol) [0x0043D094]
	(No symbol) [0x0040DCA4]
	(No symbol) [0x0043D2C4]
	(No symbol) [0x0045E824]
	(No symbol) [0x0043CE46]
	(No symbol) [0x0040C5D3]
	(No symbol) [0x0040D424]
	GetHandleVerifier [0x007EBBC3+2435075]
	GetHandleVerifier [0x007E7163+2416035]
	GetHandleVerifier [0x0080350C+2531660]
	GetHandleVerifier [0x005BF1B5+155125]
	GetHandleVerifier [0x005C5B5D+182173]
	GetHandleVerifier [0x005AF9B8+91640]
	GetHandleVerifier [0x005AFB60+92064]
	GetHandleVerifier [0x0059A620+4704]
	BaseThreadInitThunk [0x75897BA9+25]
	RtlInitializeExceptionChain [0x7765C2EB+107]
	RtlClearBits [0x7765C26F+191]

2025-04-10 15:42:01,838 - WARNING - Error processing row: Message: stale element reference: stale element not found in the current frame
  (Session info: chrome=135.0.7049.84); For documentation on this error, please visit: https://www.selenium.dev/documentation/webdriver/troubleshooting/errors#stale-element-reference-exception
Stacktrace:
	GetHandleVerifier [0x005A80E3+60707]
	GetHandleVerifier [0x005A8124+60772]
	(No symbol) [0x003D0683]
	(No symbol) [0x003D6DE7]
	(No symbol) [0x003D90DA]
	(No symbol) [0x003D9157]
	(No symbol) [0x00417EF4]
	(No symbol) [0x004189FB]
	(No symbol) [0x0040E131]
	(No symbol) [0x0043D094]
	(No symbol) [0x0040DCA4]
	(No symbol) [0x0043D2C4]
	(No symbol) [0x0045E824]
	(No symbol) [0x0043CE46]
	(No symbol) [0x0040C5D3]
	(No symbol) [0x0040D424]
	GetHandleVerifier [0x007EBBC3+2435075]
	GetHandleVerifier [0x007E7163+2416035]
	GetHandleVerifier [0x0080350C+2531660]
	GetHandleVerifier [0x005BF1B5+155125]
	GetHandleVerifier [0x005C5B5D+182173]
	GetHandleVerifier [0x005AF9B8+91640]
	GetHandleVerifier [0x005AFB60+92064]
	GetHandleVerifier [0x0059A620+4704]
	BaseThreadInitThunk [0x75897BA9+25]
	RtlInitializeExceptionChain [0x7765C2EB+107]
	RtlClearBits [0x7765C26F+191]

2025-04-10 15:42:01,843 - WARNING - Error processing row: Message: stale element reference: stale element not found in the current frame
  (Session info: chrome=135.0.7049.84); For documentation on this error, please visit: https://www.selenium.dev/documentation/webdriver/troubleshooting/errors#stale-element-reference-exception
Stacktrace:
	GetHandleVerifier [0x005A80E3+60707]
	GetHandleVerifier [0x005A8124+60772]
	(No symbol) [0x003D0683]
	(No symbol) [0x003D6DE7]
	(No symbol) [0x003D90DA]
	(No symbol) [0x003D9157]
	(No symbol) [0x00417EF4]
	(No symbol) [0x004189FB]
	(No symbol) [0x0040E131]
	(No symbol) [0x0043D094]
	(No symbol) [0x0040DCA4]
	(No symbol) [0x0043D2C4]
	(No symbol) [0x0045E824]
	(No symbol) [0x0043CE46]
	(No symbol) [0x0040C5D3]
	(No symbol) [0x0040D424]
	GetHandleVerifier [0x007EBBC3+2435075]
	GetHandleVerifier [0x007E7163+2416035]
	GetHandleVerifier [0x0080350C+2531660]
	GetHandleVerifier [0x005BF1B5+155125]
	GetHandleVerifier [0x005C5B5D+182173]
	GetHandleVerifier [0x005AF9B8+91640]
	GetHandleVerifier [0x005AFB60+92064]
	GetHandleVerifier [0x0059A620+4704]
	BaseThreadInitThunk [0x75897BA9+25]
	RtlInitializeExceptionChain [0x7765C2EB+107]
	RtlClearBits [0x7765C26F+191]

2025-04-10 15:42:01,850 - WARNING - Error processing row: Message: stale element reference: stale element not found in the current frame
  (Session info: chrome=135.0.7049.84); For documentation on this error, please visit: https://www.selenium.dev/documentation/webdriver/troubleshooting/errors#stale-element-reference-exception
Stacktrace:
	GetHandleVerifier [0x005A80E3+60707]
	GetHandleVerifier [0x005A8124+60772]
	(No symbol) [0x003D0683]
	(No symbol) [0x003D6DE7]
	(No symbol) [0x003D90DA]
	(No symbol) [0x003D9157]
	(No symbol) [0x00417EF4]
	(No symbol) [0x004189FB]
	(No symbol) [0x0040E131]
	(No symbol) [0x0043D094]
	(No symbol) [0x0040DCA4]
	(No symbol) [0x0043D2C4]
	(No symbol) [0x0045E824]
	(No symbol) [0x0043CE46]
	(No symbol) [0x0040C5D3]
	(No symbol) [0x0040D424]
	GetHandleVerifier [0x007EBBC3+2435075]
	GetHandleVerifier [0x007E7163+2416035]
	GetHandleVerifier [0x0080350C+2531660]
	GetHandleVerifier [0x005BF1B5+155125]
	GetHandleVerifier [0x005C5B5D+182173]
	GetHandleVerifier [0x005AF9B8+91640]
	GetHandleVerifier [0x005AFB60+92064]
	GetHandleVerifier [0x0059A620+4704]
	BaseThreadInitThunk [0x75897BA9+25]
	RtlInitializeExceptionChain [0x7765C2EB+107]
	RtlClearBits [0x7765C26F+191]

2025-04-10 15:42:01,857 - WARNING - Error processing row: Message: stale element reference: stale element not found in the current frame
  (Session info: chrome=135.0.7049.84); For documentation on this error, please visit: https://www.selenium.dev/documentation/webdriver/troubleshooting/errors#stale-element-reference-exception
Stacktrace:
	GetHandleVerifier [0x005A80E3+60707]
	GetHandleVerifier [0x005A8124+60772]
	(No symbol) [0x003D0683]
	(No symbol) [0x003D6DE7]
	(No symbol) [0x003D90DA]
	(No symbol) [0x003D9157]
	(No symbol) [0x00417EF4]
	(No symbol) [0x004189FB]
	(No symbol) [0x0040E131]
	(No symbol) [0x0043D094]
	(No symbol) [0x0040DCA4]
	(No symbol) [0x0043D2C4]
	(No symbol) [0x0045E824]
	(No symbol) [0x0043CE46]
	(No symbol) [0x0040C5D3]
	(No symbol) [0x0040D424]
	GetHandleVerifier [0x007EBBC3+2435075]
	GetHandleVerifier [0x007E7163+2416035]
	GetHandleVerifier [0x0080350C+2531660]
	GetHandleVerifier [0x005BF1B5+155125]
	GetHandleVerifier [0x005C5B5D+182173]
	GetHandleVerifier [0x005AF9B8+91640]
	GetHandleVerifier [0x005AFB60+92064]
	GetHandleVerifier [0x0059A620+4704]
	BaseThreadInitThunk [0x75897BA9+25]
	RtlInitializeExceptionChain [0x7765C2EB+107]
	RtlClearBits [0x7765C26F+191]

2025-04-10 15:42:01,863 - WARNING - Error processing row: Message: stale element reference: stale element not found in the current frame
  (Session info: chrome=135.0.7049.84); For documentation on this error, please visit: https://www.selenium.dev/documentation/webdriver/troubleshooting/errors#stale-element-reference-exception
Stacktrace:
	GetHandleVerifier [0x005A80E3+60707]
	GetHandleVerifier [0x005A8124+60772]
	(No symbol) [0x003D0683]
	(No symbol) [0x003D6DE7]
	(No symbol) [0x003D90DA]
	(No symbol) [0x003D9157]
	(No symbol) [0x00417EF4]
	(No symbol) [0x004189FB]
	(No symbol) [0x0040E131]
	(No symbol) [0x0043D094]
	(No symbol) [0x0040DCA4]
	(No symbol) [0x0043D2C4]
	(No symbol) [0x0045E824]
	(No symbol) [0x0043CE46]
	(No symbol) [0x0040C5D3]
	(No symbol) [0x0040D424]
	GetHandleVerifier [0x007EBBC3+2435075]
	GetHandleVerifier [0x007E7163+2416035]
	GetHandleVerifier [0x0080350C+2531660]
	GetHandleVerifier [0x005BF1B5+155125]
	GetHandleVerifier [0x005C5B5D+182173]
	GetHandleVerifier [0x005AF9B8+91640]
	GetHandleVerifier [0x005AFB60+92064]
	GetHandleVerifier [0x0059A620+4704]
	BaseThreadInitThunk [0x75897BA9+25]
	RtlInitializeExceptionChain [0x7765C2EB+107]
	RtlClearBits [0x7765C26F+191]

2025-04-10 15:42:01,870 - WARNING - Error processing row: Message: stale element reference: stale element not found in the current frame
  (Session info: chrome=135.0.7049.84); For documentation on this error, please visit: https://www.selenium.dev/documentation/webdriver/troubleshooting/errors#stale-element-reference-exception
Stacktrace:
	GetHandleVerifier [0x005A80E3+60707]
	GetHandleVerifier [0x005A8124+60772]
	(No symbol) [0x003D0683]
	(No symbol) [0x003D6DE7]
	(No symbol) [0x003D90DA]
	(No symbol) [0x003D9157]
	(No symbol) [0x00417EF4]
	(No symbol) [0x004189FB]
	(No symbol) [0x0040E131]
	(No symbol) [0x0043D094]
	(No symbol) [0x0040DCA4]
	(No symbol) [0x0043D2C4]
	(No symbol) [0x0045E824]
	(No symbol) [0x0043CE46]
	(No symbol) [0x0040C5D3]
	(No symbol) [0x0040D424]
	GetHandleVerifier [0x007EBBC3+2435075]
	GetHandleVerifier [0x007E7163+2416035]
	GetHandleVerifier [0x0080350C+2531660]
	GetHandleVerifier [0x005BF1B5+155125]
	GetHandleVerifier [0x005C5B5D+182173]
	GetHandleVerifier [0x005AF9B8+91640]
	GetHandleVerifier [0x005AFB60+92064]
	GetHandleVerifier [0x0059A620+4704]
	BaseThreadInitThunk [0x75897BA9+25]
	RtlInitializeExceptionChain [0x7765C2EB+107]
	RtlClearBits [0x7765C26F+191]

2025-04-10 15:42:01,877 - WARNING - Error processing row: Message: stale element reference: stale element not found in the current frame
  (Session info: chrome=135.0.7049.84); For documentation on this error, please visit: https://www.selenium.dev/documentation/webdriver/troubleshooting/errors#stale-element-reference-exception
Stacktrace:
	GetHandleVerifier [0x005A80E3+60707]
	GetHandleVerifier [0x005A8124+60772]
	(No symbol) [0x003D0683]
	(No symbol) [0x003D6DE7]
	(No symbol) [0x003D90DA]
	(No symbol) [0x003D9157]
	(No symbol) [0x00417EF4]
	(No symbol) [0x004189FB]
	(No symbol) [0x0040E131]
	(No symbol) [0x0043D094]
	(No symbol) [0x0040DCA4]
	(No symbol) [0x0043D2C4]
	(No symbol) [0x0045E824]
	(No symbol) [0x0043CE46]
	(No symbol) [0x0040C5D3]
	(No symbol) [0x0040D424]
	GetHandleVerifier [0x007EBBC3+2435075]
	GetHandleVerifier [0x007E7163+2416035]
	GetHandleVerifier [0x0080350C+2531660]
	GetHandleVerifier [0x005BF1B5+155125]
	GetHandleVerifier [0x005C5B5D+182173]
	GetHandleVerifier [0x005AF9B8+91640]
	GetHandleVerifier [0x005AFB60+92064]
	GetHandleVerifier [0x0059A620+4704]
	BaseThreadInitThunk [0x75897BA9+25]
	RtlInitializeExceptionChain [0x7765C2EB+107]
	RtlClearBits [0x7765C26F+191]

2025-04-10 15:42:01,885 - WARNING - Error processing row: Message: stale element reference: stale element not found in the current frame
  (Session info: chrome=135.0.7049.84); For documentation on this error, please visit: https://www.selenium.dev/documentation/webdriver/troubleshooting/errors#stale-element-reference-exception
Stacktrace:
	GetHandleVerifier [0x005A80E3+60707]
	GetHandleVerifier [0x005A8124+60772]
	(No symbol) [0x003D0683]
	(No symbol) [0x003D6DE7]
	(No symbol) [0x003D90DA]
	(No symbol) [0x003D9157]
	(No symbol) [0x00417EF4]
	(No symbol) [0x004189FB]
	(No symbol) [0x0040E131]
	(No symbol) [0x0043D094]
	(No symbol) [0x0040DCA4]
	(No symbol) [0x0043D2C4]
	(No symbol) [0x0045E824]
	(No symbol) [0x0043CE46]
	(No symbol) [0x0040C5D3]
	(No symbol) [0x0040D424]
	GetHandleVerifier [0x007EBBC3+2435075]
	GetHandleVerifier [0x007E7163+2416035]
	GetHandleVerifier [0x0080350C+2531660]
	GetHandleVerifier [0x005BF1B5+155125]
	GetHandleVerifier [0x005C5B5D+182173]
	GetHandleVerifier [0x005AF9B8+91640]
	GetHandleVerifier [0x005AFB60+92064]
	GetHandleVerifier [0x0059A620+4704]
	BaseThreadInitThunk [0x75897BA9+25]
	RtlInitializeExceptionChain [0x7765C2EB+107]
	RtlClearBits [0x7765C26F+191]

2025-04-10 15:42:01,885 - WARNING - Not enough rows found in search results
2025-04-10 15:42:02,079 - INFO - Clicked on the first available Material element
2025-04-10 15:42:02,079 - INFO - Successfully completed search and click workflow
2025-04-10 15:42:02,081 - INFO - Looking for Page Option Values section
2025-04-10 15:42:02,097 - INFO - Scrolling down to find Page Option Values
2025-04-10 15:42:03,173 - INFO - Clicked on Page Option Values section
2025-04-10 15:42:07,639 - INFO - Successfully found and clicked button via JavaScript: Clicked button: 
    add new value

2025-04-10 15:42:07,639 - INFO - Successfully clicked on Page Option Values and Add new Value
2025-04-10 15:42:07,639 - INFO - Parsed 3 materials from name value: ['Topseller: 350 g/qm Recyclingkarton GT2', 'Klassiker: 240 g/qm Postkarten-Chromokarton GC1', 'Exklusiv: 300 g/qm Recyclingkarton GT2 mit Fettbarriere']
2025-04-10 15:42:07,639 - INFO - Parsed 3 materials from code value: ['wrap_verpackungen_automatikboden_70x87_4_0_topseller_1', 'wrap_verpackungen_automatikboden_70x87_4_0_klassiker_2', 'wrap_verpackungen_automatikboden_70x87_4_0_exklusiv_3']
2025-04-10 15:42:07,641 - INFO - Processing material 1/3: Name=Topseller: 350 g/qm Recyclingkarton GT2, Code=wrap_verpackungen_automatikboden_70x87_4_0_topseller_1, Position=0
2025-04-10 15:42:09,756 - INFO - JavaScript fill result for material 1: {'codeFieldFound': True, 'codeFieldValue': 'wrap_verpackungen_automatikboden_70x87_4_0_topseller_1', 'nameFieldFound': True, 'nameFieldValue': 'Topseller: 350 g/qm Recyclingkarton GT2', 'positionFieldFound': True, 'positionFieldValue': '0'}
2025-04-10 15:42:10,856 - INFO - Starting popup modal Save button click function
2025-04-10 15:42:10,866 - INFO - Found modal popup
2025-04-10 15:42:10,875 - WARNING - Could not find Save button in modal: Message: no such element: Unable to locate element: {"method":"css selector","selector":"button#save, button.action-primary, button[title='Save'], button.primary"}
  (Session info: chrome=135.0.7049.84); For documentation on this error, please visit: https://www.selenium.dev/documentation/webdriver/troubleshooting/errors#no-such-element-exception
Stacktrace:
	GetHandleVerifier [0x005A80E3+60707]
	GetHandleVerifier [0x005A8124+60772]
	(No symbol) [0x003D0683]
	(No symbol) [0x00418660]
	(No symbol) [0x004189FB]
	(No symbol) [0x0040DD81]
	(No symbol) [0x0043D094]
	(No symbol) [0x0040DCA4]
	(No symbol) [0x0043D2C4]
	(No symbol) [0x0045E824]
	(No symbol) [0x0043CE46]
	(No symbol) [0x0040C5D3]
	(No symbol) [0x0040D424]
	GetHandleVerifier [0x007EBBC3+2435075]
	GetHandleVerifier [0x007E7163+2416035]
	GetHandleVerifier [0x0080350C+2531660]
	GetHandleVerifier [0x005BF1B5+155125]
	GetHandleVerifier [0x005C5B5D+182173]
	GetHandleVerifier [0x005AF9B8+91640]
	GetHandleVerifier [0x005AFB60+92064]
	GetHandleVerifier [0x0059A620+4704]
	BaseThreadInitThunk [0x75897BA9+25]
	RtlInitializeExceptionChain [0x7765C2EB+107]
	RtlClearBits [0x7765C26F+191]

2025-04-10 15:42:10,894 - WARNING - Title-based approach failed: Message: no such element: Unable to locate element: {"method":"xpath","selector":"//div[contains(text(), 'Page Option Value')]"}
  (Session info: chrome=135.0.7049.84); For documentation on this error, please visit: https://www.selenium.dev/documentation/webdriver/troubleshooting/errors#no-such-element-exception
Stacktrace:
	GetHandleVerifier [0x005A80E3+60707]
	GetHandleVerifier [0x005A8124+60772]
	(No symbol) [0x003D0683]
	(No symbol) [0x00418660]
	(No symbol) [0x004189FB]
	(No symbol) [0x00461022]
	(No symbol) [0x0043D094]
	(No symbol) [0x0045E824]
	(No symbol) [0x0043CE46]
	(No symbol) [0x0040C5D3]
	(No symbol) [0x0040D424]
	GetHandleVerifier [0x007EBBC3+2435075]
	GetHandleVerifier [0x007E7163+2416035]
	GetHandleVerifier [0x0080350C+2531660]
	GetHandleVerifier [0x005BF1B5+155125]
	GetHandleVerifier [0x005C5B5D+182173]
	GetHandleVerifier [0x005AF9B8+91640]
	GetHandleVerifier [0x005AFB60+92064]
	GetHandleVerifier [0x0059A620+4704]
	BaseThreadInitThunk [0x75897BA9+25]
	RtlInitializeExceptionChain [0x7765C2EB+107]
	RtlClearBits [0x7765C26F+191]

2025-04-10 15:42:10,902 - WARNING - JavaScript approach could not find modal Save button
2025-04-10 15:42:10,902 - INFO - Looking for most recently added Save button
2025-04-10 15:42:11,996 - INFO - Clicked most recently added Save button
2025-04-10 15:42:11,997 - INFO - Successfully saved material 1
2025-04-10 15:42:13,998 - INFO - Processing material 2/3: Name=Klassiker: 240 g/qm Postkarten-Chromokarton GC1, Code=wrap_verpackungen_automatikboden_70x87_4_0_klassiker_2, Position=0
2025-04-10 15:42:13,998 - INFO - Refreshing page for material 2
2025-04-10 15:42:14,276 - INFO - Page refreshed successfully
2025-04-10 15:42:14,276 - INFO - Looking for Page Option Values section
2025-04-10 15:42:14,294 - INFO - Scrolling down to find Page Option Values
2025-04-10 15:42:15,356 - INFO - Clicked on Page Option Values section
2025-04-10 15:42:19,757 - INFO - Successfully found and clicked button via JavaScript: Clicked button: 
    add new value

2025-04-10 15:42:23,865 - INFO - JavaScript fill result for material 2: {'codeFieldFound': True, 'codeFieldValue': 'wrap_verpackungen_automatikboden_70x87_4_0_klassiker_2', 'nameFieldFound': True, 'nameFieldValue': 'Klassiker: 240 g/qm Postkarten-Chromokarton GC1', 'positionFieldFound': True, 'positionFieldValue': '0'}
2025-04-10 15:42:24,955 - INFO - Starting popup modal Save button click function
2025-04-10 15:42:24,965 - INFO - Found modal popup
2025-04-10 15:42:24,972 - WARNING - Could not find Save button in modal: Message: no such element: Unable to locate element: {"method":"css selector","selector":"button#save, button.action-primary, button[title='Save'], button.primary"}
  (Session info: chrome=135.0.7049.84); For documentation on this error, please visit: https://www.selenium.dev/documentation/webdriver/troubleshooting/errors#no-such-element-exception
Stacktrace:
	GetHandleVerifier [0x005A80E3+60707]
	GetHandleVerifier [0x005A8124+60772]
	(No symbol) [0x003D0683]
	(No symbol) [0x00418660]
	(No symbol) [0x004189FB]
	(No symbol) [0x0040DD81]
	(No symbol) [0x0043D094]
	(No symbol) [0x0040DCA4]
	(No symbol) [0x0043D2C4]
	(No symbol) [0x0045E824]
	(No symbol) [0x0043CE46]
	(No symbol) [0x0040C5D3]
	(No symbol) [0x0040D424]
	GetHandleVerifier [0x007EBBC3+2435075]
	GetHandleVerifier [0x007E7163+2416035]
	GetHandleVerifier [0x0080350C+2531660]
	GetHandleVerifier [0x005BF1B5+155125]
	GetHandleVerifier [0x005C5B5D+182173]
	GetHandleVerifier [0x005AF9B8+91640]
	GetHandleVerifier [0x005AFB60+92064]
	GetHandleVerifier [0x0059A620+4704]
	BaseThreadInitThunk [0x75897BA9+25]
	RtlInitializeExceptionChain [0x7765C2EB+107]
	RtlClearBits [0x7765C26F+191]

2025-04-10 15:42:24,990 - WARNING - Title-based approach failed: Message: no such element: Unable to locate element: {"method":"xpath","selector":"//div[contains(text(), 'Page Option Value')]"}
  (Session info: chrome=135.0.7049.84); For documentation on this error, please visit: https://www.selenium.dev/documentation/webdriver/troubleshooting/errors#no-such-element-exception
Stacktrace:
	GetHandleVerifier [0x005A80E3+60707]
	GetHandleVerifier [0x005A8124+60772]
	(No symbol) [0x003D0683]
	(No symbol) [0x00418660]
	(No symbol) [0x004189FB]
	(No symbol) [0x00461022]
	(No symbol) [0x0043D094]
	(No symbol) [0x0045E824]
	(No symbol) [0x0043CE46]
	(No symbol) [0x0040C5D3]
	(No symbol) [0x0040D424]
	GetHandleVerifier [0x007EBBC3+2435075]
	GetHandleVerifier [0x007E7163+2416035]
	GetHandleVerifier [0x0080350C+2531660]
	GetHandleVerifier [0x005BF1B5+155125]
	GetHandleVerifier [0x005C5B5D+182173]
	GetHandleVerifier [0x005AF9B8+91640]
	GetHandleVerifier [0x005AFB60+92064]
	GetHandleVerifier [0x0059A620+4704]
	BaseThreadInitThunk [0x75897BA9+25]
	RtlInitializeExceptionChain [0x7765C2EB+107]
	RtlClearBits [0x7765C26F+191]

2025-04-10 15:42:24,999 - WARNING - JavaScript approach could not find modal Save button
2025-04-10 15:42:24,999 - INFO - Looking for most recently added Save button
2025-04-10 15:42:26,004 - INFO - Clicked most recently added Save button
2025-04-10 15:42:26,004 - INFO - Successfully saved material 2
2025-04-10 15:42:28,005 - INFO - Processing material 3/3: Name=Exklusiv: 300 g/qm Recyclingkarton GT2 mit Fettbarriere, Code=wrap_verpackungen_automatikboden_70x87_4_0_exklusiv_3, Position=0
2025-04-10 15:42:28,005 - INFO - Refreshing page for material 3
2025-04-10 15:42:28,326 - INFO - Page refreshed successfully
2025-04-10 15:42:28,326 - INFO - Looking for Page Option Values section
2025-04-10 15:42:28,334 - INFO - Scrolling down to find Page Option Values
2025-04-10 15:42:29,394 - INFO - Clicked on Page Option Values section
2025-04-10 15:42:33,794 - INFO - Successfully found and clicked button via JavaScript: Clicked button: 
    add new value

2025-04-10 15:42:37,897 - INFO - JavaScript fill result for material 3: {'codeFieldFound': True, 'codeFieldValue': 'wrap_verpackungen_automatikboden_70x87_4_0_exklusiv_3', 'nameFieldFound': True, 'nameFieldValue': 'Exklusiv: 300 g/qm Recyclingkarton GT2 mit Fettbarriere', 'positionFieldFound': True, 'positionFieldValue': '0'}
2025-04-10 15:42:39,008 - INFO - Starting popup modal Save button click function
2025-04-10 15:42:39,018 - INFO - Found modal popup
2025-04-10 15:42:39,024 - WARNING - Could not find Save button in modal: Message: no such element: Unable to locate element: {"method":"css selector","selector":"button#save, button.action-primary, button[title='Save'], button.primary"}
  (Session info: chrome=135.0.7049.84); For documentation on this error, please visit: https://www.selenium.dev/documentation/webdriver/troubleshooting/errors#no-such-element-exception
Stacktrace:
	GetHandleVerifier [0x005A80E3+60707]
	GetHandleVerifier [0x005A8124+60772]
	(No symbol) [0x003D0683]
	(No symbol) [0x00418660]
	(No symbol) [0x004189FB]
	(No symbol) [0x0040DD81]
	(No symbol) [0x0043D094]
	(No symbol) [0x0040DCA4]
	(No symbol) [0x0043D2C4]
	(No symbol) [0x0045E824]
	(No symbol) [0x0043CE46]
	(No symbol) [0x0040C5D3]
	(No symbol) [0x0040D424]
	GetHandleVerifier [0x007EBBC3+2435075]
	GetHandleVerifier [0x007E7163+2416035]
	GetHandleVerifier [0x0080350C+2531660]
	GetHandleVerifier [0x005BF1B5+155125]
	GetHandleVerifier [0x005C5B5D+182173]
	GetHandleVerifier [0x005AF9B8+91640]
	GetHandleVerifier [0x005AFB60+92064]
	GetHandleVerifier [0x0059A620+4704]
	BaseThreadInitThunk [0x75897BA9+25]
	RtlInitializeExceptionChain [0x7765C2EB+107]
	RtlClearBits [0x7765C26F+191]

2025-04-10 15:42:39,041 - WARNING - Title-based approach failed: Message: no such element: Unable to locate element: {"method":"xpath","selector":"//div[contains(text(), 'Page Option Value')]"}
  (Session info: chrome=135.0.7049.84); For documentation on this error, please visit: https://www.selenium.dev/documentation/webdriver/troubleshooting/errors#no-such-element-exception
Stacktrace:
	GetHandleVerifier [0x005A80E3+60707]
	GetHandleVerifier [0x005A8124+60772]
	(No symbol) [0x003D0683]
	(No symbol) [0x00418660]
	(No symbol) [0x004189FB]
	(No symbol) [0x00461022]
	(No symbol) [0x0043D094]
	(No symbol) [0x0045E824]
	(No symbol) [0x0043CE46]
	(No symbol) [0x0040C5D3]
	(No symbol) [0x0040D424]
	GetHandleVerifier [0x007EBBC3+2435075]
	GetHandleVerifier [0x007E7163+2416035]
	GetHandleVerifier [0x0080350C+2531660]
	GetHandleVerifier [0x005BF1B5+155125]
	GetHandleVerifier [0x005C5B5D+182173]
	GetHandleVerifier [0x005AF9B8+91640]
	GetHandleVerifier [0x005AFB60+92064]
	GetHandleVerifier [0x0059A620+4704]
	BaseThreadInitThunk [0x75897BA9+25]
	RtlInitializeExceptionChain [0x7765C2EB+107]
	RtlClearBits [0x7765C26F+191]

2025-04-10 15:42:39,054 - WARNING - JavaScript approach could not find modal Save button
2025-04-10 15:42:39,054 - INFO - Looking for most recently added Save button
2025-04-10 15:42:40,073 - INFO - Clicked most recently added Save button
2025-04-10 15:42:40,073 - INFO - Successfully saved material 3
2025-04-10 15:42:42,084 - INFO - All materials processed, now clicking main save
2025-04-10 15:42:42,084 - INFO - Refreshing page...
2025-04-10 15:42:42,399 - INFO - Page refreshed successfully
2025-04-10 15:42:43,447 - INFO - Clicked main Save button in top-right corner
2025-04-10 15:42:44,449 - INFO - Successfully saved all page option values
2025-04-10 15:42:44,449 - INFO - Successfully filled and saved the form
2025-04-10 15:42:44,449 - INFO - Starting popup modal Save button click function
2025-04-10 15:42:44,458 - INFO - Found modal popup
2025-04-10 15:42:44,464 - WARNING - Could not find Save button in modal: Message: no such element: Unable to locate element: {"method":"css selector","selector":"button#save, button.action-primary, button[title='Save'], button.primary"}
  (Session info: chrome=135.0.7049.84); For documentation on this error, please visit: https://www.selenium.dev/documentation/webdriver/troubleshooting/errors#no-such-element-exception
Stacktrace:
	GetHandleVerifier [0x005A80E3+60707]
	GetHandleVerifier [0x005A8124+60772]
	(No symbol) [0x003D0683]
	(No symbol) [0x00418660]
	(No symbol) [0x004189FB]
	(No symbol) [0x0040DD81]
	(No symbol) [0x0043D094]
	(No symbol) [0x0040DCA4]
	(No symbol) [0x0043D2C4]
	(No symbol) [0x0045E824]
	(No symbol) [0x0043CE46]
	(No symbol) [0x0040C5D3]
	(No symbol) [0x0040D424]
	GetHandleVerifier [0x007EBBC3+2435075]
	GetHandleVerifier [0x007E7163+2416035]
	GetHandleVerifier [0x0080350C+2531660]
	GetHandleVerifier [0x005BF1B5+155125]
	GetHandleVerifier [0x005C5B5D+182173]
	GetHandleVerifier [0x005AF9B8+91640]
	GetHandleVerifier [0x005AFB60+92064]
	GetHandleVerifier [0x0059A620+4704]
	BaseThreadInitThunk [0x75897BA9+25]
	RtlInitializeExceptionChain [0x7765C2EB+107]
	RtlClearBits [0x7765C26F+191]

2025-04-10 15:42:44,471 - WARNING - Title-based approach failed: Message: no such element: Unable to locate element: {"method":"xpath","selector":"//div[contains(text(), 'Page Option Value')]"}
  (Session info: chrome=135.0.7049.84); For documentation on this error, please visit: https://www.selenium.dev/documentation/webdriver/troubleshooting/errors#no-such-element-exception
Stacktrace:
	GetHandleVerifier [0x005A80E3+60707]
	GetHandleVerifier [0x005A8124+60772]
	(No symbol) [0x003D0683]
	(No symbol) [0x00418660]
	(No symbol) [0x004189FB]
	(No symbol) [0x00461022]
	(No symbol) [0x0043D094]
	(No symbol) [0x0045E824]
	(No symbol) [0x0043CE46]
	(No symbol) [0x0040C5D3]
	(No symbol) [0x0040D424]
	GetHandleVerifier [0x007EBBC3+2435075]
	GetHandleVerifier [0x007E7163+2416035]
	GetHandleVerifier [0x0080350C+2531660]
	GetHandleVerifier [0x005BF1B5+155125]
	GetHandleVerifier [0x005C5B5D+182173]
	GetHandleVerifier [0x005AF9B8+91640]
	GetHandleVerifier [0x005AFB60+92064]
	GetHandleVerifier [0x0059A620+4704]
	BaseThreadInitThunk [0x75897BA9+25]
	RtlInitializeExceptionChain [0x7765C2EB+107]
	RtlClearBits [0x7765C26F+191]

2025-04-10 15:42:44,475 - WARNING - JavaScript approach could not find modal Save button
2025-04-10 15:42:44,475 - INFO - Looking for most recently added Save button
2025-04-10 15:42:44,480 - WARNING - No Save buttons found
2025-04-10 15:42:44,480 - INFO - Successfully clicked modal save button.
2025-04-10 15:42:44,480 - INFO - Refreshing page...
2025-04-10 15:42:44,665 - INFO - Page refreshed successfully
2025-04-10 15:42:45,863 - INFO - Clicked main Save button in top-right corner
2025-04-10 15:42:46,863 - INFO - Successfully clicked modal save button.
2025-04-10 15:42:46,863 - INFO - Starting process to add a new product part from CSV
2025-04-10 15:42:46,863 - INFO - Clicking on CLOUDLAB icon using the Catalog approach...
2025-04-10 15:42:46,883 - INFO - Clicked on CLOUDLAB icon using Catalog approach
2025-04-10 15:42:48,885 - INFO - Clicking on Product Parts submenu using Catalog Products approach...
2025-04-10 15:43:04,140 - WARNING - Catalog approach failed for Product Parts: Message: 
Stacktrace:
	GetHandleVerifier [0x005A80E3+60707]
	GetHandleVerifier [0x005A8124+60772]
	(No symbol) [0x003D0683]
	(No symbol) [0x00418660]
	(No symbol) [0x004189FB]
	(No symbol) [0x00461022]
	(No symbol) [0x0043D094]
	(No symbol) [0x0045E824]
	(No symbol) [0x0043CE46]
	(No symbol) [0x0040C5D3]
	(No symbol) [0x0040D424]
	GetHandleVerifier [0x007EBBC3+2435075]
	GetHandleVerifier [0x007E7163+2416035]
	GetHandleVerifier [0x0080350C+2531660]
	GetHandleVerifier [0x005BF1B5+155125]
	GetHandleVerifier [0x005C5B5D+182173]
	GetHandleVerifier [0x005AF9B8+91640]
	GetHandleVerifier [0x005AFB60+92064]
	GetHandleVerifier [0x0059A620+4704]
	BaseThreadInitThunk [0x75897BA9+25]
	RtlInitializeExceptionChain [0x7765C2EB+107]
	RtlClearBits [0x7765C26F+191]

2025-04-10 15:43:05,774 - INFO - Clicked on Product Parts by text
2025-04-10 15:43:08,835 - INFO - Successfully navigated to Product Parts page
2025-04-10 15:43:08,835 - INFO - Clicking on Add New Part button
2025-04-10 15:43:12,209 - INFO - Clicked on Add New Part button using CSS class
2025-04-10 15:43:12,209 - INFO - Waiting 10 seconds for the form to load completely...
2025-04-10 15:43:22,214 - INFO - Filling Name field
2025-04-10 15:43:22,344 - INFO - Filled Name field with: Wrap-Verpackungen mit Automatikboden (Durchmesser 7 cm - Höhe 8,7 cm) einseitig bedruckt 4/0-farbig
2025-04-10 15:43:23,345 - INFO - Filling Code field with enhanced approach
2025-04-10 15:43:23,521 - INFO - Filled Code field with: wrap_verpackungen_mit_automatikboden_durchmesser_7_cm_hoehe_8_7_cm_einseitig_bedruckt_4_0_farbig and triggered validation
2025-04-10 15:43:23,522 - INFO - Attempting to select Material dropdown
2025-04-10 15:43:23,522 - INFO - Attempting to select materials from CSV
2025-04-10 15:43:23,522 - INFO - Found 3 materials from CSV
2025-04-10 15:43:24,542 - INFO - Found Öffnung element, now looking for Material field below it
2025-04-10 15:43:25,597 - INFO - Found Material element, now looking for select element
2025-04-10 15:43:25,634 - INFO - Found Material select element
2025-04-10 15:43:25,656 - INFO - JavaScript selection result: Selected 9 options: ['Topseller: 350 g/qm Recyclingkarton GT2 (wrap_verpackungen_automatikboden_65x95_4_0_topseller_1)', 'Klassiker: 240 g/qm Postkarten-Chromokarton GC1 (wrap_verpackungen_automatikboden_65x95_4_0_klassiker_2)', 'Exklusiv: 300 g/qm Recyclingkarton GT2 mit Fettbarriere (wrap_verpackungen_automatikboden_65x95_4_0_exklusiv_3)', 'Topseller: 350 g/qm Recyclingkarton GT2 (wrap_verpackungen_automatikboden_65x131_4_0_topseller_1)', 'Klassiker: 240 g/qm Postkarten-Chromokarton GC1 (wrap_verpackungen_automatikboden_65x131_4_0_klassiker_2)', 'Exklusiv: 300 g/qm Recyclingkarton GT2 mit Fettbarriere (wrap_verpackungen_automatikboden_65x131_4_0_exklusiv_3)', 'Topseller: 350 g/qm Recyclingkarton GT2 (wrap_verpackungen_automatikboden_70x87_4_0_topseller_1)', 'Klassiker: 240 g/qm Postkarten-Chromokarton GC1 (wrap_verpackungen_automatikboden_70x87_4_0_klassiker_2)', 'Exklusiv: 300 g/qm Recyclingkarton GT2 mit Fettbarriere (wrap_verpackungen_automatikboden_70x87_4_0_exklusiv_3)']
2025-04-10 15:43:25,656 - INFO - Successfully selected last option in Material dropdown
2025-04-10 15:43:35,657 - INFO - Clicking Save button
2025-04-10 15:43:36,755 - INFO - Clicked Save button via CSS selector
2025-04-10 15:43:36,755 - INFO - Waiting 10 seconds after save...
2025-04-10 15:43:46,755 - INFO - Product part save process completed
2025-04-10 15:43:46,755 - INFO - Successfully added a new product part for product 1
2025-04-10 15:43:46,755 - INFO - Clicking on Catalog icon...
2025-04-10 15:43:48,783 - INFO - Clicking on Products submenu...
2025-04-10 15:43:52,086 - INFO - Clicking on Add Product button...
2025-04-10 15:43:56,100 - INFO - Navigated to Add Product page
2025-04-10 15:43:56,443 - INFO - Product name entered: Wrap-Verpackungen mit Automatikboden (Durchmesser 7 cm - Höhe 8,7 cm) einseitig bedruckt 4/0-farbig
2025-04-10 15:43:56,541 - INFO - SKU entered: 1003354
2025-04-10 15:43:56,638 - INFO - Price entered: 1.00
2025-04-10 15:43:56,697 - INFO - Quantity entered: 99999999
2025-04-10 15:43:56,697 - INFO - Successfully filled basic info for product: Wrap-Verpackungen mit Automatikboden (Durchmesser 7 cm - Höhe 8,7 cm) einseitig bedruckt 4/0-farbig
2025-04-10 15:43:56,697 - INFO - Setting 'Is Meter Price' to: Yes
2025-04-10 15:43:56,703 - INFO - Toggle result: Changed 'Is Meter Price' to: Yes
2025-04-10 15:43:56,804 - INFO - Final scroll position: 777px
2025-04-10 15:43:56,804 - ERROR - Failed to set 'Is Meter Price': name 'current_scroll_y' is not defined
2025-04-10 15:43:56,804 - INFO - Attempting final fallback method
2025-04-10 15:43:58,863 - INFO - Clicked toggle using fallback method
2025-04-10 15:43:58,863 - INFO - Selecting Producer: wmd.networkhero.eu with simplified approach
2025-04-10 15:43:59,886 - INFO - JavaScript producer selection result: Selected wmd.networkhero.eu using standard dropdown via JS
2025-04-10 15:43:59,886 - INFO - Setting 'Disable pickup' to: Yes
2025-04-10 15:43:59,893 - INFO - Initial scroll position: 1035px
2025-04-10 15:44:01,407 - INFO - Current scroll position after positioning: 2278px
2025-04-10 15:44:01,426 - INFO - Toggle result: Changed 'Disable pickup' to: Yes
2025-04-10 15:44:01,430 - INFO - Final scroll position: 2278px
2025-04-10 15:44:01,439 - INFO - Validation confirmed 'Disable pickup' setting was applied correctly
2025-04-10 15:44:01,440 - INFO - Scrolling down to find Websites section
2025-04-10 15:44:02,478 - INFO - Expanded Websites section
2025-04-10 15:44:04,509 - INFO - Selected website: Selling Website
2025-04-10 15:44:04,531 - INFO - Selected website: Networkhero
2025-04-10 15:44:04,531 - INFO - Completed website selection
2025-04-10 15:44:04,532 - INFO - Updating Product Type to: Upload + Personalization + Configuration using producer-style approach
2025-04-10 15:44:05,573 - INFO - Clicked Web2Print Settings
2025-04-10 15:44:08,623 - INFO - Clicked General tab
2025-04-10 15:44:10,627 - INFO - Selecting Product Type: Upload + Personalization + Configuration with producer-style approach
2025-04-10 15:44:11,660 - INFO - JavaScript Product Type selection result: Selected Upload + Personalization + Configuration using standard select
2025-04-10 15:44:11,660 - INFO - Setting Price Calculation to Fixed in Matrix tab
2025-04-10 15:44:12,715 - INFO - Clicked Matrix tab
2025-04-10 15:44:14,716 - INFO - Looking for Price Calculation field
2025-04-10 15:44:14,726 - INFO - JavaScript Price Calculation selection result: Selected Fixed using standard select
2025-04-10 15:44:14,726 - INFO - Selecting weekdays in Production Days multiselect
2025-04-10 15:44:15,769 - INFO - Clicked Others tab
2025-04-10 15:44:18,777 - INFO - Approaching Production Days with direct ID
2025-04-10 15:44:28,917 - WARNING - Direct ID approach failed: Message: 
Stacktrace:
	GetHandleVerifier [0x005A80E3+60707]
	GetHandleVerifier [0x005A8124+60772]
	(No symbol) [0x003D0683]
	(No symbol) [0x00418660]
	(No symbol) [0x004189FB]
	(No symbol) [0x00461022]
	(No symbol) [0x0043D094]
	(No symbol) [0x0045E824]
	(No symbol) [0x0043CE46]
	(No symbol) [0x0040C5D3]
	(No symbol) [0x0040D424]
	GetHandleVerifier [0x007EBBC3+2435075]
	GetHandleVerifier [0x007E7163+2416035]
	GetHandleVerifier [0x0080350C+2531660]
	GetHandleVerifier [0x005BF1B5+155125]
	GetHandleVerifier [0x005C5B5D+182173]
	GetHandleVerifier [0x005AF9B8+91640]
	GetHandleVerifier [0x005AFB60+92064]
	GetHandleVerifier [0x0059A620+4704]
	BaseThreadInitThunk [0x75897BA9+25]
	RtlInitializeExceptionChain [0x7765C2EB+107]
	RtlClearBits [0x7765C26F+191]

2025-04-10 15:44:28,917 - INFO - Approaching Production Days via label
2025-04-10 15:44:29,977 - WARNING - Label approach failed: Message: no such element: Unable to locate element: {"method":"css selector","selector":"select.admin__control-multiselect, select[multiple]"}
  (Session info: chrome=135.0.7049.84); For documentation on this error, please visit: https://www.selenium.dev/documentation/webdriver/troubleshooting/errors#no-such-element-exception
Stacktrace:
	GetHandleVerifier [0x005A80E3+60707]
	GetHandleVerifier [0x005A8124+60772]
	(No symbol) [0x003D0683]
	(No symbol) [0x00418660]
	(No symbol) [0x004189FB]
	(No symbol) [0x0040DD81]
	(No symbol) [0x0043D094]
	(No symbol) [0x0040DCA4]
	(No symbol) [0x0043D2C4]
	(No symbol) [0x0045E824]
	(No symbol) [0x0043CE46]
	(No symbol) [0x0040C5D3]
	(No symbol) [0x0040D424]
	GetHandleVerifier [0x007EBBC3+2435075]
	GetHandleVerifier [0x007E7163+2416035]
	GetHandleVerifier [0x0080350C+2531660]
	GetHandleVerifier [0x005BF1B5+155125]
	GetHandleVerifier [0x005C5B5D+182173]
	GetHandleVerifier [0x005AF9B8+91640]
	GetHandleVerifier [0x005AFB60+92064]
	GetHandleVerifier [0x0059A620+4704]
	BaseThreadInitThunk [0x75897BA9+25]
	RtlInitializeExceptionChain [0x7765C2EB+107]
	RtlClearBits [0x7765C26F+191]

2025-04-10 15:44:29,977 - INFO - Trying all multiselects approach
2025-04-10 15:44:29,985 - INFO - Found 1 multiselects
2025-04-10 15:44:31,002 - INFO - JavaScript multiselect 1 result: {'selected': ['Monday', 'Tuesday', 'Wednesday', 'Thursday', 'Friday'], 'success': True}
2025-04-10 15:44:31,002 - INFO - Successfully selected weekdays in multiselect 1
2025-04-10 15:44:31,003 - INFO - Configuring Delivery section with final optimized approach
2025-04-10 15:44:32,534 - INFO - Expansion result: Clicked to expand delivery section
2025-04-10 15:44:34,536 - INFO - Setting VPE value to 9999
2025-04-10 15:44:34,536 - INFO - Setting VPE value to 9999 using optimized method
2025-04-10 15:44:34,543 - INFO - DOM manipulation result: Set VPE value to 9999 via DOM manipulation
2025-04-10 15:44:34,544 - INFO - Selecting VPE Type: Stock
2025-04-10 15:44:34,544 - INFO - Selecting VPE Type: Stock using producer-style approach
2025-04-10 15:44:38,575 - INFO - VPE Type field structure: {'found': True, 'labelRect': {'bottom': 547.515625, 'height': 0, 'left': 489.03125, 'right': 549.75, 'toJSON': {}, 'top': 547.515625, 'width': 60.71875, 'x': 489.03125, 'y': 547.515625}, 'structure': {'dropdownLikeCount': 0, 'fieldClasses': 'admin__field', 'firstSelectClasses': 'admin__control-select', 'firstSelectId': 'SR8OFN0', 'firstSelectOptions': ['LFM - Running Meter', 'm²', 'Stock'], 'hasField': True, 'hasMultiselect': False, 'selectCount': 1}}
2025-04-10 15:44:38,575 - INFO - Found traditional select for VPE Type
2025-04-10 15:44:38,583 - INFO - Select result: Selected Stock from VPE Type select
2025-04-10 15:44:38,583 - INFO - Selecting 'Fix Products' option
2025-04-10 15:44:38,589 - INFO - Fix Products selection result: Selected Fix Products option
2025-04-10 15:44:38,589 - INFO - Successfully configured Delivery section
2025-04-10 15:44:38,589 - INFO - Configuring Print Product Setup with CTRL+click for multiple selection
2025-04-10 15:44:39,634 - INFO - Clicked Print Product Setup
2025-04-10 15:44:41,636 - INFO - Attempting to select the last option in Product Parts list
2025-04-10 15:44:41,654 - INFO - Found Product Parts select element using XPath: //span[text()='Product Parts']/ancestor::div[contains(@class, 'field')]//select
2025-04-10 15:44:47,120 - INFO - Selecting last option (index 1119) of 1120 total options
2025-04-10 15:44:50,592 - INFO - Selected last option by index: 1119
2025-04-10 15:44:54,973 - INFO - Successfully selected: Haftnotizen-Set 50 Blatt mit Kunststoffmarkern und bedrucktem Hardcover-Bucheinband ( tp_haftnotizen_set_50_blatt_mit_kunststoffmarkern_und_bedrucktem_hardcover_bucheinband )
2025-04-10 15:44:54,979 - INFO - Textarea values set result: {'dateityp': False, 'datencheck': True}
2025-04-10 15:44:54,979 - INFO - Trying multiselect approach with CTRL+click
2025-04-10 15:44:56,048 - INFO - Clicked Standard option
2025-04-10 15:44:57,319 - INFO - CTRL+Clicked Profidatencheck option
2025-04-10 15:44:59,382 - INFO - Clicked PDF-file option
2025-04-10 15:45:00,670 - INFO - CTRL+Clicked Image option
2025-04-10 15:45:01,670 - INFO - Configuring additional settings with improved approach
2025-04-10 15:45:01,671 - INFO - Configuring Lieferung field
2025-04-10 15:45:02,708 - INFO - Lieferung selection result: {'selected': ['Standard ( production_standard )', 'Express ( production_express )', 'Standard Plus ( production_standard_plus )'], 'success': True}
2025-04-10 15:45:02,708 - INFO - Configuring Anzahl field
2025-04-10 15:45:04,274 - INFO - Selected quantity_1
2025-04-10 15:45:04,857 - INFO - Selected quantity_1 using Select class
2025-04-10 15:45:04,857 - INFO - Configuring Proof Group field
2025-04-10 15:45:06,405 - INFO - Selected proof_group_digital
2025-04-10 15:45:06,979 - INFO - Selected proof_group_digital using Select class
2025-04-10 15:45:06,979 - INFO - Configuring Product Personalization Template field
2025-04-10 15:45:08,008 - INFO - Template setting result: {'action': 'selected option', 'element': 'select', 'success': True}
2025-04-10 15:45:08,008 - INFO - Clicking the Save button in the top right corner
2025-04-10 15:45:11,059 - WARNING - Standard approach failed: Message: invalid session id: session deleted as the browser has closed the connection
from disconnected: not connected to DevTools
  (Session info: chrome=135.0.7049.84)
Stacktrace:
	GetHandleVerifier [0x005A80E3+60707]
	GetHandleVerifier [0x005A8124+60772]
	(No symbol) [0x003D0683]
	(No symbol) [0x003BFED0]
	(No symbol) [0x003DDD3F]
	(No symbol) [0x00443D7F]
	(No symbol) [0x0045E129]
	(No symbol) [0x0043CE46]
	(No symbol) [0x0040C5D3]
	(No symbol) [0x0040D424]
	GetHandleVerifier [0x007EBBC3+2435075]
	GetHandleVerifier [0x007E7163+2416035]
	GetHandleVerifier [0x0080350C+2531660]
	GetHandleVerifier [0x005BF1B5+155125]
	GetHandleVerifier [0x005C5B5D+182173]
	GetHandleVerifier [0x005AF9B8+91640]
	GetHandleVerifier [0x005AFB60+92064]
	GetHandleVerifier [0x0059A620+4704]
	BaseThreadInitThunk [0x75897BA9+25]
	RtlInitializeExceptionChain [0x7765C2EB+107]
	RtlClearBits [0x7765C26F+191]

2025-04-10 15:45:11,301 - ERROR - JavaScript approach failed: Message: invalid session id
Stacktrace:
	GetHandleVerifier [0x005A80E3+60707]
	GetHandleVerifier [0x005A8124+60772]
	(No symbol) [0x003D04FE]
	(No symbol) [0x0040B898]
	(No symbol) [0x0043CF06]
	(No symbol) [0x004389D5]
	(No symbol) [0x00437F66]
	(No symbol) [0x003A36E5]
	(No symbol) [0x003A3C3E]
	(No symbol) [0x003A40CD]
	GetHandleVerifier [0x007EBBC3+2435075]
	GetHandleVerifier [0x007E7163+2416035]
	GetHandleVerifier [0x0080350C+2531660]
	GetHandleVerifier [0x005BF1B5+155125]
	GetHandleVerifier [0x005C5B5D+182173]
	(No symbol) [0x003A33B0]
	(No symbol) [0x003A2BC3]
	GetHandleVerifier [0x0090D2AC+3620588]
	BaseThreadInitThunk [0x75897BA9+25]
	RtlInitializeExceptionChain [0x7765C2EB+107]
	RtlClearBits [0x7765C26F+191]

2025-04-10 15:45:11,301 - INFO - ====== WebDriver manager ======
