2025-04-13 17:42:57,080 - INFO - Logging initialized. Log file: C:\Users\g.yilmaz\Desktop\Magento_otomation\Done\logs\skynet_fixed_price_20250413_174257.log
2025-04-13 17:42:57,085 - INFO - ====== WebDriver manager ======
2025-04-13 17:42:58,034 - INFO - Get LATEST chromedriver version for google-chrome
2025-04-13 17:42:58,155 - INFO - Get LATEST chromedriver version for google-chrome
2025-04-13 17:42:58,239 - INFO - Driver [C:\Users\g.yilmaz\.wdm\drivers\chromedriver\win64\135.0.7049.84\chromedriver-win32/chromedriver.exe] found in cache
2025-04-13 17:42:59,252 - INFO - Navigating to https://skynet.networkhero.eu/y5id_dashboard/admin/
2025-04-13 17:43:01,884 - INFO - Username entered
2025-04-13 17:43:01,958 - INFO - Password entered
2025-04-13 17:43:03,591 - INFO - Login button clicked
2025-04-13 17:43:03,592 - INFO - Waiting for you to enter Google Authenticator code...
2025-04-13 17:43:11,713 - INFO - Login successful
2025-04-13 17:43:11,713 - INFO - Clicking on CLOUDLAB icon using the Catalog approach...
2025-04-13 17:43:11,741 - INFO - Clicked on CLOUDLAB icon using Catalog approach
2025-04-13 17:43:16,469 - INFO - JavaScript sonucu: Price Unit değeri 1 olarak ayarlandı
2025-04-13 17:43:19,669 - INFO - Attempting to click the Save button in the top right corner
2025-04-13 17:43:29,813 - WARNING - First approach failed: Message: 
Stacktrace:
	GetHandleVerifier [0x00AD80E3+60707]
	GetHandleVerifier [0x00AD8124+60772]
	(No symbol) [0x00900683]
	(No symbol) [0x00948660]
	(No symbol) [0x009489FB]
	(No symbol) [0x00991022]
	(No symbol) [0x0096D094]
	(No symbol) [0x0098E824]
	(No symbol) [0x0096CE46]
	(No symbol) [0x0093C5D3]
	(No symbol) [0x0093D424]
	GetHandleVerifier [0x00D1BBC3+2435075]
	GetHandleVerifier [0x00D17163+2416035]
	GetHandleVerifier [0x00D3350C+2531660]
	GetHandleVerifier [0x00AEF1B5+155125]
	GetHandleVerifier [0x00AF5B5D+182173]
	GetHandleVerifier [0x00ADF9B8+91640]
	GetHandleVerifier [0x00ADFB60+92064]
	GetHandleVerifier [0x00ACA620+4704]
	BaseThreadInitThunk [0x76AA7BA9+25]
	RtlInitializeExceptionChain [0x77AEC2EB+107]
	RtlClearBits [0x77AEC26F+191]

2025-04-13 17:43:29,829 - INFO - JavaScript Save button result: Clicked the best Save button: 
                                Save
                            
2025-04-13 17:43:45,534 - INFO - JavaScript sonucu: Price Unit değeri 1 olarak ayarlandı
2025-04-13 17:43:48,727 - INFO - Attempting to click the Save button in the top right corner
2025-04-13 17:43:58,869 - WARNING - First approach failed: Message: 
Stacktrace:
	GetHandleVerifier [0x00AD80E3+60707]
	GetHandleVerifier [0x00AD8124+60772]
	(No symbol) [0x00900683]
	(No symbol) [0x00948660]
	(No symbol) [0x009489FB]
	(No symbol) [0x00991022]
	(No symbol) [0x0096D094]
	(No symbol) [0x0098E824]
	(No symbol) [0x0096CE46]
	(No symbol) [0x0093C5D3]
	(No symbol) [0x0093D424]
	GetHandleVerifier [0x00D1BBC3+2435075]
	GetHandleVerifier [0x00D17163+2416035]
	GetHandleVerifier [0x00D3350C+2531660]
	GetHandleVerifier [0x00AEF1B5+155125]
	GetHandleVerifier [0x00AF5B5D+182173]
	GetHandleVerifier [0x00ADF9B8+91640]
	GetHandleVerifier [0x00ADFB60+92064]
	GetHandleVerifier [0x00ACA620+4704]
	BaseThreadInitThunk [0x76AA7BA9+25]
	RtlInitializeExceptionChain [0x77AEC2EB+107]
	RtlClearBits [0x77AEC26F+191]

2025-04-13 17:43:58,883 - INFO - JavaScript Save button result: Clicked the best Save button: 
                                Save
                            
2025-04-13 17:44:14,701 - INFO - JavaScript sonucu: Price Unit değeri 1 olarak ayarlandı
2025-04-13 17:44:17,878 - INFO - Attempting to click the Save button in the top right corner
2025-04-13 17:44:28,030 - WARNING - First approach failed: Message: 
Stacktrace:
	GetHandleVerifier [0x00AD80E3+60707]
	GetHandleVerifier [0x00AD8124+60772]
	(No symbol) [0x00900683]
	(No symbol) [0x00948660]
	(No symbol) [0x009489FB]
	(No symbol) [0x00991022]
	(No symbol) [0x0096D094]
	(No symbol) [0x0098E824]
	(No symbol) [0x0096CE46]
	(No symbol) [0x0093C5D3]
	(No symbol) [0x0093D424]
	GetHandleVerifier [0x00D1BBC3+2435075]
	GetHandleVerifier [0x00D17163+2416035]
	GetHandleVerifier [0x00D3350C+2531660]
	GetHandleVerifier [0x00AEF1B5+155125]
	GetHandleVerifier [0x00AF5B5D+182173]
	GetHandleVerifier [0x00ADF9B8+91640]
	GetHandleVerifier [0x00ADFB60+92064]
	GetHandleVerifier [0x00ACA620+4704]
	BaseThreadInitThunk [0x76AA7BA9+25]
	RtlInitializeExceptionChain [0x77AEC2EB+107]
	RtlClearBits [0x77AEC26F+191]

2025-04-13 17:44:28,045 - INFO - JavaScript Save button result: Clicked the best Save button: 
                                Save
                            
2025-04-13 17:44:43,742 - INFO - JavaScript sonucu: Price Unit değeri 1 olarak ayarlandı
2025-04-13 17:44:46,935 - INFO - Attempting to click the Save button in the top right corner
2025-04-13 17:44:57,079 - WARNING - First approach failed: Message: 
Stacktrace:
	GetHandleVerifier [0x00AD80E3+60707]
	GetHandleVerifier [0x00AD8124+60772]
	(No symbol) [0x00900683]
	(No symbol) [0x00948660]
	(No symbol) [0x009489FB]
	(No symbol) [0x00991022]
	(No symbol) [0x0096D094]
	(No symbol) [0x0098E824]
	(No symbol) [0x0096CE46]
	(No symbol) [0x0093C5D3]
	(No symbol) [0x0093D424]
	GetHandleVerifier [0x00D1BBC3+2435075]
	GetHandleVerifier [0x00D17163+2416035]
	GetHandleVerifier [0x00D3350C+2531660]
	GetHandleVerifier [0x00AEF1B5+155125]
	GetHandleVerifier [0x00AF5B5D+182173]
	GetHandleVerifier [0x00ADF9B8+91640]
	GetHandleVerifier [0x00ADFB60+92064]
	GetHandleVerifier [0x00ACA620+4704]
	BaseThreadInitThunk [0x76AA7BA9+25]
	RtlInitializeExceptionChain [0x77AEC2EB+107]
	RtlClearBits [0x77AEC26F+191]

2025-04-13 17:44:57,094 - INFO - JavaScript Save button result: Clicked the best Save button: 
                                Save
                            
2025-04-13 17:45:12,861 - INFO - JavaScript sonucu: Price Unit değeri 1 olarak ayarlandı
2025-04-13 17:45:16,037 - INFO - Attempting to click the Save button in the top right corner
2025-04-13 17:45:26,187 - WARNING - First approach failed: Message: 
Stacktrace:
	GetHandleVerifier [0x00AD80E3+60707]
	GetHandleVerifier [0x00AD8124+60772]
	(No symbol) [0x00900683]
	(No symbol) [0x00948660]
	(No symbol) [0x009489FB]
	(No symbol) [0x00991022]
	(No symbol) [0x0096D094]
	(No symbol) [0x0098E824]
	(No symbol) [0x0096CE46]
	(No symbol) [0x0093C5D3]
	(No symbol) [0x0093D424]
	GetHandleVerifier [0x00D1BBC3+2435075]
	GetHandleVerifier [0x00D17163+2416035]
	GetHandleVerifier [0x00D3350C+2531660]
	GetHandleVerifier [0x00AEF1B5+155125]
	GetHandleVerifier [0x00AF5B5D+182173]
	GetHandleVerifier [0x00ADF9B8+91640]
	GetHandleVerifier [0x00ADFB60+92064]
	GetHandleVerifier [0x00ACA620+4704]
	BaseThreadInitThunk [0x76AA7BA9+25]
	RtlInitializeExceptionChain [0x77AEC2EB+107]
	RtlClearBits [0x77AEC26F+191]

2025-04-13 17:45:26,203 - INFO - JavaScript Save button result: Clicked the best Save button: 
                                Save
                            
2025-04-13 17:45:41,945 - INFO - JavaScript sonucu: Price Unit değeri 1 olarak ayarlandı
2025-04-13 17:45:45,134 - INFO - Attempting to click the Save button in the top right corner
2025-04-13 17:45:55,280 - WARNING - First approach failed: Message: 
Stacktrace:
	GetHandleVerifier [0x00AD80E3+60707]
	GetHandleVerifier [0x00AD8124+60772]
	(No symbol) [0x00900683]
	(No symbol) [0x00948660]
	(No symbol) [0x009489FB]
	(No symbol) [0x00991022]
	(No symbol) [0x0096D094]
	(No symbol) [0x0098E824]
	(No symbol) [0x0096CE46]
	(No symbol) [0x0093C5D3]
	(No symbol) [0x0093D424]
	GetHandleVerifier [0x00D1BBC3+2435075]
	GetHandleVerifier [0x00D17163+2416035]
	GetHandleVerifier [0x00D3350C+2531660]
	GetHandleVerifier [0x00AEF1B5+155125]
	GetHandleVerifier [0x00AF5B5D+182173]
	GetHandleVerifier [0x00ADF9B8+91640]
	GetHandleVerifier [0x00ADFB60+92064]
	GetHandleVerifier [0x00ACA620+4704]
	BaseThreadInitThunk [0x76AA7BA9+25]
	RtlInitializeExceptionChain [0x77AEC2EB+107]
	RtlClearBits [0x77AEC26F+191]

2025-04-13 17:45:55,294 - INFO - JavaScript Save button result: Clicked the best Save button: 
                                Save
                            
2025-04-13 17:46:11,215 - INFO - JavaScript sonucu: Price Unit değeri 1 olarak ayarlandı
2025-04-13 17:46:14,402 - INFO - Attempting to click the Save button in the top right corner
2025-04-13 17:46:24,544 - WARNING - First approach failed: Message: 
Stacktrace:
	GetHandleVerifier [0x00AD80E3+60707]
	GetHandleVerifier [0x00AD8124+60772]
	(No symbol) [0x00900683]
	(No symbol) [0x00948660]
	(No symbol) [0x009489FB]
	(No symbol) [0x00991022]
	(No symbol) [0x0096D094]
	(No symbol) [0x0098E824]
	(No symbol) [0x0096CE46]
	(No symbol) [0x0093C5D3]
	(No symbol) [0x0093D424]
	GetHandleVerifier [0x00D1BBC3+2435075]
	GetHandleVerifier [0x00D17163+2416035]
	GetHandleVerifier [0x00D3350C+2531660]
	GetHandleVerifier [0x00AEF1B5+155125]
	GetHandleVerifier [0x00AF5B5D+182173]
	GetHandleVerifier [0x00ADF9B8+91640]
	GetHandleVerifier [0x00ADFB60+92064]
	GetHandleVerifier [0x00ACA620+4704]
	BaseThreadInitThunk [0x76AA7BA9+25]
	RtlInitializeExceptionChain [0x77AEC2EB+107]
	RtlClearBits [0x77AEC26F+191]

2025-04-13 17:46:24,560 - INFO - JavaScript Save button result: Clicked the best Save button: 
                                Save
                            
2025-04-13 17:46:40,338 - INFO - JavaScript sonucu: Price Unit değeri 1 olarak ayarlandı
2025-04-13 17:46:43,551 - INFO - Attempting to click the Save button in the top right corner
2025-04-13 17:46:53,696 - WARNING - First approach failed: Message: 
Stacktrace:
	GetHandleVerifier [0x00AD80E3+60707]
	GetHandleVerifier [0x00AD8124+60772]
	(No symbol) [0x00900683]
	(No symbol) [0x00948660]
	(No symbol) [0x009489FB]
	(No symbol) [0x00991022]
	(No symbol) [0x0096D094]
	(No symbol) [0x0098E824]
	(No symbol) [0x0096CE46]
	(No symbol) [0x0093C5D3]
	(No symbol) [0x0093D424]
	GetHandleVerifier [0x00D1BBC3+2435075]
	GetHandleVerifier [0x00D17163+2416035]
	GetHandleVerifier [0x00D3350C+2531660]
	GetHandleVerifier [0x00AEF1B5+155125]
	GetHandleVerifier [0x00AF5B5D+182173]
	GetHandleVerifier [0x00ADF9B8+91640]
	GetHandleVerifier [0x00ADFB60+92064]
	GetHandleVerifier [0x00ACA620+4704]
	BaseThreadInitThunk [0x76AA7BA9+25]
	RtlInitializeExceptionChain [0x77AEC2EB+107]
	RtlClearBits [0x77AEC26F+191]

2025-04-13 17:46:53,711 - INFO - JavaScript Save button result: Clicked the best Save button: 
                                Save
                            
